INFO: [v++ 60-1306] Additional information associated with this v++ compile can be found at:
	Reports: /home/jrk/vivado/zc706/sdk/wksp1/zc706_lstm_kernels/Hardware/build/reports/krnl_lstm
	Log files: /home/jrk/vivado/zc706/sdk/wksp1/zc706_lstm_kernels/Hardware/build/logs/krnl_lstm
INFO: [v++ 60-1548] Creating build summary session with primary output /home/jrk/vivado/zc706/sdk/wksp1/zc706_lstm_kernels/Hardware/build/krnl_lstm.xo.compile_summary, at Tue Mar  9 09:11:24 2021
INFO: [v++ 60-1316] Initiating connection to rulecheck server, at Tue Mar  9 09:11:24 2021
INFO: [v++ 60-895]   Target platform: /home/jrk/vivado/zc706/sdk/wksp1/zc706/export/zc706/zc706.xpfm
INFO: [v++ 60-1578]   This platform contains Xilinx Shell Archive '/home/jrk/vivado/zc706/sdk/wksp1/zc706/export/zc706/hw/zc706.xsa'
INFO: [v++ 60-585] Compiling for hardware target
INFO: [v++ 60-423]   Target device: zc706
INFO: [v++ 60-242] Creating kernel: 'krnl_lstm'

===>The following messages were generated while  performing high-level synthesis for kernel: krnl_lstm Log file: /home/jrk/vivado/zc706/sdk/wksp1/zc706_lstm_kernels/Hardware/build/krnl_lstm/krnl_lstm/vitis_hls.log :
INFO: [v++ 204-61] Pipelining loop 'VITIS_LOOP_59_2'.
INFO: [v++ 200-1470] Pipelining result : Target II = 1, Final II = 1, Depth = 3, loop 'VITIS_LOOP_59_2'
INFO: [v++ 204-61] Pipelining loop 'VITIS_LOOP_59_2'.
INFO: [v++ 200-1470] Pipelining result : Target II = 1, Final II = 1, Depth = 3, loop 'VITIS_LOOP_59_2'
INFO: [v++ 204-61] Pipelining loop 'VITIS_LOOP_59_2'.
INFO: [v++ 200-1470] Pipelining result : Target II = 1, Final II = 1, Depth = 3, loop 'VITIS_LOOP_59_2'
INFO: [v++ 204-61] Pipelining loop 'VITIS_LOOP_59_2'.
INFO: [v++ 200-1470] Pipelining result : Target II = 1, Final II = 1, Depth = 3, loop 'VITIS_LOOP_59_2'
INFO: [v++ 204-61] Pipelining loop 'VITIS_LOOP_59_2'.
INFO: [v++ 200-1470] Pipelining result : Target II = 1, Final II = 1, Depth = 3, loop 'VITIS_LOOP_59_2'
INFO: [v++ 200-790] **** Loop Constraint Status: All loop constraints were satisfied.
INFO: [v++ 200-789] **** Estimated Fmax: 103.12 MHz
INFO: [v++ 60-594] Finished kernel compilation
INFO: [v++ 60-244] Generating system estimate report...
INFO: [v++ 60-1092] Generated system estimate report: /home/jrk/vivado/zc706/sdk/wksp1/zc706_lstm_kernels/Hardware/build/reports/krnl_lstm/system_estimate_krnl_lstm.xtxt
INFO: [v++ 60-586] Created build/krnl_lstm.xo
INFO: [v++ 60-2343] Use the vitis_analyzer tool to visualize and navigate the relevant reports. Run the following command. 
    vitis_analyzer /home/jrk/vivado/zc706/sdk/wksp1/zc706_lstm_kernels/Hardware/build/krnl_lstm.xo.compile_summary 
INFO: [v++ 60-791] Total elapsed time: 0h 2m 56s
INFO: [v++ 60-1653] Closing dispatch client.
