INFO: [v++ 60-1306] Additional information associated with this v++ compile can be found at:
	Reports: /home/jrk/vivado/zc706/sdk/wksp1/zc706_lstm_kernels/Hardware/build/reports/krnl_dot2
	Log files: /home/jrk/vivado/zc706/sdk/wksp1/zc706_lstm_kernels/Hardware/build/logs/krnl_dot2
INFO: [v++ 60-1548] Creating build summary session with primary output /home/jrk/vivado/zc706/sdk/wksp1/zc706_lstm_kernels/Hardware/build/krnl_dot2.xo.compile_summary, at Tue Mar  9 12:40:57 2021
INFO: [v++ 60-1316] Initiating connection to rulecheck server, at Tue Mar  9 12:40:57 2021
INFO: [v++ 60-895]   Target platform: /home/jrk/vivado/zc706/sdk/wksp1/zc706/export/zc706/zc706.xpfm
INFO: [v++ 60-1578]   This platform contains Xilinx Shell Archive '/home/jrk/vivado/zc706/sdk/wksp1/zc706/export/zc706/hw/zc706.xsa'
INFO: [v++ 60-585] Compiling for hardware target
INFO: [v++ 60-423]   Target device: zc706
INFO: [v++ 60-242] Creating kernel: 'krnl_dot2'

===>The following messages were generated while  performing high-level synthesis for kernel: krnl_dot2 Log file: /home/jrk/vivado/zc706/sdk/wksp1/zc706_lstm_kernels/Hardware/build/krnl_dot2/krnl_dot2/vitis_hls.log :
INFO: [v++ 200-789] **** Estimated Fmax: 136.99 MHz
INFO: [v++ 60-594] Finished kernel compilation
INFO: [v++ 60-244] Generating system estimate report...
INFO: [v++ 60-1092] Generated system estimate report: /home/jrk/vivado/zc706/sdk/wksp1/zc706_lstm_kernels/Hardware/build/reports/krnl_dot2/system_estimate_krnl_dot2.xtxt
INFO: [v++ 60-586] Created build/krnl_dot2.xo
INFO: [v++ 60-2343] Use the vitis_analyzer tool to visualize and navigate the relevant reports. Run the following command. 
    vitis_analyzer /home/jrk/vivado/zc706/sdk/wksp1/zc706_lstm_kernels/Hardware/build/krnl_dot2.xo.compile_summary 
INFO: [v++ 60-791] Total elapsed time: 0h 1m 23s
INFO: [v++ 60-1653] Closing dispatch client.
