

================================================================
== Vitis HLS Report for 'copy_array'
================================================================
* Date:           Mon May 24 12:53:34 2021

* Version:        2020.2 (Build 3064766 on Wed Nov 18 09:12:47 MST 2020)
* Project:        krnl_lstm
* Solution:       solution (Vitis Kernel Flow Target)
* Product family: zynq
* Target device:  xc7z045-ffg900-2


================================================================
== Performance Estimates
================================================================
+ Timing: 
    * Summary: 
    +--------+----------+----------+------------+
    |  Clock |  Target  | Estimated| Uncertainty|
    +--------+----------+----------+------------+
    |ap_clk  |  10.00 ns|      0 ns|     2.70 ns|
    +--------+----------+----------+------------+

+ Latency: 
    * Summary: 
    +---------+---------+----------+----------+-----+-----+---------+
    |  Latency (cycles) |  Latency (absolute) |  Interval | Pipeline|
    |   min   |   max   |    min   |    max   | min | max |   Type  |
    +---------+---------+----------+----------+-----+-----+---------+
    |        0|        0|      0 ns|      0 ns|    0|    0|     none|
    +---------+---------+----------+----------+-----+-----+---------+

    + Detail: 
        * Instance: 
        N/A

        * Loop: 
        N/A



================================================================
== Utilization Estimates
================================================================
* Summary: 
+-----------------+---------+-----+--------+--------+-----+
|       Name      | BRAM_18K| DSP |   FF   |   LUT  | URAM|
+-----------------+---------+-----+--------+--------+-----+
|DSP              |        -|    -|       -|       -|    -|
|Expression       |        -|    -|       -|       -|    -|
|FIFO             |        -|    -|       -|       -|    -|
|Instance         |        -|    -|       -|       -|    -|
|Memory           |        -|    -|       -|       -|    -|
|Multiplexer      |        -|    -|       -|       -|    -|
|Register         |        -|    -|       -|       -|    -|
+-----------------+---------+-----+--------+--------+-----+
|Total            |        0|    0|       0|       0|    0|
+-----------------+---------+-----+--------+--------+-----+
|Available        |     1090|  900|  437200|  218600|    0|
+-----------------+---------+-----+--------+--------+-----+
|Utilization (%)  |        0|    0|       0|       0|    0|
+-----------------+---------+-----+--------+--------+-----+

+ Detail: 
    * Instance: 
    N/A

    * DSP: 
    N/A

    * Memory: 
    N/A

    * FIFO: 
    N/A

    * Expression: 
    N/A

    * Multiplexer: 
    N/A

    * Register: 
    N/A



================================================================
== Interface
================================================================
* Summary: 
+--------------+-----+-----+------------+--------------+--------------+
|   RTL Ports  | Dir | Bits|  Protocol  | Source Object|    C Type    |
+--------------+-----+-----+------------+--------------+--------------+
|ap_ready      |  out|    1|  ap_ctrl_hs|    copy_array|  return value|
|ap_return_0   |  out|   32|  ap_ctrl_hs|    copy_array|  return value|
|ap_return_1   |  out|   32|  ap_ctrl_hs|    copy_array|  return value|
|ap_return_2   |  out|   32|  ap_ctrl_hs|    copy_array|  return value|
|ap_return_3   |  out|   32|  ap_ctrl_hs|    copy_array|  return value|
|ap_return_4   |  out|   32|  ap_ctrl_hs|    copy_array|  return value|
|ap_return_5   |  out|   32|  ap_ctrl_hs|    copy_array|  return value|
|ap_return_6   |  out|   32|  ap_ctrl_hs|    copy_array|  return value|
|ap_return_7   |  out|   32|  ap_ctrl_hs|    copy_array|  return value|
|ap_return_8   |  out|   32|  ap_ctrl_hs|    copy_array|  return value|
|ap_return_9   |  out|   32|  ap_ctrl_hs|    copy_array|  return value|
|ap_return_10  |  out|   32|  ap_ctrl_hs|    copy_array|  return value|
|ap_return_11  |  out|   32|  ap_ctrl_hs|    copy_array|  return value|
|ap_return_12  |  out|   32|  ap_ctrl_hs|    copy_array|  return value|
|ap_return_13  |  out|   32|  ap_ctrl_hs|    copy_array|  return value|
|ap_return_14  |  out|   32|  ap_ctrl_hs|    copy_array|  return value|
|ap_return_15  |  out|   32|  ap_ctrl_hs|    copy_array|  return value|
|ap_return_16  |  out|   32|  ap_ctrl_hs|    copy_array|  return value|
|ap_return_17  |  out|   32|  ap_ctrl_hs|    copy_array|  return value|
|ap_return_18  |  out|   32|  ap_ctrl_hs|    copy_array|  return value|
|ap_return_19  |  out|   32|  ap_ctrl_hs|    copy_array|  return value|
|ap_return_20  |  out|   32|  ap_ctrl_hs|    copy_array|  return value|
|ap_return_21  |  out|   32|  ap_ctrl_hs|    copy_array|  return value|
|ap_return_22  |  out|   32|  ap_ctrl_hs|    copy_array|  return value|
|ap_return_23  |  out|   32|  ap_ctrl_hs|    copy_array|  return value|
|ap_return_24  |  out|   32|  ap_ctrl_hs|    copy_array|  return value|
|ap_return_25  |  out|   32|  ap_ctrl_hs|    copy_array|  return value|
|ap_return_26  |  out|   32|  ap_ctrl_hs|    copy_array|  return value|
|ap_return_27  |  out|   32|  ap_ctrl_hs|    copy_array|  return value|
|ap_return_28  |  out|   32|  ap_ctrl_hs|    copy_array|  return value|
|ap_return_29  |  out|   32|  ap_ctrl_hs|    copy_array|  return value|
|ap_return_30  |  out|   32|  ap_ctrl_hs|    copy_array|  return value|
|ap_return_31  |  out|   32|  ap_ctrl_hs|    copy_array|  return value|
|ap_return_32  |  out|   32|  ap_ctrl_hs|    copy_array|  return value|
|ap_return_33  |  out|   32|  ap_ctrl_hs|    copy_array|  return value|
|ap_return_34  |  out|   32|  ap_ctrl_hs|    copy_array|  return value|
|ap_return_35  |  out|   32|  ap_ctrl_hs|    copy_array|  return value|
|ap_return_36  |  out|   32|  ap_ctrl_hs|    copy_array|  return value|
|ap_return_37  |  out|   32|  ap_ctrl_hs|    copy_array|  return value|
|ap_return_38  |  out|   32|  ap_ctrl_hs|    copy_array|  return value|
|ap_return_39  |  out|   32|  ap_ctrl_hs|    copy_array|  return value|
|ap_return_40  |  out|   32|  ap_ctrl_hs|    copy_array|  return value|
|ap_return_41  |  out|   32|  ap_ctrl_hs|    copy_array|  return value|
|ap_return_42  |  out|   32|  ap_ctrl_hs|    copy_array|  return value|
|ap_return_43  |  out|   32|  ap_ctrl_hs|    copy_array|  return value|
|ap_return_44  |  out|   32|  ap_ctrl_hs|    copy_array|  return value|
|ap_return_45  |  out|   32|  ap_ctrl_hs|    copy_array|  return value|
|ap_return_46  |  out|   32|  ap_ctrl_hs|    copy_array|  return value|
|ap_return_47  |  out|   32|  ap_ctrl_hs|    copy_array|  return value|
|ap_return_48  |  out|   32|  ap_ctrl_hs|    copy_array|  return value|
|ap_return_49  |  out|   32|  ap_ctrl_hs|    copy_array|  return value|
|ap_return_50  |  out|   32|  ap_ctrl_hs|    copy_array|  return value|
|ap_return_51  |  out|   32|  ap_ctrl_hs|    copy_array|  return value|
|ap_return_52  |  out|   32|  ap_ctrl_hs|    copy_array|  return value|
|ap_return_53  |  out|   32|  ap_ctrl_hs|    copy_array|  return value|
|ap_return_54  |  out|   32|  ap_ctrl_hs|    copy_array|  return value|
|ap_return_55  |  out|   32|  ap_ctrl_hs|    copy_array|  return value|
|ap_return_56  |  out|   32|  ap_ctrl_hs|    copy_array|  return value|
|ap_return_57  |  out|   32|  ap_ctrl_hs|    copy_array|  return value|
|ap_return_58  |  out|   32|  ap_ctrl_hs|    copy_array|  return value|
|ap_return_59  |  out|   32|  ap_ctrl_hs|    copy_array|  return value|
|ap_return_60  |  out|   32|  ap_ctrl_hs|    copy_array|  return value|
|ap_return_61  |  out|   32|  ap_ctrl_hs|    copy_array|  return value|
|ap_return_62  |  out|   32|  ap_ctrl_hs|    copy_array|  return value|
|ap_return_63  |  out|   32|  ap_ctrl_hs|    copy_array|  return value|
|p_read        |   in|   32|     ap_none|        p_read|        scalar|
|p_read1       |   in|   32|     ap_none|       p_read1|        scalar|
|p_read2       |   in|   32|     ap_none|       p_read2|        scalar|
|p_read3       |   in|   32|     ap_none|       p_read3|        scalar|
|p_read4       |   in|   32|     ap_none|       p_read4|        scalar|
|p_read5       |   in|   32|     ap_none|       p_read5|        scalar|
|p_read6       |   in|   32|     ap_none|       p_read6|        scalar|
|p_read7       |   in|   32|     ap_none|       p_read7|        scalar|
|p_read8       |   in|   32|     ap_none|       p_read8|        scalar|
|p_read9       |   in|   32|     ap_none|       p_read9|        scalar|
|p_read10      |   in|   32|     ap_none|      p_read10|        scalar|
|p_read11      |   in|   32|     ap_none|      p_read11|        scalar|
|p_read12      |   in|   32|     ap_none|      p_read12|        scalar|
|p_read13      |   in|   32|     ap_none|      p_read13|        scalar|
|p_read14      |   in|   32|     ap_none|      p_read14|        scalar|
|p_read15      |   in|   32|     ap_none|      p_read15|        scalar|
|p_read16      |   in|   32|     ap_none|      p_read16|        scalar|
|p_read17      |   in|   32|     ap_none|      p_read17|        scalar|
|p_read18      |   in|   32|     ap_none|      p_read18|        scalar|
|p_read19      |   in|   32|     ap_none|      p_read19|        scalar|
|p_read20      |   in|   32|     ap_none|      p_read20|        scalar|
|p_read21      |   in|   32|     ap_none|      p_read21|        scalar|
|p_read22      |   in|   32|     ap_none|      p_read22|        scalar|
|p_read23      |   in|   32|     ap_none|      p_read23|        scalar|
|p_read24      |   in|   32|     ap_none|      p_read24|        scalar|
|p_read25      |   in|   32|     ap_none|      p_read25|        scalar|
|p_read26      |   in|   32|     ap_none|      p_read26|        scalar|
|p_read27      |   in|   32|     ap_none|      p_read27|        scalar|
|p_read28      |   in|   32|     ap_none|      p_read28|        scalar|
|p_read29      |   in|   32|     ap_none|      p_read29|        scalar|
|p_read30      |   in|   32|     ap_none|      p_read30|        scalar|
|p_read31      |   in|   32|     ap_none|      p_read31|        scalar|
|p_read32      |   in|   32|     ap_none|      p_read32|        scalar|
|p_read33      |   in|   32|     ap_none|      p_read33|        scalar|
|p_read34      |   in|   32|     ap_none|      p_read34|        scalar|
|p_read35      |   in|   32|     ap_none|      p_read35|        scalar|
|p_read36      |   in|   32|     ap_none|      p_read36|        scalar|
|p_read37      |   in|   32|     ap_none|      p_read37|        scalar|
|p_read38      |   in|   32|     ap_none|      p_read38|        scalar|
|p_read39      |   in|   32|     ap_none|      p_read39|        scalar|
|p_read40      |   in|   32|     ap_none|      p_read40|        scalar|
|p_read41      |   in|   32|     ap_none|      p_read41|        scalar|
|p_read42      |   in|   32|     ap_none|      p_read42|        scalar|
|p_read43      |   in|   32|     ap_none|      p_read43|        scalar|
|p_read44      |   in|   32|     ap_none|      p_read44|        scalar|
|p_read45      |   in|   32|     ap_none|      p_read45|        scalar|
|p_read46      |   in|   32|     ap_none|      p_read46|        scalar|
|p_read47      |   in|   32|     ap_none|      p_read47|        scalar|
|p_read48      |   in|   32|     ap_none|      p_read48|        scalar|
|p_read49      |   in|   32|     ap_none|      p_read49|        scalar|
|p_read50      |   in|   32|     ap_none|      p_read50|        scalar|
|p_read51      |   in|   32|     ap_none|      p_read51|        scalar|
|p_read52      |   in|   32|     ap_none|      p_read52|        scalar|
|p_read53      |   in|   32|     ap_none|      p_read53|        scalar|
|p_read54      |   in|   32|     ap_none|      p_read54|        scalar|
|p_read55      |   in|   32|     ap_none|      p_read55|        scalar|
|p_read56      |   in|   32|     ap_none|      p_read56|        scalar|
|p_read57      |   in|   32|     ap_none|      p_read57|        scalar|
|p_read58      |   in|   32|     ap_none|      p_read58|        scalar|
|p_read59      |   in|   32|     ap_none|      p_read59|        scalar|
|p_read60      |   in|   32|     ap_none|      p_read60|        scalar|
|p_read61      |   in|   32|     ap_none|      p_read61|        scalar|
|p_read62      |   in|   32|     ap_none|      p_read62|        scalar|
|p_read63      |   in|   32|     ap_none|      p_read63|        scalar|
+--------------+-----+-----+------------+--------------+--------------+

