

================================================================
== Synthesis Summary Report of 'krnl_lstm'
================================================================
+ General Information: 
    * Date:           Mon May 24 12:54:21 2021
    * Version:        2020.2 (Build 3064766 on Wed Nov 18 09:12:47 MST 2020)
    * Project:        krnl_lstm
    * Solution:       solution (Vitis Kernel Flow Target)
    * Product family: zynq
    * Target device:  xc7z045-ffg900-2
    

+ Performance & Resource Estimates: 
    
    PS: '+' for module; 'o' for loop; '*' for dataflow
    +---------------------------------------------------------------------------------------+--------+-------+------------+-----------+----------+------------+--------+----------+-----------+-----------+--------------+--------------+-----+
    |                                        Modules                                        |  Issue |       |  Latency   |  Latency  | Iteration|            |  Trip  |          |           |           |              |              |     |
    |                                        & Loops                                        |  Type  | Slack |  (cycles)  |    (ns)   |  Latency |  Interval  |  Count | Pipelined|   BRAM    |    DSP    |      FF      |      LUT     | URAM|
    +---------------------------------------------------------------------------------------+--------+-------+------------+-----------+----------+------------+--------+----------+-----------+-----------+--------------+--------------+-----+
    |+ krnl_lstm*                                                                           |  Timing|   0.64|   335547480|  3.355e+09|         -|  4630514703|       -|  dataflow|  289 (26%)|  153 (17%)|  140163 (32%)|  109167 (49%)|    -|
    | + grp_krnl_lstm_str_fu_776                                                            |  Timing|   0.64|  4630514702|  4.631e+10|         -|  4630514702|       -|        no|  269 (24%)|  153 (17%)|  128111 (29%)|  105590 (48%)|    -|
    |  + grp_krnl_lstm_unit_fu_1435*                                                        |  Timing|   0.64|         132|  1.320e+03|         -|          35|       -|  dataflow|  269 (24%)|  127 (14%)|   99563 (22%)|   86736 (39%)|    -|
    |   + grp_krnl_dot35_fu_2050*                                                           |  Timing|   0.64|         116|  1.160e+03|         -|          35|       -|  dataflow|    64 (5%)|    24 (2%)|    13593 (3%)|    12048 (5%)|    -|
    |    + grp_dot_float_2u_unsigned_int_3246_fu_1082*                                      |  Timing|   0.64|          98|    980.000|         -|          35|       -|  dataflow|          -|    24 (2%)|     4995 (1%)|     5916 (2%)|    -|
    |     + grp_dot4055_fu_36*                                                              |  Timing|   0.64|          98|    980.000|         -|          35|       -|  dataflow|          -|    24 (2%)|     4862 (1%)|     5819 (2%)|    -|
    |      + grp_p_anonymous_namespace_dot_tree_float_2u_unsigned_int_float_5361_fu_20*     |  Timing|   0.64|          98|    980.000|         -|          35|       -|  dataflow|          -|    24 (2%)|     4861 (1%)|     5810 (2%)|    -|
    |       + grp_mul_float_4u_unsigned_int_float_5869_fu_36                                |       -|  -1.79|          20|    200.000|         -|          20|       -|        no|          -|    12 (1%)|    1939 (~0%)|    2172 (~0%)|    -|
    |       + grp_sum_float_2u_unsigned_int_float_5970_fu_45*                               |  Timing|   0.64|          77|    770.000|         -|          35|       -|  dataflow|          -|    12 (1%)|    2823 (~0%)|     3569 (1%)|    -|
    |        + grp_p_anonymous_namespace_preProcess_float_2u_unsigned_int_float_6478_fu_42  |  Timing|   0.64|          26|    260.000|         -|          26|       -|        no|          -|    6 (~0%)|    1732 (~0%)|    1821 (~0%)|    -|
    |        + grp_p_anonymous_namespace_postProcess_float_2u_unsigned_int_6680_fu_49       |       -|  -0.19|          34|    340.000|         -|          34|       -|        no|          -|    6 (~0%)|     875 (~0%)|    1492 (~0%)|    -|
    |        + grp_padding_float_4u_unsigned_int_6579_fu_56                                 |       -|  -0.50|          15|    150.000|         -|          15|       -|        no|          -|          -|      18 (~0%)|     119 (~0%)|    -|
    |     + call_ln0_dot_float_2u_unsigned_int_3246_Block_split13_proc94_fu_45              |       -|  -3.90|           0|      0.000|         -|           0|       -|        no|          -|          -|      34 (~0%)|      28 (~0%)|    -|
    |    + grp_readVec2Stream_float_4u_3145_fu_1090                                         |       -|  -0.50|          15|    150.000|         -|          15|       -|        no|          -|          -|    1937 (~0%)|     757 (~0%)|    -|
    |    + grp_readVec2Stream_float_4u_144_fu_1159                                          |       -|  -1.13|          16|    160.000|         -|          16|       -|        no|    64 (5%)|          -|      25 (~0%)|     204 (~0%)|    -|
    |    + call_ln226_krnl_dot35_entry110_fu_1293                                           |       -|  -0.50|           0|      0.000|         -|           0|       -|        no|          -|          -|       3 (~0%)|     613 (~0%)|    -|
    |   + grp_krnl_dot37_fu_2248*                                                           |  Timing|   0.64|         116|  1.160e+03|         -|          35|       -|  dataflow|    64 (5%)|    24 (2%)|    13593 (3%)|    12048 (5%)|    -|
    |    + grp_dot_float_2u_unsigned_int_3249_fu_1082*                                      |  Timing|   0.64|          98|    980.000|         -|          35|       -|  dataflow|          -|    24 (2%)|     4995 (1%)|     5916 (2%)|    -|
    |     + grp_dot4056_fu_36*                                                              |  Timing|   0.64|          98|    980.000|         -|          35|       -|  dataflow|          -|    24 (2%)|     4862 (1%)|     5819 (2%)|    -|
    |      + grp_p_anonymous_namespace_dot_tree_float_2u_unsigned_int_float_5362_fu_20*     |  Timing|   0.64|          98|    980.000|         -|          35|       -|  dataflow|          -|    24 (2%)|     4861 (1%)|     5810 (2%)|    -|
    |       + grp_mul_float_4u_unsigned_int_float_5871_fu_36                                |       -|  -1.79|          20|    200.000|         -|          20|       -|        no|          -|    12 (1%)|    1939 (~0%)|    2172 (~0%)|    -|
    |       + grp_sum_float_2u_unsigned_int_float_5972_fu_45*                               |  Timing|   0.64|          77|    770.000|         -|          35|       -|  dataflow|          -|    12 (1%)|    2823 (~0%)|     3569 (1%)|    -|
    |        + grp_p_anonymous_namespace_preProcess_float_2u_unsigned_int_float_6481_fu_42  |  Timing|   0.64|          26|    260.000|         -|          26|       -|        no|          -|    6 (~0%)|    1732 (~0%)|    1821 (~0%)|    -|
    |        + grp_p_anonymous_namespace_postProcess_float_2u_unsigned_int_6683_fu_49       |       -|  -0.19|          34|    340.000|         -|          34|       -|        no|          -|    6 (~0%)|     875 (~0%)|    1492 (~0%)|    -|
    |        + grp_padding_float_4u_unsigned_int_6582_fu_56                                 |       -|  -0.50|          15|    150.000|         -|          15|       -|        no|          -|          -|      18 (~0%)|     119 (~0%)|    -|
    |     + call_ln0_dot_float_2u_unsigned_int_3249_Block_split13_proc95_fu_45              |       -|  -3.90|           0|      0.000|         -|           0|       -|        no|          -|          -|      34 (~0%)|      28 (~0%)|    -|
    |    + grp_readVec2Stream_float_4u_3148_fu_1090                                         |       -|  -0.50|          15|    150.000|         -|          15|       -|        no|          -|          -|    1937 (~0%)|     757 (~0%)|    -|
    |    + grp_readVec2Stream_float_4u_147_fu_1159                                          |       -|  -1.13|          16|    160.000|         -|          16|       -|        no|    64 (5%)|          -|      25 (~0%)|     204 (~0%)|    -|
    |    + call_ln226_krnl_dot37_entry114_fu_1293                                           |       -|  -0.50|           0|      0.000|         -|           0|       -|        no|          -|          -|       3 (~0%)|     613 (~0%)|    -|
    |   + grp_krnl_dot39_fu_2446*                                                           |  Timing|   0.64|         116|  1.160e+03|         -|          35|       -|  dataflow|    64 (5%)|    24 (2%)|    13593 (3%)|    12048 (5%)|    -|
    |    + grp_dot_float_2u_unsigned_int_3252_fu_1082*                                      |  Timing|   0.64|          98|    980.000|         -|          35|       -|  dataflow|          -|    24 (2%)|     4995 (1%)|     5916 (2%)|    -|
    |     + grp_dot4057_fu_36*                                                              |  Timing|   0.64|          98|    980.000|         -|          35|       -|  dataflow|          -|    24 (2%)|     4862 (1%)|     5819 (2%)|    -|
    |      + grp_p_anonymous_namespace_dot_tree_float_2u_unsigned_int_float_5363_fu_20*     |  Timing|   0.64|          98|    980.000|         -|          35|       -|  dataflow|          -|    24 (2%)|     4861 (1%)|     5810 (2%)|    -|
    |       + grp_mul_float_4u_unsigned_int_float_5873_fu_36                                |       -|  -1.79|          20|    200.000|         -|          20|       -|        no|          -|    12 (1%)|    1939 (~0%)|    2172 (~0%)|    -|
    |       + grp_sum_float_2u_unsigned_int_float_5974_fu_45*                               |  Timing|   0.64|          77|    770.000|         -|          35|       -|  dataflow|          -|    12 (1%)|    2823 (~0%)|     3569 (1%)|    -|
    |        + grp_p_anonymous_namespace_preProcess_float_2u_unsigned_int_float_6484_fu_42  |  Timing|   0.64|          26|    260.000|         -|          26|       -|        no|          -|    6 (~0%)|    1732 (~0%)|    1821 (~0%)|    -|
    |        + grp_p_anonymous_namespace_postProcess_float_2u_unsigned_int_6686_fu_49       |       -|  -0.19|          34|    340.000|         -|          34|       -|        no|          -|    6 (~0%)|     875 (~0%)|    1492 (~0%)|    -|
    |        + grp_padding_float_4u_unsigned_int_6585_fu_56                                 |       -|  -0.50|          15|    150.000|         -|          15|       -|        no|          -|          -|      18 (~0%)|     119 (~0%)|    -|
    |     + call_ln0_dot_float_2u_unsigned_int_3252_Block_split13_proc96_fu_45              |       -|  -3.90|           0|      0.000|         -|           0|       -|        no|          -|          -|      34 (~0%)|      28 (~0%)|    -|
    |    + grp_readVec2Stream_float_4u_3151_fu_1090                                         |       -|  -0.50|          15|    150.000|         -|          15|       -|        no|          -|          -|    1937 (~0%)|     757 (~0%)|    -|
    |    + grp_readVec2Stream_float_4u_150_fu_1159                                          |       -|  -1.13|          16|    160.000|         -|          16|       -|        no|    64 (5%)|          -|      25 (~0%)|     204 (~0%)|    -|
    |    + call_ln226_krnl_dot39_entry118_fu_1293                                           |       -|  -0.50|           0|      0.000|         -|           0|       -|        no|          -|          -|       3 (~0%)|     613 (~0%)|    -|
    |   + grp_krnl_dot33_fu_2644*                                                           |  Timing|   0.64|         116|  1.160e+03|         -|          35|       -|  dataflow|    64 (5%)|    24 (2%)|    13593 (3%)|    12624 (5%)|    -|
    |    + grp_dot_float_2u_unsigned_int_3243_fu_696*                                       |  Timing|   0.64|          98|    980.000|         -|          35|       -|  dataflow|          -|    24 (2%)|     4995 (1%)|     5916 (2%)|    -|
    |     + grp_dot4054_fu_36*                                                              |  Timing|   0.64|          98|    980.000|         -|          35|       -|  dataflow|          -|    24 (2%)|     4862 (1%)|     5819 (2%)|    -|
    |      + grp_p_anonymous_namespace_dot_tree_float_2u_unsigned_int_float_5360_fu_20*     |  Timing|   0.64|          98|    980.000|         -|          35|       -|  dataflow|          -|    24 (2%)|     4861 (1%)|     5810 (2%)|    -|
    |       + grp_mul_float_4u_unsigned_int_float_5867_fu_36                                |       -|  -1.79|          20|    200.000|         -|          20|       -|        no|          -|    12 (1%)|    1939 (~0%)|    2172 (~0%)|    -|
    |       + grp_sum_float_2u_unsigned_int_float_5968_fu_45*                               |  Timing|   0.64|          77|    770.000|         -|          35|       -|  dataflow|          -|    12 (1%)|    2823 (~0%)|     3569 (1%)|    -|
    |        + grp_p_anonymous_namespace_preProcess_float_2u_unsigned_int_float_6475_fu_42  |  Timing|   0.64|          26|    260.000|         -|          26|       -|        no|          -|    6 (~0%)|    1732 (~0%)|    1821 (~0%)|    -|
    |        + grp_p_anonymous_namespace_postProcess_float_2u_unsigned_int_6677_fu_49       |       -|  -0.19|          34|    340.000|         -|          34|       -|        no|          -|    6 (~0%)|     875 (~0%)|    1492 (~0%)|    -|
    |        + grp_padding_float_4u_unsigned_int_6576_fu_56                                 |       -|  -0.50|          15|    150.000|         -|          15|       -|        no|          -|          -|      18 (~0%)|     119 (~0%)|    -|
    |     + call_ln0_dot_float_2u_unsigned_int_3243_Block_split13_proc93_fu_45              |       -|  -3.90|           0|      0.000|         -|           0|       -|        no|          -|          -|      34 (~0%)|      28 (~0%)|    -|
    |    + grp_readVec2Stream_float_4u_3142_fu_704                                          |       -|  -0.50|          15|    150.000|         -|          15|       -|        no|          -|          -|    1937 (~0%)|     757 (~0%)|    -|
    |    + grp_readVec2Stream_float_4u_141_fu_773                                           |       -|  -1.13|          16|    160.000|         -|          16|       -|        no|    64 (5%)|          -|      25 (~0%)|     204 (~0%)|    -|
    |    + call_ln234_krnl_dot33_entry106_fu_907                                            |       -|  -0.50|           0|      0.000|         -|           0|       -|        no|          -|          -|       3 (~0%)|    1189 (~0%)|    -|
    |   + grp_krnl_lstm_unit_Block_split25_proc_fu_2842                                     |       -|  -0.97|          14|    140.000|         -|          14|       -|        no|          -|    5 (~0%)|     492 (~0%)|     832 (~0%)|    -|
    |   + grp_krnl_lstm_unit_Block_split29_proc_fu_2850                                     |       -|  -0.97|          14|    140.000|         -|          14|       -|        no|          -|    5 (~0%)|     524 (~0%)|     841 (~0%)|    -|
    |   + grp_krnl_lstm_unit_Block_split213_proc_fu_2858                                    |       -|  -0.97|          14|    140.000|         -|          14|       -|        no|          -|    5 (~0%)|     524 (~0%)|     841 (~0%)|    -|
    |   + grp_krnl_lstm_unit_Block_split221_proc_fu_2866                                    |       -|  -0.97|          14|    140.000|         -|          14|       -|        no|          -|    5 (~0%)|     524 (~0%)|     841 (~0%)|    -|
    |   + grp_krnl_lstm_unit_Block_split218_proc_fu_2874                                    |       -|  -0.97|           9|     90.000|         -|           9|       -|        no|          -|    5 (~0%)|     487 (~0%)|     795 (~0%)|    -|
    |   + grp_krnl_lstm_unit_Block_split216_proc_fu_2883                                    |       -|  -2.57|           5|     50.000|         -|           5|       -|        no|          -|    3 (~0%)|     214 (~0%)|     379 (~0%)|    -|
    |   + grp_krnl_lut_tanh38_fu_2890                                                       |       -|  -0.21|          21|    210.000|         -|          21|       -|        no|    1 (~0%)|          -|     137 (~0%)|     621 (~0%)|    -|
    |   + grp_krnl_lut_sigmoid34_fu_2898                                                    |       -|  -0.21|          21|    210.000|         -|          21|       -|        no|    1 (~0%)|          -|     137 (~0%)|     612 (~0%)|    -|
    |   + grp_krnl_lut_sigmoid36_fu_2905                                                    |       -|  -0.21|          21|    210.000|         -|          21|       -|        no|    1 (~0%)|          -|     137 (~0%)|     612 (~0%)|    -|
    |   + grp_krnl_lut_sigmoid_fu_2912                                                      |       -|  -0.21|          21|    210.000|         -|          21|       -|        no|    1 (~0%)|          -|     137 (~0%)|     612 (~0%)|    -|
    |   + grp_krnl_lut_tanh_fu_2919                                                         |       -|  -0.21|          21|    210.000|         -|          21|       -|        no|    1 (~0%)|          -|     137 (~0%)|     612 (~0%)|    -|
    |   + grp_krnl_lstm_unit_Block_split226_proc_fu_2926                                    |       -|  -2.57|           4|     40.000|         -|           4|       -|        no|          -|    3 (~0%)|     213 (~0%)|     375 (~0%)|    -|
    |   + grp_krnl_lstm_unit_Block_split2_proc_fu_2934                                      |       -|  -1.13|           1|     10.000|         -|           1|       -|        no|    8 (~0%)|          -|       3 (~0%)|      87 (~0%)|    -|
    |   + call_ln320_krnl_lstm_unit_entry122_fu_2961                                        |       -|  -3.90|           0|      0.000|         -|           0|       -|        no|          -|          -|       3 (~0%)|    1261 (~0%)|    -|
    |   + call_ret1_krnl_split_fu_3237                                                      |       -|  -3.90|           0|      0.000|         -|           0|       -|        no|          -|          -|     6146 (1%)|     2314 (1%)|    -|
    |   + call_ln378_krnl_lstm_unit_Block_split225_proc_fu_3305                             |       -|  -3.90|           0|      0.000|         -|           0|       -|        no|          -|          -|       2 (~0%)|      19 (~0%)|    -|
    |   + i_t_load_loc_channel_krnl_lstm_unit_Block_split217_proc_fu_3312                   |       -|  -7.30|           0|      0.000|         -|           0|       -|        no|          -|          -|      34 (~0%)|      19 (~0%)|    -|
    |  + grp_krnl_dot_1_fu_2110*                                                            |  Timing|   0.64|         116|  1.160e+03|         -|          35|       -|  dataflow|          -|    24 (2%)|    15639 (3%)|    12359 (5%)|    -|
    |   + grp_dot_float_2u_unsigned_int_s_fu_1088*                                          |  Timing|   0.64|          98|    980.000|         -|          35|       -|  dataflow|          -|    24 (2%)|     4995 (1%)|     5916 (2%)|    -|
    |    + grp_dot_fu_36*                                                                   |  Timing|   0.64|          98|    980.000|         -|          35|       -|  dataflow|          -|    24 (2%)|     4862 (1%)|     5819 (2%)|    -|
    |     + grp_p_anonymous_namespace_dot_tree_float_2u_unsigned_int_float_s_fu_20*         |  Timing|   0.64|          98|    980.000|         -|          35|       -|  dataflow|          -|    24 (2%)|     4861 (1%)|     5810 (2%)|    -|
    |      + grp_mul_float_4u_unsigned_int_float_s_fu_36                                    |       -|  -1.79|          20|    200.000|         -|          20|       -|        no|          -|    12 (1%)|    1939 (~0%)|    2172 (~0%)|    -|
    |      + grp_sum_float_2u_unsigned_int_float_s_fu_45*                                   |  Timing|   0.64|          77|    770.000|         -|          35|       -|  dataflow|          -|    12 (1%)|    2823 (~0%)|     3569 (1%)|    -|
    |       + grp_p_anonymous_namespace_preProcess_float_2u_unsigned_int_float_s_fu_42      |  Timing|   0.64|          26|    260.000|         -|          26|       -|        no|          -|    6 (~0%)|    1732 (~0%)|    1821 (~0%)|    -|
    |       + grp_p_anonymous_namespace_postProcess_float_2u_unsigned_int_s_fu_49           |       -|  -0.19|          34|    340.000|         -|          34|       -|        no|          -|    6 (~0%)|     875 (~0%)|    1492 (~0%)|    -|
    |       + grp_padding_float_4u_unsigned_int_s_fu_56                                     |       -|  -0.50|          15|    150.000|         -|          15|       -|        no|          -|          -|      18 (~0%)|     119 (~0%)|    -|
    |    + call_ln0_dot_float_2u_unsigned_int_Block_split13_proc97_fu_45                    |       -|  -3.90|           0|      0.000|         -|           0|       -|        no|          -|          -|      34 (~0%)|      28 (~0%)|    -|
    |   + grp_readVec2Stream_float_4u_s_fu_1096                                             |       -|  -0.50|          15|    150.000|         -|          15|       -|        no|          -|          -|    1938 (~0%)|     766 (~0%)|    -|
    |   + grp_readVec2Stream_float_4u_2_fu_1165                                             |       -|  -2.14|          16|    160.000|         -|          16|       -|        no|          -|          -|    2070 (~0%)|     515 (~0%)|    -|
    |   + call_ln235_krnl_dot_1_entry139_fu_1299                                            |       -|  -3.90|           0|      0.000|         -|           0|       -|        no|          -|          -|       3 (~0%)|     604 (~0%)|    -|
    |  + call_ret1_i_copy_array_fu_2318                                                     |       -|  -7.30|           0|      0.000|         -|           0|       -|        no|          -|          -|             -|             -|    -|
    |  + call_ret_i_copy_array_fu_2386                                                      |       -|  -7.30|           0|      0.000|         -|           0|       -|        no|          -|          -|             -|             -|    -|
    |  o val_iter_hist_iter                                                                 |       -|  -7.30|  4630514701|  4.631e+10|      9835|           -|  470820|        no|          -|          -|             -|             -|    -|
    | + grp_read_input143_fu_1450                                                           |  Timing|   0.00|      470894|  4.709e+06|         -|      470894|       -|        no|          -|          -|    10053 (2%)|    1269 (~0%)|    -|
    |  o mem_rd                                                                             |       -|  -7.30|      470892|  4.709e+06|        74|           1|  470820|       yes|          -|          -|             -|             -|    -|
    | + grp_write_output_fu_1461                                                            |  Timing|   0.00|      134591|  1.346e+06|         -|      134591|       -|        no|          -|          -|     380 (~0%)|     675 (~0%)|    -|
    |  o VITIS_LOOP_311_1                                                                   |       -|  -7.30|      134521|  1.345e+06|         3|           1|  134520|       yes|          -|          -|             -|             -|    -|
    | + call_ln435_krnl_lstm_entry3_fu_1470                                                 |       -|  -3.90|           0|      0.000|         -|           0|       -|        no|          -|          -|       2 (~0%)|      28 (~0%)|    -|
    +---------------------------------------------------------------------------------------+--------+-------+------------+-----------+----------+------------+--------+----------+-----------+-----------+--------------+--------------+-----+

