

================================================================
== Vitis HLS Report for 'dot_float_5u_unsigned_int_4060'
================================================================
* Date:           Tue Mar 16 16:15:41 2021

* Version:        2020.2 (Build 3064766 on Wed Nov 18 09:12:47 MST 2020)
* Project:        krnl_lstm
* Solution:       solution (Vitis Kernel Flow Target)
* Product family: zynq
* Target device:  xc7z045-ffg900-2


================================================================
== Performance Estimates
================================================================
+ Timing: 
    * Summary: 
    +--------+----------+----------+------------+
    |  Clock |  Target  | Estimated| Uncertainty|
    +--------+----------+----------+------------+
    |ap_clk  |  10.00 ns|  7.157 ns|     2.70 ns|
    +--------+----------+----------+------------+

+ Latency: 
    * Summary: 
    +---------+---------+----------+----------+-----+-----+----------+
    |  Latency (cycles) |  Latency (absolute) |  Interval | Pipeline |
    |   min   |   max   |    min   |    max   | min | max |   Type   |
    +---------+---------+----------+----------+-----+-----+----------+
    |       56|       56|  0.560 us|  0.560 us|   27|   27|  dataflow|
    +---------+---------+----------+----------+-----+-----+----------+

    + Detail: 
        * Instance: 
        +---------------------------------------------------------+------------------------------------------------------+---------+---------+----------+----------+-----+-----+----------+
        |                                                         |                                                      |  Latency (cycles) |  Latency (absolute) |  Interval | Pipeline |
        |                         Instance                        |                        Module                        |   min   |   max   |    min   |    max   | min | max |   Type   |
        +---------------------------------------------------------+------------------------------------------------------+---------+---------+----------+----------+-----+-----+----------+
        |dot4865_U0                                               |dot4865                                               |       56|       56|  0.560 us|  0.560 us|   27|   27|  dataflow|
        |dot_float_5u_unsigned_int_4060_Block_split13_proc107_U0  |dot_float_5u_unsigned_int_4060_Block_split13_proc107  |        0|        0|      0 ns|      0 ns|    0|    0|      none|
        +---------------------------------------------------------+------------------------------------------------------+---------+---------+----------+----------+-----+-----+----------+

        * Loop: 
        N/A



================================================================
== Utilization Estimates
================================================================
* Summary: 
+-----------------+---------+-----+--------+--------+-----+
|       Name      | BRAM_18K| DSP |   FF   |   LUT  | URAM|
+-----------------+---------+-----+--------+--------+-----+
|DSP              |        -|    -|       -|       -|    -|
|Expression       |        -|    -|       0|       1|    -|
|FIFO             |        -|    -|      99|      68|    -|
|Instance         |        -|  130|   13193|   17896|    -|
|Memory           |        -|    -|       -|       -|    -|
|Multiplexer      |        -|    -|       -|       -|    -|
|Register         |        -|    -|       -|       -|    -|
+-----------------+---------+-----+--------+--------+-----+
|Total            |        0|  130|   13292|   17965|    0|
+-----------------+---------+-----+--------+--------+-----+
|Available        |     1090|  900|  437200|  218600|    0|
+-----------------+---------+-----+--------+--------+-----+
|Utilization (%)  |        0|   14|       3|       8|    0|
+-----------------+---------+-----+--------+--------+-----+

+ Detail: 
    * Instance: 
    +---------------------------------------------------------+------------------------------------------------------+---------+-----+-------+-------+-----+
    |                         Instance                        |                        Module                        | BRAM_18K| DSP |   FF  |  LUT  | URAM|
    +---------------------------------------------------------+------------------------------------------------------+---------+-----+-------+-------+-----+
    |dot4865_U0                                               |dot4865                                               |        0|  130|  13159|  17868|    0|
    |dot_float_5u_unsigned_int_4060_Block_split13_proc107_U0  |dot_float_5u_unsigned_int_4060_Block_split13_proc107  |        0|    0|     34|     28|    0|
    +---------------------------------------------------------+------------------------------------------------------+---------+-----+-------+-------+-----+
    |Total                                                    |                                                      |        0|  130|  13193|  17896|    0|
    +---------------------------------------------------------+------------------------------------------------------+---------+-----+-------+-------+-----+

    * DSP: 
    N/A

    * Memory: 
    N/A

    * FIFO: 
    +---------+---------+----+----+-----+------+-----+---------+
    |   Name  | BRAM_18K| FF | LUT| URAM| Depth| Bits| Size:D*B|
    +---------+---------+----+----+-----+------+-----+---------+
    |l_dot_U  |        0|  99|   0|    -|     2|   32|       64|
    +---------+---------+----+----+-----+------+-----+---------+
    |Total    |        0|  99|   0|    0|     2|   32|       64|
    +---------+---------+----+----+-----+------+-----+---------+

    * Expression: 
    +--------------+----------+----+---+----+------------+------------+
    | Variable Name| Operation| DSP| FF| LUT| Bitwidth P0| Bitwidth P1|
    +--------------+----------+----+---+----+------------+------------+
    |ap_idle       |       and|   0|  0|   1|           1|           1|
    +--------------+----------+----+---+----+------------+------------+
    |Total         |          |   0|  0|   1|           1|           1|
    +--------------+----------+----+---+----+------------+------------+

    * Multiplexer: 
    N/A

    * Register: 
    N/A



================================================================
== Interface
================================================================
* Summary: 
+------------------+-----+------+------------+----------------------------------+--------------+
|     RTL Ports    | Dir | Bits |  Protocol  |           Source Object          |    C Type    |
+------------------+-----+------+------------+----------------------------------+--------------+
|str_in12_dout     |   in|  1024|     ap_fifo|                          str_in12|       pointer|
|str_in12_empty_n  |   in|     1|     ap_fifo|                          str_in12|       pointer|
|str_in12_read     |  out|     1|     ap_fifo|                          str_in12|       pointer|
|str_in23_dout     |   in|  1024|     ap_fifo|                          str_in23|       pointer|
|str_in23_empty_n  |   in|     1|     ap_fifo|                          str_in23|       pointer|
|str_in23_read     |  out|     1|     ap_fifo|                          str_in23|       pointer|
|p_res             |  out|    32|      ap_vld|                             p_res|       pointer|
|p_res_ap_vld      |  out|     1|      ap_vld|                             p_res|       pointer|
|ap_clk            |   in|     1|  ap_ctrl_hs|  dot<float, 5u, unsigned int>4060|  return value|
|ap_rst            |   in|     1|  ap_ctrl_hs|  dot<float, 5u, unsigned int>4060|  return value|
|ap_start          |   in|     1|  ap_ctrl_hs|  dot<float, 5u, unsigned int>4060|  return value|
|ap_done           |  out|     1|  ap_ctrl_hs|  dot<float, 5u, unsigned int>4060|  return value|
|ap_ready          |  out|     1|  ap_ctrl_hs|  dot<float, 5u, unsigned int>4060|  return value|
|ap_idle           |  out|     1|  ap_ctrl_hs|  dot<float, 5u, unsigned int>4060|  return value|
|ap_continue       |   in|     1|  ap_ctrl_hs|  dot<float, 5u, unsigned int>4060|  return value|
+------------------+-----+------+------------+----------------------------------+--------------+

