

================================================================
== Vitis HLS Report for 'krnl_lstm_unit_Block_split2_proc'
================================================================
* Date:           Mon May 24 12:52:38 2021

* Version:        2020.2 (Build 3064766 on Wed Nov 18 09:12:47 MST 2020)
* Project:        krnl_lstm
* Solution:       solution (Vitis Kernel Flow Target)
* Product family: zynq
* Target device:  xc7z045-ffg900-2


================================================================
== Performance Estimates
================================================================
+ Timing: 
    * Summary: 
    +--------+----------+----------+------------+
    |  Clock |  Target  | Estimated| Uncertainty|
    +--------+----------+----------+------------+
    |ap_clk  |  10.00 ns|  6.172 ns|     2.70 ns|
    +--------+----------+----------+------------+

+ Latency: 
    * Summary: 
    +---------+---------+-----------+-----------+-----+-----+---------+
    |  Latency (cycles) |   Latency (absolute)  |  Interval | Pipeline|
    |   min   |   max   |    min    |    max    | min | max |   Type  |
    +---------+---------+-----------+-----------+-----+-----+---------+
    |        1|        1|  10.000 ns|  10.000 ns|    1|    1|     none|
    +---------+---------+-----------+-----------+-----+-----+---------+

    + Detail: 
        * Instance: 
        N/A

        * Loop: 
        N/A



================================================================
== Utilization Estimates
================================================================
* Summary: 
+-----------------+---------+-----+--------+--------+-----+
|       Name      | BRAM_18K| DSP |   FF   |   LUT  | URAM|
+-----------------+---------+-----+--------+--------+-----+
|DSP              |        -|    -|       -|       -|    -|
|Expression       |        -|    -|       0|       2|    -|
|FIFO             |        -|    -|       -|       -|    -|
|Instance         |        -|    -|       -|       -|    -|
|Memory           |        8|    -|       0|       0|    -|
|Multiplexer      |        -|    -|       -|      85|    -|
|Register         |        -|    -|       3|       -|    -|
+-----------------+---------+-----+--------+--------+-----+
|Total            |        8|    0|       3|      87|    0|
+-----------------+---------+-----+--------+--------+-----+
|Available        |     1090|  900|  437200|  218600|    0|
+-----------------+---------+-----+--------+--------+-----+
|Utilization (%)  |       ~0|    0|      ~0|      ~0|    0|
+-----------------+---------+-----+--------+--------+-----+

+ Detail: 
    * Instance: 
    N/A

    * DSP: 
    N/A

    * Memory: 
    +--------+---------------------------------------+---------+---+----+-----+------+-----+------+-------------+
    | Memory |                 Module                | BRAM_18K| FF| LUT| URAM| Words| Bits| Banks| W*Bits*Banks|
    +--------+---------------------------------------+---------+---+----+-----+------+-----+------+-------------+
    |B_c_U   |krnl_lstm_unit_Block_split2_proc_B_c   |        1|  0|   0|    0|    64|   32|     1|         2048|
    |B_f_U   |krnl_lstm_unit_Block_split2_proc_B_f   |        1|  0|   0|    0|    64|   32|     1|         2048|
    |B_i_U   |krnl_lstm_unit_Block_split2_proc_B_i   |        1|  0|   0|    0|    64|   32|     1|         2048|
    |B_o_U   |krnl_lstm_unit_Block_split2_proc_B_o   |        1|  0|   0|    0|    64|   32|     1|         2048|
    |W_xc_U  |krnl_lstm_unit_Block_split2_proc_W_xc  |        1|  0|   0|    0|    64|   32|     1|         2048|
    |W_xf_U  |krnl_lstm_unit_Block_split2_proc_W_xf  |        1|  0|   0|    0|    64|   32|     1|         2048|
    |W_xi_U  |krnl_lstm_unit_Block_split2_proc_W_xi  |        1|  0|   0|    0|    64|   32|     1|         2048|
    |W_xo_U  |krnl_lstm_unit_Block_split2_proc_W_xo  |        1|  0|   0|    0|    64|   32|     1|         2048|
    +--------+---------------------------------------+---------+---+----+-----+------+-----+------+-------------+
    |Total   |                                       |        8|  0|   0|    0|   512|  256|     8|        16384|
    +--------+---------------------------------------+---------+---+----+-----+------+-----+------+-------------+

    * FIFO: 
    N/A

    * Expression: 
    +-----------------+----------+----+---+----+------------+------------+
    |  Variable Name  | Operation| DSP| FF| LUT| Bitwidth P0| Bitwidth P1|
    +-----------------+----------+----+---+----+------------+------------+
    |ap_block_state1  |        or|   0|  0|   1|           1|           1|
    |ap_block_state2  |        or|   0|  0|   1|           1|           1|
    +-----------------+----------+----+---+----+------------+------------+
    |Total            |          |   0|  0|   2|           2|           2|
    +-----------------+----------+----+---+----+------------+------------+

    * Multiplexer: 
    +--------------------+----+-----------+-----+-----------+
    |        Name        | LUT| Input Size| Bits| Total Bits|
    +--------------------+----+-----------+-----+-----------+
    |ap_NS_fsm           |  13|          3|    1|          3|
    |ap_done             |   9|          2|    1|          2|
    |b_c_out_out_blk_n   |   9|          2|    1|          2|
    |b_i_out_out_blk_n   |   9|          2|    1|          2|
    |b_o_out_out_blk_n   |   9|          2|    1|          2|
    |unit_ind_blk_n      |   9|          2|    1|          2|
    |w_xc_out_out_blk_n  |   9|          2|    1|          2|
    |w_xi_out_out_blk_n  |   9|          2|    1|          2|
    |w_xo_out_out_blk_n  |   9|          2|    1|          2|
    +--------------------+----+-----------+-----+-----------+
    |Total               |  85|         19|    9|         19|
    +--------------------+----+-----------+-----+-----------+

    * Register: 
    +-------------+---+----+-----+-----------+
    |     Name    | FF| LUT| Bits| Const Bits|
    +-------------+---+----+-----+-----------+
    |ap_CS_fsm    |  2|   0|    2|          0|
    |ap_done_reg  |  1|   0|    1|          0|
    +-------------+---+----+-----+-----------+
    |Total        |  3|   0|    3|          0|
    +-------------+---+----+-----+-----------+



================================================================
== Interface
================================================================
* Summary: 
+---------------------+-----+-----+------------+-----------------------------------+--------------+
|      RTL Ports      | Dir | Bits|  Protocol  |           Source Object           |    C Type    |
+---------------------+-----+-----+------------+-----------------------------------+--------------+
|ap_clk               |   in|    1|  ap_ctrl_hs|  krnl_lstm_unit_Block_.split2_proc|  return value|
|ap_rst               |   in|    1|  ap_ctrl_hs|  krnl_lstm_unit_Block_.split2_proc|  return value|
|ap_start             |   in|    1|  ap_ctrl_hs|  krnl_lstm_unit_Block_.split2_proc|  return value|
|ap_done              |  out|    1|  ap_ctrl_hs|  krnl_lstm_unit_Block_.split2_proc|  return value|
|ap_continue          |   in|    1|  ap_ctrl_hs|  krnl_lstm_unit_Block_.split2_proc|  return value|
|ap_idle              |  out|    1|  ap_ctrl_hs|  krnl_lstm_unit_Block_.split2_proc|  return value|
|ap_ready             |  out|    1|  ap_ctrl_hs|  krnl_lstm_unit_Block_.split2_proc|  return value|
|ap_return_0          |  out|   32|  ap_ctrl_hs|  krnl_lstm_unit_Block_.split2_proc|  return value|
|ap_return_1          |  out|   32|  ap_ctrl_hs|  krnl_lstm_unit_Block_.split2_proc|  return value|
|unit_ind_dout        |   in|    6|     ap_fifo|                           unit_ind|       pointer|
|unit_ind_empty_n     |   in|    1|     ap_fifo|                           unit_ind|       pointer|
|unit_ind_read        |  out|    1|     ap_fifo|                           unit_ind|       pointer|
|w_xi_out_out_din     |  out|   32|     ap_fifo|                       w_xi_out_out|       pointer|
|w_xi_out_out_full_n  |   in|    1|     ap_fifo|                       w_xi_out_out|       pointer|
|w_xi_out_out_write   |  out|    1|     ap_fifo|                       w_xi_out_out|       pointer|
|w_xc_out_out_din     |  out|   32|     ap_fifo|                       w_xc_out_out|       pointer|
|w_xc_out_out_full_n  |   in|    1|     ap_fifo|                       w_xc_out_out|       pointer|
|w_xc_out_out_write   |  out|    1|     ap_fifo|                       w_xc_out_out|       pointer|
|w_xo_out_out_din     |  out|   32|     ap_fifo|                       w_xo_out_out|       pointer|
|w_xo_out_out_full_n  |   in|    1|     ap_fifo|                       w_xo_out_out|       pointer|
|w_xo_out_out_write   |  out|    1|     ap_fifo|                       w_xo_out_out|       pointer|
|b_i_out_out_din      |  out|   32|     ap_fifo|                        b_i_out_out|       pointer|
|b_i_out_out_full_n   |   in|    1|     ap_fifo|                        b_i_out_out|       pointer|
|b_i_out_out_write    |  out|    1|     ap_fifo|                        b_i_out_out|       pointer|
|b_c_out_out_din      |  out|   32|     ap_fifo|                        b_c_out_out|       pointer|
|b_c_out_out_full_n   |   in|    1|     ap_fifo|                        b_c_out_out|       pointer|
|b_c_out_out_write    |  out|    1|     ap_fifo|                        b_c_out_out|       pointer|
|b_o_out_out_din      |  out|   32|     ap_fifo|                        b_o_out_out|       pointer|
|b_o_out_out_full_n   |   in|    1|     ap_fifo|                        b_o_out_out|       pointer|
|b_o_out_out_write    |  out|    1|     ap_fifo|                        b_o_out_out|       pointer|
+---------------------+-----+-----+------------+-----------------------------------+--------------+

