

================================================================
== Vitis HLS Report for 'krnl_lut_tanh46'
================================================================
* Date:           Tue Mar 16 16:15:33 2021

* Version:        2020.2 (Build 3064766 on Wed Nov 18 09:12:47 MST 2020)
* Project:        krnl_lstm
* Solution:       solution (Vitis Kernel Flow Target)
* Product family: zynq
* Target device:  xc7z045-ffg900-2


================================================================
== Performance Estimates
================================================================
+ Timing: 
    * Summary: 
    +--------+----------+----------+------------+
    |  Clock |  Target  | Estimated| Uncertainty|
    +--------+----------+----------+------------+
    |ap_clk  |  10.00 ns|  6.598 ns|     2.70 ns|
    +--------+----------+----------+------------+

+ Latency: 
    * Summary: 
    +---------+---------+-----------+-----------+-----+-----+---------+
    |  Latency (cycles) |   Latency (absolute)  |  Interval | Pipeline|
    |   min   |   max   |    min    |    max    | min | max |   Type  |
    +---------+---------+-----------+-----------+-----+-----+---------+
    |        5|        5|  50.000 ns|  50.000 ns|    5|    5|     none|
    +---------+---------+-----------+-----------+-----+-----+---------+

    + Detail: 
        * Instance: 
        N/A

        * Loop: 
        N/A



================================================================
== Utilization Estimates
================================================================
* Summary: 
+-----------------+---------+-----+--------+--------+-----+
|       Name      | BRAM_18K| DSP |   FF   |   LUT  | URAM|
+-----------------+---------+-----+--------+--------+-----+
|DSP              |        -|    -|       -|       -|    -|
|Expression       |        -|    -|       0|      59|    -|
|FIFO             |        -|    -|       -|       -|    -|
|Instance         |        -|    -|       -|       -|    -|
|Memory           |        0|    -|      32|       4|    -|
|Multiplexer      |        -|    -|       -|      77|    -|
|Register         |        -|    -|      16|       -|    -|
+-----------------+---------+-----+--------+--------+-----+
|Total            |        0|    0|      48|     140|    0|
+-----------------+---------+-----+--------+--------+-----+
|Available        |     1090|  900|  437200|  218600|    0|
+-----------------+---------+-----+--------+--------+-----+
|Utilization (%)  |        0|    0|      ~0|      ~0|    0|
+-----------------+---------+-----+--------+--------+-----+

+ Detail: 
    * Instance: 
    +-----------------------------------+-----------------------------+---------+----+---+----+-----+
    |              Instance             |            Module           | BRAM_18K| DSP| FF| LUT| URAM|
    +-----------------------------------+-----------------------------+---------+----+---+----+-----+
    |fcmp_32ns_32ns_1_2_no_dsp_1_U1044  |fcmp_32ns_32ns_1_2_no_dsp_1  |        0|   0|  0|   0|    0|
    |fcmp_32ns_32ns_1_2_no_dsp_1_U1045  |fcmp_32ns_32ns_1_2_no_dsp_1  |        0|   0|  0|   0|    0|
    |fcmp_32ns_32ns_1_2_no_dsp_1_U1046  |fcmp_32ns_32ns_1_2_no_dsp_1  |        0|   0|  0|   0|    0|
    |fcmp_32ns_32ns_1_2_no_dsp_1_U1047  |fcmp_32ns_32ns_1_2_no_dsp_1  |        0|   0|  0|   0|    0|
    |fcmp_32ns_32ns_1_2_no_dsp_1_U1048  |fcmp_32ns_32ns_1_2_no_dsp_1  |        0|   0|  0|   0|    0|
    +-----------------------------------+-----------------------------+---------+----+---+----+-----+
    |Total                              |                             |        0|   0|  0|   0|    0|
    +-----------------------------------+-----------------------------+---------+----+---+----+-----+

    * DSP: 
    N/A

    * Memory: 
    +------------+--------------------------+---------+----+----+-----+------+-----+------+-------------+
    |   Memory   |          Module          | BRAM_18K| FF | LUT| URAM| Words| Bits| Banks| W*Bits*Banks|
    +------------+--------------------------+---------+----+----+-----+------+-----+------+-------------+
    |tanh_lut_U  |krnl_lut_tanh46_tanh_lut  |        0|  32|   4|    0|     8|   32|     1|          256|
    +------------+--------------------------+---------+----+----+-----+------+-----+------+-------------+
    |Total       |                          |        0|  32|   4|    0|     8|   32|     1|          256|
    +------------+--------------------------+---------+----+----+-----+------+-----+------+-------------+

    * FIFO: 
    N/A

    * Expression: 
    +-------------------------+----------+----+---+----+------------+------------+
    |      Variable Name      | Operation| DSP| FF| LUT| Bitwidth P0| Bitwidth P1|
    +-------------------------+----------+----+---+----+------------+------------+
    |and_ln67_1_fu_220_p2     |       and|   0|  0|   1|           1|           1|
    |and_ln67_fu_162_p2       |       and|   0|  0|   1|           1|           1|
    |and_ln69_1_fu_237_p2     |       and|   0|  0|   1|           1|           1|
    |and_ln71_1_fu_294_p2     |       and|   0|  0|   1|           1|           1|
    |and_ln71_fu_166_p2       |       and|   0|  0|   1|           1|           1|
    |and_ln73_1_fu_283_p2     |       and|   0|  0|   1|           1|           1|
    |and_ln73_fu_171_p2       |       and|   0|  0|   1|           1|           1|
    |and_ln75_fu_176_p2       |       and|   0|  0|   1|           1|           1|
    |and_ln77_fu_181_p2       |       and|   0|  0|   1|           1|           1|
    |grp_fu_121_p2            |       and|   0|  0|   1|           1|           1|
    |icmp_ln65_1_fu_149_p2    |      icmp|   0|  0|   8|          23|           1|
    |icmp_ln65_fu_143_p2      |      icmp|   0|  0|   4|           8|           2|
    |ap_block_state1          |        or|   0|  0|   1|           1|           1|
    |or_ln65_fu_155_p2        |        or|   0|  0|   1|           1|           1|
    |or_ln67_fu_226_p2        |        or|   0|  0|   1|           1|           1|
    |or_ln69_1_fu_265_p2      |        or|   0|  0|   1|           1|           1|
    |or_ln69_fu_251_p2        |        or|   0|  0|   1|           1|           1|
    |or_ln71_fu_271_p2        |        or|   0|  0|   1|           1|           1|
    |or_ln73_fu_306_p2        |        or|   0|  0|   1|           1|           1|
    |or_ln75_fu_194_p2        |        or|   0|  0|   1|           1|           1|
    |lut_i_fu_311_p3          |    select|   0|  0|   3|           1|           3|
    |select_ln65_fu_208_p3    |    select|   0|  0|   3|           1|           1|
    |select_ln69_1_fu_257_p3  |    select|   0|  0|   3|           1|           3|
    |select_ln69_fu_243_p3    |    select|   0|  0|   2|           1|           2|
    |select_ln73_fu_299_p3    |    select|   0|  0|   4|           1|           4|
    |select_ln75_1_fu_200_p3  |    select|   0|  0|   3|           1|           3|
    |select_ln75_fu_186_p3    |    select|   0|  0|   3|           1|           3|
    |xor_ln65_fu_215_p2       |       xor|   0|  0|   2|           2|           1|
    |xor_ln67_fu_231_p2       |       xor|   0|  0|   2|           1|           2|
    |xor_ln69_fu_289_p2       |       xor|   0|  0|   2|           1|           2|
    |xor_ln71_fu_277_p2       |       xor|   0|  0|   2|           1|           2|
    +-------------------------+----------+----+---+----+------------+------------+
    |Total                    |          |   0|  0|  59|          61|          47|
    +-------------------------+----------+----+---+----+------------+------------+

    * Multiplexer: 
    +----------------+----+-----------+-----+-----------+
    |      Name      | LUT| Input Size| Bits| Total Bits|
    +----------------+----+-----------+-----+-----------+
    |ap_NS_fsm       |  29|          7|    1|          7|
    |ap_done         |   9|          2|    1|          2|
    |c_ti_out_blk_n  |   9|          2|    1|          2|
    |grp_fu_121_p0   |  13|          3|    1|          3|
    |grp_fu_93_p1    |  17|          4|   32|        128|
    +----------------+----+-----------+-----+-----------+
    |Total           |  77|         18|   36|        142|
    +----------------+----+-----------+-----+-----------+

    * Register: 
    +-----------------------+---+----+-----+-----------+
    |          Name         | FF| LUT| Bits| Const Bits|
    +-----------------------+---+----+-----+-----------+
    |and_ln65_reg_343       |  1|   0|    1|          0|
    |and_ln71_reg_355       |  1|   0|    1|          0|
    |and_ln73_1_reg_370     |  1|   0|    1|          0|
    |ap_CS_fsm              |  6|   0|    6|          0|
    |ap_done_reg            |  1|   0|    1|          0|
    |or_ln65_reg_333        |  1|   0|    1|          0|
    |or_ln69_1_reg_365      |  1|   0|    1|          0|
    |select_ln69_1_reg_360  |  3|   0|    3|          0|
    |tmp_1_reg_350          |  1|   0|    1|          0|
    +-----------------------+---+----+-----+-----------+
    |Total                  | 16|   0|   16|          0|
    +-----------------------+---+----+-----+-----------+



================================================================
== Interface
================================================================
* Summary: 
+-----------------+-----+-----+------------+-----------------+--------------+
|    RTL Ports    | Dir | Bits|  Protocol  |  Source Object  |    C Type    |
+-----------------+-----+-----+------------+-----------------+--------------+
|ap_clk           |   in|    1|  ap_ctrl_hs|  krnl_lut_tanh46|  return value|
|ap_rst           |   in|    1|  ap_ctrl_hs|  krnl_lut_tanh46|  return value|
|ap_start         |   in|    1|  ap_ctrl_hs|  krnl_lut_tanh46|  return value|
|ap_done          |  out|    1|  ap_ctrl_hs|  krnl_lut_tanh46|  return value|
|ap_continue      |   in|    1|  ap_ctrl_hs|  krnl_lut_tanh46|  return value|
|ap_idle          |  out|    1|  ap_ctrl_hs|  krnl_lut_tanh46|  return value|
|ap_ready         |  out|    1|  ap_ctrl_hs|  krnl_lut_tanh46|  return value|
|p_read           |   in|   32|     ap_none|           p_read|        scalar|
|c_ti_out_din     |  out|   32|     ap_fifo|         c_ti_out|       pointer|
|c_ti_out_full_n  |   in|    1|     ap_fifo|         c_ti_out|       pointer|
|c_ti_out_write   |  out|    1|     ap_fifo|         c_ti_out|       pointer|
+-----------------+-----+-----+------------+-----------------+--------------+

