

================================================================
== Vitis HLS Report for 'krnl_lstm_unit_Block_split216_proc'
================================================================
* Date:           Mon May 24 12:53:10 2021

* Version:        2020.2 (Build 3064766 on Wed Nov 18 09:12:47 MST 2020)
* Project:        krnl_lstm
* Solution:       solution (Vitis Kernel Flow Target)
* Product family: zynq
* Target device:  xc7z045-ffg900-2


================================================================
== Performance Estimates
================================================================
+ Timing: 
    * Summary: 
    +--------+----------+----------+------------+
    |  Clock |  Target  | Estimated| Uncertainty|
    +--------+----------+----------+------------+
    |ap_clk  |  10.00 ns|  4.729 ns|     2.70 ns|
    +--------+----------+----------+------------+

+ Latency: 
    * Summary: 
    +---------+---------+-----------+-----------+-----+-----+---------+
    |  Latency (cycles) |   Latency (absolute)  |  Interval | Pipeline|
    |   min   |   max   |    min    |    max    | min | max |   Type  |
    +---------+---------+-----------+-----------+-----+-----+---------+
    |        5|        5|  50.000 ns|  50.000 ns|    5|    5|     none|
    +---------+---------+-----------+-----------+-----+-----+---------+

    + Detail: 
        * Instance: 
        N/A

        * Loop: 
        N/A



================================================================
== Utilization Estimates
================================================================
* Summary: 
+-----------------+---------+-----+--------+--------+-----+
|       Name      | BRAM_18K| DSP |   FF   |   LUT  | URAM|
+-----------------+---------+-----+--------+--------+-----+
|DSP              |        -|    -|       -|       -|    -|
|Expression       |        -|    -|       0|       1|    -|
|FIFO             |        -|    -|       -|       -|    -|
|Instance         |        -|    3|     143|     322|    -|
|Memory           |        -|    -|       -|       -|    -|
|Multiplexer      |        -|    -|       -|      56|    -|
|Register         |        -|    -|      71|       -|    -|
+-----------------+---------+-----+--------+--------+-----+
|Total            |        0|    3|     214|     379|    0|
+-----------------+---------+-----+--------+--------+-----+
|Available        |     1090|  900|  437200|  218600|    0|
+-----------------+---------+-----+--------+--------+-----+
|Utilization (%)  |        0|   ~0|      ~0|      ~0|    0|
+-----------------+---------+-----+--------+--------+-----+

+ Detail: 
    * Instance: 
    +-------------------------------------+-------------------------------+---------+----+-----+-----+-----+
    |               Instance              |             Module            | BRAM_18K| DSP|  FF | LUT | URAM|
    +-------------------------------------+-------------------------------+---------+----+-----+-----+-----+
    |fmul_32ns_32ns_32_4_max_dsp_1_U1739  |fmul_32ns_32ns_32_4_max_dsp_1  |        0|   3|  143|  322|    0|
    +-------------------------------------+-------------------------------+---------+----+-----+-----+-----+
    |Total                                |                               |        0|   3|  143|  322|    0|
    +-------------------------------------+-------------------------------+---------+----+-----+-----+-----+

    * DSP: 
    N/A

    * Memory: 
    N/A

    * FIFO: 
    N/A

    * Expression: 
    +-----------------+----------+----+---+----+------------+------------+
    |  Variable Name  | Operation| DSP| FF| LUT| Bitwidth P0| Bitwidth P1|
    +-----------------+----------+----+---+----+------------+------------+
    |ap_block_state1  |        or|   0|  0|   1|           1|           1|
    +-----------------+----------+----+---+----+------------+------------+
    |Total            |          |   0|  0|   1|           1|           1|
    +-----------------+----------+----+---+----+------------+------------+

    * Multiplexer: 
    +--------------------+----+-----------+-----+-----------+
    |        Name        | LUT| Input Size| Bits| Total Bits|
    +--------------------+----+-----------+-----+-----------+
    |ap_NS_fsm           |  29|          7|    1|          7|
    |ap_done             |   9|          2|    1|          2|
    |c_tp_blk_n          |   9|          2|    1|          2|
    |mul3_out_out_blk_n  |   9|          2|    1|          2|
    +--------------------+----+-----------+-----+-----------+
    |Total               |  56|         13|    4|         13|
    +--------------------+----+-----------+-----+-----------+

    * Register: 
    +------------------+----+----+-----+-----------+
    |       Name       | FF | LUT| Bits| Const Bits|
    +------------------+----+----+-----+-----------+
    |ap_CS_fsm         |   6|   0|    6|          0|
    |ap_done_reg       |   1|   0|    1|          0|
    |c_tp_read_reg_50  |  32|   0|   32|          0|
    |mul3_i_reg_60     |  32|   0|   32|          0|
    +------------------+----+----+-----+-----------+
    |Total             |  71|   0|   71|          0|
    +------------------+----+----+-----+-----------+



================================================================
== Interface
================================================================
* Summary: 
+---------------------+-----+-----+------------+-------------------------------------+--------------+
|      RTL Ports      | Dir | Bits|  Protocol  |            Source Object            |    C Type    |
+---------------------+-----+-----+------------+-------------------------------------+--------------+
|ap_clk               |   in|    1|  ap_ctrl_hs|  krnl_lstm_unit_Block_.split216_proc|  return value|
|ap_rst               |   in|    1|  ap_ctrl_hs|  krnl_lstm_unit_Block_.split216_proc|  return value|
|ap_start             |   in|    1|  ap_ctrl_hs|  krnl_lstm_unit_Block_.split216_proc|  return value|
|ap_done              |  out|    1|  ap_ctrl_hs|  krnl_lstm_unit_Block_.split216_proc|  return value|
|ap_continue          |   in|    1|  ap_ctrl_hs|  krnl_lstm_unit_Block_.split216_proc|  return value|
|ap_idle              |  out|    1|  ap_ctrl_hs|  krnl_lstm_unit_Block_.split216_proc|  return value|
|ap_ready             |  out|    1|  ap_ctrl_hs|  krnl_lstm_unit_Block_.split216_proc|  return value|
|p_read               |   in|   32|     ap_none|                               p_read|        scalar|
|c_tp_dout            |   in|   32|     ap_fifo|                                 c_tp|       pointer|
|c_tp_empty_n         |   in|    1|     ap_fifo|                                 c_tp|       pointer|
|c_tp_read            |  out|    1|     ap_fifo|                                 c_tp|       pointer|
|mul3_out_out_din     |  out|   32|     ap_fifo|                         mul3_out_out|       pointer|
|mul3_out_out_full_n  |   in|    1|     ap_fifo|                         mul3_out_out|       pointer|
|mul3_out_out_write   |  out|    1|     ap_fifo|                         mul3_out_out|       pointer|
+---------------------+-----+-----+------------+-------------------------------------+--------------+

