

================================================================
== Vitis HLS Report for 'krnl_lstm_unit_entry133'
================================================================
* Date:           Tue Mar 16 16:15:06 2021

* Version:        2020.2 (Build 3064766 on Wed Nov 18 09:12:47 MST 2020)
* Project:        krnl_lstm
* Solution:       solution (Vitis Kernel Flow Target)
* Product family: zynq
* Target device:  xc7z045-ffg900-2


================================================================
== Performance Estimates
================================================================
+ Timing: 
    * Summary: 
    +--------+----------+----------+------------+
    |  Clock |  Target  | Estimated| Uncertainty|
    +--------+----------+----------+------------+
    |ap_clk  |  10.00 ns|  3.401 ns|     2.70 ns|
    +--------+----------+----------+------------+

+ Latency: 
    * Summary: 
    +---------+---------+----------+----------+-----+-----+---------+
    |  Latency (cycles) |  Latency (absolute) |  Interval | Pipeline|
    |   min   |   max   |    min   |    max   | min | max |   Type  |
    +---------+---------+----------+----------+-----+-----+---------+
    |        0|        0|      0 ns|      0 ns|    0|    0|     none|
    +---------+---------+----------+----------+-----+-----+---------+

    + Detail: 
        * Instance: 
        N/A

        * Loop: 
        N/A



================================================================
== Utilization Estimates
================================================================
* Summary: 
+-----------------+---------+-----+--------+--------+-----+
|       Name      | BRAM_18K| DSP |   FF   |   LUT  | URAM|
+-----------------+---------+-----+--------+--------+-----+
|DSP              |        -|    -|       -|       -|    -|
|Expression       |        -|    -|       0|       1|    -|
|FIFO             |        -|    -|       -|       -|    -|
|Instance         |        -|    -|       -|       -|    -|
|Memory           |        -|    -|       -|       -|    -|
|Multiplexer      |        -|    -|       -|     684|    -|
|Register         |        -|    -|       3|       -|    -|
+-----------------+---------+-----+--------+--------+-----+
|Total            |        0|    0|       3|     685|    0|
+-----------------+---------+-----+--------+--------+-----+
|Available        |     1090|  900|  437200|  218600|    0|
+-----------------+---------+-----+--------+--------+-----+
|Utilization (%)  |        0|    0|      ~0|      ~0|    0|
+-----------------+---------+-----+--------+--------+-----+

+ Detail: 
    * Instance: 
    N/A

    * DSP: 
    N/A

    * Memory: 
    N/A

    * FIFO: 
    N/A

    * Expression: 
    +-----------------+----------+----+---+----+------------+------------+
    |  Variable Name  | Operation| DSP| FF| LUT| Bitwidth P0| Bitwidth P1|
    +-----------------+----------+----+---+----+------------+------------+
    |ap_block_state1  |        or|   0|  0|   1|           1|           1|
    +-----------------+----------+----+---+----+------------+------------+
    |Total            |          |   0|  0|   1|           1|           1|
    +-----------------+----------+----+---+----+------------+------------+

    * Multiplexer: 
    +----------------------+----+-----------+-----+-----------+
    |         Name         | LUT| Input Size| Bits| Total Bits|
    +----------------------+----+-----------+-----+-----------+
    |ap_done               |   9|          2|    1|          2|
    |c_tp_out_blk_n        |   9|          2|    1|          2|
    |h_tps_0_out8_blk_n    |   9|          2|    1|          2|
    |h_tps_0_out_blk_n     |   9|          2|    1|          2|
    |h_tps_10_out18_blk_n  |   9|          2|    1|          2|
    |h_tps_10_out_blk_n    |   9|          2|    1|          2|
    |h_tps_11_out19_blk_n  |   9|          2|    1|          2|
    |h_tps_11_out_blk_n    |   9|          2|    1|          2|
    |h_tps_12_out20_blk_n  |   9|          2|    1|          2|
    |h_tps_12_out_blk_n    |   9|          2|    1|          2|
    |h_tps_13_out21_blk_n  |   9|          2|    1|          2|
    |h_tps_13_out_blk_n    |   9|          2|    1|          2|
    |h_tps_14_out22_blk_n  |   9|          2|    1|          2|
    |h_tps_14_out_blk_n    |   9|          2|    1|          2|
    |h_tps_15_out23_blk_n  |   9|          2|    1|          2|
    |h_tps_15_out_blk_n    |   9|          2|    1|          2|
    |h_tps_16_out24_blk_n  |   9|          2|    1|          2|
    |h_tps_16_out_blk_n    |   9|          2|    1|          2|
    |h_tps_17_out25_blk_n  |   9|          2|    1|          2|
    |h_tps_17_out_blk_n    |   9|          2|    1|          2|
    |h_tps_18_out26_blk_n  |   9|          2|    1|          2|
    |h_tps_18_out_blk_n    |   9|          2|    1|          2|
    |h_tps_19_out27_blk_n  |   9|          2|    1|          2|
    |h_tps_19_out_blk_n    |   9|          2|    1|          2|
    |h_tps_1_out9_blk_n    |   9|          2|    1|          2|
    |h_tps_1_out_blk_n     |   9|          2|    1|          2|
    |h_tps_20_out28_blk_n  |   9|          2|    1|          2|
    |h_tps_20_out_blk_n    |   9|          2|    1|          2|
    |h_tps_21_out29_blk_n  |   9|          2|    1|          2|
    |h_tps_21_out_blk_n    |   9|          2|    1|          2|
    |h_tps_22_out30_blk_n  |   9|          2|    1|          2|
    |h_tps_22_out_blk_n    |   9|          2|    1|          2|
    |h_tps_23_out31_blk_n  |   9|          2|    1|          2|
    |h_tps_23_out_blk_n    |   9|          2|    1|          2|
    |h_tps_24_out32_blk_n  |   9|          2|    1|          2|
    |h_tps_24_out_blk_n    |   9|          2|    1|          2|
    |h_tps_25_out33_blk_n  |   9|          2|    1|          2|
    |h_tps_25_out_blk_n    |   9|          2|    1|          2|
    |h_tps_26_out34_blk_n  |   9|          2|    1|          2|
    |h_tps_26_out_blk_n    |   9|          2|    1|          2|
    |h_tps_27_out35_blk_n  |   9|          2|    1|          2|
    |h_tps_27_out_blk_n    |   9|          2|    1|          2|
    |h_tps_28_out36_blk_n  |   9|          2|    1|          2|
    |h_tps_28_out_blk_n    |   9|          2|    1|          2|
    |h_tps_29_out37_blk_n  |   9|          2|    1|          2|
    |h_tps_29_out_blk_n    |   9|          2|    1|          2|
    |h_tps_2_out10_blk_n   |   9|          2|    1|          2|
    |h_tps_2_out_blk_n     |   9|          2|    1|          2|
    |h_tps_30_out38_blk_n  |   9|          2|    1|          2|
    |h_tps_30_out_blk_n    |   9|          2|    1|          2|
    |h_tps_31_out39_blk_n  |   9|          2|    1|          2|
    |h_tps_31_out_blk_n    |   9|          2|    1|          2|
    |h_tps_3_out11_blk_n   |   9|          2|    1|          2|
    |h_tps_3_out_blk_n     |   9|          2|    1|          2|
    |h_tps_4_out12_blk_n   |   9|          2|    1|          2|
    |h_tps_4_out_blk_n     |   9|          2|    1|          2|
    |h_tps_5_out13_blk_n   |   9|          2|    1|          2|
    |h_tps_5_out_blk_n     |   9|          2|    1|          2|
    |h_tps_6_out14_blk_n   |   9|          2|    1|          2|
    |h_tps_6_out_blk_n     |   9|          2|    1|          2|
    |h_tps_7_out15_blk_n   |   9|          2|    1|          2|
    |h_tps_7_out_blk_n     |   9|          2|    1|          2|
    |h_tps_8_out16_blk_n   |   9|          2|    1|          2|
    |h_tps_8_out_blk_n     |   9|          2|    1|          2|
    |h_tps_9_out17_blk_n   |   9|          2|    1|          2|
    |h_tps_9_out_blk_n     |   9|          2|    1|          2|
    |real_start            |   9|          2|    1|          2|
    |unit_ind_out1_blk_n   |   9|          2|    1|          2|
    |unit_ind_out2_blk_n   |   9|          2|    1|          2|
    |unit_ind_out3_blk_n   |   9|          2|    1|          2|
    |unit_ind_out4_blk_n   |   9|          2|    1|          2|
    |unit_ind_out_blk_n    |   9|          2|    1|          2|
    |x_t_out5_blk_n        |   9|          2|    1|          2|
    |x_t_out6_blk_n        |   9|          2|    1|          2|
    |x_t_out7_blk_n        |   9|          2|    1|          2|
    |x_t_out_blk_n         |   9|          2|    1|          2|
    +----------------------+----+-----------+-----+-----------+
    |Total                 | 684|        152|   76|        152|
    +----------------------+----+-----------+-----+-----------+

    * Register: 
    +----------------+---+----+-----+-----------+
    |      Name      | FF| LUT| Bits| Const Bits|
    +----------------+---+----+-----+-----------+
    |ap_CS_fsm       |  1|   0|    1|          0|
    |ap_done_reg     |  1|   0|    1|          0|
    |start_once_reg  |  1|   0|    1|          0|
    +----------------+---+----+-----+-----------+
    |Total           |  3|   0|    3|          0|
    +----------------+---+----+-----+-----------+



================================================================
== Interface
================================================================
* Summary: 
+-----------------------+-----+-----+------------+-------------------------+--------------+
|       RTL Ports       | Dir | Bits|  Protocol  |      Source Object      |    C Type    |
+-----------------------+-----+-----+------------+-------------------------+--------------+
|ap_clk                 |   in|    1|  ap_ctrl_hs|  krnl_lstm_unit.entry133|  return value|
|ap_rst                 |   in|    1|  ap_ctrl_hs|  krnl_lstm_unit.entry133|  return value|
|ap_start               |   in|    1|  ap_ctrl_hs|  krnl_lstm_unit.entry133|  return value|
|start_full_n           |   in|    1|  ap_ctrl_hs|  krnl_lstm_unit.entry133|  return value|
|ap_done                |  out|    1|  ap_ctrl_hs|  krnl_lstm_unit.entry133|  return value|
|ap_continue            |   in|    1|  ap_ctrl_hs|  krnl_lstm_unit.entry133|  return value|
|ap_idle                |  out|    1|  ap_ctrl_hs|  krnl_lstm_unit.entry133|  return value|
|ap_ready               |  out|    1|  ap_ctrl_hs|  krnl_lstm_unit.entry133|  return value|
|start_out              |  out|    1|  ap_ctrl_hs|  krnl_lstm_unit.entry133|  return value|
|start_write            |  out|    1|  ap_ctrl_hs|  krnl_lstm_unit.entry133|  return value|
|unit_ind               |   in|    6|     ap_none|                 unit_ind|        scalar|
|x_t                    |   in|   32|     ap_none|                      x_t|        scalar|
|p_read                 |   in|   32|     ap_none|                   p_read|        scalar|
|p_read1                |   in|   32|     ap_none|                  p_read1|        scalar|
|p_read2                |   in|   32|     ap_none|                  p_read2|        scalar|
|p_read3                |   in|   32|     ap_none|                  p_read3|        scalar|
|p_read4                |   in|   32|     ap_none|                  p_read4|        scalar|
|p_read5                |   in|   32|     ap_none|                  p_read5|        scalar|
|p_read6                |   in|   32|     ap_none|                  p_read6|        scalar|
|p_read7                |   in|   32|     ap_none|                  p_read7|        scalar|
|p_read8                |   in|   32|     ap_none|                  p_read8|        scalar|
|p_read9                |   in|   32|     ap_none|                  p_read9|        scalar|
|p_read10               |   in|   32|     ap_none|                 p_read10|        scalar|
|p_read11               |   in|   32|     ap_none|                 p_read11|        scalar|
|p_read12               |   in|   32|     ap_none|                 p_read12|        scalar|
|p_read13               |   in|   32|     ap_none|                 p_read13|        scalar|
|p_read14               |   in|   32|     ap_none|                 p_read14|        scalar|
|p_read15               |   in|   32|     ap_none|                 p_read15|        scalar|
|p_read16               |   in|   32|     ap_none|                 p_read16|        scalar|
|p_read17               |   in|   32|     ap_none|                 p_read17|        scalar|
|p_read18               |   in|   32|     ap_none|                 p_read18|        scalar|
|p_read19               |   in|   32|     ap_none|                 p_read19|        scalar|
|p_read20               |   in|   32|     ap_none|                 p_read20|        scalar|
|p_read21               |   in|   32|     ap_none|                 p_read21|        scalar|
|p_read22               |   in|   32|     ap_none|                 p_read22|        scalar|
|p_read23               |   in|   32|     ap_none|                 p_read23|        scalar|
|p_read24               |   in|   32|     ap_none|                 p_read24|        scalar|
|p_read25               |   in|   32|     ap_none|                 p_read25|        scalar|
|p_read26               |   in|   32|     ap_none|                 p_read26|        scalar|
|p_read27               |   in|   32|     ap_none|                 p_read27|        scalar|
|p_read28               |   in|   32|     ap_none|                 p_read28|        scalar|
|p_read29               |   in|   32|     ap_none|                 p_read29|        scalar|
|p_read30               |   in|   32|     ap_none|                 p_read30|        scalar|
|p_read31               |   in|   32|     ap_none|                 p_read31|        scalar|
|c_tp                   |   in|   32|     ap_none|                     c_tp|        scalar|
|unit_ind_out_din       |  out|    6|     ap_fifo|             unit_ind_out|       pointer|
|unit_ind_out_full_n    |   in|    1|     ap_fifo|             unit_ind_out|       pointer|
|unit_ind_out_write     |  out|    1|     ap_fifo|             unit_ind_out|       pointer|
|unit_ind_out1_din      |  out|    6|     ap_fifo|            unit_ind_out1|       pointer|
|unit_ind_out1_full_n   |   in|    1|     ap_fifo|            unit_ind_out1|       pointer|
|unit_ind_out1_write    |  out|    1|     ap_fifo|            unit_ind_out1|       pointer|
|unit_ind_out2_din      |  out|    6|     ap_fifo|            unit_ind_out2|       pointer|
|unit_ind_out2_full_n   |   in|    1|     ap_fifo|            unit_ind_out2|       pointer|
|unit_ind_out2_write    |  out|    1|     ap_fifo|            unit_ind_out2|       pointer|
|unit_ind_out3_din      |  out|    6|     ap_fifo|            unit_ind_out3|       pointer|
|unit_ind_out3_full_n   |   in|    1|     ap_fifo|            unit_ind_out3|       pointer|
|unit_ind_out3_write    |  out|    1|     ap_fifo|            unit_ind_out3|       pointer|
|unit_ind_out4_din      |  out|    6|     ap_fifo|            unit_ind_out4|       pointer|
|unit_ind_out4_full_n   |   in|    1|     ap_fifo|            unit_ind_out4|       pointer|
|unit_ind_out4_write    |  out|    1|     ap_fifo|            unit_ind_out4|       pointer|
|x_t_out_din            |  out|   32|     ap_fifo|                  x_t_out|       pointer|
|x_t_out_full_n         |   in|    1|     ap_fifo|                  x_t_out|       pointer|
|x_t_out_write          |  out|    1|     ap_fifo|                  x_t_out|       pointer|
|x_t_out5_din           |  out|   32|     ap_fifo|                 x_t_out5|       pointer|
|x_t_out5_full_n        |   in|    1|     ap_fifo|                 x_t_out5|       pointer|
|x_t_out5_write         |  out|    1|     ap_fifo|                 x_t_out5|       pointer|
|x_t_out6_din           |  out|   32|     ap_fifo|                 x_t_out6|       pointer|
|x_t_out6_full_n        |   in|    1|     ap_fifo|                 x_t_out6|       pointer|
|x_t_out6_write         |  out|    1|     ap_fifo|                 x_t_out6|       pointer|
|x_t_out7_din           |  out|   32|     ap_fifo|                 x_t_out7|       pointer|
|x_t_out7_full_n        |   in|    1|     ap_fifo|                 x_t_out7|       pointer|
|x_t_out7_write         |  out|    1|     ap_fifo|                 x_t_out7|       pointer|
|h_tps_0_out_din        |  out|   32|     ap_fifo|              h_tps_0_out|       pointer|
|h_tps_0_out_full_n     |   in|    1|     ap_fifo|              h_tps_0_out|       pointer|
|h_tps_0_out_write      |  out|    1|     ap_fifo|              h_tps_0_out|       pointer|
|h_tps_0_out8_din       |  out|   32|     ap_fifo|             h_tps_0_out8|       pointer|
|h_tps_0_out8_full_n    |   in|    1|     ap_fifo|             h_tps_0_out8|       pointer|
|h_tps_0_out8_write     |  out|    1|     ap_fifo|             h_tps_0_out8|       pointer|
|h_tps_1_out_din        |  out|   32|     ap_fifo|              h_tps_1_out|       pointer|
|h_tps_1_out_full_n     |   in|    1|     ap_fifo|              h_tps_1_out|       pointer|
|h_tps_1_out_write      |  out|    1|     ap_fifo|              h_tps_1_out|       pointer|
|h_tps_1_out9_din       |  out|   32|     ap_fifo|             h_tps_1_out9|       pointer|
|h_tps_1_out9_full_n    |   in|    1|     ap_fifo|             h_tps_1_out9|       pointer|
|h_tps_1_out9_write     |  out|    1|     ap_fifo|             h_tps_1_out9|       pointer|
|h_tps_2_out_din        |  out|   32|     ap_fifo|              h_tps_2_out|       pointer|
|h_tps_2_out_full_n     |   in|    1|     ap_fifo|              h_tps_2_out|       pointer|
|h_tps_2_out_write      |  out|    1|     ap_fifo|              h_tps_2_out|       pointer|
|h_tps_2_out10_din      |  out|   32|     ap_fifo|            h_tps_2_out10|       pointer|
|h_tps_2_out10_full_n   |   in|    1|     ap_fifo|            h_tps_2_out10|       pointer|
|h_tps_2_out10_write    |  out|    1|     ap_fifo|            h_tps_2_out10|       pointer|
|h_tps_3_out_din        |  out|   32|     ap_fifo|              h_tps_3_out|       pointer|
|h_tps_3_out_full_n     |   in|    1|     ap_fifo|              h_tps_3_out|       pointer|
|h_tps_3_out_write      |  out|    1|     ap_fifo|              h_tps_3_out|       pointer|
|h_tps_3_out11_din      |  out|   32|     ap_fifo|            h_tps_3_out11|       pointer|
|h_tps_3_out11_full_n   |   in|    1|     ap_fifo|            h_tps_3_out11|       pointer|
|h_tps_3_out11_write    |  out|    1|     ap_fifo|            h_tps_3_out11|       pointer|
|h_tps_4_out_din        |  out|   32|     ap_fifo|              h_tps_4_out|       pointer|
|h_tps_4_out_full_n     |   in|    1|     ap_fifo|              h_tps_4_out|       pointer|
|h_tps_4_out_write      |  out|    1|     ap_fifo|              h_tps_4_out|       pointer|
|h_tps_4_out12_din      |  out|   32|     ap_fifo|            h_tps_4_out12|       pointer|
|h_tps_4_out12_full_n   |   in|    1|     ap_fifo|            h_tps_4_out12|       pointer|
|h_tps_4_out12_write    |  out|    1|     ap_fifo|            h_tps_4_out12|       pointer|
|h_tps_5_out_din        |  out|   32|     ap_fifo|              h_tps_5_out|       pointer|
|h_tps_5_out_full_n     |   in|    1|     ap_fifo|              h_tps_5_out|       pointer|
|h_tps_5_out_write      |  out|    1|     ap_fifo|              h_tps_5_out|       pointer|
|h_tps_5_out13_din      |  out|   32|     ap_fifo|            h_tps_5_out13|       pointer|
|h_tps_5_out13_full_n   |   in|    1|     ap_fifo|            h_tps_5_out13|       pointer|
|h_tps_5_out13_write    |  out|    1|     ap_fifo|            h_tps_5_out13|       pointer|
|h_tps_6_out_din        |  out|   32|     ap_fifo|              h_tps_6_out|       pointer|
|h_tps_6_out_full_n     |   in|    1|     ap_fifo|              h_tps_6_out|       pointer|
|h_tps_6_out_write      |  out|    1|     ap_fifo|              h_tps_6_out|       pointer|
|h_tps_6_out14_din      |  out|   32|     ap_fifo|            h_tps_6_out14|       pointer|
|h_tps_6_out14_full_n   |   in|    1|     ap_fifo|            h_tps_6_out14|       pointer|
|h_tps_6_out14_write    |  out|    1|     ap_fifo|            h_tps_6_out14|       pointer|
|h_tps_7_out_din        |  out|   32|     ap_fifo|              h_tps_7_out|       pointer|
|h_tps_7_out_full_n     |   in|    1|     ap_fifo|              h_tps_7_out|       pointer|
|h_tps_7_out_write      |  out|    1|     ap_fifo|              h_tps_7_out|       pointer|
|h_tps_7_out15_din      |  out|   32|     ap_fifo|            h_tps_7_out15|       pointer|
|h_tps_7_out15_full_n   |   in|    1|     ap_fifo|            h_tps_7_out15|       pointer|
|h_tps_7_out15_write    |  out|    1|     ap_fifo|            h_tps_7_out15|       pointer|
|h_tps_8_out_din        |  out|   32|     ap_fifo|              h_tps_8_out|       pointer|
|h_tps_8_out_full_n     |   in|    1|     ap_fifo|              h_tps_8_out|       pointer|
|h_tps_8_out_write      |  out|    1|     ap_fifo|              h_tps_8_out|       pointer|
|h_tps_8_out16_din      |  out|   32|     ap_fifo|            h_tps_8_out16|       pointer|
|h_tps_8_out16_full_n   |   in|    1|     ap_fifo|            h_tps_8_out16|       pointer|
|h_tps_8_out16_write    |  out|    1|     ap_fifo|            h_tps_8_out16|       pointer|
|h_tps_9_out_din        |  out|   32|     ap_fifo|              h_tps_9_out|       pointer|
|h_tps_9_out_full_n     |   in|    1|     ap_fifo|              h_tps_9_out|       pointer|
|h_tps_9_out_write      |  out|    1|     ap_fifo|              h_tps_9_out|       pointer|
|h_tps_9_out17_din      |  out|   32|     ap_fifo|            h_tps_9_out17|       pointer|
|h_tps_9_out17_full_n   |   in|    1|     ap_fifo|            h_tps_9_out17|       pointer|
|h_tps_9_out17_write    |  out|    1|     ap_fifo|            h_tps_9_out17|       pointer|
|h_tps_10_out_din       |  out|   32|     ap_fifo|             h_tps_10_out|       pointer|
|h_tps_10_out_full_n    |   in|    1|     ap_fifo|             h_tps_10_out|       pointer|
|h_tps_10_out_write     |  out|    1|     ap_fifo|             h_tps_10_out|       pointer|
|h_tps_10_out18_din     |  out|   32|     ap_fifo|           h_tps_10_out18|       pointer|
|h_tps_10_out18_full_n  |   in|    1|     ap_fifo|           h_tps_10_out18|       pointer|
|h_tps_10_out18_write   |  out|    1|     ap_fifo|           h_tps_10_out18|       pointer|
|h_tps_11_out_din       |  out|   32|     ap_fifo|             h_tps_11_out|       pointer|
|h_tps_11_out_full_n    |   in|    1|     ap_fifo|             h_tps_11_out|       pointer|
|h_tps_11_out_write     |  out|    1|     ap_fifo|             h_tps_11_out|       pointer|
|h_tps_11_out19_din     |  out|   32|     ap_fifo|           h_tps_11_out19|       pointer|
|h_tps_11_out19_full_n  |   in|    1|     ap_fifo|           h_tps_11_out19|       pointer|
|h_tps_11_out19_write   |  out|    1|     ap_fifo|           h_tps_11_out19|       pointer|
|h_tps_12_out_din       |  out|   32|     ap_fifo|             h_tps_12_out|       pointer|
|h_tps_12_out_full_n    |   in|    1|     ap_fifo|             h_tps_12_out|       pointer|
|h_tps_12_out_write     |  out|    1|     ap_fifo|             h_tps_12_out|       pointer|
|h_tps_12_out20_din     |  out|   32|     ap_fifo|           h_tps_12_out20|       pointer|
|h_tps_12_out20_full_n  |   in|    1|     ap_fifo|           h_tps_12_out20|       pointer|
|h_tps_12_out20_write   |  out|    1|     ap_fifo|           h_tps_12_out20|       pointer|
|h_tps_13_out_din       |  out|   32|     ap_fifo|             h_tps_13_out|       pointer|
|h_tps_13_out_full_n    |   in|    1|     ap_fifo|             h_tps_13_out|       pointer|
|h_tps_13_out_write     |  out|    1|     ap_fifo|             h_tps_13_out|       pointer|
|h_tps_13_out21_din     |  out|   32|     ap_fifo|           h_tps_13_out21|       pointer|
|h_tps_13_out21_full_n  |   in|    1|     ap_fifo|           h_tps_13_out21|       pointer|
|h_tps_13_out21_write   |  out|    1|     ap_fifo|           h_tps_13_out21|       pointer|
|h_tps_14_out_din       |  out|   32|     ap_fifo|             h_tps_14_out|       pointer|
|h_tps_14_out_full_n    |   in|    1|     ap_fifo|             h_tps_14_out|       pointer|
|h_tps_14_out_write     |  out|    1|     ap_fifo|             h_tps_14_out|       pointer|
|h_tps_14_out22_din     |  out|   32|     ap_fifo|           h_tps_14_out22|       pointer|
|h_tps_14_out22_full_n  |   in|    1|     ap_fifo|           h_tps_14_out22|       pointer|
|h_tps_14_out22_write   |  out|    1|     ap_fifo|           h_tps_14_out22|       pointer|
|h_tps_15_out_din       |  out|   32|     ap_fifo|             h_tps_15_out|       pointer|
|h_tps_15_out_full_n    |   in|    1|     ap_fifo|             h_tps_15_out|       pointer|
|h_tps_15_out_write     |  out|    1|     ap_fifo|             h_tps_15_out|       pointer|
|h_tps_15_out23_din     |  out|   32|     ap_fifo|           h_tps_15_out23|       pointer|
|h_tps_15_out23_full_n  |   in|    1|     ap_fifo|           h_tps_15_out23|       pointer|
|h_tps_15_out23_write   |  out|    1|     ap_fifo|           h_tps_15_out23|       pointer|
|h_tps_16_out_din       |  out|   32|     ap_fifo|             h_tps_16_out|       pointer|
|h_tps_16_out_full_n    |   in|    1|     ap_fifo|             h_tps_16_out|       pointer|
|h_tps_16_out_write     |  out|    1|     ap_fifo|             h_tps_16_out|       pointer|
|h_tps_16_out24_din     |  out|   32|     ap_fifo|           h_tps_16_out24|       pointer|
|h_tps_16_out24_full_n  |   in|    1|     ap_fifo|           h_tps_16_out24|       pointer|
|h_tps_16_out24_write   |  out|    1|     ap_fifo|           h_tps_16_out24|       pointer|
|h_tps_17_out_din       |  out|   32|     ap_fifo|             h_tps_17_out|       pointer|
|h_tps_17_out_full_n    |   in|    1|     ap_fifo|             h_tps_17_out|       pointer|
|h_tps_17_out_write     |  out|    1|     ap_fifo|             h_tps_17_out|       pointer|
|h_tps_17_out25_din     |  out|   32|     ap_fifo|           h_tps_17_out25|       pointer|
|h_tps_17_out25_full_n  |   in|    1|     ap_fifo|           h_tps_17_out25|       pointer|
|h_tps_17_out25_write   |  out|    1|     ap_fifo|           h_tps_17_out25|       pointer|
|h_tps_18_out_din       |  out|   32|     ap_fifo|             h_tps_18_out|       pointer|
|h_tps_18_out_full_n    |   in|    1|     ap_fifo|             h_tps_18_out|       pointer|
|h_tps_18_out_write     |  out|    1|     ap_fifo|             h_tps_18_out|       pointer|
|h_tps_18_out26_din     |  out|   32|     ap_fifo|           h_tps_18_out26|       pointer|
|h_tps_18_out26_full_n  |   in|    1|     ap_fifo|           h_tps_18_out26|       pointer|
|h_tps_18_out26_write   |  out|    1|     ap_fifo|           h_tps_18_out26|       pointer|
|h_tps_19_out_din       |  out|   32|     ap_fifo|             h_tps_19_out|       pointer|
|h_tps_19_out_full_n    |   in|    1|     ap_fifo|             h_tps_19_out|       pointer|
|h_tps_19_out_write     |  out|    1|     ap_fifo|             h_tps_19_out|       pointer|
|h_tps_19_out27_din     |  out|   32|     ap_fifo|           h_tps_19_out27|       pointer|
|h_tps_19_out27_full_n  |   in|    1|     ap_fifo|           h_tps_19_out27|       pointer|
|h_tps_19_out27_write   |  out|    1|     ap_fifo|           h_tps_19_out27|       pointer|
|h_tps_20_out_din       |  out|   32|     ap_fifo|             h_tps_20_out|       pointer|
|h_tps_20_out_full_n    |   in|    1|     ap_fifo|             h_tps_20_out|       pointer|
|h_tps_20_out_write     |  out|    1|     ap_fifo|             h_tps_20_out|       pointer|
|h_tps_20_out28_din     |  out|   32|     ap_fifo|           h_tps_20_out28|       pointer|
|h_tps_20_out28_full_n  |   in|    1|     ap_fifo|           h_tps_20_out28|       pointer|
|h_tps_20_out28_write   |  out|    1|     ap_fifo|           h_tps_20_out28|       pointer|
|h_tps_21_out_din       |  out|   32|     ap_fifo|             h_tps_21_out|       pointer|
|h_tps_21_out_full_n    |   in|    1|     ap_fifo|             h_tps_21_out|       pointer|
|h_tps_21_out_write     |  out|    1|     ap_fifo|             h_tps_21_out|       pointer|
|h_tps_21_out29_din     |  out|   32|     ap_fifo|           h_tps_21_out29|       pointer|
|h_tps_21_out29_full_n  |   in|    1|     ap_fifo|           h_tps_21_out29|       pointer|
|h_tps_21_out29_write   |  out|    1|     ap_fifo|           h_tps_21_out29|       pointer|
|h_tps_22_out_din       |  out|   32|     ap_fifo|             h_tps_22_out|       pointer|
|h_tps_22_out_full_n    |   in|    1|     ap_fifo|             h_tps_22_out|       pointer|
|h_tps_22_out_write     |  out|    1|     ap_fifo|             h_tps_22_out|       pointer|
|h_tps_22_out30_din     |  out|   32|     ap_fifo|           h_tps_22_out30|       pointer|
|h_tps_22_out30_full_n  |   in|    1|     ap_fifo|           h_tps_22_out30|       pointer|
|h_tps_22_out30_write   |  out|    1|     ap_fifo|           h_tps_22_out30|       pointer|
|h_tps_23_out_din       |  out|   32|     ap_fifo|             h_tps_23_out|       pointer|
|h_tps_23_out_full_n    |   in|    1|     ap_fifo|             h_tps_23_out|       pointer|
|h_tps_23_out_write     |  out|    1|     ap_fifo|             h_tps_23_out|       pointer|
|h_tps_23_out31_din     |  out|   32|     ap_fifo|           h_tps_23_out31|       pointer|
|h_tps_23_out31_full_n  |   in|    1|     ap_fifo|           h_tps_23_out31|       pointer|
|h_tps_23_out31_write   |  out|    1|     ap_fifo|           h_tps_23_out31|       pointer|
|h_tps_24_out_din       |  out|   32|     ap_fifo|             h_tps_24_out|       pointer|
|h_tps_24_out_full_n    |   in|    1|     ap_fifo|             h_tps_24_out|       pointer|
|h_tps_24_out_write     |  out|    1|     ap_fifo|             h_tps_24_out|       pointer|
|h_tps_24_out32_din     |  out|   32|     ap_fifo|           h_tps_24_out32|       pointer|
|h_tps_24_out32_full_n  |   in|    1|     ap_fifo|           h_tps_24_out32|       pointer|
|h_tps_24_out32_write   |  out|    1|     ap_fifo|           h_tps_24_out32|       pointer|
|h_tps_25_out_din       |  out|   32|     ap_fifo|             h_tps_25_out|       pointer|
|h_tps_25_out_full_n    |   in|    1|     ap_fifo|             h_tps_25_out|       pointer|
|h_tps_25_out_write     |  out|    1|     ap_fifo|             h_tps_25_out|       pointer|
|h_tps_25_out33_din     |  out|   32|     ap_fifo|           h_tps_25_out33|       pointer|
|h_tps_25_out33_full_n  |   in|    1|     ap_fifo|           h_tps_25_out33|       pointer|
|h_tps_25_out33_write   |  out|    1|     ap_fifo|           h_tps_25_out33|       pointer|
|h_tps_26_out_din       |  out|   32|     ap_fifo|             h_tps_26_out|       pointer|
|h_tps_26_out_full_n    |   in|    1|     ap_fifo|             h_tps_26_out|       pointer|
|h_tps_26_out_write     |  out|    1|     ap_fifo|             h_tps_26_out|       pointer|
|h_tps_26_out34_din     |  out|   32|     ap_fifo|           h_tps_26_out34|       pointer|
|h_tps_26_out34_full_n  |   in|    1|     ap_fifo|           h_tps_26_out34|       pointer|
|h_tps_26_out34_write   |  out|    1|     ap_fifo|           h_tps_26_out34|       pointer|
|h_tps_27_out_din       |  out|   32|     ap_fifo|             h_tps_27_out|       pointer|
|h_tps_27_out_full_n    |   in|    1|     ap_fifo|             h_tps_27_out|       pointer|
|h_tps_27_out_write     |  out|    1|     ap_fifo|             h_tps_27_out|       pointer|
|h_tps_27_out35_din     |  out|   32|     ap_fifo|           h_tps_27_out35|       pointer|
|h_tps_27_out35_full_n  |   in|    1|     ap_fifo|           h_tps_27_out35|       pointer|
|h_tps_27_out35_write   |  out|    1|     ap_fifo|           h_tps_27_out35|       pointer|
|h_tps_28_out_din       |  out|   32|     ap_fifo|             h_tps_28_out|       pointer|
|h_tps_28_out_full_n    |   in|    1|     ap_fifo|             h_tps_28_out|       pointer|
|h_tps_28_out_write     |  out|    1|     ap_fifo|             h_tps_28_out|       pointer|
|h_tps_28_out36_din     |  out|   32|     ap_fifo|           h_tps_28_out36|       pointer|
|h_tps_28_out36_full_n  |   in|    1|     ap_fifo|           h_tps_28_out36|       pointer|
|h_tps_28_out36_write   |  out|    1|     ap_fifo|           h_tps_28_out36|       pointer|
|h_tps_29_out_din       |  out|   32|     ap_fifo|             h_tps_29_out|       pointer|
|h_tps_29_out_full_n    |   in|    1|     ap_fifo|             h_tps_29_out|       pointer|
|h_tps_29_out_write     |  out|    1|     ap_fifo|             h_tps_29_out|       pointer|
|h_tps_29_out37_din     |  out|   32|     ap_fifo|           h_tps_29_out37|       pointer|
|h_tps_29_out37_full_n  |   in|    1|     ap_fifo|           h_tps_29_out37|       pointer|
|h_tps_29_out37_write   |  out|    1|     ap_fifo|           h_tps_29_out37|       pointer|
|h_tps_30_out_din       |  out|   32|     ap_fifo|             h_tps_30_out|       pointer|
|h_tps_30_out_full_n    |   in|    1|     ap_fifo|             h_tps_30_out|       pointer|
|h_tps_30_out_write     |  out|    1|     ap_fifo|             h_tps_30_out|       pointer|
|h_tps_30_out38_din     |  out|   32|     ap_fifo|           h_tps_30_out38|       pointer|
|h_tps_30_out38_full_n  |   in|    1|     ap_fifo|           h_tps_30_out38|       pointer|
|h_tps_30_out38_write   |  out|    1|     ap_fifo|           h_tps_30_out38|       pointer|
|h_tps_31_out_din       |  out|   32|     ap_fifo|             h_tps_31_out|       pointer|
|h_tps_31_out_full_n    |   in|    1|     ap_fifo|             h_tps_31_out|       pointer|
|h_tps_31_out_write     |  out|    1|     ap_fifo|             h_tps_31_out|       pointer|
|h_tps_31_out39_din     |  out|   32|     ap_fifo|           h_tps_31_out39|       pointer|
|h_tps_31_out39_full_n  |   in|    1|     ap_fifo|           h_tps_31_out39|       pointer|
|h_tps_31_out39_write   |  out|    1|     ap_fifo|           h_tps_31_out39|       pointer|
|c_tp_out_din           |  out|   32|     ap_fifo|                 c_tp_out|       pointer|
|c_tp_out_full_n        |   in|    1|     ap_fifo|                 c_tp_out|       pointer|
|c_tp_out_write         |  out|    1|     ap_fifo|                 c_tp_out|       pointer|
+-----------------------+-----+-----+------------+-------------------------+--------------+

