

================================================================
== Vitis HLS Report for 'krnl_lstm_unit_Block_split218_proc'
================================================================
* Date:           Mon May 24 12:53:10 2021

* Version:        2020.2 (Build 3064766 on Wed Nov 18 09:12:47 MST 2020)
* Project:        krnl_lstm
* Solution:       solution (Vitis Kernel Flow Target)
* Product family: zynq
* Target device:  xc7z045-ffg900-2


================================================================
== Performance Estimates
================================================================
+ Timing: 
    * Summary: 
    +--------+----------+----------+------------+
    |  Clock |  Target  | Estimated| Uncertainty|
    +--------+----------+----------+------------+
    |ap_clk  |  10.00 ns|  6.329 ns|     2.70 ns|
    +--------+----------+----------+------------+

+ Latency: 
    * Summary: 
    +---------+---------+-----------+-----------+-----+-----+---------+
    |  Latency (cycles) |   Latency (absolute)  |  Interval | Pipeline|
    |   min   |   max   |    min    |    max    | min | max |   Type  |
    +---------+---------+-----------+-----------+-----+-----+---------+
    |        9|        9|  90.000 ns|  90.000 ns|    9|    9|     none|
    +---------+---------+-----------+-----------+-----+-----+---------+

    + Detail: 
        * Instance: 
        N/A

        * Loop: 
        N/A



================================================================
== Utilization Estimates
================================================================
* Summary: 
+-----------------+---------+-----+--------+--------+-----+
|       Name      | BRAM_18K| DSP |   FF   |   LUT  | URAM|
+-----------------+---------+-----+--------+--------+-----+
|DSP              |        -|    -|       -|       -|    -|
|Expression       |        -|    -|       0|       1|    -|
|FIFO             |        -|    -|       -|       -|    -|
|Instance         |        -|    5|     348|     713|    -|
|Memory           |        -|    -|       -|       -|    -|
|Multiplexer      |        -|    -|       -|      81|    -|
|Register         |        -|    -|     139|       -|    -|
+-----------------+---------+-----+--------+--------+-----+
|Total            |        0|    5|     487|     795|    0|
+-----------------+---------+-----+--------+--------+-----+
|Available        |     1090|  900|  437200|  218600|    0|
+-----------------+---------+-----+--------+--------+-----+
|Utilization (%)  |        0|   ~0|      ~0|      ~0|    0|
+-----------------+---------+-----+--------+--------+-----+

+ Detail: 
    * Instance: 
    +--------------------------------------+--------------------------------+---------+----+-----+-----+-----+
    |               Instance               |             Module             | BRAM_18K| DSP|  FF | LUT | URAM|
    +--------------------------------------+--------------------------------+---------+----+-----+-----+-----+
    |fadd_32ns_32ns_32_5_full_dsp_1_U1744  |fadd_32ns_32ns_32_5_full_dsp_1  |        0|   2|  205|  391|    0|
    |fmul_32ns_32ns_32_4_max_dsp_1_U1745   |fmul_32ns_32ns_32_4_max_dsp_1   |        0|   3|  143|  322|    0|
    +--------------------------------------+--------------------------------+---------+----+-----+-----+-----+
    |Total                                 |                                |        0|   5|  348|  713|    0|
    +--------------------------------------+--------------------------------+---------+----+-----+-----+-----+

    * DSP: 
    N/A

    * Memory: 
    N/A

    * FIFO: 
    N/A

    * Expression: 
    +-----------------+----------+----+---+----+------------+------------+
    |  Variable Name  | Operation| DSP| FF| LUT| Bitwidth P0| Bitwidth P1|
    +-----------------+----------+----+---+----+------------+------------+
    |ap_block_state1  |        or|   0|  0|   1|           1|           1|
    +-----------------+----------+----+---+----+------------+------------+
    |Total            |          |   0|  0|   1|           1|           1|
    +-----------------+----------+----+---+----+------------+------------+

    * Multiplexer: 
    +----------------+----+-----------+-----+-----------+
    |      Name      | LUT| Input Size| Bits| Total Bits|
    +----------------+----+-----------+-----+-----------+
    |ap_NS_fsm       |  45|         11|    1|         11|
    |ap_done         |   9|          2|    1|          2|
    |c_t             |   9|          2|   32|         64|
    |c_ti_blk_n      |   9|          2|    1|          2|
    |mul3_loc_blk_n  |   9|          2|    1|          2|
    +----------------+----+-----------+-----+-----------+
    |Total           |  81|         19|   36|         81|
    +----------------+----+-----------+-----+-----------+

    * Register: 
    +----------------------+----+----+-----+-----------+
    |         Name         | FF | LUT| Bits| Const Bits|
    +----------------------+----+----+-----+-----------+
    |ap_CS_fsm             |  10|   0|   10|          0|
    |ap_done_reg           |   1|   0|    1|          0|
    |c_t_preg              |  32|   0|   32|          0|
    |c_ti_read_reg_68      |  32|   0|   32|          0|
    |mul3_loc_read_reg_63  |  32|   0|   32|          0|
    |mul4_i_i_reg_78       |  32|   0|   32|          0|
    +----------------------+----+----+-----+-----------+
    |Total                 | 139|   0|  139|          0|
    +----------------------+----+----+-----+-----------+



================================================================
== Interface
================================================================
* Summary: 
+------------------+-----+-----+------------+-------------------------------------+--------------+
|     RTL Ports    | Dir | Bits|  Protocol  |            Source Object            |    C Type    |
+------------------+-----+-----+------------+-------------------------------------+--------------+
|ap_clk            |   in|    1|  ap_ctrl_hs|  krnl_lstm_unit_Block_.split218_proc|  return value|
|ap_rst            |   in|    1|  ap_ctrl_hs|  krnl_lstm_unit_Block_.split218_proc|  return value|
|ap_start          |   in|    1|  ap_ctrl_hs|  krnl_lstm_unit_Block_.split218_proc|  return value|
|ap_done           |  out|    1|  ap_ctrl_hs|  krnl_lstm_unit_Block_.split218_proc|  return value|
|ap_continue       |   in|    1|  ap_ctrl_hs|  krnl_lstm_unit_Block_.split218_proc|  return value|
|ap_idle           |  out|    1|  ap_ctrl_hs|  krnl_lstm_unit_Block_.split218_proc|  return value|
|ap_ready          |  out|    1|  ap_ctrl_hs|  krnl_lstm_unit_Block_.split218_proc|  return value|
|ap_return         |  out|   32|  ap_ctrl_hs|  krnl_lstm_unit_Block_.split218_proc|  return value|
|c_ti_dout         |   in|   32|     ap_fifo|                                 c_ti|       pointer|
|c_ti_empty_n      |   in|    1|     ap_fifo|                                 c_ti|       pointer|
|c_ti_read         |  out|    1|     ap_fifo|                                 c_ti|       pointer|
|p_read            |   in|   32|     ap_none|                               p_read|        scalar|
|mul3_loc_dout     |   in|   32|     ap_fifo|                             mul3_loc|       pointer|
|mul3_loc_empty_n  |   in|    1|     ap_fifo|                             mul3_loc|       pointer|
|mul3_loc_read     |  out|    1|     ap_fifo|                             mul3_loc|       pointer|
|c_t               |  out|   32|      ap_vld|                                  c_t|       pointer|
|c_t_ap_vld        |  out|    1|      ap_vld|                                  c_t|       pointer|
+------------------+-----+-----+------------+-------------------------------------+--------------+

