

================================================================
== Vitis HLS Report for 'krnl_lstm_unit_Block_split226_proc'
================================================================
* Date:           Mon May 24 12:53:22 2021

* Version:        2020.2 (Build 3064766 on Wed Nov 18 09:12:47 MST 2020)
* Project:        krnl_lstm
* Solution:       solution (Vitis Kernel Flow Target)
* Product family: zynq
* Target device:  xc7z045-ffg900-2


================================================================
== Performance Estimates
================================================================
+ Timing: 
    * Summary: 
    +--------+----------+----------+------------+
    |  Clock |  Target  | Estimated| Uncertainty|
    +--------+----------+----------+------------+
    |ap_clk  |  10.00 ns|  4.729 ns|     2.70 ns|
    +--------+----------+----------+------------+

+ Latency: 
    * Summary: 
    +---------+---------+-----------+-----------+-----+-----+---------+
    |  Latency (cycles) |   Latency (absolute)  |  Interval | Pipeline|
    |   min   |   max   |    min    |    max    | min | max |   Type  |
    +---------+---------+-----------+-----------+-----+-----+---------+
    |        4|        4|  40.000 ns|  40.000 ns|    4|    4|     none|
    +---------+---------+-----------+-----------+-----+-----+---------+

    + Detail: 
        * Instance: 
        N/A

        * Loop: 
        N/A



================================================================
== Utilization Estimates
================================================================
* Summary: 
+-----------------+---------+-----+--------+--------+-----+
|       Name      | BRAM_18K| DSP |   FF   |   LUT  | URAM|
+-----------------+---------+-----+--------+--------+-----+
|DSP              |        -|    -|       -|       -|    -|
|Expression       |        -|    -|       0|       1|    -|
|FIFO             |        -|    -|       -|       -|    -|
|Instance         |        -|    3|     143|     322|    -|
|Memory           |        -|    -|       -|       -|    -|
|Multiplexer      |        -|    -|       -|      52|    -|
|Register         |        -|    -|      70|       -|    -|
+-----------------+---------+-----+--------+--------+-----+
|Total            |        0|    3|     213|     375|    0|
+-----------------+---------+-----+--------+--------+-----+
|Available        |     1090|  900|  437200|  218600|    0|
+-----------------+---------+-----+--------+--------+-----+
|Utilization (%)  |        0|   ~0|      ~0|      ~0|    0|
+-----------------+---------+-----+--------+--------+-----+

+ Detail: 
    * Instance: 
    +-------------------------------------+-------------------------------+---------+----+-----+-----+-----+
    |               Instance              |             Module            | BRAM_18K| DSP|  FF | LUT | URAM|
    +-------------------------------------+-------------------------------+---------+----+-----+-----+-----+
    |fmul_32ns_32ns_32_4_max_dsp_1_U2267  |fmul_32ns_32ns_32_4_max_dsp_1  |        0|   3|  143|  322|    0|
    +-------------------------------------+-------------------------------+---------+----+-----+-----+-----+
    |Total                                |                               |        0|   3|  143|  322|    0|
    +-------------------------------------+-------------------------------+---------+----+-----+-----+-----+

    * DSP: 
    N/A

    * Memory: 
    N/A

    * FIFO: 
    N/A

    * Expression: 
    +-----------------+----------+----+---+----+------------+------------+
    |  Variable Name  | Operation| DSP| FF| LUT| Bitwidth P0| Bitwidth P1|
    +-----------------+----------+----+---+----+------------+------------+
    |ap_block_state1  |        or|   0|  0|   1|           1|           1|
    +-----------------+----------+----+---+----+------------+------------+
    |Total            |          |   0|  0|   1|           1|           1|
    +-----------------+----------+----+---+----+------------+------------+

    * Multiplexer: 
    +--------------------+----+-----------+-----+-----------+
    |        Name        | LUT| Input Size| Bits| Total Bits|
    +--------------------+----+-----------+-----+-----------+
    |ap_NS_fsm           |  25|          6|    1|          6|
    |ap_done             |   9|          2|    1|          2|
    |h_t                 |   9|          2|   32|         64|
    |o_t_load_loc_blk_n  |   9|          2|    1|          2|
    +--------------------+----+-----------+-----+-----------+
    |Total               |  52|         12|   35|         74|
    +--------------------+----+-----------+-----+-----------+

    * Register: 
    +--------------------------+----+----+-----+-----------+
    |           Name           | FF | LUT| Bits| Const Bits|
    +--------------------------+----+----+-----+-----------+
    |ap_CS_fsm                 |   5|   0|    5|          0|
    |ap_done_reg               |   1|   0|    1|          0|
    |h_t_preg                  |  32|   0|   32|          0|
    |o_t_load_loc_read_reg_51  |  32|   0|   32|          0|
    +--------------------------+----+----+-----+-----------+
    |Total                     |  70|   0|   70|          0|
    +--------------------------+----+----+-----+-----------+



================================================================
== Interface
================================================================
* Summary: 
+----------------------+-----+-----+------------+-------------------------------------+--------------+
|       RTL Ports      | Dir | Bits|  Protocol  |            Source Object            |    C Type    |
+----------------------+-----+-----+------------+-------------------------------------+--------------+
|ap_clk                |   in|    1|  ap_ctrl_hs|  krnl_lstm_unit_Block_.split226_proc|  return value|
|ap_rst                |   in|    1|  ap_ctrl_hs|  krnl_lstm_unit_Block_.split226_proc|  return value|
|ap_start              |   in|    1|  ap_ctrl_hs|  krnl_lstm_unit_Block_.split226_proc|  return value|
|ap_done               |  out|    1|  ap_ctrl_hs|  krnl_lstm_unit_Block_.split226_proc|  return value|
|ap_continue           |   in|    1|  ap_ctrl_hs|  krnl_lstm_unit_Block_.split226_proc|  return value|
|ap_idle               |  out|    1|  ap_ctrl_hs|  krnl_lstm_unit_Block_.split226_proc|  return value|
|ap_ready              |  out|    1|  ap_ctrl_hs|  krnl_lstm_unit_Block_.split226_proc|  return value|
|p_read                |   in|   32|     ap_none|                               p_read|        scalar|
|o_t_load_loc_dout     |   in|   32|     ap_fifo|                         o_t_load_loc|       pointer|
|o_t_load_loc_empty_n  |   in|    1|     ap_fifo|                         o_t_load_loc|       pointer|
|o_t_load_loc_read     |  out|    1|     ap_fifo|                         o_t_load_loc|       pointer|
|h_t                   |  out|   32|      ap_vld|                                  h_t|       pointer|
|h_t_ap_vld            |  out|    1|      ap_vld|                                  h_t|       pointer|
+----------------------+-----+-----+------------+-------------------------------------+--------------+

