

================================================================
== Vitis HLS Report for 'krnl_split'
================================================================
* Date:           Mon May 24 12:52:41 2021

* Version:        2020.2 (Build 3064766 on Wed Nov 18 09:12:47 MST 2020)
* Project:        krnl_lstm
* Solution:       solution (Vitis Kernel Flow Target)
* Product family: zynq
* Target device:  xc7z045-ffg900-2


================================================================
== Performance Estimates
================================================================
+ Timing: 
    * Summary: 
    +--------+----------+----------+------------+
    |  Clock |  Target  | Estimated| Uncertainty|
    +--------+----------+----------+------------+
    |ap_clk  |  10.00 ns|  3.401 ns|     2.70 ns|
    +--------+----------+----------+------------+

+ Latency: 
    * Summary: 
    +---------+---------+----------+----------+-----+-----+---------+
    |  Latency (cycles) |  Latency (absolute) |  Interval | Pipeline|
    |   min   |   max   |    min   |    max   | min | max |   Type  |
    +---------+---------+----------+----------+-----+-----+---------+
    |        0|        0|      0 ns|      0 ns|    0|    0|     none|
    +---------+---------+----------+----------+-----+-----+---------+

    + Detail: 
        * Instance: 
        N/A

        * Loop: 
        N/A



================================================================
== Utilization Estimates
================================================================
* Summary: 
+-----------------+---------+-----+--------+--------+-----+
|       Name      | BRAM_18K| DSP |   FF   |   LUT  | URAM|
+-----------------+---------+-----+--------+--------+-----+
|DSP              |        -|    -|       -|       -|    -|
|Expression       |        -|    -|       0|       1|    -|
|FIFO             |        -|    -|       -|       -|    -|
|Instance         |        -|    -|       -|       -|    -|
|Memory           |        -|    -|       -|       -|    -|
|Multiplexer      |        -|    -|       -|    2313|    -|
|Register         |        -|    -|    6146|       -|    -|
+-----------------+---------+-----+--------+--------+-----+
|Total            |        0|    0|    6146|    2314|    0|
+-----------------+---------+-----+--------+--------+-----+
|Available        |     1090|  900|  437200|  218600|    0|
+-----------------+---------+-----+--------+--------+-----+
|Utilization (%)  |        0|    0|       1|       1|    0|
+-----------------+---------+-----+--------+--------+-----+

+ Detail: 
    * Instance: 
    N/A

    * DSP: 
    N/A

    * Memory: 
    N/A

    * FIFO: 
    N/A

    * Expression: 
    +-----------------+----------+----+---+----+------------+------------+
    |  Variable Name  | Operation| DSP| FF| LUT| Bitwidth P0| Bitwidth P1|
    +-----------------+----------+----+---+----+------------+------------+
    |ap_block_state1  |        or|   0|  0|   1|           1|           1|
    +-----------------+----------+----+---+----+------------+------------+
    |Total            |          |   0|  0|   1|           1|           1|
    +-----------------+----------+----+---+----+------------+------------+

    * Multiplexer: 
    +---------------+----+-----------+-----+-----------+
    |      Name     | LUT| Input Size| Bits| Total Bits|
    +---------------+----+-----------+-----+-----------+
    |ap_done        |   9|          2|    1|          2|
    |ap_return_0    |   9|          2|   32|         64|
    |ap_return_1    |   9|          2|   32|         64|
    |ap_return_10   |   9|          2|   32|         64|
    |ap_return_100  |   9|          2|   32|         64|
    |ap_return_101  |   9|          2|   32|         64|
    |ap_return_102  |   9|          2|   32|         64|
    |ap_return_103  |   9|          2|   32|         64|
    |ap_return_104  |   9|          2|   32|         64|
    |ap_return_105  |   9|          2|   32|         64|
    |ap_return_106  |   9|          2|   32|         64|
    |ap_return_107  |   9|          2|   32|         64|
    |ap_return_108  |   9|          2|   32|         64|
    |ap_return_109  |   9|          2|   32|         64|
    |ap_return_11   |   9|          2|   32|         64|
    |ap_return_110  |   9|          2|   32|         64|
    |ap_return_111  |   9|          2|   32|         64|
    |ap_return_112  |   9|          2|   32|         64|
    |ap_return_113  |   9|          2|   32|         64|
    |ap_return_114  |   9|          2|   32|         64|
    |ap_return_115  |   9|          2|   32|         64|
    |ap_return_116  |   9|          2|   32|         64|
    |ap_return_117  |   9|          2|   32|         64|
    |ap_return_118  |   9|          2|   32|         64|
    |ap_return_119  |   9|          2|   32|         64|
    |ap_return_12   |   9|          2|   32|         64|
    |ap_return_120  |   9|          2|   32|         64|
    |ap_return_121  |   9|          2|   32|         64|
    |ap_return_122  |   9|          2|   32|         64|
    |ap_return_123  |   9|          2|   32|         64|
    |ap_return_124  |   9|          2|   32|         64|
    |ap_return_125  |   9|          2|   32|         64|
    |ap_return_126  |   9|          2|   32|         64|
    |ap_return_127  |   9|          2|   32|         64|
    |ap_return_128  |   9|          2|   32|         64|
    |ap_return_129  |   9|          2|   32|         64|
    |ap_return_13   |   9|          2|   32|         64|
    |ap_return_130  |   9|          2|   32|         64|
    |ap_return_131  |   9|          2|   32|         64|
    |ap_return_132  |   9|          2|   32|         64|
    |ap_return_133  |   9|          2|   32|         64|
    |ap_return_134  |   9|          2|   32|         64|
    |ap_return_135  |   9|          2|   32|         64|
    |ap_return_136  |   9|          2|   32|         64|
    |ap_return_137  |   9|          2|   32|         64|
    |ap_return_138  |   9|          2|   32|         64|
    |ap_return_139  |   9|          2|   32|         64|
    |ap_return_14   |   9|          2|   32|         64|
    |ap_return_140  |   9|          2|   32|         64|
    |ap_return_141  |   9|          2|   32|         64|
    |ap_return_142  |   9|          2|   32|         64|
    |ap_return_143  |   9|          2|   32|         64|
    |ap_return_144  |   9|          2|   32|         64|
    |ap_return_145  |   9|          2|   32|         64|
    |ap_return_146  |   9|          2|   32|         64|
    |ap_return_147  |   9|          2|   32|         64|
    |ap_return_148  |   9|          2|   32|         64|
    |ap_return_149  |   9|          2|   32|         64|
    |ap_return_15   |   9|          2|   32|         64|
    |ap_return_150  |   9|          2|   32|         64|
    |ap_return_151  |   9|          2|   32|         64|
    |ap_return_152  |   9|          2|   32|         64|
    |ap_return_153  |   9|          2|   32|         64|
    |ap_return_154  |   9|          2|   32|         64|
    |ap_return_155  |   9|          2|   32|         64|
    |ap_return_156  |   9|          2|   32|         64|
    |ap_return_157  |   9|          2|   32|         64|
    |ap_return_158  |   9|          2|   32|         64|
    |ap_return_159  |   9|          2|   32|         64|
    |ap_return_16   |   9|          2|   32|         64|
    |ap_return_160  |   9|          2|   32|         64|
    |ap_return_161  |   9|          2|   32|         64|
    |ap_return_162  |   9|          2|   32|         64|
    |ap_return_163  |   9|          2|   32|         64|
    |ap_return_164  |   9|          2|   32|         64|
    |ap_return_165  |   9|          2|   32|         64|
    |ap_return_166  |   9|          2|   32|         64|
    |ap_return_167  |   9|          2|   32|         64|
    |ap_return_168  |   9|          2|   32|         64|
    |ap_return_169  |   9|          2|   32|         64|
    |ap_return_17   |   9|          2|   32|         64|
    |ap_return_170  |   9|          2|   32|         64|
    |ap_return_171  |   9|          2|   32|         64|
    |ap_return_172  |   9|          2|   32|         64|
    |ap_return_173  |   9|          2|   32|         64|
    |ap_return_174  |   9|          2|   32|         64|
    |ap_return_175  |   9|          2|   32|         64|
    |ap_return_176  |   9|          2|   32|         64|
    |ap_return_177  |   9|          2|   32|         64|
    |ap_return_178  |   9|          2|   32|         64|
    |ap_return_179  |   9|          2|   32|         64|
    |ap_return_18   |   9|          2|   32|         64|
    |ap_return_180  |   9|          2|   32|         64|
    |ap_return_181  |   9|          2|   32|         64|
    |ap_return_182  |   9|          2|   32|         64|
    |ap_return_183  |   9|          2|   32|         64|
    |ap_return_184  |   9|          2|   32|         64|
    |ap_return_185  |   9|          2|   32|         64|
    |ap_return_186  |   9|          2|   32|         64|
    |ap_return_187  |   9|          2|   32|         64|
    |ap_return_188  |   9|          2|   32|         64|
    |ap_return_189  |   9|          2|   32|         64|
    |ap_return_19   |   9|          2|   32|         64|
    |ap_return_190  |   9|          2|   32|         64|
    |ap_return_191  |   9|          2|   32|         64|
    |ap_return_2    |   9|          2|   32|         64|
    |ap_return_20   |   9|          2|   32|         64|
    |ap_return_21   |   9|          2|   32|         64|
    |ap_return_22   |   9|          2|   32|         64|
    |ap_return_23   |   9|          2|   32|         64|
    |ap_return_24   |   9|          2|   32|         64|
    |ap_return_25   |   9|          2|   32|         64|
    |ap_return_26   |   9|          2|   32|         64|
    |ap_return_27   |   9|          2|   32|         64|
    |ap_return_28   |   9|          2|   32|         64|
    |ap_return_29   |   9|          2|   32|         64|
    |ap_return_3    |   9|          2|   32|         64|
    |ap_return_30   |   9|          2|   32|         64|
    |ap_return_31   |   9|          2|   32|         64|
    |ap_return_32   |   9|          2|   32|         64|
    |ap_return_33   |   9|          2|   32|         64|
    |ap_return_34   |   9|          2|   32|         64|
    |ap_return_35   |   9|          2|   32|         64|
    |ap_return_36   |   9|          2|   32|         64|
    |ap_return_37   |   9|          2|   32|         64|
    |ap_return_38   |   9|          2|   32|         64|
    |ap_return_39   |   9|          2|   32|         64|
    |ap_return_4    |   9|          2|   32|         64|
    |ap_return_40   |   9|          2|   32|         64|
    |ap_return_41   |   9|          2|   32|         64|
    |ap_return_42   |   9|          2|   32|         64|
    |ap_return_43   |   9|          2|   32|         64|
    |ap_return_44   |   9|          2|   32|         64|
    |ap_return_45   |   9|          2|   32|         64|
    |ap_return_46   |   9|          2|   32|         64|
    |ap_return_47   |   9|          2|   32|         64|
    |ap_return_48   |   9|          2|   32|         64|
    |ap_return_49   |   9|          2|   32|         64|
    |ap_return_5    |   9|          2|   32|         64|
    |ap_return_50   |   9|          2|   32|         64|
    |ap_return_51   |   9|          2|   32|         64|
    |ap_return_52   |   9|          2|   32|         64|
    |ap_return_53   |   9|          2|   32|         64|
    |ap_return_54   |   9|          2|   32|         64|
    |ap_return_55   |   9|          2|   32|         64|
    |ap_return_56   |   9|          2|   32|         64|
    |ap_return_57   |   9|          2|   32|         64|
    |ap_return_58   |   9|          2|   32|         64|
    |ap_return_59   |   9|          2|   32|         64|
    |ap_return_6    |   9|          2|   32|         64|
    |ap_return_60   |   9|          2|   32|         64|
    |ap_return_61   |   9|          2|   32|         64|
    |ap_return_62   |   9|          2|   32|         64|
    |ap_return_63   |   9|          2|   32|         64|
    |ap_return_64   |   9|          2|   32|         64|
    |ap_return_65   |   9|          2|   32|         64|
    |ap_return_66   |   9|          2|   32|         64|
    |ap_return_67   |   9|          2|   32|         64|
    |ap_return_68   |   9|          2|   32|         64|
    |ap_return_69   |   9|          2|   32|         64|
    |ap_return_7    |   9|          2|   32|         64|
    |ap_return_70   |   9|          2|   32|         64|
    |ap_return_71   |   9|          2|   32|         64|
    |ap_return_72   |   9|          2|   32|         64|
    |ap_return_73   |   9|          2|   32|         64|
    |ap_return_74   |   9|          2|   32|         64|
    |ap_return_75   |   9|          2|   32|         64|
    |ap_return_76   |   9|          2|   32|         64|
    |ap_return_77   |   9|          2|   32|         64|
    |ap_return_78   |   9|          2|   32|         64|
    |ap_return_79   |   9|          2|   32|         64|
    |ap_return_8    |   9|          2|   32|         64|
    |ap_return_80   |   9|          2|   32|         64|
    |ap_return_81   |   9|          2|   32|         64|
    |ap_return_82   |   9|          2|   32|         64|
    |ap_return_83   |   9|          2|   32|         64|
    |ap_return_84   |   9|          2|   32|         64|
    |ap_return_85   |   9|          2|   32|         64|
    |ap_return_86   |   9|          2|   32|         64|
    |ap_return_87   |   9|          2|   32|         64|
    |ap_return_88   |   9|          2|   32|         64|
    |ap_return_89   |   9|          2|   32|         64|
    |ap_return_9    |   9|          2|   32|         64|
    |ap_return_90   |   9|          2|   32|         64|
    |ap_return_91   |   9|          2|   32|         64|
    |ap_return_92   |   9|          2|   32|         64|
    |ap_return_93   |   9|          2|   32|         64|
    |ap_return_94   |   9|          2|   32|         64|
    |ap_return_95   |   9|          2|   32|         64|
    |ap_return_96   |   9|          2|   32|         64|
    |ap_return_97   |   9|          2|   32|         64|
    |ap_return_98   |   9|          2|   32|         64|
    |ap_return_99   |   9|          2|   32|         64|
    |in_0_blk_n     |   9|          2|    1|          2|
    |in_10_blk_n    |   9|          2|    1|          2|
    |in_11_blk_n    |   9|          2|    1|          2|
    |in_12_blk_n    |   9|          2|    1|          2|
    |in_13_blk_n    |   9|          2|    1|          2|
    |in_14_blk_n    |   9|          2|    1|          2|
    |in_15_blk_n    |   9|          2|    1|          2|
    |in_16_blk_n    |   9|          2|    1|          2|
    |in_17_blk_n    |   9|          2|    1|          2|
    |in_18_blk_n    |   9|          2|    1|          2|
    |in_19_blk_n    |   9|          2|    1|          2|
    |in_1_blk_n     |   9|          2|    1|          2|
    |in_20_blk_n    |   9|          2|    1|          2|
    |in_21_blk_n    |   9|          2|    1|          2|
    |in_22_blk_n    |   9|          2|    1|          2|
    |in_23_blk_n    |   9|          2|    1|          2|
    |in_24_blk_n    |   9|          2|    1|          2|
    |in_25_blk_n    |   9|          2|    1|          2|
    |in_26_blk_n    |   9|          2|    1|          2|
    |in_27_blk_n    |   9|          2|    1|          2|
    |in_28_blk_n    |   9|          2|    1|          2|
    |in_29_blk_n    |   9|          2|    1|          2|
    |in_2_blk_n     |   9|          2|    1|          2|
    |in_30_blk_n    |   9|          2|    1|          2|
    |in_31_blk_n    |   9|          2|    1|          2|
    |in_32_blk_n    |   9|          2|    1|          2|
    |in_33_blk_n    |   9|          2|    1|          2|
    |in_34_blk_n    |   9|          2|    1|          2|
    |in_35_blk_n    |   9|          2|    1|          2|
    |in_36_blk_n    |   9|          2|    1|          2|
    |in_37_blk_n    |   9|          2|    1|          2|
    |in_38_blk_n    |   9|          2|    1|          2|
    |in_39_blk_n    |   9|          2|    1|          2|
    |in_3_blk_n     |   9|          2|    1|          2|
    |in_40_blk_n    |   9|          2|    1|          2|
    |in_41_blk_n    |   9|          2|    1|          2|
    |in_42_blk_n    |   9|          2|    1|          2|
    |in_43_blk_n    |   9|          2|    1|          2|
    |in_44_blk_n    |   9|          2|    1|          2|
    |in_45_blk_n    |   9|          2|    1|          2|
    |in_46_blk_n    |   9|          2|    1|          2|
    |in_47_blk_n    |   9|          2|    1|          2|
    |in_48_blk_n    |   9|          2|    1|          2|
    |in_49_blk_n    |   9|          2|    1|          2|
    |in_4_blk_n     |   9|          2|    1|          2|
    |in_50_blk_n    |   9|          2|    1|          2|
    |in_51_blk_n    |   9|          2|    1|          2|
    |in_52_blk_n    |   9|          2|    1|          2|
    |in_53_blk_n    |   9|          2|    1|          2|
    |in_54_blk_n    |   9|          2|    1|          2|
    |in_55_blk_n    |   9|          2|    1|          2|
    |in_56_blk_n    |   9|          2|    1|          2|
    |in_57_blk_n    |   9|          2|    1|          2|
    |in_58_blk_n    |   9|          2|    1|          2|
    |in_59_blk_n    |   9|          2|    1|          2|
    |in_5_blk_n     |   9|          2|    1|          2|
    |in_60_blk_n    |   9|          2|    1|          2|
    |in_61_blk_n    |   9|          2|    1|          2|
    |in_62_blk_n    |   9|          2|    1|          2|
    |in_63_blk_n    |   9|          2|    1|          2|
    |in_6_blk_n     |   9|          2|    1|          2|
    |in_7_blk_n     |   9|          2|    1|          2|
    |in_8_blk_n     |   9|          2|    1|          2|
    |in_9_blk_n     |   9|          2|    1|          2|
    +---------------+----+-----------+-----+-----------+
    |Total          |2313|        514| 6209|      12418|
    +---------------+----+-----------+-----+-----------+

    * Register: 
    +--------------------+----+----+-----+-----------+
    |        Name        | FF | LUT| Bits| Const Bits|
    +--------------------+----+----+-----+-----------+
    |ap_CS_fsm           |   1|   0|    1|          0|
    |ap_done_reg         |   1|   0|    1|          0|
    |ap_return_0_preg    |  32|   0|   32|          0|
    |ap_return_100_preg  |  32|   0|   32|          0|
    |ap_return_101_preg  |  32|   0|   32|          0|
    |ap_return_102_preg  |  32|   0|   32|          0|
    |ap_return_103_preg  |  32|   0|   32|          0|
    |ap_return_104_preg  |  32|   0|   32|          0|
    |ap_return_105_preg  |  32|   0|   32|          0|
    |ap_return_106_preg  |  32|   0|   32|          0|
    |ap_return_107_preg  |  32|   0|   32|          0|
    |ap_return_108_preg  |  32|   0|   32|          0|
    |ap_return_109_preg  |  32|   0|   32|          0|
    |ap_return_10_preg   |  32|   0|   32|          0|
    |ap_return_110_preg  |  32|   0|   32|          0|
    |ap_return_111_preg  |  32|   0|   32|          0|
    |ap_return_112_preg  |  32|   0|   32|          0|
    |ap_return_113_preg  |  32|   0|   32|          0|
    |ap_return_114_preg  |  32|   0|   32|          0|
    |ap_return_115_preg  |  32|   0|   32|          0|
    |ap_return_116_preg  |  32|   0|   32|          0|
    |ap_return_117_preg  |  32|   0|   32|          0|
    |ap_return_118_preg  |  32|   0|   32|          0|
    |ap_return_119_preg  |  32|   0|   32|          0|
    |ap_return_11_preg   |  32|   0|   32|          0|
    |ap_return_120_preg  |  32|   0|   32|          0|
    |ap_return_121_preg  |  32|   0|   32|          0|
    |ap_return_122_preg  |  32|   0|   32|          0|
    |ap_return_123_preg  |  32|   0|   32|          0|
    |ap_return_124_preg  |  32|   0|   32|          0|
    |ap_return_125_preg  |  32|   0|   32|          0|
    |ap_return_126_preg  |  32|   0|   32|          0|
    |ap_return_127_preg  |  32|   0|   32|          0|
    |ap_return_128_preg  |  32|   0|   32|          0|
    |ap_return_129_preg  |  32|   0|   32|          0|
    |ap_return_12_preg   |  32|   0|   32|          0|
    |ap_return_130_preg  |  32|   0|   32|          0|
    |ap_return_131_preg  |  32|   0|   32|          0|
    |ap_return_132_preg  |  32|   0|   32|          0|
    |ap_return_133_preg  |  32|   0|   32|          0|
    |ap_return_134_preg  |  32|   0|   32|          0|
    |ap_return_135_preg  |  32|   0|   32|          0|
    |ap_return_136_preg  |  32|   0|   32|          0|
    |ap_return_137_preg  |  32|   0|   32|          0|
    |ap_return_138_preg  |  32|   0|   32|          0|
    |ap_return_139_preg  |  32|   0|   32|          0|
    |ap_return_13_preg   |  32|   0|   32|          0|
    |ap_return_140_preg  |  32|   0|   32|          0|
    |ap_return_141_preg  |  32|   0|   32|          0|
    |ap_return_142_preg  |  32|   0|   32|          0|
    |ap_return_143_preg  |  32|   0|   32|          0|
    |ap_return_144_preg  |  32|   0|   32|          0|
    |ap_return_145_preg  |  32|   0|   32|          0|
    |ap_return_146_preg  |  32|   0|   32|          0|
    |ap_return_147_preg  |  32|   0|   32|          0|
    |ap_return_148_preg  |  32|   0|   32|          0|
    |ap_return_149_preg  |  32|   0|   32|          0|
    |ap_return_14_preg   |  32|   0|   32|          0|
    |ap_return_150_preg  |  32|   0|   32|          0|
    |ap_return_151_preg  |  32|   0|   32|          0|
    |ap_return_152_preg  |  32|   0|   32|          0|
    |ap_return_153_preg  |  32|   0|   32|          0|
    |ap_return_154_preg  |  32|   0|   32|          0|
    |ap_return_155_preg  |  32|   0|   32|          0|
    |ap_return_156_preg  |  32|   0|   32|          0|
    |ap_return_157_preg  |  32|   0|   32|          0|
    |ap_return_158_preg  |  32|   0|   32|          0|
    |ap_return_159_preg  |  32|   0|   32|          0|
    |ap_return_15_preg   |  32|   0|   32|          0|
    |ap_return_160_preg  |  32|   0|   32|          0|
    |ap_return_161_preg  |  32|   0|   32|          0|
    |ap_return_162_preg  |  32|   0|   32|          0|
    |ap_return_163_preg  |  32|   0|   32|          0|
    |ap_return_164_preg  |  32|   0|   32|          0|
    |ap_return_165_preg  |  32|   0|   32|          0|
    |ap_return_166_preg  |  32|   0|   32|          0|
    |ap_return_167_preg  |  32|   0|   32|          0|
    |ap_return_168_preg  |  32|   0|   32|          0|
    |ap_return_169_preg  |  32|   0|   32|          0|
    |ap_return_16_preg   |  32|   0|   32|          0|
    |ap_return_170_preg  |  32|   0|   32|          0|
    |ap_return_171_preg  |  32|   0|   32|          0|
    |ap_return_172_preg  |  32|   0|   32|          0|
    |ap_return_173_preg  |  32|   0|   32|          0|
    |ap_return_174_preg  |  32|   0|   32|          0|
    |ap_return_175_preg  |  32|   0|   32|          0|
    |ap_return_176_preg  |  32|   0|   32|          0|
    |ap_return_177_preg  |  32|   0|   32|          0|
    |ap_return_178_preg  |  32|   0|   32|          0|
    |ap_return_179_preg  |  32|   0|   32|          0|
    |ap_return_17_preg   |  32|   0|   32|          0|
    |ap_return_180_preg  |  32|   0|   32|          0|
    |ap_return_181_preg  |  32|   0|   32|          0|
    |ap_return_182_preg  |  32|   0|   32|          0|
    |ap_return_183_preg  |  32|   0|   32|          0|
    |ap_return_184_preg  |  32|   0|   32|          0|
    |ap_return_185_preg  |  32|   0|   32|          0|
    |ap_return_186_preg  |  32|   0|   32|          0|
    |ap_return_187_preg  |  32|   0|   32|          0|
    |ap_return_188_preg  |  32|   0|   32|          0|
    |ap_return_189_preg  |  32|   0|   32|          0|
    |ap_return_18_preg   |  32|   0|   32|          0|
    |ap_return_190_preg  |  32|   0|   32|          0|
    |ap_return_191_preg  |  32|   0|   32|          0|
    |ap_return_19_preg   |  32|   0|   32|          0|
    |ap_return_1_preg    |  32|   0|   32|          0|
    |ap_return_20_preg   |  32|   0|   32|          0|
    |ap_return_21_preg   |  32|   0|   32|          0|
    |ap_return_22_preg   |  32|   0|   32|          0|
    |ap_return_23_preg   |  32|   0|   32|          0|
    |ap_return_24_preg   |  32|   0|   32|          0|
    |ap_return_25_preg   |  32|   0|   32|          0|
    |ap_return_26_preg   |  32|   0|   32|          0|
    |ap_return_27_preg   |  32|   0|   32|          0|
    |ap_return_28_preg   |  32|   0|   32|          0|
    |ap_return_29_preg   |  32|   0|   32|          0|
    |ap_return_2_preg    |  32|   0|   32|          0|
    |ap_return_30_preg   |  32|   0|   32|          0|
    |ap_return_31_preg   |  32|   0|   32|          0|
    |ap_return_32_preg   |  32|   0|   32|          0|
    |ap_return_33_preg   |  32|   0|   32|          0|
    |ap_return_34_preg   |  32|   0|   32|          0|
    |ap_return_35_preg   |  32|   0|   32|          0|
    |ap_return_36_preg   |  32|   0|   32|          0|
    |ap_return_37_preg   |  32|   0|   32|          0|
    |ap_return_38_preg   |  32|   0|   32|          0|
    |ap_return_39_preg   |  32|   0|   32|          0|
    |ap_return_3_preg    |  32|   0|   32|          0|
    |ap_return_40_preg   |  32|   0|   32|          0|
    |ap_return_41_preg   |  32|   0|   32|          0|
    |ap_return_42_preg   |  32|   0|   32|          0|
    |ap_return_43_preg   |  32|   0|   32|          0|
    |ap_return_44_preg   |  32|   0|   32|          0|
    |ap_return_45_preg   |  32|   0|   32|          0|
    |ap_return_46_preg   |  32|   0|   32|          0|
    |ap_return_47_preg   |  32|   0|   32|          0|
    |ap_return_48_preg   |  32|   0|   32|          0|
    |ap_return_49_preg   |  32|   0|   32|          0|
    |ap_return_4_preg    |  32|   0|   32|          0|
    |ap_return_50_preg   |  32|   0|   32|          0|
    |ap_return_51_preg   |  32|   0|   32|          0|
    |ap_return_52_preg   |  32|   0|   32|          0|
    |ap_return_53_preg   |  32|   0|   32|          0|
    |ap_return_54_preg   |  32|   0|   32|          0|
    |ap_return_55_preg   |  32|   0|   32|          0|
    |ap_return_56_preg   |  32|   0|   32|          0|
    |ap_return_57_preg   |  32|   0|   32|          0|
    |ap_return_58_preg   |  32|   0|   32|          0|
    |ap_return_59_preg   |  32|   0|   32|          0|
    |ap_return_5_preg    |  32|   0|   32|          0|
    |ap_return_60_preg   |  32|   0|   32|          0|
    |ap_return_61_preg   |  32|   0|   32|          0|
    |ap_return_62_preg   |  32|   0|   32|          0|
    |ap_return_63_preg   |  32|   0|   32|          0|
    |ap_return_64_preg   |  32|   0|   32|          0|
    |ap_return_65_preg   |  32|   0|   32|          0|
    |ap_return_66_preg   |  32|   0|   32|          0|
    |ap_return_67_preg   |  32|   0|   32|          0|
    |ap_return_68_preg   |  32|   0|   32|          0|
    |ap_return_69_preg   |  32|   0|   32|          0|
    |ap_return_6_preg    |  32|   0|   32|          0|
    |ap_return_70_preg   |  32|   0|   32|          0|
    |ap_return_71_preg   |  32|   0|   32|          0|
    |ap_return_72_preg   |  32|   0|   32|          0|
    |ap_return_73_preg   |  32|   0|   32|          0|
    |ap_return_74_preg   |  32|   0|   32|          0|
    |ap_return_75_preg   |  32|   0|   32|          0|
    |ap_return_76_preg   |  32|   0|   32|          0|
    |ap_return_77_preg   |  32|   0|   32|          0|
    |ap_return_78_preg   |  32|   0|   32|          0|
    |ap_return_79_preg   |  32|   0|   32|          0|
    |ap_return_7_preg    |  32|   0|   32|          0|
    |ap_return_80_preg   |  32|   0|   32|          0|
    |ap_return_81_preg   |  32|   0|   32|          0|
    |ap_return_82_preg   |  32|   0|   32|          0|
    |ap_return_83_preg   |  32|   0|   32|          0|
    |ap_return_84_preg   |  32|   0|   32|          0|
    |ap_return_85_preg   |  32|   0|   32|          0|
    |ap_return_86_preg   |  32|   0|   32|          0|
    |ap_return_87_preg   |  32|   0|   32|          0|
    |ap_return_88_preg   |  32|   0|   32|          0|
    |ap_return_89_preg   |  32|   0|   32|          0|
    |ap_return_8_preg    |  32|   0|   32|          0|
    |ap_return_90_preg   |  32|   0|   32|          0|
    |ap_return_91_preg   |  32|   0|   32|          0|
    |ap_return_92_preg   |  32|   0|   32|          0|
    |ap_return_93_preg   |  32|   0|   32|          0|
    |ap_return_94_preg   |  32|   0|   32|          0|
    |ap_return_95_preg   |  32|   0|   32|          0|
    |ap_return_96_preg   |  32|   0|   32|          0|
    |ap_return_97_preg   |  32|   0|   32|          0|
    |ap_return_98_preg   |  32|   0|   32|          0|
    |ap_return_99_preg   |  32|   0|   32|          0|
    |ap_return_9_preg    |  32|   0|   32|          0|
    +--------------------+----+----+-----+-----------+
    |Total               |6146|   0| 6146|          0|
    +--------------------+----+----+-----+-----------+



================================================================
== Interface
================================================================
* Summary: 
+---------------+-----+-----+------------+--------------+--------------+
|   RTL Ports   | Dir | Bits|  Protocol  | Source Object|    C Type    |
+---------------+-----+-----+------------+--------------+--------------+
|ap_clk         |   in|    1|  ap_ctrl_hs|    krnl_split|  return value|
|ap_rst         |   in|    1|  ap_ctrl_hs|    krnl_split|  return value|
|ap_start       |   in|    1|  ap_ctrl_hs|    krnl_split|  return value|
|ap_done        |  out|    1|  ap_ctrl_hs|    krnl_split|  return value|
|ap_continue    |   in|    1|  ap_ctrl_hs|    krnl_split|  return value|
|ap_idle        |  out|    1|  ap_ctrl_hs|    krnl_split|  return value|
|ap_ready       |  out|    1|  ap_ctrl_hs|    krnl_split|  return value|
|ap_return_0    |  out|   32|  ap_ctrl_hs|    krnl_split|  return value|
|ap_return_1    |  out|   32|  ap_ctrl_hs|    krnl_split|  return value|
|ap_return_2    |  out|   32|  ap_ctrl_hs|    krnl_split|  return value|
|ap_return_3    |  out|   32|  ap_ctrl_hs|    krnl_split|  return value|
|ap_return_4    |  out|   32|  ap_ctrl_hs|    krnl_split|  return value|
|ap_return_5    |  out|   32|  ap_ctrl_hs|    krnl_split|  return value|
|ap_return_6    |  out|   32|  ap_ctrl_hs|    krnl_split|  return value|
|ap_return_7    |  out|   32|  ap_ctrl_hs|    krnl_split|  return value|
|ap_return_8    |  out|   32|  ap_ctrl_hs|    krnl_split|  return value|
|ap_return_9    |  out|   32|  ap_ctrl_hs|    krnl_split|  return value|
|ap_return_10   |  out|   32|  ap_ctrl_hs|    krnl_split|  return value|
|ap_return_11   |  out|   32|  ap_ctrl_hs|    krnl_split|  return value|
|ap_return_12   |  out|   32|  ap_ctrl_hs|    krnl_split|  return value|
|ap_return_13   |  out|   32|  ap_ctrl_hs|    krnl_split|  return value|
|ap_return_14   |  out|   32|  ap_ctrl_hs|    krnl_split|  return value|
|ap_return_15   |  out|   32|  ap_ctrl_hs|    krnl_split|  return value|
|ap_return_16   |  out|   32|  ap_ctrl_hs|    krnl_split|  return value|
|ap_return_17   |  out|   32|  ap_ctrl_hs|    krnl_split|  return value|
|ap_return_18   |  out|   32|  ap_ctrl_hs|    krnl_split|  return value|
|ap_return_19   |  out|   32|  ap_ctrl_hs|    krnl_split|  return value|
|ap_return_20   |  out|   32|  ap_ctrl_hs|    krnl_split|  return value|
|ap_return_21   |  out|   32|  ap_ctrl_hs|    krnl_split|  return value|
|ap_return_22   |  out|   32|  ap_ctrl_hs|    krnl_split|  return value|
|ap_return_23   |  out|   32|  ap_ctrl_hs|    krnl_split|  return value|
|ap_return_24   |  out|   32|  ap_ctrl_hs|    krnl_split|  return value|
|ap_return_25   |  out|   32|  ap_ctrl_hs|    krnl_split|  return value|
|ap_return_26   |  out|   32|  ap_ctrl_hs|    krnl_split|  return value|
|ap_return_27   |  out|   32|  ap_ctrl_hs|    krnl_split|  return value|
|ap_return_28   |  out|   32|  ap_ctrl_hs|    krnl_split|  return value|
|ap_return_29   |  out|   32|  ap_ctrl_hs|    krnl_split|  return value|
|ap_return_30   |  out|   32|  ap_ctrl_hs|    krnl_split|  return value|
|ap_return_31   |  out|   32|  ap_ctrl_hs|    krnl_split|  return value|
|ap_return_32   |  out|   32|  ap_ctrl_hs|    krnl_split|  return value|
|ap_return_33   |  out|   32|  ap_ctrl_hs|    krnl_split|  return value|
|ap_return_34   |  out|   32|  ap_ctrl_hs|    krnl_split|  return value|
|ap_return_35   |  out|   32|  ap_ctrl_hs|    krnl_split|  return value|
|ap_return_36   |  out|   32|  ap_ctrl_hs|    krnl_split|  return value|
|ap_return_37   |  out|   32|  ap_ctrl_hs|    krnl_split|  return value|
|ap_return_38   |  out|   32|  ap_ctrl_hs|    krnl_split|  return value|
|ap_return_39   |  out|   32|  ap_ctrl_hs|    krnl_split|  return value|
|ap_return_40   |  out|   32|  ap_ctrl_hs|    krnl_split|  return value|
|ap_return_41   |  out|   32|  ap_ctrl_hs|    krnl_split|  return value|
|ap_return_42   |  out|   32|  ap_ctrl_hs|    krnl_split|  return value|
|ap_return_43   |  out|   32|  ap_ctrl_hs|    krnl_split|  return value|
|ap_return_44   |  out|   32|  ap_ctrl_hs|    krnl_split|  return value|
|ap_return_45   |  out|   32|  ap_ctrl_hs|    krnl_split|  return value|
|ap_return_46   |  out|   32|  ap_ctrl_hs|    krnl_split|  return value|
|ap_return_47   |  out|   32|  ap_ctrl_hs|    krnl_split|  return value|
|ap_return_48   |  out|   32|  ap_ctrl_hs|    krnl_split|  return value|
|ap_return_49   |  out|   32|  ap_ctrl_hs|    krnl_split|  return value|
|ap_return_50   |  out|   32|  ap_ctrl_hs|    krnl_split|  return value|
|ap_return_51   |  out|   32|  ap_ctrl_hs|    krnl_split|  return value|
|ap_return_52   |  out|   32|  ap_ctrl_hs|    krnl_split|  return value|
|ap_return_53   |  out|   32|  ap_ctrl_hs|    krnl_split|  return value|
|ap_return_54   |  out|   32|  ap_ctrl_hs|    krnl_split|  return value|
|ap_return_55   |  out|   32|  ap_ctrl_hs|    krnl_split|  return value|
|ap_return_56   |  out|   32|  ap_ctrl_hs|    krnl_split|  return value|
|ap_return_57   |  out|   32|  ap_ctrl_hs|    krnl_split|  return value|
|ap_return_58   |  out|   32|  ap_ctrl_hs|    krnl_split|  return value|
|ap_return_59   |  out|   32|  ap_ctrl_hs|    krnl_split|  return value|
|ap_return_60   |  out|   32|  ap_ctrl_hs|    krnl_split|  return value|
|ap_return_61   |  out|   32|  ap_ctrl_hs|    krnl_split|  return value|
|ap_return_62   |  out|   32|  ap_ctrl_hs|    krnl_split|  return value|
|ap_return_63   |  out|   32|  ap_ctrl_hs|    krnl_split|  return value|
|ap_return_64   |  out|   32|  ap_ctrl_hs|    krnl_split|  return value|
|ap_return_65   |  out|   32|  ap_ctrl_hs|    krnl_split|  return value|
|ap_return_66   |  out|   32|  ap_ctrl_hs|    krnl_split|  return value|
|ap_return_67   |  out|   32|  ap_ctrl_hs|    krnl_split|  return value|
|ap_return_68   |  out|   32|  ap_ctrl_hs|    krnl_split|  return value|
|ap_return_69   |  out|   32|  ap_ctrl_hs|    krnl_split|  return value|
|ap_return_70   |  out|   32|  ap_ctrl_hs|    krnl_split|  return value|
|ap_return_71   |  out|   32|  ap_ctrl_hs|    krnl_split|  return value|
|ap_return_72   |  out|   32|  ap_ctrl_hs|    krnl_split|  return value|
|ap_return_73   |  out|   32|  ap_ctrl_hs|    krnl_split|  return value|
|ap_return_74   |  out|   32|  ap_ctrl_hs|    krnl_split|  return value|
|ap_return_75   |  out|   32|  ap_ctrl_hs|    krnl_split|  return value|
|ap_return_76   |  out|   32|  ap_ctrl_hs|    krnl_split|  return value|
|ap_return_77   |  out|   32|  ap_ctrl_hs|    krnl_split|  return value|
|ap_return_78   |  out|   32|  ap_ctrl_hs|    krnl_split|  return value|
|ap_return_79   |  out|   32|  ap_ctrl_hs|    krnl_split|  return value|
|ap_return_80   |  out|   32|  ap_ctrl_hs|    krnl_split|  return value|
|ap_return_81   |  out|   32|  ap_ctrl_hs|    krnl_split|  return value|
|ap_return_82   |  out|   32|  ap_ctrl_hs|    krnl_split|  return value|
|ap_return_83   |  out|   32|  ap_ctrl_hs|    krnl_split|  return value|
|ap_return_84   |  out|   32|  ap_ctrl_hs|    krnl_split|  return value|
|ap_return_85   |  out|   32|  ap_ctrl_hs|    krnl_split|  return value|
|ap_return_86   |  out|   32|  ap_ctrl_hs|    krnl_split|  return value|
|ap_return_87   |  out|   32|  ap_ctrl_hs|    krnl_split|  return value|
|ap_return_88   |  out|   32|  ap_ctrl_hs|    krnl_split|  return value|
|ap_return_89   |  out|   32|  ap_ctrl_hs|    krnl_split|  return value|
|ap_return_90   |  out|   32|  ap_ctrl_hs|    krnl_split|  return value|
|ap_return_91   |  out|   32|  ap_ctrl_hs|    krnl_split|  return value|
|ap_return_92   |  out|   32|  ap_ctrl_hs|    krnl_split|  return value|
|ap_return_93   |  out|   32|  ap_ctrl_hs|    krnl_split|  return value|
|ap_return_94   |  out|   32|  ap_ctrl_hs|    krnl_split|  return value|
|ap_return_95   |  out|   32|  ap_ctrl_hs|    krnl_split|  return value|
|ap_return_96   |  out|   32|  ap_ctrl_hs|    krnl_split|  return value|
|ap_return_97   |  out|   32|  ap_ctrl_hs|    krnl_split|  return value|
|ap_return_98   |  out|   32|  ap_ctrl_hs|    krnl_split|  return value|
|ap_return_99   |  out|   32|  ap_ctrl_hs|    krnl_split|  return value|
|ap_return_100  |  out|   32|  ap_ctrl_hs|    krnl_split|  return value|
|ap_return_101  |  out|   32|  ap_ctrl_hs|    krnl_split|  return value|
|ap_return_102  |  out|   32|  ap_ctrl_hs|    krnl_split|  return value|
|ap_return_103  |  out|   32|  ap_ctrl_hs|    krnl_split|  return value|
|ap_return_104  |  out|   32|  ap_ctrl_hs|    krnl_split|  return value|
|ap_return_105  |  out|   32|  ap_ctrl_hs|    krnl_split|  return value|
|ap_return_106  |  out|   32|  ap_ctrl_hs|    krnl_split|  return value|
|ap_return_107  |  out|   32|  ap_ctrl_hs|    krnl_split|  return value|
|ap_return_108  |  out|   32|  ap_ctrl_hs|    krnl_split|  return value|
|ap_return_109  |  out|   32|  ap_ctrl_hs|    krnl_split|  return value|
|ap_return_110  |  out|   32|  ap_ctrl_hs|    krnl_split|  return value|
|ap_return_111  |  out|   32|  ap_ctrl_hs|    krnl_split|  return value|
|ap_return_112  |  out|   32|  ap_ctrl_hs|    krnl_split|  return value|
|ap_return_113  |  out|   32|  ap_ctrl_hs|    krnl_split|  return value|
|ap_return_114  |  out|   32|  ap_ctrl_hs|    krnl_split|  return value|
|ap_return_115  |  out|   32|  ap_ctrl_hs|    krnl_split|  return value|
|ap_return_116  |  out|   32|  ap_ctrl_hs|    krnl_split|  return value|
|ap_return_117  |  out|   32|  ap_ctrl_hs|    krnl_split|  return value|
|ap_return_118  |  out|   32|  ap_ctrl_hs|    krnl_split|  return value|
|ap_return_119  |  out|   32|  ap_ctrl_hs|    krnl_split|  return value|
|ap_return_120  |  out|   32|  ap_ctrl_hs|    krnl_split|  return value|
|ap_return_121  |  out|   32|  ap_ctrl_hs|    krnl_split|  return value|
|ap_return_122  |  out|   32|  ap_ctrl_hs|    krnl_split|  return value|
|ap_return_123  |  out|   32|  ap_ctrl_hs|    krnl_split|  return value|
|ap_return_124  |  out|   32|  ap_ctrl_hs|    krnl_split|  return value|
|ap_return_125  |  out|   32|  ap_ctrl_hs|    krnl_split|  return value|
|ap_return_126  |  out|   32|  ap_ctrl_hs|    krnl_split|  return value|
|ap_return_127  |  out|   32|  ap_ctrl_hs|    krnl_split|  return value|
|ap_return_128  |  out|   32|  ap_ctrl_hs|    krnl_split|  return value|
|ap_return_129  |  out|   32|  ap_ctrl_hs|    krnl_split|  return value|
|ap_return_130  |  out|   32|  ap_ctrl_hs|    krnl_split|  return value|
|ap_return_131  |  out|   32|  ap_ctrl_hs|    krnl_split|  return value|
|ap_return_132  |  out|   32|  ap_ctrl_hs|    krnl_split|  return value|
|ap_return_133  |  out|   32|  ap_ctrl_hs|    krnl_split|  return value|
|ap_return_134  |  out|   32|  ap_ctrl_hs|    krnl_split|  return value|
|ap_return_135  |  out|   32|  ap_ctrl_hs|    krnl_split|  return value|
|ap_return_136  |  out|   32|  ap_ctrl_hs|    krnl_split|  return value|
|ap_return_137  |  out|   32|  ap_ctrl_hs|    krnl_split|  return value|
|ap_return_138  |  out|   32|  ap_ctrl_hs|    krnl_split|  return value|
|ap_return_139  |  out|   32|  ap_ctrl_hs|    krnl_split|  return value|
|ap_return_140  |  out|   32|  ap_ctrl_hs|    krnl_split|  return value|
|ap_return_141  |  out|   32|  ap_ctrl_hs|    krnl_split|  return value|
|ap_return_142  |  out|   32|  ap_ctrl_hs|    krnl_split|  return value|
|ap_return_143  |  out|   32|  ap_ctrl_hs|    krnl_split|  return value|
|ap_return_144  |  out|   32|  ap_ctrl_hs|    krnl_split|  return value|
|ap_return_145  |  out|   32|  ap_ctrl_hs|    krnl_split|  return value|
|ap_return_146  |  out|   32|  ap_ctrl_hs|    krnl_split|  return value|
|ap_return_147  |  out|   32|  ap_ctrl_hs|    krnl_split|  return value|
|ap_return_148  |  out|   32|  ap_ctrl_hs|    krnl_split|  return value|
|ap_return_149  |  out|   32|  ap_ctrl_hs|    krnl_split|  return value|
|ap_return_150  |  out|   32|  ap_ctrl_hs|    krnl_split|  return value|
|ap_return_151  |  out|   32|  ap_ctrl_hs|    krnl_split|  return value|
|ap_return_152  |  out|   32|  ap_ctrl_hs|    krnl_split|  return value|
|ap_return_153  |  out|   32|  ap_ctrl_hs|    krnl_split|  return value|
|ap_return_154  |  out|   32|  ap_ctrl_hs|    krnl_split|  return value|
|ap_return_155  |  out|   32|  ap_ctrl_hs|    krnl_split|  return value|
|ap_return_156  |  out|   32|  ap_ctrl_hs|    krnl_split|  return value|
|ap_return_157  |  out|   32|  ap_ctrl_hs|    krnl_split|  return value|
|ap_return_158  |  out|   32|  ap_ctrl_hs|    krnl_split|  return value|
|ap_return_159  |  out|   32|  ap_ctrl_hs|    krnl_split|  return value|
|ap_return_160  |  out|   32|  ap_ctrl_hs|    krnl_split|  return value|
|ap_return_161  |  out|   32|  ap_ctrl_hs|    krnl_split|  return value|
|ap_return_162  |  out|   32|  ap_ctrl_hs|    krnl_split|  return value|
|ap_return_163  |  out|   32|  ap_ctrl_hs|    krnl_split|  return value|
|ap_return_164  |  out|   32|  ap_ctrl_hs|    krnl_split|  return value|
|ap_return_165  |  out|   32|  ap_ctrl_hs|    krnl_split|  return value|
|ap_return_166  |  out|   32|  ap_ctrl_hs|    krnl_split|  return value|
|ap_return_167  |  out|   32|  ap_ctrl_hs|    krnl_split|  return value|
|ap_return_168  |  out|   32|  ap_ctrl_hs|    krnl_split|  return value|
|ap_return_169  |  out|   32|  ap_ctrl_hs|    krnl_split|  return value|
|ap_return_170  |  out|   32|  ap_ctrl_hs|    krnl_split|  return value|
|ap_return_171  |  out|   32|  ap_ctrl_hs|    krnl_split|  return value|
|ap_return_172  |  out|   32|  ap_ctrl_hs|    krnl_split|  return value|
|ap_return_173  |  out|   32|  ap_ctrl_hs|    krnl_split|  return value|
|ap_return_174  |  out|   32|  ap_ctrl_hs|    krnl_split|  return value|
|ap_return_175  |  out|   32|  ap_ctrl_hs|    krnl_split|  return value|
|ap_return_176  |  out|   32|  ap_ctrl_hs|    krnl_split|  return value|
|ap_return_177  |  out|   32|  ap_ctrl_hs|    krnl_split|  return value|
|ap_return_178  |  out|   32|  ap_ctrl_hs|    krnl_split|  return value|
|ap_return_179  |  out|   32|  ap_ctrl_hs|    krnl_split|  return value|
|ap_return_180  |  out|   32|  ap_ctrl_hs|    krnl_split|  return value|
|ap_return_181  |  out|   32|  ap_ctrl_hs|    krnl_split|  return value|
|ap_return_182  |  out|   32|  ap_ctrl_hs|    krnl_split|  return value|
|ap_return_183  |  out|   32|  ap_ctrl_hs|    krnl_split|  return value|
|ap_return_184  |  out|   32|  ap_ctrl_hs|    krnl_split|  return value|
|ap_return_185  |  out|   32|  ap_ctrl_hs|    krnl_split|  return value|
|ap_return_186  |  out|   32|  ap_ctrl_hs|    krnl_split|  return value|
|ap_return_187  |  out|   32|  ap_ctrl_hs|    krnl_split|  return value|
|ap_return_188  |  out|   32|  ap_ctrl_hs|    krnl_split|  return value|
|ap_return_189  |  out|   32|  ap_ctrl_hs|    krnl_split|  return value|
|ap_return_190  |  out|   32|  ap_ctrl_hs|    krnl_split|  return value|
|ap_return_191  |  out|   32|  ap_ctrl_hs|    krnl_split|  return value|
|in_0_dout      |   in|   32|     ap_fifo|          in_0|       pointer|
|in_0_empty_n   |   in|    1|     ap_fifo|          in_0|       pointer|
|in_0_read      |  out|    1|     ap_fifo|          in_0|       pointer|
|in_1_dout      |   in|   32|     ap_fifo|          in_1|       pointer|
|in_1_empty_n   |   in|    1|     ap_fifo|          in_1|       pointer|
|in_1_read      |  out|    1|     ap_fifo|          in_1|       pointer|
|in_2_dout      |   in|   32|     ap_fifo|          in_2|       pointer|
|in_2_empty_n   |   in|    1|     ap_fifo|          in_2|       pointer|
|in_2_read      |  out|    1|     ap_fifo|          in_2|       pointer|
|in_3_dout      |   in|   32|     ap_fifo|          in_3|       pointer|
|in_3_empty_n   |   in|    1|     ap_fifo|          in_3|       pointer|
|in_3_read      |  out|    1|     ap_fifo|          in_3|       pointer|
|in_4_dout      |   in|   32|     ap_fifo|          in_4|       pointer|
|in_4_empty_n   |   in|    1|     ap_fifo|          in_4|       pointer|
|in_4_read      |  out|    1|     ap_fifo|          in_4|       pointer|
|in_5_dout      |   in|   32|     ap_fifo|          in_5|       pointer|
|in_5_empty_n   |   in|    1|     ap_fifo|          in_5|       pointer|
|in_5_read      |  out|    1|     ap_fifo|          in_5|       pointer|
|in_6_dout      |   in|   32|     ap_fifo|          in_6|       pointer|
|in_6_empty_n   |   in|    1|     ap_fifo|          in_6|       pointer|
|in_6_read      |  out|    1|     ap_fifo|          in_6|       pointer|
|in_7_dout      |   in|   32|     ap_fifo|          in_7|       pointer|
|in_7_empty_n   |   in|    1|     ap_fifo|          in_7|       pointer|
|in_7_read      |  out|    1|     ap_fifo|          in_7|       pointer|
|in_8_dout      |   in|   32|     ap_fifo|          in_8|       pointer|
|in_8_empty_n   |   in|    1|     ap_fifo|          in_8|       pointer|
|in_8_read      |  out|    1|     ap_fifo|          in_8|       pointer|
|in_9_dout      |   in|   32|     ap_fifo|          in_9|       pointer|
|in_9_empty_n   |   in|    1|     ap_fifo|          in_9|       pointer|
|in_9_read      |  out|    1|     ap_fifo|          in_9|       pointer|
|in_10_dout     |   in|   32|     ap_fifo|         in_10|       pointer|
|in_10_empty_n  |   in|    1|     ap_fifo|         in_10|       pointer|
|in_10_read     |  out|    1|     ap_fifo|         in_10|       pointer|
|in_11_dout     |   in|   32|     ap_fifo|         in_11|       pointer|
|in_11_empty_n  |   in|    1|     ap_fifo|         in_11|       pointer|
|in_11_read     |  out|    1|     ap_fifo|         in_11|       pointer|
|in_12_dout     |   in|   32|     ap_fifo|         in_12|       pointer|
|in_12_empty_n  |   in|    1|     ap_fifo|         in_12|       pointer|
|in_12_read     |  out|    1|     ap_fifo|         in_12|       pointer|
|in_13_dout     |   in|   32|     ap_fifo|         in_13|       pointer|
|in_13_empty_n  |   in|    1|     ap_fifo|         in_13|       pointer|
|in_13_read     |  out|    1|     ap_fifo|         in_13|       pointer|
|in_14_dout     |   in|   32|     ap_fifo|         in_14|       pointer|
|in_14_empty_n  |   in|    1|     ap_fifo|         in_14|       pointer|
|in_14_read     |  out|    1|     ap_fifo|         in_14|       pointer|
|in_15_dout     |   in|   32|     ap_fifo|         in_15|       pointer|
|in_15_empty_n  |   in|    1|     ap_fifo|         in_15|       pointer|
|in_15_read     |  out|    1|     ap_fifo|         in_15|       pointer|
|in_16_dout     |   in|   32|     ap_fifo|         in_16|       pointer|
|in_16_empty_n  |   in|    1|     ap_fifo|         in_16|       pointer|
|in_16_read     |  out|    1|     ap_fifo|         in_16|       pointer|
|in_17_dout     |   in|   32|     ap_fifo|         in_17|       pointer|
|in_17_empty_n  |   in|    1|     ap_fifo|         in_17|       pointer|
|in_17_read     |  out|    1|     ap_fifo|         in_17|       pointer|
|in_18_dout     |   in|   32|     ap_fifo|         in_18|       pointer|
|in_18_empty_n  |   in|    1|     ap_fifo|         in_18|       pointer|
|in_18_read     |  out|    1|     ap_fifo|         in_18|       pointer|
|in_19_dout     |   in|   32|     ap_fifo|         in_19|       pointer|
|in_19_empty_n  |   in|    1|     ap_fifo|         in_19|       pointer|
|in_19_read     |  out|    1|     ap_fifo|         in_19|       pointer|
|in_20_dout     |   in|   32|     ap_fifo|         in_20|       pointer|
|in_20_empty_n  |   in|    1|     ap_fifo|         in_20|       pointer|
|in_20_read     |  out|    1|     ap_fifo|         in_20|       pointer|
|in_21_dout     |   in|   32|     ap_fifo|         in_21|       pointer|
|in_21_empty_n  |   in|    1|     ap_fifo|         in_21|       pointer|
|in_21_read     |  out|    1|     ap_fifo|         in_21|       pointer|
|in_22_dout     |   in|   32|     ap_fifo|         in_22|       pointer|
|in_22_empty_n  |   in|    1|     ap_fifo|         in_22|       pointer|
|in_22_read     |  out|    1|     ap_fifo|         in_22|       pointer|
|in_23_dout     |   in|   32|     ap_fifo|         in_23|       pointer|
|in_23_empty_n  |   in|    1|     ap_fifo|         in_23|       pointer|
|in_23_read     |  out|    1|     ap_fifo|         in_23|       pointer|
|in_24_dout     |   in|   32|     ap_fifo|         in_24|       pointer|
|in_24_empty_n  |   in|    1|     ap_fifo|         in_24|       pointer|
|in_24_read     |  out|    1|     ap_fifo|         in_24|       pointer|
|in_25_dout     |   in|   32|     ap_fifo|         in_25|       pointer|
|in_25_empty_n  |   in|    1|     ap_fifo|         in_25|       pointer|
|in_25_read     |  out|    1|     ap_fifo|         in_25|       pointer|
|in_26_dout     |   in|   32|     ap_fifo|         in_26|       pointer|
|in_26_empty_n  |   in|    1|     ap_fifo|         in_26|       pointer|
|in_26_read     |  out|    1|     ap_fifo|         in_26|       pointer|
|in_27_dout     |   in|   32|     ap_fifo|         in_27|       pointer|
|in_27_empty_n  |   in|    1|     ap_fifo|         in_27|       pointer|
|in_27_read     |  out|    1|     ap_fifo|         in_27|       pointer|
|in_28_dout     |   in|   32|     ap_fifo|         in_28|       pointer|
|in_28_empty_n  |   in|    1|     ap_fifo|         in_28|       pointer|
|in_28_read     |  out|    1|     ap_fifo|         in_28|       pointer|
|in_29_dout     |   in|   32|     ap_fifo|         in_29|       pointer|
|in_29_empty_n  |   in|    1|     ap_fifo|         in_29|       pointer|
|in_29_read     |  out|    1|     ap_fifo|         in_29|       pointer|
|in_30_dout     |   in|   32|     ap_fifo|         in_30|       pointer|
|in_30_empty_n  |   in|    1|     ap_fifo|         in_30|       pointer|
|in_30_read     |  out|    1|     ap_fifo|         in_30|       pointer|
|in_31_dout     |   in|   32|     ap_fifo|         in_31|       pointer|
|in_31_empty_n  |   in|    1|     ap_fifo|         in_31|       pointer|
|in_31_read     |  out|    1|     ap_fifo|         in_31|       pointer|
|in_32_dout     |   in|   32|     ap_fifo|         in_32|       pointer|
|in_32_empty_n  |   in|    1|     ap_fifo|         in_32|       pointer|
|in_32_read     |  out|    1|     ap_fifo|         in_32|       pointer|
|in_33_dout     |   in|   32|     ap_fifo|         in_33|       pointer|
|in_33_empty_n  |   in|    1|     ap_fifo|         in_33|       pointer|
|in_33_read     |  out|    1|     ap_fifo|         in_33|       pointer|
|in_34_dout     |   in|   32|     ap_fifo|         in_34|       pointer|
|in_34_empty_n  |   in|    1|     ap_fifo|         in_34|       pointer|
|in_34_read     |  out|    1|     ap_fifo|         in_34|       pointer|
|in_35_dout     |   in|   32|     ap_fifo|         in_35|       pointer|
|in_35_empty_n  |   in|    1|     ap_fifo|         in_35|       pointer|
|in_35_read     |  out|    1|     ap_fifo|         in_35|       pointer|
|in_36_dout     |   in|   32|     ap_fifo|         in_36|       pointer|
|in_36_empty_n  |   in|    1|     ap_fifo|         in_36|       pointer|
|in_36_read     |  out|    1|     ap_fifo|         in_36|       pointer|
|in_37_dout     |   in|   32|     ap_fifo|         in_37|       pointer|
|in_37_empty_n  |   in|    1|     ap_fifo|         in_37|       pointer|
|in_37_read     |  out|    1|     ap_fifo|         in_37|       pointer|
|in_38_dout     |   in|   32|     ap_fifo|         in_38|       pointer|
|in_38_empty_n  |   in|    1|     ap_fifo|         in_38|       pointer|
|in_38_read     |  out|    1|     ap_fifo|         in_38|       pointer|
|in_39_dout     |   in|   32|     ap_fifo|         in_39|       pointer|
|in_39_empty_n  |   in|    1|     ap_fifo|         in_39|       pointer|
|in_39_read     |  out|    1|     ap_fifo|         in_39|       pointer|
|in_40_dout     |   in|   32|     ap_fifo|         in_40|       pointer|
|in_40_empty_n  |   in|    1|     ap_fifo|         in_40|       pointer|
|in_40_read     |  out|    1|     ap_fifo|         in_40|       pointer|
|in_41_dout     |   in|   32|     ap_fifo|         in_41|       pointer|
|in_41_empty_n  |   in|    1|     ap_fifo|         in_41|       pointer|
|in_41_read     |  out|    1|     ap_fifo|         in_41|       pointer|
|in_42_dout     |   in|   32|     ap_fifo|         in_42|       pointer|
|in_42_empty_n  |   in|    1|     ap_fifo|         in_42|       pointer|
|in_42_read     |  out|    1|     ap_fifo|         in_42|       pointer|
|in_43_dout     |   in|   32|     ap_fifo|         in_43|       pointer|
|in_43_empty_n  |   in|    1|     ap_fifo|         in_43|       pointer|
|in_43_read     |  out|    1|     ap_fifo|         in_43|       pointer|
|in_44_dout     |   in|   32|     ap_fifo|         in_44|       pointer|
|in_44_empty_n  |   in|    1|     ap_fifo|         in_44|       pointer|
|in_44_read     |  out|    1|     ap_fifo|         in_44|       pointer|
|in_45_dout     |   in|   32|     ap_fifo|         in_45|       pointer|
|in_45_empty_n  |   in|    1|     ap_fifo|         in_45|       pointer|
|in_45_read     |  out|    1|     ap_fifo|         in_45|       pointer|
|in_46_dout     |   in|   32|     ap_fifo|         in_46|       pointer|
|in_46_empty_n  |   in|    1|     ap_fifo|         in_46|       pointer|
|in_46_read     |  out|    1|     ap_fifo|         in_46|       pointer|
|in_47_dout     |   in|   32|     ap_fifo|         in_47|       pointer|
|in_47_empty_n  |   in|    1|     ap_fifo|         in_47|       pointer|
|in_47_read     |  out|    1|     ap_fifo|         in_47|       pointer|
|in_48_dout     |   in|   32|     ap_fifo|         in_48|       pointer|
|in_48_empty_n  |   in|    1|     ap_fifo|         in_48|       pointer|
|in_48_read     |  out|    1|     ap_fifo|         in_48|       pointer|
|in_49_dout     |   in|   32|     ap_fifo|         in_49|       pointer|
|in_49_empty_n  |   in|    1|     ap_fifo|         in_49|       pointer|
|in_49_read     |  out|    1|     ap_fifo|         in_49|       pointer|
|in_50_dout     |   in|   32|     ap_fifo|         in_50|       pointer|
|in_50_empty_n  |   in|    1|     ap_fifo|         in_50|       pointer|
|in_50_read     |  out|    1|     ap_fifo|         in_50|       pointer|
|in_51_dout     |   in|   32|     ap_fifo|         in_51|       pointer|
|in_51_empty_n  |   in|    1|     ap_fifo|         in_51|       pointer|
|in_51_read     |  out|    1|     ap_fifo|         in_51|       pointer|
|in_52_dout     |   in|   32|     ap_fifo|         in_52|       pointer|
|in_52_empty_n  |   in|    1|     ap_fifo|         in_52|       pointer|
|in_52_read     |  out|    1|     ap_fifo|         in_52|       pointer|
|in_53_dout     |   in|   32|     ap_fifo|         in_53|       pointer|
|in_53_empty_n  |   in|    1|     ap_fifo|         in_53|       pointer|
|in_53_read     |  out|    1|     ap_fifo|         in_53|       pointer|
|in_54_dout     |   in|   32|     ap_fifo|         in_54|       pointer|
|in_54_empty_n  |   in|    1|     ap_fifo|         in_54|       pointer|
|in_54_read     |  out|    1|     ap_fifo|         in_54|       pointer|
|in_55_dout     |   in|   32|     ap_fifo|         in_55|       pointer|
|in_55_empty_n  |   in|    1|     ap_fifo|         in_55|       pointer|
|in_55_read     |  out|    1|     ap_fifo|         in_55|       pointer|
|in_56_dout     |   in|   32|     ap_fifo|         in_56|       pointer|
|in_56_empty_n  |   in|    1|     ap_fifo|         in_56|       pointer|
|in_56_read     |  out|    1|     ap_fifo|         in_56|       pointer|
|in_57_dout     |   in|   32|     ap_fifo|         in_57|       pointer|
|in_57_empty_n  |   in|    1|     ap_fifo|         in_57|       pointer|
|in_57_read     |  out|    1|     ap_fifo|         in_57|       pointer|
|in_58_dout     |   in|   32|     ap_fifo|         in_58|       pointer|
|in_58_empty_n  |   in|    1|     ap_fifo|         in_58|       pointer|
|in_58_read     |  out|    1|     ap_fifo|         in_58|       pointer|
|in_59_dout     |   in|   32|     ap_fifo|         in_59|       pointer|
|in_59_empty_n  |   in|    1|     ap_fifo|         in_59|       pointer|
|in_59_read     |  out|    1|     ap_fifo|         in_59|       pointer|
|in_60_dout     |   in|   32|     ap_fifo|         in_60|       pointer|
|in_60_empty_n  |   in|    1|     ap_fifo|         in_60|       pointer|
|in_60_read     |  out|    1|     ap_fifo|         in_60|       pointer|
|in_61_dout     |   in|   32|     ap_fifo|         in_61|       pointer|
|in_61_empty_n  |   in|    1|     ap_fifo|         in_61|       pointer|
|in_61_read     |  out|    1|     ap_fifo|         in_61|       pointer|
|in_62_dout     |   in|   32|     ap_fifo|         in_62|       pointer|
|in_62_empty_n  |   in|    1|     ap_fifo|         in_62|       pointer|
|in_62_read     |  out|    1|     ap_fifo|         in_62|       pointer|
|in_63_dout     |   in|   32|     ap_fifo|         in_63|       pointer|
|in_63_empty_n  |   in|    1|     ap_fifo|         in_63|       pointer|
|in_63_read     |  out|    1|     ap_fifo|         in_63|       pointer|
+---------------+-----+-----+------------+--------------+--------------+

