

================================================================
== Vitis HLS Report for 'krnl_lut_sigmoid'
================================================================
* Date:           Mon May 24 12:53:18 2021

* Version:        2020.2 (Build 3064766 on Wed Nov 18 09:12:47 MST 2020)
* Project:        krnl_lstm
* Solution:       solution (Vitis Kernel Flow Target)
* Product family: zynq
* Target device:  xc7z045-ffg900-2


================================================================
== Performance Estimates
================================================================
+ Timing: 
    * Summary: 
    +--------+----------+----------+------------+
    |  Clock |  Target  | Estimated| Uncertainty|
    +--------+----------+----------+------------+
    |ap_clk  |  10.00 ns|  7.085 ns|     2.70 ns|
    +--------+----------+----------+------------+

+ Latency: 
    * Summary: 
    +---------+---------+----------+----------+-----+-----+---------+
    |  Latency (cycles) |  Latency (absolute) |  Interval | Pipeline|
    |   min   |   max   |    min   |    max   | min | max |   Type  |
    +---------+---------+----------+----------+-----+-----+---------+
    |       21|       21|  0.210 us|  0.210 us|   21|   21|     none|
    +---------+---------+----------+----------+-----+-----+---------+

    + Detail: 
        * Instance: 
        N/A

        * Loop: 
        N/A



================================================================
== Utilization Estimates
================================================================
* Summary: 
+-----------------+---------+-----+--------+--------+-----+
|       Name      | BRAM_18K| DSP |   FF   |   LUT  | URAM|
+-----------------+---------+-----+--------+--------+-----+
|DSP              |        -|    -|       -|       -|    -|
|Expression       |        -|    -|       0|     254|    -|
|FIFO             |        -|    -|       -|       -|    -|
|Instance         |        -|    -|       -|       -|    -|
|Memory           |        1|    -|       0|       0|    -|
|Multiplexer      |        -|    -|       -|     358|    -|
|Register         |        -|    -|     137|       -|    -|
+-----------------+---------+-----+--------+--------+-----+
|Total            |        1|    0|     137|     612|    0|
+-----------------+---------+-----+--------+--------+-----+
|Available        |     1090|  900|  437200|  218600|    0|
+-----------------+---------+-----+--------+--------+-----+
|Utilization (%)  |       ~0|    0|      ~0|      ~0|    0|
+-----------------+---------+-----+--------+--------+-----+

+ Detail: 
    * Instance: 
    +-----------------------------------+-----------------------------+---------+----+---+----+-----+
    |              Instance             |            Module           | BRAM_18K| DSP| FF| LUT| URAM|
    +-----------------------------------+-----------------------------+---------+----+---+----+-----+
    |dcmp_64ns_64ns_1_2_no_dsp_1_U2198  |dcmp_64ns_64ns_1_2_no_dsp_1  |        0|   0|  0|   0|    0|
    |dcmp_64ns_64ns_1_2_no_dsp_1_U2199  |dcmp_64ns_64ns_1_2_no_dsp_1  |        0|   0|  0|   0|    0|
    |dcmp_64ns_64ns_1_2_no_dsp_1_U2200  |dcmp_64ns_64ns_1_2_no_dsp_1  |        0|   0|  0|   0|    0|
    |dcmp_64ns_64ns_1_2_no_dsp_1_U2201  |dcmp_64ns_64ns_1_2_no_dsp_1  |        0|   0|  0|   0|    0|
    |dcmp_64ns_64ns_1_2_no_dsp_1_U2202  |dcmp_64ns_64ns_1_2_no_dsp_1  |        0|   0|  0|   0|    0|
    |dcmp_64ns_64ns_1_2_no_dsp_1_U2203  |dcmp_64ns_64ns_1_2_no_dsp_1  |        0|   0|  0|   0|    0|
    |dcmp_64ns_64ns_1_2_no_dsp_1_U2204  |dcmp_64ns_64ns_1_2_no_dsp_1  |        0|   0|  0|   0|    0|
    |dcmp_64ns_64ns_1_2_no_dsp_1_U2205  |dcmp_64ns_64ns_1_2_no_dsp_1  |        0|   0|  0|   0|    0|
    |dcmp_64ns_64ns_1_2_no_dsp_1_U2206  |dcmp_64ns_64ns_1_2_no_dsp_1  |        0|   0|  0|   0|    0|
    |dcmp_64ns_64ns_1_2_no_dsp_1_U2207  |dcmp_64ns_64ns_1_2_no_dsp_1  |        0|   0|  0|   0|    0|
    |dcmp_64ns_64ns_1_2_no_dsp_1_U2208  |dcmp_64ns_64ns_1_2_no_dsp_1  |        0|   0|  0|   0|    0|
    |dcmp_64ns_64ns_1_2_no_dsp_1_U2209  |dcmp_64ns_64ns_1_2_no_dsp_1  |        0|   0|  0|   0|    0|
    |dcmp_64ns_64ns_1_2_no_dsp_1_U2210  |dcmp_64ns_64ns_1_2_no_dsp_1  |        0|   0|  0|   0|    0|
    |dcmp_64ns_64ns_1_2_no_dsp_1_U2211  |dcmp_64ns_64ns_1_2_no_dsp_1  |        0|   0|  0|   0|    0|
    |dcmp_64ns_64ns_1_2_no_dsp_1_U2212  |dcmp_64ns_64ns_1_2_no_dsp_1  |        0|   0|  0|   0|    0|
    |dcmp_64ns_64ns_1_2_no_dsp_1_U2213  |dcmp_64ns_64ns_1_2_no_dsp_1  |        0|   0|  0|   0|    0|
    |dcmp_64ns_64ns_1_2_no_dsp_1_U2214  |dcmp_64ns_64ns_1_2_no_dsp_1  |        0|   0|  0|   0|    0|
    |dcmp_64ns_64ns_1_2_no_dsp_1_U2215  |dcmp_64ns_64ns_1_2_no_dsp_1  |        0|   0|  0|   0|    0|
    |dcmp_64ns_64ns_1_2_no_dsp_1_U2216  |dcmp_64ns_64ns_1_2_no_dsp_1  |        0|   0|  0|   0|    0|
    |dcmp_64ns_64ns_1_2_no_dsp_1_U2217  |dcmp_64ns_64ns_1_2_no_dsp_1  |        0|   0|  0|   0|    0|
    |dcmp_64ns_64ns_1_2_no_dsp_1_U2218  |dcmp_64ns_64ns_1_2_no_dsp_1  |        0|   0|  0|   0|    0|
    |dcmp_64ns_64ns_1_2_no_dsp_1_U2219  |dcmp_64ns_64ns_1_2_no_dsp_1  |        0|   0|  0|   0|    0|
    |dcmp_64ns_64ns_1_2_no_dsp_1_U2220  |dcmp_64ns_64ns_1_2_no_dsp_1  |        0|   0|  0|   0|    0|
    |dcmp_64ns_64ns_1_2_no_dsp_1_U2221  |dcmp_64ns_64ns_1_2_no_dsp_1  |        0|   0|  0|   0|    0|
    |dcmp_64ns_64ns_1_2_no_dsp_1_U2222  |dcmp_64ns_64ns_1_2_no_dsp_1  |        0|   0|  0|   0|    0|
    |dcmp_64ns_64ns_1_2_no_dsp_1_U2223  |dcmp_64ns_64ns_1_2_no_dsp_1  |        0|   0|  0|   0|    0|
    |dcmp_64ns_64ns_1_2_no_dsp_1_U2224  |dcmp_64ns_64ns_1_2_no_dsp_1  |        0|   0|  0|   0|    0|
    |dcmp_64ns_64ns_1_2_no_dsp_1_U2225  |dcmp_64ns_64ns_1_2_no_dsp_1  |        0|   0|  0|   0|    0|
    |dcmp_64ns_64ns_1_2_no_dsp_1_U2226  |dcmp_64ns_64ns_1_2_no_dsp_1  |        0|   0|  0|   0|    0|
    |dcmp_64ns_64ns_1_2_no_dsp_1_U2227  |dcmp_64ns_64ns_1_2_no_dsp_1  |        0|   0|  0|   0|    0|
    |fcmp_32ns_32ns_1_2_no_dsp_1_U2194  |fcmp_32ns_32ns_1_2_no_dsp_1  |        0|   0|  0|   0|    0|
    |fcmp_32ns_32ns_1_2_no_dsp_1_U2195  |fcmp_32ns_32ns_1_2_no_dsp_1  |        0|   0|  0|   0|    0|
    |fcmp_32ns_32ns_1_2_no_dsp_1_U2196  |fcmp_32ns_32ns_1_2_no_dsp_1  |        0|   0|  0|   0|    0|
    |fcmp_32ns_32ns_1_2_no_dsp_1_U2197  |fcmp_32ns_32ns_1_2_no_dsp_1  |        0|   0|  0|   0|    0|
    |fpext_32ns_64_2_no_dsp_1_U2193     |fpext_32ns_64_2_no_dsp_1     |        0|   0|  0|   0|    0|
    +-----------------------------------+-----------------------------+---------+----+---+----+-----+
    |Total                              |                             |        0|   0|  0|   0|    0|
    +-----------------------------------+-----------------------------+---------+----+---+----+-----+

    * DSP: 
    N/A

    * Memory: 
    +-----------------+----------------------------------+---------+---+----+-----+------+-----+------+-------------+
    |      Memory     |              Module              | BRAM_18K| FF| LUT| URAM| Words| Bits| Banks| W*Bits*Banks|
    +-----------------+----------------------------------+---------+---+----+-----+------+-----+------+-------------+
    |sigmoid_lut99_U  |krnl_lut_sigmoid34_sigmoid_lut98  |        1|  0|   0|    0|    32|   32|     1|         1024|
    +-----------------+----------------------------------+---------+---+----+-----+------+-----+------+-------------+
    |Total            |                                  |        1|  0|   0|    0|    32|   32|     1|         1024|
    +-----------------+----------------------------------+---------+---+----+-----+------+-----+------+-------------+

    * FIFO: 
    N/A

    * Expression: 
    +-------------------------+----------+----+---+----+------------+------------+
    |      Variable Name      | Operation| DSP| FF| LUT| Bitwidth P0| Bitwidth P1|
    +-------------------------+----------+----+---+----+------------+------------+
    |and_ln101_3_fu_485_p2    |       and|   0|  0|   1|           1|           1|
    |and_ln101_fu_490_p2      |       and|   0|  0|   1|           1|           1|
    |and_ln104_3_fu_1096_p2   |       and|   0|  0|   1|           1|           1|
    |and_ln104_fu_1100_p2     |       and|   0|  0|   1|           1|           1|
    |and_ln107_3_fu_835_p2    |       and|   0|  0|   1|           1|           1|
    |and_ln107_fu_840_p2      |       and|   0|  0|   1|           1|           1|
    |and_ln110_5_fu_439_p2    |       and|   0|  0|   1|           1|           1|
    |and_ln110_6_fu_445_p2    |       and|   0|  0|   1|           1|           1|
    |and_ln110_fu_451_p2      |       and|   0|  0|   1|           1|           1|
    |and_ln113_fu_457_p2      |       and|   0|  0|   1|           1|           1|
    |and_ln23_5_fu_677_p2     |       and|   0|  0|   1|           1|           1|
    |and_ln23_fu_672_p2       |       and|   0|  0|   1|           1|           1|
    |and_ln26_3_fu_644_p2     |       and|   0|  0|   1|           1|           1|
    |and_ln26_fu_649_p2       |       and|   0|  0|   1|           1|           1|
    |and_ln29_3_fu_655_p2     |       and|   0|  0|   1|           1|           1|
    |and_ln29_fu_660_p2       |       and|   0|  0|   1|           1|           1|
    |and_ln32_3_fu_710_p2     |       and|   0|  0|   1|           1|           1|
    |and_ln32_fu_715_p2       |       and|   0|  0|   1|           1|           1|
    |and_ln35_5_fu_721_p2     |       and|   0|  0|   1|           1|           1|
    |and_ln35_6_fu_726_p2     |       and|   0|  0|   1|           1|           1|
    |and_ln35_fu_731_p2       |       and|   0|  0|   1|           1|           1|
    |and_ln38_5_fu_611_p2     |       and|   0|  0|   1|           1|           1|
    |and_ln38_6_fu_616_p2     |       and|   0|  0|   1|           1|           1|
    |and_ln38_fu_621_p2       |       and|   0|  0|   1|           1|           1|
    |and_ln41_3_fu_627_p2     |       and|   0|  0|   1|           1|           1|
    |and_ln41_fu_632_p2       |       and|   0|  0|   1|           1|           1|
    |and_ln44_3_fu_863_p2     |       and|   0|  0|   1|           1|           1|
    |and_ln44_fu_867_p2       |       and|   0|  0|   1|           1|           1|
    |and_ln47_3_fu_759_p2     |       and|   0|  0|   1|           1|           1|
    |and_ln47_fu_764_p2       |       and|   0|  0|   1|           1|           1|
    |and_ln50_5_fu_573_p2     |       and|   0|  0|   1|           1|           1|
    |and_ln50_6_fu_578_p2     |       and|   0|  0|   1|           1|           1|
    |and_ln50_fu_583_p2       |       and|   0|  0|   1|           1|           1|
    |and_ln53_5_fu_589_p2     |       and|   0|  0|   1|           1|           1|
    |and_ln53_6_fu_594_p2     |       and|   0|  0|   1|           1|           1|
    |and_ln53_fu_599_p2       |       and|   0|  0|   1|           1|           1|
    |and_ln56_3_fu_906_p2     |       and|   0|  0|   1|           1|           1|
    |and_ln56_fu_910_p2       |       and|   0|  0|   1|           1|           1|
    |and_ln59_3_fu_770_p2     |       and|   0|  0|   1|           1|           1|
    |and_ln59_fu_775_p2       |       and|   0|  0|   1|           1|           1|
    |and_ln62_3_fu_935_p2     |       and|   0|  0|   1|           1|           1|
    |and_ln62_fu_939_p2       |       and|   0|  0|   1|           1|           1|
    |and_ln65_5_fu_781_p2     |       and|   0|  0|   1|           1|           1|
    |and_ln65_6_fu_786_p2     |       and|   0|  0|   1|           1|           1|
    |and_ln65_fu_791_p2       |       and|   0|  0|   1|           1|           1|
    |and_ln68_5_fu_540_p2     |       and|   0|  0|   1|           1|           1|
    |and_ln68_6_fu_545_p2     |       and|   0|  0|   1|           1|           1|
    |and_ln68_fu_550_p2       |       and|   0|  0|   1|           1|           1|
    |and_ln71_3_fu_556_p2     |       and|   0|  0|   1|           1|           1|
    |and_ln71_fu_561_p2       |       and|   0|  0|   1|           1|           1|
    |and_ln74_3_fu_982_p2     |       and|   0|  0|   1|           1|           1|
    |and_ln74_fu_986_p2       |       and|   0|  0|   1|           1|           1|
    |and_ln77_3_fu_797_p2     |       and|   0|  0|   1|           1|           1|
    |and_ln77_fu_802_p2       |       and|   0|  0|   1|           1|           1|
    |and_ln80_5_fu_502_p2     |       and|   0|  0|   1|           1|           1|
    |and_ln80_6_fu_507_p2     |       and|   0|  0|   1|           1|           1|
    |and_ln80_fu_512_p2       |       and|   0|  0|   1|           1|           1|
    |and_ln83_5_fu_518_p2     |       and|   0|  0|   1|           1|           1|
    |and_ln83_6_fu_523_p2     |       and|   0|  0|   1|           1|           1|
    |and_ln83_fu_528_p2       |       and|   0|  0|   1|           1|           1|
    |and_ln86_3_fu_1025_p2    |       and|   0|  0|   1|           1|           1|
    |and_ln86_fu_1029_p2      |       and|   0|  0|   1|           1|           1|
    |and_ln89_3_fu_808_p2     |       and|   0|  0|   1|           1|           1|
    |and_ln89_fu_813_p2       |       and|   0|  0|   1|           1|           1|
    |and_ln92_3_fu_1053_p2    |       and|   0|  0|   1|           1|           1|
    |and_ln92_fu_1057_p2      |       and|   0|  0|   1|           1|           1|
    |and_ln95_5_fu_819_p2     |       and|   0|  0|   1|           1|           1|
    |and_ln95_6_fu_824_p2     |       and|   0|  0|   1|           1|           1|
    |and_ln95_fu_829_p2       |       and|   0|  0|   1|           1|           1|
    |and_ln98_5_fu_469_p2     |       and|   0|  0|   1|           1|           1|
    |and_ln98_6_fu_474_p2     |       and|   0|  0|   1|           1|           1|
    |and_ln98_fu_479_p2       |       and|   0|  0|   1|           1|           1|
    |ap_condition_153         |       and|   0|  0|   1|           1|           1|
    |lut_i_fu_682_p2          |       and|   0|  0|   1|           1|           1|
    |icmp_ln23_7_fu_392_p2    |      icmp|   0|  0|   8|          23|           1|
    |icmp_ln23_8_fu_421_p2    |      icmp|   0|  0|   5|          11|           2|
    |icmp_ln23_9_fu_427_p2    |      icmp|   0|  0|  18|          52|           1|
    |icmp_ln23_fu_386_p2      |      icmp|   0|  0|   4|           8|           2|
    |ap_block_state1          |        or|   0|  0|   1|           1|           1|
    |or_ln101_fu_496_p2       |        or|   0|  0|   1|           1|           1|
    |or_ln107_fu_1112_p2      |        or|   0|  0|   1|           1|           1|
    |or_ln113_fu_463_p2       |        or|   0|  0|   1|           1|           1|
    |or_ln23_3_fu_433_p2      |        or|   0|  0|   1|           1|           1|
    |or_ln23_fu_398_p2        |        or|   0|  0|   1|           1|           1|
    |or_ln29_fu_666_p2        |        or|   0|  0|   1|           1|           1|
    |or_ln35_fu_745_p2        |        or|   0|  0|   1|           1|           1|
    |or_ln41_fu_638_p2        |        or|   0|  0|   1|           1|           1|
    |or_ln47_fu_879_p2        |        or|   0|  0|   1|           1|           1|
    |or_ln53_fu_605_p2        |        or|   0|  0|   1|           1|           1|
    |or_ln59_fu_922_p2        |        or|   0|  0|   1|           1|           1|
    |or_ln65_fu_951_p2        |        or|   0|  0|   1|           1|           1|
    |or_ln71_fu_567_p2        |        or|   0|  0|   1|           1|           1|
    |or_ln77_fu_998_p2        |        or|   0|  0|   1|           1|           1|
    |or_ln83_fu_534_p2        |        or|   0|  0|   1|           1|           1|
    |or_ln89_fu_1041_p2       |        or|   0|  0|   1|           1|           1|
    |or_ln95_fu_1069_p2       |        or|   0|  0|   1|           1|           1|
    |lut_i_61_fu_699_p3       |    select|   0|  0|   2|           1|           2|
    |lut_i_62_fu_751_p3       |    select|   0|  0|   3|           1|           3|
    |lut_i_63_fu_853_p3       |    select|   0|  0|   3|           1|           3|
    |lut_i_64_fu_884_p3       |    select|   0|  0|   4|           1|           4|
    |lut_i_65_fu_899_p3       |    select|   0|  0|   4|           1|           4|
    |lut_i_66_fu_927_p3       |    select|   0|  0|   4|           1|           4|
    |lut_i_67_fu_956_p3       |    select|   0|  0|   4|           1|           4|
    |lut_i_68_fu_975_p3       |    select|   0|  0|   5|           1|           5|
    |lut_i_69_fu_1003_p3      |    select|   0|  0|   5|           1|           5|
    |lut_i_70_fu_1018_p3      |    select|   0|  0|   5|           1|           5|
    |lut_i_71_fu_1046_p3      |    select|   0|  0|   5|           1|           5|
    |lut_i_72_fu_1074_p3      |    select|   0|  0|   5|           1|           5|
    |lut_i_73_fu_1089_p3      |    select|   0|  0|   5|           1|           5|
    |lut_i_74_fu_1117_p3      |    select|   0|  0|   5|           1|           5|
    |lut_i_75_fu_1132_p3      |    select|   0|  0|   5|           1|           5|
    |select_ln101_fu_1082_p3  |    select|   0|  0|   4|           1|           4|
    |select_ln107_fu_1105_p3  |    select|   0|  0|   4|           1|           3|
    |select_ln113_fu_1125_p3  |    select|   0|  0|   3|           1|           2|
    |select_ln29_fu_692_p3    |    select|   0|  0|   3|           1|           2|
    |select_ln35_fu_737_p3    |    select|   0|  0|   4|           1|           3|
    |select_ln41_fu_846_p3    |    select|   0|  0|   3|           1|           2|
    |select_ln47_fu_872_p3    |    select|   0|  0|   5|           1|           4|
    |select_ln53_fu_892_p3    |    select|   0|  0|   4|           1|           4|
    |select_ln59_fu_915_p3    |    select|   0|  0|   4|           1|           3|
    |select_ln65_fu_944_p3    |    select|   0|  0|   3|           1|           2|
    |select_ln71_fu_968_p3    |    select|   0|  0|   6|           1|           5|
    |select_ln77_fu_991_p3    |    select|   0|  0|   5|           1|           5|
    |select_ln83_fu_1011_p3   |    select|   0|  0|   5|           1|           5|
    |select_ln89_fu_1034_p3   |    select|   0|  0|   5|           1|           5|
    |select_ln95_fu_1062_p3   |    select|   0|  0|   5|           1|           4|
    +-------------------------+----------+----+---+----+------------+------------+
    |Total                    |          |   0|  0| 254|         216|         215|
    +-------------------------+----------+----+---+----+------------+------------+

    * Multiplexer: 
    +-------------------+-----+-----------+-----+-----------+
    |        Name       | LUT | Input Size| Bits| Total Bits|
    +-------------------+-----+-----------+-----+-----------+
    |ap_NS_fsm          |  113|         23|    1|         23|
    |ap_done            |    9|          2|    1|          2|
    |grp_fu_173_opcode  |   13|          3|    5|         15|
    |grp_fu_173_p1      |   33|          8|   32|        256|
    |grp_fu_178_opcode  |   13|          3|    5|         15|
    |grp_fu_178_p1      |   21|          5|   32|        160|
    |grp_fu_202_opcode  |   13|          3|    5|         15|
    |grp_fu_202_p1      |   33|          8|   64|        512|
    |grp_fu_208_opcode  |   13|          3|    5|         15|
    |grp_fu_208_p1      |   33|          8|   64|        512|
    |grp_fu_213_opcode  |   13|          3|    5|         15|
    |grp_fu_213_p1      |   25|          6|   64|        384|
    |grp_fu_231_opcode  |   13|          3|    5|         15|
    |grp_fu_231_p1      |   13|          3|   64|        192|
    +-------------------+-----+-----------+-----+-----------+
    |Total              |  358|         81|  352|       2131|
    +-------------------+-----+-----------+-----+-----------+

    * Register: 
    +--------------------+----+----+-----+-----------+
    |        Name        | FF | LUT| Bits| Const Bits|
    +--------------------+----+----+-----+-----------+
    |and_ln101_reg_1246  |   1|   0|    1|          0|
    |and_ln107_reg_1417  |   1|   0|    1|          0|
    |and_ln113_reg_1236  |   1|   0|    1|          0|
    |and_ln29_reg_1296   |   1|   0|    1|          0|
    |and_ln41_reg_1286   |   1|   0|    1|          0|
    |and_ln47_reg_1321   |   1|   0|    1|          0|
    |and_ln53_reg_1276   |   1|   0|    1|          0|
    |and_ln59_reg_1337   |   1|   0|    1|          0|
    |and_ln65_reg_1353   |   1|   0|    1|          0|
    |and_ln71_reg_1266   |   1|   0|    1|          0|
    |and_ln77_reg_1369   |   1|   0|    1|          0|
    |and_ln83_reg_1256   |   1|   0|    1|          0|
    |and_ln89_reg_1385   |   1|   0|    1|          0|
    |and_ln95_reg_1401   |   1|   0|    1|          0|
    |ap_CS_fsm           |  22|   0|   22|          0|
    |ap_done_reg         |   1|   0|    1|          0|
    |conv1_i_reg_1153    |  64|   0|   64|          0|
    |lut_i_62_reg_1306   |   3|   0|    3|          0|
    |lut_i_70_reg_1423   |   5|   0|    5|          0|
    |lut_i_75_reg_1428   |   5|   0|    5|          0|
    |or_ln101_reg_1251   |   1|   0|    1|          0|
    |or_ln113_reg_1241   |   1|   0|    1|          0|
    |or_ln23_3_reg_1203  |   1|   0|    1|          0|
    |or_ln23_reg_1188    |   1|   0|    1|          0|
    |or_ln29_reg_1301    |   1|   0|    1|          0|
    |or_ln41_reg_1291    |   1|   0|    1|          0|
    |or_ln53_reg_1281    |   1|   0|    1|          0|
    |or_ln71_reg_1271    |   1|   0|    1|          0|
    |or_ln83_reg_1261    |   1|   0|    1|          0|
    |tmp_259_reg_1311    |   1|   0|    1|          0|
    |tmp_260_reg_1316    |   1|   0|    1|          0|
    |tmp_267_reg_1327    |   1|   0|    1|          0|
    |tmp_268_reg_1332    |   1|   0|    1|          0|
    |tmp_271_reg_1343    |   1|   0|    1|          0|
    |tmp_272_reg_1348    |   1|   0|    1|          0|
    |tmp_279_reg_1359    |   1|   0|    1|          0|
    |tmp_280_reg_1364    |   1|   0|    1|          0|
    |tmp_287_reg_1375    |   1|   0|    1|          0|
    |tmp_288_reg_1380    |   1|   0|    1|          0|
    |tmp_291_reg_1391    |   1|   0|    1|          0|
    |tmp_292_reg_1396    |   1|   0|    1|          0|
    |tmp_299_reg_1407    |   1|   0|    1|          0|
    |tmp_300_reg_1412    |   1|   0|    1|          0|
    +--------------------+----+----+-----+-----------+
    |Total               | 137|   0|  137|          0|
    +--------------------+----+----+-----+-----------+



================================================================
== Interface
================================================================
* Summary: 
+-------------+-----+-----+------------+------------------+--------------+
|  RTL Ports  | Dir | Bits|  Protocol  |   Source Object  |    C Type    |
+-------------+-----+-----+------------+------------------+--------------+
|ap_clk       |   in|    1|  ap_ctrl_hs|  krnl_lut_sigmoid|  return value|
|ap_rst       |   in|    1|  ap_ctrl_hs|  krnl_lut_sigmoid|  return value|
|ap_start     |   in|    1|  ap_ctrl_hs|  krnl_lut_sigmoid|  return value|
|ap_done      |  out|    1|  ap_ctrl_hs|  krnl_lut_sigmoid|  return value|
|ap_continue  |   in|    1|  ap_ctrl_hs|  krnl_lut_sigmoid|  return value|
|ap_idle      |  out|    1|  ap_ctrl_hs|  krnl_lut_sigmoid|  return value|
|ap_ready     |  out|    1|  ap_ctrl_hs|  krnl_lut_sigmoid|  return value|
|ap_return    |  out|   32|  ap_ctrl_hs|  krnl_lut_sigmoid|  return value|
|n            |   in|   32|     ap_none|                 n|        scalar|
+-------------+-----+-----+------------+------------------+--------------+

