

================================================================
== Vitis HLS Report for 'krnl_lstm_unit_Block_split221_proc'
================================================================
* Date:           Mon May 24 12:53:18 2021

* Version:        2020.2 (Build 3064766 on Wed Nov 18 09:12:47 MST 2020)
* Project:        krnl_lstm
* Solution:       solution (Vitis Kernel Flow Target)
* Product family: zynq
* Target device:  xc7z045-ffg900-2


================================================================
== Performance Estimates
================================================================
+ Timing: 
    * Summary: 
    +--------+----------+----------+------------+
    |  Clock |  Target  | Estimated| Uncertainty|
    +--------+----------+----------+------------+
    |ap_clk  |  10.00 ns|  6.329 ns|     2.70 ns|
    +--------+----------+----------+------------+

+ Latency: 
    * Summary: 
    +---------+---------+----------+----------+-----+-----+---------+
    |  Latency (cycles) |  Latency (absolute) |  Interval | Pipeline|
    |   min   |   max   |    min   |    max   | min | max |   Type  |
    +---------+---------+----------+----------+-----+-----+---------+
    |       14|       14|  0.140 us|  0.140 us|   14|   14|     none|
    +---------+---------+----------+----------+-----+-----+---------+

    + Detail: 
        * Instance: 
        N/A

        * Loop: 
        N/A



================================================================
== Utilization Estimates
================================================================
* Summary: 
+-----------------+---------+-----+--------+--------+-----+
|       Name      | BRAM_18K| DSP |   FF   |   LUT  | URAM|
+-----------------+---------+-----+--------+--------+-----+
|DSP              |        -|    -|       -|       -|    -|
|Expression       |        -|    -|       0|       1|    -|
|FIFO             |        -|    -|       -|       -|    -|
|Instance         |        -|    5|     348|     713|    -|
|Memory           |        -|    -|       -|       -|    -|
|Multiplexer      |        -|    -|       -|     127|    -|
|Register         |        -|    -|     176|       -|    -|
+-----------------+---------+-----+--------+--------+-----+
|Total            |        0|    5|     524|     841|    0|
+-----------------+---------+-----+--------+--------+-----+
|Available        |     1090|  900|  437200|  218600|    0|
+-----------------+---------+-----+--------+--------+-----+
|Utilization (%)  |        0|   ~0|      ~0|      ~0|    0|
+-----------------+---------+-----+--------+--------+-----+

+ Detail: 
    * Instance: 
    +--------------------------------------+--------------------------------+---------+----+-----+-----+-----+
    |               Instance               |             Module             | BRAM_18K| DSP|  FF | LUT | URAM|
    +--------------------------------------+--------------------------------+---------+----+-----+-----+-----+
    |fadd_32ns_32ns_32_5_full_dsp_1_U2187  |fadd_32ns_32ns_32_5_full_dsp_1  |        0|   2|  205|  391|    0|
    |fmul_32ns_32ns_32_4_max_dsp_1_U2188   |fmul_32ns_32ns_32_4_max_dsp_1   |        0|   3|  143|  322|    0|
    +--------------------------------------+--------------------------------+---------+----+-----+-----+-----+
    |Total                                 |                                |        0|   5|  348|  713|    0|
    +--------------------------------------+--------------------------------+---------+----+-----+-----+-----+

    * DSP: 
    N/A

    * Memory: 
    N/A

    * FIFO: 
    N/A

    * Expression: 
    +-----------------+----------+----+---+----+------------+------------+
    |  Variable Name  | Operation| DSP| FF| LUT| Bitwidth P0| Bitwidth P1|
    +-----------------+----------+----+---+----+------------+------------+
    |ap_block_state1  |        or|   0|  0|   1|           1|           1|
    +-----------------+----------+----+---+----+------------+------------+
    |Total            |          |   0|  0|   1|           1|           1|
    +-----------------+----------+----+---+----+------------+------------+

    * Multiplexer: 
    +----------------+----+-----------+-----+-----------+
    |      Name      | LUT| Input Size| Bits| Total Bits|
    +----------------+----+-----------+-----+-----------+
    |ap_NS_fsm       |  65|         16|    1|         16|
    |ap_done         |   9|          2|    1|          2|
    |b_o_loc_blk_n   |   9|          2|    1|          2|
    |grp_fu_50_p0    |  13|          3|   32|         96|
    |grp_fu_50_p1    |  13|          3|   32|         96|
    |w_xo_loc_blk_n  |   9|          2|    1|          2|
    |x_t_blk_n       |   9|          2|    1|          2|
    +----------------+----+-----------+-----+-----------+
    |Total           | 127|         30|   69|        216|
    +----------------+----+-----------+-----+-----------+

    * Register: 
    +----------------------+----+----+-----+-----------+
    |         Name         | FF | LUT| Bits| Const Bits|
    +----------------------+----+----+-----+-----------+
    |add7_i_i_reg_84       |  32|   0|   32|          0|
    |ap_CS_fsm             |  15|   0|   15|          0|
    |ap_done_reg           |   1|   0|    1|          0|
    |b_o_loc_read_reg_69   |  32|   0|   32|          0|
    |mul5_i_i_reg_74       |  32|   0|   32|          0|
    |w_xo_loc_read_reg_64  |  32|   0|   32|          0|
    |x_t_read_reg_59       |  32|   0|   32|          0|
    +----------------------+----+----+-----+-----------+
    |Total                 | 176|   0|  176|          0|
    +----------------------+----+----+-----+-----------+



================================================================
== Interface
================================================================
* Summary: 
+------------------+-----+-----+------------+-------------------------------------+--------------+
|     RTL Ports    | Dir | Bits|  Protocol  |            Source Object            |    C Type    |
+------------------+-----+-----+------------+-------------------------------------+--------------+
|ap_clk            |   in|    1|  ap_ctrl_hs|  krnl_lstm_unit_Block_.split221_proc|  return value|
|ap_rst            |   in|    1|  ap_ctrl_hs|  krnl_lstm_unit_Block_.split221_proc|  return value|
|ap_start          |   in|    1|  ap_ctrl_hs|  krnl_lstm_unit_Block_.split221_proc|  return value|
|ap_done           |  out|    1|  ap_ctrl_hs|  krnl_lstm_unit_Block_.split221_proc|  return value|
|ap_continue       |   in|    1|  ap_ctrl_hs|  krnl_lstm_unit_Block_.split221_proc|  return value|
|ap_idle           |  out|    1|  ap_ctrl_hs|  krnl_lstm_unit_Block_.split221_proc|  return value|
|ap_ready          |  out|    1|  ap_ctrl_hs|  krnl_lstm_unit_Block_.split221_proc|  return value|
|ap_return         |  out|   32|  ap_ctrl_hs|  krnl_lstm_unit_Block_.split221_proc|  return value|
|dot_o             |   in|   32|     ap_none|                                dot_o|       pointer|
|w_xo_loc_dout     |   in|   32|     ap_fifo|                             w_xo_loc|       pointer|
|w_xo_loc_empty_n  |   in|    1|     ap_fifo|                             w_xo_loc|       pointer|
|w_xo_loc_read     |  out|    1|     ap_fifo|                             w_xo_loc|       pointer|
|x_t_dout          |   in|   32|     ap_fifo|                                  x_t|       pointer|
|x_t_empty_n       |   in|    1|     ap_fifo|                                  x_t|       pointer|
|x_t_read          |  out|    1|     ap_fifo|                                  x_t|       pointer|
|b_o_loc_dout      |   in|   32|     ap_fifo|                              b_o_loc|       pointer|
|b_o_loc_empty_n   |   in|    1|     ap_fifo|                              b_o_loc|       pointer|
|b_o_loc_read      |  out|    1|     ap_fifo|                              b_o_loc|       pointer|
+------------------+-----+-----+------------+-------------------------------------+--------------+

