

================================================================
== Vitis HLS Report for 'krnl_dot33'
================================================================
* Date:           Mon May 24 12:52:47 2021

* Version:        2020.2 (Build 3064766 on Wed Nov 18 09:12:47 MST 2020)
* Project:        krnl_lstm
* Solution:       solution (Vitis Kernel Flow Target)
* Product family: zynq
* Target device:  xc7z045-ffg900-2


================================================================
== Performance Estimates
================================================================
+ Timing: 
    * Summary: 
    +--------+----------+----------+------------+
    |  Clock |  Target  | Estimated| Uncertainty|
    +--------+----------+----------+------------+
    |ap_clk  |  10.00 ns|  7.935 ns|     2.70 ns|
    +--------+----------+----------+------------+

+ Latency: 
    * Summary: 
    +---------+---------+----------+----------+-----+-----+----------+
    |  Latency (cycles) |  Latency (absolute) |  Interval | Pipeline |
    |   min   |   max   |    min   |    max   | min | max |   Type   |
    +---------+---------+----------+----------+-----+-----+----------+
    |      116|      116|  1.160 us|  1.160 us|   35|   35|  dataflow|
    +---------+---------+----------+----------+-----+-----+----------+

    + Detail: 
        * Instance: 
        +-----------------------------------+--------------------------------+---------+---------+----------+----------+-----+-----+----------+
        |                                   |                                |  Latency (cycles) |  Latency (absolute) |  Interval | Pipeline |
        |              Instance             |             Module             |   min   |   max   |    min   |    max   | min | max |   Type   |
        +-----------------------------------+--------------------------------+---------+---------+----------+----------+-----+-----+----------+
        |dot_float_2u_unsigned_int_3243_U0  |dot_float_2u_unsigned_int_3243  |       98|       98|  0.980 us|  0.980 us|   35|   35|  dataflow|
        |readVec2Stream_float_4u_3142_U0    |readVec2Stream_float_4u_3142    |       15|       15|  0.150 us|  0.150 us|   15|   15|      none|
        |readVec2Stream_float_4u_141_U0     |readVec2Stream_float_4u_141     |       16|       16|  0.160 us|  0.160 us|   16|   16|      none|
        |krnl_dot33_entry106_U0             |krnl_dot33_entry106             |        0|        0|      0 ns|      0 ns|    0|    0|      none|
        +-----------------------------------+--------------------------------+---------+---------+----------+----------+-----+-----+----------+

        * Loop: 
        N/A



================================================================
== Utilization Estimates
================================================================
* Summary: 
+-----------------+---------+-----+--------+--------+-----+
|       Name      | BRAM_18K| DSP |   FF   |   LUT  | URAM|
+-----------------+---------+-----+--------+--------+-----+
|DSP              |        -|    -|       -|       -|    -|
|Expression       |        -|    -|       0|       2|    -|
|FIFO             |        -|    -|    6633|    4556|    -|
|Instance         |       64|   24|    6960|    8066|    -|
|Memory           |        -|    -|       -|       -|    -|
|Multiplexer      |        -|    -|       -|       -|    -|
|Register         |        -|    -|       -|       -|    -|
+-----------------+---------+-----+--------+--------+-----+
|Total            |       64|   24|   13593|   12624|    0|
+-----------------+---------+-----+--------+--------+-----+
|Available        |     1090|  900|  437200|  218600|    0|
+-----------------+---------+-----+--------+--------+-----+
|Utilization (%)  |        5|    2|       3|       5|    0|
+-----------------+---------+-----+--------+--------+-----+

+ Detail: 
    * Instance: 
    +-----------------------------------+--------------------------------+---------+----+------+------+-----+
    |              Instance             |             Module             | BRAM_18K| DSP|  FF  |  LUT | URAM|
    +-----------------------------------+--------------------------------+---------+----+------+------+-----+
    |dot_float_2u_unsigned_int_3243_U0  |dot_float_2u_unsigned_int_3243  |        0|  24|  4995|  5916|    0|
    |krnl_dot33_entry106_U0             |krnl_dot33_entry106             |        0|   0|     3|  1189|    0|
    |readVec2Stream_float_4u_141_U0     |readVec2Stream_float_4u_141     |       64|   0|    25|   204|    0|
    |readVec2Stream_float_4u_3142_U0    |readVec2Stream_float_4u_3142    |        0|   0|  1937|   757|    0|
    +-----------------------------------+--------------------------------+---------+----+------+------+-----+
    |Total                              |                                |       64|  24|  6960|  8066|    0|
    +-----------------------------------+--------------------------------+---------+----+------+------+-----+

    * DSP: 
    N/A

    * Memory: 
    N/A

    * FIFO: 
    +--------------------+---------+----+----+-----+------+-----+---------+
    |        Name        | BRAM_18K| FF | LUT| URAM| Depth| Bits| Size:D*B|
    +--------------------+---------+----+----+-----+------+-----+---------+
    |p_in1_offset_c_i_U  |        0|  99|   0|    -|     2|    6|       12|
    |p_in2_0_c_i_U       |        0|  99|   0|    -|     2|   32|       64|
    |p_in2_10_c_i_U      |        0|  99|   0|    -|     2|   32|       64|
    |p_in2_11_c_i_U      |        0|  99|   0|    -|     2|   32|       64|
    |p_in2_12_c_i_U      |        0|  99|   0|    -|     2|   32|       64|
    |p_in2_13_c_i_U      |        0|  99|   0|    -|     2|   32|       64|
    |p_in2_14_c_i_U      |        0|  99|   0|    -|     2|   32|       64|
    |p_in2_15_c_i_U      |        0|  99|   0|    -|     2|   32|       64|
    |p_in2_16_c_i_U      |        0|  99|   0|    -|     2|   32|       64|
    |p_in2_17_c_i_U      |        0|  99|   0|    -|     2|   32|       64|
    |p_in2_18_c_i_U      |        0|  99|   0|    -|     2|   32|       64|
    |p_in2_19_c_i_U      |        0|  99|   0|    -|     2|   32|       64|
    |p_in2_1_c_i_U       |        0|  99|   0|    -|     2|   32|       64|
    |p_in2_20_c_i_U      |        0|  99|   0|    -|     2|   32|       64|
    |p_in2_21_c_i_U      |        0|  99|   0|    -|     2|   32|       64|
    |p_in2_22_c_i_U      |        0|  99|   0|    -|     2|   32|       64|
    |p_in2_23_c_i_U      |        0|  99|   0|    -|     2|   32|       64|
    |p_in2_24_c_i_U      |        0|  99|   0|    -|     2|   32|       64|
    |p_in2_25_c_i_U      |        0|  99|   0|    -|     2|   32|       64|
    |p_in2_26_c_i_U      |        0|  99|   0|    -|     2|   32|       64|
    |p_in2_27_c_i_U      |        0|  99|   0|    -|     2|   32|       64|
    |p_in2_28_c_i_U      |        0|  99|   0|    -|     2|   32|       64|
    |p_in2_29_c_i_U      |        0|  99|   0|    -|     2|   32|       64|
    |p_in2_2_c_i_U       |        0|  99|   0|    -|     2|   32|       64|
    |p_in2_30_c_i_U      |        0|  99|   0|    -|     2|   32|       64|
    |p_in2_31_c_i_U      |        0|  99|   0|    -|     2|   32|       64|
    |p_in2_32_c_i_U      |        0|  99|   0|    -|     2|   32|       64|
    |p_in2_33_c_i_U      |        0|  99|   0|    -|     2|   32|       64|
    |p_in2_34_c_i_U      |        0|  99|   0|    -|     2|   32|       64|
    |p_in2_35_c_i_U      |        0|  99|   0|    -|     2|   32|       64|
    |p_in2_36_c_i_U      |        0|  99|   0|    -|     2|   32|       64|
    |p_in2_37_c_i_U      |        0|  99|   0|    -|     2|   32|       64|
    |p_in2_38_c_i_U      |        0|  99|   0|    -|     2|   32|       64|
    |p_in2_39_c_i_U      |        0|  99|   0|    -|     2|   32|       64|
    |p_in2_3_c_i_U       |        0|  99|   0|    -|     2|   32|       64|
    |p_in2_40_c_i_U      |        0|  99|   0|    -|     2|   32|       64|
    |p_in2_41_c_i_U      |        0|  99|   0|    -|     2|   32|       64|
    |p_in2_42_c_i_U      |        0|  99|   0|    -|     2|   32|       64|
    |p_in2_43_c_i_U      |        0|  99|   0|    -|     2|   32|       64|
    |p_in2_44_c_i_U      |        0|  99|   0|    -|     2|   32|       64|
    |p_in2_45_c_i_U      |        0|  99|   0|    -|     2|   32|       64|
    |p_in2_46_c_i_U      |        0|  99|   0|    -|     2|   32|       64|
    |p_in2_47_c_i_U      |        0|  99|   0|    -|     2|   32|       64|
    |p_in2_48_c_i_U      |        0|  99|   0|    -|     2|   32|       64|
    |p_in2_49_c_i_U      |        0|  99|   0|    -|     2|   32|       64|
    |p_in2_4_c_i_U       |        0|  99|   0|    -|     2|   32|       64|
    |p_in2_50_c_i_U      |        0|  99|   0|    -|     2|   32|       64|
    |p_in2_51_c_i_U      |        0|  99|   0|    -|     2|   32|       64|
    |p_in2_52_c_i_U      |        0|  99|   0|    -|     2|   32|       64|
    |p_in2_53_c_i_U      |        0|  99|   0|    -|     2|   32|       64|
    |p_in2_54_c_i_U      |        0|  99|   0|    -|     2|   32|       64|
    |p_in2_55_c_i_U      |        0|  99|   0|    -|     2|   32|       64|
    |p_in2_56_c_i_U      |        0|  99|   0|    -|     2|   32|       64|
    |p_in2_57_c_i_U      |        0|  99|   0|    -|     2|   32|       64|
    |p_in2_58_c_i_U      |        0|  99|   0|    -|     2|   32|       64|
    |p_in2_59_c_i_U      |        0|  99|   0|    -|     2|   32|       64|
    |p_in2_5_c_i_U       |        0|  99|   0|    -|     2|   32|       64|
    |p_in2_60_c_i_U      |        0|  99|   0|    -|     2|   32|       64|
    |p_in2_61_c_i_U      |        0|  99|   0|    -|     2|   32|       64|
    |p_in2_62_c_i_U      |        0|  99|   0|    -|     2|   32|       64|
    |p_in2_63_c_i_U      |        0|  99|   0|    -|     2|   32|       64|
    |p_in2_6_c_i_U       |        0|  99|   0|    -|     2|   32|       64|
    |p_in2_7_c_i_U       |        0|  99|   0|    -|     2|   32|       64|
    |p_in2_8_c_i_U       |        0|  99|   0|    -|     2|   32|       64|
    |p_in2_9_c_i_U       |        0|  99|   0|    -|     2|   32|       64|
    |str_in1_U           |        0|  99|   0|    -|     2|  128|      256|
    |str_in2_U           |        0|  99|   0|    -|     2|  128|      256|
    +--------------------+---------+----+----+-----+------+-----+---------+
    |Total               |        0|6633|   0|    0|   134| 2310|     4620|
    +--------------------+---------+----+----+-----+------+-----+---------+

    * Expression: 
    +-------------------------------------+----------+----+---+----+------------+------------+
    |            Variable Name            | Operation| DSP| FF| LUT| Bitwidth P0| Bitwidth P1|
    +-------------------------------------+----------+----+---+----+------------+------------+
    |ap_idle                              |       and|   0|  0|   1|           1|           1|
    |krnl_dot33_entry106_U0_start_full_n  |       and|   0|  0|   1|           1|           1|
    +-------------------------------------+----------+----+---+----+------------+------------+
    |Total                                |          |   0|  0|   2|           2|           2|
    +-------------------------------------+----------+----+---+----+------------+------------+

    * Multiplexer: 
    N/A

    * Register: 
    N/A



================================================================
== Interface
================================================================
* Summary: 
+----------------------+-----+-----+------------+--------------+--------------+
|       RTL Ports      | Dir | Bits|  Protocol  | Source Object|    C Type    |
+----------------------+-----+-----+------------+--------------+--------------+
|p_in1_offset_dout     |   in|    6|     ap_fifo|  p_in1_offset|       pointer|
|p_in1_offset_empty_n  |   in|    1|     ap_fifo|  p_in1_offset|       pointer|
|p_in1_offset_read     |  out|    1|     ap_fifo|  p_in1_offset|       pointer|
|p_in2_0_dout          |   in|   32|     ap_fifo|       p_in2_0|       pointer|
|p_in2_0_empty_n       |   in|    1|     ap_fifo|       p_in2_0|       pointer|
|p_in2_0_read          |  out|    1|     ap_fifo|       p_in2_0|       pointer|
|p_in2_1_dout          |   in|   32|     ap_fifo|       p_in2_1|       pointer|
|p_in2_1_empty_n       |   in|    1|     ap_fifo|       p_in2_1|       pointer|
|p_in2_1_read          |  out|    1|     ap_fifo|       p_in2_1|       pointer|
|p_in2_2_dout          |   in|   32|     ap_fifo|       p_in2_2|       pointer|
|p_in2_2_empty_n       |   in|    1|     ap_fifo|       p_in2_2|       pointer|
|p_in2_2_read          |  out|    1|     ap_fifo|       p_in2_2|       pointer|
|p_in2_3_dout          |   in|   32|     ap_fifo|       p_in2_3|       pointer|
|p_in2_3_empty_n       |   in|    1|     ap_fifo|       p_in2_3|       pointer|
|p_in2_3_read          |  out|    1|     ap_fifo|       p_in2_3|       pointer|
|p_in2_4_dout          |   in|   32|     ap_fifo|       p_in2_4|       pointer|
|p_in2_4_empty_n       |   in|    1|     ap_fifo|       p_in2_4|       pointer|
|p_in2_4_read          |  out|    1|     ap_fifo|       p_in2_4|       pointer|
|p_in2_5_dout          |   in|   32|     ap_fifo|       p_in2_5|       pointer|
|p_in2_5_empty_n       |   in|    1|     ap_fifo|       p_in2_5|       pointer|
|p_in2_5_read          |  out|    1|     ap_fifo|       p_in2_5|       pointer|
|p_in2_6_dout          |   in|   32|     ap_fifo|       p_in2_6|       pointer|
|p_in2_6_empty_n       |   in|    1|     ap_fifo|       p_in2_6|       pointer|
|p_in2_6_read          |  out|    1|     ap_fifo|       p_in2_6|       pointer|
|p_in2_7_dout          |   in|   32|     ap_fifo|       p_in2_7|       pointer|
|p_in2_7_empty_n       |   in|    1|     ap_fifo|       p_in2_7|       pointer|
|p_in2_7_read          |  out|    1|     ap_fifo|       p_in2_7|       pointer|
|p_in2_8_dout          |   in|   32|     ap_fifo|       p_in2_8|       pointer|
|p_in2_8_empty_n       |   in|    1|     ap_fifo|       p_in2_8|       pointer|
|p_in2_8_read          |  out|    1|     ap_fifo|       p_in2_8|       pointer|
|p_in2_9_dout          |   in|   32|     ap_fifo|       p_in2_9|       pointer|
|p_in2_9_empty_n       |   in|    1|     ap_fifo|       p_in2_9|       pointer|
|p_in2_9_read          |  out|    1|     ap_fifo|       p_in2_9|       pointer|
|p_in2_10_dout         |   in|   32|     ap_fifo|      p_in2_10|       pointer|
|p_in2_10_empty_n      |   in|    1|     ap_fifo|      p_in2_10|       pointer|
|p_in2_10_read         |  out|    1|     ap_fifo|      p_in2_10|       pointer|
|p_in2_11_dout         |   in|   32|     ap_fifo|      p_in2_11|       pointer|
|p_in2_11_empty_n      |   in|    1|     ap_fifo|      p_in2_11|       pointer|
|p_in2_11_read         |  out|    1|     ap_fifo|      p_in2_11|       pointer|
|p_in2_12_dout         |   in|   32|     ap_fifo|      p_in2_12|       pointer|
|p_in2_12_empty_n      |   in|    1|     ap_fifo|      p_in2_12|       pointer|
|p_in2_12_read         |  out|    1|     ap_fifo|      p_in2_12|       pointer|
|p_in2_13_dout         |   in|   32|     ap_fifo|      p_in2_13|       pointer|
|p_in2_13_empty_n      |   in|    1|     ap_fifo|      p_in2_13|       pointer|
|p_in2_13_read         |  out|    1|     ap_fifo|      p_in2_13|       pointer|
|p_in2_14_dout         |   in|   32|     ap_fifo|      p_in2_14|       pointer|
|p_in2_14_empty_n      |   in|    1|     ap_fifo|      p_in2_14|       pointer|
|p_in2_14_read         |  out|    1|     ap_fifo|      p_in2_14|       pointer|
|p_in2_15_dout         |   in|   32|     ap_fifo|      p_in2_15|       pointer|
|p_in2_15_empty_n      |   in|    1|     ap_fifo|      p_in2_15|       pointer|
|p_in2_15_read         |  out|    1|     ap_fifo|      p_in2_15|       pointer|
|p_in2_16_dout         |   in|   32|     ap_fifo|      p_in2_16|       pointer|
|p_in2_16_empty_n      |   in|    1|     ap_fifo|      p_in2_16|       pointer|
|p_in2_16_read         |  out|    1|     ap_fifo|      p_in2_16|       pointer|
|p_in2_17_dout         |   in|   32|     ap_fifo|      p_in2_17|       pointer|
|p_in2_17_empty_n      |   in|    1|     ap_fifo|      p_in2_17|       pointer|
|p_in2_17_read         |  out|    1|     ap_fifo|      p_in2_17|       pointer|
|p_in2_18_dout         |   in|   32|     ap_fifo|      p_in2_18|       pointer|
|p_in2_18_empty_n      |   in|    1|     ap_fifo|      p_in2_18|       pointer|
|p_in2_18_read         |  out|    1|     ap_fifo|      p_in2_18|       pointer|
|p_in2_19_dout         |   in|   32|     ap_fifo|      p_in2_19|       pointer|
|p_in2_19_empty_n      |   in|    1|     ap_fifo|      p_in2_19|       pointer|
|p_in2_19_read         |  out|    1|     ap_fifo|      p_in2_19|       pointer|
|p_in2_20_dout         |   in|   32|     ap_fifo|      p_in2_20|       pointer|
|p_in2_20_empty_n      |   in|    1|     ap_fifo|      p_in2_20|       pointer|
|p_in2_20_read         |  out|    1|     ap_fifo|      p_in2_20|       pointer|
|p_in2_21_dout         |   in|   32|     ap_fifo|      p_in2_21|       pointer|
|p_in2_21_empty_n      |   in|    1|     ap_fifo|      p_in2_21|       pointer|
|p_in2_21_read         |  out|    1|     ap_fifo|      p_in2_21|       pointer|
|p_in2_22_dout         |   in|   32|     ap_fifo|      p_in2_22|       pointer|
|p_in2_22_empty_n      |   in|    1|     ap_fifo|      p_in2_22|       pointer|
|p_in2_22_read         |  out|    1|     ap_fifo|      p_in2_22|       pointer|
|p_in2_23_dout         |   in|   32|     ap_fifo|      p_in2_23|       pointer|
|p_in2_23_empty_n      |   in|    1|     ap_fifo|      p_in2_23|       pointer|
|p_in2_23_read         |  out|    1|     ap_fifo|      p_in2_23|       pointer|
|p_in2_24_dout         |   in|   32|     ap_fifo|      p_in2_24|       pointer|
|p_in2_24_empty_n      |   in|    1|     ap_fifo|      p_in2_24|       pointer|
|p_in2_24_read         |  out|    1|     ap_fifo|      p_in2_24|       pointer|
|p_in2_25_dout         |   in|   32|     ap_fifo|      p_in2_25|       pointer|
|p_in2_25_empty_n      |   in|    1|     ap_fifo|      p_in2_25|       pointer|
|p_in2_25_read         |  out|    1|     ap_fifo|      p_in2_25|       pointer|
|p_in2_26_dout         |   in|   32|     ap_fifo|      p_in2_26|       pointer|
|p_in2_26_empty_n      |   in|    1|     ap_fifo|      p_in2_26|       pointer|
|p_in2_26_read         |  out|    1|     ap_fifo|      p_in2_26|       pointer|
|p_in2_27_dout         |   in|   32|     ap_fifo|      p_in2_27|       pointer|
|p_in2_27_empty_n      |   in|    1|     ap_fifo|      p_in2_27|       pointer|
|p_in2_27_read         |  out|    1|     ap_fifo|      p_in2_27|       pointer|
|p_in2_28_dout         |   in|   32|     ap_fifo|      p_in2_28|       pointer|
|p_in2_28_empty_n      |   in|    1|     ap_fifo|      p_in2_28|       pointer|
|p_in2_28_read         |  out|    1|     ap_fifo|      p_in2_28|       pointer|
|p_in2_29_dout         |   in|   32|     ap_fifo|      p_in2_29|       pointer|
|p_in2_29_empty_n      |   in|    1|     ap_fifo|      p_in2_29|       pointer|
|p_in2_29_read         |  out|    1|     ap_fifo|      p_in2_29|       pointer|
|p_in2_30_dout         |   in|   32|     ap_fifo|      p_in2_30|       pointer|
|p_in2_30_empty_n      |   in|    1|     ap_fifo|      p_in2_30|       pointer|
|p_in2_30_read         |  out|    1|     ap_fifo|      p_in2_30|       pointer|
|p_in2_31_dout         |   in|   32|     ap_fifo|      p_in2_31|       pointer|
|p_in2_31_empty_n      |   in|    1|     ap_fifo|      p_in2_31|       pointer|
|p_in2_31_read         |  out|    1|     ap_fifo|      p_in2_31|       pointer|
|p_in2_32_dout         |   in|   32|     ap_fifo|      p_in2_32|       pointer|
|p_in2_32_empty_n      |   in|    1|     ap_fifo|      p_in2_32|       pointer|
|p_in2_32_read         |  out|    1|     ap_fifo|      p_in2_32|       pointer|
|p_in2_33_dout         |   in|   32|     ap_fifo|      p_in2_33|       pointer|
|p_in2_33_empty_n      |   in|    1|     ap_fifo|      p_in2_33|       pointer|
|p_in2_33_read         |  out|    1|     ap_fifo|      p_in2_33|       pointer|
|p_in2_34_dout         |   in|   32|     ap_fifo|      p_in2_34|       pointer|
|p_in2_34_empty_n      |   in|    1|     ap_fifo|      p_in2_34|       pointer|
|p_in2_34_read         |  out|    1|     ap_fifo|      p_in2_34|       pointer|
|p_in2_35_dout         |   in|   32|     ap_fifo|      p_in2_35|       pointer|
|p_in2_35_empty_n      |   in|    1|     ap_fifo|      p_in2_35|       pointer|
|p_in2_35_read         |  out|    1|     ap_fifo|      p_in2_35|       pointer|
|p_in2_36_dout         |   in|   32|     ap_fifo|      p_in2_36|       pointer|
|p_in2_36_empty_n      |   in|    1|     ap_fifo|      p_in2_36|       pointer|
|p_in2_36_read         |  out|    1|     ap_fifo|      p_in2_36|       pointer|
|p_in2_37_dout         |   in|   32|     ap_fifo|      p_in2_37|       pointer|
|p_in2_37_empty_n      |   in|    1|     ap_fifo|      p_in2_37|       pointer|
|p_in2_37_read         |  out|    1|     ap_fifo|      p_in2_37|       pointer|
|p_in2_38_dout         |   in|   32|     ap_fifo|      p_in2_38|       pointer|
|p_in2_38_empty_n      |   in|    1|     ap_fifo|      p_in2_38|       pointer|
|p_in2_38_read         |  out|    1|     ap_fifo|      p_in2_38|       pointer|
|p_in2_39_dout         |   in|   32|     ap_fifo|      p_in2_39|       pointer|
|p_in2_39_empty_n      |   in|    1|     ap_fifo|      p_in2_39|       pointer|
|p_in2_39_read         |  out|    1|     ap_fifo|      p_in2_39|       pointer|
|p_in2_40_dout         |   in|   32|     ap_fifo|      p_in2_40|       pointer|
|p_in2_40_empty_n      |   in|    1|     ap_fifo|      p_in2_40|       pointer|
|p_in2_40_read         |  out|    1|     ap_fifo|      p_in2_40|       pointer|
|p_in2_41_dout         |   in|   32|     ap_fifo|      p_in2_41|       pointer|
|p_in2_41_empty_n      |   in|    1|     ap_fifo|      p_in2_41|       pointer|
|p_in2_41_read         |  out|    1|     ap_fifo|      p_in2_41|       pointer|
|p_in2_42_dout         |   in|   32|     ap_fifo|      p_in2_42|       pointer|
|p_in2_42_empty_n      |   in|    1|     ap_fifo|      p_in2_42|       pointer|
|p_in2_42_read         |  out|    1|     ap_fifo|      p_in2_42|       pointer|
|p_in2_43_dout         |   in|   32|     ap_fifo|      p_in2_43|       pointer|
|p_in2_43_empty_n      |   in|    1|     ap_fifo|      p_in2_43|       pointer|
|p_in2_43_read         |  out|    1|     ap_fifo|      p_in2_43|       pointer|
|p_in2_44_dout         |   in|   32|     ap_fifo|      p_in2_44|       pointer|
|p_in2_44_empty_n      |   in|    1|     ap_fifo|      p_in2_44|       pointer|
|p_in2_44_read         |  out|    1|     ap_fifo|      p_in2_44|       pointer|
|p_in2_45_dout         |   in|   32|     ap_fifo|      p_in2_45|       pointer|
|p_in2_45_empty_n      |   in|    1|     ap_fifo|      p_in2_45|       pointer|
|p_in2_45_read         |  out|    1|     ap_fifo|      p_in2_45|       pointer|
|p_in2_46_dout         |   in|   32|     ap_fifo|      p_in2_46|       pointer|
|p_in2_46_empty_n      |   in|    1|     ap_fifo|      p_in2_46|       pointer|
|p_in2_46_read         |  out|    1|     ap_fifo|      p_in2_46|       pointer|
|p_in2_47_dout         |   in|   32|     ap_fifo|      p_in2_47|       pointer|
|p_in2_47_empty_n      |   in|    1|     ap_fifo|      p_in2_47|       pointer|
|p_in2_47_read         |  out|    1|     ap_fifo|      p_in2_47|       pointer|
|p_in2_48_dout         |   in|   32|     ap_fifo|      p_in2_48|       pointer|
|p_in2_48_empty_n      |   in|    1|     ap_fifo|      p_in2_48|       pointer|
|p_in2_48_read         |  out|    1|     ap_fifo|      p_in2_48|       pointer|
|p_in2_49_dout         |   in|   32|     ap_fifo|      p_in2_49|       pointer|
|p_in2_49_empty_n      |   in|    1|     ap_fifo|      p_in2_49|       pointer|
|p_in2_49_read         |  out|    1|     ap_fifo|      p_in2_49|       pointer|
|p_in2_50_dout         |   in|   32|     ap_fifo|      p_in2_50|       pointer|
|p_in2_50_empty_n      |   in|    1|     ap_fifo|      p_in2_50|       pointer|
|p_in2_50_read         |  out|    1|     ap_fifo|      p_in2_50|       pointer|
|p_in2_51_dout         |   in|   32|     ap_fifo|      p_in2_51|       pointer|
|p_in2_51_empty_n      |   in|    1|     ap_fifo|      p_in2_51|       pointer|
|p_in2_51_read         |  out|    1|     ap_fifo|      p_in2_51|       pointer|
|p_in2_52_dout         |   in|   32|     ap_fifo|      p_in2_52|       pointer|
|p_in2_52_empty_n      |   in|    1|     ap_fifo|      p_in2_52|       pointer|
|p_in2_52_read         |  out|    1|     ap_fifo|      p_in2_52|       pointer|
|p_in2_53_dout         |   in|   32|     ap_fifo|      p_in2_53|       pointer|
|p_in2_53_empty_n      |   in|    1|     ap_fifo|      p_in2_53|       pointer|
|p_in2_53_read         |  out|    1|     ap_fifo|      p_in2_53|       pointer|
|p_in2_54_dout         |   in|   32|     ap_fifo|      p_in2_54|       pointer|
|p_in2_54_empty_n      |   in|    1|     ap_fifo|      p_in2_54|       pointer|
|p_in2_54_read         |  out|    1|     ap_fifo|      p_in2_54|       pointer|
|p_in2_55_dout         |   in|   32|     ap_fifo|      p_in2_55|       pointer|
|p_in2_55_empty_n      |   in|    1|     ap_fifo|      p_in2_55|       pointer|
|p_in2_55_read         |  out|    1|     ap_fifo|      p_in2_55|       pointer|
|p_in2_56_dout         |   in|   32|     ap_fifo|      p_in2_56|       pointer|
|p_in2_56_empty_n      |   in|    1|     ap_fifo|      p_in2_56|       pointer|
|p_in2_56_read         |  out|    1|     ap_fifo|      p_in2_56|       pointer|
|p_in2_57_dout         |   in|   32|     ap_fifo|      p_in2_57|       pointer|
|p_in2_57_empty_n      |   in|    1|     ap_fifo|      p_in2_57|       pointer|
|p_in2_57_read         |  out|    1|     ap_fifo|      p_in2_57|       pointer|
|p_in2_58_dout         |   in|   32|     ap_fifo|      p_in2_58|       pointer|
|p_in2_58_empty_n      |   in|    1|     ap_fifo|      p_in2_58|       pointer|
|p_in2_58_read         |  out|    1|     ap_fifo|      p_in2_58|       pointer|
|p_in2_59_dout         |   in|   32|     ap_fifo|      p_in2_59|       pointer|
|p_in2_59_empty_n      |   in|    1|     ap_fifo|      p_in2_59|       pointer|
|p_in2_59_read         |  out|    1|     ap_fifo|      p_in2_59|       pointer|
|p_in2_60_dout         |   in|   32|     ap_fifo|      p_in2_60|       pointer|
|p_in2_60_empty_n      |   in|    1|     ap_fifo|      p_in2_60|       pointer|
|p_in2_60_read         |  out|    1|     ap_fifo|      p_in2_60|       pointer|
|p_in2_61_dout         |   in|   32|     ap_fifo|      p_in2_61|       pointer|
|p_in2_61_empty_n      |   in|    1|     ap_fifo|      p_in2_61|       pointer|
|p_in2_61_read         |  out|    1|     ap_fifo|      p_in2_61|       pointer|
|p_in2_62_dout         |   in|   32|     ap_fifo|      p_in2_62|       pointer|
|p_in2_62_empty_n      |   in|    1|     ap_fifo|      p_in2_62|       pointer|
|p_in2_62_read         |  out|    1|     ap_fifo|      p_in2_62|       pointer|
|p_in2_63_dout         |   in|   32|     ap_fifo|      p_in2_63|       pointer|
|p_in2_63_empty_n      |   in|    1|     ap_fifo|      p_in2_63|       pointer|
|p_in2_63_read         |  out|    1|     ap_fifo|      p_in2_63|       pointer|
|p_output              |  out|   32|      ap_vld|      p_output|       pointer|
|p_output_ap_vld       |  out|    1|      ap_vld|      p_output|       pointer|
|ap_clk                |   in|    1|  ap_ctrl_hs|    krnl_dot33|  return value|
|ap_rst                |   in|    1|  ap_ctrl_hs|    krnl_dot33|  return value|
|ap_start              |   in|    1|  ap_ctrl_hs|    krnl_dot33|  return value|
|ap_done               |  out|    1|  ap_ctrl_hs|    krnl_dot33|  return value|
|ap_ready              |  out|    1|  ap_ctrl_hs|    krnl_dot33|  return value|
|ap_idle               |  out|    1|  ap_ctrl_hs|    krnl_dot33|  return value|
|ap_continue           |   in|    1|  ap_ctrl_hs|    krnl_dot33|  return value|
+----------------------+-----+-----+------------+--------------+--------------+

