

================================================================
== Vitis HLS Report for 'krnl_dot_1'
================================================================
* Date:           Mon May 24 12:53:42 2021

* Version:        2020.2 (Build 3064766 on Wed Nov 18 09:12:47 MST 2020)
* Project:        krnl_lstm
* Solution:       solution (Vitis Kernel Flow Target)
* Product family: zynq
* Target device:  xc7z045-ffg900-2


================================================================
== Performance Estimates
================================================================
+ Timing: 
    * Summary: 
    +--------+----------+----------+------------+
    |  Clock |  Target  | Estimated| Uncertainty|
    +--------+----------+----------+------------+
    |ap_clk  |  10.00 ns|  7.935 ns|     2.70 ns|
    +--------+----------+----------+------------+

+ Latency: 
    * Summary: 
    +---------+---------+----------+----------+-----+-----+----------+
    |  Latency (cycles) |  Latency (absolute) |  Interval | Pipeline |
    |   min   |   max   |    min   |    max   | min | max |   Type   |
    +---------+---------+----------+----------+-----+-----+----------+
    |      116|      116|  1.160 us|  1.160 us|   35|   35|  dataflow|
    +---------+---------+----------+----------+-----+-----+----------+

    + Detail: 
        * Instance: 
        +------------------------------+-----------------------------+---------+---------+----------+----------+-----+-----+----------+
        |                              |                             |  Latency (cycles) |  Latency (absolute) |  Interval | Pipeline |
        |           Instance           |            Module           |   min   |   max   |    min   |    max   | min | max |   Type   |
        +------------------------------+-----------------------------+---------+---------+----------+----------+-----+-----+----------+
        |dot_float_2u_unsigned_int_U0  |dot_float_2u_unsigned_int_s  |       98|       98|  0.980 us|  0.980 us|   35|   35|  dataflow|
        |readVec2Stream_float_4u_U0    |readVec2Stream_float_4u_s    |       15|       15|  0.150 us|  0.150 us|   15|   15|      none|
        |readVec2Stream_float_4u_2_U0  |readVec2Stream_float_4u_2    |       16|       16|  0.160 us|  0.160 us|   16|   16|      none|
        |krnl_dot_1_entry139_U0        |krnl_dot_1_entry139          |        0|        0|      0 ns|      0 ns|    0|    0|      none|
        +------------------------------+-----------------------------+---------+---------+----------+----------+-----+-----+----------+

        * Loop: 
        N/A



================================================================
== Utilization Estimates
================================================================
* Summary: 
+-----------------+---------+-----+--------+--------+-----+
|       Name      | BRAM_18K| DSP |   FF   |   LUT  | URAM|
+-----------------+---------+-----+--------+--------+-----+
|DSP              |        -|    -|       -|       -|    -|
|Expression       |        -|    -|       0|       2|    -|
|FIFO             |        -|    -|    6633|    4556|    -|
|Instance         |        0|   24|    9006|    7801|    -|
|Memory           |        -|    -|       -|       -|    -|
|Multiplexer      |        -|    -|       -|       -|    -|
|Register         |        -|    -|       -|       -|    -|
+-----------------+---------+-----+--------+--------+-----+
|Total            |        0|   24|   15639|   12359|    0|
+-----------------+---------+-----+--------+--------+-----+
|Available        |     1090|  900|  437200|  218600|    0|
+-----------------+---------+-----+--------+--------+-----+
|Utilization (%)  |        0|    2|       3|       5|    0|
+-----------------+---------+-----+--------+--------+-----+

+ Detail: 
    * Instance: 
    +------------------------------+-----------------------------+---------+----+------+------+-----+
    |           Instance           |            Module           | BRAM_18K| DSP|  FF  |  LUT | URAM|
    +------------------------------+-----------------------------+---------+----+------+------+-----+
    |dot_float_2u_unsigned_int_U0  |dot_float_2u_unsigned_int_s  |        0|  24|  4995|  5916|    0|
    |krnl_dot_1_entry139_U0        |krnl_dot_1_entry139          |        0|   0|     3|   604|    0|
    |readVec2Stream_float_4u_2_U0  |readVec2Stream_float_4u_2    |        0|   0|  2070|   515|    0|
    |readVec2Stream_float_4u_U0    |readVec2Stream_float_4u_s    |        0|   0|  1938|   766|    0|
    +------------------------------+-----------------------------+---------+----+------+------+-----+
    |Total                         |                             |        0|  24|  9006|  7801|    0|
    +------------------------------+-----------------------------+---------+----+------+------+-----+

    * DSP: 
    N/A

    * Memory: 
    N/A

    * FIFO: 
    +------------------+---------+----+----+-----+------+-----+---------+
    |       Name       | BRAM_18K| FF | LUT| URAM| Depth| Bits| Size:D*B|
    +------------------+---------+----+----+-----+------+-----+---------+
    |p_in1_0_c_U       |        0|  99|   0|    -|     2|   32|       64|
    |p_in1_10_c_U      |        0|  99|   0|    -|     2|   32|       64|
    |p_in1_11_c_U      |        0|  99|   0|    -|     2|   32|       64|
    |p_in1_12_c_U      |        0|  99|   0|    -|     2|   32|       64|
    |p_in1_13_c_U      |        0|  99|   0|    -|     2|   32|       64|
    |p_in1_14_c_U      |        0|  99|   0|    -|     2|   32|       64|
    |p_in1_15_c_U      |        0|  99|   0|    -|     2|   32|       64|
    |p_in1_16_c_U      |        0|  99|   0|    -|     2|   32|       64|
    |p_in1_17_c_U      |        0|  99|   0|    -|     2|   32|       64|
    |p_in1_18_c_U      |        0|  99|   0|    -|     2|   32|       64|
    |p_in1_19_c_U      |        0|  99|   0|    -|     2|   32|       64|
    |p_in1_1_c_U       |        0|  99|   0|    -|     2|   32|       64|
    |p_in1_20_c_U      |        0|  99|   0|    -|     2|   32|       64|
    |p_in1_21_c_U      |        0|  99|   0|    -|     2|   32|       64|
    |p_in1_22_c_U      |        0|  99|   0|    -|     2|   32|       64|
    |p_in1_23_c_U      |        0|  99|   0|    -|     2|   32|       64|
    |p_in1_24_c_U      |        0|  99|   0|    -|     2|   32|       64|
    |p_in1_25_c_U      |        0|  99|   0|    -|     2|   32|       64|
    |p_in1_26_c_U      |        0|  99|   0|    -|     2|   32|       64|
    |p_in1_27_c_U      |        0|  99|   0|    -|     2|   32|       64|
    |p_in1_28_c_U      |        0|  99|   0|    -|     2|   32|       64|
    |p_in1_29_c_U      |        0|  99|   0|    -|     2|   32|       64|
    |p_in1_2_c_U       |        0|  99|   0|    -|     2|   32|       64|
    |p_in1_30_c_U      |        0|  99|   0|    -|     2|   32|       64|
    |p_in1_31_c_U      |        0|  99|   0|    -|     2|   32|       64|
    |p_in1_32_c_U      |        0|  99|   0|    -|     2|   32|       64|
    |p_in1_33_c_U      |        0|  99|   0|    -|     2|   32|       64|
    |p_in1_34_c_U      |        0|  99|   0|    -|     2|   32|       64|
    |p_in1_35_c_U      |        0|  99|   0|    -|     2|   32|       64|
    |p_in1_36_c_U      |        0|  99|   0|    -|     2|   32|       64|
    |p_in1_37_c_U      |        0|  99|   0|    -|     2|   32|       64|
    |p_in1_38_c_U      |        0|  99|   0|    -|     2|   32|       64|
    |p_in1_39_c_U      |        0|  99|   0|    -|     2|   32|       64|
    |p_in1_3_c_U       |        0|  99|   0|    -|     2|   32|       64|
    |p_in1_40_c_U      |        0|  99|   0|    -|     2|   32|       64|
    |p_in1_41_c_U      |        0|  99|   0|    -|     2|   32|       64|
    |p_in1_42_c_U      |        0|  99|   0|    -|     2|   32|       64|
    |p_in1_43_c_U      |        0|  99|   0|    -|     2|   32|       64|
    |p_in1_44_c_U      |        0|  99|   0|    -|     2|   32|       64|
    |p_in1_45_c_U      |        0|  99|   0|    -|     2|   32|       64|
    |p_in1_46_c_U      |        0|  99|   0|    -|     2|   32|       64|
    |p_in1_47_c_U      |        0|  99|   0|    -|     2|   32|       64|
    |p_in1_48_c_U      |        0|  99|   0|    -|     2|   32|       64|
    |p_in1_49_c_U      |        0|  99|   0|    -|     2|   32|       64|
    |p_in1_4_c_U       |        0|  99|   0|    -|     2|   32|       64|
    |p_in1_50_c_U      |        0|  99|   0|    -|     2|   32|       64|
    |p_in1_51_c_U      |        0|  99|   0|    -|     2|   32|       64|
    |p_in1_52_c_U      |        0|  99|   0|    -|     2|   32|       64|
    |p_in1_53_c_U      |        0|  99|   0|    -|     2|   32|       64|
    |p_in1_54_c_U      |        0|  99|   0|    -|     2|   32|       64|
    |p_in1_55_c_U      |        0|  99|   0|    -|     2|   32|       64|
    |p_in1_56_c_U      |        0|  99|   0|    -|     2|   32|       64|
    |p_in1_57_c_U      |        0|  99|   0|    -|     2|   32|       64|
    |p_in1_58_c_U      |        0|  99|   0|    -|     2|   32|       64|
    |p_in1_59_c_U      |        0|  99|   0|    -|     2|   32|       64|
    |p_in1_5_c_U       |        0|  99|   0|    -|     2|   32|       64|
    |p_in1_60_c_U      |        0|  99|   0|    -|     2|   32|       64|
    |p_in1_61_c_U      |        0|  99|   0|    -|     2|   32|       64|
    |p_in1_62_c_U      |        0|  99|   0|    -|     2|   32|       64|
    |p_in1_63_c_U      |        0|  99|   0|    -|     2|   32|       64|
    |p_in1_6_c_U       |        0|  99|   0|    -|     2|   32|       64|
    |p_in1_7_c_U       |        0|  99|   0|    -|     2|   32|       64|
    |p_in1_8_c_U       |        0|  99|   0|    -|     2|   32|       64|
    |p_in1_9_c_U       |        0|  99|   0|    -|     2|   32|       64|
    |p_in2_offset_c_U  |        0|  99|   0|    -|     2|    4|        8|
    |str_in1_U         |        0|  99|   0|    -|     2|  128|      256|
    |str_in2_U         |        0|  99|   0|    -|     2|  128|      256|
    +------------------+---------+----+----+-----+------+-----+---------+
    |Total             |        0|6633|   0|    0|   134| 2308|     4616|
    +------------------+---------+----+----+-----+------+-----+---------+

    * Expression: 
    +-------------------------------------+----------+----+---+----+------------+------------+
    |            Variable Name            | Operation| DSP| FF| LUT| Bitwidth P0| Bitwidth P1|
    +-------------------------------------+----------+----+---+----+------------+------------+
    |ap_idle                              |       and|   0|  0|   1|           1|           1|
    |krnl_dot_1_entry139_U0_start_full_n  |       and|   0|  0|   1|           1|           1|
    +-------------------------------------+----------+----+---+----+------------+------------+
    |Total                                |          |   0|  0|   2|           2|           2|
    +-------------------------------------+----------+----+---+----+------------+------------+

    * Multiplexer: 
    N/A

    * Register: 
    N/A



================================================================
== Interface
================================================================
* Summary: 
+---------------------+-----+-----+------------+--------------+--------------+
|      RTL Ports      | Dir | Bits|  Protocol  | Source Object|    C Type    |
+---------------------+-----+-----+------------+--------------+--------------+
|p_read               |   in|   32|     ap_none|        p_read|        scalar|
|p_read_ap_vld        |   in|    1|     ap_none|        p_read|        scalar|
|p_read1              |   in|   32|     ap_none|       p_read1|        scalar|
|p_read1_ap_vld       |   in|    1|     ap_none|       p_read1|        scalar|
|p_read2              |   in|   32|     ap_none|       p_read2|        scalar|
|p_read2_ap_vld       |   in|    1|     ap_none|       p_read2|        scalar|
|p_read3              |   in|   32|     ap_none|       p_read3|        scalar|
|p_read3_ap_vld       |   in|    1|     ap_none|       p_read3|        scalar|
|p_read4              |   in|   32|     ap_none|       p_read4|        scalar|
|p_read4_ap_vld       |   in|    1|     ap_none|       p_read4|        scalar|
|p_read5              |   in|   32|     ap_none|       p_read5|        scalar|
|p_read5_ap_vld       |   in|    1|     ap_none|       p_read5|        scalar|
|p_read6              |   in|   32|     ap_none|       p_read6|        scalar|
|p_read6_ap_vld       |   in|    1|     ap_none|       p_read6|        scalar|
|p_read7              |   in|   32|     ap_none|       p_read7|        scalar|
|p_read7_ap_vld       |   in|    1|     ap_none|       p_read7|        scalar|
|p_read8              |   in|   32|     ap_none|       p_read8|        scalar|
|p_read8_ap_vld       |   in|    1|     ap_none|       p_read8|        scalar|
|p_read9              |   in|   32|     ap_none|       p_read9|        scalar|
|p_read9_ap_vld       |   in|    1|     ap_none|       p_read9|        scalar|
|p_read10             |   in|   32|     ap_none|      p_read10|        scalar|
|p_read10_ap_vld      |   in|    1|     ap_none|      p_read10|        scalar|
|p_read11             |   in|   32|     ap_none|      p_read11|        scalar|
|p_read11_ap_vld      |   in|    1|     ap_none|      p_read11|        scalar|
|p_read12             |   in|   32|     ap_none|      p_read12|        scalar|
|p_read12_ap_vld      |   in|    1|     ap_none|      p_read12|        scalar|
|p_read13             |   in|   32|     ap_none|      p_read13|        scalar|
|p_read13_ap_vld      |   in|    1|     ap_none|      p_read13|        scalar|
|p_read14             |   in|   32|     ap_none|      p_read14|        scalar|
|p_read14_ap_vld      |   in|    1|     ap_none|      p_read14|        scalar|
|p_read15             |   in|   32|     ap_none|      p_read15|        scalar|
|p_read15_ap_vld      |   in|    1|     ap_none|      p_read15|        scalar|
|p_read16             |   in|   32|     ap_none|      p_read16|        scalar|
|p_read16_ap_vld      |   in|    1|     ap_none|      p_read16|        scalar|
|p_read17             |   in|   32|     ap_none|      p_read17|        scalar|
|p_read17_ap_vld      |   in|    1|     ap_none|      p_read17|        scalar|
|p_read18             |   in|   32|     ap_none|      p_read18|        scalar|
|p_read18_ap_vld      |   in|    1|     ap_none|      p_read18|        scalar|
|p_read19             |   in|   32|     ap_none|      p_read19|        scalar|
|p_read19_ap_vld      |   in|    1|     ap_none|      p_read19|        scalar|
|p_read20             |   in|   32|     ap_none|      p_read20|        scalar|
|p_read20_ap_vld      |   in|    1|     ap_none|      p_read20|        scalar|
|p_read21             |   in|   32|     ap_none|      p_read21|        scalar|
|p_read21_ap_vld      |   in|    1|     ap_none|      p_read21|        scalar|
|p_read22             |   in|   32|     ap_none|      p_read22|        scalar|
|p_read22_ap_vld      |   in|    1|     ap_none|      p_read22|        scalar|
|p_read23             |   in|   32|     ap_none|      p_read23|        scalar|
|p_read23_ap_vld      |   in|    1|     ap_none|      p_read23|        scalar|
|p_read24             |   in|   32|     ap_none|      p_read24|        scalar|
|p_read24_ap_vld      |   in|    1|     ap_none|      p_read24|        scalar|
|p_read25             |   in|   32|     ap_none|      p_read25|        scalar|
|p_read25_ap_vld      |   in|    1|     ap_none|      p_read25|        scalar|
|p_read26             |   in|   32|     ap_none|      p_read26|        scalar|
|p_read26_ap_vld      |   in|    1|     ap_none|      p_read26|        scalar|
|p_read27             |   in|   32|     ap_none|      p_read27|        scalar|
|p_read27_ap_vld      |   in|    1|     ap_none|      p_read27|        scalar|
|p_read28             |   in|   32|     ap_none|      p_read28|        scalar|
|p_read28_ap_vld      |   in|    1|     ap_none|      p_read28|        scalar|
|p_read29             |   in|   32|     ap_none|      p_read29|        scalar|
|p_read29_ap_vld      |   in|    1|     ap_none|      p_read29|        scalar|
|p_read30             |   in|   32|     ap_none|      p_read30|        scalar|
|p_read30_ap_vld      |   in|    1|     ap_none|      p_read30|        scalar|
|p_read31             |   in|   32|     ap_none|      p_read31|        scalar|
|p_read31_ap_vld      |   in|    1|     ap_none|      p_read31|        scalar|
|p_read32             |   in|   32|     ap_none|      p_read32|        scalar|
|p_read32_ap_vld      |   in|    1|     ap_none|      p_read32|        scalar|
|p_read33             |   in|   32|     ap_none|      p_read33|        scalar|
|p_read33_ap_vld      |   in|    1|     ap_none|      p_read33|        scalar|
|p_read34             |   in|   32|     ap_none|      p_read34|        scalar|
|p_read34_ap_vld      |   in|    1|     ap_none|      p_read34|        scalar|
|p_read35             |   in|   32|     ap_none|      p_read35|        scalar|
|p_read35_ap_vld      |   in|    1|     ap_none|      p_read35|        scalar|
|p_read36             |   in|   32|     ap_none|      p_read36|        scalar|
|p_read36_ap_vld      |   in|    1|     ap_none|      p_read36|        scalar|
|p_read37             |   in|   32|     ap_none|      p_read37|        scalar|
|p_read37_ap_vld      |   in|    1|     ap_none|      p_read37|        scalar|
|p_read38             |   in|   32|     ap_none|      p_read38|        scalar|
|p_read38_ap_vld      |   in|    1|     ap_none|      p_read38|        scalar|
|p_read39             |   in|   32|     ap_none|      p_read39|        scalar|
|p_read39_ap_vld      |   in|    1|     ap_none|      p_read39|        scalar|
|p_read40             |   in|   32|     ap_none|      p_read40|        scalar|
|p_read40_ap_vld      |   in|    1|     ap_none|      p_read40|        scalar|
|p_read41             |   in|   32|     ap_none|      p_read41|        scalar|
|p_read41_ap_vld      |   in|    1|     ap_none|      p_read41|        scalar|
|p_read42             |   in|   32|     ap_none|      p_read42|        scalar|
|p_read42_ap_vld      |   in|    1|     ap_none|      p_read42|        scalar|
|p_read43             |   in|   32|     ap_none|      p_read43|        scalar|
|p_read43_ap_vld      |   in|    1|     ap_none|      p_read43|        scalar|
|p_read44             |   in|   32|     ap_none|      p_read44|        scalar|
|p_read44_ap_vld      |   in|    1|     ap_none|      p_read44|        scalar|
|p_read45             |   in|   32|     ap_none|      p_read45|        scalar|
|p_read45_ap_vld      |   in|    1|     ap_none|      p_read45|        scalar|
|p_read46             |   in|   32|     ap_none|      p_read46|        scalar|
|p_read46_ap_vld      |   in|    1|     ap_none|      p_read46|        scalar|
|p_read47             |   in|   32|     ap_none|      p_read47|        scalar|
|p_read47_ap_vld      |   in|    1|     ap_none|      p_read47|        scalar|
|p_read48             |   in|   32|     ap_none|      p_read48|        scalar|
|p_read48_ap_vld      |   in|    1|     ap_none|      p_read48|        scalar|
|p_read49             |   in|   32|     ap_none|      p_read49|        scalar|
|p_read49_ap_vld      |   in|    1|     ap_none|      p_read49|        scalar|
|p_read50             |   in|   32|     ap_none|      p_read50|        scalar|
|p_read50_ap_vld      |   in|    1|     ap_none|      p_read50|        scalar|
|p_read51             |   in|   32|     ap_none|      p_read51|        scalar|
|p_read51_ap_vld      |   in|    1|     ap_none|      p_read51|        scalar|
|p_read52             |   in|   32|     ap_none|      p_read52|        scalar|
|p_read52_ap_vld      |   in|    1|     ap_none|      p_read52|        scalar|
|p_read53             |   in|   32|     ap_none|      p_read53|        scalar|
|p_read53_ap_vld      |   in|    1|     ap_none|      p_read53|        scalar|
|p_read54             |   in|   32|     ap_none|      p_read54|        scalar|
|p_read54_ap_vld      |   in|    1|     ap_none|      p_read54|        scalar|
|p_read55             |   in|   32|     ap_none|      p_read55|        scalar|
|p_read55_ap_vld      |   in|    1|     ap_none|      p_read55|        scalar|
|p_read56             |   in|   32|     ap_none|      p_read56|        scalar|
|p_read56_ap_vld      |   in|    1|     ap_none|      p_read56|        scalar|
|p_read57             |   in|   32|     ap_none|      p_read57|        scalar|
|p_read57_ap_vld      |   in|    1|     ap_none|      p_read57|        scalar|
|p_read58             |   in|   32|     ap_none|      p_read58|        scalar|
|p_read58_ap_vld      |   in|    1|     ap_none|      p_read58|        scalar|
|p_read59             |   in|   32|     ap_none|      p_read59|        scalar|
|p_read59_ap_vld      |   in|    1|     ap_none|      p_read59|        scalar|
|p_read60             |   in|   32|     ap_none|      p_read60|        scalar|
|p_read60_ap_vld      |   in|    1|     ap_none|      p_read60|        scalar|
|p_read61             |   in|   32|     ap_none|      p_read61|        scalar|
|p_read61_ap_vld      |   in|    1|     ap_none|      p_read61|        scalar|
|p_read62             |   in|   32|     ap_none|      p_read62|        scalar|
|p_read62_ap_vld      |   in|    1|     ap_none|      p_read62|        scalar|
|p_read63             |   in|   32|     ap_none|      p_read63|        scalar|
|p_read63_ap_vld      |   in|    1|     ap_none|      p_read63|        scalar|
|p_in2_offset         |   in|    4|     ap_none|  p_in2_offset|        scalar|
|p_in2_offset_ap_vld  |   in|    1|     ap_none|  p_in2_offset|        scalar|
|p_output             |  out|   32|      ap_vld|      p_output|       pointer|
|p_output_ap_vld      |  out|    1|      ap_vld|      p_output|       pointer|
|ap_clk               |   in|    1|  ap_ctrl_hs|    krnl_dot.1|  return value|
|ap_rst               |   in|    1|  ap_ctrl_hs|    krnl_dot.1|  return value|
|ap_start             |   in|    1|  ap_ctrl_hs|    krnl_dot.1|  return value|
|ap_done              |  out|    1|  ap_ctrl_hs|    krnl_dot.1|  return value|
|ap_ready             |  out|    1|  ap_ctrl_hs|    krnl_dot.1|  return value|
|ap_idle              |  out|    1|  ap_ctrl_hs|    krnl_dot.1|  return value|
|ap_continue          |   in|    1|  ap_ctrl_hs|    krnl_dot.1|  return value|
+---------------------+-----+-----+------------+--------------+--------------+

