

================================================================
== Vitis HLS Report for 'krnl_dot41'
================================================================
* Date:           Tue Mar 16 16:15:15 2021

* Version:        2020.2 (Build 3064766 on Wed Nov 18 09:12:47 MST 2020)
* Project:        krnl_lstm
* Solution:       solution (Vitis Kernel Flow Target)
* Product family: zynq
* Target device:  xc7z045-ffg900-2


================================================================
== Performance Estimates
================================================================
+ Timing: 
    * Summary: 
    +--------+----------+----------+------------+
    |  Clock |  Target  | Estimated| Uncertainty|
    +--------+----------+----------+------------+
    |ap_clk  |  10.00 ns|  7.157 ns|     2.70 ns|
    +--------+----------+----------+------------+

+ Latency: 
    * Summary: 
    +---------+---------+----------+----------+-----+-----+----------+
    |  Latency (cycles) |  Latency (absolute) |  Interval | Pipeline |
    |   min   |   max   |    min   |    max   | min | max |   Type   |
    +---------+---------+----------+----------+-----+-----+----------+
    |       59|       59|  0.590 us|  0.590 us|   27|   27|  dataflow|
    +---------+---------+----------+----------+-----+-----+----------+

    + Detail: 
        * Instance: 
        +-----------------------------------+--------------------------------+---------+---------+-----------+-----------+-----+-----+----------+
        |                                   |                                |  Latency (cycles) |   Latency (absolute)  |  Interval | Pipeline |
        |              Instance             |             Module             |   min   |   max   |    min    |    max    | min | max |   Type   |
        +-----------------------------------+--------------------------------+---------+---------+-----------+-----------+-----+-----+----------+
        |dot_float_5u_unsigned_int_4051_U0  |dot_float_5u_unsigned_int_4051  |       56|       56|   0.560 us|   0.560 us|   27|   27|  dataflow|
        |readVec2Stream_float_32u_149_U0    |readVec2Stream_float_32u_149    |        1|        1|  10.000 ns|  10.000 ns|    1|    1|      none|
        |krnl_dot41_entry117_U0             |krnl_dot41_entry117             |        0|        0|       0 ns|       0 ns|    0|    0|      none|
        |readVec2Stream_float_32u_3950_U0   |readVec2Stream_float_32u_3950   |        0|        0|       0 ns|       0 ns|    0|    0|      none|
        +-----------------------------------+--------------------------------+---------+---------+-----------+-----------+-----+-----+----------+

        * Loop: 
        N/A



================================================================
== Utilization Estimates
================================================================
* Summary: 
+-----------------+---------+-----+--------+--------+-----+
|       Name      | BRAM_18K| DSP |   FF   |   LUT  | URAM|
+-----------------+---------+-----+--------+--------+-----+
|DSP              |        -|    -|       -|       -|    -|
|Expression       |        -|    -|       0|       2|    -|
|FIFO             |        -|    -|    3465|    2380|    -|
|Instance         |       32|  130|   13301|   18935|    -|
|Memory           |        -|    -|       -|       -|    -|
|Multiplexer      |        -|    -|       -|       -|    -|
|Register         |        -|    -|       -|       -|    -|
+-----------------+---------+-----+--------+--------+-----+
|Total            |       32|  130|   16766|   21317|    0|
+-----------------+---------+-----+--------+--------+-----+
|Available        |     1090|  900|  437200|  218600|    0|
+-----------------+---------+-----+--------+--------+-----+
|Utilization (%)  |        2|   14|       3|       9|    0|
+-----------------+---------+-----+--------+--------+-----+

+ Detail: 
    * Instance: 
    +-----------------------------------+--------------------------------+---------+-----+-------+-------+-----+
    |              Instance             |             Module             | BRAM_18K| DSP |   FF  |  LUT  | URAM|
    +-----------------------------------+--------------------------------+---------+-----+-------+-------+-----+
    |dot_float_5u_unsigned_int_4051_U0  |dot_float_5u_unsigned_int_4051  |        0|  130|  13292|  17965|    0|
    |krnl_dot41_entry117_U0             |krnl_dot41_entry117             |        0|    0|      3|    613|    0|
    |readVec2Stream_float_32u_149_U0    |readVec2Stream_float_32u_149    |       32|    0|      4|     50|    0|
    |readVec2Stream_float_32u_3950_U0   |readVec2Stream_float_32u_3950   |        0|    0|      2|    307|    0|
    +-----------------------------------+--------------------------------+---------+-----+-------+-------+-----+
    |Total                              |                                |       32|  130|  13301|  18935|    0|
    +-----------------------------------+--------------------------------+---------+-----+-------+-------+-----+

    * DSP: 
    N/A

    * Memory: 
    N/A

    * FIFO: 
    +--------------------+---------+----+----+-----+------+------+---------+
    |        Name        | BRAM_18K| FF | LUT| URAM| Depth| Bits | Size:D*B|
    +--------------------+---------+----+----+-----+------+------+---------+
    |p_in1_offset_c_i_U  |        0|  99|   0|    -|     2|     6|       12|
    |p_in2_0_c_i_U       |        0|  99|   0|    -|     2|    32|       64|
    |p_in2_10_c_i_U      |        0|  99|   0|    -|     2|    32|       64|
    |p_in2_11_c_i_U      |        0|  99|   0|    -|     2|    32|       64|
    |p_in2_12_c_i_U      |        0|  99|   0|    -|     2|    32|       64|
    |p_in2_13_c_i_U      |        0|  99|   0|    -|     2|    32|       64|
    |p_in2_14_c_i_U      |        0|  99|   0|    -|     2|    32|       64|
    |p_in2_15_c_i_U      |        0|  99|   0|    -|     2|    32|       64|
    |p_in2_16_c_i_U      |        0|  99|   0|    -|     2|    32|       64|
    |p_in2_17_c_i_U      |        0|  99|   0|    -|     2|    32|       64|
    |p_in2_18_c_i_U      |        0|  99|   0|    -|     2|    32|       64|
    |p_in2_19_c_i_U      |        0|  99|   0|    -|     2|    32|       64|
    |p_in2_1_c_i_U       |        0|  99|   0|    -|     2|    32|       64|
    |p_in2_20_c_i_U      |        0|  99|   0|    -|     2|    32|       64|
    |p_in2_21_c_i_U      |        0|  99|   0|    -|     2|    32|       64|
    |p_in2_22_c_i_U      |        0|  99|   0|    -|     2|    32|       64|
    |p_in2_23_c_i_U      |        0|  99|   0|    -|     2|    32|       64|
    |p_in2_24_c_i_U      |        0|  99|   0|    -|     2|    32|       64|
    |p_in2_25_c_i_U      |        0|  99|   0|    -|     2|    32|       64|
    |p_in2_26_c_i_U      |        0|  99|   0|    -|     2|    32|       64|
    |p_in2_27_c_i_U      |        0|  99|   0|    -|     2|    32|       64|
    |p_in2_28_c_i_U      |        0|  99|   0|    -|     2|    32|       64|
    |p_in2_29_c_i_U      |        0|  99|   0|    -|     2|    32|       64|
    |p_in2_2_c_i_U       |        0|  99|   0|    -|     2|    32|       64|
    |p_in2_30_c_i_U      |        0|  99|   0|    -|     2|    32|       64|
    |p_in2_31_c_i_U      |        0|  99|   0|    -|     2|    32|       64|
    |p_in2_3_c_i_U       |        0|  99|   0|    -|     2|    32|       64|
    |p_in2_4_c_i_U       |        0|  99|   0|    -|     2|    32|       64|
    |p_in2_5_c_i_U       |        0|  99|   0|    -|     2|    32|       64|
    |p_in2_6_c_i_U       |        0|  99|   0|    -|     2|    32|       64|
    |p_in2_7_c_i_U       |        0|  99|   0|    -|     2|    32|       64|
    |p_in2_8_c_i_U       |        0|  99|   0|    -|     2|    32|       64|
    |p_in2_9_c_i_U       |        0|  99|   0|    -|     2|    32|       64|
    |str_in1_U           |        0|  99|   0|    -|     2|  1024|     2048|
    |str_in2_U           |        0|  99|   0|    -|     2|  1024|     2048|
    +--------------------+---------+----+----+-----+------+------+---------+
    |Total               |        0|3465|   0|    0|    70|  3078|     6156|
    +--------------------+---------+----+----+-----+------+------+---------+

    * Expression: 
    +-------------------------------------+----------+----+---+----+------------+------------+
    |            Variable Name            | Operation| DSP| FF| LUT| Bitwidth P0| Bitwidth P1|
    +-------------------------------------+----------+----+---+----+------------+------------+
    |ap_idle                              |       and|   0|  0|   1|           1|           1|
    |krnl_dot41_entry117_U0_start_full_n  |       and|   0|  0|   1|           1|           1|
    +-------------------------------------+----------+----+---+----+------------+------------+
    |Total                                |          |   0|  0|   2|           2|           2|
    +-------------------------------------+----------+----+---+----+------------+------------+

    * Multiplexer: 
    N/A

    * Register: 
    N/A



================================================================
== Interface
================================================================
* Summary: 
+----------------------+-----+-----+------------+--------------+--------------+
|       RTL Ports      | Dir | Bits|  Protocol  | Source Object|    C Type    |
+----------------------+-----+-----+------------+--------------+--------------+
|p_in1_offset_dout     |   in|    6|     ap_fifo|  p_in1_offset|       pointer|
|p_in1_offset_empty_n  |   in|    1|     ap_fifo|  p_in1_offset|       pointer|
|p_in1_offset_read     |  out|    1|     ap_fifo|  p_in1_offset|       pointer|
|p_in2_0_dout          |   in|   32|     ap_fifo|       p_in2_0|       pointer|
|p_in2_0_empty_n       |   in|    1|     ap_fifo|       p_in2_0|       pointer|
|p_in2_0_read          |  out|    1|     ap_fifo|       p_in2_0|       pointer|
|p_in2_1_dout          |   in|   32|     ap_fifo|       p_in2_1|       pointer|
|p_in2_1_empty_n       |   in|    1|     ap_fifo|       p_in2_1|       pointer|
|p_in2_1_read          |  out|    1|     ap_fifo|       p_in2_1|       pointer|
|p_in2_2_dout          |   in|   32|     ap_fifo|       p_in2_2|       pointer|
|p_in2_2_empty_n       |   in|    1|     ap_fifo|       p_in2_2|       pointer|
|p_in2_2_read          |  out|    1|     ap_fifo|       p_in2_2|       pointer|
|p_in2_3_dout          |   in|   32|     ap_fifo|       p_in2_3|       pointer|
|p_in2_3_empty_n       |   in|    1|     ap_fifo|       p_in2_3|       pointer|
|p_in2_3_read          |  out|    1|     ap_fifo|       p_in2_3|       pointer|
|p_in2_4_dout          |   in|   32|     ap_fifo|       p_in2_4|       pointer|
|p_in2_4_empty_n       |   in|    1|     ap_fifo|       p_in2_4|       pointer|
|p_in2_4_read          |  out|    1|     ap_fifo|       p_in2_4|       pointer|
|p_in2_5_dout          |   in|   32|     ap_fifo|       p_in2_5|       pointer|
|p_in2_5_empty_n       |   in|    1|     ap_fifo|       p_in2_5|       pointer|
|p_in2_5_read          |  out|    1|     ap_fifo|       p_in2_5|       pointer|
|p_in2_6_dout          |   in|   32|     ap_fifo|       p_in2_6|       pointer|
|p_in2_6_empty_n       |   in|    1|     ap_fifo|       p_in2_6|       pointer|
|p_in2_6_read          |  out|    1|     ap_fifo|       p_in2_6|       pointer|
|p_in2_7_dout          |   in|   32|     ap_fifo|       p_in2_7|       pointer|
|p_in2_7_empty_n       |   in|    1|     ap_fifo|       p_in2_7|       pointer|
|p_in2_7_read          |  out|    1|     ap_fifo|       p_in2_7|       pointer|
|p_in2_8_dout          |   in|   32|     ap_fifo|       p_in2_8|       pointer|
|p_in2_8_empty_n       |   in|    1|     ap_fifo|       p_in2_8|       pointer|
|p_in2_8_read          |  out|    1|     ap_fifo|       p_in2_8|       pointer|
|p_in2_9_dout          |   in|   32|     ap_fifo|       p_in2_9|       pointer|
|p_in2_9_empty_n       |   in|    1|     ap_fifo|       p_in2_9|       pointer|
|p_in2_9_read          |  out|    1|     ap_fifo|       p_in2_9|       pointer|
|p_in2_10_dout         |   in|   32|     ap_fifo|      p_in2_10|       pointer|
|p_in2_10_empty_n      |   in|    1|     ap_fifo|      p_in2_10|       pointer|
|p_in2_10_read         |  out|    1|     ap_fifo|      p_in2_10|       pointer|
|p_in2_11_dout         |   in|   32|     ap_fifo|      p_in2_11|       pointer|
|p_in2_11_empty_n      |   in|    1|     ap_fifo|      p_in2_11|       pointer|
|p_in2_11_read         |  out|    1|     ap_fifo|      p_in2_11|       pointer|
|p_in2_12_dout         |   in|   32|     ap_fifo|      p_in2_12|       pointer|
|p_in2_12_empty_n      |   in|    1|     ap_fifo|      p_in2_12|       pointer|
|p_in2_12_read         |  out|    1|     ap_fifo|      p_in2_12|       pointer|
|p_in2_13_dout         |   in|   32|     ap_fifo|      p_in2_13|       pointer|
|p_in2_13_empty_n      |   in|    1|     ap_fifo|      p_in2_13|       pointer|
|p_in2_13_read         |  out|    1|     ap_fifo|      p_in2_13|       pointer|
|p_in2_14_dout         |   in|   32|     ap_fifo|      p_in2_14|       pointer|
|p_in2_14_empty_n      |   in|    1|     ap_fifo|      p_in2_14|       pointer|
|p_in2_14_read         |  out|    1|     ap_fifo|      p_in2_14|       pointer|
|p_in2_15_dout         |   in|   32|     ap_fifo|      p_in2_15|       pointer|
|p_in2_15_empty_n      |   in|    1|     ap_fifo|      p_in2_15|       pointer|
|p_in2_15_read         |  out|    1|     ap_fifo|      p_in2_15|       pointer|
|p_in2_16_dout         |   in|   32|     ap_fifo|      p_in2_16|       pointer|
|p_in2_16_empty_n      |   in|    1|     ap_fifo|      p_in2_16|       pointer|
|p_in2_16_read         |  out|    1|     ap_fifo|      p_in2_16|       pointer|
|p_in2_17_dout         |   in|   32|     ap_fifo|      p_in2_17|       pointer|
|p_in2_17_empty_n      |   in|    1|     ap_fifo|      p_in2_17|       pointer|
|p_in2_17_read         |  out|    1|     ap_fifo|      p_in2_17|       pointer|
|p_in2_18_dout         |   in|   32|     ap_fifo|      p_in2_18|       pointer|
|p_in2_18_empty_n      |   in|    1|     ap_fifo|      p_in2_18|       pointer|
|p_in2_18_read         |  out|    1|     ap_fifo|      p_in2_18|       pointer|
|p_in2_19_dout         |   in|   32|     ap_fifo|      p_in2_19|       pointer|
|p_in2_19_empty_n      |   in|    1|     ap_fifo|      p_in2_19|       pointer|
|p_in2_19_read         |  out|    1|     ap_fifo|      p_in2_19|       pointer|
|p_in2_20_dout         |   in|   32|     ap_fifo|      p_in2_20|       pointer|
|p_in2_20_empty_n      |   in|    1|     ap_fifo|      p_in2_20|       pointer|
|p_in2_20_read         |  out|    1|     ap_fifo|      p_in2_20|       pointer|
|p_in2_21_dout         |   in|   32|     ap_fifo|      p_in2_21|       pointer|
|p_in2_21_empty_n      |   in|    1|     ap_fifo|      p_in2_21|       pointer|
|p_in2_21_read         |  out|    1|     ap_fifo|      p_in2_21|       pointer|
|p_in2_22_dout         |   in|   32|     ap_fifo|      p_in2_22|       pointer|
|p_in2_22_empty_n      |   in|    1|     ap_fifo|      p_in2_22|       pointer|
|p_in2_22_read         |  out|    1|     ap_fifo|      p_in2_22|       pointer|
|p_in2_23_dout         |   in|   32|     ap_fifo|      p_in2_23|       pointer|
|p_in2_23_empty_n      |   in|    1|     ap_fifo|      p_in2_23|       pointer|
|p_in2_23_read         |  out|    1|     ap_fifo|      p_in2_23|       pointer|
|p_in2_24_dout         |   in|   32|     ap_fifo|      p_in2_24|       pointer|
|p_in2_24_empty_n      |   in|    1|     ap_fifo|      p_in2_24|       pointer|
|p_in2_24_read         |  out|    1|     ap_fifo|      p_in2_24|       pointer|
|p_in2_25_dout         |   in|   32|     ap_fifo|      p_in2_25|       pointer|
|p_in2_25_empty_n      |   in|    1|     ap_fifo|      p_in2_25|       pointer|
|p_in2_25_read         |  out|    1|     ap_fifo|      p_in2_25|       pointer|
|p_in2_26_dout         |   in|   32|     ap_fifo|      p_in2_26|       pointer|
|p_in2_26_empty_n      |   in|    1|     ap_fifo|      p_in2_26|       pointer|
|p_in2_26_read         |  out|    1|     ap_fifo|      p_in2_26|       pointer|
|p_in2_27_dout         |   in|   32|     ap_fifo|      p_in2_27|       pointer|
|p_in2_27_empty_n      |   in|    1|     ap_fifo|      p_in2_27|       pointer|
|p_in2_27_read         |  out|    1|     ap_fifo|      p_in2_27|       pointer|
|p_in2_28_dout         |   in|   32|     ap_fifo|      p_in2_28|       pointer|
|p_in2_28_empty_n      |   in|    1|     ap_fifo|      p_in2_28|       pointer|
|p_in2_28_read         |  out|    1|     ap_fifo|      p_in2_28|       pointer|
|p_in2_29_dout         |   in|   32|     ap_fifo|      p_in2_29|       pointer|
|p_in2_29_empty_n      |   in|    1|     ap_fifo|      p_in2_29|       pointer|
|p_in2_29_read         |  out|    1|     ap_fifo|      p_in2_29|       pointer|
|p_in2_30_dout         |   in|   32|     ap_fifo|      p_in2_30|       pointer|
|p_in2_30_empty_n      |   in|    1|     ap_fifo|      p_in2_30|       pointer|
|p_in2_30_read         |  out|    1|     ap_fifo|      p_in2_30|       pointer|
|p_in2_31_dout         |   in|   32|     ap_fifo|      p_in2_31|       pointer|
|p_in2_31_empty_n      |   in|    1|     ap_fifo|      p_in2_31|       pointer|
|p_in2_31_read         |  out|    1|     ap_fifo|      p_in2_31|       pointer|
|p_output              |  out|   32|      ap_vld|      p_output|       pointer|
|p_output_ap_vld       |  out|    1|      ap_vld|      p_output|       pointer|
|ap_clk                |   in|    1|  ap_ctrl_hs|    krnl_dot41|  return value|
|ap_rst                |   in|    1|  ap_ctrl_hs|    krnl_dot41|  return value|
|ap_start              |   in|    1|  ap_ctrl_hs|    krnl_dot41|  return value|
|ap_done               |  out|    1|  ap_ctrl_hs|    krnl_dot41|  return value|
|ap_ready              |  out|    1|  ap_ctrl_hs|    krnl_dot41|  return value|
|ap_idle               |  out|    1|  ap_ctrl_hs|    krnl_dot41|  return value|
|ap_continue           |   in|    1|  ap_ctrl_hs|    krnl_dot41|  return value|
+----------------------+-----+-----+------------+--------------+--------------+

