

================================================================
== Vitis HLS Report for 'krnl_lstm_unit_entry122'
================================================================
* Date:           Mon May 24 12:52:37 2021

* Version:        2020.2 (Build 3064766 on Wed Nov 18 09:12:47 MST 2020)
* Project:        krnl_lstm
* Solution:       solution (Vitis Kernel Flow Target)
* Product family: zynq
* Target device:  xc7z045-ffg900-2


================================================================
== Performance Estimates
================================================================
+ Timing: 
    * Summary: 
    +--------+----------+----------+------------+
    |  Clock |  Target  | Estimated| Uncertainty|
    +--------+----------+----------+------------+
    |ap_clk  |  10.00 ns|  3.401 ns|     2.70 ns|
    +--------+----------+----------+------------+

+ Latency: 
    * Summary: 
    +---------+---------+----------+----------+-----+-----+---------+
    |  Latency (cycles) |  Latency (absolute) |  Interval | Pipeline|
    |   min   |   max   |    min   |    max   | min | max |   Type  |
    +---------+---------+----------+----------+-----+-----+---------+
    |        0|        0|      0 ns|      0 ns|    0|    0|     none|
    +---------+---------+----------+----------+-----+-----+---------+

    + Detail: 
        * Instance: 
        N/A

        * Loop: 
        N/A



================================================================
== Utilization Estimates
================================================================
* Summary: 
+-----------------+---------+-----+--------+--------+-----+
|       Name      | BRAM_18K| DSP |   FF   |   LUT  | URAM|
+-----------------+---------+-----+--------+--------+-----+
|DSP              |        -|    -|       -|       -|    -|
|Expression       |        -|    -|       0|       1|    -|
|FIFO             |        -|    -|       -|       -|    -|
|Instance         |        -|    -|       -|       -|    -|
|Memory           |        -|    -|       -|       -|    -|
|Multiplexer      |        -|    -|       -|    1260|    -|
|Register         |        -|    -|       3|       -|    -|
+-----------------+---------+-----+--------+--------+-----+
|Total            |        0|    0|       3|    1261|    0|
+-----------------+---------+-----+--------+--------+-----+
|Available        |     1090|  900|  437200|  218600|    0|
+-----------------+---------+-----+--------+--------+-----+
|Utilization (%)  |        0|    0|      ~0|      ~0|    0|
+-----------------+---------+-----+--------+--------+-----+

+ Detail: 
    * Instance: 
    N/A

    * DSP: 
    N/A

    * Memory: 
    N/A

    * FIFO: 
    N/A

    * Expression: 
    +-----------------+----------+----+---+----+------------+------------+
    |  Variable Name  | Operation| DSP| FF| LUT| Bitwidth P0| Bitwidth P1|
    +-----------------+----------+----+---+----+------------+------------+
    |ap_block_state1  |        or|   0|  0|   1|           1|           1|
    +-----------------+----------+----+---+----+------------+------------+
    |Total            |          |   0|  0|   1|           1|           1|
    +-----------------+----------+----+---+----+------------+------------+

    * Multiplexer: 
    +----------------------+----+-----------+-----+-----------+
    |         Name         | LUT| Input Size| Bits| Total Bits|
    +----------------------+----+-----------+-----+-----------+
    |ap_done               |   9|          2|    1|          2|
    |c_tp_out_blk_n        |   9|          2|    1|          2|
    |h_tps_0_out8_blk_n    |   9|          2|    1|          2|
    |h_tps_0_out_blk_n     |   9|          2|    1|          2|
    |h_tps_10_out18_blk_n  |   9|          2|    1|          2|
    |h_tps_10_out_blk_n    |   9|          2|    1|          2|
    |h_tps_11_out19_blk_n  |   9|          2|    1|          2|
    |h_tps_11_out_blk_n    |   9|          2|    1|          2|
    |h_tps_12_out20_blk_n  |   9|          2|    1|          2|
    |h_tps_12_out_blk_n    |   9|          2|    1|          2|
    |h_tps_13_out21_blk_n  |   9|          2|    1|          2|
    |h_tps_13_out_blk_n    |   9|          2|    1|          2|
    |h_tps_14_out22_blk_n  |   9|          2|    1|          2|
    |h_tps_14_out_blk_n    |   9|          2|    1|          2|
    |h_tps_15_out23_blk_n  |   9|          2|    1|          2|
    |h_tps_15_out_blk_n    |   9|          2|    1|          2|
    |h_tps_16_out24_blk_n  |   9|          2|    1|          2|
    |h_tps_16_out_blk_n    |   9|          2|    1|          2|
    |h_tps_17_out25_blk_n  |   9|          2|    1|          2|
    |h_tps_17_out_blk_n    |   9|          2|    1|          2|
    |h_tps_18_out26_blk_n  |   9|          2|    1|          2|
    |h_tps_18_out_blk_n    |   9|          2|    1|          2|
    |h_tps_19_out27_blk_n  |   9|          2|    1|          2|
    |h_tps_19_out_blk_n    |   9|          2|    1|          2|
    |h_tps_1_out9_blk_n    |   9|          2|    1|          2|
    |h_tps_1_out_blk_n     |   9|          2|    1|          2|
    |h_tps_20_out28_blk_n  |   9|          2|    1|          2|
    |h_tps_20_out_blk_n    |   9|          2|    1|          2|
    |h_tps_21_out29_blk_n  |   9|          2|    1|          2|
    |h_tps_21_out_blk_n    |   9|          2|    1|          2|
    |h_tps_22_out30_blk_n  |   9|          2|    1|          2|
    |h_tps_22_out_blk_n    |   9|          2|    1|          2|
    |h_tps_23_out31_blk_n  |   9|          2|    1|          2|
    |h_tps_23_out_blk_n    |   9|          2|    1|          2|
    |h_tps_24_out32_blk_n  |   9|          2|    1|          2|
    |h_tps_24_out_blk_n    |   9|          2|    1|          2|
    |h_tps_25_out33_blk_n  |   9|          2|    1|          2|
    |h_tps_25_out_blk_n    |   9|          2|    1|          2|
    |h_tps_26_out34_blk_n  |   9|          2|    1|          2|
    |h_tps_26_out_blk_n    |   9|          2|    1|          2|
    |h_tps_27_out35_blk_n  |   9|          2|    1|          2|
    |h_tps_27_out_blk_n    |   9|          2|    1|          2|
    |h_tps_28_out36_blk_n  |   9|          2|    1|          2|
    |h_tps_28_out_blk_n    |   9|          2|    1|          2|
    |h_tps_29_out37_blk_n  |   9|          2|    1|          2|
    |h_tps_29_out_blk_n    |   9|          2|    1|          2|
    |h_tps_2_out10_blk_n   |   9|          2|    1|          2|
    |h_tps_2_out_blk_n     |   9|          2|    1|          2|
    |h_tps_30_out38_blk_n  |   9|          2|    1|          2|
    |h_tps_30_out_blk_n    |   9|          2|    1|          2|
    |h_tps_31_out39_blk_n  |   9|          2|    1|          2|
    |h_tps_31_out_blk_n    |   9|          2|    1|          2|
    |h_tps_32_out40_blk_n  |   9|          2|    1|          2|
    |h_tps_32_out_blk_n    |   9|          2|    1|          2|
    |h_tps_33_out41_blk_n  |   9|          2|    1|          2|
    |h_tps_33_out_blk_n    |   9|          2|    1|          2|
    |h_tps_34_out42_blk_n  |   9|          2|    1|          2|
    |h_tps_34_out_blk_n    |   9|          2|    1|          2|
    |h_tps_35_out43_blk_n  |   9|          2|    1|          2|
    |h_tps_35_out_blk_n    |   9|          2|    1|          2|
    |h_tps_36_out44_blk_n  |   9|          2|    1|          2|
    |h_tps_36_out_blk_n    |   9|          2|    1|          2|
    |h_tps_37_out45_blk_n  |   9|          2|    1|          2|
    |h_tps_37_out_blk_n    |   9|          2|    1|          2|
    |h_tps_38_out46_blk_n  |   9|          2|    1|          2|
    |h_tps_38_out_blk_n    |   9|          2|    1|          2|
    |h_tps_39_out47_blk_n  |   9|          2|    1|          2|
    |h_tps_39_out_blk_n    |   9|          2|    1|          2|
    |h_tps_3_out11_blk_n   |   9|          2|    1|          2|
    |h_tps_3_out_blk_n     |   9|          2|    1|          2|
    |h_tps_40_out48_blk_n  |   9|          2|    1|          2|
    |h_tps_40_out_blk_n    |   9|          2|    1|          2|
    |h_tps_41_out49_blk_n  |   9|          2|    1|          2|
    |h_tps_41_out_blk_n    |   9|          2|    1|          2|
    |h_tps_42_out50_blk_n  |   9|          2|    1|          2|
    |h_tps_42_out_blk_n    |   9|          2|    1|          2|
    |h_tps_43_out51_blk_n  |   9|          2|    1|          2|
    |h_tps_43_out_blk_n    |   9|          2|    1|          2|
    |h_tps_44_out52_blk_n  |   9|          2|    1|          2|
    |h_tps_44_out_blk_n    |   9|          2|    1|          2|
    |h_tps_45_out53_blk_n  |   9|          2|    1|          2|
    |h_tps_45_out_blk_n    |   9|          2|    1|          2|
    |h_tps_46_out54_blk_n  |   9|          2|    1|          2|
    |h_tps_46_out_blk_n    |   9|          2|    1|          2|
    |h_tps_47_out55_blk_n  |   9|          2|    1|          2|
    |h_tps_47_out_blk_n    |   9|          2|    1|          2|
    |h_tps_48_out56_blk_n  |   9|          2|    1|          2|
    |h_tps_48_out_blk_n    |   9|          2|    1|          2|
    |h_tps_49_out57_blk_n  |   9|          2|    1|          2|
    |h_tps_49_out_blk_n    |   9|          2|    1|          2|
    |h_tps_4_out12_blk_n   |   9|          2|    1|          2|
    |h_tps_4_out_blk_n     |   9|          2|    1|          2|
    |h_tps_50_out58_blk_n  |   9|          2|    1|          2|
    |h_tps_50_out_blk_n    |   9|          2|    1|          2|
    |h_tps_51_out59_blk_n  |   9|          2|    1|          2|
    |h_tps_51_out_blk_n    |   9|          2|    1|          2|
    |h_tps_52_out60_blk_n  |   9|          2|    1|          2|
    |h_tps_52_out_blk_n    |   9|          2|    1|          2|
    |h_tps_53_out61_blk_n  |   9|          2|    1|          2|
    |h_tps_53_out_blk_n    |   9|          2|    1|          2|
    |h_tps_54_out62_blk_n  |   9|          2|    1|          2|
    |h_tps_54_out_blk_n    |   9|          2|    1|          2|
    |h_tps_55_out63_blk_n  |   9|          2|    1|          2|
    |h_tps_55_out_blk_n    |   9|          2|    1|          2|
    |h_tps_56_out64_blk_n  |   9|          2|    1|          2|
    |h_tps_56_out_blk_n    |   9|          2|    1|          2|
    |h_tps_57_out65_blk_n  |   9|          2|    1|          2|
    |h_tps_57_out_blk_n    |   9|          2|    1|          2|
    |h_tps_58_out66_blk_n  |   9|          2|    1|          2|
    |h_tps_58_out_blk_n    |   9|          2|    1|          2|
    |h_tps_59_out67_blk_n  |   9|          2|    1|          2|
    |h_tps_59_out_blk_n    |   9|          2|    1|          2|
    |h_tps_5_out13_blk_n   |   9|          2|    1|          2|
    |h_tps_5_out_blk_n     |   9|          2|    1|          2|
    |h_tps_60_out68_blk_n  |   9|          2|    1|          2|
    |h_tps_60_out_blk_n    |   9|          2|    1|          2|
    |h_tps_61_out69_blk_n  |   9|          2|    1|          2|
    |h_tps_61_out_blk_n    |   9|          2|    1|          2|
    |h_tps_62_out70_blk_n  |   9|          2|    1|          2|
    |h_tps_62_out_blk_n    |   9|          2|    1|          2|
    |h_tps_63_out71_blk_n  |   9|          2|    1|          2|
    |h_tps_63_out_blk_n    |   9|          2|    1|          2|
    |h_tps_6_out14_blk_n   |   9|          2|    1|          2|
    |h_tps_6_out_blk_n     |   9|          2|    1|          2|
    |h_tps_7_out15_blk_n   |   9|          2|    1|          2|
    |h_tps_7_out_blk_n     |   9|          2|    1|          2|
    |h_tps_8_out16_blk_n   |   9|          2|    1|          2|
    |h_tps_8_out_blk_n     |   9|          2|    1|          2|
    |h_tps_9_out17_blk_n   |   9|          2|    1|          2|
    |h_tps_9_out_blk_n     |   9|          2|    1|          2|
    |real_start            |   9|          2|    1|          2|
    |unit_ind_out1_blk_n   |   9|          2|    1|          2|
    |unit_ind_out2_blk_n   |   9|          2|    1|          2|
    |unit_ind_out3_blk_n   |   9|          2|    1|          2|
    |unit_ind_out4_blk_n   |   9|          2|    1|          2|
    |unit_ind_out_blk_n    |   9|          2|    1|          2|
    |x_t_out5_blk_n        |   9|          2|    1|          2|
    |x_t_out6_blk_n        |   9|          2|    1|          2|
    |x_t_out7_blk_n        |   9|          2|    1|          2|
    |x_t_out_blk_n         |   9|          2|    1|          2|
    +----------------------+----+-----------+-----+-----------+
    |Total                 |1260|        280|  140|        280|
    +----------------------+----+-----------+-----+-----------+

    * Register: 
    +----------------+---+----+-----+-----------+
    |      Name      | FF| LUT| Bits| Const Bits|
    +----------------+---+----+-----+-----------+
    |ap_CS_fsm       |  1|   0|    1|          0|
    |ap_done_reg     |  1|   0|    1|          0|
    |start_once_reg  |  1|   0|    1|          0|
    +----------------+---+----+-----+-----------+
    |Total           |  3|   0|    3|          0|
    +----------------+---+----+-----+-----------+



================================================================
== Interface
================================================================
* Summary: 
+-----------------------+-----+-----+------------+-------------------------+--------------+
|       RTL Ports       | Dir | Bits|  Protocol  |      Source Object      |    C Type    |
+-----------------------+-----+-----+------------+-------------------------+--------------+
|ap_clk                 |   in|    1|  ap_ctrl_hs|  krnl_lstm_unit.entry122|  return value|
|ap_rst                 |   in|    1|  ap_ctrl_hs|  krnl_lstm_unit.entry122|  return value|
|ap_start               |   in|    1|  ap_ctrl_hs|  krnl_lstm_unit.entry122|  return value|
|start_full_n           |   in|    1|  ap_ctrl_hs|  krnl_lstm_unit.entry122|  return value|
|ap_done                |  out|    1|  ap_ctrl_hs|  krnl_lstm_unit.entry122|  return value|
|ap_continue            |   in|    1|  ap_ctrl_hs|  krnl_lstm_unit.entry122|  return value|
|ap_idle                |  out|    1|  ap_ctrl_hs|  krnl_lstm_unit.entry122|  return value|
|ap_ready               |  out|    1|  ap_ctrl_hs|  krnl_lstm_unit.entry122|  return value|
|start_out              |  out|    1|  ap_ctrl_hs|  krnl_lstm_unit.entry122|  return value|
|start_write            |  out|    1|  ap_ctrl_hs|  krnl_lstm_unit.entry122|  return value|
|unit_ind               |   in|    6|     ap_none|                 unit_ind|        scalar|
|x_t                    |   in|   32|     ap_none|                      x_t|        scalar|
|p_read                 |   in|   32|     ap_none|                   p_read|        scalar|
|p_read1                |   in|   32|     ap_none|                  p_read1|        scalar|
|p_read2                |   in|   32|     ap_none|                  p_read2|        scalar|
|p_read3                |   in|   32|     ap_none|                  p_read3|        scalar|
|p_read4                |   in|   32|     ap_none|                  p_read4|        scalar|
|p_read5                |   in|   32|     ap_none|                  p_read5|        scalar|
|p_read6                |   in|   32|     ap_none|                  p_read6|        scalar|
|p_read7                |   in|   32|     ap_none|                  p_read7|        scalar|
|p_read8                |   in|   32|     ap_none|                  p_read8|        scalar|
|p_read9                |   in|   32|     ap_none|                  p_read9|        scalar|
|p_read10               |   in|   32|     ap_none|                 p_read10|        scalar|
|p_read11               |   in|   32|     ap_none|                 p_read11|        scalar|
|p_read12               |   in|   32|     ap_none|                 p_read12|        scalar|
|p_read13               |   in|   32|     ap_none|                 p_read13|        scalar|
|p_read14               |   in|   32|     ap_none|                 p_read14|        scalar|
|p_read15               |   in|   32|     ap_none|                 p_read15|        scalar|
|p_read16               |   in|   32|     ap_none|                 p_read16|        scalar|
|p_read17               |   in|   32|     ap_none|                 p_read17|        scalar|
|p_read18               |   in|   32|     ap_none|                 p_read18|        scalar|
|p_read19               |   in|   32|     ap_none|                 p_read19|        scalar|
|p_read20               |   in|   32|     ap_none|                 p_read20|        scalar|
|p_read21               |   in|   32|     ap_none|                 p_read21|        scalar|
|p_read22               |   in|   32|     ap_none|                 p_read22|        scalar|
|p_read23               |   in|   32|     ap_none|                 p_read23|        scalar|
|p_read24               |   in|   32|     ap_none|                 p_read24|        scalar|
|p_read25               |   in|   32|     ap_none|                 p_read25|        scalar|
|p_read26               |   in|   32|     ap_none|                 p_read26|        scalar|
|p_read27               |   in|   32|     ap_none|                 p_read27|        scalar|
|p_read28               |   in|   32|     ap_none|                 p_read28|        scalar|
|p_read29               |   in|   32|     ap_none|                 p_read29|        scalar|
|p_read30               |   in|   32|     ap_none|                 p_read30|        scalar|
|p_read31               |   in|   32|     ap_none|                 p_read31|        scalar|
|p_read32               |   in|   32|     ap_none|                 p_read32|        scalar|
|p_read33               |   in|   32|     ap_none|                 p_read33|        scalar|
|p_read34               |   in|   32|     ap_none|                 p_read34|        scalar|
|p_read35               |   in|   32|     ap_none|                 p_read35|        scalar|
|p_read36               |   in|   32|     ap_none|                 p_read36|        scalar|
|p_read37               |   in|   32|     ap_none|                 p_read37|        scalar|
|p_read38               |   in|   32|     ap_none|                 p_read38|        scalar|
|p_read39               |   in|   32|     ap_none|                 p_read39|        scalar|
|p_read40               |   in|   32|     ap_none|                 p_read40|        scalar|
|p_read41               |   in|   32|     ap_none|                 p_read41|        scalar|
|p_read42               |   in|   32|     ap_none|                 p_read42|        scalar|
|p_read43               |   in|   32|     ap_none|                 p_read43|        scalar|
|p_read44               |   in|   32|     ap_none|                 p_read44|        scalar|
|p_read45               |   in|   32|     ap_none|                 p_read45|        scalar|
|p_read46               |   in|   32|     ap_none|                 p_read46|        scalar|
|p_read47               |   in|   32|     ap_none|                 p_read47|        scalar|
|p_read48               |   in|   32|     ap_none|                 p_read48|        scalar|
|p_read49               |   in|   32|     ap_none|                 p_read49|        scalar|
|p_read50               |   in|   32|     ap_none|                 p_read50|        scalar|
|p_read51               |   in|   32|     ap_none|                 p_read51|        scalar|
|p_read52               |   in|   32|     ap_none|                 p_read52|        scalar|
|p_read53               |   in|   32|     ap_none|                 p_read53|        scalar|
|p_read54               |   in|   32|     ap_none|                 p_read54|        scalar|
|p_read55               |   in|   32|     ap_none|                 p_read55|        scalar|
|p_read56               |   in|   32|     ap_none|                 p_read56|        scalar|
|p_read57               |   in|   32|     ap_none|                 p_read57|        scalar|
|p_read58               |   in|   32|     ap_none|                 p_read58|        scalar|
|p_read59               |   in|   32|     ap_none|                 p_read59|        scalar|
|p_read60               |   in|   32|     ap_none|                 p_read60|        scalar|
|p_read61               |   in|   32|     ap_none|                 p_read61|        scalar|
|p_read62               |   in|   32|     ap_none|                 p_read62|        scalar|
|p_read63               |   in|   32|     ap_none|                 p_read63|        scalar|
|c_tp                   |   in|   32|     ap_none|                     c_tp|        scalar|
|unit_ind_out_din       |  out|    6|     ap_fifo|             unit_ind_out|       pointer|
|unit_ind_out_full_n    |   in|    1|     ap_fifo|             unit_ind_out|       pointer|
|unit_ind_out_write     |  out|    1|     ap_fifo|             unit_ind_out|       pointer|
|unit_ind_out1_din      |  out|    6|     ap_fifo|            unit_ind_out1|       pointer|
|unit_ind_out1_full_n   |   in|    1|     ap_fifo|            unit_ind_out1|       pointer|
|unit_ind_out1_write    |  out|    1|     ap_fifo|            unit_ind_out1|       pointer|
|unit_ind_out2_din      |  out|    6|     ap_fifo|            unit_ind_out2|       pointer|
|unit_ind_out2_full_n   |   in|    1|     ap_fifo|            unit_ind_out2|       pointer|
|unit_ind_out2_write    |  out|    1|     ap_fifo|            unit_ind_out2|       pointer|
|unit_ind_out3_din      |  out|    6|     ap_fifo|            unit_ind_out3|       pointer|
|unit_ind_out3_full_n   |   in|    1|     ap_fifo|            unit_ind_out3|       pointer|
|unit_ind_out3_write    |  out|    1|     ap_fifo|            unit_ind_out3|       pointer|
|unit_ind_out4_din      |  out|    6|     ap_fifo|            unit_ind_out4|       pointer|
|unit_ind_out4_full_n   |   in|    1|     ap_fifo|            unit_ind_out4|       pointer|
|unit_ind_out4_write    |  out|    1|     ap_fifo|            unit_ind_out4|       pointer|
|x_t_out_din            |  out|   32|     ap_fifo|                  x_t_out|       pointer|
|x_t_out_full_n         |   in|    1|     ap_fifo|                  x_t_out|       pointer|
|x_t_out_write          |  out|    1|     ap_fifo|                  x_t_out|       pointer|
|x_t_out5_din           |  out|   32|     ap_fifo|                 x_t_out5|       pointer|
|x_t_out5_full_n        |   in|    1|     ap_fifo|                 x_t_out5|       pointer|
|x_t_out5_write         |  out|    1|     ap_fifo|                 x_t_out5|       pointer|
|x_t_out6_din           |  out|   32|     ap_fifo|                 x_t_out6|       pointer|
|x_t_out6_full_n        |   in|    1|     ap_fifo|                 x_t_out6|       pointer|
|x_t_out6_write         |  out|    1|     ap_fifo|                 x_t_out6|       pointer|
|x_t_out7_din           |  out|   32|     ap_fifo|                 x_t_out7|       pointer|
|x_t_out7_full_n        |   in|    1|     ap_fifo|                 x_t_out7|       pointer|
|x_t_out7_write         |  out|    1|     ap_fifo|                 x_t_out7|       pointer|
|h_tps_0_out_din        |  out|   32|     ap_fifo|              h_tps_0_out|       pointer|
|h_tps_0_out_full_n     |   in|    1|     ap_fifo|              h_tps_0_out|       pointer|
|h_tps_0_out_write      |  out|    1|     ap_fifo|              h_tps_0_out|       pointer|
|h_tps_0_out8_din       |  out|   32|     ap_fifo|             h_tps_0_out8|       pointer|
|h_tps_0_out8_full_n    |   in|    1|     ap_fifo|             h_tps_0_out8|       pointer|
|h_tps_0_out8_write     |  out|    1|     ap_fifo|             h_tps_0_out8|       pointer|
|h_tps_1_out_din        |  out|   32|     ap_fifo|              h_tps_1_out|       pointer|
|h_tps_1_out_full_n     |   in|    1|     ap_fifo|              h_tps_1_out|       pointer|
|h_tps_1_out_write      |  out|    1|     ap_fifo|              h_tps_1_out|       pointer|
|h_tps_1_out9_din       |  out|   32|     ap_fifo|             h_tps_1_out9|       pointer|
|h_tps_1_out9_full_n    |   in|    1|     ap_fifo|             h_tps_1_out9|       pointer|
|h_tps_1_out9_write     |  out|    1|     ap_fifo|             h_tps_1_out9|       pointer|
|h_tps_2_out_din        |  out|   32|     ap_fifo|              h_tps_2_out|       pointer|
|h_tps_2_out_full_n     |   in|    1|     ap_fifo|              h_tps_2_out|       pointer|
|h_tps_2_out_write      |  out|    1|     ap_fifo|              h_tps_2_out|       pointer|
|h_tps_2_out10_din      |  out|   32|     ap_fifo|            h_tps_2_out10|       pointer|
|h_tps_2_out10_full_n   |   in|    1|     ap_fifo|            h_tps_2_out10|       pointer|
|h_tps_2_out10_write    |  out|    1|     ap_fifo|            h_tps_2_out10|       pointer|
|h_tps_3_out_din        |  out|   32|     ap_fifo|              h_tps_3_out|       pointer|
|h_tps_3_out_full_n     |   in|    1|     ap_fifo|              h_tps_3_out|       pointer|
|h_tps_3_out_write      |  out|    1|     ap_fifo|              h_tps_3_out|       pointer|
|h_tps_3_out11_din      |  out|   32|     ap_fifo|            h_tps_3_out11|       pointer|
|h_tps_3_out11_full_n   |   in|    1|     ap_fifo|            h_tps_3_out11|       pointer|
|h_tps_3_out11_write    |  out|    1|     ap_fifo|            h_tps_3_out11|       pointer|
|h_tps_4_out_din        |  out|   32|     ap_fifo|              h_tps_4_out|       pointer|
|h_tps_4_out_full_n     |   in|    1|     ap_fifo|              h_tps_4_out|       pointer|
|h_tps_4_out_write      |  out|    1|     ap_fifo|              h_tps_4_out|       pointer|
|h_tps_4_out12_din      |  out|   32|     ap_fifo|            h_tps_4_out12|       pointer|
|h_tps_4_out12_full_n   |   in|    1|     ap_fifo|            h_tps_4_out12|       pointer|
|h_tps_4_out12_write    |  out|    1|     ap_fifo|            h_tps_4_out12|       pointer|
|h_tps_5_out_din        |  out|   32|     ap_fifo|              h_tps_5_out|       pointer|
|h_tps_5_out_full_n     |   in|    1|     ap_fifo|              h_tps_5_out|       pointer|
|h_tps_5_out_write      |  out|    1|     ap_fifo|              h_tps_5_out|       pointer|
|h_tps_5_out13_din      |  out|   32|     ap_fifo|            h_tps_5_out13|       pointer|
|h_tps_5_out13_full_n   |   in|    1|     ap_fifo|            h_tps_5_out13|       pointer|
|h_tps_5_out13_write    |  out|    1|     ap_fifo|            h_tps_5_out13|       pointer|
|h_tps_6_out_din        |  out|   32|     ap_fifo|              h_tps_6_out|       pointer|
|h_tps_6_out_full_n     |   in|    1|     ap_fifo|              h_tps_6_out|       pointer|
|h_tps_6_out_write      |  out|    1|     ap_fifo|              h_tps_6_out|       pointer|
|h_tps_6_out14_din      |  out|   32|     ap_fifo|            h_tps_6_out14|       pointer|
|h_tps_6_out14_full_n   |   in|    1|     ap_fifo|            h_tps_6_out14|       pointer|
|h_tps_6_out14_write    |  out|    1|     ap_fifo|            h_tps_6_out14|       pointer|
|h_tps_7_out_din        |  out|   32|     ap_fifo|              h_tps_7_out|       pointer|
|h_tps_7_out_full_n     |   in|    1|     ap_fifo|              h_tps_7_out|       pointer|
|h_tps_7_out_write      |  out|    1|     ap_fifo|              h_tps_7_out|       pointer|
|h_tps_7_out15_din      |  out|   32|     ap_fifo|            h_tps_7_out15|       pointer|
|h_tps_7_out15_full_n   |   in|    1|     ap_fifo|            h_tps_7_out15|       pointer|
|h_tps_7_out15_write    |  out|    1|     ap_fifo|            h_tps_7_out15|       pointer|
|h_tps_8_out_din        |  out|   32|     ap_fifo|              h_tps_8_out|       pointer|
|h_tps_8_out_full_n     |   in|    1|     ap_fifo|              h_tps_8_out|       pointer|
|h_tps_8_out_write      |  out|    1|     ap_fifo|              h_tps_8_out|       pointer|
|h_tps_8_out16_din      |  out|   32|     ap_fifo|            h_tps_8_out16|       pointer|
|h_tps_8_out16_full_n   |   in|    1|     ap_fifo|            h_tps_8_out16|       pointer|
|h_tps_8_out16_write    |  out|    1|     ap_fifo|            h_tps_8_out16|       pointer|
|h_tps_9_out_din        |  out|   32|     ap_fifo|              h_tps_9_out|       pointer|
|h_tps_9_out_full_n     |   in|    1|     ap_fifo|              h_tps_9_out|       pointer|
|h_tps_9_out_write      |  out|    1|     ap_fifo|              h_tps_9_out|       pointer|
|h_tps_9_out17_din      |  out|   32|     ap_fifo|            h_tps_9_out17|       pointer|
|h_tps_9_out17_full_n   |   in|    1|     ap_fifo|            h_tps_9_out17|       pointer|
|h_tps_9_out17_write    |  out|    1|     ap_fifo|            h_tps_9_out17|       pointer|
|h_tps_10_out_din       |  out|   32|     ap_fifo|             h_tps_10_out|       pointer|
|h_tps_10_out_full_n    |   in|    1|     ap_fifo|             h_tps_10_out|       pointer|
|h_tps_10_out_write     |  out|    1|     ap_fifo|             h_tps_10_out|       pointer|
|h_tps_10_out18_din     |  out|   32|     ap_fifo|           h_tps_10_out18|       pointer|
|h_tps_10_out18_full_n  |   in|    1|     ap_fifo|           h_tps_10_out18|       pointer|
|h_tps_10_out18_write   |  out|    1|     ap_fifo|           h_tps_10_out18|       pointer|
|h_tps_11_out_din       |  out|   32|     ap_fifo|             h_tps_11_out|       pointer|
|h_tps_11_out_full_n    |   in|    1|     ap_fifo|             h_tps_11_out|       pointer|
|h_tps_11_out_write     |  out|    1|     ap_fifo|             h_tps_11_out|       pointer|
|h_tps_11_out19_din     |  out|   32|     ap_fifo|           h_tps_11_out19|       pointer|
|h_tps_11_out19_full_n  |   in|    1|     ap_fifo|           h_tps_11_out19|       pointer|
|h_tps_11_out19_write   |  out|    1|     ap_fifo|           h_tps_11_out19|       pointer|
|h_tps_12_out_din       |  out|   32|     ap_fifo|             h_tps_12_out|       pointer|
|h_tps_12_out_full_n    |   in|    1|     ap_fifo|             h_tps_12_out|       pointer|
|h_tps_12_out_write     |  out|    1|     ap_fifo|             h_tps_12_out|       pointer|
|h_tps_12_out20_din     |  out|   32|     ap_fifo|           h_tps_12_out20|       pointer|
|h_tps_12_out20_full_n  |   in|    1|     ap_fifo|           h_tps_12_out20|       pointer|
|h_tps_12_out20_write   |  out|    1|     ap_fifo|           h_tps_12_out20|       pointer|
|h_tps_13_out_din       |  out|   32|     ap_fifo|             h_tps_13_out|       pointer|
|h_tps_13_out_full_n    |   in|    1|     ap_fifo|             h_tps_13_out|       pointer|
|h_tps_13_out_write     |  out|    1|     ap_fifo|             h_tps_13_out|       pointer|
|h_tps_13_out21_din     |  out|   32|     ap_fifo|           h_tps_13_out21|       pointer|
|h_tps_13_out21_full_n  |   in|    1|     ap_fifo|           h_tps_13_out21|       pointer|
|h_tps_13_out21_write   |  out|    1|     ap_fifo|           h_tps_13_out21|       pointer|
|h_tps_14_out_din       |  out|   32|     ap_fifo|             h_tps_14_out|       pointer|
|h_tps_14_out_full_n    |   in|    1|     ap_fifo|             h_tps_14_out|       pointer|
|h_tps_14_out_write     |  out|    1|     ap_fifo|             h_tps_14_out|       pointer|
|h_tps_14_out22_din     |  out|   32|     ap_fifo|           h_tps_14_out22|       pointer|
|h_tps_14_out22_full_n  |   in|    1|     ap_fifo|           h_tps_14_out22|       pointer|
|h_tps_14_out22_write   |  out|    1|     ap_fifo|           h_tps_14_out22|       pointer|
|h_tps_15_out_din       |  out|   32|     ap_fifo|             h_tps_15_out|       pointer|
|h_tps_15_out_full_n    |   in|    1|     ap_fifo|             h_tps_15_out|       pointer|
|h_tps_15_out_write     |  out|    1|     ap_fifo|             h_tps_15_out|       pointer|
|h_tps_15_out23_din     |  out|   32|     ap_fifo|           h_tps_15_out23|       pointer|
|h_tps_15_out23_full_n  |   in|    1|     ap_fifo|           h_tps_15_out23|       pointer|
|h_tps_15_out23_write   |  out|    1|     ap_fifo|           h_tps_15_out23|       pointer|
|h_tps_16_out_din       |  out|   32|     ap_fifo|             h_tps_16_out|       pointer|
|h_tps_16_out_full_n    |   in|    1|     ap_fifo|             h_tps_16_out|       pointer|
|h_tps_16_out_write     |  out|    1|     ap_fifo|             h_tps_16_out|       pointer|
|h_tps_16_out24_din     |  out|   32|     ap_fifo|           h_tps_16_out24|       pointer|
|h_tps_16_out24_full_n  |   in|    1|     ap_fifo|           h_tps_16_out24|       pointer|
|h_tps_16_out24_write   |  out|    1|     ap_fifo|           h_tps_16_out24|       pointer|
|h_tps_17_out_din       |  out|   32|     ap_fifo|             h_tps_17_out|       pointer|
|h_tps_17_out_full_n    |   in|    1|     ap_fifo|             h_tps_17_out|       pointer|
|h_tps_17_out_write     |  out|    1|     ap_fifo|             h_tps_17_out|       pointer|
|h_tps_17_out25_din     |  out|   32|     ap_fifo|           h_tps_17_out25|       pointer|
|h_tps_17_out25_full_n  |   in|    1|     ap_fifo|           h_tps_17_out25|       pointer|
|h_tps_17_out25_write   |  out|    1|     ap_fifo|           h_tps_17_out25|       pointer|
|h_tps_18_out_din       |  out|   32|     ap_fifo|             h_tps_18_out|       pointer|
|h_tps_18_out_full_n    |   in|    1|     ap_fifo|             h_tps_18_out|       pointer|
|h_tps_18_out_write     |  out|    1|     ap_fifo|             h_tps_18_out|       pointer|
|h_tps_18_out26_din     |  out|   32|     ap_fifo|           h_tps_18_out26|       pointer|
|h_tps_18_out26_full_n  |   in|    1|     ap_fifo|           h_tps_18_out26|       pointer|
|h_tps_18_out26_write   |  out|    1|     ap_fifo|           h_tps_18_out26|       pointer|
|h_tps_19_out_din       |  out|   32|     ap_fifo|             h_tps_19_out|       pointer|
|h_tps_19_out_full_n    |   in|    1|     ap_fifo|             h_tps_19_out|       pointer|
|h_tps_19_out_write     |  out|    1|     ap_fifo|             h_tps_19_out|       pointer|
|h_tps_19_out27_din     |  out|   32|     ap_fifo|           h_tps_19_out27|       pointer|
|h_tps_19_out27_full_n  |   in|    1|     ap_fifo|           h_tps_19_out27|       pointer|
|h_tps_19_out27_write   |  out|    1|     ap_fifo|           h_tps_19_out27|       pointer|
|h_tps_20_out_din       |  out|   32|     ap_fifo|             h_tps_20_out|       pointer|
|h_tps_20_out_full_n    |   in|    1|     ap_fifo|             h_tps_20_out|       pointer|
|h_tps_20_out_write     |  out|    1|     ap_fifo|             h_tps_20_out|       pointer|
|h_tps_20_out28_din     |  out|   32|     ap_fifo|           h_tps_20_out28|       pointer|
|h_tps_20_out28_full_n  |   in|    1|     ap_fifo|           h_tps_20_out28|       pointer|
|h_tps_20_out28_write   |  out|    1|     ap_fifo|           h_tps_20_out28|       pointer|
|h_tps_21_out_din       |  out|   32|     ap_fifo|             h_tps_21_out|       pointer|
|h_tps_21_out_full_n    |   in|    1|     ap_fifo|             h_tps_21_out|       pointer|
|h_tps_21_out_write     |  out|    1|     ap_fifo|             h_tps_21_out|       pointer|
|h_tps_21_out29_din     |  out|   32|     ap_fifo|           h_tps_21_out29|       pointer|
|h_tps_21_out29_full_n  |   in|    1|     ap_fifo|           h_tps_21_out29|       pointer|
|h_tps_21_out29_write   |  out|    1|     ap_fifo|           h_tps_21_out29|       pointer|
|h_tps_22_out_din       |  out|   32|     ap_fifo|             h_tps_22_out|       pointer|
|h_tps_22_out_full_n    |   in|    1|     ap_fifo|             h_tps_22_out|       pointer|
|h_tps_22_out_write     |  out|    1|     ap_fifo|             h_tps_22_out|       pointer|
|h_tps_22_out30_din     |  out|   32|     ap_fifo|           h_tps_22_out30|       pointer|
|h_tps_22_out30_full_n  |   in|    1|     ap_fifo|           h_tps_22_out30|       pointer|
|h_tps_22_out30_write   |  out|    1|     ap_fifo|           h_tps_22_out30|       pointer|
|h_tps_23_out_din       |  out|   32|     ap_fifo|             h_tps_23_out|       pointer|
|h_tps_23_out_full_n    |   in|    1|     ap_fifo|             h_tps_23_out|       pointer|
|h_tps_23_out_write     |  out|    1|     ap_fifo|             h_tps_23_out|       pointer|
|h_tps_23_out31_din     |  out|   32|     ap_fifo|           h_tps_23_out31|       pointer|
|h_tps_23_out31_full_n  |   in|    1|     ap_fifo|           h_tps_23_out31|       pointer|
|h_tps_23_out31_write   |  out|    1|     ap_fifo|           h_tps_23_out31|       pointer|
|h_tps_24_out_din       |  out|   32|     ap_fifo|             h_tps_24_out|       pointer|
|h_tps_24_out_full_n    |   in|    1|     ap_fifo|             h_tps_24_out|       pointer|
|h_tps_24_out_write     |  out|    1|     ap_fifo|             h_tps_24_out|       pointer|
|h_tps_24_out32_din     |  out|   32|     ap_fifo|           h_tps_24_out32|       pointer|
|h_tps_24_out32_full_n  |   in|    1|     ap_fifo|           h_tps_24_out32|       pointer|
|h_tps_24_out32_write   |  out|    1|     ap_fifo|           h_tps_24_out32|       pointer|
|h_tps_25_out_din       |  out|   32|     ap_fifo|             h_tps_25_out|       pointer|
|h_tps_25_out_full_n    |   in|    1|     ap_fifo|             h_tps_25_out|       pointer|
|h_tps_25_out_write     |  out|    1|     ap_fifo|             h_tps_25_out|       pointer|
|h_tps_25_out33_din     |  out|   32|     ap_fifo|           h_tps_25_out33|       pointer|
|h_tps_25_out33_full_n  |   in|    1|     ap_fifo|           h_tps_25_out33|       pointer|
|h_tps_25_out33_write   |  out|    1|     ap_fifo|           h_tps_25_out33|       pointer|
|h_tps_26_out_din       |  out|   32|     ap_fifo|             h_tps_26_out|       pointer|
|h_tps_26_out_full_n    |   in|    1|     ap_fifo|             h_tps_26_out|       pointer|
|h_tps_26_out_write     |  out|    1|     ap_fifo|             h_tps_26_out|       pointer|
|h_tps_26_out34_din     |  out|   32|     ap_fifo|           h_tps_26_out34|       pointer|
|h_tps_26_out34_full_n  |   in|    1|     ap_fifo|           h_tps_26_out34|       pointer|
|h_tps_26_out34_write   |  out|    1|     ap_fifo|           h_tps_26_out34|       pointer|
|h_tps_27_out_din       |  out|   32|     ap_fifo|             h_tps_27_out|       pointer|
|h_tps_27_out_full_n    |   in|    1|     ap_fifo|             h_tps_27_out|       pointer|
|h_tps_27_out_write     |  out|    1|     ap_fifo|             h_tps_27_out|       pointer|
|h_tps_27_out35_din     |  out|   32|     ap_fifo|           h_tps_27_out35|       pointer|
|h_tps_27_out35_full_n  |   in|    1|     ap_fifo|           h_tps_27_out35|       pointer|
|h_tps_27_out35_write   |  out|    1|     ap_fifo|           h_tps_27_out35|       pointer|
|h_tps_28_out_din       |  out|   32|     ap_fifo|             h_tps_28_out|       pointer|
|h_tps_28_out_full_n    |   in|    1|     ap_fifo|             h_tps_28_out|       pointer|
|h_tps_28_out_write     |  out|    1|     ap_fifo|             h_tps_28_out|       pointer|
|h_tps_28_out36_din     |  out|   32|     ap_fifo|           h_tps_28_out36|       pointer|
|h_tps_28_out36_full_n  |   in|    1|     ap_fifo|           h_tps_28_out36|       pointer|
|h_tps_28_out36_write   |  out|    1|     ap_fifo|           h_tps_28_out36|       pointer|
|h_tps_29_out_din       |  out|   32|     ap_fifo|             h_tps_29_out|       pointer|
|h_tps_29_out_full_n    |   in|    1|     ap_fifo|             h_tps_29_out|       pointer|
|h_tps_29_out_write     |  out|    1|     ap_fifo|             h_tps_29_out|       pointer|
|h_tps_29_out37_din     |  out|   32|     ap_fifo|           h_tps_29_out37|       pointer|
|h_tps_29_out37_full_n  |   in|    1|     ap_fifo|           h_tps_29_out37|       pointer|
|h_tps_29_out37_write   |  out|    1|     ap_fifo|           h_tps_29_out37|       pointer|
|h_tps_30_out_din       |  out|   32|     ap_fifo|             h_tps_30_out|       pointer|
|h_tps_30_out_full_n    |   in|    1|     ap_fifo|             h_tps_30_out|       pointer|
|h_tps_30_out_write     |  out|    1|     ap_fifo|             h_tps_30_out|       pointer|
|h_tps_30_out38_din     |  out|   32|     ap_fifo|           h_tps_30_out38|       pointer|
|h_tps_30_out38_full_n  |   in|    1|     ap_fifo|           h_tps_30_out38|       pointer|
|h_tps_30_out38_write   |  out|    1|     ap_fifo|           h_tps_30_out38|       pointer|
|h_tps_31_out_din       |  out|   32|     ap_fifo|             h_tps_31_out|       pointer|
|h_tps_31_out_full_n    |   in|    1|     ap_fifo|             h_tps_31_out|       pointer|
|h_tps_31_out_write     |  out|    1|     ap_fifo|             h_tps_31_out|       pointer|
|h_tps_31_out39_din     |  out|   32|     ap_fifo|           h_tps_31_out39|       pointer|
|h_tps_31_out39_full_n  |   in|    1|     ap_fifo|           h_tps_31_out39|       pointer|
|h_tps_31_out39_write   |  out|    1|     ap_fifo|           h_tps_31_out39|       pointer|
|h_tps_32_out_din       |  out|   32|     ap_fifo|             h_tps_32_out|       pointer|
|h_tps_32_out_full_n    |   in|    1|     ap_fifo|             h_tps_32_out|       pointer|
|h_tps_32_out_write     |  out|    1|     ap_fifo|             h_tps_32_out|       pointer|
|h_tps_32_out40_din     |  out|   32|     ap_fifo|           h_tps_32_out40|       pointer|
|h_tps_32_out40_full_n  |   in|    1|     ap_fifo|           h_tps_32_out40|       pointer|
|h_tps_32_out40_write   |  out|    1|     ap_fifo|           h_tps_32_out40|       pointer|
|h_tps_33_out_din       |  out|   32|     ap_fifo|             h_tps_33_out|       pointer|
|h_tps_33_out_full_n    |   in|    1|     ap_fifo|             h_tps_33_out|       pointer|
|h_tps_33_out_write     |  out|    1|     ap_fifo|             h_tps_33_out|       pointer|
|h_tps_33_out41_din     |  out|   32|     ap_fifo|           h_tps_33_out41|       pointer|
|h_tps_33_out41_full_n  |   in|    1|     ap_fifo|           h_tps_33_out41|       pointer|
|h_tps_33_out41_write   |  out|    1|     ap_fifo|           h_tps_33_out41|       pointer|
|h_tps_34_out_din       |  out|   32|     ap_fifo|             h_tps_34_out|       pointer|
|h_tps_34_out_full_n    |   in|    1|     ap_fifo|             h_tps_34_out|       pointer|
|h_tps_34_out_write     |  out|    1|     ap_fifo|             h_tps_34_out|       pointer|
|h_tps_34_out42_din     |  out|   32|     ap_fifo|           h_tps_34_out42|       pointer|
|h_tps_34_out42_full_n  |   in|    1|     ap_fifo|           h_tps_34_out42|       pointer|
|h_tps_34_out42_write   |  out|    1|     ap_fifo|           h_tps_34_out42|       pointer|
|h_tps_35_out_din       |  out|   32|     ap_fifo|             h_tps_35_out|       pointer|
|h_tps_35_out_full_n    |   in|    1|     ap_fifo|             h_tps_35_out|       pointer|
|h_tps_35_out_write     |  out|    1|     ap_fifo|             h_tps_35_out|       pointer|
|h_tps_35_out43_din     |  out|   32|     ap_fifo|           h_tps_35_out43|       pointer|
|h_tps_35_out43_full_n  |   in|    1|     ap_fifo|           h_tps_35_out43|       pointer|
|h_tps_35_out43_write   |  out|    1|     ap_fifo|           h_tps_35_out43|       pointer|
|h_tps_36_out_din       |  out|   32|     ap_fifo|             h_tps_36_out|       pointer|
|h_tps_36_out_full_n    |   in|    1|     ap_fifo|             h_tps_36_out|       pointer|
|h_tps_36_out_write     |  out|    1|     ap_fifo|             h_tps_36_out|       pointer|
|h_tps_36_out44_din     |  out|   32|     ap_fifo|           h_tps_36_out44|       pointer|
|h_tps_36_out44_full_n  |   in|    1|     ap_fifo|           h_tps_36_out44|       pointer|
|h_tps_36_out44_write   |  out|    1|     ap_fifo|           h_tps_36_out44|       pointer|
|h_tps_37_out_din       |  out|   32|     ap_fifo|             h_tps_37_out|       pointer|
|h_tps_37_out_full_n    |   in|    1|     ap_fifo|             h_tps_37_out|       pointer|
|h_tps_37_out_write     |  out|    1|     ap_fifo|             h_tps_37_out|       pointer|
|h_tps_37_out45_din     |  out|   32|     ap_fifo|           h_tps_37_out45|       pointer|
|h_tps_37_out45_full_n  |   in|    1|     ap_fifo|           h_tps_37_out45|       pointer|
|h_tps_37_out45_write   |  out|    1|     ap_fifo|           h_tps_37_out45|       pointer|
|h_tps_38_out_din       |  out|   32|     ap_fifo|             h_tps_38_out|       pointer|
|h_tps_38_out_full_n    |   in|    1|     ap_fifo|             h_tps_38_out|       pointer|
|h_tps_38_out_write     |  out|    1|     ap_fifo|             h_tps_38_out|       pointer|
|h_tps_38_out46_din     |  out|   32|     ap_fifo|           h_tps_38_out46|       pointer|
|h_tps_38_out46_full_n  |   in|    1|     ap_fifo|           h_tps_38_out46|       pointer|
|h_tps_38_out46_write   |  out|    1|     ap_fifo|           h_tps_38_out46|       pointer|
|h_tps_39_out_din       |  out|   32|     ap_fifo|             h_tps_39_out|       pointer|
|h_tps_39_out_full_n    |   in|    1|     ap_fifo|             h_tps_39_out|       pointer|
|h_tps_39_out_write     |  out|    1|     ap_fifo|             h_tps_39_out|       pointer|
|h_tps_39_out47_din     |  out|   32|     ap_fifo|           h_tps_39_out47|       pointer|
|h_tps_39_out47_full_n  |   in|    1|     ap_fifo|           h_tps_39_out47|       pointer|
|h_tps_39_out47_write   |  out|    1|     ap_fifo|           h_tps_39_out47|       pointer|
|h_tps_40_out_din       |  out|   32|     ap_fifo|             h_tps_40_out|       pointer|
|h_tps_40_out_full_n    |   in|    1|     ap_fifo|             h_tps_40_out|       pointer|
|h_tps_40_out_write     |  out|    1|     ap_fifo|             h_tps_40_out|       pointer|
|h_tps_40_out48_din     |  out|   32|     ap_fifo|           h_tps_40_out48|       pointer|
|h_tps_40_out48_full_n  |   in|    1|     ap_fifo|           h_tps_40_out48|       pointer|
|h_tps_40_out48_write   |  out|    1|     ap_fifo|           h_tps_40_out48|       pointer|
|h_tps_41_out_din       |  out|   32|     ap_fifo|             h_tps_41_out|       pointer|
|h_tps_41_out_full_n    |   in|    1|     ap_fifo|             h_tps_41_out|       pointer|
|h_tps_41_out_write     |  out|    1|     ap_fifo|             h_tps_41_out|       pointer|
|h_tps_41_out49_din     |  out|   32|     ap_fifo|           h_tps_41_out49|       pointer|
|h_tps_41_out49_full_n  |   in|    1|     ap_fifo|           h_tps_41_out49|       pointer|
|h_tps_41_out49_write   |  out|    1|     ap_fifo|           h_tps_41_out49|       pointer|
|h_tps_42_out_din       |  out|   32|     ap_fifo|             h_tps_42_out|       pointer|
|h_tps_42_out_full_n    |   in|    1|     ap_fifo|             h_tps_42_out|       pointer|
|h_tps_42_out_write     |  out|    1|     ap_fifo|             h_tps_42_out|       pointer|
|h_tps_42_out50_din     |  out|   32|     ap_fifo|           h_tps_42_out50|       pointer|
|h_tps_42_out50_full_n  |   in|    1|     ap_fifo|           h_tps_42_out50|       pointer|
|h_tps_42_out50_write   |  out|    1|     ap_fifo|           h_tps_42_out50|       pointer|
|h_tps_43_out_din       |  out|   32|     ap_fifo|             h_tps_43_out|       pointer|
|h_tps_43_out_full_n    |   in|    1|     ap_fifo|             h_tps_43_out|       pointer|
|h_tps_43_out_write     |  out|    1|     ap_fifo|             h_tps_43_out|       pointer|
|h_tps_43_out51_din     |  out|   32|     ap_fifo|           h_tps_43_out51|       pointer|
|h_tps_43_out51_full_n  |   in|    1|     ap_fifo|           h_tps_43_out51|       pointer|
|h_tps_43_out51_write   |  out|    1|     ap_fifo|           h_tps_43_out51|       pointer|
|h_tps_44_out_din       |  out|   32|     ap_fifo|             h_tps_44_out|       pointer|
|h_tps_44_out_full_n    |   in|    1|     ap_fifo|             h_tps_44_out|       pointer|
|h_tps_44_out_write     |  out|    1|     ap_fifo|             h_tps_44_out|       pointer|
|h_tps_44_out52_din     |  out|   32|     ap_fifo|           h_tps_44_out52|       pointer|
|h_tps_44_out52_full_n  |   in|    1|     ap_fifo|           h_tps_44_out52|       pointer|
|h_tps_44_out52_write   |  out|    1|     ap_fifo|           h_tps_44_out52|       pointer|
|h_tps_45_out_din       |  out|   32|     ap_fifo|             h_tps_45_out|       pointer|
|h_tps_45_out_full_n    |   in|    1|     ap_fifo|             h_tps_45_out|       pointer|
|h_tps_45_out_write     |  out|    1|     ap_fifo|             h_tps_45_out|       pointer|
|h_tps_45_out53_din     |  out|   32|     ap_fifo|           h_tps_45_out53|       pointer|
|h_tps_45_out53_full_n  |   in|    1|     ap_fifo|           h_tps_45_out53|       pointer|
|h_tps_45_out53_write   |  out|    1|     ap_fifo|           h_tps_45_out53|       pointer|
|h_tps_46_out_din       |  out|   32|     ap_fifo|             h_tps_46_out|       pointer|
|h_tps_46_out_full_n    |   in|    1|     ap_fifo|             h_tps_46_out|       pointer|
|h_tps_46_out_write     |  out|    1|     ap_fifo|             h_tps_46_out|       pointer|
|h_tps_46_out54_din     |  out|   32|     ap_fifo|           h_tps_46_out54|       pointer|
|h_tps_46_out54_full_n  |   in|    1|     ap_fifo|           h_tps_46_out54|       pointer|
|h_tps_46_out54_write   |  out|    1|     ap_fifo|           h_tps_46_out54|       pointer|
|h_tps_47_out_din       |  out|   32|     ap_fifo|             h_tps_47_out|       pointer|
|h_tps_47_out_full_n    |   in|    1|     ap_fifo|             h_tps_47_out|       pointer|
|h_tps_47_out_write     |  out|    1|     ap_fifo|             h_tps_47_out|       pointer|
|h_tps_47_out55_din     |  out|   32|     ap_fifo|           h_tps_47_out55|       pointer|
|h_tps_47_out55_full_n  |   in|    1|     ap_fifo|           h_tps_47_out55|       pointer|
|h_tps_47_out55_write   |  out|    1|     ap_fifo|           h_tps_47_out55|       pointer|
|h_tps_48_out_din       |  out|   32|     ap_fifo|             h_tps_48_out|       pointer|
|h_tps_48_out_full_n    |   in|    1|     ap_fifo|             h_tps_48_out|       pointer|
|h_tps_48_out_write     |  out|    1|     ap_fifo|             h_tps_48_out|       pointer|
|h_tps_48_out56_din     |  out|   32|     ap_fifo|           h_tps_48_out56|       pointer|
|h_tps_48_out56_full_n  |   in|    1|     ap_fifo|           h_tps_48_out56|       pointer|
|h_tps_48_out56_write   |  out|    1|     ap_fifo|           h_tps_48_out56|       pointer|
|h_tps_49_out_din       |  out|   32|     ap_fifo|             h_tps_49_out|       pointer|
|h_tps_49_out_full_n    |   in|    1|     ap_fifo|             h_tps_49_out|       pointer|
|h_tps_49_out_write     |  out|    1|     ap_fifo|             h_tps_49_out|       pointer|
|h_tps_49_out57_din     |  out|   32|     ap_fifo|           h_tps_49_out57|       pointer|
|h_tps_49_out57_full_n  |   in|    1|     ap_fifo|           h_tps_49_out57|       pointer|
|h_tps_49_out57_write   |  out|    1|     ap_fifo|           h_tps_49_out57|       pointer|
|h_tps_50_out_din       |  out|   32|     ap_fifo|             h_tps_50_out|       pointer|
|h_tps_50_out_full_n    |   in|    1|     ap_fifo|             h_tps_50_out|       pointer|
|h_tps_50_out_write     |  out|    1|     ap_fifo|             h_tps_50_out|       pointer|
|h_tps_50_out58_din     |  out|   32|     ap_fifo|           h_tps_50_out58|       pointer|
|h_tps_50_out58_full_n  |   in|    1|     ap_fifo|           h_tps_50_out58|       pointer|
|h_tps_50_out58_write   |  out|    1|     ap_fifo|           h_tps_50_out58|       pointer|
|h_tps_51_out_din       |  out|   32|     ap_fifo|             h_tps_51_out|       pointer|
|h_tps_51_out_full_n    |   in|    1|     ap_fifo|             h_tps_51_out|       pointer|
|h_tps_51_out_write     |  out|    1|     ap_fifo|             h_tps_51_out|       pointer|
|h_tps_51_out59_din     |  out|   32|     ap_fifo|           h_tps_51_out59|       pointer|
|h_tps_51_out59_full_n  |   in|    1|     ap_fifo|           h_tps_51_out59|       pointer|
|h_tps_51_out59_write   |  out|    1|     ap_fifo|           h_tps_51_out59|       pointer|
|h_tps_52_out_din       |  out|   32|     ap_fifo|             h_tps_52_out|       pointer|
|h_tps_52_out_full_n    |   in|    1|     ap_fifo|             h_tps_52_out|       pointer|
|h_tps_52_out_write     |  out|    1|     ap_fifo|             h_tps_52_out|       pointer|
|h_tps_52_out60_din     |  out|   32|     ap_fifo|           h_tps_52_out60|       pointer|
|h_tps_52_out60_full_n  |   in|    1|     ap_fifo|           h_tps_52_out60|       pointer|
|h_tps_52_out60_write   |  out|    1|     ap_fifo|           h_tps_52_out60|       pointer|
|h_tps_53_out_din       |  out|   32|     ap_fifo|             h_tps_53_out|       pointer|
|h_tps_53_out_full_n    |   in|    1|     ap_fifo|             h_tps_53_out|       pointer|
|h_tps_53_out_write     |  out|    1|     ap_fifo|             h_tps_53_out|       pointer|
|h_tps_53_out61_din     |  out|   32|     ap_fifo|           h_tps_53_out61|       pointer|
|h_tps_53_out61_full_n  |   in|    1|     ap_fifo|           h_tps_53_out61|       pointer|
|h_tps_53_out61_write   |  out|    1|     ap_fifo|           h_tps_53_out61|       pointer|
|h_tps_54_out_din       |  out|   32|     ap_fifo|             h_tps_54_out|       pointer|
|h_tps_54_out_full_n    |   in|    1|     ap_fifo|             h_tps_54_out|       pointer|
|h_tps_54_out_write     |  out|    1|     ap_fifo|             h_tps_54_out|       pointer|
|h_tps_54_out62_din     |  out|   32|     ap_fifo|           h_tps_54_out62|       pointer|
|h_tps_54_out62_full_n  |   in|    1|     ap_fifo|           h_tps_54_out62|       pointer|
|h_tps_54_out62_write   |  out|    1|     ap_fifo|           h_tps_54_out62|       pointer|
|h_tps_55_out_din       |  out|   32|     ap_fifo|             h_tps_55_out|       pointer|
|h_tps_55_out_full_n    |   in|    1|     ap_fifo|             h_tps_55_out|       pointer|
|h_tps_55_out_write     |  out|    1|     ap_fifo|             h_tps_55_out|       pointer|
|h_tps_55_out63_din     |  out|   32|     ap_fifo|           h_tps_55_out63|       pointer|
|h_tps_55_out63_full_n  |   in|    1|     ap_fifo|           h_tps_55_out63|       pointer|
|h_tps_55_out63_write   |  out|    1|     ap_fifo|           h_tps_55_out63|       pointer|
|h_tps_56_out_din       |  out|   32|     ap_fifo|             h_tps_56_out|       pointer|
|h_tps_56_out_full_n    |   in|    1|     ap_fifo|             h_tps_56_out|       pointer|
|h_tps_56_out_write     |  out|    1|     ap_fifo|             h_tps_56_out|       pointer|
|h_tps_56_out64_din     |  out|   32|     ap_fifo|           h_tps_56_out64|       pointer|
|h_tps_56_out64_full_n  |   in|    1|     ap_fifo|           h_tps_56_out64|       pointer|
|h_tps_56_out64_write   |  out|    1|     ap_fifo|           h_tps_56_out64|       pointer|
|h_tps_57_out_din       |  out|   32|     ap_fifo|             h_tps_57_out|       pointer|
|h_tps_57_out_full_n    |   in|    1|     ap_fifo|             h_tps_57_out|       pointer|
|h_tps_57_out_write     |  out|    1|     ap_fifo|             h_tps_57_out|       pointer|
|h_tps_57_out65_din     |  out|   32|     ap_fifo|           h_tps_57_out65|       pointer|
|h_tps_57_out65_full_n  |   in|    1|     ap_fifo|           h_tps_57_out65|       pointer|
|h_tps_57_out65_write   |  out|    1|     ap_fifo|           h_tps_57_out65|       pointer|
|h_tps_58_out_din       |  out|   32|     ap_fifo|             h_tps_58_out|       pointer|
|h_tps_58_out_full_n    |   in|    1|     ap_fifo|             h_tps_58_out|       pointer|
|h_tps_58_out_write     |  out|    1|     ap_fifo|             h_tps_58_out|       pointer|
|h_tps_58_out66_din     |  out|   32|     ap_fifo|           h_tps_58_out66|       pointer|
|h_tps_58_out66_full_n  |   in|    1|     ap_fifo|           h_tps_58_out66|       pointer|
|h_tps_58_out66_write   |  out|    1|     ap_fifo|           h_tps_58_out66|       pointer|
|h_tps_59_out_din       |  out|   32|     ap_fifo|             h_tps_59_out|       pointer|
|h_tps_59_out_full_n    |   in|    1|     ap_fifo|             h_tps_59_out|       pointer|
|h_tps_59_out_write     |  out|    1|     ap_fifo|             h_tps_59_out|       pointer|
|h_tps_59_out67_din     |  out|   32|     ap_fifo|           h_tps_59_out67|       pointer|
|h_tps_59_out67_full_n  |   in|    1|     ap_fifo|           h_tps_59_out67|       pointer|
|h_tps_59_out67_write   |  out|    1|     ap_fifo|           h_tps_59_out67|       pointer|
|h_tps_60_out_din       |  out|   32|     ap_fifo|             h_tps_60_out|       pointer|
|h_tps_60_out_full_n    |   in|    1|     ap_fifo|             h_tps_60_out|       pointer|
|h_tps_60_out_write     |  out|    1|     ap_fifo|             h_tps_60_out|       pointer|
|h_tps_60_out68_din     |  out|   32|     ap_fifo|           h_tps_60_out68|       pointer|
|h_tps_60_out68_full_n  |   in|    1|     ap_fifo|           h_tps_60_out68|       pointer|
|h_tps_60_out68_write   |  out|    1|     ap_fifo|           h_tps_60_out68|       pointer|
|h_tps_61_out_din       |  out|   32|     ap_fifo|             h_tps_61_out|       pointer|
|h_tps_61_out_full_n    |   in|    1|     ap_fifo|             h_tps_61_out|       pointer|
|h_tps_61_out_write     |  out|    1|     ap_fifo|             h_tps_61_out|       pointer|
|h_tps_61_out69_din     |  out|   32|     ap_fifo|           h_tps_61_out69|       pointer|
|h_tps_61_out69_full_n  |   in|    1|     ap_fifo|           h_tps_61_out69|       pointer|
|h_tps_61_out69_write   |  out|    1|     ap_fifo|           h_tps_61_out69|       pointer|
|h_tps_62_out_din       |  out|   32|     ap_fifo|             h_tps_62_out|       pointer|
|h_tps_62_out_full_n    |   in|    1|     ap_fifo|             h_tps_62_out|       pointer|
|h_tps_62_out_write     |  out|    1|     ap_fifo|             h_tps_62_out|       pointer|
|h_tps_62_out70_din     |  out|   32|     ap_fifo|           h_tps_62_out70|       pointer|
|h_tps_62_out70_full_n  |   in|    1|     ap_fifo|           h_tps_62_out70|       pointer|
|h_tps_62_out70_write   |  out|    1|     ap_fifo|           h_tps_62_out70|       pointer|
|h_tps_63_out_din       |  out|   32|     ap_fifo|             h_tps_63_out|       pointer|
|h_tps_63_out_full_n    |   in|    1|     ap_fifo|             h_tps_63_out|       pointer|
|h_tps_63_out_write     |  out|    1|     ap_fifo|             h_tps_63_out|       pointer|
|h_tps_63_out71_din     |  out|   32|     ap_fifo|           h_tps_63_out71|       pointer|
|h_tps_63_out71_full_n  |   in|    1|     ap_fifo|           h_tps_63_out71|       pointer|
|h_tps_63_out71_write   |  out|    1|     ap_fifo|           h_tps_63_out71|       pointer|
|c_tp_out_din           |  out|   32|     ap_fifo|                 c_tp_out|       pointer|
|c_tp_out_full_n        |   in|    1|     ap_fifo|                 c_tp_out|       pointer|
|c_tp_out_write         |  out|    1|     ap_fifo|                 c_tp_out|       pointer|
+-----------------------+-----+-----+------------+-------------------------+--------------+

