

================================================================
== Vitis HLS Report for 'krnl_lstm_str'
================================================================
* Date:           Mon May 24 12:54:06 2021

* Version:        2020.2 (Build 3064766 on Wed Nov 18 09:12:47 MST 2020)
* Project:        krnl_lstm
* Solution:       solution (Vitis Kernel Flow Target)
* Product family: zynq
* Target device:  xc7z045-ffg900-2


================================================================
== Performance Estimates
================================================================
+ Timing: 
    * Summary: 
    +--------+----------+----------+------------+
    |  Clock |  Target  | Estimated| Uncertainty|
    +--------+----------+----------+------------+
    |ap_clk  |  10.00 ns|  7.935 ns|     2.70 ns|
    +--------+----------+----------+------------+

+ Latency: 
    * Summary: 
    +------------+------------+------------+------------+------------+------------+---------+
    |     Latency (cycles)    |    Latency (absolute)   |         Interval        | Pipeline|
    |     min    |     max    |     min    |     max    |     min    |     max    |   Type  |
    +------------+------------+------------+------------+------------+------------+---------+
    |  4068826442|  4630514702|  40.688 sec|  46.305 sec|  4068826442|  4630514702|     none|
    +------------+------------+------------+------------+------------+------------+---------+

    + Detail: 
        * Instance: 
        +--------------------------------+----------------+---------+---------+----------+----------+-----+-----+----------+
        |                                |                |  Latency (cycles) |  Latency (absolute) |  Interval | Pipeline |
        |            Instance            |     Module     |   min   |   max   |    min   |    max   | min | max |   Type   |
        +--------------------------------+----------------+---------+---------+----------+----------+-----+-----+----------+
        |grp_krnl_lstm_unit_fu_1435      |krnl_lstm_unit  |      132|      132|  1.320 us|  1.320 us|   35|   35|  dataflow|
        |grp_krnl_dot_1_fu_2110          |krnl_dot_1      |      116|      116|  1.160 us|  1.160 us|   35|   35|  dataflow|
        |call_ret1_i_copy_array_fu_2318  |copy_array      |        0|        0|      0 ns|      0 ns|    0|    0|      none|
        |call_ret_i_copy_array_fu_2386   |copy_array      |        0|        0|      0 ns|      0 ns|    0|    0|      none|
        +--------------------------------+----------------+---------+---------+----------+----------+-----+-----+----------+

        * Loop: 
        +----------------------+------------+------------+-------------+-----------+-----------+--------+----------+
        |                      |     Latency (cycles)    |  Iteration  |  Initiation Interval  |  Trip  |          |
        |       Loop Name      |     min    |     max    |   Latency   |  achieved |   target  |  Count | Pipelined|
        +----------------------+------------+------------+-------------+-----------+-----------+--------+----------+
        |- val_iter_hist_iter  |  4068826441|  4630514701|  8642 ~ 9835|          -|          -|  470820|        no|
        +----------------------+------------+------------+-------------+-----------+-----------+--------+----------+



================================================================
== Utilization Estimates
================================================================
* Summary: 
+-----------------+---------+-----+--------+--------+-----+
|       Name      | BRAM_18K| DSP |   FF   |   LUT  | URAM|
+-----------------+---------+-----+--------+--------+-----+
|DSP              |        -|    -|       -|       -|    -|
|Expression       |        -|    -|       0|    4150|    -|
|FIFO             |        -|    -|       -|       -|    -|
|Instance         |      269|  153|  115407|   99486|    -|
|Memory           |        -|    -|       -|       -|    -|
|Multiplexer      |        -|    -|       -|    1954|    -|
|Register         |        -|    -|   12704|       -|    -|
+-----------------+---------+-----+--------+--------+-----+
|Total            |      269|  153|  128111|  105590|    0|
+-----------------+---------+-----+--------+--------+-----+
|Available        |     1090|  900|  437200|  218600|    0|
+-----------------+---------+-----+--------+--------+-----+
|Utilization (%)  |       24|   17|      29|      48|    0|
+-----------------+---------+-----+--------+--------+-----+

+ Detail: 
    * Instance: 
    +--------------------------------------+--------------------------------+---------+-----+-------+-------+-----+
    |               Instance               |             Module             | BRAM_18K| DSP |   FF  |  LUT  | URAM|
    +--------------------------------------+--------------------------------+---------+-----+-------+-------+-----+
    |call_ret1_i_copy_array_fu_2318        |copy_array                      |        0|    0|      0|      0|    0|
    |call_ret_i_copy_array_fu_2386         |copy_array                      |        0|    0|      0|      0|    0|
    |fadd_32ns_32ns_32_5_full_dsp_1_U3199  |fadd_32ns_32ns_32_5_full_dsp_1  |        0|    2|    205|    391|    0|
    |grp_krnl_dot_1_fu_2110                |krnl_dot_1                      |        0|   24|  15639|  12359|    0|
    |grp_krnl_lstm_unit_fu_1435            |krnl_lstm_unit                  |      269|  127|  99563|  86736|    0|
    +--------------------------------------+--------------------------------+---------+-----+-------+-------+-----+
    |Total                                 |                                |      269|  153| 115407|  99486|    0|
    +--------------------------------------+--------------------------------+---------+-----+-------+-------+-----+

    * DSP: 
    N/A

    * Memory: 
    N/A

    * FIFO: 
    N/A

    * Expression: 
    +---------------------------------------------+----------+----+---+----+------------+------------+
    |                Variable Name                | Operation| DSP| FF| LUT| Bitwidth P0| Bitwidth P1|
    +---------------------------------------------+----------+----+---+----+------------+------------+
    |add_ln405_fu_2495_p2                         |         +|   0|  0|  19|          19|           1|
    |j_1_fu_5212_p2                               |         +|   0|  0|   6|           6|           1|
    |ap_block_state228                            |       and|   0|  0|   1|           1|           1|
    |ap_block_state3                              |       and|   0|  0|   1|           1|           1|
    |cmp16_i_fu_4005_p2                           |      icmp|   0|  0|   3|           6|           6|
    |icmp_ln405_fu_2501_p2                        |      icmp|   0|  0|   7|          19|          17|
    |icmp_ln406_fu_2702_p2                        |      icmp|   0|  0|   3|           6|           6|
    |icmp_ln411_fu_2721_p2                        |      icmp|   0|  0|   3|           6|           1|
    |ap_block_state1                              |        or|   0|  0|   1|           1|           1|
    |ap_sync_grp_krnl_dot_1_fu_2110_ap_done       |        or|   0|  0|   1|           1|           1|
    |ap_sync_grp_krnl_dot_1_fu_2110_ap_ready      |        or|   0|  0|   1|           1|           1|
    |ap_sync_grp_krnl_lstm_unit_fu_1435_ap_done   |        or|   0|  0|   1|           1|           1|
    |ap_sync_grp_krnl_lstm_unit_fu_1435_ap_ready  |        or|   0|  0|   1|           1|           1|
    |select_ln405_fu_2708_p3                      |    select|   0|  0|   6|           1|           1|
    |select_ln411_100_fu_3601_p3                  |    select|   0|  0|  32|           1|           1|
    |select_ln411_101_fu_3590_p3                  |    select|   0|  0|  32|           1|           1|
    |select_ln411_102_fu_3579_p3                  |    select|   0|  0|  32|           1|           1|
    |select_ln411_103_fu_3568_p3                  |    select|   0|  0|  32|           1|           1|
    |select_ln411_104_fu_3557_p3                  |    select|   0|  0|  32|           1|           1|
    |select_ln411_105_fu_3546_p3                  |    select|   0|  0|  32|           1|           1|
    |select_ln411_106_fu_3535_p3                  |    select|   0|  0|  32|           1|           1|
    |select_ln411_107_fu_3524_p3                  |    select|   0|  0|  32|           1|           1|
    |select_ln411_108_fu_3513_p3                  |    select|   0|  0|  32|           1|           1|
    |select_ln411_109_fu_3502_p3                  |    select|   0|  0|  32|           1|           1|
    |select_ln411_10_fu_2817_p3                   |    select|   0|  0|  32|           1|           1|
    |select_ln411_110_fu_3491_p3                  |    select|   0|  0|  32|           1|           1|
    |select_ln411_111_fu_3480_p3                  |    select|   0|  0|  32|           1|           1|
    |select_ln411_112_fu_3469_p3                  |    select|   0|  0|  32|           1|           1|
    |select_ln411_113_fu_3458_p3                  |    select|   0|  0|  32|           1|           1|
    |select_ln411_114_fu_3447_p3                  |    select|   0|  0|  32|           1|           1|
    |select_ln411_115_fu_3436_p3                  |    select|   0|  0|  32|           1|           1|
    |select_ln411_116_fu_3425_p3                  |    select|   0|  0|  32|           1|           1|
    |select_ln411_117_fu_3414_p3                  |    select|   0|  0|  32|           1|           1|
    |select_ln411_118_fu_3403_p3                  |    select|   0|  0|  32|           1|           1|
    |select_ln411_119_fu_3392_p3                  |    select|   0|  0|  32|           1|           1|
    |select_ln411_11_fu_2826_p3                   |    select|   0|  0|  32|           1|           1|
    |select_ln411_120_fu_3381_p3                  |    select|   0|  0|  32|           1|           1|
    |select_ln411_121_fu_3370_p3                  |    select|   0|  0|  32|           1|           1|
    |select_ln411_122_fu_3359_p3                  |    select|   0|  0|  32|           1|           1|
    |select_ln411_123_fu_3348_p3                  |    select|   0|  0|  32|           1|           1|
    |select_ln411_124_fu_3337_p3                  |    select|   0|  0|  32|           1|           1|
    |select_ln411_125_fu_3326_p3                  |    select|   0|  0|  32|           1|           1|
    |select_ln411_126_fu_3315_p3                  |    select|   0|  0|  32|           1|           1|
    |select_ln411_127_fu_3303_p3                  |    select|   0|  0|  32|           1|           1|
    |select_ln411_12_fu_2835_p3                   |    select|   0|  0|  32|           1|           1|
    |select_ln411_13_fu_2844_p3                   |    select|   0|  0|  32|           1|           1|
    |select_ln411_14_fu_2853_p3                   |    select|   0|  0|  32|           1|           1|
    |select_ln411_15_fu_2862_p3                   |    select|   0|  0|  32|           1|           1|
    |select_ln411_16_fu_2871_p3                   |    select|   0|  0|  32|           1|           1|
    |select_ln411_17_fu_2880_p3                   |    select|   0|  0|  32|           1|           1|
    |select_ln411_18_fu_2889_p3                   |    select|   0|  0|  32|           1|           1|
    |select_ln411_19_fu_2898_p3                   |    select|   0|  0|  32|           1|           1|
    |select_ln411_1_fu_2736_p3                    |    select|   0|  0|  32|           1|           1|
    |select_ln411_20_fu_2907_p3                   |    select|   0|  0|  32|           1|           1|
    |select_ln411_21_fu_2916_p3                   |    select|   0|  0|  32|           1|           1|
    |select_ln411_22_fu_2925_p3                   |    select|   0|  0|  32|           1|           1|
    |select_ln411_23_fu_2934_p3                   |    select|   0|  0|  32|           1|           1|
    |select_ln411_24_fu_2943_p3                   |    select|   0|  0|  32|           1|           1|
    |select_ln411_25_fu_2952_p3                   |    select|   0|  0|  32|           1|           1|
    |select_ln411_26_fu_2961_p3                   |    select|   0|  0|  32|           1|           1|
    |select_ln411_27_fu_2970_p3                   |    select|   0|  0|  32|           1|           1|
    |select_ln411_28_fu_2979_p3                   |    select|   0|  0|  32|           1|           1|
    |select_ln411_29_fu_2988_p3                   |    select|   0|  0|  32|           1|           1|
    |select_ln411_2_fu_2745_p3                    |    select|   0|  0|  32|           1|           1|
    |select_ln411_30_fu_2997_p3                   |    select|   0|  0|  32|           1|           1|
    |select_ln411_31_fu_3006_p3                   |    select|   0|  0|  32|           1|           1|
    |select_ln411_32_fu_3015_p3                   |    select|   0|  0|  32|           1|           1|
    |select_ln411_33_fu_3024_p3                   |    select|   0|  0|  32|           1|           1|
    |select_ln411_34_fu_3033_p3                   |    select|   0|  0|  32|           1|           1|
    |select_ln411_35_fu_3042_p3                   |    select|   0|  0|  32|           1|           1|
    |select_ln411_36_fu_3051_p3                   |    select|   0|  0|  32|           1|           1|
    |select_ln411_37_fu_3060_p3                   |    select|   0|  0|  32|           1|           1|
    |select_ln411_38_fu_3069_p3                   |    select|   0|  0|  32|           1|           1|
    |select_ln411_39_fu_3078_p3                   |    select|   0|  0|  32|           1|           1|
    |select_ln411_3_fu_2754_p3                    |    select|   0|  0|  32|           1|           1|
    |select_ln411_40_fu_3087_p3                   |    select|   0|  0|  32|           1|           1|
    |select_ln411_41_fu_3096_p3                   |    select|   0|  0|  32|           1|           1|
    |select_ln411_42_fu_3105_p3                   |    select|   0|  0|  32|           1|           1|
    |select_ln411_43_fu_3114_p3                   |    select|   0|  0|  32|           1|           1|
    |select_ln411_44_fu_3123_p3                   |    select|   0|  0|  32|           1|           1|
    |select_ln411_45_fu_3132_p3                   |    select|   0|  0|  32|           1|           1|
    |select_ln411_46_fu_3141_p3                   |    select|   0|  0|  32|           1|           1|
    |select_ln411_47_fu_3150_p3                   |    select|   0|  0|  32|           1|           1|
    |select_ln411_48_fu_3159_p3                   |    select|   0|  0|  32|           1|           1|
    |select_ln411_49_fu_3168_p3                   |    select|   0|  0|  32|           1|           1|
    |select_ln411_4_fu_2763_p3                    |    select|   0|  0|  32|           1|           1|
    |select_ln411_50_fu_3177_p3                   |    select|   0|  0|  32|           1|           1|
    |select_ln411_51_fu_3186_p3                   |    select|   0|  0|  32|           1|           1|
    |select_ln411_52_fu_3195_p3                   |    select|   0|  0|  32|           1|           1|
    |select_ln411_53_fu_3204_p3                   |    select|   0|  0|  32|           1|           1|
    |select_ln411_54_fu_3213_p3                   |    select|   0|  0|  32|           1|           1|
    |select_ln411_55_fu_3222_p3                   |    select|   0|  0|  32|           1|           1|
    |select_ln411_56_fu_3231_p3                   |    select|   0|  0|  32|           1|           1|
    |select_ln411_57_fu_3240_p3                   |    select|   0|  0|  32|           1|           1|
    |select_ln411_58_fu_3249_p3                   |    select|   0|  0|  32|           1|           1|
    |select_ln411_59_fu_3258_p3                   |    select|   0|  0|  32|           1|           1|
    |select_ln411_5_fu_2772_p3                    |    select|   0|  0|  32|           1|           1|
    |select_ln411_60_fu_3267_p3                   |    select|   0|  0|  32|           1|           1|
    |select_ln411_61_fu_3276_p3                   |    select|   0|  0|  32|           1|           1|
    |select_ln411_62_fu_3285_p3                   |    select|   0|  0|  32|           1|           1|
    |select_ln411_63_fu_3294_p3                   |    select|   0|  0|  32|           1|           1|
    |select_ln411_64_fu_3997_p3                   |    select|   0|  0|  32|           1|           1|
    |select_ln411_65_fu_3986_p3                   |    select|   0|  0|  32|           1|           1|
    |select_ln411_66_fu_3975_p3                   |    select|   0|  0|  32|           1|           1|
    |select_ln411_67_fu_3964_p3                   |    select|   0|  0|  32|           1|           1|
    |select_ln411_68_fu_3953_p3                   |    select|   0|  0|  32|           1|           1|
    |select_ln411_69_fu_3942_p3                   |    select|   0|  0|  32|           1|           1|
    |select_ln411_6_fu_2781_p3                    |    select|   0|  0|  32|           1|           1|
    |select_ln411_70_fu_3931_p3                   |    select|   0|  0|  32|           1|           1|
    |select_ln411_71_fu_3920_p3                   |    select|   0|  0|  32|           1|           1|
    |select_ln411_72_fu_3909_p3                   |    select|   0|  0|  32|           1|           1|
    |select_ln411_73_fu_3898_p3                   |    select|   0|  0|  32|           1|           1|
    |select_ln411_74_fu_3887_p3                   |    select|   0|  0|  32|           1|           1|
    |select_ln411_75_fu_3876_p3                   |    select|   0|  0|  32|           1|           1|
    |select_ln411_76_fu_3865_p3                   |    select|   0|  0|  32|           1|           1|
    |select_ln411_77_fu_3854_p3                   |    select|   0|  0|  32|           1|           1|
    |select_ln411_78_fu_3843_p3                   |    select|   0|  0|  32|           1|           1|
    |select_ln411_79_fu_3832_p3                   |    select|   0|  0|  32|           1|           1|
    |select_ln411_7_fu_2790_p3                    |    select|   0|  0|  32|           1|           1|
    |select_ln411_80_fu_3821_p3                   |    select|   0|  0|  32|           1|           1|
    |select_ln411_81_fu_3810_p3                   |    select|   0|  0|  32|           1|           1|
    |select_ln411_82_fu_3799_p3                   |    select|   0|  0|  32|           1|           1|
    |select_ln411_83_fu_3788_p3                   |    select|   0|  0|  32|           1|           1|
    |select_ln411_84_fu_3777_p3                   |    select|   0|  0|  32|           1|           1|
    |select_ln411_85_fu_3766_p3                   |    select|   0|  0|  32|           1|           1|
    |select_ln411_86_fu_3755_p3                   |    select|   0|  0|  32|           1|           1|
    |select_ln411_87_fu_3744_p3                   |    select|   0|  0|  32|           1|           1|
    |select_ln411_88_fu_3733_p3                   |    select|   0|  0|  32|           1|           1|
    |select_ln411_89_fu_3722_p3                   |    select|   0|  0|  32|           1|           1|
    |select_ln411_8_fu_2799_p3                    |    select|   0|  0|  32|           1|           1|
    |select_ln411_90_fu_3711_p3                   |    select|   0|  0|  32|           1|           1|
    |select_ln411_91_fu_3700_p3                   |    select|   0|  0|  32|           1|           1|
    |select_ln411_92_fu_3689_p3                   |    select|   0|  0|  32|           1|           1|
    |select_ln411_93_fu_3678_p3                   |    select|   0|  0|  32|           1|           1|
    |select_ln411_94_fu_3667_p3                   |    select|   0|  0|  32|           1|           1|
    |select_ln411_95_fu_3656_p3                   |    select|   0|  0|  32|           1|           1|
    |select_ln411_96_fu_3645_p3                   |    select|   0|  0|  32|           1|           1|
    |select_ln411_97_fu_3634_p3                   |    select|   0|  0|  32|           1|           1|
    |select_ln411_98_fu_3623_p3                   |    select|   0|  0|  32|           1|           1|
    |select_ln411_99_fu_3612_p3                   |    select|   0|  0|  32|           1|           1|
    |select_ln411_9_fu_2808_p3                    |    select|   0|  0|  32|           1|           1|
    |select_ln411_fu_2727_p3                      |    select|   0|  0|  32|           1|           1|
    +---------------------------------------------+----------+----+---+----+------------+------------+
    |Total                                        |          |   0|  0|4150|         198|         168|
    +---------------------------------------------+----------+----+---+----+------------+------------+

    * Multiplexer: 
    +-------------------------------------+------+-----------+-----+-----------+
    |                 Name                |  LUT | Input Size| Bits| Total Bits|
    +-------------------------------------+------+-----------+-----+-----------+
    |ap_NS_fsm                            |  1216|        229|    1|        229|
    |ap_done                              |     9|          2|    1|          2|
    |grp_fu_2454_p1                       |    45|         11|   32|        352|
    |grp_krnl_dot_1_fu_2110_p_in2_offset  |    45|         11|    4|         44|
    |grp_krnl_lstm_unit_fu_1435_c_tp      |   279|         65|   32|       2080|
    |grp_krnl_lstm_unit_fu_1435_unit_ind  |   279|         65|    6|        390|
    |indvar_flatten_reg_1413              |     9|          2|   19|         38|
    |j_reg_1424                           |     9|          2|    6|         12|
    |x_str_blk_n                          |     9|          2|    1|          2|
    |y_h_str_blk_n                        |     9|          2|    1|          2|
    |y_h_str_din                          |    45|         11|   32|        352|
    +-------------------------------------+------+-----------+-----+-----------+
    |Total                                |  1954|        402|  135|       3503|
    +-------------------------------------+------+-----------+-----+-----------+

    * Register: 
    +-------------------------------------------------+-----+----+-----+-----------+
    |                       Name                      |  FF | LUT| Bits| Const Bits|
    +-------------------------------------------------+-----+----+-----+-----------+
    |add_ln405_reg_6003                               |   19|   0|   19|          0|
    |ap_CS_fsm                                        |  228|   0|  228|          0|
    |ap_done_reg                                      |    1|   0|    1|          0|
    |ap_sync_reg_grp_krnl_dot_1_fu_2110_ap_done       |    1|   0|    1|          0|
    |ap_sync_reg_grp_krnl_dot_1_fu_2110_ap_ready      |    1|   0|    1|          0|
    |ap_sync_reg_grp_krnl_lstm_unit_fu_1435_ap_done   |    1|   0|    1|          0|
    |ap_sync_reg_grp_krnl_lstm_unit_fu_1435_ap_ready  |    1|   0|    1|          0|
    |c_t_fu_1396                                      |   32|   0|   32|          0|
    |c_tps_0_1_fu_876                                 |   32|   0|   32|          0|
    |c_tps_10_1_fu_916                                |   32|   0|   32|          0|
    |c_tps_11_1_fu_920                                |   32|   0|   32|          0|
    |c_tps_12_1_fu_924                                |   32|   0|   32|          0|
    |c_tps_13_1_fu_928                                |   32|   0|   32|          0|
    |c_tps_14_1_fu_932                                |   32|   0|   32|          0|
    |c_tps_15_1_fu_936                                |   32|   0|   32|          0|
    |c_tps_16_1_fu_940                                |   32|   0|   32|          0|
    |c_tps_17_1_fu_944                                |   32|   0|   32|          0|
    |c_tps_18_1_fu_948                                |   32|   0|   32|          0|
    |c_tps_19_1_fu_952                                |   32|   0|   32|          0|
    |c_tps_1_1_fu_880                                 |   32|   0|   32|          0|
    |c_tps_20_1_fu_956                                |   32|   0|   32|          0|
    |c_tps_21_1_fu_960                                |   32|   0|   32|          0|
    |c_tps_22_1_fu_964                                |   32|   0|   32|          0|
    |c_tps_23_1_fu_968                                |   32|   0|   32|          0|
    |c_tps_24_1_fu_972                                |   32|   0|   32|          0|
    |c_tps_25_1_fu_976                                |   32|   0|   32|          0|
    |c_tps_26_1_fu_980                                |   32|   0|   32|          0|
    |c_tps_27_1_fu_984                                |   32|   0|   32|          0|
    |c_tps_28_1_fu_988                                |   32|   0|   32|          0|
    |c_tps_29_1_fu_992                                |   32|   0|   32|          0|
    |c_tps_2_1_fu_884                                 |   32|   0|   32|          0|
    |c_tps_30_1_fu_996                                |   32|   0|   32|          0|
    |c_tps_31_1_fu_1000                               |   32|   0|   32|          0|
    |c_tps_32_1_fu_1004                               |   32|   0|   32|          0|
    |c_tps_33_1_fu_1008                               |   32|   0|   32|          0|
    |c_tps_34_1_fu_1012                               |   32|   0|   32|          0|
    |c_tps_35_1_fu_1016                               |   32|   0|   32|          0|
    |c_tps_36_1_fu_1020                               |   32|   0|   32|          0|
    |c_tps_37_1_fu_1024                               |   32|   0|   32|          0|
    |c_tps_38_1_fu_1028                               |   32|   0|   32|          0|
    |c_tps_39_1_fu_1032                               |   32|   0|   32|          0|
    |c_tps_3_1_fu_888                                 |   32|   0|   32|          0|
    |c_tps_40_1_fu_1036                               |   32|   0|   32|          0|
    |c_tps_41_1_fu_1040                               |   32|   0|   32|          0|
    |c_tps_42_1_fu_1044                               |   32|   0|   32|          0|
    |c_tps_43_1_fu_1048                               |   32|   0|   32|          0|
    |c_tps_44_1_fu_1052                               |   32|   0|   32|          0|
    |c_tps_45_1_fu_1056                               |   32|   0|   32|          0|
    |c_tps_46_1_fu_1060                               |   32|   0|   32|          0|
    |c_tps_47_1_fu_1064                               |   32|   0|   32|          0|
    |c_tps_48_1_fu_1068                               |   32|   0|   32|          0|
    |c_tps_49_1_fu_1072                               |   32|   0|   32|          0|
    |c_tps_4_1_fu_892                                 |   32|   0|   32|          0|
    |c_tps_50_1_fu_1076                               |   32|   0|   32|          0|
    |c_tps_51_1_fu_1080                               |   32|   0|   32|          0|
    |c_tps_52_1_fu_1084                               |   32|   0|   32|          0|
    |c_tps_53_1_fu_1088                               |   32|   0|   32|          0|
    |c_tps_54_1_fu_1092                               |   32|   0|   32|          0|
    |c_tps_55_1_fu_1096                               |   32|   0|   32|          0|
    |c_tps_56_1_fu_1100                               |   32|   0|   32|          0|
    |c_tps_57_1_fu_1104                               |   32|   0|   32|          0|
    |c_tps_58_1_fu_1108                               |   32|   0|   32|          0|
    |c_tps_59_1_fu_1112                               |   32|   0|   32|          0|
    |c_tps_5_1_fu_896                                 |   32|   0|   32|          0|
    |c_tps_60_1_fu_1116                               |   32|   0|   32|          0|
    |c_tps_61_1_fu_1120                               |   32|   0|   32|          0|
    |c_tps_62_1_fu_1124                               |   32|   0|   32|          0|
    |c_tps_63_1_fu_1128                               |   32|   0|   32|          0|
    |c_tps_6_1_fu_900                                 |   32|   0|   32|          0|
    |c_tps_7_1_fu_904                                 |   32|   0|   32|          0|
    |c_tps_8_1_fu_908                                 |   32|   0|   32|          0|
    |c_tps_9_1_fu_912                                 |   32|   0|   32|          0|
    |c_ts_0_reg_6421                                  |   32|   0|   32|          0|
    |c_ts_10_reg_6581                                 |   32|   0|   32|          0|
    |c_ts_11_reg_6597                                 |   32|   0|   32|          0|
    |c_ts_12_reg_6613                                 |   32|   0|   32|          0|
    |c_ts_13_reg_6629                                 |   32|   0|   32|          0|
    |c_ts_14_reg_6645                                 |   32|   0|   32|          0|
    |c_ts_15_reg_6661                                 |   32|   0|   32|          0|
    |c_ts_16_reg_6677                                 |   32|   0|   32|          0|
    |c_ts_17_reg_6693                                 |   32|   0|   32|          0|
    |c_ts_18_reg_6709                                 |   32|   0|   32|          0|
    |c_ts_19_reg_6725                                 |   32|   0|   32|          0|
    |c_ts_1_reg_6437                                  |   32|   0|   32|          0|
    |c_ts_20_reg_6741                                 |   32|   0|   32|          0|
    |c_ts_21_reg_6757                                 |   32|   0|   32|          0|
    |c_ts_22_reg_6773                                 |   32|   0|   32|          0|
    |c_ts_23_reg_6789                                 |   32|   0|   32|          0|
    |c_ts_24_reg_6805                                 |   32|   0|   32|          0|
    |c_ts_25_reg_6821                                 |   32|   0|   32|          0|
    |c_ts_26_reg_6837                                 |   32|   0|   32|          0|
    |c_ts_27_reg_6853                                 |   32|   0|   32|          0|
    |c_ts_28_reg_6869                                 |   32|   0|   32|          0|
    |c_ts_29_reg_6885                                 |   32|   0|   32|          0|
    |c_ts_2_reg_6453                                  |   32|   0|   32|          0|
    |c_ts_30_reg_6901                                 |   32|   0|   32|          0|
    |c_ts_31_reg_6917                                 |   32|   0|   32|          0|
    |c_ts_32_reg_6933                                 |   32|   0|   32|          0|
    |c_ts_33_reg_6949                                 |   32|   0|   32|          0|
    |c_ts_34_reg_6965                                 |   32|   0|   32|          0|
    |c_ts_35_reg_6981                                 |   32|   0|   32|          0|
    |c_ts_36_reg_6997                                 |   32|   0|   32|          0|
    |c_ts_37_reg_7013                                 |   32|   0|   32|          0|
    |c_ts_38_reg_7029                                 |   32|   0|   32|          0|
    |c_ts_39_reg_7045                                 |   32|   0|   32|          0|
    |c_ts_3_reg_6469                                  |   32|   0|   32|          0|
    |c_ts_40_reg_7061                                 |   32|   0|   32|          0|
    |c_ts_41_reg_7077                                 |   32|   0|   32|          0|
    |c_ts_42_reg_7093                                 |   32|   0|   32|          0|
    |c_ts_43_reg_7109                                 |   32|   0|   32|          0|
    |c_ts_44_reg_7125                                 |   32|   0|   32|          0|
    |c_ts_45_reg_7141                                 |   32|   0|   32|          0|
    |c_ts_46_reg_7157                                 |   32|   0|   32|          0|
    |c_ts_47_reg_7173                                 |   32|   0|   32|          0|
    |c_ts_48_reg_7189                                 |   32|   0|   32|          0|
    |c_ts_49_reg_7205                                 |   32|   0|   32|          0|
    |c_ts_4_reg_6485                                  |   32|   0|   32|          0|
    |c_ts_50_reg_7221                                 |   32|   0|   32|          0|
    |c_ts_51_reg_7237                                 |   32|   0|   32|          0|
    |c_ts_52_reg_7253                                 |   32|   0|   32|          0|
    |c_ts_53_reg_7269                                 |   32|   0|   32|          0|
    |c_ts_54_reg_7285                                 |   32|   0|   32|          0|
    |c_ts_55_reg_7301                                 |   32|   0|   32|          0|
    |c_ts_56_reg_7317                                 |   32|   0|   32|          0|
    |c_ts_57_reg_7333                                 |   32|   0|   32|          0|
    |c_ts_58_reg_7349                                 |   32|   0|   32|          0|
    |c_ts_59_reg_7365                                 |   32|   0|   32|          0|
    |c_ts_5_reg_6501                                  |   32|   0|   32|          0|
    |c_ts_60_reg_7381                                 |   32|   0|   32|          0|
    |c_ts_61_reg_7397                                 |   32|   0|   32|          0|
    |c_ts_62_reg_7413                                 |   32|   0|   32|          0|
    |c_ts_6_reg_6517                                  |   32|   0|   32|          0|
    |c_ts_7_reg_6533                                  |   32|   0|   32|          0|
    |c_ts_8_reg_6549                                  |   32|   0|   32|          0|
    |c_ts_9_reg_6565                                  |   32|   0|   32|          0|
    |cmp16_i_reg_7423                                 |    1|   0|    1|          0|
    |dot_res_fu_1388                                  |   32|   0|   32|          0|
    |grp_krnl_dot_1_fu_2110_ap_start_reg              |    1|   0|    1|          0|
    |grp_krnl_lstm_unit_fu_1435_ap_start_reg          |    1|   0|    1|          0|
    |h_t_fu_1392                                      |   32|   0|   32|          0|
    |h_tps_0_1_fu_1132                                |   32|   0|   32|          0|
    |h_tps_10_1_fu_1172                               |   32|   0|   32|          0|
    |h_tps_11_1_fu_1176                               |   32|   0|   32|          0|
    |h_tps_12_1_fu_1180                               |   32|   0|   32|          0|
    |h_tps_13_1_fu_1184                               |   32|   0|   32|          0|
    |h_tps_14_1_fu_1188                               |   32|   0|   32|          0|
    |h_tps_15_1_fu_1192                               |   32|   0|   32|          0|
    |h_tps_16_1_fu_1196                               |   32|   0|   32|          0|
    |h_tps_17_1_fu_1200                               |   32|   0|   32|          0|
    |h_tps_18_1_fu_1204                               |   32|   0|   32|          0|
    |h_tps_19_1_fu_1208                               |   32|   0|   32|          0|
    |h_tps_1_1_fu_1136                                |   32|   0|   32|          0|
    |h_tps_20_1_fu_1212                               |   32|   0|   32|          0|
    |h_tps_21_1_fu_1216                               |   32|   0|   32|          0|
    |h_tps_22_1_fu_1220                               |   32|   0|   32|          0|
    |h_tps_23_1_fu_1224                               |   32|   0|   32|          0|
    |h_tps_24_1_fu_1228                               |   32|   0|   32|          0|
    |h_tps_25_1_fu_1232                               |   32|   0|   32|          0|
    |h_tps_26_1_fu_1236                               |   32|   0|   32|          0|
    |h_tps_27_1_fu_1240                               |   32|   0|   32|          0|
    |h_tps_28_1_fu_1244                               |   32|   0|   32|          0|
    |h_tps_29_1_fu_1248                               |   32|   0|   32|          0|
    |h_tps_2_1_fu_1140                                |   32|   0|   32|          0|
    |h_tps_30_1_fu_1252                               |   32|   0|   32|          0|
    |h_tps_31_1_fu_1256                               |   32|   0|   32|          0|
    |h_tps_32_1_fu_1260                               |   32|   0|   32|          0|
    |h_tps_33_1_fu_1264                               |   32|   0|   32|          0|
    |h_tps_34_1_fu_1268                               |   32|   0|   32|          0|
    |h_tps_35_1_fu_1272                               |   32|   0|   32|          0|
    |h_tps_36_1_fu_1276                               |   32|   0|   32|          0|
    |h_tps_37_1_fu_1280                               |   32|   0|   32|          0|
    |h_tps_38_1_fu_1284                               |   32|   0|   32|          0|
    |h_tps_39_1_fu_1288                               |   32|   0|   32|          0|
    |h_tps_3_1_fu_1144                                |   32|   0|   32|          0|
    |h_tps_40_1_fu_1292                               |   32|   0|   32|          0|
    |h_tps_41_1_fu_1296                               |   32|   0|   32|          0|
    |h_tps_42_1_fu_1300                               |   32|   0|   32|          0|
    |h_tps_43_1_fu_1304                               |   32|   0|   32|          0|
    |h_tps_44_1_fu_1308                               |   32|   0|   32|          0|
    |h_tps_45_1_fu_1312                               |   32|   0|   32|          0|
    |h_tps_46_1_fu_1316                               |   32|   0|   32|          0|
    |h_tps_47_1_fu_1320                               |   32|   0|   32|          0|
    |h_tps_48_1_fu_1324                               |   32|   0|   32|          0|
    |h_tps_49_1_fu_1328                               |   32|   0|   32|          0|
    |h_tps_4_1_fu_1148                                |   32|   0|   32|          0|
    |h_tps_50_1_fu_1332                               |   32|   0|   32|          0|
    |h_tps_51_1_fu_1336                               |   32|   0|   32|          0|
    |h_tps_52_1_fu_1340                               |   32|   0|   32|          0|
    |h_tps_53_1_fu_1344                               |   32|   0|   32|          0|
    |h_tps_54_1_fu_1348                               |   32|   0|   32|          0|
    |h_tps_55_1_fu_1352                               |   32|   0|   32|          0|
    |h_tps_56_1_fu_1356                               |   32|   0|   32|          0|
    |h_tps_57_1_fu_1360                               |   32|   0|   32|          0|
    |h_tps_58_1_fu_1364                               |   32|   0|   32|          0|
    |h_tps_59_1_fu_1368                               |   32|   0|   32|          0|
    |h_tps_5_1_fu_1152                                |   32|   0|   32|          0|
    |h_tps_60_1_fu_1372                               |   32|   0|   32|          0|
    |h_tps_61_1_fu_1376                               |   32|   0|   32|          0|
    |h_tps_62_1_fu_1380                               |   32|   0|   32|          0|
    |h_tps_63_1_fu_1384                               |   32|   0|   32|          0|
    |h_tps_6_1_fu_1156                                |   32|   0|   32|          0|
    |h_tps_7_1_fu_1160                                |   32|   0|   32|          0|
    |h_tps_8_1_fu_1164                                |   32|   0|   32|          0|
    |h_tps_9_1_fu_1168                                |   32|   0|   32|          0|
    |h_ts_0_reg_6415                                  |   32|   0|   32|          0|
    |h_ts_10_reg_6575                                 |   32|   0|   32|          0|
    |h_ts_11_reg_6591                                 |   32|   0|   32|          0|
    |h_ts_12_reg_6607                                 |   32|   0|   32|          0|
    |h_ts_13_reg_6623                                 |   32|   0|   32|          0|
    |h_ts_14_reg_6639                                 |   32|   0|   32|          0|
    |h_ts_15_reg_6655                                 |   32|   0|   32|          0|
    |h_ts_16_reg_6671                                 |   32|   0|   32|          0|
    |h_ts_17_reg_6687                                 |   32|   0|   32|          0|
    |h_ts_18_reg_6703                                 |   32|   0|   32|          0|
    |h_ts_19_reg_6719                                 |   32|   0|   32|          0|
    |h_ts_1_reg_6431                                  |   32|   0|   32|          0|
    |h_ts_20_reg_6735                                 |   32|   0|   32|          0|
    |h_ts_21_reg_6751                                 |   32|   0|   32|          0|
    |h_ts_22_reg_6767                                 |   32|   0|   32|          0|
    |h_ts_23_reg_6783                                 |   32|   0|   32|          0|
    |h_ts_24_reg_6799                                 |   32|   0|   32|          0|
    |h_ts_25_reg_6815                                 |   32|   0|   32|          0|
    |h_ts_26_reg_6831                                 |   32|   0|   32|          0|
    |h_ts_27_reg_6847                                 |   32|   0|   32|          0|
    |h_ts_28_reg_6863                                 |   32|   0|   32|          0|
    |h_ts_29_reg_6879                                 |   32|   0|   32|          0|
    |h_ts_2_reg_6447                                  |   32|   0|   32|          0|
    |h_ts_30_reg_6895                                 |   32|   0|   32|          0|
    |h_ts_31_reg_6911                                 |   32|   0|   32|          0|
    |h_ts_32_reg_6927                                 |   32|   0|   32|          0|
    |h_ts_33_reg_6943                                 |   32|   0|   32|          0|
    |h_ts_34_reg_6959                                 |   32|   0|   32|          0|
    |h_ts_35_reg_6975                                 |   32|   0|   32|          0|
    |h_ts_36_reg_6991                                 |   32|   0|   32|          0|
    |h_ts_37_reg_7007                                 |   32|   0|   32|          0|
    |h_ts_38_reg_7023                                 |   32|   0|   32|          0|
    |h_ts_39_reg_7039                                 |   32|   0|   32|          0|
    |h_ts_3_reg_6463                                  |   32|   0|   32|          0|
    |h_ts_40_reg_7055                                 |   32|   0|   32|          0|
    |h_ts_41_reg_7071                                 |   32|   0|   32|          0|
    |h_ts_42_reg_7087                                 |   32|   0|   32|          0|
    |h_ts_43_reg_7103                                 |   32|   0|   32|          0|
    |h_ts_44_reg_7119                                 |   32|   0|   32|          0|
    |h_ts_45_reg_7135                                 |   32|   0|   32|          0|
    |h_ts_46_reg_7151                                 |   32|   0|   32|          0|
    |h_ts_47_reg_7167                                 |   32|   0|   32|          0|
    |h_ts_48_reg_7183                                 |   32|   0|   32|          0|
    |h_ts_49_reg_7199                                 |   32|   0|   32|          0|
    |h_ts_4_reg_6479                                  |   32|   0|   32|          0|
    |h_ts_50_reg_7215                                 |   32|   0|   32|          0|
    |h_ts_51_reg_7231                                 |   32|   0|   32|          0|
    |h_ts_52_reg_7247                                 |   32|   0|   32|          0|
    |h_ts_53_reg_7263                                 |   32|   0|   32|          0|
    |h_ts_54_reg_7279                                 |   32|   0|   32|          0|
    |h_ts_55_reg_7295                                 |   32|   0|   32|          0|
    |h_ts_56_reg_7311                                 |   32|   0|   32|          0|
    |h_ts_57_reg_7327                                 |   32|   0|   32|          0|
    |h_ts_58_reg_7343                                 |   32|   0|   32|          0|
    |h_ts_59_reg_7359                                 |   32|   0|   32|          0|
    |h_ts_5_reg_6495                                  |   32|   0|   32|          0|
    |h_ts_60_reg_7375                                 |   32|   0|   32|          0|
    |h_ts_61_reg_7391                                 |   32|   0|   32|          0|
    |h_ts_62_reg_7407                                 |   32|   0|   32|          0|
    |h_ts_63_reg_7427                                 |   32|   0|   32|          0|
    |h_ts_6_reg_6511                                  |   32|   0|   32|          0|
    |h_ts_7_reg_6527                                  |   32|   0|   32|          0|
    |h_ts_8_reg_6543                                  |   32|   0|   32|          0|
    |h_ts_9_reg_6559                                  |   32|   0|   32|          0|
    |icmp_ln405_reg_6008                              |    1|   0|    1|          0|
    |icmp_ln411_reg_6023                              |    1|   0|    1|          0|
    |indvar_flatten_reg_1413                          |   19|   0|   19|          0|
    |j_reg_1424                                       |    6|   0|    6|          0|
    |reg_2491                                         |   32|   0|   32|          0|
    |select_ln405_reg_6012                            |    6|   0|    6|          0|
    |select_ln411_100_reg_6842                        |   32|   0|   32|          0|
    |select_ln411_101_reg_6826                        |   32|   0|   32|          0|
    |select_ln411_102_reg_6810                        |   32|   0|   32|          0|
    |select_ln411_103_reg_6794                        |   32|   0|   32|          0|
    |select_ln411_104_reg_6778                        |   32|   0|   32|          0|
    |select_ln411_105_reg_6762                        |   32|   0|   32|          0|
    |select_ln411_106_reg_6746                        |   32|   0|   32|          0|
    |select_ln411_107_reg_6730                        |   32|   0|   32|          0|
    |select_ln411_108_reg_6714                        |   32|   0|   32|          0|
    |select_ln411_109_reg_6698                        |   32|   0|   32|          0|
    |select_ln411_10_reg_6140                         |   32|   0|   32|          0|
    |select_ln411_110_reg_6682                        |   32|   0|   32|          0|
    |select_ln411_111_reg_6666                        |   32|   0|   32|          0|
    |select_ln411_112_reg_6650                        |   32|   0|   32|          0|
    |select_ln411_113_reg_6634                        |   32|   0|   32|          0|
    |select_ln411_114_reg_6618                        |   32|   0|   32|          0|
    |select_ln411_115_reg_6602                        |   32|   0|   32|          0|
    |select_ln411_116_reg_6586                        |   32|   0|   32|          0|
    |select_ln411_117_reg_6570                        |   32|   0|   32|          0|
    |select_ln411_118_reg_6554                        |   32|   0|   32|          0|
    |select_ln411_119_reg_6538                        |   32|   0|   32|          0|
    |select_ln411_11_reg_6145                         |   32|   0|   32|          0|
    |select_ln411_120_reg_6522                        |   32|   0|   32|          0|
    |select_ln411_121_reg_6506                        |   32|   0|   32|          0|
    |select_ln411_122_reg_6490                        |   32|   0|   32|          0|
    |select_ln411_123_reg_6474                        |   32|   0|   32|          0|
    |select_ln411_124_reg_6458                        |   32|   0|   32|          0|
    |select_ln411_125_reg_6442                        |   32|   0|   32|          0|
    |select_ln411_126_reg_6426                        |   32|   0|   32|          0|
    |select_ln411_127_reg_6410                        |   32|   0|   32|          0|
    |select_ln411_12_reg_6150                         |   32|   0|   32|          0|
    |select_ln411_13_reg_6155                         |   32|   0|   32|          0|
    |select_ln411_14_reg_6160                         |   32|   0|   32|          0|
    |select_ln411_15_reg_6165                         |   32|   0|   32|          0|
    |select_ln411_16_reg_6170                         |   32|   0|   32|          0|
    |select_ln411_17_reg_6175                         |   32|   0|   32|          0|
    |select_ln411_18_reg_6180                         |   32|   0|   32|          0|
    |select_ln411_19_reg_6185                         |   32|   0|   32|          0|
    |select_ln411_1_reg_6095                          |   32|   0|   32|          0|
    |select_ln411_20_reg_6190                         |   32|   0|   32|          0|
    |select_ln411_21_reg_6195                         |   32|   0|   32|          0|
    |select_ln411_22_reg_6200                         |   32|   0|   32|          0|
    |select_ln411_23_reg_6205                         |   32|   0|   32|          0|
    |select_ln411_24_reg_6210                         |   32|   0|   32|          0|
    |select_ln411_25_reg_6215                         |   32|   0|   32|          0|
    |select_ln411_26_reg_6220                         |   32|   0|   32|          0|
    |select_ln411_27_reg_6225                         |   32|   0|   32|          0|
    |select_ln411_28_reg_6230                         |   32|   0|   32|          0|
    |select_ln411_29_reg_6235                         |   32|   0|   32|          0|
    |select_ln411_2_reg_6100                          |   32|   0|   32|          0|
    |select_ln411_30_reg_6240                         |   32|   0|   32|          0|
    |select_ln411_31_reg_6245                         |   32|   0|   32|          0|
    |select_ln411_32_reg_6250                         |   32|   0|   32|          0|
    |select_ln411_33_reg_6255                         |   32|   0|   32|          0|
    |select_ln411_34_reg_6260                         |   32|   0|   32|          0|
    |select_ln411_35_reg_6265                         |   32|   0|   32|          0|
    |select_ln411_36_reg_6270                         |   32|   0|   32|          0|
    |select_ln411_37_reg_6275                         |   32|   0|   32|          0|
    |select_ln411_38_reg_6280                         |   32|   0|   32|          0|
    |select_ln411_39_reg_6285                         |   32|   0|   32|          0|
    |select_ln411_3_reg_6105                          |   32|   0|   32|          0|
    |select_ln411_40_reg_6290                         |   32|   0|   32|          0|
    |select_ln411_41_reg_6295                         |   32|   0|   32|          0|
    |select_ln411_42_reg_6300                         |   32|   0|   32|          0|
    |select_ln411_43_reg_6305                         |   32|   0|   32|          0|
    |select_ln411_44_reg_6310                         |   32|   0|   32|          0|
    |select_ln411_45_reg_6315                         |   32|   0|   32|          0|
    |select_ln411_46_reg_6320                         |   32|   0|   32|          0|
    |select_ln411_47_reg_6325                         |   32|   0|   32|          0|
    |select_ln411_48_reg_6330                         |   32|   0|   32|          0|
    |select_ln411_49_reg_6335                         |   32|   0|   32|          0|
    |select_ln411_4_reg_6110                          |   32|   0|   32|          0|
    |select_ln411_50_reg_6340                         |   32|   0|   32|          0|
    |select_ln411_51_reg_6345                         |   32|   0|   32|          0|
    |select_ln411_52_reg_6350                         |   32|   0|   32|          0|
    |select_ln411_53_reg_6355                         |   32|   0|   32|          0|
    |select_ln411_54_reg_6360                         |   32|   0|   32|          0|
    |select_ln411_55_reg_6365                         |   32|   0|   32|          0|
    |select_ln411_56_reg_6370                         |   32|   0|   32|          0|
    |select_ln411_57_reg_6375                         |   32|   0|   32|          0|
    |select_ln411_58_reg_6380                         |   32|   0|   32|          0|
    |select_ln411_59_reg_6385                         |   32|   0|   32|          0|
    |select_ln411_5_reg_6115                          |   32|   0|   32|          0|
    |select_ln411_60_reg_6390                         |   32|   0|   32|          0|
    |select_ln411_61_reg_6395                         |   32|   0|   32|          0|
    |select_ln411_62_reg_6400                         |   32|   0|   32|          0|
    |select_ln411_63_reg_6405                         |   32|   0|   32|          0|
    |select_ln411_64_reg_7418                         |   32|   0|   32|          0|
    |select_ln411_65_reg_7402                         |   32|   0|   32|          0|
    |select_ln411_66_reg_7386                         |   32|   0|   32|          0|
    |select_ln411_67_reg_7370                         |   32|   0|   32|          0|
    |select_ln411_68_reg_7354                         |   32|   0|   32|          0|
    |select_ln411_69_reg_7338                         |   32|   0|   32|          0|
    |select_ln411_6_reg_6120                          |   32|   0|   32|          0|
    |select_ln411_70_reg_7322                         |   32|   0|   32|          0|
    |select_ln411_71_reg_7306                         |   32|   0|   32|          0|
    |select_ln411_72_reg_7290                         |   32|   0|   32|          0|
    |select_ln411_73_reg_7274                         |   32|   0|   32|          0|
    |select_ln411_74_reg_7258                         |   32|   0|   32|          0|
    |select_ln411_75_reg_7242                         |   32|   0|   32|          0|
    |select_ln411_76_reg_7226                         |   32|   0|   32|          0|
    |select_ln411_77_reg_7210                         |   32|   0|   32|          0|
    |select_ln411_78_reg_7194                         |   32|   0|   32|          0|
    |select_ln411_79_reg_7178                         |   32|   0|   32|          0|
    |select_ln411_7_reg_6125                          |   32|   0|   32|          0|
    |select_ln411_80_reg_7162                         |   32|   0|   32|          0|
    |select_ln411_81_reg_7146                         |   32|   0|   32|          0|
    |select_ln411_82_reg_7130                         |   32|   0|   32|          0|
    |select_ln411_83_reg_7114                         |   32|   0|   32|          0|
    |select_ln411_84_reg_7098                         |   32|   0|   32|          0|
    |select_ln411_85_reg_7082                         |   32|   0|   32|          0|
    |select_ln411_86_reg_7066                         |   32|   0|   32|          0|
    |select_ln411_87_reg_7050                         |   32|   0|   32|          0|
    |select_ln411_88_reg_7034                         |   32|   0|   32|          0|
    |select_ln411_89_reg_7018                         |   32|   0|   32|          0|
    |select_ln411_8_reg_6130                          |   32|   0|   32|          0|
    |select_ln411_90_reg_7002                         |   32|   0|   32|          0|
    |select_ln411_91_reg_6986                         |   32|   0|   32|          0|
    |select_ln411_92_reg_6970                         |   32|   0|   32|          0|
    |select_ln411_93_reg_6954                         |   32|   0|   32|          0|
    |select_ln411_94_reg_6938                         |   32|   0|   32|          0|
    |select_ln411_95_reg_6922                         |   32|   0|   32|          0|
    |select_ln411_96_reg_6906                         |   32|   0|   32|          0|
    |select_ln411_97_reg_6890                         |   32|   0|   32|          0|
    |select_ln411_98_reg_6874                         |   32|   0|   32|          0|
    |select_ln411_99_reg_6858                         |   32|   0|   32|          0|
    |select_ln411_9_reg_6135                          |   32|   0|   32|          0|
    |select_ln411_reg_6090                            |   32|   0|   32|          0|
    |tmp_reg_6018                                     |   32|   0|   32|          0|
    +-------------------------------------------------+-----+----+-----+-----------+
    |Total                                            |12704|   0|12704|          0|
    +-------------------------------------------------+-----+----+-----+-----------+



================================================================
== Interface
================================================================
* Summary: 
+----------------+-----+-----+------------+---------------+--------------+
|    RTL Ports   | Dir | Bits|  Protocol  | Source Object |    C Type    |
+----------------+-----+-----+------------+---------------+--------------+
|ap_clk          |   in|    1|  ap_ctrl_hs|  krnl_lstm_str|  return value|
|ap_rst          |   in|    1|  ap_ctrl_hs|  krnl_lstm_str|  return value|
|ap_start        |   in|    1|  ap_ctrl_hs|  krnl_lstm_str|  return value|
|ap_done         |  out|    1|  ap_ctrl_hs|  krnl_lstm_str|  return value|
|ap_continue     |   in|    1|  ap_ctrl_hs|  krnl_lstm_str|  return value|
|ap_idle         |  out|    1|  ap_ctrl_hs|  krnl_lstm_str|  return value|
|ap_ready        |  out|    1|  ap_ctrl_hs|  krnl_lstm_str|  return value|
|y_h_str_din     |  out|   32|     ap_fifo|        y_h_str|       pointer|
|y_h_str_full_n  |   in|    1|     ap_fifo|        y_h_str|       pointer|
|y_h_str_write   |  out|    1|     ap_fifo|        y_h_str|       pointer|
|x_str_dout      |   in|   32|     ap_fifo|          x_str|       pointer|
|x_str_empty_n   |   in|    1|     ap_fifo|          x_str|       pointer|
|x_str_read      |  out|    1|     ap_fifo|          x_str|       pointer|
+----------------+-----+-----+------------+---------------+--------------+

