

================================================================
== Vitis HLS Report for 'krnl_dot33_entry106'
================================================================
* Date:           Mon May 24 12:52:42 2021

* Version:        2020.2 (Build 3064766 on Wed Nov 18 09:12:47 MST 2020)
* Project:        krnl_lstm
* Solution:       solution (Vitis Kernel Flow Target)
* Product family: zynq
* Target device:  xc7z045-ffg900-2


================================================================
== Performance Estimates
================================================================
+ Timing: 
    * Summary: 
    +--------+----------+----------+------------+
    |  Clock |  Target  | Estimated| Uncertainty|
    +--------+----------+----------+------------+
    |ap_clk  |  10.00 ns|  6.802 ns|     2.70 ns|
    +--------+----------+----------+------------+

+ Latency: 
    * Summary: 
    +---------+---------+----------+----------+-----+-----+---------+
    |  Latency (cycles) |  Latency (absolute) |  Interval | Pipeline|
    |   min   |   max   |    min   |    max   | min | max |   Type  |
    +---------+---------+----------+----------+-----+-----+---------+
    |        0|        0|      0 ns|      0 ns|    0|    0|     none|
    +---------+---------+----------+----------+-----+-----+---------+

    + Detail: 
        * Instance: 
        N/A

        * Loop: 
        N/A



================================================================
== Utilization Estimates
================================================================
* Summary: 
+-----------------+---------+-----+--------+--------+-----+
|       Name      | BRAM_18K| DSP |   FF   |   LUT  | URAM|
+-----------------+---------+-----+--------+--------+-----+
|DSP              |        -|    -|       -|       -|    -|
|Expression       |        -|    -|       0|       1|    -|
|FIFO             |        -|    -|       -|       -|    -|
|Instance         |        -|    -|       -|       -|    -|
|Memory           |        -|    -|       -|       -|    -|
|Multiplexer      |        -|    -|       -|    1188|    -|
|Register         |        -|    -|       3|       -|    -|
+-----------------+---------+-----+--------+--------+-----+
|Total            |        0|    0|       3|    1189|    0|
+-----------------+---------+-----+--------+--------+-----+
|Available        |     1090|  900|  437200|  218600|    0|
+-----------------+---------+-----+--------+--------+-----+
|Utilization (%)  |        0|    0|      ~0|      ~0|    0|
+-----------------+---------+-----+--------+--------+-----+

+ Detail: 
    * Instance: 
    N/A

    * DSP: 
    N/A

    * Memory: 
    N/A

    * FIFO: 
    N/A

    * Expression: 
    +-----------------+----------+----+---+----+------------+------------+
    |  Variable Name  | Operation| DSP| FF| LUT| Bitwidth P0| Bitwidth P1|
    +-----------------+----------+----+---+----+------------+------------+
    |ap_block_state1  |        or|   0|  0|   1|           1|           1|
    +-----------------+----------+----+---+----+------------+------------+
    |Total            |          |   0|  0|   1|           1|           1|
    +-----------------+----------+----+---+----+------------+------------+

    * Multiplexer: 
    +------------------------+----+-----------+-----+-----------+
    |          Name          | LUT| Input Size| Bits| Total Bits|
    +------------------------+----+-----------+-----+-----------+
    |ap_done                 |   9|          2|    1|          2|
    |p_in1_offset_blk_n      |   9|          2|    1|          2|
    |p_in1_offset_out_blk_n  |   9|          2|    1|          2|
    |p_in2_0_blk_n           |   9|          2|    1|          2|
    |p_in2_0_out_blk_n       |   9|          2|    1|          2|
    |p_in2_10_blk_n          |   9|          2|    1|          2|
    |p_in2_10_out_blk_n      |   9|          2|    1|          2|
    |p_in2_11_blk_n          |   9|          2|    1|          2|
    |p_in2_11_out_blk_n      |   9|          2|    1|          2|
    |p_in2_12_blk_n          |   9|          2|    1|          2|
    |p_in2_12_out_blk_n      |   9|          2|    1|          2|
    |p_in2_13_blk_n          |   9|          2|    1|          2|
    |p_in2_13_out_blk_n      |   9|          2|    1|          2|
    |p_in2_14_blk_n          |   9|          2|    1|          2|
    |p_in2_14_out_blk_n      |   9|          2|    1|          2|
    |p_in2_15_blk_n          |   9|          2|    1|          2|
    |p_in2_15_out_blk_n      |   9|          2|    1|          2|
    |p_in2_16_blk_n          |   9|          2|    1|          2|
    |p_in2_16_out_blk_n      |   9|          2|    1|          2|
    |p_in2_17_blk_n          |   9|          2|    1|          2|
    |p_in2_17_out_blk_n      |   9|          2|    1|          2|
    |p_in2_18_blk_n          |   9|          2|    1|          2|
    |p_in2_18_out_blk_n      |   9|          2|    1|          2|
    |p_in2_19_blk_n          |   9|          2|    1|          2|
    |p_in2_19_out_blk_n      |   9|          2|    1|          2|
    |p_in2_1_blk_n           |   9|          2|    1|          2|
    |p_in2_1_out_blk_n       |   9|          2|    1|          2|
    |p_in2_20_blk_n          |   9|          2|    1|          2|
    |p_in2_20_out_blk_n      |   9|          2|    1|          2|
    |p_in2_21_blk_n          |   9|          2|    1|          2|
    |p_in2_21_out_blk_n      |   9|          2|    1|          2|
    |p_in2_22_blk_n          |   9|          2|    1|          2|
    |p_in2_22_out_blk_n      |   9|          2|    1|          2|
    |p_in2_23_blk_n          |   9|          2|    1|          2|
    |p_in2_23_out_blk_n      |   9|          2|    1|          2|
    |p_in2_24_blk_n          |   9|          2|    1|          2|
    |p_in2_24_out_blk_n      |   9|          2|    1|          2|
    |p_in2_25_blk_n          |   9|          2|    1|          2|
    |p_in2_25_out_blk_n      |   9|          2|    1|          2|
    |p_in2_26_blk_n          |   9|          2|    1|          2|
    |p_in2_26_out_blk_n      |   9|          2|    1|          2|
    |p_in2_27_blk_n          |   9|          2|    1|          2|
    |p_in2_27_out_blk_n      |   9|          2|    1|          2|
    |p_in2_28_blk_n          |   9|          2|    1|          2|
    |p_in2_28_out_blk_n      |   9|          2|    1|          2|
    |p_in2_29_blk_n          |   9|          2|    1|          2|
    |p_in2_29_out_blk_n      |   9|          2|    1|          2|
    |p_in2_2_blk_n           |   9|          2|    1|          2|
    |p_in2_2_out_blk_n       |   9|          2|    1|          2|
    |p_in2_30_blk_n          |   9|          2|    1|          2|
    |p_in2_30_out_blk_n      |   9|          2|    1|          2|
    |p_in2_31_blk_n          |   9|          2|    1|          2|
    |p_in2_31_out_blk_n      |   9|          2|    1|          2|
    |p_in2_32_blk_n          |   9|          2|    1|          2|
    |p_in2_32_out_blk_n      |   9|          2|    1|          2|
    |p_in2_33_blk_n          |   9|          2|    1|          2|
    |p_in2_33_out_blk_n      |   9|          2|    1|          2|
    |p_in2_34_blk_n          |   9|          2|    1|          2|
    |p_in2_34_out_blk_n      |   9|          2|    1|          2|
    |p_in2_35_blk_n          |   9|          2|    1|          2|
    |p_in2_35_out_blk_n      |   9|          2|    1|          2|
    |p_in2_36_blk_n          |   9|          2|    1|          2|
    |p_in2_36_out_blk_n      |   9|          2|    1|          2|
    |p_in2_37_blk_n          |   9|          2|    1|          2|
    |p_in2_37_out_blk_n      |   9|          2|    1|          2|
    |p_in2_38_blk_n          |   9|          2|    1|          2|
    |p_in2_38_out_blk_n      |   9|          2|    1|          2|
    |p_in2_39_blk_n          |   9|          2|    1|          2|
    |p_in2_39_out_blk_n      |   9|          2|    1|          2|
    |p_in2_3_blk_n           |   9|          2|    1|          2|
    |p_in2_3_out_blk_n       |   9|          2|    1|          2|
    |p_in2_40_blk_n          |   9|          2|    1|          2|
    |p_in2_40_out_blk_n      |   9|          2|    1|          2|
    |p_in2_41_blk_n          |   9|          2|    1|          2|
    |p_in2_41_out_blk_n      |   9|          2|    1|          2|
    |p_in2_42_blk_n          |   9|          2|    1|          2|
    |p_in2_42_out_blk_n      |   9|          2|    1|          2|
    |p_in2_43_blk_n          |   9|          2|    1|          2|
    |p_in2_43_out_blk_n      |   9|          2|    1|          2|
    |p_in2_44_blk_n          |   9|          2|    1|          2|
    |p_in2_44_out_blk_n      |   9|          2|    1|          2|
    |p_in2_45_blk_n          |   9|          2|    1|          2|
    |p_in2_45_out_blk_n      |   9|          2|    1|          2|
    |p_in2_46_blk_n          |   9|          2|    1|          2|
    |p_in2_46_out_blk_n      |   9|          2|    1|          2|
    |p_in2_47_blk_n          |   9|          2|    1|          2|
    |p_in2_47_out_blk_n      |   9|          2|    1|          2|
    |p_in2_48_blk_n          |   9|          2|    1|          2|
    |p_in2_48_out_blk_n      |   9|          2|    1|          2|
    |p_in2_49_blk_n          |   9|          2|    1|          2|
    |p_in2_49_out_blk_n      |   9|          2|    1|          2|
    |p_in2_4_blk_n           |   9|          2|    1|          2|
    |p_in2_4_out_blk_n       |   9|          2|    1|          2|
    |p_in2_50_blk_n          |   9|          2|    1|          2|
    |p_in2_50_out_blk_n      |   9|          2|    1|          2|
    |p_in2_51_blk_n          |   9|          2|    1|          2|
    |p_in2_51_out_blk_n      |   9|          2|    1|          2|
    |p_in2_52_blk_n          |   9|          2|    1|          2|
    |p_in2_52_out_blk_n      |   9|          2|    1|          2|
    |p_in2_53_blk_n          |   9|          2|    1|          2|
    |p_in2_53_out_blk_n      |   9|          2|    1|          2|
    |p_in2_54_blk_n          |   9|          2|    1|          2|
    |p_in2_54_out_blk_n      |   9|          2|    1|          2|
    |p_in2_55_blk_n          |   9|          2|    1|          2|
    |p_in2_55_out_blk_n      |   9|          2|    1|          2|
    |p_in2_56_blk_n          |   9|          2|    1|          2|
    |p_in2_56_out_blk_n      |   9|          2|    1|          2|
    |p_in2_57_blk_n          |   9|          2|    1|          2|
    |p_in2_57_out_blk_n      |   9|          2|    1|          2|
    |p_in2_58_blk_n          |   9|          2|    1|          2|
    |p_in2_58_out_blk_n      |   9|          2|    1|          2|
    |p_in2_59_blk_n          |   9|          2|    1|          2|
    |p_in2_59_out_blk_n      |   9|          2|    1|          2|
    |p_in2_5_blk_n           |   9|          2|    1|          2|
    |p_in2_5_out_blk_n       |   9|          2|    1|          2|
    |p_in2_60_blk_n          |   9|          2|    1|          2|
    |p_in2_60_out_blk_n      |   9|          2|    1|          2|
    |p_in2_61_blk_n          |   9|          2|    1|          2|
    |p_in2_61_out_blk_n      |   9|          2|    1|          2|
    |p_in2_62_blk_n          |   9|          2|    1|          2|
    |p_in2_62_out_blk_n      |   9|          2|    1|          2|
    |p_in2_63_blk_n          |   9|          2|    1|          2|
    |p_in2_63_out_blk_n      |   9|          2|    1|          2|
    |p_in2_6_blk_n           |   9|          2|    1|          2|
    |p_in2_6_out_blk_n       |   9|          2|    1|          2|
    |p_in2_7_blk_n           |   9|          2|    1|          2|
    |p_in2_7_out_blk_n       |   9|          2|    1|          2|
    |p_in2_8_blk_n           |   9|          2|    1|          2|
    |p_in2_8_out_blk_n       |   9|          2|    1|          2|
    |p_in2_9_blk_n           |   9|          2|    1|          2|
    |p_in2_9_out_blk_n       |   9|          2|    1|          2|
    |real_start              |   9|          2|    1|          2|
    +------------------------+----+-----------+-----+-----------+
    |Total                   |1188|        264|  132|        264|
    +------------------------+----+-----------+-----+-----------+

    * Register: 
    +----------------+---+----+-----+-----------+
    |      Name      | FF| LUT| Bits| Const Bits|
    +----------------+---+----+-----+-----------+
    |ap_CS_fsm       |  1|   0|    1|          0|
    |ap_done_reg     |  1|   0|    1|          0|
    |start_once_reg  |  1|   0|    1|          0|
    +----------------+---+----+-----+-----------+
    |Total           |  3|   0|    3|          0|
    +----------------+---+----+-----+-----------+



================================================================
== Interface
================================================================
* Summary: 
+-------------------------+-----+-----+------------+---------------------+--------------+
|        RTL Ports        | Dir | Bits|  Protocol  |    Source Object    |    C Type    |
+-------------------------+-----+-----+------------+---------------------+--------------+
|ap_clk                   |   in|    1|  ap_ctrl_hs|  krnl_dot33.entry106|  return value|
|ap_rst                   |   in|    1|  ap_ctrl_hs|  krnl_dot33.entry106|  return value|
|ap_start                 |   in|    1|  ap_ctrl_hs|  krnl_dot33.entry106|  return value|
|start_full_n             |   in|    1|  ap_ctrl_hs|  krnl_dot33.entry106|  return value|
|ap_done                  |  out|    1|  ap_ctrl_hs|  krnl_dot33.entry106|  return value|
|ap_continue              |   in|    1|  ap_ctrl_hs|  krnl_dot33.entry106|  return value|
|ap_idle                  |  out|    1|  ap_ctrl_hs|  krnl_dot33.entry106|  return value|
|ap_ready                 |  out|    1|  ap_ctrl_hs|  krnl_dot33.entry106|  return value|
|start_out                |  out|    1|  ap_ctrl_hs|  krnl_dot33.entry106|  return value|
|start_write              |  out|    1|  ap_ctrl_hs|  krnl_dot33.entry106|  return value|
|p_in1_offset_dout        |   in|    6|     ap_fifo|         p_in1_offset|       pointer|
|p_in1_offset_empty_n     |   in|    1|     ap_fifo|         p_in1_offset|       pointer|
|p_in1_offset_read        |  out|    1|     ap_fifo|         p_in1_offset|       pointer|
|p_in2_0_dout             |   in|   32|     ap_fifo|              p_in2_0|       pointer|
|p_in2_0_empty_n          |   in|    1|     ap_fifo|              p_in2_0|       pointer|
|p_in2_0_read             |  out|    1|     ap_fifo|              p_in2_0|       pointer|
|p_in2_1_dout             |   in|   32|     ap_fifo|              p_in2_1|       pointer|
|p_in2_1_empty_n          |   in|    1|     ap_fifo|              p_in2_1|       pointer|
|p_in2_1_read             |  out|    1|     ap_fifo|              p_in2_1|       pointer|
|p_in2_2_dout             |   in|   32|     ap_fifo|              p_in2_2|       pointer|
|p_in2_2_empty_n          |   in|    1|     ap_fifo|              p_in2_2|       pointer|
|p_in2_2_read             |  out|    1|     ap_fifo|              p_in2_2|       pointer|
|p_in2_3_dout             |   in|   32|     ap_fifo|              p_in2_3|       pointer|
|p_in2_3_empty_n          |   in|    1|     ap_fifo|              p_in2_3|       pointer|
|p_in2_3_read             |  out|    1|     ap_fifo|              p_in2_3|       pointer|
|p_in2_4_dout             |   in|   32|     ap_fifo|              p_in2_4|       pointer|
|p_in2_4_empty_n          |   in|    1|     ap_fifo|              p_in2_4|       pointer|
|p_in2_4_read             |  out|    1|     ap_fifo|              p_in2_4|       pointer|
|p_in2_5_dout             |   in|   32|     ap_fifo|              p_in2_5|       pointer|
|p_in2_5_empty_n          |   in|    1|     ap_fifo|              p_in2_5|       pointer|
|p_in2_5_read             |  out|    1|     ap_fifo|              p_in2_5|       pointer|
|p_in2_6_dout             |   in|   32|     ap_fifo|              p_in2_6|       pointer|
|p_in2_6_empty_n          |   in|    1|     ap_fifo|              p_in2_6|       pointer|
|p_in2_6_read             |  out|    1|     ap_fifo|              p_in2_6|       pointer|
|p_in2_7_dout             |   in|   32|     ap_fifo|              p_in2_7|       pointer|
|p_in2_7_empty_n          |   in|    1|     ap_fifo|              p_in2_7|       pointer|
|p_in2_7_read             |  out|    1|     ap_fifo|              p_in2_7|       pointer|
|p_in2_8_dout             |   in|   32|     ap_fifo|              p_in2_8|       pointer|
|p_in2_8_empty_n          |   in|    1|     ap_fifo|              p_in2_8|       pointer|
|p_in2_8_read             |  out|    1|     ap_fifo|              p_in2_8|       pointer|
|p_in2_9_dout             |   in|   32|     ap_fifo|              p_in2_9|       pointer|
|p_in2_9_empty_n          |   in|    1|     ap_fifo|              p_in2_9|       pointer|
|p_in2_9_read             |  out|    1|     ap_fifo|              p_in2_9|       pointer|
|p_in2_10_dout            |   in|   32|     ap_fifo|             p_in2_10|       pointer|
|p_in2_10_empty_n         |   in|    1|     ap_fifo|             p_in2_10|       pointer|
|p_in2_10_read            |  out|    1|     ap_fifo|             p_in2_10|       pointer|
|p_in2_11_dout            |   in|   32|     ap_fifo|             p_in2_11|       pointer|
|p_in2_11_empty_n         |   in|    1|     ap_fifo|             p_in2_11|       pointer|
|p_in2_11_read            |  out|    1|     ap_fifo|             p_in2_11|       pointer|
|p_in2_12_dout            |   in|   32|     ap_fifo|             p_in2_12|       pointer|
|p_in2_12_empty_n         |   in|    1|     ap_fifo|             p_in2_12|       pointer|
|p_in2_12_read            |  out|    1|     ap_fifo|             p_in2_12|       pointer|
|p_in2_13_dout            |   in|   32|     ap_fifo|             p_in2_13|       pointer|
|p_in2_13_empty_n         |   in|    1|     ap_fifo|             p_in2_13|       pointer|
|p_in2_13_read            |  out|    1|     ap_fifo|             p_in2_13|       pointer|
|p_in2_14_dout            |   in|   32|     ap_fifo|             p_in2_14|       pointer|
|p_in2_14_empty_n         |   in|    1|     ap_fifo|             p_in2_14|       pointer|
|p_in2_14_read            |  out|    1|     ap_fifo|             p_in2_14|       pointer|
|p_in2_15_dout            |   in|   32|     ap_fifo|             p_in2_15|       pointer|
|p_in2_15_empty_n         |   in|    1|     ap_fifo|             p_in2_15|       pointer|
|p_in2_15_read            |  out|    1|     ap_fifo|             p_in2_15|       pointer|
|p_in2_16_dout            |   in|   32|     ap_fifo|             p_in2_16|       pointer|
|p_in2_16_empty_n         |   in|    1|     ap_fifo|             p_in2_16|       pointer|
|p_in2_16_read            |  out|    1|     ap_fifo|             p_in2_16|       pointer|
|p_in2_17_dout            |   in|   32|     ap_fifo|             p_in2_17|       pointer|
|p_in2_17_empty_n         |   in|    1|     ap_fifo|             p_in2_17|       pointer|
|p_in2_17_read            |  out|    1|     ap_fifo|             p_in2_17|       pointer|
|p_in2_18_dout            |   in|   32|     ap_fifo|             p_in2_18|       pointer|
|p_in2_18_empty_n         |   in|    1|     ap_fifo|             p_in2_18|       pointer|
|p_in2_18_read            |  out|    1|     ap_fifo|             p_in2_18|       pointer|
|p_in2_19_dout            |   in|   32|     ap_fifo|             p_in2_19|       pointer|
|p_in2_19_empty_n         |   in|    1|     ap_fifo|             p_in2_19|       pointer|
|p_in2_19_read            |  out|    1|     ap_fifo|             p_in2_19|       pointer|
|p_in2_20_dout            |   in|   32|     ap_fifo|             p_in2_20|       pointer|
|p_in2_20_empty_n         |   in|    1|     ap_fifo|             p_in2_20|       pointer|
|p_in2_20_read            |  out|    1|     ap_fifo|             p_in2_20|       pointer|
|p_in2_21_dout            |   in|   32|     ap_fifo|             p_in2_21|       pointer|
|p_in2_21_empty_n         |   in|    1|     ap_fifo|             p_in2_21|       pointer|
|p_in2_21_read            |  out|    1|     ap_fifo|             p_in2_21|       pointer|
|p_in2_22_dout            |   in|   32|     ap_fifo|             p_in2_22|       pointer|
|p_in2_22_empty_n         |   in|    1|     ap_fifo|             p_in2_22|       pointer|
|p_in2_22_read            |  out|    1|     ap_fifo|             p_in2_22|       pointer|
|p_in2_23_dout            |   in|   32|     ap_fifo|             p_in2_23|       pointer|
|p_in2_23_empty_n         |   in|    1|     ap_fifo|             p_in2_23|       pointer|
|p_in2_23_read            |  out|    1|     ap_fifo|             p_in2_23|       pointer|
|p_in2_24_dout            |   in|   32|     ap_fifo|             p_in2_24|       pointer|
|p_in2_24_empty_n         |   in|    1|     ap_fifo|             p_in2_24|       pointer|
|p_in2_24_read            |  out|    1|     ap_fifo|             p_in2_24|       pointer|
|p_in2_25_dout            |   in|   32|     ap_fifo|             p_in2_25|       pointer|
|p_in2_25_empty_n         |   in|    1|     ap_fifo|             p_in2_25|       pointer|
|p_in2_25_read            |  out|    1|     ap_fifo|             p_in2_25|       pointer|
|p_in2_26_dout            |   in|   32|     ap_fifo|             p_in2_26|       pointer|
|p_in2_26_empty_n         |   in|    1|     ap_fifo|             p_in2_26|       pointer|
|p_in2_26_read            |  out|    1|     ap_fifo|             p_in2_26|       pointer|
|p_in2_27_dout            |   in|   32|     ap_fifo|             p_in2_27|       pointer|
|p_in2_27_empty_n         |   in|    1|     ap_fifo|             p_in2_27|       pointer|
|p_in2_27_read            |  out|    1|     ap_fifo|             p_in2_27|       pointer|
|p_in2_28_dout            |   in|   32|     ap_fifo|             p_in2_28|       pointer|
|p_in2_28_empty_n         |   in|    1|     ap_fifo|             p_in2_28|       pointer|
|p_in2_28_read            |  out|    1|     ap_fifo|             p_in2_28|       pointer|
|p_in2_29_dout            |   in|   32|     ap_fifo|             p_in2_29|       pointer|
|p_in2_29_empty_n         |   in|    1|     ap_fifo|             p_in2_29|       pointer|
|p_in2_29_read            |  out|    1|     ap_fifo|             p_in2_29|       pointer|
|p_in2_30_dout            |   in|   32|     ap_fifo|             p_in2_30|       pointer|
|p_in2_30_empty_n         |   in|    1|     ap_fifo|             p_in2_30|       pointer|
|p_in2_30_read            |  out|    1|     ap_fifo|             p_in2_30|       pointer|
|p_in2_31_dout            |   in|   32|     ap_fifo|             p_in2_31|       pointer|
|p_in2_31_empty_n         |   in|    1|     ap_fifo|             p_in2_31|       pointer|
|p_in2_31_read            |  out|    1|     ap_fifo|             p_in2_31|       pointer|
|p_in2_32_dout            |   in|   32|     ap_fifo|             p_in2_32|       pointer|
|p_in2_32_empty_n         |   in|    1|     ap_fifo|             p_in2_32|       pointer|
|p_in2_32_read            |  out|    1|     ap_fifo|             p_in2_32|       pointer|
|p_in2_33_dout            |   in|   32|     ap_fifo|             p_in2_33|       pointer|
|p_in2_33_empty_n         |   in|    1|     ap_fifo|             p_in2_33|       pointer|
|p_in2_33_read            |  out|    1|     ap_fifo|             p_in2_33|       pointer|
|p_in2_34_dout            |   in|   32|     ap_fifo|             p_in2_34|       pointer|
|p_in2_34_empty_n         |   in|    1|     ap_fifo|             p_in2_34|       pointer|
|p_in2_34_read            |  out|    1|     ap_fifo|             p_in2_34|       pointer|
|p_in2_35_dout            |   in|   32|     ap_fifo|             p_in2_35|       pointer|
|p_in2_35_empty_n         |   in|    1|     ap_fifo|             p_in2_35|       pointer|
|p_in2_35_read            |  out|    1|     ap_fifo|             p_in2_35|       pointer|
|p_in2_36_dout            |   in|   32|     ap_fifo|             p_in2_36|       pointer|
|p_in2_36_empty_n         |   in|    1|     ap_fifo|             p_in2_36|       pointer|
|p_in2_36_read            |  out|    1|     ap_fifo|             p_in2_36|       pointer|
|p_in2_37_dout            |   in|   32|     ap_fifo|             p_in2_37|       pointer|
|p_in2_37_empty_n         |   in|    1|     ap_fifo|             p_in2_37|       pointer|
|p_in2_37_read            |  out|    1|     ap_fifo|             p_in2_37|       pointer|
|p_in2_38_dout            |   in|   32|     ap_fifo|             p_in2_38|       pointer|
|p_in2_38_empty_n         |   in|    1|     ap_fifo|             p_in2_38|       pointer|
|p_in2_38_read            |  out|    1|     ap_fifo|             p_in2_38|       pointer|
|p_in2_39_dout            |   in|   32|     ap_fifo|             p_in2_39|       pointer|
|p_in2_39_empty_n         |   in|    1|     ap_fifo|             p_in2_39|       pointer|
|p_in2_39_read            |  out|    1|     ap_fifo|             p_in2_39|       pointer|
|p_in2_40_dout            |   in|   32|     ap_fifo|             p_in2_40|       pointer|
|p_in2_40_empty_n         |   in|    1|     ap_fifo|             p_in2_40|       pointer|
|p_in2_40_read            |  out|    1|     ap_fifo|             p_in2_40|       pointer|
|p_in2_41_dout            |   in|   32|     ap_fifo|             p_in2_41|       pointer|
|p_in2_41_empty_n         |   in|    1|     ap_fifo|             p_in2_41|       pointer|
|p_in2_41_read            |  out|    1|     ap_fifo|             p_in2_41|       pointer|
|p_in2_42_dout            |   in|   32|     ap_fifo|             p_in2_42|       pointer|
|p_in2_42_empty_n         |   in|    1|     ap_fifo|             p_in2_42|       pointer|
|p_in2_42_read            |  out|    1|     ap_fifo|             p_in2_42|       pointer|
|p_in2_43_dout            |   in|   32|     ap_fifo|             p_in2_43|       pointer|
|p_in2_43_empty_n         |   in|    1|     ap_fifo|             p_in2_43|       pointer|
|p_in2_43_read            |  out|    1|     ap_fifo|             p_in2_43|       pointer|
|p_in2_44_dout            |   in|   32|     ap_fifo|             p_in2_44|       pointer|
|p_in2_44_empty_n         |   in|    1|     ap_fifo|             p_in2_44|       pointer|
|p_in2_44_read            |  out|    1|     ap_fifo|             p_in2_44|       pointer|
|p_in2_45_dout            |   in|   32|     ap_fifo|             p_in2_45|       pointer|
|p_in2_45_empty_n         |   in|    1|     ap_fifo|             p_in2_45|       pointer|
|p_in2_45_read            |  out|    1|     ap_fifo|             p_in2_45|       pointer|
|p_in2_46_dout            |   in|   32|     ap_fifo|             p_in2_46|       pointer|
|p_in2_46_empty_n         |   in|    1|     ap_fifo|             p_in2_46|       pointer|
|p_in2_46_read            |  out|    1|     ap_fifo|             p_in2_46|       pointer|
|p_in2_47_dout            |   in|   32|     ap_fifo|             p_in2_47|       pointer|
|p_in2_47_empty_n         |   in|    1|     ap_fifo|             p_in2_47|       pointer|
|p_in2_47_read            |  out|    1|     ap_fifo|             p_in2_47|       pointer|
|p_in2_48_dout            |   in|   32|     ap_fifo|             p_in2_48|       pointer|
|p_in2_48_empty_n         |   in|    1|     ap_fifo|             p_in2_48|       pointer|
|p_in2_48_read            |  out|    1|     ap_fifo|             p_in2_48|       pointer|
|p_in2_49_dout            |   in|   32|     ap_fifo|             p_in2_49|       pointer|
|p_in2_49_empty_n         |   in|    1|     ap_fifo|             p_in2_49|       pointer|
|p_in2_49_read            |  out|    1|     ap_fifo|             p_in2_49|       pointer|
|p_in2_50_dout            |   in|   32|     ap_fifo|             p_in2_50|       pointer|
|p_in2_50_empty_n         |   in|    1|     ap_fifo|             p_in2_50|       pointer|
|p_in2_50_read            |  out|    1|     ap_fifo|             p_in2_50|       pointer|
|p_in2_51_dout            |   in|   32|     ap_fifo|             p_in2_51|       pointer|
|p_in2_51_empty_n         |   in|    1|     ap_fifo|             p_in2_51|       pointer|
|p_in2_51_read            |  out|    1|     ap_fifo|             p_in2_51|       pointer|
|p_in2_52_dout            |   in|   32|     ap_fifo|             p_in2_52|       pointer|
|p_in2_52_empty_n         |   in|    1|     ap_fifo|             p_in2_52|       pointer|
|p_in2_52_read            |  out|    1|     ap_fifo|             p_in2_52|       pointer|
|p_in2_53_dout            |   in|   32|     ap_fifo|             p_in2_53|       pointer|
|p_in2_53_empty_n         |   in|    1|     ap_fifo|             p_in2_53|       pointer|
|p_in2_53_read            |  out|    1|     ap_fifo|             p_in2_53|       pointer|
|p_in2_54_dout            |   in|   32|     ap_fifo|             p_in2_54|       pointer|
|p_in2_54_empty_n         |   in|    1|     ap_fifo|             p_in2_54|       pointer|
|p_in2_54_read            |  out|    1|     ap_fifo|             p_in2_54|       pointer|
|p_in2_55_dout            |   in|   32|     ap_fifo|             p_in2_55|       pointer|
|p_in2_55_empty_n         |   in|    1|     ap_fifo|             p_in2_55|       pointer|
|p_in2_55_read            |  out|    1|     ap_fifo|             p_in2_55|       pointer|
|p_in2_56_dout            |   in|   32|     ap_fifo|             p_in2_56|       pointer|
|p_in2_56_empty_n         |   in|    1|     ap_fifo|             p_in2_56|       pointer|
|p_in2_56_read            |  out|    1|     ap_fifo|             p_in2_56|       pointer|
|p_in2_57_dout            |   in|   32|     ap_fifo|             p_in2_57|       pointer|
|p_in2_57_empty_n         |   in|    1|     ap_fifo|             p_in2_57|       pointer|
|p_in2_57_read            |  out|    1|     ap_fifo|             p_in2_57|       pointer|
|p_in2_58_dout            |   in|   32|     ap_fifo|             p_in2_58|       pointer|
|p_in2_58_empty_n         |   in|    1|     ap_fifo|             p_in2_58|       pointer|
|p_in2_58_read            |  out|    1|     ap_fifo|             p_in2_58|       pointer|
|p_in2_59_dout            |   in|   32|     ap_fifo|             p_in2_59|       pointer|
|p_in2_59_empty_n         |   in|    1|     ap_fifo|             p_in2_59|       pointer|
|p_in2_59_read            |  out|    1|     ap_fifo|             p_in2_59|       pointer|
|p_in2_60_dout            |   in|   32|     ap_fifo|             p_in2_60|       pointer|
|p_in2_60_empty_n         |   in|    1|     ap_fifo|             p_in2_60|       pointer|
|p_in2_60_read            |  out|    1|     ap_fifo|             p_in2_60|       pointer|
|p_in2_61_dout            |   in|   32|     ap_fifo|             p_in2_61|       pointer|
|p_in2_61_empty_n         |   in|    1|     ap_fifo|             p_in2_61|       pointer|
|p_in2_61_read            |  out|    1|     ap_fifo|             p_in2_61|       pointer|
|p_in2_62_dout            |   in|   32|     ap_fifo|             p_in2_62|       pointer|
|p_in2_62_empty_n         |   in|    1|     ap_fifo|             p_in2_62|       pointer|
|p_in2_62_read            |  out|    1|     ap_fifo|             p_in2_62|       pointer|
|p_in2_63_dout            |   in|   32|     ap_fifo|             p_in2_63|       pointer|
|p_in2_63_empty_n         |   in|    1|     ap_fifo|             p_in2_63|       pointer|
|p_in2_63_read            |  out|    1|     ap_fifo|             p_in2_63|       pointer|
|p_in1_offset_out_din     |  out|    6|     ap_fifo|     p_in1_offset_out|       pointer|
|p_in1_offset_out_full_n  |   in|    1|     ap_fifo|     p_in1_offset_out|       pointer|
|p_in1_offset_out_write   |  out|    1|     ap_fifo|     p_in1_offset_out|       pointer|
|p_in2_0_out_din          |  out|   32|     ap_fifo|          p_in2_0_out|       pointer|
|p_in2_0_out_full_n       |   in|    1|     ap_fifo|          p_in2_0_out|       pointer|
|p_in2_0_out_write        |  out|    1|     ap_fifo|          p_in2_0_out|       pointer|
|p_in2_1_out_din          |  out|   32|     ap_fifo|          p_in2_1_out|       pointer|
|p_in2_1_out_full_n       |   in|    1|     ap_fifo|          p_in2_1_out|       pointer|
|p_in2_1_out_write        |  out|    1|     ap_fifo|          p_in2_1_out|       pointer|
|p_in2_2_out_din          |  out|   32|     ap_fifo|          p_in2_2_out|       pointer|
|p_in2_2_out_full_n       |   in|    1|     ap_fifo|          p_in2_2_out|       pointer|
|p_in2_2_out_write        |  out|    1|     ap_fifo|          p_in2_2_out|       pointer|
|p_in2_3_out_din          |  out|   32|     ap_fifo|          p_in2_3_out|       pointer|
|p_in2_3_out_full_n       |   in|    1|     ap_fifo|          p_in2_3_out|       pointer|
|p_in2_3_out_write        |  out|    1|     ap_fifo|          p_in2_3_out|       pointer|
|p_in2_4_out_din          |  out|   32|     ap_fifo|          p_in2_4_out|       pointer|
|p_in2_4_out_full_n       |   in|    1|     ap_fifo|          p_in2_4_out|       pointer|
|p_in2_4_out_write        |  out|    1|     ap_fifo|          p_in2_4_out|       pointer|
|p_in2_5_out_din          |  out|   32|     ap_fifo|          p_in2_5_out|       pointer|
|p_in2_5_out_full_n       |   in|    1|     ap_fifo|          p_in2_5_out|       pointer|
|p_in2_5_out_write        |  out|    1|     ap_fifo|          p_in2_5_out|       pointer|
|p_in2_6_out_din          |  out|   32|     ap_fifo|          p_in2_6_out|       pointer|
|p_in2_6_out_full_n       |   in|    1|     ap_fifo|          p_in2_6_out|       pointer|
|p_in2_6_out_write        |  out|    1|     ap_fifo|          p_in2_6_out|       pointer|
|p_in2_7_out_din          |  out|   32|     ap_fifo|          p_in2_7_out|       pointer|
|p_in2_7_out_full_n       |   in|    1|     ap_fifo|          p_in2_7_out|       pointer|
|p_in2_7_out_write        |  out|    1|     ap_fifo|          p_in2_7_out|       pointer|
|p_in2_8_out_din          |  out|   32|     ap_fifo|          p_in2_8_out|       pointer|
|p_in2_8_out_full_n       |   in|    1|     ap_fifo|          p_in2_8_out|       pointer|
|p_in2_8_out_write        |  out|    1|     ap_fifo|          p_in2_8_out|       pointer|
|p_in2_9_out_din          |  out|   32|     ap_fifo|          p_in2_9_out|       pointer|
|p_in2_9_out_full_n       |   in|    1|     ap_fifo|          p_in2_9_out|       pointer|
|p_in2_9_out_write        |  out|    1|     ap_fifo|          p_in2_9_out|       pointer|
|p_in2_10_out_din         |  out|   32|     ap_fifo|         p_in2_10_out|       pointer|
|p_in2_10_out_full_n      |   in|    1|     ap_fifo|         p_in2_10_out|       pointer|
|p_in2_10_out_write       |  out|    1|     ap_fifo|         p_in2_10_out|       pointer|
|p_in2_11_out_din         |  out|   32|     ap_fifo|         p_in2_11_out|       pointer|
|p_in2_11_out_full_n      |   in|    1|     ap_fifo|         p_in2_11_out|       pointer|
|p_in2_11_out_write       |  out|    1|     ap_fifo|         p_in2_11_out|       pointer|
|p_in2_12_out_din         |  out|   32|     ap_fifo|         p_in2_12_out|       pointer|
|p_in2_12_out_full_n      |   in|    1|     ap_fifo|         p_in2_12_out|       pointer|
|p_in2_12_out_write       |  out|    1|     ap_fifo|         p_in2_12_out|       pointer|
|p_in2_13_out_din         |  out|   32|     ap_fifo|         p_in2_13_out|       pointer|
|p_in2_13_out_full_n      |   in|    1|     ap_fifo|         p_in2_13_out|       pointer|
|p_in2_13_out_write       |  out|    1|     ap_fifo|         p_in2_13_out|       pointer|
|p_in2_14_out_din         |  out|   32|     ap_fifo|         p_in2_14_out|       pointer|
|p_in2_14_out_full_n      |   in|    1|     ap_fifo|         p_in2_14_out|       pointer|
|p_in2_14_out_write       |  out|    1|     ap_fifo|         p_in2_14_out|       pointer|
|p_in2_15_out_din         |  out|   32|     ap_fifo|         p_in2_15_out|       pointer|
|p_in2_15_out_full_n      |   in|    1|     ap_fifo|         p_in2_15_out|       pointer|
|p_in2_15_out_write       |  out|    1|     ap_fifo|         p_in2_15_out|       pointer|
|p_in2_16_out_din         |  out|   32|     ap_fifo|         p_in2_16_out|       pointer|
|p_in2_16_out_full_n      |   in|    1|     ap_fifo|         p_in2_16_out|       pointer|
|p_in2_16_out_write       |  out|    1|     ap_fifo|         p_in2_16_out|       pointer|
|p_in2_17_out_din         |  out|   32|     ap_fifo|         p_in2_17_out|       pointer|
|p_in2_17_out_full_n      |   in|    1|     ap_fifo|         p_in2_17_out|       pointer|
|p_in2_17_out_write       |  out|    1|     ap_fifo|         p_in2_17_out|       pointer|
|p_in2_18_out_din         |  out|   32|     ap_fifo|         p_in2_18_out|       pointer|
|p_in2_18_out_full_n      |   in|    1|     ap_fifo|         p_in2_18_out|       pointer|
|p_in2_18_out_write       |  out|    1|     ap_fifo|         p_in2_18_out|       pointer|
|p_in2_19_out_din         |  out|   32|     ap_fifo|         p_in2_19_out|       pointer|
|p_in2_19_out_full_n      |   in|    1|     ap_fifo|         p_in2_19_out|       pointer|
|p_in2_19_out_write       |  out|    1|     ap_fifo|         p_in2_19_out|       pointer|
|p_in2_20_out_din         |  out|   32|     ap_fifo|         p_in2_20_out|       pointer|
|p_in2_20_out_full_n      |   in|    1|     ap_fifo|         p_in2_20_out|       pointer|
|p_in2_20_out_write       |  out|    1|     ap_fifo|         p_in2_20_out|       pointer|
|p_in2_21_out_din         |  out|   32|     ap_fifo|         p_in2_21_out|       pointer|
|p_in2_21_out_full_n      |   in|    1|     ap_fifo|         p_in2_21_out|       pointer|
|p_in2_21_out_write       |  out|    1|     ap_fifo|         p_in2_21_out|       pointer|
|p_in2_22_out_din         |  out|   32|     ap_fifo|         p_in2_22_out|       pointer|
|p_in2_22_out_full_n      |   in|    1|     ap_fifo|         p_in2_22_out|       pointer|
|p_in2_22_out_write       |  out|    1|     ap_fifo|         p_in2_22_out|       pointer|
|p_in2_23_out_din         |  out|   32|     ap_fifo|         p_in2_23_out|       pointer|
|p_in2_23_out_full_n      |   in|    1|     ap_fifo|         p_in2_23_out|       pointer|
|p_in2_23_out_write       |  out|    1|     ap_fifo|         p_in2_23_out|       pointer|
|p_in2_24_out_din         |  out|   32|     ap_fifo|         p_in2_24_out|       pointer|
|p_in2_24_out_full_n      |   in|    1|     ap_fifo|         p_in2_24_out|       pointer|
|p_in2_24_out_write       |  out|    1|     ap_fifo|         p_in2_24_out|       pointer|
|p_in2_25_out_din         |  out|   32|     ap_fifo|         p_in2_25_out|       pointer|
|p_in2_25_out_full_n      |   in|    1|     ap_fifo|         p_in2_25_out|       pointer|
|p_in2_25_out_write       |  out|    1|     ap_fifo|         p_in2_25_out|       pointer|
|p_in2_26_out_din         |  out|   32|     ap_fifo|         p_in2_26_out|       pointer|
|p_in2_26_out_full_n      |   in|    1|     ap_fifo|         p_in2_26_out|       pointer|
|p_in2_26_out_write       |  out|    1|     ap_fifo|         p_in2_26_out|       pointer|
|p_in2_27_out_din         |  out|   32|     ap_fifo|         p_in2_27_out|       pointer|
|p_in2_27_out_full_n      |   in|    1|     ap_fifo|         p_in2_27_out|       pointer|
|p_in2_27_out_write       |  out|    1|     ap_fifo|         p_in2_27_out|       pointer|
|p_in2_28_out_din         |  out|   32|     ap_fifo|         p_in2_28_out|       pointer|
|p_in2_28_out_full_n      |   in|    1|     ap_fifo|         p_in2_28_out|       pointer|
|p_in2_28_out_write       |  out|    1|     ap_fifo|         p_in2_28_out|       pointer|
|p_in2_29_out_din         |  out|   32|     ap_fifo|         p_in2_29_out|       pointer|
|p_in2_29_out_full_n      |   in|    1|     ap_fifo|         p_in2_29_out|       pointer|
|p_in2_29_out_write       |  out|    1|     ap_fifo|         p_in2_29_out|       pointer|
|p_in2_30_out_din         |  out|   32|     ap_fifo|         p_in2_30_out|       pointer|
|p_in2_30_out_full_n      |   in|    1|     ap_fifo|         p_in2_30_out|       pointer|
|p_in2_30_out_write       |  out|    1|     ap_fifo|         p_in2_30_out|       pointer|
|p_in2_31_out_din         |  out|   32|     ap_fifo|         p_in2_31_out|       pointer|
|p_in2_31_out_full_n      |   in|    1|     ap_fifo|         p_in2_31_out|       pointer|
|p_in2_31_out_write       |  out|    1|     ap_fifo|         p_in2_31_out|       pointer|
|p_in2_32_out_din         |  out|   32|     ap_fifo|         p_in2_32_out|       pointer|
|p_in2_32_out_full_n      |   in|    1|     ap_fifo|         p_in2_32_out|       pointer|
|p_in2_32_out_write       |  out|    1|     ap_fifo|         p_in2_32_out|       pointer|
|p_in2_33_out_din         |  out|   32|     ap_fifo|         p_in2_33_out|       pointer|
|p_in2_33_out_full_n      |   in|    1|     ap_fifo|         p_in2_33_out|       pointer|
|p_in2_33_out_write       |  out|    1|     ap_fifo|         p_in2_33_out|       pointer|
|p_in2_34_out_din         |  out|   32|     ap_fifo|         p_in2_34_out|       pointer|
|p_in2_34_out_full_n      |   in|    1|     ap_fifo|         p_in2_34_out|       pointer|
|p_in2_34_out_write       |  out|    1|     ap_fifo|         p_in2_34_out|       pointer|
|p_in2_35_out_din         |  out|   32|     ap_fifo|         p_in2_35_out|       pointer|
|p_in2_35_out_full_n      |   in|    1|     ap_fifo|         p_in2_35_out|       pointer|
|p_in2_35_out_write       |  out|    1|     ap_fifo|         p_in2_35_out|       pointer|
|p_in2_36_out_din         |  out|   32|     ap_fifo|         p_in2_36_out|       pointer|
|p_in2_36_out_full_n      |   in|    1|     ap_fifo|         p_in2_36_out|       pointer|
|p_in2_36_out_write       |  out|    1|     ap_fifo|         p_in2_36_out|       pointer|
|p_in2_37_out_din         |  out|   32|     ap_fifo|         p_in2_37_out|       pointer|
|p_in2_37_out_full_n      |   in|    1|     ap_fifo|         p_in2_37_out|       pointer|
|p_in2_37_out_write       |  out|    1|     ap_fifo|         p_in2_37_out|       pointer|
|p_in2_38_out_din         |  out|   32|     ap_fifo|         p_in2_38_out|       pointer|
|p_in2_38_out_full_n      |   in|    1|     ap_fifo|         p_in2_38_out|       pointer|
|p_in2_38_out_write       |  out|    1|     ap_fifo|         p_in2_38_out|       pointer|
|p_in2_39_out_din         |  out|   32|     ap_fifo|         p_in2_39_out|       pointer|
|p_in2_39_out_full_n      |   in|    1|     ap_fifo|         p_in2_39_out|       pointer|
|p_in2_39_out_write       |  out|    1|     ap_fifo|         p_in2_39_out|       pointer|
|p_in2_40_out_din         |  out|   32|     ap_fifo|         p_in2_40_out|       pointer|
|p_in2_40_out_full_n      |   in|    1|     ap_fifo|         p_in2_40_out|       pointer|
|p_in2_40_out_write       |  out|    1|     ap_fifo|         p_in2_40_out|       pointer|
|p_in2_41_out_din         |  out|   32|     ap_fifo|         p_in2_41_out|       pointer|
|p_in2_41_out_full_n      |   in|    1|     ap_fifo|         p_in2_41_out|       pointer|
|p_in2_41_out_write       |  out|    1|     ap_fifo|         p_in2_41_out|       pointer|
|p_in2_42_out_din         |  out|   32|     ap_fifo|         p_in2_42_out|       pointer|
|p_in2_42_out_full_n      |   in|    1|     ap_fifo|         p_in2_42_out|       pointer|
|p_in2_42_out_write       |  out|    1|     ap_fifo|         p_in2_42_out|       pointer|
|p_in2_43_out_din         |  out|   32|     ap_fifo|         p_in2_43_out|       pointer|
|p_in2_43_out_full_n      |   in|    1|     ap_fifo|         p_in2_43_out|       pointer|
|p_in2_43_out_write       |  out|    1|     ap_fifo|         p_in2_43_out|       pointer|
|p_in2_44_out_din         |  out|   32|     ap_fifo|         p_in2_44_out|       pointer|
|p_in2_44_out_full_n      |   in|    1|     ap_fifo|         p_in2_44_out|       pointer|
|p_in2_44_out_write       |  out|    1|     ap_fifo|         p_in2_44_out|       pointer|
|p_in2_45_out_din         |  out|   32|     ap_fifo|         p_in2_45_out|       pointer|
|p_in2_45_out_full_n      |   in|    1|     ap_fifo|         p_in2_45_out|       pointer|
|p_in2_45_out_write       |  out|    1|     ap_fifo|         p_in2_45_out|       pointer|
|p_in2_46_out_din         |  out|   32|     ap_fifo|         p_in2_46_out|       pointer|
|p_in2_46_out_full_n      |   in|    1|     ap_fifo|         p_in2_46_out|       pointer|
|p_in2_46_out_write       |  out|    1|     ap_fifo|         p_in2_46_out|       pointer|
|p_in2_47_out_din         |  out|   32|     ap_fifo|         p_in2_47_out|       pointer|
|p_in2_47_out_full_n      |   in|    1|     ap_fifo|         p_in2_47_out|       pointer|
|p_in2_47_out_write       |  out|    1|     ap_fifo|         p_in2_47_out|       pointer|
|p_in2_48_out_din         |  out|   32|     ap_fifo|         p_in2_48_out|       pointer|
|p_in2_48_out_full_n      |   in|    1|     ap_fifo|         p_in2_48_out|       pointer|
|p_in2_48_out_write       |  out|    1|     ap_fifo|         p_in2_48_out|       pointer|
|p_in2_49_out_din         |  out|   32|     ap_fifo|         p_in2_49_out|       pointer|
|p_in2_49_out_full_n      |   in|    1|     ap_fifo|         p_in2_49_out|       pointer|
|p_in2_49_out_write       |  out|    1|     ap_fifo|         p_in2_49_out|       pointer|
|p_in2_50_out_din         |  out|   32|     ap_fifo|         p_in2_50_out|       pointer|
|p_in2_50_out_full_n      |   in|    1|     ap_fifo|         p_in2_50_out|       pointer|
|p_in2_50_out_write       |  out|    1|     ap_fifo|         p_in2_50_out|       pointer|
|p_in2_51_out_din         |  out|   32|     ap_fifo|         p_in2_51_out|       pointer|
|p_in2_51_out_full_n      |   in|    1|     ap_fifo|         p_in2_51_out|       pointer|
|p_in2_51_out_write       |  out|    1|     ap_fifo|         p_in2_51_out|       pointer|
|p_in2_52_out_din         |  out|   32|     ap_fifo|         p_in2_52_out|       pointer|
|p_in2_52_out_full_n      |   in|    1|     ap_fifo|         p_in2_52_out|       pointer|
|p_in2_52_out_write       |  out|    1|     ap_fifo|         p_in2_52_out|       pointer|
|p_in2_53_out_din         |  out|   32|     ap_fifo|         p_in2_53_out|       pointer|
|p_in2_53_out_full_n      |   in|    1|     ap_fifo|         p_in2_53_out|       pointer|
|p_in2_53_out_write       |  out|    1|     ap_fifo|         p_in2_53_out|       pointer|
|p_in2_54_out_din         |  out|   32|     ap_fifo|         p_in2_54_out|       pointer|
|p_in2_54_out_full_n      |   in|    1|     ap_fifo|         p_in2_54_out|       pointer|
|p_in2_54_out_write       |  out|    1|     ap_fifo|         p_in2_54_out|       pointer|
|p_in2_55_out_din         |  out|   32|     ap_fifo|         p_in2_55_out|       pointer|
|p_in2_55_out_full_n      |   in|    1|     ap_fifo|         p_in2_55_out|       pointer|
|p_in2_55_out_write       |  out|    1|     ap_fifo|         p_in2_55_out|       pointer|
|p_in2_56_out_din         |  out|   32|     ap_fifo|         p_in2_56_out|       pointer|
|p_in2_56_out_full_n      |   in|    1|     ap_fifo|         p_in2_56_out|       pointer|
|p_in2_56_out_write       |  out|    1|     ap_fifo|         p_in2_56_out|       pointer|
|p_in2_57_out_din         |  out|   32|     ap_fifo|         p_in2_57_out|       pointer|
|p_in2_57_out_full_n      |   in|    1|     ap_fifo|         p_in2_57_out|       pointer|
|p_in2_57_out_write       |  out|    1|     ap_fifo|         p_in2_57_out|       pointer|
|p_in2_58_out_din         |  out|   32|     ap_fifo|         p_in2_58_out|       pointer|
|p_in2_58_out_full_n      |   in|    1|     ap_fifo|         p_in2_58_out|       pointer|
|p_in2_58_out_write       |  out|    1|     ap_fifo|         p_in2_58_out|       pointer|
|p_in2_59_out_din         |  out|   32|     ap_fifo|         p_in2_59_out|       pointer|
|p_in2_59_out_full_n      |   in|    1|     ap_fifo|         p_in2_59_out|       pointer|
|p_in2_59_out_write       |  out|    1|     ap_fifo|         p_in2_59_out|       pointer|
|p_in2_60_out_din         |  out|   32|     ap_fifo|         p_in2_60_out|       pointer|
|p_in2_60_out_full_n      |   in|    1|     ap_fifo|         p_in2_60_out|       pointer|
|p_in2_60_out_write       |  out|    1|     ap_fifo|         p_in2_60_out|       pointer|
|p_in2_61_out_din         |  out|   32|     ap_fifo|         p_in2_61_out|       pointer|
|p_in2_61_out_full_n      |   in|    1|     ap_fifo|         p_in2_61_out|       pointer|
|p_in2_61_out_write       |  out|    1|     ap_fifo|         p_in2_61_out|       pointer|
|p_in2_62_out_din         |  out|   32|     ap_fifo|         p_in2_62_out|       pointer|
|p_in2_62_out_full_n      |   in|    1|     ap_fifo|         p_in2_62_out|       pointer|
|p_in2_62_out_write       |  out|    1|     ap_fifo|         p_in2_62_out|       pointer|
|p_in2_63_out_din         |  out|   32|     ap_fifo|         p_in2_63_out|       pointer|
|p_in2_63_out_full_n      |   in|    1|     ap_fifo|         p_in2_63_out|       pointer|
|p_in2_63_out_write       |  out|    1|     ap_fifo|         p_in2_63_out|       pointer|
+-------------------------+-----+-----+------------+---------------------+--------------+

