

================================================================
== Vitis HLS Report for 'krnl_dot_1_entry139'
================================================================
* Date:           Mon May 24 12:53:35 2021

* Version:        2020.2 (Build 3064766 on Wed Nov 18 09:12:47 MST 2020)
* Project:        krnl_lstm
* Solution:       solution (Vitis Kernel Flow Target)
* Product family: zynq
* Target device:  xc7z045-ffg900-2


================================================================
== Performance Estimates
================================================================
+ Timing: 
    * Summary: 
    +--------+----------+----------+------------+
    |  Clock |  Target  | Estimated| Uncertainty|
    +--------+----------+----------+------------+
    |ap_clk  |  10.00 ns|  3.401 ns|     2.70 ns|
    +--------+----------+----------+------------+

+ Latency: 
    * Summary: 
    +---------+---------+----------+----------+-----+-----+---------+
    |  Latency (cycles) |  Latency (absolute) |  Interval | Pipeline|
    |   min   |   max   |    min   |    max   | min | max |   Type  |
    +---------+---------+----------+----------+-----+-----+---------+
    |        0|        0|      0 ns|      0 ns|    0|    0|     none|
    +---------+---------+----------+----------+-----+-----+---------+

    + Detail: 
        * Instance: 
        N/A

        * Loop: 
        N/A



================================================================
== Utilization Estimates
================================================================
* Summary: 
+-----------------+---------+-----+--------+--------+-----+
|       Name      | BRAM_18K| DSP |   FF   |   LUT  | URAM|
+-----------------+---------+-----+--------+--------+-----+
|DSP              |        -|    -|       -|       -|    -|
|Expression       |        -|    -|       0|       1|    -|
|FIFO             |        -|    -|       -|       -|    -|
|Instance         |        -|    -|       -|       -|    -|
|Memory           |        -|    -|       -|       -|    -|
|Multiplexer      |        -|    -|       -|     603|    -|
|Register         |        -|    -|       3|       -|    -|
+-----------------+---------+-----+--------+--------+-----+
|Total            |        0|    0|       3|     604|    0|
+-----------------+---------+-----+--------+--------+-----+
|Available        |     1090|  900|  437200|  218600|    0|
+-----------------+---------+-----+--------+--------+-----+
|Utilization (%)  |        0|    0|      ~0|      ~0|    0|
+-----------------+---------+-----+--------+--------+-----+

+ Detail: 
    * Instance: 
    N/A

    * DSP: 
    N/A

    * Memory: 
    N/A

    * FIFO: 
    N/A

    * Expression: 
    +-----------------+----------+----+---+----+------------+------------+
    |  Variable Name  | Operation| DSP| FF| LUT| Bitwidth P0| Bitwidth P1|
    +-----------------+----------+----+---+----+------------+------------+
    |ap_block_state1  |        or|   0|  0|   1|           1|           1|
    +-----------------+----------+----+---+----+------------+------------+
    |Total            |          |   0|  0|   1|           1|           1|
    +-----------------+----------+----+---+----+------------+------------+

    * Multiplexer: 
    +------------------------+----+-----------+-----+-----------+
    |          Name          | LUT| Input Size| Bits| Total Bits|
    +------------------------+----+-----------+-----+-----------+
    |ap_done                 |   9|          2|    1|          2|
    |p_in1_0_out_blk_n       |   9|          2|    1|          2|
    |p_in1_10_out_blk_n      |   9|          2|    1|          2|
    |p_in1_11_out_blk_n      |   9|          2|    1|          2|
    |p_in1_12_out_blk_n      |   9|          2|    1|          2|
    |p_in1_13_out_blk_n      |   9|          2|    1|          2|
    |p_in1_14_out_blk_n      |   9|          2|    1|          2|
    |p_in1_15_out_blk_n      |   9|          2|    1|          2|
    |p_in1_16_out_blk_n      |   9|          2|    1|          2|
    |p_in1_17_out_blk_n      |   9|          2|    1|          2|
    |p_in1_18_out_blk_n      |   9|          2|    1|          2|
    |p_in1_19_out_blk_n      |   9|          2|    1|          2|
    |p_in1_1_out_blk_n       |   9|          2|    1|          2|
    |p_in1_20_out_blk_n      |   9|          2|    1|          2|
    |p_in1_21_out_blk_n      |   9|          2|    1|          2|
    |p_in1_22_out_blk_n      |   9|          2|    1|          2|
    |p_in1_23_out_blk_n      |   9|          2|    1|          2|
    |p_in1_24_out_blk_n      |   9|          2|    1|          2|
    |p_in1_25_out_blk_n      |   9|          2|    1|          2|
    |p_in1_26_out_blk_n      |   9|          2|    1|          2|
    |p_in1_27_out_blk_n      |   9|          2|    1|          2|
    |p_in1_28_out_blk_n      |   9|          2|    1|          2|
    |p_in1_29_out_blk_n      |   9|          2|    1|          2|
    |p_in1_2_out_blk_n       |   9|          2|    1|          2|
    |p_in1_30_out_blk_n      |   9|          2|    1|          2|
    |p_in1_31_out_blk_n      |   9|          2|    1|          2|
    |p_in1_32_out_blk_n      |   9|          2|    1|          2|
    |p_in1_33_out_blk_n      |   9|          2|    1|          2|
    |p_in1_34_out_blk_n      |   9|          2|    1|          2|
    |p_in1_35_out_blk_n      |   9|          2|    1|          2|
    |p_in1_36_out_blk_n      |   9|          2|    1|          2|
    |p_in1_37_out_blk_n      |   9|          2|    1|          2|
    |p_in1_38_out_blk_n      |   9|          2|    1|          2|
    |p_in1_39_out_blk_n      |   9|          2|    1|          2|
    |p_in1_3_out_blk_n       |   9|          2|    1|          2|
    |p_in1_40_out_blk_n      |   9|          2|    1|          2|
    |p_in1_41_out_blk_n      |   9|          2|    1|          2|
    |p_in1_42_out_blk_n      |   9|          2|    1|          2|
    |p_in1_43_out_blk_n      |   9|          2|    1|          2|
    |p_in1_44_out_blk_n      |   9|          2|    1|          2|
    |p_in1_45_out_blk_n      |   9|          2|    1|          2|
    |p_in1_46_out_blk_n      |   9|          2|    1|          2|
    |p_in1_47_out_blk_n      |   9|          2|    1|          2|
    |p_in1_48_out_blk_n      |   9|          2|    1|          2|
    |p_in1_49_out_blk_n      |   9|          2|    1|          2|
    |p_in1_4_out_blk_n       |   9|          2|    1|          2|
    |p_in1_50_out_blk_n      |   9|          2|    1|          2|
    |p_in1_51_out_blk_n      |   9|          2|    1|          2|
    |p_in1_52_out_blk_n      |   9|          2|    1|          2|
    |p_in1_53_out_blk_n      |   9|          2|    1|          2|
    |p_in1_54_out_blk_n      |   9|          2|    1|          2|
    |p_in1_55_out_blk_n      |   9|          2|    1|          2|
    |p_in1_56_out_blk_n      |   9|          2|    1|          2|
    |p_in1_57_out_blk_n      |   9|          2|    1|          2|
    |p_in1_58_out_blk_n      |   9|          2|    1|          2|
    |p_in1_59_out_blk_n      |   9|          2|    1|          2|
    |p_in1_5_out_blk_n       |   9|          2|    1|          2|
    |p_in1_60_out_blk_n      |   9|          2|    1|          2|
    |p_in1_61_out_blk_n      |   9|          2|    1|          2|
    |p_in1_62_out_blk_n      |   9|          2|    1|          2|
    |p_in1_63_out_blk_n      |   9|          2|    1|          2|
    |p_in1_6_out_blk_n       |   9|          2|    1|          2|
    |p_in1_7_out_blk_n       |   9|          2|    1|          2|
    |p_in1_8_out_blk_n       |   9|          2|    1|          2|
    |p_in1_9_out_blk_n       |   9|          2|    1|          2|
    |p_in2_offset_out_blk_n  |   9|          2|    1|          2|
    |real_start              |   9|          2|    1|          2|
    +------------------------+----+-----------+-----+-----------+
    |Total                   | 603|        134|   67|        134|
    +------------------------+----+-----------+-----+-----------+

    * Register: 
    +----------------+---+----+-----+-----------+
    |      Name      | FF| LUT| Bits| Const Bits|
    +----------------+---+----+-----+-----------+
    |ap_CS_fsm       |  1|   0|    1|          0|
    |ap_done_reg     |  1|   0|    1|          0|
    |start_once_reg  |  1|   0|    1|          0|
    +----------------+---+----+-----+-----------+
    |Total           |  3|   0|    3|          0|
    +----------------+---+----+-----+-----------+



================================================================
== Interface
================================================================
* Summary: 
+-------------------------+-----+-----+------------+---------------------+--------------+
|        RTL Ports        | Dir | Bits|  Protocol  |    Source Object    |    C Type    |
+-------------------------+-----+-----+------------+---------------------+--------------+
|ap_clk                   |   in|    1|  ap_ctrl_hs|  krnl_dot.1.entry139|  return value|
|ap_rst                   |   in|    1|  ap_ctrl_hs|  krnl_dot.1.entry139|  return value|
|ap_start                 |   in|    1|  ap_ctrl_hs|  krnl_dot.1.entry139|  return value|
|start_full_n             |   in|    1|  ap_ctrl_hs|  krnl_dot.1.entry139|  return value|
|ap_done                  |  out|    1|  ap_ctrl_hs|  krnl_dot.1.entry139|  return value|
|ap_continue              |   in|    1|  ap_ctrl_hs|  krnl_dot.1.entry139|  return value|
|ap_idle                  |  out|    1|  ap_ctrl_hs|  krnl_dot.1.entry139|  return value|
|ap_ready                 |  out|    1|  ap_ctrl_hs|  krnl_dot.1.entry139|  return value|
|start_out                |  out|    1|  ap_ctrl_hs|  krnl_dot.1.entry139|  return value|
|start_write              |  out|    1|  ap_ctrl_hs|  krnl_dot.1.entry139|  return value|
|p_read                   |   in|   32|     ap_none|               p_read|        scalar|
|p_read1                  |   in|   32|     ap_none|              p_read1|        scalar|
|p_read2                  |   in|   32|     ap_none|              p_read2|        scalar|
|p_read3                  |   in|   32|     ap_none|              p_read3|        scalar|
|p_read4                  |   in|   32|     ap_none|              p_read4|        scalar|
|p_read5                  |   in|   32|     ap_none|              p_read5|        scalar|
|p_read6                  |   in|   32|     ap_none|              p_read6|        scalar|
|p_read7                  |   in|   32|     ap_none|              p_read7|        scalar|
|p_read8                  |   in|   32|     ap_none|              p_read8|        scalar|
|p_read9                  |   in|   32|     ap_none|              p_read9|        scalar|
|p_read10                 |   in|   32|     ap_none|             p_read10|        scalar|
|p_read11                 |   in|   32|     ap_none|             p_read11|        scalar|
|p_read12                 |   in|   32|     ap_none|             p_read12|        scalar|
|p_read13                 |   in|   32|     ap_none|             p_read13|        scalar|
|p_read14                 |   in|   32|     ap_none|             p_read14|        scalar|
|p_read15                 |   in|   32|     ap_none|             p_read15|        scalar|
|p_read16                 |   in|   32|     ap_none|             p_read16|        scalar|
|p_read17                 |   in|   32|     ap_none|             p_read17|        scalar|
|p_read18                 |   in|   32|     ap_none|             p_read18|        scalar|
|p_read19                 |   in|   32|     ap_none|             p_read19|        scalar|
|p_read20                 |   in|   32|     ap_none|             p_read20|        scalar|
|p_read21                 |   in|   32|     ap_none|             p_read21|        scalar|
|p_read22                 |   in|   32|     ap_none|             p_read22|        scalar|
|p_read23                 |   in|   32|     ap_none|             p_read23|        scalar|
|p_read24                 |   in|   32|     ap_none|             p_read24|        scalar|
|p_read25                 |   in|   32|     ap_none|             p_read25|        scalar|
|p_read26                 |   in|   32|     ap_none|             p_read26|        scalar|
|p_read27                 |   in|   32|     ap_none|             p_read27|        scalar|
|p_read28                 |   in|   32|     ap_none|             p_read28|        scalar|
|p_read29                 |   in|   32|     ap_none|             p_read29|        scalar|
|p_read30                 |   in|   32|     ap_none|             p_read30|        scalar|
|p_read31                 |   in|   32|     ap_none|             p_read31|        scalar|
|p_read32                 |   in|   32|     ap_none|             p_read32|        scalar|
|p_read33                 |   in|   32|     ap_none|             p_read33|        scalar|
|p_read34                 |   in|   32|     ap_none|             p_read34|        scalar|
|p_read35                 |   in|   32|     ap_none|             p_read35|        scalar|
|p_read36                 |   in|   32|     ap_none|             p_read36|        scalar|
|p_read37                 |   in|   32|     ap_none|             p_read37|        scalar|
|p_read38                 |   in|   32|     ap_none|             p_read38|        scalar|
|p_read39                 |   in|   32|     ap_none|             p_read39|        scalar|
|p_read40                 |   in|   32|     ap_none|             p_read40|        scalar|
|p_read41                 |   in|   32|     ap_none|             p_read41|        scalar|
|p_read42                 |   in|   32|     ap_none|             p_read42|        scalar|
|p_read43                 |   in|   32|     ap_none|             p_read43|        scalar|
|p_read44                 |   in|   32|     ap_none|             p_read44|        scalar|
|p_read45                 |   in|   32|     ap_none|             p_read45|        scalar|
|p_read46                 |   in|   32|     ap_none|             p_read46|        scalar|
|p_read47                 |   in|   32|     ap_none|             p_read47|        scalar|
|p_read48                 |   in|   32|     ap_none|             p_read48|        scalar|
|p_read49                 |   in|   32|     ap_none|             p_read49|        scalar|
|p_read50                 |   in|   32|     ap_none|             p_read50|        scalar|
|p_read51                 |   in|   32|     ap_none|             p_read51|        scalar|
|p_read52                 |   in|   32|     ap_none|             p_read52|        scalar|
|p_read53                 |   in|   32|     ap_none|             p_read53|        scalar|
|p_read54                 |   in|   32|     ap_none|             p_read54|        scalar|
|p_read55                 |   in|   32|     ap_none|             p_read55|        scalar|
|p_read56                 |   in|   32|     ap_none|             p_read56|        scalar|
|p_read57                 |   in|   32|     ap_none|             p_read57|        scalar|
|p_read58                 |   in|   32|     ap_none|             p_read58|        scalar|
|p_read59                 |   in|   32|     ap_none|             p_read59|        scalar|
|p_read60                 |   in|   32|     ap_none|             p_read60|        scalar|
|p_read61                 |   in|   32|     ap_none|             p_read61|        scalar|
|p_read62                 |   in|   32|     ap_none|             p_read62|        scalar|
|p_read63                 |   in|   32|     ap_none|             p_read63|        scalar|
|p_in2_offset             |   in|    4|     ap_none|         p_in2_offset|        scalar|
|p_in1_0_out_din          |  out|   32|     ap_fifo|          p_in1_0_out|       pointer|
|p_in1_0_out_full_n       |   in|    1|     ap_fifo|          p_in1_0_out|       pointer|
|p_in1_0_out_write        |  out|    1|     ap_fifo|          p_in1_0_out|       pointer|
|p_in1_1_out_din          |  out|   32|     ap_fifo|          p_in1_1_out|       pointer|
|p_in1_1_out_full_n       |   in|    1|     ap_fifo|          p_in1_1_out|       pointer|
|p_in1_1_out_write        |  out|    1|     ap_fifo|          p_in1_1_out|       pointer|
|p_in1_2_out_din          |  out|   32|     ap_fifo|          p_in1_2_out|       pointer|
|p_in1_2_out_full_n       |   in|    1|     ap_fifo|          p_in1_2_out|       pointer|
|p_in1_2_out_write        |  out|    1|     ap_fifo|          p_in1_2_out|       pointer|
|p_in1_3_out_din          |  out|   32|     ap_fifo|          p_in1_3_out|       pointer|
|p_in1_3_out_full_n       |   in|    1|     ap_fifo|          p_in1_3_out|       pointer|
|p_in1_3_out_write        |  out|    1|     ap_fifo|          p_in1_3_out|       pointer|
|p_in1_4_out_din          |  out|   32|     ap_fifo|          p_in1_4_out|       pointer|
|p_in1_4_out_full_n       |   in|    1|     ap_fifo|          p_in1_4_out|       pointer|
|p_in1_4_out_write        |  out|    1|     ap_fifo|          p_in1_4_out|       pointer|
|p_in1_5_out_din          |  out|   32|     ap_fifo|          p_in1_5_out|       pointer|
|p_in1_5_out_full_n       |   in|    1|     ap_fifo|          p_in1_5_out|       pointer|
|p_in1_5_out_write        |  out|    1|     ap_fifo|          p_in1_5_out|       pointer|
|p_in1_6_out_din          |  out|   32|     ap_fifo|          p_in1_6_out|       pointer|
|p_in1_6_out_full_n       |   in|    1|     ap_fifo|          p_in1_6_out|       pointer|
|p_in1_6_out_write        |  out|    1|     ap_fifo|          p_in1_6_out|       pointer|
|p_in1_7_out_din          |  out|   32|     ap_fifo|          p_in1_7_out|       pointer|
|p_in1_7_out_full_n       |   in|    1|     ap_fifo|          p_in1_7_out|       pointer|
|p_in1_7_out_write        |  out|    1|     ap_fifo|          p_in1_7_out|       pointer|
|p_in1_8_out_din          |  out|   32|     ap_fifo|          p_in1_8_out|       pointer|
|p_in1_8_out_full_n       |   in|    1|     ap_fifo|          p_in1_8_out|       pointer|
|p_in1_8_out_write        |  out|    1|     ap_fifo|          p_in1_8_out|       pointer|
|p_in1_9_out_din          |  out|   32|     ap_fifo|          p_in1_9_out|       pointer|
|p_in1_9_out_full_n       |   in|    1|     ap_fifo|          p_in1_9_out|       pointer|
|p_in1_9_out_write        |  out|    1|     ap_fifo|          p_in1_9_out|       pointer|
|p_in1_10_out_din         |  out|   32|     ap_fifo|         p_in1_10_out|       pointer|
|p_in1_10_out_full_n      |   in|    1|     ap_fifo|         p_in1_10_out|       pointer|
|p_in1_10_out_write       |  out|    1|     ap_fifo|         p_in1_10_out|       pointer|
|p_in1_11_out_din         |  out|   32|     ap_fifo|         p_in1_11_out|       pointer|
|p_in1_11_out_full_n      |   in|    1|     ap_fifo|         p_in1_11_out|       pointer|
|p_in1_11_out_write       |  out|    1|     ap_fifo|         p_in1_11_out|       pointer|
|p_in1_12_out_din         |  out|   32|     ap_fifo|         p_in1_12_out|       pointer|
|p_in1_12_out_full_n      |   in|    1|     ap_fifo|         p_in1_12_out|       pointer|
|p_in1_12_out_write       |  out|    1|     ap_fifo|         p_in1_12_out|       pointer|
|p_in1_13_out_din         |  out|   32|     ap_fifo|         p_in1_13_out|       pointer|
|p_in1_13_out_full_n      |   in|    1|     ap_fifo|         p_in1_13_out|       pointer|
|p_in1_13_out_write       |  out|    1|     ap_fifo|         p_in1_13_out|       pointer|
|p_in1_14_out_din         |  out|   32|     ap_fifo|         p_in1_14_out|       pointer|
|p_in1_14_out_full_n      |   in|    1|     ap_fifo|         p_in1_14_out|       pointer|
|p_in1_14_out_write       |  out|    1|     ap_fifo|         p_in1_14_out|       pointer|
|p_in1_15_out_din         |  out|   32|     ap_fifo|         p_in1_15_out|       pointer|
|p_in1_15_out_full_n      |   in|    1|     ap_fifo|         p_in1_15_out|       pointer|
|p_in1_15_out_write       |  out|    1|     ap_fifo|         p_in1_15_out|       pointer|
|p_in1_16_out_din         |  out|   32|     ap_fifo|         p_in1_16_out|       pointer|
|p_in1_16_out_full_n      |   in|    1|     ap_fifo|         p_in1_16_out|       pointer|
|p_in1_16_out_write       |  out|    1|     ap_fifo|         p_in1_16_out|       pointer|
|p_in1_17_out_din         |  out|   32|     ap_fifo|         p_in1_17_out|       pointer|
|p_in1_17_out_full_n      |   in|    1|     ap_fifo|         p_in1_17_out|       pointer|
|p_in1_17_out_write       |  out|    1|     ap_fifo|         p_in1_17_out|       pointer|
|p_in1_18_out_din         |  out|   32|     ap_fifo|         p_in1_18_out|       pointer|
|p_in1_18_out_full_n      |   in|    1|     ap_fifo|         p_in1_18_out|       pointer|
|p_in1_18_out_write       |  out|    1|     ap_fifo|         p_in1_18_out|       pointer|
|p_in1_19_out_din         |  out|   32|     ap_fifo|         p_in1_19_out|       pointer|
|p_in1_19_out_full_n      |   in|    1|     ap_fifo|         p_in1_19_out|       pointer|
|p_in1_19_out_write       |  out|    1|     ap_fifo|         p_in1_19_out|       pointer|
|p_in1_20_out_din         |  out|   32|     ap_fifo|         p_in1_20_out|       pointer|
|p_in1_20_out_full_n      |   in|    1|     ap_fifo|         p_in1_20_out|       pointer|
|p_in1_20_out_write       |  out|    1|     ap_fifo|         p_in1_20_out|       pointer|
|p_in1_21_out_din         |  out|   32|     ap_fifo|         p_in1_21_out|       pointer|
|p_in1_21_out_full_n      |   in|    1|     ap_fifo|         p_in1_21_out|       pointer|
|p_in1_21_out_write       |  out|    1|     ap_fifo|         p_in1_21_out|       pointer|
|p_in1_22_out_din         |  out|   32|     ap_fifo|         p_in1_22_out|       pointer|
|p_in1_22_out_full_n      |   in|    1|     ap_fifo|         p_in1_22_out|       pointer|
|p_in1_22_out_write       |  out|    1|     ap_fifo|         p_in1_22_out|       pointer|
|p_in1_23_out_din         |  out|   32|     ap_fifo|         p_in1_23_out|       pointer|
|p_in1_23_out_full_n      |   in|    1|     ap_fifo|         p_in1_23_out|       pointer|
|p_in1_23_out_write       |  out|    1|     ap_fifo|         p_in1_23_out|       pointer|
|p_in1_24_out_din         |  out|   32|     ap_fifo|         p_in1_24_out|       pointer|
|p_in1_24_out_full_n      |   in|    1|     ap_fifo|         p_in1_24_out|       pointer|
|p_in1_24_out_write       |  out|    1|     ap_fifo|         p_in1_24_out|       pointer|
|p_in1_25_out_din         |  out|   32|     ap_fifo|         p_in1_25_out|       pointer|
|p_in1_25_out_full_n      |   in|    1|     ap_fifo|         p_in1_25_out|       pointer|
|p_in1_25_out_write       |  out|    1|     ap_fifo|         p_in1_25_out|       pointer|
|p_in1_26_out_din         |  out|   32|     ap_fifo|         p_in1_26_out|       pointer|
|p_in1_26_out_full_n      |   in|    1|     ap_fifo|         p_in1_26_out|       pointer|
|p_in1_26_out_write       |  out|    1|     ap_fifo|         p_in1_26_out|       pointer|
|p_in1_27_out_din         |  out|   32|     ap_fifo|         p_in1_27_out|       pointer|
|p_in1_27_out_full_n      |   in|    1|     ap_fifo|         p_in1_27_out|       pointer|
|p_in1_27_out_write       |  out|    1|     ap_fifo|         p_in1_27_out|       pointer|
|p_in1_28_out_din         |  out|   32|     ap_fifo|         p_in1_28_out|       pointer|
|p_in1_28_out_full_n      |   in|    1|     ap_fifo|         p_in1_28_out|       pointer|
|p_in1_28_out_write       |  out|    1|     ap_fifo|         p_in1_28_out|       pointer|
|p_in1_29_out_din         |  out|   32|     ap_fifo|         p_in1_29_out|       pointer|
|p_in1_29_out_full_n      |   in|    1|     ap_fifo|         p_in1_29_out|       pointer|
|p_in1_29_out_write       |  out|    1|     ap_fifo|         p_in1_29_out|       pointer|
|p_in1_30_out_din         |  out|   32|     ap_fifo|         p_in1_30_out|       pointer|
|p_in1_30_out_full_n      |   in|    1|     ap_fifo|         p_in1_30_out|       pointer|
|p_in1_30_out_write       |  out|    1|     ap_fifo|         p_in1_30_out|       pointer|
|p_in1_31_out_din         |  out|   32|     ap_fifo|         p_in1_31_out|       pointer|
|p_in1_31_out_full_n      |   in|    1|     ap_fifo|         p_in1_31_out|       pointer|
|p_in1_31_out_write       |  out|    1|     ap_fifo|         p_in1_31_out|       pointer|
|p_in1_32_out_din         |  out|   32|     ap_fifo|         p_in1_32_out|       pointer|
|p_in1_32_out_full_n      |   in|    1|     ap_fifo|         p_in1_32_out|       pointer|
|p_in1_32_out_write       |  out|    1|     ap_fifo|         p_in1_32_out|       pointer|
|p_in1_33_out_din         |  out|   32|     ap_fifo|         p_in1_33_out|       pointer|
|p_in1_33_out_full_n      |   in|    1|     ap_fifo|         p_in1_33_out|       pointer|
|p_in1_33_out_write       |  out|    1|     ap_fifo|         p_in1_33_out|       pointer|
|p_in1_34_out_din         |  out|   32|     ap_fifo|         p_in1_34_out|       pointer|
|p_in1_34_out_full_n      |   in|    1|     ap_fifo|         p_in1_34_out|       pointer|
|p_in1_34_out_write       |  out|    1|     ap_fifo|         p_in1_34_out|       pointer|
|p_in1_35_out_din         |  out|   32|     ap_fifo|         p_in1_35_out|       pointer|
|p_in1_35_out_full_n      |   in|    1|     ap_fifo|         p_in1_35_out|       pointer|
|p_in1_35_out_write       |  out|    1|     ap_fifo|         p_in1_35_out|       pointer|
|p_in1_36_out_din         |  out|   32|     ap_fifo|         p_in1_36_out|       pointer|
|p_in1_36_out_full_n      |   in|    1|     ap_fifo|         p_in1_36_out|       pointer|
|p_in1_36_out_write       |  out|    1|     ap_fifo|         p_in1_36_out|       pointer|
|p_in1_37_out_din         |  out|   32|     ap_fifo|         p_in1_37_out|       pointer|
|p_in1_37_out_full_n      |   in|    1|     ap_fifo|         p_in1_37_out|       pointer|
|p_in1_37_out_write       |  out|    1|     ap_fifo|         p_in1_37_out|       pointer|
|p_in1_38_out_din         |  out|   32|     ap_fifo|         p_in1_38_out|       pointer|
|p_in1_38_out_full_n      |   in|    1|     ap_fifo|         p_in1_38_out|       pointer|
|p_in1_38_out_write       |  out|    1|     ap_fifo|         p_in1_38_out|       pointer|
|p_in1_39_out_din         |  out|   32|     ap_fifo|         p_in1_39_out|       pointer|
|p_in1_39_out_full_n      |   in|    1|     ap_fifo|         p_in1_39_out|       pointer|
|p_in1_39_out_write       |  out|    1|     ap_fifo|         p_in1_39_out|       pointer|
|p_in1_40_out_din         |  out|   32|     ap_fifo|         p_in1_40_out|       pointer|
|p_in1_40_out_full_n      |   in|    1|     ap_fifo|         p_in1_40_out|       pointer|
|p_in1_40_out_write       |  out|    1|     ap_fifo|         p_in1_40_out|       pointer|
|p_in1_41_out_din         |  out|   32|     ap_fifo|         p_in1_41_out|       pointer|
|p_in1_41_out_full_n      |   in|    1|     ap_fifo|         p_in1_41_out|       pointer|
|p_in1_41_out_write       |  out|    1|     ap_fifo|         p_in1_41_out|       pointer|
|p_in1_42_out_din         |  out|   32|     ap_fifo|         p_in1_42_out|       pointer|
|p_in1_42_out_full_n      |   in|    1|     ap_fifo|         p_in1_42_out|       pointer|
|p_in1_42_out_write       |  out|    1|     ap_fifo|         p_in1_42_out|       pointer|
|p_in1_43_out_din         |  out|   32|     ap_fifo|         p_in1_43_out|       pointer|
|p_in1_43_out_full_n      |   in|    1|     ap_fifo|         p_in1_43_out|       pointer|
|p_in1_43_out_write       |  out|    1|     ap_fifo|         p_in1_43_out|       pointer|
|p_in1_44_out_din         |  out|   32|     ap_fifo|         p_in1_44_out|       pointer|
|p_in1_44_out_full_n      |   in|    1|     ap_fifo|         p_in1_44_out|       pointer|
|p_in1_44_out_write       |  out|    1|     ap_fifo|         p_in1_44_out|       pointer|
|p_in1_45_out_din         |  out|   32|     ap_fifo|         p_in1_45_out|       pointer|
|p_in1_45_out_full_n      |   in|    1|     ap_fifo|         p_in1_45_out|       pointer|
|p_in1_45_out_write       |  out|    1|     ap_fifo|         p_in1_45_out|       pointer|
|p_in1_46_out_din         |  out|   32|     ap_fifo|         p_in1_46_out|       pointer|
|p_in1_46_out_full_n      |   in|    1|     ap_fifo|         p_in1_46_out|       pointer|
|p_in1_46_out_write       |  out|    1|     ap_fifo|         p_in1_46_out|       pointer|
|p_in1_47_out_din         |  out|   32|     ap_fifo|         p_in1_47_out|       pointer|
|p_in1_47_out_full_n      |   in|    1|     ap_fifo|         p_in1_47_out|       pointer|
|p_in1_47_out_write       |  out|    1|     ap_fifo|         p_in1_47_out|       pointer|
|p_in1_48_out_din         |  out|   32|     ap_fifo|         p_in1_48_out|       pointer|
|p_in1_48_out_full_n      |   in|    1|     ap_fifo|         p_in1_48_out|       pointer|
|p_in1_48_out_write       |  out|    1|     ap_fifo|         p_in1_48_out|       pointer|
|p_in1_49_out_din         |  out|   32|     ap_fifo|         p_in1_49_out|       pointer|
|p_in1_49_out_full_n      |   in|    1|     ap_fifo|         p_in1_49_out|       pointer|
|p_in1_49_out_write       |  out|    1|     ap_fifo|         p_in1_49_out|       pointer|
|p_in1_50_out_din         |  out|   32|     ap_fifo|         p_in1_50_out|       pointer|
|p_in1_50_out_full_n      |   in|    1|     ap_fifo|         p_in1_50_out|       pointer|
|p_in1_50_out_write       |  out|    1|     ap_fifo|         p_in1_50_out|       pointer|
|p_in1_51_out_din         |  out|   32|     ap_fifo|         p_in1_51_out|       pointer|
|p_in1_51_out_full_n      |   in|    1|     ap_fifo|         p_in1_51_out|       pointer|
|p_in1_51_out_write       |  out|    1|     ap_fifo|         p_in1_51_out|       pointer|
|p_in1_52_out_din         |  out|   32|     ap_fifo|         p_in1_52_out|       pointer|
|p_in1_52_out_full_n      |   in|    1|     ap_fifo|         p_in1_52_out|       pointer|
|p_in1_52_out_write       |  out|    1|     ap_fifo|         p_in1_52_out|       pointer|
|p_in1_53_out_din         |  out|   32|     ap_fifo|         p_in1_53_out|       pointer|
|p_in1_53_out_full_n      |   in|    1|     ap_fifo|         p_in1_53_out|       pointer|
|p_in1_53_out_write       |  out|    1|     ap_fifo|         p_in1_53_out|       pointer|
|p_in1_54_out_din         |  out|   32|     ap_fifo|         p_in1_54_out|       pointer|
|p_in1_54_out_full_n      |   in|    1|     ap_fifo|         p_in1_54_out|       pointer|
|p_in1_54_out_write       |  out|    1|     ap_fifo|         p_in1_54_out|       pointer|
|p_in1_55_out_din         |  out|   32|     ap_fifo|         p_in1_55_out|       pointer|
|p_in1_55_out_full_n      |   in|    1|     ap_fifo|         p_in1_55_out|       pointer|
|p_in1_55_out_write       |  out|    1|     ap_fifo|         p_in1_55_out|       pointer|
|p_in1_56_out_din         |  out|   32|     ap_fifo|         p_in1_56_out|       pointer|
|p_in1_56_out_full_n      |   in|    1|     ap_fifo|         p_in1_56_out|       pointer|
|p_in1_56_out_write       |  out|    1|     ap_fifo|         p_in1_56_out|       pointer|
|p_in1_57_out_din         |  out|   32|     ap_fifo|         p_in1_57_out|       pointer|
|p_in1_57_out_full_n      |   in|    1|     ap_fifo|         p_in1_57_out|       pointer|
|p_in1_57_out_write       |  out|    1|     ap_fifo|         p_in1_57_out|       pointer|
|p_in1_58_out_din         |  out|   32|     ap_fifo|         p_in1_58_out|       pointer|
|p_in1_58_out_full_n      |   in|    1|     ap_fifo|         p_in1_58_out|       pointer|
|p_in1_58_out_write       |  out|    1|     ap_fifo|         p_in1_58_out|       pointer|
|p_in1_59_out_din         |  out|   32|     ap_fifo|         p_in1_59_out|       pointer|
|p_in1_59_out_full_n      |   in|    1|     ap_fifo|         p_in1_59_out|       pointer|
|p_in1_59_out_write       |  out|    1|     ap_fifo|         p_in1_59_out|       pointer|
|p_in1_60_out_din         |  out|   32|     ap_fifo|         p_in1_60_out|       pointer|
|p_in1_60_out_full_n      |   in|    1|     ap_fifo|         p_in1_60_out|       pointer|
|p_in1_60_out_write       |  out|    1|     ap_fifo|         p_in1_60_out|       pointer|
|p_in1_61_out_din         |  out|   32|     ap_fifo|         p_in1_61_out|       pointer|
|p_in1_61_out_full_n      |   in|    1|     ap_fifo|         p_in1_61_out|       pointer|
|p_in1_61_out_write       |  out|    1|     ap_fifo|         p_in1_61_out|       pointer|
|p_in1_62_out_din         |  out|   32|     ap_fifo|         p_in1_62_out|       pointer|
|p_in1_62_out_full_n      |   in|    1|     ap_fifo|         p_in1_62_out|       pointer|
|p_in1_62_out_write       |  out|    1|     ap_fifo|         p_in1_62_out|       pointer|
|p_in1_63_out_din         |  out|   32|     ap_fifo|         p_in1_63_out|       pointer|
|p_in1_63_out_full_n      |   in|    1|     ap_fifo|         p_in1_63_out|       pointer|
|p_in1_63_out_write       |  out|    1|     ap_fifo|         p_in1_63_out|       pointer|
|p_in2_offset_out_din     |  out|    4|     ap_fifo|     p_in2_offset_out|       pointer|
|p_in2_offset_out_full_n  |   in|    1|     ap_fifo|     p_in2_offset_out|       pointer|
|p_in2_offset_out_write   |  out|    1|     ap_fifo|     p_in2_offset_out|       pointer|
+-------------------------+-----+-----+------------+---------------------+--------------+

