

================================================================
== Vitis HLS Report for 'krnl_lstm_unit_Block_split217_proc'
================================================================
* Date:           Mon May 24 12:53:10 2021

* Version:        2020.2 (Build 3064766 on Wed Nov 18 09:12:47 MST 2020)
* Project:        krnl_lstm
* Solution:       solution (Vitis Kernel Flow Target)
* Product family: zynq
* Target device:  xc7z045-ffg900-2


================================================================
== Performance Estimates
================================================================
+ Timing: 
    * Summary: 
    +--------+----------+----------+------------+
    |  Clock |  Target  | Estimated| Uncertainty|
    +--------+----------+----------+------------+
    |ap_clk  |  10.00 ns|      0 ns|     2.70 ns|
    +--------+----------+----------+------------+

+ Latency: 
    * Summary: 
    +---------+---------+----------+----------+-----+-----+---------+
    |  Latency (cycles) |  Latency (absolute) |  Interval | Pipeline|
    |   min   |   max   |    min   |    max   | min | max |   Type  |
    +---------+---------+----------+----------+-----+-----+---------+
    |        0|        0|      0 ns|      0 ns|    0|    0|     none|
    +---------+---------+----------+----------+-----+-----+---------+

    + Detail: 
        * Instance: 
        N/A

        * Loop: 
        N/A



================================================================
== Utilization Estimates
================================================================
* Summary: 
+-----------------+---------+-----+--------+--------+-----+
|       Name      | BRAM_18K| DSP |   FF   |   LUT  | URAM|
+-----------------+---------+-----+--------+--------+-----+
|DSP              |        -|    -|       -|       -|    -|
|Expression       |        -|    -|       0|       1|    -|
|FIFO             |        -|    -|       -|       -|    -|
|Instance         |        -|    -|       -|       -|    -|
|Memory           |        -|    -|       -|       -|    -|
|Multiplexer      |        -|    -|       -|      18|    -|
|Register         |        -|    -|      34|       -|    -|
+-----------------+---------+-----+--------+--------+-----+
|Total            |        0|    0|      34|      19|    0|
+-----------------+---------+-----+--------+--------+-----+
|Available        |     1090|  900|  437200|  218600|    0|
+-----------------+---------+-----+--------+--------+-----+
|Utilization (%)  |        0|    0|      ~0|      ~0|    0|
+-----------------+---------+-----+--------+--------+-----+

+ Detail: 
    * Instance: 
    N/A

    * DSP: 
    N/A

    * Memory: 
    N/A

    * FIFO: 
    N/A

    * Expression: 
    +-----------------+----------+----+---+----+------------+------------+
    |  Variable Name  | Operation| DSP| FF| LUT| Bitwidth P0| Bitwidth P1|
    +-----------------+----------+----+---+----+------------+------------+
    |ap_block_state1  |        or|   0|  0|   1|           1|           1|
    +-----------------+----------+----+---+----+------------+------------+
    |Total            |          |   0|  0|   1|           1|           1|
    +-----------------+----------+----+---+----+------------+------------+

    * Multiplexer: 
    +-----------+----+-----------+-----+-----------+
    |    Name   | LUT| Input Size| Bits| Total Bits|
    +-----------+----+-----------+-----+-----------+
    |ap_done    |   9|          2|    1|          2|
    |ap_return  |   9|          2|   32|         64|
    +-----------+----+-----------+-----+-----------+
    |Total      |  18|          4|   33|         66|
    +-----------+----+-----------+-----+-----------+

    * Register: 
    +----------------+----+----+-----+-----------+
    |      Name      | FF | LUT| Bits| Const Bits|
    +----------------+----+----+-----+-----------+
    |ap_CS_fsm       |   1|   0|    1|          0|
    |ap_done_reg     |   1|   0|    1|          0|
    |ap_return_preg  |  32|   0|   32|          0|
    +----------------+----+----+-----+-----------+
    |Total           |  34|   0|   34|          0|
    +----------------+----+----+-----+-----------+



================================================================
== Interface
================================================================
* Summary: 
+-------------+-----+-----+------------+-------------------------------------+--------------+
|  RTL Ports  | Dir | Bits|  Protocol  |            Source Object            |    C Type    |
+-------------+-----+-----+------------+-------------------------------------+--------------+
|ap_clk       |   in|    1|  ap_ctrl_hs|  krnl_lstm_unit_Block_.split217_proc|  return value|
|ap_rst       |   in|    1|  ap_ctrl_hs|  krnl_lstm_unit_Block_.split217_proc|  return value|
|ap_start     |   in|    1|  ap_ctrl_hs|  krnl_lstm_unit_Block_.split217_proc|  return value|
|ap_done      |  out|    1|  ap_ctrl_hs|  krnl_lstm_unit_Block_.split217_proc|  return value|
|ap_continue  |   in|    1|  ap_ctrl_hs|  krnl_lstm_unit_Block_.split217_proc|  return value|
|ap_idle      |  out|    1|  ap_ctrl_hs|  krnl_lstm_unit_Block_.split217_proc|  return value|
|ap_ready     |  out|    1|  ap_ctrl_hs|  krnl_lstm_unit_Block_.split217_proc|  return value|
|ap_return    |  out|   32|  ap_ctrl_hs|  krnl_lstm_unit_Block_.split217_proc|  return value|
|p_read       |   in|   32|     ap_none|                               p_read|        scalar|
+-------------+-----+-----+------------+-------------------------------------+--------------+

