

================================================================
== Vitis HLS Report for 'krnl_dot41_entry117'
================================================================
* Date:           Tue Mar 16 16:15:08 2021

* Version:        2020.2 (Build 3064766 on Wed Nov 18 09:12:47 MST 2020)
* Project:        krnl_lstm
* Solution:       solution (Vitis Kernel Flow Target)
* Product family: zynq
* Target device:  xc7z045-ffg900-2


================================================================
== Performance Estimates
================================================================
+ Timing: 
    * Summary: 
    +--------+----------+----------+------------+
    |  Clock |  Target  | Estimated| Uncertainty|
    +--------+----------+----------+------------+
    |ap_clk  |  10.00 ns|  6.802 ns|     2.70 ns|
    +--------+----------+----------+------------+

+ Latency: 
    * Summary: 
    +---------+---------+----------+----------+-----+-----+---------+
    |  Latency (cycles) |  Latency (absolute) |  Interval | Pipeline|
    |   min   |   max   |    min   |    max   | min | max |   Type  |
    +---------+---------+----------+----------+-----+-----+---------+
    |        0|        0|      0 ns|      0 ns|    0|    0|     none|
    +---------+---------+----------+----------+-----+-----+---------+

    + Detail: 
        * Instance: 
        N/A

        * Loop: 
        N/A



================================================================
== Utilization Estimates
================================================================
* Summary: 
+-----------------+---------+-----+--------+--------+-----+
|       Name      | BRAM_18K| DSP |   FF   |   LUT  | URAM|
+-----------------+---------+-----+--------+--------+-----+
|DSP              |        -|    -|       -|       -|    -|
|Expression       |        -|    -|       0|       1|    -|
|FIFO             |        -|    -|       -|       -|    -|
|Instance         |        -|    -|       -|       -|    -|
|Memory           |        -|    -|       -|       -|    -|
|Multiplexer      |        -|    -|       -|     612|    -|
|Register         |        -|    -|       3|       -|    -|
+-----------------+---------+-----+--------+--------+-----+
|Total            |        0|    0|       3|     613|    0|
+-----------------+---------+-----+--------+--------+-----+
|Available        |     1090|  900|  437200|  218600|    0|
+-----------------+---------+-----+--------+--------+-----+
|Utilization (%)  |        0|    0|      ~0|      ~0|    0|
+-----------------+---------+-----+--------+--------+-----+

+ Detail: 
    * Instance: 
    N/A

    * DSP: 
    N/A

    * Memory: 
    N/A

    * FIFO: 
    N/A

    * Expression: 
    +-----------------+----------+----+---+----+------------+------------+
    |  Variable Name  | Operation| DSP| FF| LUT| Bitwidth P0| Bitwidth P1|
    +-----------------+----------+----+---+----+------------+------------+
    |ap_block_state1  |        or|   0|  0|   1|           1|           1|
    +-----------------+----------+----+---+----+------------+------------+
    |Total            |          |   0|  0|   1|           1|           1|
    +-----------------+----------+----+---+----+------------+------------+

    * Multiplexer: 
    +------------------------+----+-----------+-----+-----------+
    |          Name          | LUT| Input Size| Bits| Total Bits|
    +------------------------+----+-----------+-----+-----------+
    |ap_done                 |   9|          2|    1|          2|
    |p_in1_offset_blk_n      |   9|          2|    1|          2|
    |p_in1_offset_out_blk_n  |   9|          2|    1|          2|
    |p_in2_0_blk_n           |   9|          2|    1|          2|
    |p_in2_0_out_blk_n       |   9|          2|    1|          2|
    |p_in2_10_blk_n          |   9|          2|    1|          2|
    |p_in2_10_out_blk_n      |   9|          2|    1|          2|
    |p_in2_11_blk_n          |   9|          2|    1|          2|
    |p_in2_11_out_blk_n      |   9|          2|    1|          2|
    |p_in2_12_blk_n          |   9|          2|    1|          2|
    |p_in2_12_out_blk_n      |   9|          2|    1|          2|
    |p_in2_13_blk_n          |   9|          2|    1|          2|
    |p_in2_13_out_blk_n      |   9|          2|    1|          2|
    |p_in2_14_blk_n          |   9|          2|    1|          2|
    |p_in2_14_out_blk_n      |   9|          2|    1|          2|
    |p_in2_15_blk_n          |   9|          2|    1|          2|
    |p_in2_15_out_blk_n      |   9|          2|    1|          2|
    |p_in2_16_blk_n          |   9|          2|    1|          2|
    |p_in2_16_out_blk_n      |   9|          2|    1|          2|
    |p_in2_17_blk_n          |   9|          2|    1|          2|
    |p_in2_17_out_blk_n      |   9|          2|    1|          2|
    |p_in2_18_blk_n          |   9|          2|    1|          2|
    |p_in2_18_out_blk_n      |   9|          2|    1|          2|
    |p_in2_19_blk_n          |   9|          2|    1|          2|
    |p_in2_19_out_blk_n      |   9|          2|    1|          2|
    |p_in2_1_blk_n           |   9|          2|    1|          2|
    |p_in2_1_out_blk_n       |   9|          2|    1|          2|
    |p_in2_20_blk_n          |   9|          2|    1|          2|
    |p_in2_20_out_blk_n      |   9|          2|    1|          2|
    |p_in2_21_blk_n          |   9|          2|    1|          2|
    |p_in2_21_out_blk_n      |   9|          2|    1|          2|
    |p_in2_22_blk_n          |   9|          2|    1|          2|
    |p_in2_22_out_blk_n      |   9|          2|    1|          2|
    |p_in2_23_blk_n          |   9|          2|    1|          2|
    |p_in2_23_out_blk_n      |   9|          2|    1|          2|
    |p_in2_24_blk_n          |   9|          2|    1|          2|
    |p_in2_24_out_blk_n      |   9|          2|    1|          2|
    |p_in2_25_blk_n          |   9|          2|    1|          2|
    |p_in2_25_out_blk_n      |   9|          2|    1|          2|
    |p_in2_26_blk_n          |   9|          2|    1|          2|
    |p_in2_26_out_blk_n      |   9|          2|    1|          2|
    |p_in2_27_blk_n          |   9|          2|    1|          2|
    |p_in2_27_out_blk_n      |   9|          2|    1|          2|
    |p_in2_28_blk_n          |   9|          2|    1|          2|
    |p_in2_28_out_blk_n      |   9|          2|    1|          2|
    |p_in2_29_blk_n          |   9|          2|    1|          2|
    |p_in2_29_out_blk_n      |   9|          2|    1|          2|
    |p_in2_2_blk_n           |   9|          2|    1|          2|
    |p_in2_2_out_blk_n       |   9|          2|    1|          2|
    |p_in2_30_blk_n          |   9|          2|    1|          2|
    |p_in2_30_out_blk_n      |   9|          2|    1|          2|
    |p_in2_31_blk_n          |   9|          2|    1|          2|
    |p_in2_31_out_blk_n      |   9|          2|    1|          2|
    |p_in2_3_blk_n           |   9|          2|    1|          2|
    |p_in2_3_out_blk_n       |   9|          2|    1|          2|
    |p_in2_4_blk_n           |   9|          2|    1|          2|
    |p_in2_4_out_blk_n       |   9|          2|    1|          2|
    |p_in2_5_blk_n           |   9|          2|    1|          2|
    |p_in2_5_out_blk_n       |   9|          2|    1|          2|
    |p_in2_6_blk_n           |   9|          2|    1|          2|
    |p_in2_6_out_blk_n       |   9|          2|    1|          2|
    |p_in2_7_blk_n           |   9|          2|    1|          2|
    |p_in2_7_out_blk_n       |   9|          2|    1|          2|
    |p_in2_8_blk_n           |   9|          2|    1|          2|
    |p_in2_8_out_blk_n       |   9|          2|    1|          2|
    |p_in2_9_blk_n           |   9|          2|    1|          2|
    |p_in2_9_out_blk_n       |   9|          2|    1|          2|
    |real_start              |   9|          2|    1|          2|
    +------------------------+----+-----------+-----+-----------+
    |Total                   | 612|        136|   68|        136|
    +------------------------+----+-----------+-----+-----------+

    * Register: 
    +----------------+---+----+-----+-----------+
    |      Name      | FF| LUT| Bits| Const Bits|
    +----------------+---+----+-----+-----------+
    |ap_CS_fsm       |  1|   0|    1|          0|
    |ap_done_reg     |  1|   0|    1|          0|
    |start_once_reg  |  1|   0|    1|          0|
    +----------------+---+----+-----+-----------+
    |Total           |  3|   0|    3|          0|
    +----------------+---+----+-----+-----------+



================================================================
== Interface
================================================================
* Summary: 
+-------------------------+-----+-----+------------+---------------------+--------------+
|        RTL Ports        | Dir | Bits|  Protocol  |    Source Object    |    C Type    |
+-------------------------+-----+-----+------------+---------------------+--------------+
|ap_clk                   |   in|    1|  ap_ctrl_hs|  krnl_dot41.entry117|  return value|
|ap_rst                   |   in|    1|  ap_ctrl_hs|  krnl_dot41.entry117|  return value|
|ap_start                 |   in|    1|  ap_ctrl_hs|  krnl_dot41.entry117|  return value|
|start_full_n             |   in|    1|  ap_ctrl_hs|  krnl_dot41.entry117|  return value|
|ap_done                  |  out|    1|  ap_ctrl_hs|  krnl_dot41.entry117|  return value|
|ap_continue              |   in|    1|  ap_ctrl_hs|  krnl_dot41.entry117|  return value|
|ap_idle                  |  out|    1|  ap_ctrl_hs|  krnl_dot41.entry117|  return value|
|ap_ready                 |  out|    1|  ap_ctrl_hs|  krnl_dot41.entry117|  return value|
|start_out                |  out|    1|  ap_ctrl_hs|  krnl_dot41.entry117|  return value|
|start_write              |  out|    1|  ap_ctrl_hs|  krnl_dot41.entry117|  return value|
|p_in1_offset_dout        |   in|    6|     ap_fifo|         p_in1_offset|       pointer|
|p_in1_offset_empty_n     |   in|    1|     ap_fifo|         p_in1_offset|       pointer|
|p_in1_offset_read        |  out|    1|     ap_fifo|         p_in1_offset|       pointer|
|p_in2_0_dout             |   in|   32|     ap_fifo|              p_in2_0|       pointer|
|p_in2_0_empty_n          |   in|    1|     ap_fifo|              p_in2_0|       pointer|
|p_in2_0_read             |  out|    1|     ap_fifo|              p_in2_0|       pointer|
|p_in2_1_dout             |   in|   32|     ap_fifo|              p_in2_1|       pointer|
|p_in2_1_empty_n          |   in|    1|     ap_fifo|              p_in2_1|       pointer|
|p_in2_1_read             |  out|    1|     ap_fifo|              p_in2_1|       pointer|
|p_in2_2_dout             |   in|   32|     ap_fifo|              p_in2_2|       pointer|
|p_in2_2_empty_n          |   in|    1|     ap_fifo|              p_in2_2|       pointer|
|p_in2_2_read             |  out|    1|     ap_fifo|              p_in2_2|       pointer|
|p_in2_3_dout             |   in|   32|     ap_fifo|              p_in2_3|       pointer|
|p_in2_3_empty_n          |   in|    1|     ap_fifo|              p_in2_3|       pointer|
|p_in2_3_read             |  out|    1|     ap_fifo|              p_in2_3|       pointer|
|p_in2_4_dout             |   in|   32|     ap_fifo|              p_in2_4|       pointer|
|p_in2_4_empty_n          |   in|    1|     ap_fifo|              p_in2_4|       pointer|
|p_in2_4_read             |  out|    1|     ap_fifo|              p_in2_4|       pointer|
|p_in2_5_dout             |   in|   32|     ap_fifo|              p_in2_5|       pointer|
|p_in2_5_empty_n          |   in|    1|     ap_fifo|              p_in2_5|       pointer|
|p_in2_5_read             |  out|    1|     ap_fifo|              p_in2_5|       pointer|
|p_in2_6_dout             |   in|   32|     ap_fifo|              p_in2_6|       pointer|
|p_in2_6_empty_n          |   in|    1|     ap_fifo|              p_in2_6|       pointer|
|p_in2_6_read             |  out|    1|     ap_fifo|              p_in2_6|       pointer|
|p_in2_7_dout             |   in|   32|     ap_fifo|              p_in2_7|       pointer|
|p_in2_7_empty_n          |   in|    1|     ap_fifo|              p_in2_7|       pointer|
|p_in2_7_read             |  out|    1|     ap_fifo|              p_in2_7|       pointer|
|p_in2_8_dout             |   in|   32|     ap_fifo|              p_in2_8|       pointer|
|p_in2_8_empty_n          |   in|    1|     ap_fifo|              p_in2_8|       pointer|
|p_in2_8_read             |  out|    1|     ap_fifo|              p_in2_8|       pointer|
|p_in2_9_dout             |   in|   32|     ap_fifo|              p_in2_9|       pointer|
|p_in2_9_empty_n          |   in|    1|     ap_fifo|              p_in2_9|       pointer|
|p_in2_9_read             |  out|    1|     ap_fifo|              p_in2_9|       pointer|
|p_in2_10_dout            |   in|   32|     ap_fifo|             p_in2_10|       pointer|
|p_in2_10_empty_n         |   in|    1|     ap_fifo|             p_in2_10|       pointer|
|p_in2_10_read            |  out|    1|     ap_fifo|             p_in2_10|       pointer|
|p_in2_11_dout            |   in|   32|     ap_fifo|             p_in2_11|       pointer|
|p_in2_11_empty_n         |   in|    1|     ap_fifo|             p_in2_11|       pointer|
|p_in2_11_read            |  out|    1|     ap_fifo|             p_in2_11|       pointer|
|p_in2_12_dout            |   in|   32|     ap_fifo|             p_in2_12|       pointer|
|p_in2_12_empty_n         |   in|    1|     ap_fifo|             p_in2_12|       pointer|
|p_in2_12_read            |  out|    1|     ap_fifo|             p_in2_12|       pointer|
|p_in2_13_dout            |   in|   32|     ap_fifo|             p_in2_13|       pointer|
|p_in2_13_empty_n         |   in|    1|     ap_fifo|             p_in2_13|       pointer|
|p_in2_13_read            |  out|    1|     ap_fifo|             p_in2_13|       pointer|
|p_in2_14_dout            |   in|   32|     ap_fifo|             p_in2_14|       pointer|
|p_in2_14_empty_n         |   in|    1|     ap_fifo|             p_in2_14|       pointer|
|p_in2_14_read            |  out|    1|     ap_fifo|             p_in2_14|       pointer|
|p_in2_15_dout            |   in|   32|     ap_fifo|             p_in2_15|       pointer|
|p_in2_15_empty_n         |   in|    1|     ap_fifo|             p_in2_15|       pointer|
|p_in2_15_read            |  out|    1|     ap_fifo|             p_in2_15|       pointer|
|p_in2_16_dout            |   in|   32|     ap_fifo|             p_in2_16|       pointer|
|p_in2_16_empty_n         |   in|    1|     ap_fifo|             p_in2_16|       pointer|
|p_in2_16_read            |  out|    1|     ap_fifo|             p_in2_16|       pointer|
|p_in2_17_dout            |   in|   32|     ap_fifo|             p_in2_17|       pointer|
|p_in2_17_empty_n         |   in|    1|     ap_fifo|             p_in2_17|       pointer|
|p_in2_17_read            |  out|    1|     ap_fifo|             p_in2_17|       pointer|
|p_in2_18_dout            |   in|   32|     ap_fifo|             p_in2_18|       pointer|
|p_in2_18_empty_n         |   in|    1|     ap_fifo|             p_in2_18|       pointer|
|p_in2_18_read            |  out|    1|     ap_fifo|             p_in2_18|       pointer|
|p_in2_19_dout            |   in|   32|     ap_fifo|             p_in2_19|       pointer|
|p_in2_19_empty_n         |   in|    1|     ap_fifo|             p_in2_19|       pointer|
|p_in2_19_read            |  out|    1|     ap_fifo|             p_in2_19|       pointer|
|p_in2_20_dout            |   in|   32|     ap_fifo|             p_in2_20|       pointer|
|p_in2_20_empty_n         |   in|    1|     ap_fifo|             p_in2_20|       pointer|
|p_in2_20_read            |  out|    1|     ap_fifo|             p_in2_20|       pointer|
|p_in2_21_dout            |   in|   32|     ap_fifo|             p_in2_21|       pointer|
|p_in2_21_empty_n         |   in|    1|     ap_fifo|             p_in2_21|       pointer|
|p_in2_21_read            |  out|    1|     ap_fifo|             p_in2_21|       pointer|
|p_in2_22_dout            |   in|   32|     ap_fifo|             p_in2_22|       pointer|
|p_in2_22_empty_n         |   in|    1|     ap_fifo|             p_in2_22|       pointer|
|p_in2_22_read            |  out|    1|     ap_fifo|             p_in2_22|       pointer|
|p_in2_23_dout            |   in|   32|     ap_fifo|             p_in2_23|       pointer|
|p_in2_23_empty_n         |   in|    1|     ap_fifo|             p_in2_23|       pointer|
|p_in2_23_read            |  out|    1|     ap_fifo|             p_in2_23|       pointer|
|p_in2_24_dout            |   in|   32|     ap_fifo|             p_in2_24|       pointer|
|p_in2_24_empty_n         |   in|    1|     ap_fifo|             p_in2_24|       pointer|
|p_in2_24_read            |  out|    1|     ap_fifo|             p_in2_24|       pointer|
|p_in2_25_dout            |   in|   32|     ap_fifo|             p_in2_25|       pointer|
|p_in2_25_empty_n         |   in|    1|     ap_fifo|             p_in2_25|       pointer|
|p_in2_25_read            |  out|    1|     ap_fifo|             p_in2_25|       pointer|
|p_in2_26_dout            |   in|   32|     ap_fifo|             p_in2_26|       pointer|
|p_in2_26_empty_n         |   in|    1|     ap_fifo|             p_in2_26|       pointer|
|p_in2_26_read            |  out|    1|     ap_fifo|             p_in2_26|       pointer|
|p_in2_27_dout            |   in|   32|     ap_fifo|             p_in2_27|       pointer|
|p_in2_27_empty_n         |   in|    1|     ap_fifo|             p_in2_27|       pointer|
|p_in2_27_read            |  out|    1|     ap_fifo|             p_in2_27|       pointer|
|p_in2_28_dout            |   in|   32|     ap_fifo|             p_in2_28|       pointer|
|p_in2_28_empty_n         |   in|    1|     ap_fifo|             p_in2_28|       pointer|
|p_in2_28_read            |  out|    1|     ap_fifo|             p_in2_28|       pointer|
|p_in2_29_dout            |   in|   32|     ap_fifo|             p_in2_29|       pointer|
|p_in2_29_empty_n         |   in|    1|     ap_fifo|             p_in2_29|       pointer|
|p_in2_29_read            |  out|    1|     ap_fifo|             p_in2_29|       pointer|
|p_in2_30_dout            |   in|   32|     ap_fifo|             p_in2_30|       pointer|
|p_in2_30_empty_n         |   in|    1|     ap_fifo|             p_in2_30|       pointer|
|p_in2_30_read            |  out|    1|     ap_fifo|             p_in2_30|       pointer|
|p_in2_31_dout            |   in|   32|     ap_fifo|             p_in2_31|       pointer|
|p_in2_31_empty_n         |   in|    1|     ap_fifo|             p_in2_31|       pointer|
|p_in2_31_read            |  out|    1|     ap_fifo|             p_in2_31|       pointer|
|p_in1_offset_out_din     |  out|    6|     ap_fifo|     p_in1_offset_out|       pointer|
|p_in1_offset_out_full_n  |   in|    1|     ap_fifo|     p_in1_offset_out|       pointer|
|p_in1_offset_out_write   |  out|    1|     ap_fifo|     p_in1_offset_out|       pointer|
|p_in2_0_out_din          |  out|   32|     ap_fifo|          p_in2_0_out|       pointer|
|p_in2_0_out_full_n       |   in|    1|     ap_fifo|          p_in2_0_out|       pointer|
|p_in2_0_out_write        |  out|    1|     ap_fifo|          p_in2_0_out|       pointer|
|p_in2_1_out_din          |  out|   32|     ap_fifo|          p_in2_1_out|       pointer|
|p_in2_1_out_full_n       |   in|    1|     ap_fifo|          p_in2_1_out|       pointer|
|p_in2_1_out_write        |  out|    1|     ap_fifo|          p_in2_1_out|       pointer|
|p_in2_2_out_din          |  out|   32|     ap_fifo|          p_in2_2_out|       pointer|
|p_in2_2_out_full_n       |   in|    1|     ap_fifo|          p_in2_2_out|       pointer|
|p_in2_2_out_write        |  out|    1|     ap_fifo|          p_in2_2_out|       pointer|
|p_in2_3_out_din          |  out|   32|     ap_fifo|          p_in2_3_out|       pointer|
|p_in2_3_out_full_n       |   in|    1|     ap_fifo|          p_in2_3_out|       pointer|
|p_in2_3_out_write        |  out|    1|     ap_fifo|          p_in2_3_out|       pointer|
|p_in2_4_out_din          |  out|   32|     ap_fifo|          p_in2_4_out|       pointer|
|p_in2_4_out_full_n       |   in|    1|     ap_fifo|          p_in2_4_out|       pointer|
|p_in2_4_out_write        |  out|    1|     ap_fifo|          p_in2_4_out|       pointer|
|p_in2_5_out_din          |  out|   32|     ap_fifo|          p_in2_5_out|       pointer|
|p_in2_5_out_full_n       |   in|    1|     ap_fifo|          p_in2_5_out|       pointer|
|p_in2_5_out_write        |  out|    1|     ap_fifo|          p_in2_5_out|       pointer|
|p_in2_6_out_din          |  out|   32|     ap_fifo|          p_in2_6_out|       pointer|
|p_in2_6_out_full_n       |   in|    1|     ap_fifo|          p_in2_6_out|       pointer|
|p_in2_6_out_write        |  out|    1|     ap_fifo|          p_in2_6_out|       pointer|
|p_in2_7_out_din          |  out|   32|     ap_fifo|          p_in2_7_out|       pointer|
|p_in2_7_out_full_n       |   in|    1|     ap_fifo|          p_in2_7_out|       pointer|
|p_in2_7_out_write        |  out|    1|     ap_fifo|          p_in2_7_out|       pointer|
|p_in2_8_out_din          |  out|   32|     ap_fifo|          p_in2_8_out|       pointer|
|p_in2_8_out_full_n       |   in|    1|     ap_fifo|          p_in2_8_out|       pointer|
|p_in2_8_out_write        |  out|    1|     ap_fifo|          p_in2_8_out|       pointer|
|p_in2_9_out_din          |  out|   32|     ap_fifo|          p_in2_9_out|       pointer|
|p_in2_9_out_full_n       |   in|    1|     ap_fifo|          p_in2_9_out|       pointer|
|p_in2_9_out_write        |  out|    1|     ap_fifo|          p_in2_9_out|       pointer|
|p_in2_10_out_din         |  out|   32|     ap_fifo|         p_in2_10_out|       pointer|
|p_in2_10_out_full_n      |   in|    1|     ap_fifo|         p_in2_10_out|       pointer|
|p_in2_10_out_write       |  out|    1|     ap_fifo|         p_in2_10_out|       pointer|
|p_in2_11_out_din         |  out|   32|     ap_fifo|         p_in2_11_out|       pointer|
|p_in2_11_out_full_n      |   in|    1|     ap_fifo|         p_in2_11_out|       pointer|
|p_in2_11_out_write       |  out|    1|     ap_fifo|         p_in2_11_out|       pointer|
|p_in2_12_out_din         |  out|   32|     ap_fifo|         p_in2_12_out|       pointer|
|p_in2_12_out_full_n      |   in|    1|     ap_fifo|         p_in2_12_out|       pointer|
|p_in2_12_out_write       |  out|    1|     ap_fifo|         p_in2_12_out|       pointer|
|p_in2_13_out_din         |  out|   32|     ap_fifo|         p_in2_13_out|       pointer|
|p_in2_13_out_full_n      |   in|    1|     ap_fifo|         p_in2_13_out|       pointer|
|p_in2_13_out_write       |  out|    1|     ap_fifo|         p_in2_13_out|       pointer|
|p_in2_14_out_din         |  out|   32|     ap_fifo|         p_in2_14_out|       pointer|
|p_in2_14_out_full_n      |   in|    1|     ap_fifo|         p_in2_14_out|       pointer|
|p_in2_14_out_write       |  out|    1|     ap_fifo|         p_in2_14_out|       pointer|
|p_in2_15_out_din         |  out|   32|     ap_fifo|         p_in2_15_out|       pointer|
|p_in2_15_out_full_n      |   in|    1|     ap_fifo|         p_in2_15_out|       pointer|
|p_in2_15_out_write       |  out|    1|     ap_fifo|         p_in2_15_out|       pointer|
|p_in2_16_out_din         |  out|   32|     ap_fifo|         p_in2_16_out|       pointer|
|p_in2_16_out_full_n      |   in|    1|     ap_fifo|         p_in2_16_out|       pointer|
|p_in2_16_out_write       |  out|    1|     ap_fifo|         p_in2_16_out|       pointer|
|p_in2_17_out_din         |  out|   32|     ap_fifo|         p_in2_17_out|       pointer|
|p_in2_17_out_full_n      |   in|    1|     ap_fifo|         p_in2_17_out|       pointer|
|p_in2_17_out_write       |  out|    1|     ap_fifo|         p_in2_17_out|       pointer|
|p_in2_18_out_din         |  out|   32|     ap_fifo|         p_in2_18_out|       pointer|
|p_in2_18_out_full_n      |   in|    1|     ap_fifo|         p_in2_18_out|       pointer|
|p_in2_18_out_write       |  out|    1|     ap_fifo|         p_in2_18_out|       pointer|
|p_in2_19_out_din         |  out|   32|     ap_fifo|         p_in2_19_out|       pointer|
|p_in2_19_out_full_n      |   in|    1|     ap_fifo|         p_in2_19_out|       pointer|
|p_in2_19_out_write       |  out|    1|     ap_fifo|         p_in2_19_out|       pointer|
|p_in2_20_out_din         |  out|   32|     ap_fifo|         p_in2_20_out|       pointer|
|p_in2_20_out_full_n      |   in|    1|     ap_fifo|         p_in2_20_out|       pointer|
|p_in2_20_out_write       |  out|    1|     ap_fifo|         p_in2_20_out|       pointer|
|p_in2_21_out_din         |  out|   32|     ap_fifo|         p_in2_21_out|       pointer|
|p_in2_21_out_full_n      |   in|    1|     ap_fifo|         p_in2_21_out|       pointer|
|p_in2_21_out_write       |  out|    1|     ap_fifo|         p_in2_21_out|       pointer|
|p_in2_22_out_din         |  out|   32|     ap_fifo|         p_in2_22_out|       pointer|
|p_in2_22_out_full_n      |   in|    1|     ap_fifo|         p_in2_22_out|       pointer|
|p_in2_22_out_write       |  out|    1|     ap_fifo|         p_in2_22_out|       pointer|
|p_in2_23_out_din         |  out|   32|     ap_fifo|         p_in2_23_out|       pointer|
|p_in2_23_out_full_n      |   in|    1|     ap_fifo|         p_in2_23_out|       pointer|
|p_in2_23_out_write       |  out|    1|     ap_fifo|         p_in2_23_out|       pointer|
|p_in2_24_out_din         |  out|   32|     ap_fifo|         p_in2_24_out|       pointer|
|p_in2_24_out_full_n      |   in|    1|     ap_fifo|         p_in2_24_out|       pointer|
|p_in2_24_out_write       |  out|    1|     ap_fifo|         p_in2_24_out|       pointer|
|p_in2_25_out_din         |  out|   32|     ap_fifo|         p_in2_25_out|       pointer|
|p_in2_25_out_full_n      |   in|    1|     ap_fifo|         p_in2_25_out|       pointer|
|p_in2_25_out_write       |  out|    1|     ap_fifo|         p_in2_25_out|       pointer|
|p_in2_26_out_din         |  out|   32|     ap_fifo|         p_in2_26_out|       pointer|
|p_in2_26_out_full_n      |   in|    1|     ap_fifo|         p_in2_26_out|       pointer|
|p_in2_26_out_write       |  out|    1|     ap_fifo|         p_in2_26_out|       pointer|
|p_in2_27_out_din         |  out|   32|     ap_fifo|         p_in2_27_out|       pointer|
|p_in2_27_out_full_n      |   in|    1|     ap_fifo|         p_in2_27_out|       pointer|
|p_in2_27_out_write       |  out|    1|     ap_fifo|         p_in2_27_out|       pointer|
|p_in2_28_out_din         |  out|   32|     ap_fifo|         p_in2_28_out|       pointer|
|p_in2_28_out_full_n      |   in|    1|     ap_fifo|         p_in2_28_out|       pointer|
|p_in2_28_out_write       |  out|    1|     ap_fifo|         p_in2_28_out|       pointer|
|p_in2_29_out_din         |  out|   32|     ap_fifo|         p_in2_29_out|       pointer|
|p_in2_29_out_full_n      |   in|    1|     ap_fifo|         p_in2_29_out|       pointer|
|p_in2_29_out_write       |  out|    1|     ap_fifo|         p_in2_29_out|       pointer|
|p_in2_30_out_din         |  out|   32|     ap_fifo|         p_in2_30_out|       pointer|
|p_in2_30_out_full_n      |   in|    1|     ap_fifo|         p_in2_30_out|       pointer|
|p_in2_30_out_write       |  out|    1|     ap_fifo|         p_in2_30_out|       pointer|
|p_in2_31_out_din         |  out|   32|     ap_fifo|         p_in2_31_out|       pointer|
|p_in2_31_out_full_n      |   in|    1|     ap_fifo|         p_in2_31_out|       pointer|
|p_in2_31_out_write       |  out|    1|     ap_fifo|         p_in2_31_out|       pointer|
+-------------------------+-----+-----+------------+---------------------+--------------+

