

================================================================
== Vitis HLS Report for 'krnl_lut_tanh'
================================================================
* Date:           Mon May 24 12:53:20 2021

* Version:        2020.2 (Build 3064766 on Wed Nov 18 09:12:47 MST 2020)
* Project:        krnl_lstm
* Solution:       solution (Vitis Kernel Flow Target)
* Product family: zynq
* Target device:  xc7z045-ffg900-2


================================================================
== Performance Estimates
================================================================
+ Timing: 
    * Summary: 
    +--------+----------+----------+------------+
    |  Clock |  Target  | Estimated| Uncertainty|
    +--------+----------+----------+------------+
    |ap_clk  |  10.00 ns|  7.085 ns|     2.70 ns|
    +--------+----------+----------+------------+

+ Latency: 
    * Summary: 
    +---------+---------+----------+----------+-----+-----+---------+
    |  Latency (cycles) |  Latency (absolute) |  Interval | Pipeline|
    |   min   |   max   |    min   |    max   | min | max |   Type  |
    +---------+---------+----------+----------+-----+-----+---------+
    |       21|       21|  0.210 us|  0.210 us|   21|   21|     none|
    +---------+---------+----------+----------+-----+-----+---------+

    + Detail: 
        * Instance: 
        N/A

        * Loop: 
        N/A



================================================================
== Utilization Estimates
================================================================
* Summary: 
+-----------------+---------+-----+--------+--------+-----+
|       Name      | BRAM_18K| DSP |   FF   |   LUT  | URAM|
+-----------------+---------+-----+--------+--------+-----+
|DSP              |        -|    -|       -|       -|    -|
|Expression       |        -|    -|       0|     254|    -|
|FIFO             |        -|    -|       -|       -|    -|
|Instance         |        -|    -|       -|       -|    -|
|Memory           |        1|    -|       0|       0|    -|
|Multiplexer      |        -|    -|       -|     358|    -|
|Register         |        -|    -|     137|       -|    -|
+-----------------+---------+-----+--------+--------+-----+
|Total            |        1|    0|     137|     612|    0|
+-----------------+---------+-----+--------+--------+-----+
|Available        |     1090|  900|  437200|  218600|    0|
+-----------------+---------+-----+--------+--------+-----+
|Utilization (%)  |       ~0|    0|      ~0|      ~0|    0|
+-----------------+---------+-----+--------+--------+-----+

+ Detail: 
    * Instance: 
    +-----------------------------------+-----------------------------+---------+----+---+----+-----+
    |              Instance             |            Module           | BRAM_18K| DSP| FF| LUT| URAM|
    +-----------------------------------+-----------------------------+---------+----+---+----+-----+
    |dcmp_64ns_64ns_1_2_no_dsp_1_U2234  |dcmp_64ns_64ns_1_2_no_dsp_1  |        0|   0|  0|   0|    0|
    |dcmp_64ns_64ns_1_2_no_dsp_1_U2235  |dcmp_64ns_64ns_1_2_no_dsp_1  |        0|   0|  0|   0|    0|
    |dcmp_64ns_64ns_1_2_no_dsp_1_U2236  |dcmp_64ns_64ns_1_2_no_dsp_1  |        0|   0|  0|   0|    0|
    |dcmp_64ns_64ns_1_2_no_dsp_1_U2237  |dcmp_64ns_64ns_1_2_no_dsp_1  |        0|   0|  0|   0|    0|
    |dcmp_64ns_64ns_1_2_no_dsp_1_U2238  |dcmp_64ns_64ns_1_2_no_dsp_1  |        0|   0|  0|   0|    0|
    |dcmp_64ns_64ns_1_2_no_dsp_1_U2239  |dcmp_64ns_64ns_1_2_no_dsp_1  |        0|   0|  0|   0|    0|
    |dcmp_64ns_64ns_1_2_no_dsp_1_U2240  |dcmp_64ns_64ns_1_2_no_dsp_1  |        0|   0|  0|   0|    0|
    |dcmp_64ns_64ns_1_2_no_dsp_1_U2241  |dcmp_64ns_64ns_1_2_no_dsp_1  |        0|   0|  0|   0|    0|
    |dcmp_64ns_64ns_1_2_no_dsp_1_U2242  |dcmp_64ns_64ns_1_2_no_dsp_1  |        0|   0|  0|   0|    0|
    |dcmp_64ns_64ns_1_2_no_dsp_1_U2243  |dcmp_64ns_64ns_1_2_no_dsp_1  |        0|   0|  0|   0|    0|
    |dcmp_64ns_64ns_1_2_no_dsp_1_U2244  |dcmp_64ns_64ns_1_2_no_dsp_1  |        0|   0|  0|   0|    0|
    |dcmp_64ns_64ns_1_2_no_dsp_1_U2245  |dcmp_64ns_64ns_1_2_no_dsp_1  |        0|   0|  0|   0|    0|
    |dcmp_64ns_64ns_1_2_no_dsp_1_U2246  |dcmp_64ns_64ns_1_2_no_dsp_1  |        0|   0|  0|   0|    0|
    |dcmp_64ns_64ns_1_2_no_dsp_1_U2247  |dcmp_64ns_64ns_1_2_no_dsp_1  |        0|   0|  0|   0|    0|
    |dcmp_64ns_64ns_1_2_no_dsp_1_U2248  |dcmp_64ns_64ns_1_2_no_dsp_1  |        0|   0|  0|   0|    0|
    |dcmp_64ns_64ns_1_2_no_dsp_1_U2249  |dcmp_64ns_64ns_1_2_no_dsp_1  |        0|   0|  0|   0|    0|
    |dcmp_64ns_64ns_1_2_no_dsp_1_U2250  |dcmp_64ns_64ns_1_2_no_dsp_1  |        0|   0|  0|   0|    0|
    |dcmp_64ns_64ns_1_2_no_dsp_1_U2251  |dcmp_64ns_64ns_1_2_no_dsp_1  |        0|   0|  0|   0|    0|
    |dcmp_64ns_64ns_1_2_no_dsp_1_U2252  |dcmp_64ns_64ns_1_2_no_dsp_1  |        0|   0|  0|   0|    0|
    |dcmp_64ns_64ns_1_2_no_dsp_1_U2253  |dcmp_64ns_64ns_1_2_no_dsp_1  |        0|   0|  0|   0|    0|
    |dcmp_64ns_64ns_1_2_no_dsp_1_U2254  |dcmp_64ns_64ns_1_2_no_dsp_1  |        0|   0|  0|   0|    0|
    |dcmp_64ns_64ns_1_2_no_dsp_1_U2255  |dcmp_64ns_64ns_1_2_no_dsp_1  |        0|   0|  0|   0|    0|
    |dcmp_64ns_64ns_1_2_no_dsp_1_U2256  |dcmp_64ns_64ns_1_2_no_dsp_1  |        0|   0|  0|   0|    0|
    |dcmp_64ns_64ns_1_2_no_dsp_1_U2257  |dcmp_64ns_64ns_1_2_no_dsp_1  |        0|   0|  0|   0|    0|
    |dcmp_64ns_64ns_1_2_no_dsp_1_U2258  |dcmp_64ns_64ns_1_2_no_dsp_1  |        0|   0|  0|   0|    0|
    |dcmp_64ns_64ns_1_2_no_dsp_1_U2259  |dcmp_64ns_64ns_1_2_no_dsp_1  |        0|   0|  0|   0|    0|
    |dcmp_64ns_64ns_1_2_no_dsp_1_U2260  |dcmp_64ns_64ns_1_2_no_dsp_1  |        0|   0|  0|   0|    0|
    |dcmp_64ns_64ns_1_2_no_dsp_1_U2261  |dcmp_64ns_64ns_1_2_no_dsp_1  |        0|   0|  0|   0|    0|
    |dcmp_64ns_64ns_1_2_no_dsp_1_U2262  |dcmp_64ns_64ns_1_2_no_dsp_1  |        0|   0|  0|   0|    0|
    |dcmp_64ns_64ns_1_2_no_dsp_1_U2263  |dcmp_64ns_64ns_1_2_no_dsp_1  |        0|   0|  0|   0|    0|
    |fcmp_32ns_32ns_1_2_no_dsp_1_U2230  |fcmp_32ns_32ns_1_2_no_dsp_1  |        0|   0|  0|   0|    0|
    |fcmp_32ns_32ns_1_2_no_dsp_1_U2231  |fcmp_32ns_32ns_1_2_no_dsp_1  |        0|   0|  0|   0|    0|
    |fcmp_32ns_32ns_1_2_no_dsp_1_U2232  |fcmp_32ns_32ns_1_2_no_dsp_1  |        0|   0|  0|   0|    0|
    |fcmp_32ns_32ns_1_2_no_dsp_1_U2233  |fcmp_32ns_32ns_1_2_no_dsp_1  |        0|   0|  0|   0|    0|
    |fpext_32ns_64_2_no_dsp_1_U2229     |fpext_32ns_64_2_no_dsp_1     |        0|   0|  0|   0|    0|
    +-----------------------------------+-----------------------------+---------+----+---+----+-----+
    |Total                              |                             |        0|   0|  0|   0|    0|
    +-----------------------------------+-----------------------------+---------+----+---+----+-----+

    * DSP: 
    N/A

    * Memory: 
    +---------------+--------------------------+---------+---+----+-----+------+-----+------+-------------+
    |     Memory    |          Module          | BRAM_18K| FF| LUT| URAM| Words| Bits| Banks| W*Bits*Banks|
    +---------------+--------------------------+---------+---+----+-----+------+-----+------+-------------+
    |tanh_lut100_U  |krnl_lut_tanh38_tanh_lut  |        1|  0|   0|    0|    32|   32|     1|         1024|
    +---------------+--------------------------+---------+---+----+-----+------+-----+------+-------------+
    |Total          |                          |        1|  0|   0|    0|    32|   32|     1|         1024|
    +---------------+--------------------------+---------+---+----+-----+------+-----+------+-------------+

    * FIFO: 
    N/A

    * Expression: 
    +-------------------------+----------+----+---+----+------------+------------+
    |      Variable Name      | Operation| DSP| FF| LUT| Bitwidth P0| Bitwidth P1|
    +-------------------------+----------+----+---+----+------------+------------+
    |and_ln130_3_fu_677_p2    |       and|   0|  0|   1|           1|           1|
    |and_ln130_fu_672_p2      |       and|   0|  0|   1|           1|           1|
    |and_ln133_2_fu_644_p2    |       and|   0|  0|   1|           1|           1|
    |and_ln133_fu_649_p2      |       and|   0|  0|   1|           1|           1|
    |and_ln136_2_fu_655_p2    |       and|   0|  0|   1|           1|           1|
    |and_ln136_fu_660_p2      |       and|   0|  0|   1|           1|           1|
    |and_ln139_2_fu_710_p2    |       and|   0|  0|   1|           1|           1|
    |and_ln139_fu_715_p2      |       and|   0|  0|   1|           1|           1|
    |and_ln142_3_fu_721_p2    |       and|   0|  0|   1|           1|           1|
    |and_ln142_4_fu_726_p2    |       and|   0|  0|   1|           1|           1|
    |and_ln142_fu_731_p2      |       and|   0|  0|   1|           1|           1|
    |and_ln145_3_fu_611_p2    |       and|   0|  0|   1|           1|           1|
    |and_ln145_4_fu_616_p2    |       and|   0|  0|   1|           1|           1|
    |and_ln145_fu_621_p2      |       and|   0|  0|   1|           1|           1|
    |and_ln148_2_fu_627_p2    |       and|   0|  0|   1|           1|           1|
    |and_ln148_fu_632_p2      |       and|   0|  0|   1|           1|           1|
    |and_ln151_2_fu_863_p2    |       and|   0|  0|   1|           1|           1|
    |and_ln151_fu_867_p2      |       and|   0|  0|   1|           1|           1|
    |and_ln154_2_fu_759_p2    |       and|   0|  0|   1|           1|           1|
    |and_ln154_fu_764_p2      |       and|   0|  0|   1|           1|           1|
    |and_ln157_3_fu_573_p2    |       and|   0|  0|   1|           1|           1|
    |and_ln157_4_fu_578_p2    |       and|   0|  0|   1|           1|           1|
    |and_ln157_fu_583_p2      |       and|   0|  0|   1|           1|           1|
    |and_ln160_3_fu_589_p2    |       and|   0|  0|   1|           1|           1|
    |and_ln160_4_fu_594_p2    |       and|   0|  0|   1|           1|           1|
    |and_ln160_fu_599_p2      |       and|   0|  0|   1|           1|           1|
    |and_ln163_2_fu_906_p2    |       and|   0|  0|   1|           1|           1|
    |and_ln163_fu_910_p2      |       and|   0|  0|   1|           1|           1|
    |and_ln166_2_fu_770_p2    |       and|   0|  0|   1|           1|           1|
    |and_ln166_fu_775_p2      |       and|   0|  0|   1|           1|           1|
    |and_ln169_2_fu_935_p2    |       and|   0|  0|   1|           1|           1|
    |and_ln169_fu_939_p2      |       and|   0|  0|   1|           1|           1|
    |and_ln172_3_fu_781_p2    |       and|   0|  0|   1|           1|           1|
    |and_ln172_4_fu_786_p2    |       and|   0|  0|   1|           1|           1|
    |and_ln172_fu_791_p2      |       and|   0|  0|   1|           1|           1|
    |and_ln175_3_fu_540_p2    |       and|   0|  0|   1|           1|           1|
    |and_ln175_4_fu_545_p2    |       and|   0|  0|   1|           1|           1|
    |and_ln175_fu_550_p2      |       and|   0|  0|   1|           1|           1|
    |and_ln178_2_fu_556_p2    |       and|   0|  0|   1|           1|           1|
    |and_ln178_fu_561_p2      |       and|   0|  0|   1|           1|           1|
    |and_ln181_2_fu_982_p2    |       and|   0|  0|   1|           1|           1|
    |and_ln181_fu_986_p2      |       and|   0|  0|   1|           1|           1|
    |and_ln184_2_fu_797_p2    |       and|   0|  0|   1|           1|           1|
    |and_ln184_fu_802_p2      |       and|   0|  0|   1|           1|           1|
    |and_ln187_3_fu_502_p2    |       and|   0|  0|   1|           1|           1|
    |and_ln187_4_fu_507_p2    |       and|   0|  0|   1|           1|           1|
    |and_ln187_fu_512_p2      |       and|   0|  0|   1|           1|           1|
    |and_ln190_3_fu_518_p2    |       and|   0|  0|   1|           1|           1|
    |and_ln190_4_fu_523_p2    |       and|   0|  0|   1|           1|           1|
    |and_ln190_fu_528_p2      |       and|   0|  0|   1|           1|           1|
    |and_ln193_2_fu_1025_p2   |       and|   0|  0|   1|           1|           1|
    |and_ln193_fu_1029_p2     |       and|   0|  0|   1|           1|           1|
    |and_ln196_2_fu_808_p2    |       and|   0|  0|   1|           1|           1|
    |and_ln196_fu_813_p2      |       and|   0|  0|   1|           1|           1|
    |and_ln199_2_fu_1053_p2   |       and|   0|  0|   1|           1|           1|
    |and_ln199_fu_1057_p2     |       and|   0|  0|   1|           1|           1|
    |and_ln202_3_fu_819_p2    |       and|   0|  0|   1|           1|           1|
    |and_ln202_4_fu_824_p2    |       and|   0|  0|   1|           1|           1|
    |and_ln202_fu_829_p2      |       and|   0|  0|   1|           1|           1|
    |and_ln205_3_fu_469_p2    |       and|   0|  0|   1|           1|           1|
    |and_ln205_4_fu_474_p2    |       and|   0|  0|   1|           1|           1|
    |and_ln205_fu_479_p2      |       and|   0|  0|   1|           1|           1|
    |and_ln208_2_fu_485_p2    |       and|   0|  0|   1|           1|           1|
    |and_ln208_fu_490_p2      |       and|   0|  0|   1|           1|           1|
    |and_ln211_2_fu_1096_p2   |       and|   0|  0|   1|           1|           1|
    |and_ln211_fu_1100_p2     |       and|   0|  0|   1|           1|           1|
    |and_ln214_2_fu_835_p2    |       and|   0|  0|   1|           1|           1|
    |and_ln214_fu_840_p2      |       and|   0|  0|   1|           1|           1|
    |and_ln217_3_fu_439_p2    |       and|   0|  0|   1|           1|           1|
    |and_ln217_4_fu_445_p2    |       and|   0|  0|   1|           1|           1|
    |and_ln217_fu_451_p2      |       and|   0|  0|   1|           1|           1|
    |and_ln220_fu_457_p2      |       and|   0|  0|   1|           1|           1|
    |ap_condition_153         |       and|   0|  0|   1|           1|           1|
    |lut_i_fu_682_p2          |       and|   0|  0|   1|           1|           1|
    |icmp_ln130_4_fu_392_p2   |      icmp|   0|  0|   8|          23|           1|
    |icmp_ln130_5_fu_421_p2   |      icmp|   0|  0|   5|          11|           2|
    |icmp_ln130_6_fu_427_p2   |      icmp|   0|  0|  18|          52|           1|
    |icmp_ln130_fu_386_p2     |      icmp|   0|  0|   4|           8|           2|
    |ap_block_state1          |        or|   0|  0|   1|           1|           1|
    |or_ln130_2_fu_433_p2     |        or|   0|  0|   1|           1|           1|
    |or_ln130_fu_398_p2       |        or|   0|  0|   1|           1|           1|
    |or_ln136_fu_666_p2       |        or|   0|  0|   1|           1|           1|
    |or_ln142_fu_745_p2       |        or|   0|  0|   1|           1|           1|
    |or_ln148_fu_638_p2       |        or|   0|  0|   1|           1|           1|
    |or_ln154_fu_879_p2       |        or|   0|  0|   1|           1|           1|
    |or_ln160_fu_605_p2       |        or|   0|  0|   1|           1|           1|
    |or_ln166_fu_922_p2       |        or|   0|  0|   1|           1|           1|
    |or_ln172_fu_951_p2       |        or|   0|  0|   1|           1|           1|
    |or_ln178_fu_567_p2       |        or|   0|  0|   1|           1|           1|
    |or_ln184_fu_998_p2       |        or|   0|  0|   1|           1|           1|
    |or_ln190_fu_534_p2       |        or|   0|  0|   1|           1|           1|
    |or_ln196_fu_1041_p2      |        or|   0|  0|   1|           1|           1|
    |or_ln202_fu_1069_p2      |        or|   0|  0|   1|           1|           1|
    |or_ln208_fu_496_p2       |        or|   0|  0|   1|           1|           1|
    |or_ln214_fu_1112_p2      |        or|   0|  0|   1|           1|           1|
    |or_ln220_fu_463_p2       |        or|   0|  0|   1|           1|           1|
    |lut_i_16_fu_699_p3       |    select|   0|  0|   2|           1|           2|
    |lut_i_17_fu_751_p3       |    select|   0|  0|   3|           1|           3|
    |lut_i_18_fu_853_p3       |    select|   0|  0|   3|           1|           3|
    |lut_i_19_fu_884_p3       |    select|   0|  0|   4|           1|           4|
    |lut_i_20_fu_899_p3       |    select|   0|  0|   4|           1|           4|
    |lut_i_21_fu_927_p3       |    select|   0|  0|   4|           1|           4|
    |lut_i_22_fu_956_p3       |    select|   0|  0|   4|           1|           4|
    |lut_i_23_fu_975_p3       |    select|   0|  0|   5|           1|           5|
    |lut_i_24_fu_1003_p3      |    select|   0|  0|   5|           1|           5|
    |lut_i_25_fu_1018_p3      |    select|   0|  0|   5|           1|           5|
    |lut_i_26_fu_1046_p3      |    select|   0|  0|   5|           1|           5|
    |lut_i_27_fu_1074_p3      |    select|   0|  0|   5|           1|           5|
    |lut_i_28_fu_1089_p3      |    select|   0|  0|   5|           1|           5|
    |lut_i_29_fu_1117_p3      |    select|   0|  0|   5|           1|           5|
    |lut_i_30_fu_1132_p3      |    select|   0|  0|   5|           1|           5|
    |select_ln136_fu_692_p3   |    select|   0|  0|   3|           1|           2|
    |select_ln142_fu_737_p3   |    select|   0|  0|   4|           1|           3|
    |select_ln148_fu_846_p3   |    select|   0|  0|   3|           1|           2|
    |select_ln154_fu_872_p3   |    select|   0|  0|   5|           1|           4|
    |select_ln160_fu_892_p3   |    select|   0|  0|   4|           1|           4|
    |select_ln166_fu_915_p3   |    select|   0|  0|   4|           1|           3|
    |select_ln172_fu_944_p3   |    select|   0|  0|   3|           1|           2|
    |select_ln178_fu_968_p3   |    select|   0|  0|   6|           1|           5|
    |select_ln184_fu_991_p3   |    select|   0|  0|   5|           1|           5|
    |select_ln190_fu_1011_p3  |    select|   0|  0|   5|           1|           5|
    |select_ln196_fu_1034_p3  |    select|   0|  0|   5|           1|           5|
    |select_ln202_fu_1062_p3  |    select|   0|  0|   5|           1|           4|
    |select_ln208_fu_1082_p3  |    select|   0|  0|   4|           1|           4|
    |select_ln214_fu_1105_p3  |    select|   0|  0|   4|           1|           3|
    |select_ln220_fu_1125_p3  |    select|   0|  0|   3|           1|           2|
    +-------------------------+----------+----+---+----+------------+------------+
    |Total                    |          |   0|  0| 254|         216|         215|
    +-------------------------+----------+----+---+----+------------+------------+

    * Multiplexer: 
    +-------------------+-----+-----------+-----+-----------+
    |        Name       | LUT | Input Size| Bits| Total Bits|
    +-------------------+-----+-----------+-----+-----------+
    |ap_NS_fsm          |  113|         23|    1|         23|
    |ap_done            |    9|          2|    1|          2|
    |grp_fu_173_opcode  |   13|          3|    5|         15|
    |grp_fu_173_p1      |   33|          8|   32|        256|
    |grp_fu_178_opcode  |   13|          3|    5|         15|
    |grp_fu_178_p1      |   21|          5|   32|        160|
    |grp_fu_202_opcode  |   13|          3|    5|         15|
    |grp_fu_202_p1      |   33|          8|   64|        512|
    |grp_fu_208_opcode  |   13|          3|    5|         15|
    |grp_fu_208_p1      |   33|          8|   64|        512|
    |grp_fu_213_opcode  |   13|          3|    5|         15|
    |grp_fu_213_p1      |   25|          6|   64|        384|
    |grp_fu_231_opcode  |   13|          3|    5|         15|
    |grp_fu_231_p1      |   13|          3|   64|        192|
    +-------------------+-----+-----------+-----+-----------+
    |Total              |  358|         81|  352|       2131|
    +-------------------+-----+-----------+-----+-----------+

    * Register: 
    +---------------------+----+----+-----+-----------+
    |         Name        | FF | LUT| Bits| Const Bits|
    +---------------------+----+----+-----+-----------+
    |and_ln136_reg_1296   |   1|   0|    1|          0|
    |and_ln148_reg_1286   |   1|   0|    1|          0|
    |and_ln154_reg_1321   |   1|   0|    1|          0|
    |and_ln160_reg_1276   |   1|   0|    1|          0|
    |and_ln166_reg_1337   |   1|   0|    1|          0|
    |and_ln172_reg_1353   |   1|   0|    1|          0|
    |and_ln178_reg_1266   |   1|   0|    1|          0|
    |and_ln184_reg_1369   |   1|   0|    1|          0|
    |and_ln190_reg_1256   |   1|   0|    1|          0|
    |and_ln196_reg_1385   |   1|   0|    1|          0|
    |and_ln202_reg_1401   |   1|   0|    1|          0|
    |and_ln208_reg_1246   |   1|   0|    1|          0|
    |and_ln214_reg_1417   |   1|   0|    1|          0|
    |and_ln220_reg_1236   |   1|   0|    1|          0|
    |ap_CS_fsm            |  22|   0|   22|          0|
    |ap_done_reg          |   1|   0|    1|          0|
    |conv1_i_reg_1153     |  64|   0|   64|          0|
    |lut_i_17_reg_1306    |   3|   0|    3|          0|
    |lut_i_25_reg_1423    |   5|   0|    5|          0|
    |lut_i_30_reg_1428    |   5|   0|    5|          0|
    |or_ln130_2_reg_1203  |   1|   0|    1|          0|
    |or_ln130_reg_1188    |   1|   0|    1|          0|
    |or_ln136_reg_1301    |   1|   0|    1|          0|
    |or_ln148_reg_1291    |   1|   0|    1|          0|
    |or_ln160_reg_1281    |   1|   0|    1|          0|
    |or_ln178_reg_1271    |   1|   0|    1|          0|
    |or_ln190_reg_1261    |   1|   0|    1|          0|
    |or_ln208_reg_1251    |   1|   0|    1|          0|
    |or_ln220_reg_1241    |   1|   0|    1|          0|
    |tmp_104_reg_1375     |   1|   0|    1|          0|
    |tmp_105_reg_1380     |   1|   0|    1|          0|
    |tmp_108_reg_1391     |   1|   0|    1|          0|
    |tmp_109_reg_1396     |   1|   0|    1|          0|
    |tmp_116_reg_1407     |   1|   0|    1|          0|
    |tmp_117_reg_1412     |   1|   0|    1|          0|
    |tmp_76_reg_1311      |   1|   0|    1|          0|
    |tmp_77_reg_1316      |   1|   0|    1|          0|
    |tmp_84_reg_1327      |   1|   0|    1|          0|
    |tmp_85_reg_1332      |   1|   0|    1|          0|
    |tmp_88_reg_1343      |   1|   0|    1|          0|
    |tmp_89_reg_1348      |   1|   0|    1|          0|
    |tmp_96_reg_1359      |   1|   0|    1|          0|
    |tmp_97_reg_1364      |   1|   0|    1|          0|
    +---------------------+----+----+-----+-----------+
    |Total                | 137|   0|  137|          0|
    +---------------------+----+----+-----+-----------+



================================================================
== Interface
================================================================
* Summary: 
+-------------+-----+-----+------------+---------------+--------------+
|  RTL Ports  | Dir | Bits|  Protocol  | Source Object |    C Type    |
+-------------+-----+-----+------------+---------------+--------------+
|ap_clk       |   in|    1|  ap_ctrl_hs|  krnl_lut_tanh|  return value|
|ap_rst       |   in|    1|  ap_ctrl_hs|  krnl_lut_tanh|  return value|
|ap_start     |   in|    1|  ap_ctrl_hs|  krnl_lut_tanh|  return value|
|ap_done      |  out|    1|  ap_ctrl_hs|  krnl_lut_tanh|  return value|
|ap_continue  |   in|    1|  ap_ctrl_hs|  krnl_lut_tanh|  return value|
|ap_idle      |  out|    1|  ap_ctrl_hs|  krnl_lut_tanh|  return value|
|ap_ready     |  out|    1|  ap_ctrl_hs|  krnl_lut_tanh|  return value|
|ap_return    |  out|   32|  ap_ctrl_hs|  krnl_lut_tanh|  return value|
|n            |   in|   32|     ap_none|              n|        scalar|
+-------------+-----+-----+------------+---------------+--------------+

