

================================================================
== Vitis HLS Report for 'krnl_lut_sigmoid44'
================================================================
* Date:           Tue Mar 16 16:15:24 2021

* Version:        2020.2 (Build 3064766 on Wed Nov 18 09:12:47 MST 2020)
* Project:        krnl_lstm
* Solution:       solution (Vitis Kernel Flow Target)
* Product family: zynq
* Target device:  xc7z045-ffg900-2


================================================================
== Performance Estimates
================================================================
+ Timing: 
    * Summary: 
    +--------+----------+----------+------------+
    |  Clock |  Target  | Estimated| Uncertainty|
    +--------+----------+----------+------------+
    |ap_clk  |  10.00 ns|  6.598 ns|     2.70 ns|
    +--------+----------+----------+------------+

+ Latency: 
    * Summary: 
    +---------+---------+-----------+-----------+-----+-----+---------+
    |  Latency (cycles) |   Latency (absolute)  |  Interval | Pipeline|
    |   min   |   max   |    min    |    max    | min | max |   Type  |
    +---------+---------+-----------+-----------+-----+-----+---------+
    |        5|        5|  50.000 ns|  50.000 ns|    5|    5|     none|
    +---------+---------+-----------+-----------+-----+-----+---------+

    + Detail: 
        * Instance: 
        N/A

        * Loop: 
        N/A



================================================================
== Utilization Estimates
================================================================
* Summary: 
+-----------------+---------+-----+--------+--------+-----+
|       Name      | BRAM_18K| DSP |   FF   |   LUT  | URAM|
+-----------------+---------+-----+--------+--------+-----+
|DSP              |        -|    -|       -|       -|    -|
|Expression       |        -|    -|       0|      59|    -|
|FIFO             |        -|    -|       -|       -|    -|
|Instance         |        -|    -|       -|       -|    -|
|Memory           |        0|    -|      32|       4|    -|
|Multiplexer      |        -|    -|       -|      68|    -|
|Register         |        -|    -|      16|       -|    -|
+-----------------+---------+-----+--------+--------+-----+
|Total            |        0|    0|      48|     131|    0|
+-----------------+---------+-----+--------+--------+-----+
|Available        |     1090|  900|  437200|  218600|    0|
+-----------------+---------+-----+--------+--------+-----+
|Utilization (%)  |        0|    0|      ~0|      ~0|    0|
+-----------------+---------+-----+--------+--------+-----+

+ Detail: 
    * Instance: 
    +----------------------------------+-----------------------------+---------+----+---+----+-----+
    |             Instance             |            Module           | BRAM_18K| DSP| FF| LUT| URAM|
    +----------------------------------+-----------------------------+---------+----+---+----+-----+
    |fcmp_32ns_32ns_1_2_no_dsp_1_U748  |fcmp_32ns_32ns_1_2_no_dsp_1  |        0|   0|  0|   0|    0|
    |fcmp_32ns_32ns_1_2_no_dsp_1_U749  |fcmp_32ns_32ns_1_2_no_dsp_1  |        0|   0|  0|   0|    0|
    |fcmp_32ns_32ns_1_2_no_dsp_1_U750  |fcmp_32ns_32ns_1_2_no_dsp_1  |        0|   0|  0|   0|    0|
    |fcmp_32ns_32ns_1_2_no_dsp_1_U751  |fcmp_32ns_32ns_1_2_no_dsp_1  |        0|   0|  0|   0|    0|
    |fcmp_32ns_32ns_1_2_no_dsp_1_U752  |fcmp_32ns_32ns_1_2_no_dsp_1  |        0|   0|  0|   0|    0|
    +----------------------------------+-----------------------------+---------+----+---+----+-----+
    |Total                             |                             |        0|   0|  0|   0|    0|
    +----------------------------------+-----------------------------+---------+----+---+----+-----+

    * DSP: 
    N/A

    * Memory: 
    +---------------+-----------------------------------+---------+----+----+-----+------+-----+------+-------------+
    |     Memory    |               Module              | BRAM_18K| FF | LUT| URAM| Words| Bits| Banks| W*Bits*Banks|
    +---------------+-----------------------------------+---------+----+----+-----+------+-----+------+-------------+
    |sigmoid_lut_U  |krnl_lut_sigmoid42_sigmoid_lut109  |        0|  32|   4|    0|     8|   32|     1|          256|
    +---------------+-----------------------------------+---------+----+----+-----+------+-----+------+-------------+
    |Total          |                                   |        0|  32|   4|    0|     8|   32|     1|          256|
    +---------------+-----------------------------------+---------+----+----+-----+------+-----+------+-------------+

    * FIFO: 
    N/A

    * Expression: 
    +-------------------------+----------+----+---+----+------------+------------+
    |      Variable Name      | Operation| DSP| FF| LUT| Bitwidth P0| Bitwidth P1|
    +-------------------------+----------+----+---+----+------------+------------+
    |and_ln43_1_fu_196_p2     |       and|   0|  0|   1|           1|           1|
    |and_ln43_fu_138_p2       |       and|   0|  0|   1|           1|           1|
    |and_ln45_1_fu_213_p2     |       and|   0|  0|   1|           1|           1|
    |and_ln47_1_fu_270_p2     |       and|   0|  0|   1|           1|           1|
    |and_ln47_fu_142_p2       |       and|   0|  0|   1|           1|           1|
    |and_ln49_1_fu_259_p2     |       and|   0|  0|   1|           1|           1|
    |and_ln49_fu_147_p2       |       and|   0|  0|   1|           1|           1|
    |and_ln51_fu_152_p2       |       and|   0|  0|   1|           1|           1|
    |and_ln53_fu_157_p2       |       and|   0|  0|   1|           1|           1|
    |grp_fu_97_p2             |       and|   0|  0|   1|           1|           1|
    |icmp_ln41_1_fu_125_p2    |      icmp|   0|  0|   8|          23|           1|
    |icmp_ln41_fu_119_p2      |      icmp|   0|  0|   4|           8|           2|
    |ap_block_state1          |        or|   0|  0|   1|           1|           1|
    |or_ln41_fu_131_p2        |        or|   0|  0|   1|           1|           1|
    |or_ln43_fu_202_p2        |        or|   0|  0|   1|           1|           1|
    |or_ln45_1_fu_241_p2      |        or|   0|  0|   1|           1|           1|
    |or_ln45_fu_227_p2        |        or|   0|  0|   1|           1|           1|
    |or_ln47_fu_247_p2        |        or|   0|  0|   1|           1|           1|
    |or_ln49_fu_282_p2        |        or|   0|  0|   1|           1|           1|
    |or_ln51_fu_170_p2        |        or|   0|  0|   1|           1|           1|
    |lut_i_fu_287_p3          |    select|   0|  0|   3|           1|           3|
    |select_ln41_fu_184_p3    |    select|   0|  0|   3|           1|           1|
    |select_ln45_1_fu_233_p3  |    select|   0|  0|   3|           1|           3|
    |select_ln45_fu_219_p3    |    select|   0|  0|   2|           1|           2|
    |select_ln49_fu_275_p3    |    select|   0|  0|   4|           1|           4|
    |select_ln51_1_fu_176_p3  |    select|   0|  0|   3|           1|           3|
    |select_ln51_fu_162_p3    |    select|   0|  0|   3|           1|           3|
    |xor_ln41_fu_191_p2       |       xor|   0|  0|   2|           2|           1|
    |xor_ln43_fu_207_p2       |       xor|   0|  0|   2|           1|           2|
    |xor_ln45_fu_265_p2       |       xor|   0|  0|   2|           1|           2|
    |xor_ln47_fu_253_p2       |       xor|   0|  0|   2|           1|           2|
    +-------------------------+----------+----+---+----+------------+------------+
    |Total                    |          |   0|  0|  59|          61|          47|
    +-------------------------+----------+----+---+----+------------+------------+

    * Multiplexer: 
    +--------------+----+-----------+-----+-----------+
    |     Name     | LUT| Input Size| Bits| Total Bits|
    +--------------+----+-----------+-----+-----------+
    |ap_NS_fsm     |  29|          7|    1|          7|
    |ap_done       |   9|          2|    1|          2|
    |grp_fu_69_p1  |  17|          4|   32|        128|
    |grp_fu_97_p0  |  13|          3|    1|          3|
    +--------------+----+-----------+-----+-----------+
    |Total         |  68|         16|   35|        140|
    +--------------+----+-----------+-----+-----------+

    * Register: 
    +-----------------------+---+----+-----+-----------+
    |          Name         | FF| LUT| Bits| Const Bits|
    +-----------------------+---+----+-----+-----------+
    |and_ln41_reg_319       |  1|   0|    1|          0|
    |and_ln47_reg_331       |  1|   0|    1|          0|
    |and_ln49_1_reg_346     |  1|   0|    1|          0|
    |ap_CS_fsm              |  6|   0|    6|          0|
    |ap_done_reg            |  1|   0|    1|          0|
    |or_ln41_reg_309        |  1|   0|    1|          0|
    |or_ln45_1_reg_341      |  1|   0|    1|          0|
    |select_ln45_1_reg_336  |  3|   0|    3|          0|
    |tmp_4_reg_326          |  1|   0|    1|          0|
    +-----------------------+---+----+-----+-----------+
    |Total                  | 16|   0|   16|          0|
    +-----------------------+---+----+-----+-----------+



================================================================
== Interface
================================================================
* Summary: 
+-------------+-----+-----+------------+--------------------+--------------+
|  RTL Ports  | Dir | Bits|  Protocol  |    Source Object   |    C Type    |
+-------------+-----+-----+------------+--------------------+--------------+
|ap_clk       |   in|    1|  ap_ctrl_hs|  krnl_lut_sigmoid44|  return value|
|ap_rst       |   in|    1|  ap_ctrl_hs|  krnl_lut_sigmoid44|  return value|
|ap_start     |   in|    1|  ap_ctrl_hs|  krnl_lut_sigmoid44|  return value|
|ap_done      |  out|    1|  ap_ctrl_hs|  krnl_lut_sigmoid44|  return value|
|ap_continue  |   in|    1|  ap_ctrl_hs|  krnl_lut_sigmoid44|  return value|
|ap_idle      |  out|    1|  ap_ctrl_hs|  krnl_lut_sigmoid44|  return value|
|ap_ready     |  out|    1|  ap_ctrl_hs|  krnl_lut_sigmoid44|  return value|
|ap_return    |  out|   32|  ap_ctrl_hs|  krnl_lut_sigmoid44|  return value|
|p_read       |   in|   32|     ap_none|              p_read|        scalar|
+-------------+-----+-----+------------+--------------------+--------------+

