

================================================================
== Vitis HLS Report for 'p_anonymous_namespace_postProcess_float_2u_unsigned_int_6683'
================================================================
* Date:           Mon May 24 12:53:06 2021

* Version:        2020.2 (Build 3064766 on Wed Nov 18 09:12:47 MST 2020)
* Project:        krnl_lstm
* Solution:       solution (Vitis Kernel Flow Target)
* Product family: zynq
* Target device:  xc7z045-ffg900-2


================================================================
== Performance Estimates
================================================================
+ Timing: 
    * Summary: 
    +--------+----------+----------+------------+
    |  Clock |  Target  | Estimated| Uncertainty|
    +--------+----------+----------+------------+
    |ap_clk  |  10.00 ns|  7.108 ns|     2.70 ns|
    +--------+----------+----------+------------+

+ Latency: 
    * Summary: 
    +---------+---------+----------+----------+-----+-----+---------+
    |  Latency (cycles) |  Latency (absolute) |  Interval | Pipeline|
    |   min   |   max   |    min   |    max   | min | max |   Type  |
    +---------+---------+----------+----------+-----+-----+---------+
    |       34|       34|  0.340 us|  0.340 us|   34|   34|     none|
    +---------+---------+----------+----------+-----+-----+---------+

    + Detail: 
        * Instance: 
        N/A

        * Loop: 
        N/A



================================================================
== Utilization Estimates
================================================================
* Summary: 
+-----------------+---------+-----+--------+--------+-----+
|       Name      | BRAM_18K| DSP |   FF   |   LUT  | URAM|
+-----------------+---------+-----+--------+--------+-----+
|DSP              |        -|    -|       -|       -|    -|
|Expression       |        -|    -|       0|       1|    -|
|FIFO             |        -|    -|       -|       -|    -|
|Instance         |        -|    6|     615|    1173|    -|
|Memory           |        -|    -|       -|       -|    -|
|Multiplexer      |        -|    -|       -|     318|    -|
|Register         |        -|    -|     260|       -|    -|
+-----------------+---------+-----+--------+--------+-----+
|Total            |        0|    6|     875|    1492|    0|
+-----------------+---------+-----+--------+--------+-----+
|Available        |     1090|  900|  437200|  218600|    0|
+-----------------+---------+-----+--------+--------+-----+
|Utilization (%)  |        0|   ~0|      ~0|      ~0|    0|
+-----------------+---------+-----+--------+--------+-----+

+ Detail: 
    * Instance: 
    +--------------------------------------+--------------------------------+---------+----+-----+-----+-----+
    |               Instance               |             Module             | BRAM_18K| DSP|  FF | LUT | URAM|
    +--------------------------------------+--------------------------------+---------+----+-----+-----+-----+
    |fadd_32ns_32ns_32_5_full_dsp_1_U1533  |fadd_32ns_32ns_32_5_full_dsp_1  |        0|   2|  205|  391|    0|
    |fadd_32ns_32ns_32_5_full_dsp_1_U1534  |fadd_32ns_32ns_32_5_full_dsp_1  |        0|   2|  205|  391|    0|
    |fadd_32ns_32ns_32_5_full_dsp_1_U1535  |fadd_32ns_32ns_32_5_full_dsp_1  |        0|   2|  205|  391|    0|
    +--------------------------------------+--------------------------------+---------+----+-----+-----+-----+
    |Total                                 |                                |        0|   6|  615| 1173|    0|
    +--------------------------------------+--------------------------------+---------+----+-----+-----+-----+

    * DSP: 
    N/A

    * Memory: 
    N/A

    * FIFO: 
    N/A

    * Expression: 
    +-----------------+----------+----+---+----+------------+------------+
    |  Variable Name  | Operation| DSP| FF| LUT| Bitwidth P0| Bitwidth P1|
    +-----------------+----------+----+---+----+------------+------------+
    |ap_block_state1  |        or|   0|  0|   1|           1|           1|
    +-----------------+----------+----+---+----+------------+------------+
    |Total            |          |   0|  0|   1|           1|           1|
    +-----------------+----------+----+---+----+------------+------------+

    * Multiplexer: 
    +--------------+-----+-----------+-----+-----------+
    |     Name     | LUT | Input Size| Bits| Total Bits|
    +--------------+-----+-----------+-----+-----------+
    |ap_NS_fsm     |  161|         36|    1|         36|
    |ap_done       |    9|          2|    1|          2|
    |grp_fu_31_p0  |   33|          8|   32|        256|
    |grp_fu_31_p1  |   37|          9|   32|        288|
    |grp_fu_35_p0  |   17|          4|   32|        128|
    |grp_fu_35_p1  |   17|          4|   32|        128|
    |grp_fu_40_p0  |   13|          3|   32|         96|
    |grp_fu_40_p1  |   13|          3|   32|         96|
    |l_dot2_blk_n  |    9|          2|    1|          2|
    |l_pad3_blk_n  |    9|          2|    1|          2|
    +--------------+-----+-----------+-----+-----------+
    |Total         |  318|         73|  196|       1034|
    +--------------+-----+-----------+-----+-----------+

    * Register: 
    +-------------+----+----+-----+-----------+
    |     Name    | FF | LUT| Bits| Const Bits|
    +-------------+----+----+-----+-----------+
    |ap_CS_fsm    |  35|   0|   35|          0|
    |ap_done_reg  |   1|   0|    1|          0|
    |reg_44       |  32|   0|   32|          0|
    |reg_48       |  32|   0|   32|          0|
    |reg_52       |  32|   0|   32|          0|
    |reg_58       |  32|   0|   32|          0|
    |reg_64       |  32|   0|   32|          0|
    |reg_69       |  32|   0|   32|          0|
    |reg_75       |  32|   0|   32|          0|
    +-------------+----+----+-----+-----------+
    |Total        | 260|   0|  260|          0|
    +-------------+----+----+-----+-----------+



================================================================
== Interface
================================================================
* Summary: 
+----------------+-----+-----+------------+---------------------------------------------------------------+--------------+
|    RTL Ports   | Dir | Bits|  Protocol  |                         Source Object                         |    C Type    |
+----------------+-----+-----+------------+---------------------------------------------------------------+--------------+
|ap_clk          |   in|    1|  ap_ctrl_hs|  (anonymous namespace)postProcess<float, 2u, unsigned int>6683|  return value|
|ap_rst          |   in|    1|  ap_ctrl_hs|  (anonymous namespace)postProcess<float, 2u, unsigned int>6683|  return value|
|ap_start        |   in|    1|  ap_ctrl_hs|  (anonymous namespace)postProcess<float, 2u, unsigned int>6683|  return value|
|ap_done         |  out|    1|  ap_ctrl_hs|  (anonymous namespace)postProcess<float, 2u, unsigned int>6683|  return value|
|ap_continue     |   in|    1|  ap_ctrl_hs|  (anonymous namespace)postProcess<float, 2u, unsigned int>6683|  return value|
|ap_idle         |  out|    1|  ap_ctrl_hs|  (anonymous namespace)postProcess<float, 2u, unsigned int>6683|  return value|
|ap_ready        |  out|    1|  ap_ctrl_hs|  (anonymous namespace)postProcess<float, 2u, unsigned int>6683|  return value|
|l_pad3_dout     |   in|   32|     ap_fifo|                                                         l_pad3|       pointer|
|l_pad3_empty_n  |   in|    1|     ap_fifo|                                                         l_pad3|       pointer|
|l_pad3_read     |  out|    1|     ap_fifo|                                                         l_pad3|       pointer|
|l_dot2_din      |  out|   32|     ap_fifo|                                                         l_dot2|       pointer|
|l_dot2_full_n   |   in|    1|     ap_fifo|                                                         l_dot2|       pointer|
|l_dot2_write    |  out|    1|     ap_fifo|                                                         l_dot2|       pointer|
+----------------+-----+-----+------------+---------------------------------------------------------------+--------------+

