

================================================================
== Vitis HLS Report for 'p_anonymous_namespace_dot_tree_float_2u_unsigned_int_float_5362'
================================================================
* Date:           Mon May 24 12:53:06 2021

* Version:        2020.2 (Build 3064766 on Wed Nov 18 09:12:47 MST 2020)
* Project:        krnl_lstm
* Solution:       solution (Vitis Kernel Flow Target)
* Product family: zynq
* Target device:  xc7z045-ffg900-2


================================================================
== Performance Estimates
================================================================
+ Timing: 
    * Summary: 
    +--------+----------+----------+------------+
    |  Clock |  Target  | Estimated| Uncertainty|
    +--------+----------+----------+------------+
    |ap_clk  |  10.00 ns|  7.935 ns|     2.70 ns|
    +--------+----------+----------+------------+

+ Latency: 
    * Summary: 
    +---------+---------+----------+----------+-----+-----+----------+
    |  Latency (cycles) |  Latency (absolute) |  Interval | Pipeline |
    |   min   |   max   |    min   |    max   | min | max |   Type   |
    +---------+---------+----------+----------+-----+-----+----------+
    |       98|       98|  0.980 us|  0.980 us|   35|   35|  dataflow|
    +---------+---------+----------+----------+-----+-----+----------+

    + Detail: 
        * Instance: 
        +-----------------------------------------+--------------------------------------+---------+---------+----------+----------+-----+-----+----------+
        |                                         |                                      |  Latency (cycles) |  Latency (absolute) |  Interval | Pipeline |
        |                 Instance                |                Module                |   min   |   max   |    min   |    max   | min | max |   Type   |
        +-----------------------------------------+--------------------------------------+---------+---------+----------+----------+-----+-----+----------+
        |mul_float_4u_unsigned_int_float_5871_U0  |mul_float_4u_unsigned_int_float_5871  |       20|       20|  0.200 us|  0.200 us|   20|   20|      none|
        |sum_float_2u_unsigned_int_float_5972_U0  |sum_float_2u_unsigned_int_float_5972  |       77|       77|  0.770 us|  0.770 us|   35|   35|  dataflow|
        +-----------------------------------------+--------------------------------------+---------+---------+----------+----------+-----+-----+----------+

        * Loop: 
        N/A



================================================================
== Utilization Estimates
================================================================
* Summary: 
+-----------------+---------+-----+--------+--------+-----+
|       Name      | BRAM_18K| DSP |   FF   |   LUT  | URAM|
+-----------------+---------+-----+--------+--------+-----+
|DSP              |        -|    -|       -|       -|    -|
|Expression       |        -|    -|       0|       1|    -|
|FIFO             |        -|    -|      99|      68|    -|
|Instance         |        -|   24|    4762|    5741|    -|
|Memory           |        -|    -|       -|       -|    -|
|Multiplexer      |        -|    -|       -|       -|    -|
|Register         |        -|    -|       -|       -|    -|
+-----------------+---------+-----+--------+--------+-----+
|Total            |        0|   24|    4861|    5810|    0|
+-----------------+---------+-----+--------+--------+-----+
|Available        |     1090|  900|  437200|  218600|    0|
+-----------------+---------+-----+--------+--------+-----+
|Utilization (%)  |        0|    2|       1|       2|    0|
+-----------------+---------+-----+--------+--------+-----+

+ Detail: 
    * Instance: 
    +-----------------------------------------+--------------------------------------+---------+----+------+------+-----+
    |                 Instance                |                Module                | BRAM_18K| DSP|  FF  |  LUT | URAM|
    +-----------------------------------------+--------------------------------------+---------+----+------+------+-----+
    |mul_float_4u_unsigned_int_float_5871_U0  |mul_float_4u_unsigned_int_float_5871  |        0|  12|  1939|  2172|    0|
    |sum_float_2u_unsigned_int_float_5972_U0  |sum_float_2u_unsigned_int_float_5972  |        0|  12|  2823|  3569|    0|
    +-----------------------------------------+--------------------------------------+---------+----+------+------+-----+
    |Total                                    |                                      |        0|  24|  4762|  5741|    0|
    +-----------------------------------------+--------------------------------------+---------+----+------+------+-----+

    * DSP: 
    N/A

    * Memory: 
    N/A

    * FIFO: 
    +------------+---------+----+----+-----+------+-----+---------+
    |    Name    | BRAM_18K| FF | LUT| URAM| Depth| Bits| Size:D*B|
    +------------+---------+----+----+-----+------+-----+---------+
    |l_mulStr_U  |        0|  99|   0|    -|     2|  128|      256|
    +------------+---------+----+----+-----+------+-----+---------+
    |Total       |        0|  99|   0|    0|     2|  128|      256|
    +------------+---------+----+----+-----+------+-----+---------+

    * Expression: 
    +--------------+----------+----+---+----+------------+------------+
    | Variable Name| Operation| DSP| FF| LUT| Bitwidth P0| Bitwidth P1|
    +--------------+----------+----+---+----+------------+------------+
    |ap_idle       |       and|   0|  0|   1|           1|           1|
    +--------------+----------+----+---+----+------------+------------+
    |Total         |          |   0|  0|   1|           1|           1|
    +--------------+----------+----+---+----+------------+------------+

    * Multiplexer: 
    N/A

    * Register: 
    N/A



================================================================
== Interface
================================================================
* Summary: 
+------------------+-----+-----+------------+-------------------------------------------------------------------+--------------+
|     RTL Ports    | Dir | Bits|  Protocol  |                           Source Object                           |    C Type    |
+------------------+-----+-----+------------+-------------------------------------------------------------------+--------------+
|str_in12_dout     |   in|  128|     ap_fifo|                                                           str_in12|       pointer|
|str_in12_empty_n  |   in|    1|     ap_fifo|                                                           str_in12|       pointer|
|str_in12_read     |  out|    1|     ap_fifo|                                                           str_in12|       pointer|
|str_in23_dout     |   in|  128|     ap_fifo|                                                           str_in23|       pointer|
|str_in23_empty_n  |   in|    1|     ap_fifo|                                                           str_in23|       pointer|
|str_in23_read     |  out|    1|     ap_fifo|                                                           str_in23|       pointer|
|l_dot2_din        |  out|   32|     ap_fifo|                                                             l_dot2|       pointer|
|l_dot2_full_n     |   in|    1|     ap_fifo|                                                             l_dot2|       pointer|
|l_dot2_write      |  out|    1|     ap_fifo|                                                             l_dot2|       pointer|
|ap_clk            |   in|    1|  ap_ctrl_hs|  (anonymous namespace)dot_tree<float, 2u, unsigned int, float>5362|  return value|
|ap_rst            |   in|    1|  ap_ctrl_hs|  (anonymous namespace)dot_tree<float, 2u, unsigned int, float>5362|  return value|
|ap_start          |   in|    1|  ap_ctrl_hs|  (anonymous namespace)dot_tree<float, 2u, unsigned int, float>5362|  return value|
|ap_done           |  out|    1|  ap_ctrl_hs|  (anonymous namespace)dot_tree<float, 2u, unsigned int, float>5362|  return value|
|ap_ready          |  out|    1|  ap_ctrl_hs|  (anonymous namespace)dot_tree<float, 2u, unsigned int, float>5362|  return value|
|ap_idle           |  out|    1|  ap_ctrl_hs|  (anonymous namespace)dot_tree<float, 2u, unsigned int, float>5362|  return value|
|ap_continue       |   in|    1|  ap_ctrl_hs|  (anonymous namespace)dot_tree<float, 2u, unsigned int, float>5362|  return value|
+------------------+-----+-----+------------+-------------------------------------------------------------------+--------------+

