

================================================================
== Vitis HLS Report for 'p_anonymous_namespace_dot_tree_float_5u_unsigned_int_float_s'
================================================================
* Date:           Tue Mar 16 16:15:56 2021

* Version:        2020.2 (Build 3064766 on Wed Nov 18 09:12:47 MST 2020)
* Project:        krnl_lstm
* Solution:       solution (Vitis Kernel Flow Target)
* Product family: zynq
* Target device:  xc7z045-ffg900-2


================================================================
== Performance Estimates
================================================================
+ Timing: 
    * Summary: 
    +--------+----------+----------+------------+
    |  Clock |  Target  | Estimated| Uncertainty|
    +--------+----------+----------+------------+
    |ap_clk  |  10.00 ns|  7.157 ns|     2.70 ns|
    +--------+----------+----------+------------+

+ Latency: 
    * Summary: 
    +---------+---------+----------+----------+-----+-----+----------+
    |  Latency (cycles) |  Latency (absolute) |  Interval | Pipeline |
    |   min   |   max   |    min   |    max   | min | max |   Type   |
    +---------+---------+----------+----------+-----+-----+----------+
    |       56|       56|  0.560 us|  0.560 us|   27|   27|  dataflow|
    +---------+---------+----------+----------+-----+-----+----------+

    + Detail: 
        * Instance: 
        +-------------------------------------+------------------------------------+---------+---------+-----------+-----------+-----+-----+----------+
        |                                     |                                    |  Latency (cycles) |   Latency (absolute)  |  Interval | Pipeline |
        |               Instance              |               Module               |   min   |   max   |    min    |    max    | min | max |   Type   |
        +-------------------------------------+------------------------------------+---------+---------+-----------+-----------+-----+-----+----------+
        |mul_float_32u_unsigned_int_float_U0  |mul_float_32u_unsigned_int_float_s  |        5|        5|  50.000 ns|  50.000 ns|    5|    5|      none|
        |sum_float_5u_unsigned_int_float_U0   |sum_float_5u_unsigned_int_float_s   |       50|       50|   0.500 us|   0.500 us|   27|   27|  dataflow|
        +-------------------------------------+------------------------------------+---------+---------+-----------+-----------+-----+-----+----------+

        * Loop: 
        N/A



================================================================
== Utilization Estimates
================================================================
* Summary: 
+-----------------+---------+-----+--------+--------+-----+
|       Name      | BRAM_18K| DSP |   FF   |   LUT  | URAM|
+-----------------+---------+-----+--------+--------+-----+
|DSP              |        -|    -|       -|       -|    -|
|Expression       |        -|    -|       0|       1|    -|
|FIFO             |        -|    -|      99|      68|    -|
|Instance         |        -|  130|   13059|   17790|    -|
|Memory           |        -|    -|       -|       -|    -|
|Multiplexer      |        -|    -|       -|       -|    -|
|Register         |        -|    -|       -|       -|    -|
+-----------------+---------+-----+--------+--------+-----+
|Total            |        0|  130|   13158|   17859|    0|
+-----------------+---------+-----+--------+--------+-----+
|Available        |     1090|  900|  437200|  218600|    0|
+-----------------+---------+-----+--------+--------+-----+
|Utilization (%)  |        0|   14|       3|       8|    0|
+-----------------+---------+-----+--------+--------+-----+

+ Detail: 
    * Instance: 
    +-------------------------------------+------------------------------------+---------+----+------+-------+-----+
    |               Instance              |               Module               | BRAM_18K| DSP|  FF  |  LUT  | URAM|
    +-------------------------------------+------------------------------------+---------+----+------+-------+-----+
    |mul_float_32u_unsigned_int_float_U0  |mul_float_32u_unsigned_int_float_s  |        0|  96|  7656|  10379|    0|
    |sum_float_5u_unsigned_int_float_U0   |sum_float_5u_unsigned_int_float_s   |        0|  34|  5403|   7411|    0|
    +-------------------------------------+------------------------------------+---------+----+------+-------+-----+
    |Total                                |                                    |        0| 130| 13059|  17790|    0|
    +-------------------------------------+------------------------------------+---------+----+------+-------+-----+

    * DSP: 
    N/A

    * Memory: 
    N/A

    * FIFO: 
    +------------+---------+----+----+-----+------+------+---------+
    |    Name    | BRAM_18K| FF | LUT| URAM| Depth| Bits | Size:D*B|
    +------------+---------+----+----+-----+------+------+---------+
    |l_mulStr_U  |        0|  99|   0|    -|     2|  1024|     2048|
    +------------+---------+----+----+-----+------+------+---------+
    |Total       |        0|  99|   0|    0|     2|  1024|     2048|
    +------------+---------+----+----+-----+------+------+---------+

    * Expression: 
    +--------------+----------+----+---+----+------------+------------+
    | Variable Name| Operation| DSP| FF| LUT| Bitwidth P0| Bitwidth P1|
    +--------------+----------+----+---+----+------------+------------+
    |ap_idle       |       and|   0|  0|   1|           1|           1|
    +--------------+----------+----+---+----+------------+------------+
    |Total         |          |   0|  0|   1|           1|           1|
    +--------------+----------+----+---+----+------------+------------+

    * Multiplexer: 
    N/A

    * Register: 
    N/A



================================================================
== Interface
================================================================
* Summary: 
+------------------+-----+------+------------+---------------------------------------------------------------+--------------+
|     RTL Ports    | Dir | Bits |  Protocol  |                         Source Object                         |    C Type    |
+------------------+-----+------+------------+---------------------------------------------------------------+--------------+
|str_in12_dout     |   in|  1024|     ap_fifo|                                                       str_in12|       pointer|
|str_in12_empty_n  |   in|     1|     ap_fifo|                                                       str_in12|       pointer|
|str_in12_read     |  out|     1|     ap_fifo|                                                       str_in12|       pointer|
|str_in23_dout     |   in|  1024|     ap_fifo|                                                       str_in23|       pointer|
|str_in23_empty_n  |   in|     1|     ap_fifo|                                                       str_in23|       pointer|
|str_in23_read     |  out|     1|     ap_fifo|                                                       str_in23|       pointer|
|l_dot2_din        |  out|    32|     ap_fifo|                                                         l_dot2|       pointer|
|l_dot2_full_n     |   in|     1|     ap_fifo|                                                         l_dot2|       pointer|
|l_dot2_write      |  out|     1|     ap_fifo|                                                         l_dot2|       pointer|
|ap_clk            |   in|     1|  ap_ctrl_hs|  (anonymous namespace)dot_tree<float, 5u, unsigned int, float>|  return value|
|ap_rst            |   in|     1|  ap_ctrl_hs|  (anonymous namespace)dot_tree<float, 5u, unsigned int, float>|  return value|
|ap_start          |   in|     1|  ap_ctrl_hs|  (anonymous namespace)dot_tree<float, 5u, unsigned int, float>|  return value|
|ap_done           |  out|     1|  ap_ctrl_hs|  (anonymous namespace)dot_tree<float, 5u, unsigned int, float>|  return value|
|ap_ready          |  out|     1|  ap_ctrl_hs|  (anonymous namespace)dot_tree<float, 5u, unsigned int, float>|  return value|
|ap_idle           |  out|     1|  ap_ctrl_hs|  (anonymous namespace)dot_tree<float, 5u, unsigned int, float>|  return value|
|ap_continue       |   in|     1|  ap_ctrl_hs|  (anonymous namespace)dot_tree<float, 5u, unsigned int, float>|  return value|
+------------------+-----+------+------------+---------------------------------------------------------------+--------------+

