

================================================================
== Vitis HLS Report for 'p_anonymous_namespace_postProcess_float_2u_unsigned_int_7485'
================================================================
* Date:           Tue Mar 16 16:15:12 2021

* Version:        2020.2 (Build 3064766 on Wed Nov 18 09:12:47 MST 2020)
* Project:        krnl_lstm
* Solution:       solution (Vitis Kernel Flow Target)
* Product family: zynq
* Target device:  xc7z045-ffg900-2


================================================================
== Performance Estimates
================================================================
+ Timing: 
    * Summary: 
    +--------+----------+----------+------------+
    |  Clock |  Target  | Estimated| Uncertainty|
    +--------+----------+----------+------------+
    |ap_clk  |  10.00 ns|  6.329 ns|     2.70 ns|
    +--------+----------+----------+------------+

+ Latency: 
    * Summary: 
    +---------+---------+----------+----------+-----+-----+---------+
    |  Latency (cycles) |  Latency (absolute) |  Interval | Pipeline|
    |   min   |   max   |    min   |    max   | min | max |   Type  |
    +---------+---------+----------+----------+-----+-----+---------+
    |       19|       19|  0.190 us|  0.190 us|   19|   19|     none|
    +---------+---------+----------+----------+-----+-----+---------+

    + Detail: 
        * Instance: 
        N/A

        * Loop: 
        N/A



================================================================
== Utilization Estimates
================================================================
* Summary: 
+-----------------+---------+-----+--------+--------+-----+
|       Name      | BRAM_18K| DSP |   FF   |   LUT  | URAM|
+-----------------+---------+-----+--------+--------+-----+
|DSP              |        -|    -|       -|       -|    -|
|Expression       |        -|    -|       0|       1|    -|
|FIFO             |        -|    -|       -|       -|    -|
|Instance         |        -|    2|     205|     391|    -|
|Memory           |        -|    -|       -|       -|    -|
|Multiplexer      |        -|    -|       -|     171|    -|
|Register         |        -|    -|     149|       -|    -|
+-----------------+---------+-----+--------+--------+-----+
|Total            |        0|    2|     354|     563|    0|
+-----------------+---------+-----+--------+--------+-----+
|Available        |     1090|  900|  437200|  218600|    0|
+-----------------+---------+-----+--------+--------+-----+
|Utilization (%)  |        0|   ~0|      ~0|      ~0|    0|
+-----------------+---------+-----+--------+--------+-----+

+ Detail: 
    * Instance: 
    +-------------------------------------+--------------------------------+---------+----+-----+-----+-----+
    |               Instance              |             Module             | BRAM_18K| DSP|  FF | LUT | URAM|
    +-------------------------------------+--------------------------------+---------+----+-----+-----+-----+
    |fadd_32ns_32ns_32_5_full_dsp_1_U348  |fadd_32ns_32ns_32_5_full_dsp_1  |        0|   2|  205|  391|    0|
    +-------------------------------------+--------------------------------+---------+----+-----+-----+-----+
    |Total                                |                                |        0|   2|  205|  391|    0|
    +-------------------------------------+--------------------------------+---------+----+-----+-----+-----+

    * DSP: 
    N/A

    * Memory: 
    N/A

    * FIFO: 
    N/A

    * Expression: 
    +-----------------+----------+----+---+----+------------+------------+
    |  Variable Name  | Operation| DSP| FF| LUT| Bitwidth P0| Bitwidth P1|
    +-----------------+----------+----+---+----+------------+------------+
    |ap_block_state1  |        or|   0|  0|   1|           1|           1|
    +-----------------+----------+----+---+----+------------+------------+
    |Total            |          |   0|  0|   1|           1|           1|
    +-----------------+----------+----+---+----+------------+------------+

    * Multiplexer: 
    +--------------+-----+-----------+-----+-----------+
    |     Name     | LUT | Input Size| Bits| Total Bits|
    +--------------+-----+-----------+-----+-----------+
    |ap_NS_fsm     |  102|         21|    1|         21|
    |ap_done       |    9|          2|    1|          2|
    |grp_fu_31_p0  |   21|          5|   32|        160|
    |grp_fu_31_p1  |   21|          5|   32|        160|
    |l_dot2_blk_n  |    9|          2|    1|          2|
    |l_pad3_blk_n  |    9|          2|    1|          2|
    +--------------+-----+-----------+-----+-----------+
    |Total         |  171|         37|   68|        347|
    +--------------+-----+-----------+-----+-----------+

    * Register: 
    +----------------+----+----+-----+-----------+
    |      Name      | FF | LUT| Bits| Const Bits|
    +----------------+----+----+-----+-----------+
    |add_i_i_reg_95  |  32|   0|   32|          0|
    |ap_CS_fsm       |  20|   0|   20|          0|
    |ap_done_reg     |   1|   0|    1|          0|
    |reg_36          |  32|   0|   32|          0|
    |reg_40          |  32|   0|   32|          0|
    |reg_44          |  32|   0|   32|          0|
    +----------------+----+----+-----+-----------+
    |Total           | 149|   0|  149|          0|
    +----------------+----+----+-----+-----------+



================================================================
== Interface
================================================================
* Summary: 
+----------------+-----+-----+------------+---------------------------------------------------------------+--------------+
|    RTL Ports   | Dir | Bits|  Protocol  |                         Source Object                         |    C Type    |
+----------------+-----+-----+------------+---------------------------------------------------------------+--------------+
|ap_clk          |   in|    1|  ap_ctrl_hs|  (anonymous namespace)postProcess<float, 2u, unsigned int>7485|  return value|
|ap_rst          |   in|    1|  ap_ctrl_hs|  (anonymous namespace)postProcess<float, 2u, unsigned int>7485|  return value|
|ap_start        |   in|    1|  ap_ctrl_hs|  (anonymous namespace)postProcess<float, 2u, unsigned int>7485|  return value|
|ap_done         |  out|    1|  ap_ctrl_hs|  (anonymous namespace)postProcess<float, 2u, unsigned int>7485|  return value|
|ap_continue     |   in|    1|  ap_ctrl_hs|  (anonymous namespace)postProcess<float, 2u, unsigned int>7485|  return value|
|ap_idle         |  out|    1|  ap_ctrl_hs|  (anonymous namespace)postProcess<float, 2u, unsigned int>7485|  return value|
|ap_ready        |  out|    1|  ap_ctrl_hs|  (anonymous namespace)postProcess<float, 2u, unsigned int>7485|  return value|
|l_pad3_dout     |   in|   32|     ap_fifo|                                                         l_pad3|       pointer|
|l_pad3_empty_n  |   in|    1|     ap_fifo|                                                         l_pad3|       pointer|
|l_pad3_read     |  out|    1|     ap_fifo|                                                         l_pad3|       pointer|
|l_dot2_din      |  out|   32|     ap_fifo|                                                         l_dot2|       pointer|
|l_dot2_full_n   |   in|    1|     ap_fifo|                                                         l_dot2|       pointer|
|l_dot2_write    |  out|    1|     ap_fifo|                                                         l_dot2|       pointer|
+----------------+-----+-----+------------+---------------------------------------------------------------+--------------+

