

================================================================
== Vitis HLS Report for 'padding_float_4u_unsigned_int_7390'
================================================================
* Date:           Tue Mar 16 16:15:29 2021

* Version:        2020.2 (Build 3064766 on Wed Nov 18 09:12:47 MST 2020)
* Project:        krnl_lstm
* Solution:       solution (Vitis Kernel Flow Target)
* Product family: zynq
* Target device:  xc7z045-ffg900-2


================================================================
== Performance Estimates
================================================================
+ Timing: 
    * Summary: 
    +--------+----------+----------+------------+
    |  Clock |  Target  | Estimated| Uncertainty|
    +--------+----------+----------+------------+
    |ap_clk  |  10.00 ns|  6.802 ns|     2.70 ns|
    +--------+----------+----------+------------+

+ Latency: 
    * Summary: 
    +---------+---------+-----------+-----------+-----+-----+---------+
    |  Latency (cycles) |   Latency (absolute)  |  Interval | Pipeline|
    |   min   |   max   |    min    |    max    | min | max |   Type  |
    +---------+---------+-----------+-----------+-----+-----+---------+
    |        3|        3|  30.000 ns|  30.000 ns|    3|    3|     none|
    +---------+---------+-----------+-----------+-----+-----+---------+

    + Detail: 
        * Instance: 
        N/A

        * Loop: 
        N/A



================================================================
== Utilization Estimates
================================================================
* Summary: 
+-----------------+---------+-----+--------+--------+-----+
|       Name      | BRAM_18K| DSP |   FF   |   LUT  | URAM|
+-----------------+---------+-----+--------+--------+-----+
|DSP              |        -|    -|       -|       -|    -|
|Expression       |        -|    -|       0|       1|    -|
|FIFO             |        -|    -|       -|       -|    -|
|Instance         |        -|    -|       -|       -|    -|
|Memory           |        -|    -|       -|       -|    -|
|Multiplexer      |        -|    -|       -|      70|    -|
|Register         |        -|    -|       6|       -|    -|
+-----------------+---------+-----+--------+--------+-----+
|Total            |        0|    0|       6|      71|    0|
+-----------------+---------+-----+--------+--------+-----+
|Available        |     1090|  900|  437200|  218600|    0|
+-----------------+---------+-----+--------+--------+-----+
|Utilization (%)  |        0|    0|      ~0|      ~0|    0|
+-----------------+---------+-----+--------+--------+-----+

+ Detail: 
    * Instance: 
    N/A

    * DSP: 
    N/A

    * Memory: 
    N/A

    * FIFO: 
    N/A

    * Expression: 
    +-----------------+----------+----+---+----+------------+------------+
    |  Variable Name  | Operation| DSP| FF| LUT| Bitwidth P0| Bitwidth P1|
    +-----------------+----------+----+---+----+------------+------------+
    |ap_block_state1  |        or|   0|  0|   1|           1|           1|
    +-----------------+----------+----+---+----+------------+------------+
    |Total            |          |   0|  0|   1|           1|           1|
    +-----------------+----------+----+---+----+------------+------------+

    * Multiplexer: 
    +---------------+----+-----------+-----+-----------+
    |      Name     | LUT| Input Size| Bits| Total Bits|
    +---------------+----+-----------+-----+-----------+
    |ap_NS_fsm      |  21|          5|    1|          5|
    |ap_done        |   9|          2|    1|          2|
    |l_data2_blk_n  |   9|          2|    1|          2|
    |l_pad3_blk_n   |   9|          2|    1|          2|
    |l_pad3_din     |  13|          3|   32|         96|
    |real_start     |   9|          2|    1|          2|
    +---------------+----+-----------+-----+-----------+
    |Total          |  70|         16|   37|        109|
    +---------------+----+-----------+-----+-----------+

    * Register: 
    +----------------+---+----+-----+-----------+
    |      Name      | FF| LUT| Bits| Const Bits|
    +----------------+---+----+-----+-----------+
    |ap_CS_fsm       |  4|   0|    4|          0|
    |ap_done_reg     |  1|   0|    1|          0|
    |start_once_reg  |  1|   0|    1|          0|
    +----------------+---+----+-----+-----------+
    |Total           |  6|   0|    6|          0|
    +----------------+---+----+-----+-----------+



================================================================
== Interface
================================================================
* Summary: 
+-----------------+-----+-----+------------+--------------------------------------+--------------+
|    RTL Ports    | Dir | Bits|  Protocol  |             Source Object            |    C Type    |
+-----------------+-----+-----+------------+--------------------------------------+--------------+
|ap_clk           |   in|    1|  ap_ctrl_hs|  padding<float, 4u, unsigned int>7390|  return value|
|ap_rst           |   in|    1|  ap_ctrl_hs|  padding<float, 4u, unsigned int>7390|  return value|
|ap_start         |   in|    1|  ap_ctrl_hs|  padding<float, 4u, unsigned int>7390|  return value|
|start_full_n     |   in|    1|  ap_ctrl_hs|  padding<float, 4u, unsigned int>7390|  return value|
|ap_done          |  out|    1|  ap_ctrl_hs|  padding<float, 4u, unsigned int>7390|  return value|
|ap_continue      |   in|    1|  ap_ctrl_hs|  padding<float, 4u, unsigned int>7390|  return value|
|ap_idle          |  out|    1|  ap_ctrl_hs|  padding<float, 4u, unsigned int>7390|  return value|
|ap_ready         |  out|    1|  ap_ctrl_hs|  padding<float, 4u, unsigned int>7390|  return value|
|start_out        |  out|    1|  ap_ctrl_hs|  padding<float, 4u, unsigned int>7390|  return value|
|start_write      |  out|    1|  ap_ctrl_hs|  padding<float, 4u, unsigned int>7390|  return value|
|l_data2_dout     |   in|   32|     ap_fifo|                               l_data2|       pointer|
|l_data2_empty_n  |   in|    1|     ap_fifo|                               l_data2|       pointer|
|l_data2_read     |  out|    1|     ap_fifo|                               l_data2|       pointer|
|l_pad3_din       |  out|   32|     ap_fifo|                                l_pad3|       pointer|
|l_pad3_full_n    |   in|    1|     ap_fifo|                                l_pad3|       pointer|
|l_pad3_write     |  out|    1|     ap_fifo|                                l_pad3|       pointer|
+-----------------+-----+-----+------------+--------------------------------------+--------------+

