

================================================================
== Vitis HLS Report for 'readVec2Stream_float_4u_3148'
================================================================
* Date:           Mon May 24 12:53:03 2021

* Version:        2020.2 (Build 3064766 on Wed Nov 18 09:12:47 MST 2020)
* Project:        krnl_lstm
* Solution:       solution (Vitis Kernel Flow Target)
* Product family: zynq
* Target device:  xc7z045-ffg900-2


================================================================
== Performance Estimates
================================================================
+ Timing: 
    * Summary: 
    +--------+----------+----------+------------+
    |  Clock |  Target  | Estimated| Uncertainty|
    +--------+----------+----------+------------+
    |ap_clk  |  10.00 ns|  6.802 ns|     2.70 ns|
    +--------+----------+----------+------------+

+ Latency: 
    * Summary: 
    +---------+---------+----------+----------+-----+-----+---------+
    |  Latency (cycles) |  Latency (absolute) |  Interval | Pipeline|
    |   min   |   max   |    min   |    max   | min | max |   Type  |
    +---------+---------+----------+----------+-----+-----+---------+
    |       15|       15|  0.150 us|  0.150 us|   15|   15|     none|
    +---------+---------+----------+----------+-----+-----+---------+

    + Detail: 
        * Instance: 
        N/A

        * Loop: 
        N/A



================================================================
== Utilization Estimates
================================================================
* Summary: 
+-----------------+---------+-----+--------+--------+-----+
|       Name      | BRAM_18K| DSP |   FF   |   LUT  | URAM|
+-----------------+---------+-----+--------+--------+-----+
|DSP              |        -|    -|       -|       -|    -|
|Expression       |        -|    -|       0|       1|    -|
|FIFO             |        -|    -|       -|       -|    -|
|Instance         |        -|    -|       -|       -|    -|
|Memory           |        -|    -|       -|       -|    -|
|Multiplexer      |        -|    -|       -|     756|    -|
|Register         |        -|    -|    1937|       -|    -|
+-----------------+---------+-----+--------+--------+-----+
|Total            |        0|    0|    1937|     757|    0|
+-----------------+---------+-----+--------+--------+-----+
|Available        |     1090|  900|  437200|  218600|    0|
+-----------------+---------+-----+--------+--------+-----+
|Utilization (%)  |        0|    0|      ~0|      ~0|    0|
+-----------------+---------+-----+--------+--------+-----+

+ Detail: 
    * Instance: 
    N/A

    * DSP: 
    N/A

    * Memory: 
    N/A

    * FIFO: 
    N/A

    * Expression: 
    +-----------------+----------+----+---+----+------------+------------+
    |  Variable Name  | Operation| DSP| FF| LUT| Bitwidth P0| Bitwidth P1|
    +-----------------+----------+----+---+----+------------+------------+
    |ap_block_state1  |        or|   0|  0|   1|           1|           1|
    +-----------------+----------+----+---+----+------------+------------+
    |Total            |          |   0|  0|   1|           1|           1|
    +-----------------+----------+----+---+----+------------+------------+

    * Multiplexer: 
    +----------------+----+-----------+-----+-----------+
    |      Name      | LUT| Input Size| Bits| Total Bits|
    +----------------+----+-----------+-----+-----------+
    |ap_NS_fsm       |  81|         17|    1|         17|
    |ap_done         |   9|          2|    1|          2|
    |p_in_0_blk_n    |   9|          2|    1|          2|
    |p_in_10_blk_n   |   9|          2|    1|          2|
    |p_in_11_blk_n   |   9|          2|    1|          2|
    |p_in_12_blk_n   |   9|          2|    1|          2|
    |p_in_13_blk_n   |   9|          2|    1|          2|
    |p_in_14_blk_n   |   9|          2|    1|          2|
    |p_in_15_blk_n   |   9|          2|    1|          2|
    |p_in_16_blk_n   |   9|          2|    1|          2|
    |p_in_17_blk_n   |   9|          2|    1|          2|
    |p_in_18_blk_n   |   9|          2|    1|          2|
    |p_in_19_blk_n   |   9|          2|    1|          2|
    |p_in_1_blk_n    |   9|          2|    1|          2|
    |p_in_20_blk_n   |   9|          2|    1|          2|
    |p_in_21_blk_n   |   9|          2|    1|          2|
    |p_in_22_blk_n   |   9|          2|    1|          2|
    |p_in_23_blk_n   |   9|          2|    1|          2|
    |p_in_24_blk_n   |   9|          2|    1|          2|
    |p_in_25_blk_n   |   9|          2|    1|          2|
    |p_in_26_blk_n   |   9|          2|    1|          2|
    |p_in_27_blk_n   |   9|          2|    1|          2|
    |p_in_28_blk_n   |   9|          2|    1|          2|
    |p_in_29_blk_n   |   9|          2|    1|          2|
    |p_in_2_blk_n    |   9|          2|    1|          2|
    |p_in_30_blk_n   |   9|          2|    1|          2|
    |p_in_31_blk_n   |   9|          2|    1|          2|
    |p_in_32_blk_n   |   9|          2|    1|          2|
    |p_in_33_blk_n   |   9|          2|    1|          2|
    |p_in_34_blk_n   |   9|          2|    1|          2|
    |p_in_35_blk_n   |   9|          2|    1|          2|
    |p_in_36_blk_n   |   9|          2|    1|          2|
    |p_in_37_blk_n   |   9|          2|    1|          2|
    |p_in_38_blk_n   |   9|          2|    1|          2|
    |p_in_39_blk_n   |   9|          2|    1|          2|
    |p_in_3_blk_n    |   9|          2|    1|          2|
    |p_in_40_blk_n   |   9|          2|    1|          2|
    |p_in_41_blk_n   |   9|          2|    1|          2|
    |p_in_42_blk_n   |   9|          2|    1|          2|
    |p_in_43_blk_n   |   9|          2|    1|          2|
    |p_in_44_blk_n   |   9|          2|    1|          2|
    |p_in_45_blk_n   |   9|          2|    1|          2|
    |p_in_46_blk_n   |   9|          2|    1|          2|
    |p_in_47_blk_n   |   9|          2|    1|          2|
    |p_in_48_blk_n   |   9|          2|    1|          2|
    |p_in_49_blk_n   |   9|          2|    1|          2|
    |p_in_4_blk_n    |   9|          2|    1|          2|
    |p_in_50_blk_n   |   9|          2|    1|          2|
    |p_in_51_blk_n   |   9|          2|    1|          2|
    |p_in_52_blk_n   |   9|          2|    1|          2|
    |p_in_53_blk_n   |   9|          2|    1|          2|
    |p_in_54_blk_n   |   9|          2|    1|          2|
    |p_in_55_blk_n   |   9|          2|    1|          2|
    |p_in_56_blk_n   |   9|          2|    1|          2|
    |p_in_57_blk_n   |   9|          2|    1|          2|
    |p_in_58_blk_n   |   9|          2|    1|          2|
    |p_in_59_blk_n   |   9|          2|    1|          2|
    |p_in_5_blk_n    |   9|          2|    1|          2|
    |p_in_60_blk_n   |   9|          2|    1|          2|
    |p_in_61_blk_n   |   9|          2|    1|          2|
    |p_in_62_blk_n   |   9|          2|    1|          2|
    |p_in_63_blk_n   |   9|          2|    1|          2|
    |p_in_6_blk_n    |   9|          2|    1|          2|
    |p_in_7_blk_n    |   9|          2|    1|          2|
    |p_in_8_blk_n    |   9|          2|    1|          2|
    |p_in_9_blk_n    |   9|          2|    1|          2|
    |str_in12_blk_n  |   9|          2|    1|          2|
    |str_in12_din    |  81|         17|  128|       2176|
    +----------------+----+-----------+-----+-----------+
    |Total           | 756|        166|  195|       2325|
    +----------------+----+-----------+-----+-----------+

    * Register: 
    +-----------------------+----+----+-----+-----------+
    |          Name         | FF | LUT| Bits| Const Bits|
    +-----------------------+----+----+-----+-----------+
    |ap_CS_fsm              |  16|   0|   16|          0|
    |ap_done_reg            |   1|   0|    1|          0|
    |p_in_10_read_reg_979   |  32|   0|   32|          0|
    |p_in_11_read_reg_984   |  32|   0|   32|          0|
    |p_in_12_read_reg_989   |  32|   0|   32|          0|
    |p_in_13_read_reg_994   |  32|   0|   32|          0|
    |p_in_14_read_reg_999   |  32|   0|   32|          0|
    |p_in_15_read_reg_1004  |  32|   0|   32|          0|
    |p_in_16_read_reg_1009  |  32|   0|   32|          0|
    |p_in_17_read_reg_1014  |  32|   0|   32|          0|
    |p_in_18_read_reg_1019  |  32|   0|   32|          0|
    |p_in_19_read_reg_1024  |  32|   0|   32|          0|
    |p_in_20_read_reg_1029  |  32|   0|   32|          0|
    |p_in_21_read_reg_1034  |  32|   0|   32|          0|
    |p_in_22_read_reg_1039  |  32|   0|   32|          0|
    |p_in_23_read_reg_1044  |  32|   0|   32|          0|
    |p_in_24_read_reg_1049  |  32|   0|   32|          0|
    |p_in_25_read_reg_1054  |  32|   0|   32|          0|
    |p_in_26_read_reg_1059  |  32|   0|   32|          0|
    |p_in_27_read_reg_1064  |  32|   0|   32|          0|
    |p_in_28_read_reg_1069  |  32|   0|   32|          0|
    |p_in_29_read_reg_1074  |  32|   0|   32|          0|
    |p_in_30_read_reg_1079  |  32|   0|   32|          0|
    |p_in_31_read_reg_1084  |  32|   0|   32|          0|
    |p_in_32_read_reg_1089  |  32|   0|   32|          0|
    |p_in_33_read_reg_1094  |  32|   0|   32|          0|
    |p_in_34_read_reg_1099  |  32|   0|   32|          0|
    |p_in_35_read_reg_1104  |  32|   0|   32|          0|
    |p_in_36_read_reg_1109  |  32|   0|   32|          0|
    |p_in_37_read_reg_1114  |  32|   0|   32|          0|
    |p_in_38_read_reg_1119  |  32|   0|   32|          0|
    |p_in_39_read_reg_1124  |  32|   0|   32|          0|
    |p_in_40_read_reg_1129  |  32|   0|   32|          0|
    |p_in_41_read_reg_1134  |  32|   0|   32|          0|
    |p_in_42_read_reg_1139  |  32|   0|   32|          0|
    |p_in_43_read_reg_1144  |  32|   0|   32|          0|
    |p_in_44_read_reg_1149  |  32|   0|   32|          0|
    |p_in_45_read_reg_1154  |  32|   0|   32|          0|
    |p_in_46_read_reg_1159  |  32|   0|   32|          0|
    |p_in_47_read_reg_1164  |  32|   0|   32|          0|
    |p_in_48_read_reg_1169  |  32|   0|   32|          0|
    |p_in_49_read_reg_1174  |  32|   0|   32|          0|
    |p_in_4_read_reg_949    |  32|   0|   32|          0|
    |p_in_50_read_reg_1179  |  32|   0|   32|          0|
    |p_in_51_read_reg_1184  |  32|   0|   32|          0|
    |p_in_52_read_reg_1189  |  32|   0|   32|          0|
    |p_in_53_read_reg_1194  |  32|   0|   32|          0|
    |p_in_54_read_reg_1199  |  32|   0|   32|          0|
    |p_in_55_read_reg_1204  |  32|   0|   32|          0|
    |p_in_56_read_reg_1209  |  32|   0|   32|          0|
    |p_in_57_read_reg_1214  |  32|   0|   32|          0|
    |p_in_58_read_reg_1219  |  32|   0|   32|          0|
    |p_in_59_read_reg_1224  |  32|   0|   32|          0|
    |p_in_5_read_reg_954    |  32|   0|   32|          0|
    |p_in_60_read_reg_1229  |  32|   0|   32|          0|
    |p_in_61_read_reg_1234  |  32|   0|   32|          0|
    |p_in_62_read_reg_1239  |  32|   0|   32|          0|
    |p_in_63_read_reg_1244  |  32|   0|   32|          0|
    |p_in_6_read_reg_959    |  32|   0|   32|          0|
    |p_in_7_read_reg_964    |  32|   0|   32|          0|
    |p_in_8_read_reg_969    |  32|   0|   32|          0|
    |p_in_9_read_reg_974    |  32|   0|   32|          0|
    +-----------------------+----+----+-----+-----------+
    |Total                  |1937|   0| 1937|          0|
    +-----------------------+----+----+-----+-----------+



================================================================
== Interface
================================================================
* Summary: 
+-----------------+-----+-----+------------+-------------------------------+--------------+
|    RTL Ports    | Dir | Bits|  Protocol  |         Source Object         |    C Type    |
+-----------------+-----+-----+------------+-------------------------------+--------------+
|ap_clk           |   in|    1|  ap_ctrl_hs|  readVec2Stream<float, 4u>3148|  return value|
|ap_rst           |   in|    1|  ap_ctrl_hs|  readVec2Stream<float, 4u>3148|  return value|
|ap_start         |   in|    1|  ap_ctrl_hs|  readVec2Stream<float, 4u>3148|  return value|
|ap_done          |  out|    1|  ap_ctrl_hs|  readVec2Stream<float, 4u>3148|  return value|
|ap_continue      |   in|    1|  ap_ctrl_hs|  readVec2Stream<float, 4u>3148|  return value|
|ap_idle          |  out|    1|  ap_ctrl_hs|  readVec2Stream<float, 4u>3148|  return value|
|ap_ready         |  out|    1|  ap_ctrl_hs|  readVec2Stream<float, 4u>3148|  return value|
|str_in12_din     |  out|  128|     ap_fifo|                       str_in12|       pointer|
|str_in12_full_n  |   in|    1|     ap_fifo|                       str_in12|       pointer|
|str_in12_write   |  out|    1|     ap_fifo|                       str_in12|       pointer|
|p_in_0_dout      |   in|   32|     ap_fifo|                         p_in_0|       pointer|
|p_in_0_empty_n   |   in|    1|     ap_fifo|                         p_in_0|       pointer|
|p_in_0_read      |  out|    1|     ap_fifo|                         p_in_0|       pointer|
|p_in_1_dout      |   in|   32|     ap_fifo|                         p_in_1|       pointer|
|p_in_1_empty_n   |   in|    1|     ap_fifo|                         p_in_1|       pointer|
|p_in_1_read      |  out|    1|     ap_fifo|                         p_in_1|       pointer|
|p_in_2_dout      |   in|   32|     ap_fifo|                         p_in_2|       pointer|
|p_in_2_empty_n   |   in|    1|     ap_fifo|                         p_in_2|       pointer|
|p_in_2_read      |  out|    1|     ap_fifo|                         p_in_2|       pointer|
|p_in_3_dout      |   in|   32|     ap_fifo|                         p_in_3|       pointer|
|p_in_3_empty_n   |   in|    1|     ap_fifo|                         p_in_3|       pointer|
|p_in_3_read      |  out|    1|     ap_fifo|                         p_in_3|       pointer|
|p_in_4_dout      |   in|   32|     ap_fifo|                         p_in_4|       pointer|
|p_in_4_empty_n   |   in|    1|     ap_fifo|                         p_in_4|       pointer|
|p_in_4_read      |  out|    1|     ap_fifo|                         p_in_4|       pointer|
|p_in_5_dout      |   in|   32|     ap_fifo|                         p_in_5|       pointer|
|p_in_5_empty_n   |   in|    1|     ap_fifo|                         p_in_5|       pointer|
|p_in_5_read      |  out|    1|     ap_fifo|                         p_in_5|       pointer|
|p_in_6_dout      |   in|   32|     ap_fifo|                         p_in_6|       pointer|
|p_in_6_empty_n   |   in|    1|     ap_fifo|                         p_in_6|       pointer|
|p_in_6_read      |  out|    1|     ap_fifo|                         p_in_6|       pointer|
|p_in_7_dout      |   in|   32|     ap_fifo|                         p_in_7|       pointer|
|p_in_7_empty_n   |   in|    1|     ap_fifo|                         p_in_7|       pointer|
|p_in_7_read      |  out|    1|     ap_fifo|                         p_in_7|       pointer|
|p_in_8_dout      |   in|   32|     ap_fifo|                         p_in_8|       pointer|
|p_in_8_empty_n   |   in|    1|     ap_fifo|                         p_in_8|       pointer|
|p_in_8_read      |  out|    1|     ap_fifo|                         p_in_8|       pointer|
|p_in_9_dout      |   in|   32|     ap_fifo|                         p_in_9|       pointer|
|p_in_9_empty_n   |   in|    1|     ap_fifo|                         p_in_9|       pointer|
|p_in_9_read      |  out|    1|     ap_fifo|                         p_in_9|       pointer|
|p_in_10_dout     |   in|   32|     ap_fifo|                        p_in_10|       pointer|
|p_in_10_empty_n  |   in|    1|     ap_fifo|                        p_in_10|       pointer|
|p_in_10_read     |  out|    1|     ap_fifo|                        p_in_10|       pointer|
|p_in_11_dout     |   in|   32|     ap_fifo|                        p_in_11|       pointer|
|p_in_11_empty_n  |   in|    1|     ap_fifo|                        p_in_11|       pointer|
|p_in_11_read     |  out|    1|     ap_fifo|                        p_in_11|       pointer|
|p_in_12_dout     |   in|   32|     ap_fifo|                        p_in_12|       pointer|
|p_in_12_empty_n  |   in|    1|     ap_fifo|                        p_in_12|       pointer|
|p_in_12_read     |  out|    1|     ap_fifo|                        p_in_12|       pointer|
|p_in_13_dout     |   in|   32|     ap_fifo|                        p_in_13|       pointer|
|p_in_13_empty_n  |   in|    1|     ap_fifo|                        p_in_13|       pointer|
|p_in_13_read     |  out|    1|     ap_fifo|                        p_in_13|       pointer|
|p_in_14_dout     |   in|   32|     ap_fifo|                        p_in_14|       pointer|
|p_in_14_empty_n  |   in|    1|     ap_fifo|                        p_in_14|       pointer|
|p_in_14_read     |  out|    1|     ap_fifo|                        p_in_14|       pointer|
|p_in_15_dout     |   in|   32|     ap_fifo|                        p_in_15|       pointer|
|p_in_15_empty_n  |   in|    1|     ap_fifo|                        p_in_15|       pointer|
|p_in_15_read     |  out|    1|     ap_fifo|                        p_in_15|       pointer|
|p_in_16_dout     |   in|   32|     ap_fifo|                        p_in_16|       pointer|
|p_in_16_empty_n  |   in|    1|     ap_fifo|                        p_in_16|       pointer|
|p_in_16_read     |  out|    1|     ap_fifo|                        p_in_16|       pointer|
|p_in_17_dout     |   in|   32|     ap_fifo|                        p_in_17|       pointer|
|p_in_17_empty_n  |   in|    1|     ap_fifo|                        p_in_17|       pointer|
|p_in_17_read     |  out|    1|     ap_fifo|                        p_in_17|       pointer|
|p_in_18_dout     |   in|   32|     ap_fifo|                        p_in_18|       pointer|
|p_in_18_empty_n  |   in|    1|     ap_fifo|                        p_in_18|       pointer|
|p_in_18_read     |  out|    1|     ap_fifo|                        p_in_18|       pointer|
|p_in_19_dout     |   in|   32|     ap_fifo|                        p_in_19|       pointer|
|p_in_19_empty_n  |   in|    1|     ap_fifo|                        p_in_19|       pointer|
|p_in_19_read     |  out|    1|     ap_fifo|                        p_in_19|       pointer|
|p_in_20_dout     |   in|   32|     ap_fifo|                        p_in_20|       pointer|
|p_in_20_empty_n  |   in|    1|     ap_fifo|                        p_in_20|       pointer|
|p_in_20_read     |  out|    1|     ap_fifo|                        p_in_20|       pointer|
|p_in_21_dout     |   in|   32|     ap_fifo|                        p_in_21|       pointer|
|p_in_21_empty_n  |   in|    1|     ap_fifo|                        p_in_21|       pointer|
|p_in_21_read     |  out|    1|     ap_fifo|                        p_in_21|       pointer|
|p_in_22_dout     |   in|   32|     ap_fifo|                        p_in_22|       pointer|
|p_in_22_empty_n  |   in|    1|     ap_fifo|                        p_in_22|       pointer|
|p_in_22_read     |  out|    1|     ap_fifo|                        p_in_22|       pointer|
|p_in_23_dout     |   in|   32|     ap_fifo|                        p_in_23|       pointer|
|p_in_23_empty_n  |   in|    1|     ap_fifo|                        p_in_23|       pointer|
|p_in_23_read     |  out|    1|     ap_fifo|                        p_in_23|       pointer|
|p_in_24_dout     |   in|   32|     ap_fifo|                        p_in_24|       pointer|
|p_in_24_empty_n  |   in|    1|     ap_fifo|                        p_in_24|       pointer|
|p_in_24_read     |  out|    1|     ap_fifo|                        p_in_24|       pointer|
|p_in_25_dout     |   in|   32|     ap_fifo|                        p_in_25|       pointer|
|p_in_25_empty_n  |   in|    1|     ap_fifo|                        p_in_25|       pointer|
|p_in_25_read     |  out|    1|     ap_fifo|                        p_in_25|       pointer|
|p_in_26_dout     |   in|   32|     ap_fifo|                        p_in_26|       pointer|
|p_in_26_empty_n  |   in|    1|     ap_fifo|                        p_in_26|       pointer|
|p_in_26_read     |  out|    1|     ap_fifo|                        p_in_26|       pointer|
|p_in_27_dout     |   in|   32|     ap_fifo|                        p_in_27|       pointer|
|p_in_27_empty_n  |   in|    1|     ap_fifo|                        p_in_27|       pointer|
|p_in_27_read     |  out|    1|     ap_fifo|                        p_in_27|       pointer|
|p_in_28_dout     |   in|   32|     ap_fifo|                        p_in_28|       pointer|
|p_in_28_empty_n  |   in|    1|     ap_fifo|                        p_in_28|       pointer|
|p_in_28_read     |  out|    1|     ap_fifo|                        p_in_28|       pointer|
|p_in_29_dout     |   in|   32|     ap_fifo|                        p_in_29|       pointer|
|p_in_29_empty_n  |   in|    1|     ap_fifo|                        p_in_29|       pointer|
|p_in_29_read     |  out|    1|     ap_fifo|                        p_in_29|       pointer|
|p_in_30_dout     |   in|   32|     ap_fifo|                        p_in_30|       pointer|
|p_in_30_empty_n  |   in|    1|     ap_fifo|                        p_in_30|       pointer|
|p_in_30_read     |  out|    1|     ap_fifo|                        p_in_30|       pointer|
|p_in_31_dout     |   in|   32|     ap_fifo|                        p_in_31|       pointer|
|p_in_31_empty_n  |   in|    1|     ap_fifo|                        p_in_31|       pointer|
|p_in_31_read     |  out|    1|     ap_fifo|                        p_in_31|       pointer|
|p_in_32_dout     |   in|   32|     ap_fifo|                        p_in_32|       pointer|
|p_in_32_empty_n  |   in|    1|     ap_fifo|                        p_in_32|       pointer|
|p_in_32_read     |  out|    1|     ap_fifo|                        p_in_32|       pointer|
|p_in_33_dout     |   in|   32|     ap_fifo|                        p_in_33|       pointer|
|p_in_33_empty_n  |   in|    1|     ap_fifo|                        p_in_33|       pointer|
|p_in_33_read     |  out|    1|     ap_fifo|                        p_in_33|       pointer|
|p_in_34_dout     |   in|   32|     ap_fifo|                        p_in_34|       pointer|
|p_in_34_empty_n  |   in|    1|     ap_fifo|                        p_in_34|       pointer|
|p_in_34_read     |  out|    1|     ap_fifo|                        p_in_34|       pointer|
|p_in_35_dout     |   in|   32|     ap_fifo|                        p_in_35|       pointer|
|p_in_35_empty_n  |   in|    1|     ap_fifo|                        p_in_35|       pointer|
|p_in_35_read     |  out|    1|     ap_fifo|                        p_in_35|       pointer|
|p_in_36_dout     |   in|   32|     ap_fifo|                        p_in_36|       pointer|
|p_in_36_empty_n  |   in|    1|     ap_fifo|                        p_in_36|       pointer|
|p_in_36_read     |  out|    1|     ap_fifo|                        p_in_36|       pointer|
|p_in_37_dout     |   in|   32|     ap_fifo|                        p_in_37|       pointer|
|p_in_37_empty_n  |   in|    1|     ap_fifo|                        p_in_37|       pointer|
|p_in_37_read     |  out|    1|     ap_fifo|                        p_in_37|       pointer|
|p_in_38_dout     |   in|   32|     ap_fifo|                        p_in_38|       pointer|
|p_in_38_empty_n  |   in|    1|     ap_fifo|                        p_in_38|       pointer|
|p_in_38_read     |  out|    1|     ap_fifo|                        p_in_38|       pointer|
|p_in_39_dout     |   in|   32|     ap_fifo|                        p_in_39|       pointer|
|p_in_39_empty_n  |   in|    1|     ap_fifo|                        p_in_39|       pointer|
|p_in_39_read     |  out|    1|     ap_fifo|                        p_in_39|       pointer|
|p_in_40_dout     |   in|   32|     ap_fifo|                        p_in_40|       pointer|
|p_in_40_empty_n  |   in|    1|     ap_fifo|                        p_in_40|       pointer|
|p_in_40_read     |  out|    1|     ap_fifo|                        p_in_40|       pointer|
|p_in_41_dout     |   in|   32|     ap_fifo|                        p_in_41|       pointer|
|p_in_41_empty_n  |   in|    1|     ap_fifo|                        p_in_41|       pointer|
|p_in_41_read     |  out|    1|     ap_fifo|                        p_in_41|       pointer|
|p_in_42_dout     |   in|   32|     ap_fifo|                        p_in_42|       pointer|
|p_in_42_empty_n  |   in|    1|     ap_fifo|                        p_in_42|       pointer|
|p_in_42_read     |  out|    1|     ap_fifo|                        p_in_42|       pointer|
|p_in_43_dout     |   in|   32|     ap_fifo|                        p_in_43|       pointer|
|p_in_43_empty_n  |   in|    1|     ap_fifo|                        p_in_43|       pointer|
|p_in_43_read     |  out|    1|     ap_fifo|                        p_in_43|       pointer|
|p_in_44_dout     |   in|   32|     ap_fifo|                        p_in_44|       pointer|
|p_in_44_empty_n  |   in|    1|     ap_fifo|                        p_in_44|       pointer|
|p_in_44_read     |  out|    1|     ap_fifo|                        p_in_44|       pointer|
|p_in_45_dout     |   in|   32|     ap_fifo|                        p_in_45|       pointer|
|p_in_45_empty_n  |   in|    1|     ap_fifo|                        p_in_45|       pointer|
|p_in_45_read     |  out|    1|     ap_fifo|                        p_in_45|       pointer|
|p_in_46_dout     |   in|   32|     ap_fifo|                        p_in_46|       pointer|
|p_in_46_empty_n  |   in|    1|     ap_fifo|                        p_in_46|       pointer|
|p_in_46_read     |  out|    1|     ap_fifo|                        p_in_46|       pointer|
|p_in_47_dout     |   in|   32|     ap_fifo|                        p_in_47|       pointer|
|p_in_47_empty_n  |   in|    1|     ap_fifo|                        p_in_47|       pointer|
|p_in_47_read     |  out|    1|     ap_fifo|                        p_in_47|       pointer|
|p_in_48_dout     |   in|   32|     ap_fifo|                        p_in_48|       pointer|
|p_in_48_empty_n  |   in|    1|     ap_fifo|                        p_in_48|       pointer|
|p_in_48_read     |  out|    1|     ap_fifo|                        p_in_48|       pointer|
|p_in_49_dout     |   in|   32|     ap_fifo|                        p_in_49|       pointer|
|p_in_49_empty_n  |   in|    1|     ap_fifo|                        p_in_49|       pointer|
|p_in_49_read     |  out|    1|     ap_fifo|                        p_in_49|       pointer|
|p_in_50_dout     |   in|   32|     ap_fifo|                        p_in_50|       pointer|
|p_in_50_empty_n  |   in|    1|     ap_fifo|                        p_in_50|       pointer|
|p_in_50_read     |  out|    1|     ap_fifo|                        p_in_50|       pointer|
|p_in_51_dout     |   in|   32|     ap_fifo|                        p_in_51|       pointer|
|p_in_51_empty_n  |   in|    1|     ap_fifo|                        p_in_51|       pointer|
|p_in_51_read     |  out|    1|     ap_fifo|                        p_in_51|       pointer|
|p_in_52_dout     |   in|   32|     ap_fifo|                        p_in_52|       pointer|
|p_in_52_empty_n  |   in|    1|     ap_fifo|                        p_in_52|       pointer|
|p_in_52_read     |  out|    1|     ap_fifo|                        p_in_52|       pointer|
|p_in_53_dout     |   in|   32|     ap_fifo|                        p_in_53|       pointer|
|p_in_53_empty_n  |   in|    1|     ap_fifo|                        p_in_53|       pointer|
|p_in_53_read     |  out|    1|     ap_fifo|                        p_in_53|       pointer|
|p_in_54_dout     |   in|   32|     ap_fifo|                        p_in_54|       pointer|
|p_in_54_empty_n  |   in|    1|     ap_fifo|                        p_in_54|       pointer|
|p_in_54_read     |  out|    1|     ap_fifo|                        p_in_54|       pointer|
|p_in_55_dout     |   in|   32|     ap_fifo|                        p_in_55|       pointer|
|p_in_55_empty_n  |   in|    1|     ap_fifo|                        p_in_55|       pointer|
|p_in_55_read     |  out|    1|     ap_fifo|                        p_in_55|       pointer|
|p_in_56_dout     |   in|   32|     ap_fifo|                        p_in_56|       pointer|
|p_in_56_empty_n  |   in|    1|     ap_fifo|                        p_in_56|       pointer|
|p_in_56_read     |  out|    1|     ap_fifo|                        p_in_56|       pointer|
|p_in_57_dout     |   in|   32|     ap_fifo|                        p_in_57|       pointer|
|p_in_57_empty_n  |   in|    1|     ap_fifo|                        p_in_57|       pointer|
|p_in_57_read     |  out|    1|     ap_fifo|                        p_in_57|       pointer|
|p_in_58_dout     |   in|   32|     ap_fifo|                        p_in_58|       pointer|
|p_in_58_empty_n  |   in|    1|     ap_fifo|                        p_in_58|       pointer|
|p_in_58_read     |  out|    1|     ap_fifo|                        p_in_58|       pointer|
|p_in_59_dout     |   in|   32|     ap_fifo|                        p_in_59|       pointer|
|p_in_59_empty_n  |   in|    1|     ap_fifo|                        p_in_59|       pointer|
|p_in_59_read     |  out|    1|     ap_fifo|                        p_in_59|       pointer|
|p_in_60_dout     |   in|   32|     ap_fifo|                        p_in_60|       pointer|
|p_in_60_empty_n  |   in|    1|     ap_fifo|                        p_in_60|       pointer|
|p_in_60_read     |  out|    1|     ap_fifo|                        p_in_60|       pointer|
|p_in_61_dout     |   in|   32|     ap_fifo|                        p_in_61|       pointer|
|p_in_61_empty_n  |   in|    1|     ap_fifo|                        p_in_61|       pointer|
|p_in_61_read     |  out|    1|     ap_fifo|                        p_in_61|       pointer|
|p_in_62_dout     |   in|   32|     ap_fifo|                        p_in_62|       pointer|
|p_in_62_empty_n  |   in|    1|     ap_fifo|                        p_in_62|       pointer|
|p_in_62_read     |  out|    1|     ap_fifo|                        p_in_62|       pointer|
|p_in_63_dout     |   in|   32|     ap_fifo|                        p_in_63|       pointer|
|p_in_63_empty_n  |   in|    1|     ap_fifo|                        p_in_63|       pointer|
|p_in_63_read     |  out|    1|     ap_fifo|                        p_in_63|       pointer|
+-----------------+-----+-----+------------+-------------------------------+--------------+

