

================================================================
== Vitis HLS Report for 'readVec2Stream_float_4u_141'
================================================================
* Date:           Mon May 24 12:52:43 2021

* Version:        2020.2 (Build 3064766 on Wed Nov 18 09:12:47 MST 2020)
* Project:        krnl_lstm
* Solution:       solution (Vitis Kernel Flow Target)
* Product family: zynq
* Target device:  xc7z045-ffg900-2


================================================================
== Performance Estimates
================================================================
+ Timing: 
    * Summary: 
    +--------+----------+----------+------------+
    |  Clock |  Target  | Estimated| Uncertainty|
    +--------+----------+----------+------------+
    |ap_clk  |  10.00 ns|  6.172 ns|     2.70 ns|
    +--------+----------+----------+------------+

+ Latency: 
    * Summary: 
    +---------+---------+----------+----------+-----+-----+---------+
    |  Latency (cycles) |  Latency (absolute) |  Interval | Pipeline|
    |   min   |   max   |    min   |    max   | min | max |   Type  |
    +---------+---------+----------+----------+-----+-----+---------+
    |       16|       16|  0.160 us|  0.160 us|   16|   16|     none|
    +---------+---------+----------+----------+-----+-----+---------+

    + Detail: 
        * Instance: 
        N/A

        * Loop: 
        N/A



================================================================
== Utilization Estimates
================================================================
* Summary: 
+-----------------+---------+-----+--------+--------+-----+
|       Name      | BRAM_18K| DSP |   FF   |   LUT  | URAM|
+-----------------+---------+-----+--------+--------+-----+
|DSP              |        -|    -|       -|       -|    -|
|Expression       |        -|    -|       0|       1|    -|
|FIFO             |        -|    -|       -|       -|    -|
|Instance         |        -|    -|       -|       -|    -|
|Memory           |       64|    -|       0|       0|    -|
|Multiplexer      |        -|    -|       -|     203|    -|
|Register         |        -|    -|      25|       -|    -|
+-----------------+---------+-----+--------+--------+-----+
|Total            |       64|    0|      25|     204|    0|
+-----------------+---------+-----+--------+--------+-----+
|Available        |     1090|  900|  437200|  218600|    0|
+-----------------+---------+-----+--------+--------+-----+
|Utilization (%)  |        5|    0|      ~0|      ~0|    0|
+-----------------+---------+-----+--------+--------+-----+

+ Detail: 
    * Instance: 
    N/A

    * DSP: 
    N/A

    * Memory: 
    +-----------+-------------------------------------+---------+---+----+-----+------+-----+------+-------------+
    |   Memory  |                Module               | BRAM_18K| FF| LUT| URAM| Words| Bits| Banks| W*Bits*Banks|
    +-----------+-------------------------------------+---------+---+----+-----+------+-----+------+-------------+
    |W_hf_0_U   |readVec2Stream_float_4u_141_W_hf_0   |        1|  0|   0|    0|    64|   32|     1|         2048|
    |W_hf_1_U   |readVec2Stream_float_4u_141_W_hf_1   |        1|  0|   0|    0|    64|   32|     1|         2048|
    |W_hf_10_U  |readVec2Stream_float_4u_141_W_hf_10  |        1|  0|   0|    0|    64|   32|     1|         2048|
    |W_hf_11_U  |readVec2Stream_float_4u_141_W_hf_11  |        1|  0|   0|    0|    64|   32|     1|         2048|
    |W_hf_12_U  |readVec2Stream_float_4u_141_W_hf_12  |        1|  0|   0|    0|    64|   32|     1|         2048|
    |W_hf_13_U  |readVec2Stream_float_4u_141_W_hf_13  |        1|  0|   0|    0|    64|   32|     1|         2048|
    |W_hf_14_U  |readVec2Stream_float_4u_141_W_hf_14  |        1|  0|   0|    0|    64|   32|     1|         2048|
    |W_hf_15_U  |readVec2Stream_float_4u_141_W_hf_15  |        1|  0|   0|    0|    64|   32|     1|         2048|
    |W_hf_16_U  |readVec2Stream_float_4u_141_W_hf_16  |        1|  0|   0|    0|    64|   32|     1|         2048|
    |W_hf_17_U  |readVec2Stream_float_4u_141_W_hf_17  |        1|  0|   0|    0|    64|   32|     1|         2048|
    |W_hf_18_U  |readVec2Stream_float_4u_141_W_hf_18  |        1|  0|   0|    0|    64|   32|     1|         2048|
    |W_hf_19_U  |readVec2Stream_float_4u_141_W_hf_19  |        1|  0|   0|    0|    64|   32|     1|         2048|
    |W_hf_2_U   |readVec2Stream_float_4u_141_W_hf_2   |        1|  0|   0|    0|    64|   32|     1|         2048|
    |W_hf_20_U  |readVec2Stream_float_4u_141_W_hf_20  |        1|  0|   0|    0|    64|   32|     1|         2048|
    |W_hf_21_U  |readVec2Stream_float_4u_141_W_hf_21  |        1|  0|   0|    0|    64|   32|     1|         2048|
    |W_hf_22_U  |readVec2Stream_float_4u_141_W_hf_22  |        1|  0|   0|    0|    64|   32|     1|         2048|
    |W_hf_23_U  |readVec2Stream_float_4u_141_W_hf_23  |        1|  0|   0|    0|    64|   32|     1|         2048|
    |W_hf_24_U  |readVec2Stream_float_4u_141_W_hf_24  |        1|  0|   0|    0|    64|   32|     1|         2048|
    |W_hf_25_U  |readVec2Stream_float_4u_141_W_hf_25  |        1|  0|   0|    0|    64|   32|     1|         2048|
    |W_hf_26_U  |readVec2Stream_float_4u_141_W_hf_26  |        1|  0|   0|    0|    64|   32|     1|         2048|
    |W_hf_27_U  |readVec2Stream_float_4u_141_W_hf_27  |        1|  0|   0|    0|    64|   32|     1|         2048|
    |W_hf_28_U  |readVec2Stream_float_4u_141_W_hf_28  |        1|  0|   0|    0|    64|   32|     1|         2048|
    |W_hf_29_U  |readVec2Stream_float_4u_141_W_hf_29  |        1|  0|   0|    0|    64|   32|     1|         2048|
    |W_hf_3_U   |readVec2Stream_float_4u_141_W_hf_3   |        1|  0|   0|    0|    64|   32|     1|         2048|
    |W_hf_30_U  |readVec2Stream_float_4u_141_W_hf_30  |        1|  0|   0|    0|    64|   32|     1|         2048|
    |W_hf_31_U  |readVec2Stream_float_4u_141_W_hf_31  |        1|  0|   0|    0|    64|   32|     1|         2048|
    |W_hf_32_U  |readVec2Stream_float_4u_141_W_hf_32  |        1|  0|   0|    0|    64|   32|     1|         2048|
    |W_hf_33_U  |readVec2Stream_float_4u_141_W_hf_33  |        1|  0|   0|    0|    64|   32|     1|         2048|
    |W_hf_34_U  |readVec2Stream_float_4u_141_W_hf_34  |        1|  0|   0|    0|    64|   32|     1|         2048|
    |W_hf_35_U  |readVec2Stream_float_4u_141_W_hf_35  |        1|  0|   0|    0|    64|   32|     1|         2048|
    |W_hf_36_U  |readVec2Stream_float_4u_141_W_hf_36  |        1|  0|   0|    0|    64|   32|     1|         2048|
    |W_hf_37_U  |readVec2Stream_float_4u_141_W_hf_37  |        1|  0|   0|    0|    64|   32|     1|         2048|
    |W_hf_38_U  |readVec2Stream_float_4u_141_W_hf_38  |        1|  0|   0|    0|    64|   32|     1|         2048|
    |W_hf_39_U  |readVec2Stream_float_4u_141_W_hf_39  |        1|  0|   0|    0|    64|   32|     1|         2048|
    |W_hf_4_U   |readVec2Stream_float_4u_141_W_hf_4   |        1|  0|   0|    0|    64|   32|     1|         2048|
    |W_hf_40_U  |readVec2Stream_float_4u_141_W_hf_40  |        1|  0|   0|    0|    64|   32|     1|         2048|
    |W_hf_41_U  |readVec2Stream_float_4u_141_W_hf_41  |        1|  0|   0|    0|    64|   32|     1|         2048|
    |W_hf_42_U  |readVec2Stream_float_4u_141_W_hf_42  |        1|  0|   0|    0|    64|   32|     1|         2048|
    |W_hf_43_U  |readVec2Stream_float_4u_141_W_hf_43  |        1|  0|   0|    0|    64|   32|     1|         2048|
    |W_hf_44_U  |readVec2Stream_float_4u_141_W_hf_44  |        1|  0|   0|    0|    64|   32|     1|         2048|
    |W_hf_45_U  |readVec2Stream_float_4u_141_W_hf_45  |        1|  0|   0|    0|    64|   32|     1|         2048|
    |W_hf_46_U  |readVec2Stream_float_4u_141_W_hf_46  |        1|  0|   0|    0|    64|   32|     1|         2048|
    |W_hf_47_U  |readVec2Stream_float_4u_141_W_hf_47  |        1|  0|   0|    0|    64|   32|     1|         2048|
    |W_hf_48_U  |readVec2Stream_float_4u_141_W_hf_48  |        1|  0|   0|    0|    64|   32|     1|         2048|
    |W_hf_49_U  |readVec2Stream_float_4u_141_W_hf_49  |        1|  0|   0|    0|    64|   32|     1|         2048|
    |W_hf_5_U   |readVec2Stream_float_4u_141_W_hf_5   |        1|  0|   0|    0|    64|   32|     1|         2048|
    |W_hf_50_U  |readVec2Stream_float_4u_141_W_hf_50  |        1|  0|   0|    0|    64|   32|     1|         2048|
    |W_hf_51_U  |readVec2Stream_float_4u_141_W_hf_51  |        1|  0|   0|    0|    64|   32|     1|         2048|
    |W_hf_52_U  |readVec2Stream_float_4u_141_W_hf_52  |        1|  0|   0|    0|    64|   32|     1|         2048|
    |W_hf_53_U  |readVec2Stream_float_4u_141_W_hf_53  |        1|  0|   0|    0|    64|   32|     1|         2048|
    |W_hf_54_U  |readVec2Stream_float_4u_141_W_hf_54  |        1|  0|   0|    0|    64|   32|     1|         2048|
    |W_hf_55_U  |readVec2Stream_float_4u_141_W_hf_55  |        1|  0|   0|    0|    64|   32|     1|         2048|
    |W_hf_56_U  |readVec2Stream_float_4u_141_W_hf_56  |        1|  0|   0|    0|    64|   32|     1|         2048|
    |W_hf_57_U  |readVec2Stream_float_4u_141_W_hf_57  |        1|  0|   0|    0|    64|   32|     1|         2048|
    |W_hf_58_U  |readVec2Stream_float_4u_141_W_hf_58  |        1|  0|   0|    0|    64|   32|     1|         2048|
    |W_hf_59_U  |readVec2Stream_float_4u_141_W_hf_59  |        1|  0|   0|    0|    64|   32|     1|         2048|
    |W_hf_6_U   |readVec2Stream_float_4u_141_W_hf_6   |        1|  0|   0|    0|    64|   32|     1|         2048|
    |W_hf_60_U  |readVec2Stream_float_4u_141_W_hf_60  |        1|  0|   0|    0|    64|   32|     1|         2048|
    |W_hf_61_U  |readVec2Stream_float_4u_141_W_hf_61  |        1|  0|   0|    0|    64|   32|     1|         2048|
    |W_hf_62_U  |readVec2Stream_float_4u_141_W_hf_62  |        1|  0|   0|    0|    64|   32|     1|         2048|
    |W_hf_63_U  |readVec2Stream_float_4u_141_W_hf_63  |        1|  0|   0|    0|    64|   32|     1|         2048|
    |W_hf_7_U   |readVec2Stream_float_4u_141_W_hf_7   |        1|  0|   0|    0|    64|   32|     1|         2048|
    |W_hf_8_U   |readVec2Stream_float_4u_141_W_hf_8   |        1|  0|   0|    0|    64|   32|     1|         2048|
    |W_hf_9_U   |readVec2Stream_float_4u_141_W_hf_9   |        1|  0|   0|    0|    64|   32|     1|         2048|
    +-----------+-------------------------------------+---------+---+----+-----+------+-----+------+-------------+
    |Total      |                                     |       64|  0|   0|    0|  4096| 2048|    64|       131072|
    +-----------+-------------------------------------+---------+---+----+-----+------+-----+------+-------------+

    * FIFO: 
    N/A

    * Expression: 
    +-----------------+----------+----+---+----+------------+------------+
    |  Variable Name  | Operation| DSP| FF| LUT| Bitwidth P0| Bitwidth P1|
    +-----------------+----------+----+---+----+------------+------------+
    |ap_block_state1  |        or|   0|  0|   1|           1|           1|
    +-----------------+----------+----+---+----+------------+------------+
    |Total            |          |   0|  0|   1|           1|           1|
    +-----------------+----------+----+---+----+------------+------------+

    * Multiplexer: 
    +-------------------+----+-----------+-----+-----------+
    |        Name       | LUT| Input Size| Bits| Total Bits|
    +-------------------+----+-----------+-----+-----------+
    |ap_NS_fsm          |  86|         18|    1|         18|
    |ap_done            |   9|          2|    1|          2|
    |p_in_offset_blk_n  |   9|          2|    1|          2|
    |real_start         |   9|          2|    1|          2|
    |str_in12_blk_n     |   9|          2|    1|          2|
    |str_in12_din       |  81|         17|  128|       2176|
    +-------------------+----+-----------+-----+-----------+
    |Total              | 203|         43|  133|       2202|
    +-------------------+----+-----------+-----+-----------+

    * Register: 
    +-----------------------------+----+----+-----+-----------+
    |             Name            | FF | LUT| Bits| Const Bits|
    +-----------------------------+----+----+-----+-----------+
    |ap_CS_fsm                    |  17|   0|   17|          0|
    |ap_done_reg                  |   1|   0|    1|          0|
    |p_in_offset_cast_i_reg_1473  |   6|   0|   32|         26|
    |start_once_reg               |   1|   0|    1|          0|
    +-----------------------------+----+----+-----+-----------+
    |Total                        |  25|   0|   51|         26|
    +-----------------------------+----+----+-----+-----------+



================================================================
== Interface
================================================================
* Summary: 
+---------------------+-----+-----+------------+-------------------------------+--------------+
|      RTL Ports      | Dir | Bits|  Protocol  |         Source Object         |    C Type    |
+---------------------+-----+-----+------------+-------------------------------+--------------+
|ap_clk               |   in|    1|  ap_ctrl_hs|  readVec2Stream<float, 4u>.141|  return value|
|ap_rst               |   in|    1|  ap_ctrl_hs|  readVec2Stream<float, 4u>.141|  return value|
|ap_start             |   in|    1|  ap_ctrl_hs|  readVec2Stream<float, 4u>.141|  return value|
|start_full_n         |   in|    1|  ap_ctrl_hs|  readVec2Stream<float, 4u>.141|  return value|
|ap_done              |  out|    1|  ap_ctrl_hs|  readVec2Stream<float, 4u>.141|  return value|
|ap_continue          |   in|    1|  ap_ctrl_hs|  readVec2Stream<float, 4u>.141|  return value|
|ap_idle              |  out|    1|  ap_ctrl_hs|  readVec2Stream<float, 4u>.141|  return value|
|ap_ready             |  out|    1|  ap_ctrl_hs|  readVec2Stream<float, 4u>.141|  return value|
|start_out            |  out|    1|  ap_ctrl_hs|  readVec2Stream<float, 4u>.141|  return value|
|start_write          |  out|    1|  ap_ctrl_hs|  readVec2Stream<float, 4u>.141|  return value|
|str_in12_din         |  out|  128|     ap_fifo|                       str_in12|       pointer|
|str_in12_full_n      |   in|    1|     ap_fifo|                       str_in12|       pointer|
|str_in12_write       |  out|    1|     ap_fifo|                       str_in12|       pointer|
|p_in_offset_dout     |   in|    6|     ap_fifo|                    p_in_offset|       pointer|
|p_in_offset_empty_n  |   in|    1|     ap_fifo|                    p_in_offset|       pointer|
|p_in_offset_read     |  out|    1|     ap_fifo|                    p_in_offset|       pointer|
+---------------------+-----+-----+------------+-------------------------------+--------------+

