

================================================================
== Vitis HLS Report for 'readVec2Stream_float_32u_149'
================================================================
* Date:           Tue Mar 16 16:15:08 2021

* Version:        2020.2 (Build 3064766 on Wed Nov 18 09:12:47 MST 2020)
* Project:        krnl_lstm
* Solution:       solution (Vitis Kernel Flow Target)
* Product family: zynq
* Target device:  xc7z045-ffg900-2


================================================================
== Performance Estimates
================================================================
+ Timing: 
    * Summary: 
    +--------+----------+----------+------------+
    |  Clock |  Target  | Estimated| Uncertainty|
    +--------+----------+----------+------------+
    |ap_clk  |  10.00 ns|  6.172 ns|     2.70 ns|
    +--------+----------+----------+------------+

+ Latency: 
    * Summary: 
    +---------+---------+-----------+-----------+-----+-----+---------+
    |  Latency (cycles) |   Latency (absolute)  |  Interval | Pipeline|
    |   min   |   max   |    min    |    max    | min | max |   Type  |
    +---------+---------+-----------+-----------+-----+-----+---------+
    |        1|        1|  10.000 ns|  10.000 ns|    1|    1|     none|
    +---------+---------+-----------+-----------+-----+-----+---------+

    + Detail: 
        * Instance: 
        N/A

        * Loop: 
        N/A



================================================================
== Utilization Estimates
================================================================
* Summary: 
+-----------------+---------+-----+--------+--------+-----+
|       Name      | BRAM_18K| DSP |   FF   |   LUT  | URAM|
+-----------------+---------+-----+--------+--------+-----+
|DSP              |        -|    -|       -|       -|    -|
|Expression       |        -|    -|       0|       1|    -|
|FIFO             |        -|    -|       -|       -|    -|
|Instance         |        -|    -|       -|       -|    -|
|Memory           |       32|    -|       0|       0|    -|
|Multiplexer      |        -|    -|       -|      49|    -|
|Register         |        -|    -|       4|       -|    -|
+-----------------+---------+-----+--------+--------+-----+
|Total            |       32|    0|       4|      50|    0|
+-----------------+---------+-----+--------+--------+-----+
|Available        |     1090|  900|  437200|  218600|    0|
+-----------------+---------+-----+--------+--------+-----+
|Utilization (%)  |        2|    0|      ~0|      ~0|    0|
+-----------------+---------+-----+--------+--------+-----+

+ Detail: 
    * Instance: 
    N/A

    * DSP: 
    N/A

    * Memory: 
    +-----------+--------------------------------------+---------+---+----+-----+------+-----+------+-------------+
    |   Memory  |                Module                | BRAM_18K| FF| LUT| URAM| Words| Bits| Banks| W*Bits*Banks|
    +-----------+--------------------------------------+---------+---+----+-----+------+-----+------+-------------+
    |W_hf_0_U   |readVec2Stream_float_32u_149_W_hf_0   |        1|  0|   0|    0|    48|   32|     1|         1536|
    |W_hf_1_U   |readVec2Stream_float_32u_149_W_hf_1   |        1|  0|   0|    0|    48|   32|     1|         1536|
    |W_hf_10_U  |readVec2Stream_float_32u_149_W_hf_10  |        1|  0|   0|    0|    48|   32|     1|         1536|
    |W_hf_11_U  |readVec2Stream_float_32u_149_W_hf_11  |        1|  0|   0|    0|    48|   32|     1|         1536|
    |W_hf_12_U  |readVec2Stream_float_32u_149_W_hf_12  |        1|  0|   0|    0|    48|   32|     1|         1536|
    |W_hf_13_U  |readVec2Stream_float_32u_149_W_hf_13  |        1|  0|   0|    0|    48|   32|     1|         1536|
    |W_hf_14_U  |readVec2Stream_float_32u_149_W_hf_14  |        1|  0|   0|    0|    48|   32|     1|         1536|
    |W_hf_15_U  |readVec2Stream_float_32u_149_W_hf_15  |        1|  0|   0|    0|    48|   32|     1|         1536|
    |W_hf_16_U  |readVec2Stream_float_32u_149_W_hf_16  |        1|  0|   0|    0|    48|   32|     1|         1536|
    |W_hf_17_U  |readVec2Stream_float_32u_149_W_hf_17  |        1|  0|   0|    0|    48|   32|     1|         1536|
    |W_hf_18_U  |readVec2Stream_float_32u_149_W_hf_18  |        1|  0|   0|    0|    48|   32|     1|         1536|
    |W_hf_19_U  |readVec2Stream_float_32u_149_W_hf_19  |        1|  0|   0|    0|    48|   32|     1|         1536|
    |W_hf_2_U   |readVec2Stream_float_32u_149_W_hf_2   |        1|  0|   0|    0|    48|   32|     1|         1536|
    |W_hf_20_U  |readVec2Stream_float_32u_149_W_hf_20  |        1|  0|   0|    0|    48|   32|     1|         1536|
    |W_hf_21_U  |readVec2Stream_float_32u_149_W_hf_21  |        1|  0|   0|    0|    48|   32|     1|         1536|
    |W_hf_22_U  |readVec2Stream_float_32u_149_W_hf_22  |        1|  0|   0|    0|    48|   32|     1|         1536|
    |W_hf_23_U  |readVec2Stream_float_32u_149_W_hf_23  |        1|  0|   0|    0|    48|   32|     1|         1536|
    |W_hf_24_U  |readVec2Stream_float_32u_149_W_hf_24  |        1|  0|   0|    0|    48|   32|     1|         1536|
    |W_hf_25_U  |readVec2Stream_float_32u_149_W_hf_25  |        1|  0|   0|    0|    48|   32|     1|         1536|
    |W_hf_26_U  |readVec2Stream_float_32u_149_W_hf_26  |        1|  0|   0|    0|    48|   32|     1|         1536|
    |W_hf_27_U  |readVec2Stream_float_32u_149_W_hf_27  |        1|  0|   0|    0|    48|   32|     1|         1536|
    |W_hf_28_U  |readVec2Stream_float_32u_149_W_hf_28  |        1|  0|   0|    0|    48|   32|     1|         1536|
    |W_hf_29_U  |readVec2Stream_float_32u_149_W_hf_29  |        1|  0|   0|    0|    48|   32|     1|         1536|
    |W_hf_3_U   |readVec2Stream_float_32u_149_W_hf_3   |        1|  0|   0|    0|    48|   32|     1|         1536|
    |W_hf_30_U  |readVec2Stream_float_32u_149_W_hf_30  |        1|  0|   0|    0|    48|   32|     1|         1536|
    |W_hf_31_U  |readVec2Stream_float_32u_149_W_hf_31  |        1|  0|   0|    0|    48|   32|     1|         1536|
    |W_hf_4_U   |readVec2Stream_float_32u_149_W_hf_4   |        1|  0|   0|    0|    48|   32|     1|         1536|
    |W_hf_5_U   |readVec2Stream_float_32u_149_W_hf_5   |        1|  0|   0|    0|    48|   32|     1|         1536|
    |W_hf_6_U   |readVec2Stream_float_32u_149_W_hf_6   |        1|  0|   0|    0|    48|   32|     1|         1536|
    |W_hf_7_U   |readVec2Stream_float_32u_149_W_hf_7   |        1|  0|   0|    0|    48|   32|     1|         1536|
    |W_hf_8_U   |readVec2Stream_float_32u_149_W_hf_8   |        1|  0|   0|    0|    48|   32|     1|         1536|
    |W_hf_9_U   |readVec2Stream_float_32u_149_W_hf_9   |        1|  0|   0|    0|    48|   32|     1|         1536|
    +-----------+--------------------------------------+---------+---+----+-----+------+-----+------+-------------+
    |Total      |                                      |       32|  0|   0|    0|  1536| 1024|    32|        49152|
    +-----------+--------------------------------------+---------+---+----+-----+------+-----+------+-------------+

    * FIFO: 
    N/A

    * Expression: 
    +-----------------+----------+----+---+----+------------+------------+
    |  Variable Name  | Operation| DSP| FF| LUT| Bitwidth P0| Bitwidth P1|
    +-----------------+----------+----+---+----+------------+------------+
    |ap_block_state1  |        or|   0|  0|   1|           1|           1|
    +-----------------+----------+----+---+----+------------+------------+
    |Total            |          |   0|  0|   1|           1|           1|
    +-----------------+----------+----+---+----+------------+------------+

    * Multiplexer: 
    +-------------------+----+-----------+-----+-----------+
    |        Name       | LUT| Input Size| Bits| Total Bits|
    +-------------------+----+-----------+-----+-----------+
    |ap_NS_fsm          |  13|          3|    1|          3|
    |ap_done            |   9|          2|    1|          2|
    |p_in_offset_blk_n  |   9|          2|    1|          2|
    |real_start         |   9|          2|    1|          2|
    |str_in12_blk_n     |   9|          2|    1|          2|
    +-------------------+----+-----------+-----+-----------+
    |Total              |  49|         11|    5|         11|
    +-------------------+----+-----------+-----+-----------+

    * Register: 
    +----------------+---+----+-----+-----------+
    |      Name      | FF| LUT| Bits| Const Bits|
    +----------------+---+----+-----+-----------+
    |ap_CS_fsm       |  2|   0|    2|          0|
    |ap_done_reg     |  1|   0|    1|          0|
    |start_once_reg  |  1|   0|    1|          0|
    +----------------+---+----+-----+-----------+
    |Total           |  4|   0|    4|          0|
    +----------------+---+----+-----+-----------+



================================================================
== Interface
================================================================
* Summary: 
+---------------------+-----+------+------------+--------------------------------+--------------+
|      RTL Ports      | Dir | Bits |  Protocol  |          Source Object         |    C Type    |
+---------------------+-----+------+------------+--------------------------------+--------------+
|ap_clk               |   in|     1|  ap_ctrl_hs|  readVec2Stream<float, 32u>.149|  return value|
|ap_rst               |   in|     1|  ap_ctrl_hs|  readVec2Stream<float, 32u>.149|  return value|
|ap_start             |   in|     1|  ap_ctrl_hs|  readVec2Stream<float, 32u>.149|  return value|
|start_full_n         |   in|     1|  ap_ctrl_hs|  readVec2Stream<float, 32u>.149|  return value|
|ap_done              |  out|     1|  ap_ctrl_hs|  readVec2Stream<float, 32u>.149|  return value|
|ap_continue          |   in|     1|  ap_ctrl_hs|  readVec2Stream<float, 32u>.149|  return value|
|ap_idle              |  out|     1|  ap_ctrl_hs|  readVec2Stream<float, 32u>.149|  return value|
|ap_ready             |  out|     1|  ap_ctrl_hs|  readVec2Stream<float, 32u>.149|  return value|
|start_out            |  out|     1|  ap_ctrl_hs|  readVec2Stream<float, 32u>.149|  return value|
|start_write          |  out|     1|  ap_ctrl_hs|  readVec2Stream<float, 32u>.149|  return value|
|str_in12_din         |  out|  1024|     ap_fifo|                        str_in12|       pointer|
|str_in12_full_n      |   in|     1|     ap_fifo|                        str_in12|       pointer|
|str_in12_write       |  out|     1|     ap_fifo|                        str_in12|       pointer|
|p_in_offset_dout     |   in|     6|     ap_fifo|                     p_in_offset|       pointer|
|p_in_offset_empty_n  |   in|     1|     ap_fifo|                     p_in_offset|       pointer|
|p_in_offset_read     |  out|     1|     ap_fifo|                     p_in_offset|       pointer|
+---------------------+-----+------+------------+--------------------------------+--------------+

