

================================================================
== Vitis HLS Report for 'sum_float_2u_unsigned_int_float_5972'
================================================================
* Date:           Mon May 24 12:53:06 2021

* Version:        2020.2 (Build 3064766 on Wed Nov 18 09:12:47 MST 2020)
* Project:        krnl_lstm
* Solution:       solution (Vitis Kernel Flow Target)
* Product family: zynq
* Target device:  xc7z045-ffg900-2


================================================================
== Performance Estimates
================================================================
+ Timing: 
    * Summary: 
    +--------+----------+----------+------------+
    |  Clock |  Target  | Estimated| Uncertainty|
    +--------+----------+----------+------------+
    |ap_clk  |  10.00 ns|  7.935 ns|     2.70 ns|
    +--------+----------+----------+------------+

+ Latency: 
    * Summary: 
    +---------+---------+----------+----------+-----+-----+----------+
    |  Latency (cycles) |  Latency (absolute) |  Interval | Pipeline |
    |   min   |   max   |    min   |    max   | min | max |   Type   |
    +---------+---------+----------+----------+-----+-----+----------+
    |       77|       77|  0.770 us|  0.770 us|   35|   35|  dataflow|
    +---------+---------+----------+----------+-----+-----+----------+

    + Detail: 
        * Instance: 
        +----------------------------------------------------------------------+-------------------------------------------------------------------+---------+---------+----------+----------+-----+-----+---------+
        |                                                                      |                                                                   |  Latency (cycles) |  Latency (absolute) |  Interval | Pipeline|
        |                               Instance                               |                               Module                              |   min   |   max   |    min   |    max   | min | max |   Type  |
        +----------------------------------------------------------------------+-------------------------------------------------------------------+---------+---------+----------+----------+-----+-----+---------+
        |p_anonymous_namespace_preProcess_float_2u_unsigned_int_float_6481_U0  |p_anonymous_namespace_preProcess_float_2u_unsigned_int_float_6481  |       26|       26|  0.260 us|  0.260 us|   26|   26|     none|
        |p_anonymous_namespace_postProcess_float_2u_unsigned_int_6683_U0       |p_anonymous_namespace_postProcess_float_2u_unsigned_int_6683       |       34|       34|  0.340 us|  0.340 us|   34|   34|     none|
        |padding_float_4u_unsigned_int_6582_U0                                 |padding_float_4u_unsigned_int_6582                                 |       15|       15|  0.150 us|  0.150 us|   15|   15|     none|
        +----------------------------------------------------------------------+-------------------------------------------------------------------+---------+---------+----------+----------+-----+-----+---------+

        * Loop: 
        N/A



================================================================
== Utilization Estimates
================================================================
* Summary: 
+-----------------+---------+-----+--------+--------+-----+
|       Name      | BRAM_18K| DSP |   FF   |   LUT  | URAM|
+-----------------+---------+-----+--------+--------+-----+
|DSP              |        -|    -|       -|       -|    -|
|Expression       |        -|    -|       0|       1|    -|
|FIFO             |        -|    -|     198|     136|    -|
|Instance         |        -|   12|    2625|    3432|    -|
|Memory           |        -|    -|       -|       -|    -|
|Multiplexer      |        -|    -|       -|       -|    -|
|Register         |        -|    -|       -|       -|    -|
+-----------------+---------+-----+--------+--------+-----+
|Total            |        0|   12|    2823|    3569|    0|
+-----------------+---------+-----+--------+--------+-----+
|Available        |     1090|  900|  437200|  218600|    0|
+-----------------+---------+-----+--------+--------+-----+
|Utilization (%)  |        0|    1|      ~0|       1|    0|
+-----------------+---------+-----+--------+--------+-----+

+ Detail: 
    * Instance: 
    +----------------------------------------------------------------------+-------------------------------------------------------------------+---------+----+------+------+-----+
    |                               Instance                               |                               Module                              | BRAM_18K| DSP|  FF  |  LUT | URAM|
    +----------------------------------------------------------------------+-------------------------------------------------------------------+---------+----+------+------+-----+
    |p_anonymous_namespace_postProcess_float_2u_unsigned_int_6683_U0       |p_anonymous_namespace_postProcess_float_2u_unsigned_int_6683       |        0|   6|   875|  1492|    0|
    |p_anonymous_namespace_preProcess_float_2u_unsigned_int_float_6481_U0  |p_anonymous_namespace_preProcess_float_2u_unsigned_int_float_6481  |        0|   6|  1732|  1821|    0|
    |padding_float_4u_unsigned_int_6582_U0                                 |padding_float_4u_unsigned_int_6582                                 |        0|   0|    18|   119|    0|
    +----------------------------------------------------------------------+-------------------------------------------------------------------+---------+----+------+------+-----+
    |Total                                                                 |                                                                   |        0|  12|  2625|  3432|    0|
    +----------------------------------------------------------------------+-------------------------------------------------------------------+---------+----+------+------+-----+

    * DSP: 
    N/A

    * Memory: 
    N/A

    * FIFO: 
    +----------+---------+----+----+-----+------+-----+---------+
    |   Name   | BRAM_18K| FF | LUT| URAM| Depth| Bits| Size:D*B|
    +----------+---------+----+----+-----+------+-----+---------+
    |l_data_U  |        0|  99|   0|    -|     2|   32|       64|
    |l_pad_U   |        0|  99|   0|    -|     2|   32|       64|
    +----------+---------+----+----+-----+------+-----+---------+
    |Total     |        0| 198|   0|    0|     4|   64|      128|
    +----------+---------+----+----+-----+------+-----+---------+

    * Expression: 
    +--------------+----------+----+---+----+------------+------------+
    | Variable Name| Operation| DSP| FF| LUT| Bitwidth P0| Bitwidth P1|
    +--------------+----------+----+---+----+------------+------------+
    |ap_idle       |       and|   0|  0|   1|           1|           1|
    +--------------+----------+----+---+----+------------+------------+
    |Total         |          |   0|  0|   1|           1|           1|
    +--------------+----------+----+---+----+------------+------------+

    * Multiplexer: 
    N/A

    * Register: 
    N/A



================================================================
== Interface
================================================================
* Summary: 
+-------------------+-----+-----+------------+-----------------------------------------+--------------+
|     RTL Ports     | Dir | Bits|  Protocol  |              Source Object              |    C Type    |
+-------------------+-----+-----+------------+-----------------------------------------+--------------+
|l_mulStr1_dout     |   in|  128|     ap_fifo|                                l_mulStr1|       pointer|
|l_mulStr1_empty_n  |   in|    1|     ap_fifo|                                l_mulStr1|       pointer|
|l_mulStr1_read     |  out|    1|     ap_fifo|                                l_mulStr1|       pointer|
|l_dot2_din         |  out|   32|     ap_fifo|                                   l_dot2|       pointer|
|l_dot2_full_n      |   in|    1|     ap_fifo|                                   l_dot2|       pointer|
|l_dot2_write       |  out|    1|     ap_fifo|                                   l_dot2|       pointer|
|ap_clk             |   in|    1|  ap_ctrl_hs|  sum<float, 2u, unsigned int, float>5972|  return value|
|ap_rst             |   in|    1|  ap_ctrl_hs|  sum<float, 2u, unsigned int, float>5972|  return value|
|ap_start           |   in|    1|  ap_ctrl_hs|  sum<float, 2u, unsigned int, float>5972|  return value|
|ap_done            |  out|    1|  ap_ctrl_hs|  sum<float, 2u, unsigned int, float>5972|  return value|
|ap_ready           |  out|    1|  ap_ctrl_hs|  sum<float, 2u, unsigned int, float>5972|  return value|
|ap_idle            |  out|    1|  ap_ctrl_hs|  sum<float, 2u, unsigned int, float>5972|  return value|
|ap_continue        |   in|    1|  ap_ctrl_hs|  sum<float, 2u, unsigned int, float>5972|  return value|
+-------------------+-----+-----+------------+-----------------------------------------+--------------+

