

================================================================
== Vitis HLS Report for 'sum_float_5u_unsigned_int_float_6782'
================================================================
* Date:           Tue Mar 16 16:15:39 2021

* Version:        2020.2 (Build 3064766 on Wed Nov 18 09:12:47 MST 2020)
* Project:        krnl_lstm
* Solution:       solution (Vitis Kernel Flow Target)
* Product family: zynq
* Target device:  xc7z045-ffg900-2


================================================================
== Performance Estimates
================================================================
+ Timing: 
    * Summary: 
    +--------+----------+----------+------------+
    |  Clock |  Target  | Estimated| Uncertainty|
    +--------+----------+----------+------------+
    |ap_clk  |  10.00 ns|  7.157 ns|     2.70 ns|
    +--------+----------+----------+------------+

+ Latency: 
    * Summary: 
    +---------+---------+----------+----------+-----+-----+----------+
    |  Latency (cycles) |  Latency (absolute) |  Interval | Pipeline |
    |   min   |   max   |    min   |    max   | min | max |   Type   |
    +---------+---------+----------+----------+-----+-----+----------+
    |       50|       50|  0.500 us|  0.500 us|   27|   27|  dataflow|
    +---------+---------+----------+----------+-----+-----+----------+

    + Detail: 
        * Instance: 
        +----------------------------------------------------------------------+-------------------------------------------------------------------+---------+---------+-----------+-----------+-----+-----+---------+
        |                                                                      |                                                                   |  Latency (cycles) |   Latency (absolute)  |  Interval | Pipeline|
        |                               Instance                               |                               Module                              |   min   |   max   |    min    |    max    | min | max |   Type  |
        +----------------------------------------------------------------------+-------------------------------------------------------------------+---------+---------+-----------+-----------+-----+-----+---------+
        |p_anonymous_namespace_preProcess_float_5u_unsigned_int_float_7292_U0  |p_anonymous_namespace_preProcess_float_5u_unsigned_int_float_7292  |       26|       26|   0.260 us|   0.260 us|   26|   26|     none|
        |p_anonymous_namespace_postProcess_float_2u_unsigned_int_7494_U0       |p_anonymous_namespace_postProcess_float_2u_unsigned_int_7494       |       19|       19|   0.190 us|   0.190 us|   19|   19|     none|
        |padding_float_4u_unsigned_int_7393_U0                                 |padding_float_4u_unsigned_int_7393                                 |        3|        3|  30.000 ns|  30.000 ns|    3|    3|     none|
        +----------------------------------------------------------------------+-------------------------------------------------------------------+---------+---------+-----------+-----------+-----+-----+---------+

        * Loop: 
        N/A



================================================================
== Utilization Estimates
================================================================
* Summary: 
+-----------------+---------+-----+--------+--------+-----+
|       Name      | BRAM_18K| DSP |   FF   |   LUT  | URAM|
+-----------------+---------+-----+--------+--------+-----+
|DSP              |        -|    -|       -|       -|    -|
|Expression       |        -|    -|       0|       1|    -|
|FIFO             |        -|    -|     198|     136|    -|
|Instance         |        -|   34|    5205|    7274|    -|
|Memory           |        -|    -|       -|       -|    -|
|Multiplexer      |        -|    -|       -|       -|    -|
|Register         |        -|    -|       -|       -|    -|
+-----------------+---------+-----+--------+--------+-----+
|Total            |        0|   34|    5403|    7411|    0|
+-----------------+---------+-----+--------+--------+-----+
|Available        |     1090|  900|  437200|  218600|    0|
+-----------------+---------+-----+--------+--------+-----+
|Utilization (%)  |        0|    3|       1|       3|    0|
+-----------------+---------+-----+--------+--------+-----+

+ Detail: 
    * Instance: 
    +----------------------------------------------------------------------+-------------------------------------------------------------------+---------+----+------+------+-----+
    |                               Instance                               |                               Module                              | BRAM_18K| DSP|  FF  |  LUT | URAM|
    +----------------------------------------------------------------------+-------------------------------------------------------------------+---------+----+------+------+-----+
    |p_anonymous_namespace_postProcess_float_2u_unsigned_int_7494_U0       |p_anonymous_namespace_postProcess_float_2u_unsigned_int_7494       |        0|   2|   354|   563|    0|
    |p_anonymous_namespace_preProcess_float_5u_unsigned_int_float_7292_U0  |p_anonymous_namespace_preProcess_float_5u_unsigned_int_float_7292  |        0|  32|  4845|  6640|    0|
    |padding_float_4u_unsigned_int_7393_U0                                 |padding_float_4u_unsigned_int_7393                                 |        0|   0|     6|    71|    0|
    +----------------------------------------------------------------------+-------------------------------------------------------------------+---------+----+------+------+-----+
    |Total                                                                 |                                                                   |        0|  34|  5205|  7274|    0|
    +----------------------------------------------------------------------+-------------------------------------------------------------------+---------+----+------+------+-----+

    * DSP: 
    N/A

    * Memory: 
    N/A

    * FIFO: 
    +----------+---------+----+----+-----+------+-----+---------+
    |   Name   | BRAM_18K| FF | LUT| URAM| Depth| Bits| Size:D*B|
    +----------+---------+----+----+-----+------+-----+---------+
    |l_data_U  |        0|  99|   0|    -|     2|   32|       64|
    |l_pad_U   |        0|  99|   0|    -|     2|   32|       64|
    +----------+---------+----+----+-----+------+-----+---------+
    |Total     |        0| 198|   0|    0|     4|   64|      128|
    +----------+---------+----+----+-----+------+-----+---------+

    * Expression: 
    +--------------+----------+----+---+----+------------+------------+
    | Variable Name| Operation| DSP| FF| LUT| Bitwidth P0| Bitwidth P1|
    +--------------+----------+----+---+----+------------+------------+
    |ap_idle       |       and|   0|  0|   1|           1|           1|
    +--------------+----------+----+---+----+------------+------------+
    |Total         |          |   0|  0|   1|           1|           1|
    +--------------+----------+----+---+----+------------+------------+

    * Multiplexer: 
    N/A

    * Register: 
    N/A



================================================================
== Interface
================================================================
* Summary: 
+-------------------+-----+------+------------+-----------------------------------------+--------------+
|     RTL Ports     | Dir | Bits |  Protocol  |              Source Object              |    C Type    |
+-------------------+-----+------+------------+-----------------------------------------+--------------+
|l_mulStr1_dout     |   in|  1024|     ap_fifo|                                l_mulStr1|       pointer|
|l_mulStr1_empty_n  |   in|     1|     ap_fifo|                                l_mulStr1|       pointer|
|l_mulStr1_read     |  out|     1|     ap_fifo|                                l_mulStr1|       pointer|
|l_dot2_din         |  out|    32|     ap_fifo|                                   l_dot2|       pointer|
|l_dot2_full_n      |   in|     1|     ap_fifo|                                   l_dot2|       pointer|
|l_dot2_write       |  out|     1|     ap_fifo|                                   l_dot2|       pointer|
|ap_clk             |   in|     1|  ap_ctrl_hs|  sum<float, 5u, unsigned int, float>6782|  return value|
|ap_rst             |   in|     1|  ap_ctrl_hs|  sum<float, 5u, unsigned int, float>6782|  return value|
|ap_start           |   in|     1|  ap_ctrl_hs|  sum<float, 5u, unsigned int, float>6782|  return value|
|ap_done            |  out|     1|  ap_ctrl_hs|  sum<float, 5u, unsigned int, float>6782|  return value|
|ap_ready           |  out|     1|  ap_ctrl_hs|  sum<float, 5u, unsigned int, float>6782|  return value|
|ap_idle            |  out|     1|  ap_ctrl_hs|  sum<float, 5u, unsigned int, float>6782|  return value|
|ap_continue        |   in|     1|  ap_ctrl_hs|  sum<float, 5u, unsigned int, float>6782|  return value|
+-------------------+-----+------+------------+-----------------------------------------+--------------+

