

================================================================
== Vitis HLS Report for 'write_output'
================================================================
* Date:           Mon May 24 12:54:12 2021

* Version:        2020.2 (Build 3064766 on Wed Nov 18 09:12:47 MST 2020)
* Project:        krnl_lstm
* Solution:       solution (Vitis Kernel Flow Target)
* Product family: zynq
* Target device:  xc7z045-ffg900-2


================================================================
== Performance Estimates
================================================================
+ Timing: 
    * Summary: 
    +--------+----------+----------+------------+
    |  Clock |  Target  | Estimated| Uncertainty|
    +--------+----------+----------+------------+
    |ap_clk  |  10.00 ns|  7.300 ns|     2.70 ns|
    +--------+----------+----------+------------+

+ Latency: 
    * Summary: 
    +---------+---------+----------+----------+--------+--------+---------+
    |  Latency (cycles) |  Latency (absolute) |     Interval    | Pipeline|
    |   min   |   max   |    min   |    max   |   min  |   max  |   Type  |
    +---------+---------+----------+----------+--------+--------+---------+
    |   134591|   134591|  1.346 ms|  1.346 ms|  134591|  134591|     none|
    +---------+---------+----------+----------+--------+--------+---------+

    + Detail: 
        * Instance: 
        N/A

        * Loop: 
        +--------------------+---------+---------+----------+-----------+-----------+--------+----------+
        |                    |  Latency (cycles) | Iteration|  Initiation Interval  |  Trip  |          |
        |      Loop Name     |   min   |   max   |  Latency |  achieved |   target  |  Count | Pipelined|
        +--------------------+---------+---------+----------+-----------+-----------+--------+----------+
        |- VITIS_LOOP_311_1  |   134521|   134521|         3|          1|          1|  134520|       yes|
        +--------------------+---------+---------+----------+-----------+-----------+--------+----------+



================================================================
== Utilization Estimates
================================================================
* Summary: 
+-----------------+---------+-----+--------+--------+-----+
|       Name      | BRAM_18K| DSP |   FF   |   LUT  | URAM|
+-----------------+---------+-----+--------+--------+-----+
|DSP              |        -|    -|       -|       -|    -|
|Expression       |        -|    -|       0|     260|    -|
|FIFO             |        -|    -|       -|       -|    -|
|Instance         |        -|    -|       -|       -|    -|
|Memory           |        -|    -|       -|       -|    -|
|Multiplexer      |        -|    -|       -|     415|    -|
|Register         |        -|    -|     380|       -|    -|
+-----------------+---------+-----+--------+--------+-----+
|Total            |        0|    0|     380|     675|    0|
+-----------------+---------+-----+--------+--------+-----+
|Available        |     1090|  900|  437200|  218600|    0|
+-----------------+---------+-----+--------+--------+-----+
|Utilization (%)  |        0|    0|      ~0|      ~0|    0|
+-----------------+---------+-----+--------+--------+-----+

+ Detail: 
    * Instance: 
    N/A

    * DSP: 
    N/A

    * Memory: 
    N/A

    * FIFO: 
    N/A

    * Expression: 
    +----------------------------------+----------+----+---+-----+------------+------------+
    |           Variable Name          | Operation| DSP| FF| LUT | Bitwidth P0| Bitwidth P1|
    +----------------------------------+----------+----+---+-----+------------+------------+
    |add_ln311_fu_153_p2               |         +|   0|  0|   18|          18|           1|
    |ap_block_pp0_stage0_01001         |       and|   0|  0|    1|           1|           1|
    |ap_block_state4_pp0_stage0_iter1  |       and|   0|  0|    1|           1|           1|
    |ap_block_state5_io                |       and|   0|  0|    1|           1|           1|
    |icmp_ln311_fu_159_p2              |      icmp|   0|  0|    7|          18|          18|
    |icmp_ln315_fu_169_p2              |      icmp|   0|  0|    2|           3|           2|
    |ap_block_pp0_stage0_11001         |        or|   0|  0|    1|           1|           1|
    |ap_block_state1                   |        or|   0|  0|    1|           1|           1|
    |select_ln315_fu_200_p3            |    select|   0|  0|  224|           1|           1|
    |ap_enable_pp0                     |       xor|   0|  0|    2|           1|           2|
    |ap_enable_reg_pp0_iter1           |       xor|   0|  0|    2|           2|           1|
    +----------------------------------+----------+----+---+-----+------------+------------+
    |Total                             |          |   0|  0|  260|          48|          30|
    +----------------------------------+----------+----+---+-----+------------+------------+

    * Multiplexer: 
    +-------------------------+-----+-----------+-----+-----------+
    |           Name          | LUT | Input Size| Bits| Total Bits|
    +-------------------------+-----+-----------+-----+-----------+
    |ap_NS_fsm                |  325|         72|    1|         72|
    |ap_done                  |    9|          2|    1|          2|
    |ap_enable_reg_pp0_iter1  |    9|          2|    1|          2|
    |ap_enable_reg_pp0_iter2  |    9|          2|    1|          2|
    |gmem_blk_n_AW            |    9|          2|    1|          2|
    |gmem_blk_n_B             |    9|          2|    1|          2|
    |gmem_blk_n_W             |    9|          2|    1|          2|
    |i_reg_110                |    9|          2|   18|         36|
    |out_r_blk_n              |    9|          2|    1|          2|
    |phi_ln315_reg_121        |    9|          2|  224|        448|
    |y_h_str_blk_n            |    9|          2|    1|          2|
    +-------------------------+-----+-----------+-----+-----------+
    |Total                    |  415|         92|  251|        572|
    +-------------------------+-----+-----------+-----+-----------+

    * Register: 
    +----------------------------------+-----+----+-----+-----------+
    |               Name               |  FF | LUT| Bits| Const Bits|
    +----------------------------------+-----+----+-----+-----------+
    |ap_CS_fsm                         |   71|   0|   71|          0|
    |ap_done_reg                       |    1|   0|    1|          0|
    |ap_enable_reg_pp0_iter0           |    1|   0|    1|          0|
    |ap_enable_reg_pp0_iter1           |    1|   0|    1|          0|
    |ap_enable_reg_pp0_iter2           |    1|   0|    1|          0|
    |i_reg_110                         |   18|   0|   18|          0|
    |icmp_ln311_reg_223                |    1|   0|    1|          0|
    |icmp_ln311_reg_223_pp0_iter1_reg  |    1|   0|    1|          0|
    |icmp_ln315_reg_227                |    1|   0|    1|          0|
    |icmp_ln315_reg_227_pp0_iter1_reg  |    1|   0|    1|          0|
    |phi_ln315_reg_121                 |  224|   0|  224|          0|
    |tmp_reg_232                       |   32|   0|   32|          0|
    |trunc_ln_reg_207                  |   27|   0|   27|          0|
    +----------------------------------+-----+----+-----+-----------+
    |Total                             |  380|   0|  380|          0|
    +----------------------------------+-----+----+-----+-----------+



================================================================
== Interface
================================================================
* Summary: 
+---------------------+-----+-----+------------+--------------+--------------+
|      RTL Ports      | Dir | Bits|  Protocol  | Source Object|    C Type    |
+---------------------+-----+-----+------------+--------------+--------------+
|ap_clk               |   in|    1|  ap_ctrl_hs|  write_output|  return value|
|ap_rst               |   in|    1|  ap_ctrl_hs|  write_output|  return value|
|ap_start             |   in|    1|  ap_ctrl_hs|  write_output|  return value|
|ap_done              |  out|    1|  ap_ctrl_hs|  write_output|  return value|
|ap_continue          |   in|    1|  ap_ctrl_hs|  write_output|  return value|
|ap_idle              |  out|    1|  ap_ctrl_hs|  write_output|  return value|
|ap_ready             |  out|    1|  ap_ctrl_hs|  write_output|  return value|
|m_axi_gmem_AWVALID   |  out|    1|       m_axi|          gmem|       pointer|
|m_axi_gmem_AWREADY   |   in|    1|       m_axi|          gmem|       pointer|
|m_axi_gmem_AWADDR    |  out|   32|       m_axi|          gmem|       pointer|
|m_axi_gmem_AWID      |  out|    1|       m_axi|          gmem|       pointer|
|m_axi_gmem_AWLEN     |  out|   32|       m_axi|          gmem|       pointer|
|m_axi_gmem_AWSIZE    |  out|    3|       m_axi|          gmem|       pointer|
|m_axi_gmem_AWBURST   |  out|    2|       m_axi|          gmem|       pointer|
|m_axi_gmem_AWLOCK    |  out|    2|       m_axi|          gmem|       pointer|
|m_axi_gmem_AWCACHE   |  out|    4|       m_axi|          gmem|       pointer|
|m_axi_gmem_AWPROT    |  out|    3|       m_axi|          gmem|       pointer|
|m_axi_gmem_AWQOS     |  out|    4|       m_axi|          gmem|       pointer|
|m_axi_gmem_AWREGION  |  out|    4|       m_axi|          gmem|       pointer|
|m_axi_gmem_AWUSER    |  out|    1|       m_axi|          gmem|       pointer|
|m_axi_gmem_WVALID    |  out|    1|       m_axi|          gmem|       pointer|
|m_axi_gmem_WREADY    |   in|    1|       m_axi|          gmem|       pointer|
|m_axi_gmem_WDATA     |  out|  256|       m_axi|          gmem|       pointer|
|m_axi_gmem_WSTRB     |  out|   32|       m_axi|          gmem|       pointer|
|m_axi_gmem_WLAST     |  out|    1|       m_axi|          gmem|       pointer|
|m_axi_gmem_WID       |  out|    1|       m_axi|          gmem|       pointer|
|m_axi_gmem_WUSER     |  out|    1|       m_axi|          gmem|       pointer|
|m_axi_gmem_ARVALID   |  out|    1|       m_axi|          gmem|       pointer|
|m_axi_gmem_ARREADY   |   in|    1|       m_axi|          gmem|       pointer|
|m_axi_gmem_ARADDR    |  out|   32|       m_axi|          gmem|       pointer|
|m_axi_gmem_ARID      |  out|    1|       m_axi|          gmem|       pointer|
|m_axi_gmem_ARLEN     |  out|   32|       m_axi|          gmem|       pointer|
|m_axi_gmem_ARSIZE    |  out|    3|       m_axi|          gmem|       pointer|
|m_axi_gmem_ARBURST   |  out|    2|       m_axi|          gmem|       pointer|
|m_axi_gmem_ARLOCK    |  out|    2|       m_axi|          gmem|       pointer|
|m_axi_gmem_ARCACHE   |  out|    4|       m_axi|          gmem|       pointer|
|m_axi_gmem_ARPROT    |  out|    3|       m_axi|          gmem|       pointer|
|m_axi_gmem_ARQOS     |  out|    4|       m_axi|          gmem|       pointer|
|m_axi_gmem_ARREGION  |  out|    4|       m_axi|          gmem|       pointer|
|m_axi_gmem_ARUSER    |  out|    1|       m_axi|          gmem|       pointer|
|m_axi_gmem_RVALID    |   in|    1|       m_axi|          gmem|       pointer|
|m_axi_gmem_RREADY    |  out|    1|       m_axi|          gmem|       pointer|
|m_axi_gmem_RDATA     |   in|  256|       m_axi|          gmem|       pointer|
|m_axi_gmem_RLAST     |   in|    1|       m_axi|          gmem|       pointer|
|m_axi_gmem_RID       |   in|    1|       m_axi|          gmem|       pointer|
|m_axi_gmem_RUSER     |   in|    1|       m_axi|          gmem|       pointer|
|m_axi_gmem_RRESP     |   in|    2|       m_axi|          gmem|       pointer|
|m_axi_gmem_BVALID    |   in|    1|       m_axi|          gmem|       pointer|
|m_axi_gmem_BREADY    |  out|    1|       m_axi|          gmem|       pointer|
|m_axi_gmem_BRESP     |   in|    2|       m_axi|          gmem|       pointer|
|m_axi_gmem_BID       |   in|    1|       m_axi|          gmem|       pointer|
|m_axi_gmem_BUSER     |   in|    1|       m_axi|          gmem|       pointer|
|out_r_dout           |   in|   32|     ap_fifo|         out_r|       pointer|
|out_r_empty_n        |   in|    1|     ap_fifo|         out_r|       pointer|
|out_r_read           |  out|    1|     ap_fifo|         out_r|       pointer|
|y_h_str_dout         |   in|   32|     ap_fifo|       y_h_str|       pointer|
|y_h_str_empty_n      |   in|    1|     ap_fifo|       y_h_str|       pointer|
|y_h_str_read         |  out|    1|     ap_fifo|       y_h_str|       pointer|
+---------------------+-----+-----+------------+--------------+--------------+

