
****** Vitis HLS - High-Level Synthesis from C, C++ and OpenCL v2020.2 (64-bit)
  **** SW Build 3064766 on Wed Nov 18 09:12:47 MST 2020
  **** IP Build 3064653 on Wed Nov 18 14:17:31 MST 2020
    ** Copyright 1986-2020 Xilinx, Inc. All Rights Reserved.

source /home/jrk/tools/Xilinx/Vitis_HLS/2020.2/scripts/vitis_hls/hls.tcl -notrace
INFO: [HLS 200-10] Running '/home/jrk/tools/Xilinx/Vitis_HLS/2020.2/bin/unwrapped/lnx64.o/vitis_hls'
INFO: [HLS 200-10] For user 'jrk' on host 'y700' (Linux_x86_64 version 4.15.0-136-generic) on Tue Mar 09 12:44:08 EST 2021
INFO: [HLS 200-10] On os Ubuntu 18.04.5 LTS
INFO: [HLS 200-10] In directory '/home/jrk/vivado/zc706/sdk/wksp1/zc706_lstm_kernels/Hardware/build/krnl_dot/krnl_dot'
Sourcing Tcl script 'krnl_dot.tcl'
INFO: [HLS 200-1510] Running: open_project krnl_dot 
INFO: [HLS 200-10] Creating and opening project '/home/jrk/vivado/zc706/sdk/wksp1/zc706_lstm_kernels/Hardware/build/krnl_dot/krnl_dot/krnl_dot'.
INFO: [HLS 200-1510] Running: set_top krnl_dot 
INFO: [HLS 200-1510] Running: add_files /home/jrk/vivado/zc706/sdk/wksp1/zc706_lstm_kernels/src/krnl_lstm.cpp -cflags  -I /home/jrk/vivado/zc706/sdk/wksp1/zc706_lstm_kernels/src -I /home/jrk/vivado/zc706/sdk/wksp1/zc706_lstm_kernels/libs/xf_BLAS/L1/include/hw  
INFO: [HLS 200-10] Adding design file '/home/jrk/vivado/zc706/sdk/wksp1/zc706_lstm_kernels/src/krnl_lstm.cpp' to the project
INFO: [HLS 200-1510] Running: open_solution -flow_target vitis solution 
INFO: [HLS 200-10] Creating and opening solution '/home/jrk/vivado/zc706/sdk/wksp1/zc706_lstm_kernels/Hardware/build/krnl_dot/krnl_dot/krnl_dot/solution'.
INFO: [HLS 200-1505] Using flow_target 'vitis'
Resolution: For help on HLS 200-1505 see www.xilinx.com/cgi-bin/docs/rdoc?v=2020.2;t=hls+guidance;d=200-1505.html
INFO: [HLS 200-435] Setting 'open_solution -flow_target vitis' configuration: config_interface -m_axi_latency=64
INFO: [HLS 200-435] Setting 'open_solution -flow_target vitis' configuration: config_interface -m_axi_alignment_byte_size=64
INFO: [HLS 200-435] Setting 'open_solution -flow_target vitis' configuration: config_interface -m_axi_max_widen_bitwidth=512
INFO: [HLS 200-435] Setting 'open_solution -flow_target vitis' configuration: config_interface -m_axi_offset=slave
INFO: [HLS 200-435] Setting 'open_solution -flow_target vitis' configuration: config_rtl -register_reset_num=3
INFO: [HLS 200-1510] Running: set_part xc7z045ffg900-2 
INFO: [HLS 200-10] Setting target device to 'xc7z045-ffg900-2'
INFO: [HLS 200-1510] Running: create_clock -period 100.000000MHz -name default 
INFO: [SYN 201-201] Setting up clock 'default' with a period of 10ns.
INFO: [HLS 200-1510] Running: config_dataflow -strict_mode warning 
INFO: [HLS 200-1510] Running: config_export -disable_deadlock_detection=true 
INFO: [HLS 200-1510] Running: config_rtl -m_axi_conservative_mode=1 
WARNING: [HLS 200-483] The 'config_rtl -m_axi_conservative_mode' command is deprecated and will be removed in a future release. Use 'config_interface -m_axi_conservative_mode' as its replacement.
INFO: [HLS 200-1510] Running: config_interface -m_axi_addr64=0 
INFO: [HLS 200-1510] Running: config_interface -m_axi_auto_max_ports=0 
INFO: [HLS 200-1510] Running: config_export -format ip_catalog -ipname krnl_dot 
INFO: [HLS 200-1510] Running: csynth_design 
INFO: [HLS 200-111] Finished File checks and directory preparation: CPU user time: 0 seconds. CPU system time: 0 seconds. Elapsed time: 0 seconds; current allocated memory: 190.004 MB.
INFO: [HLS 200-10] Analyzing design file '/home/jrk/vivado/zc706/sdk/wksp1/zc706_lstm_kernels/src/krnl_lstm.cpp' ... 
WARNING: [HLS 214-113] Either use an argument of the function or declare the variable inside the dataflow loop body: /home/jrk/vivado/zc706/sdk/wksp1/zc706_lstm_kernels/src/krnl_lstm.cpp:182:19
Resolution: For help on HLS 214-113 see www.xilinx.com/cgi-bin/docs/rdoc?v=2020.2;t=hls+guidance;d=214-113.html
WARNING: [HLS 214-113] Either use an argument of the function or declare the variable inside the dataflow loop body: /home/jrk/vivado/zc706/sdk/wksp1/zc706_lstm_kernels/src/krnl_lstm.cpp:187:19
Resolution: For help on HLS 214-113 see www.xilinx.com/cgi-bin/docs/rdoc?v=2020.2;t=hls+guidance;d=214-113.html
WARNING: [HLS 214-113] Either use an argument of the function or declare the variable inside the dataflow loop body: /home/jrk/vivado/zc706/sdk/wksp1/zc706_lstm_kernels/src/krnl_lstm.cpp:191:16
Resolution: For help on HLS 214-113 see www.xilinx.com/cgi-bin/docs/rdoc?v=2020.2;t=hls+guidance;d=214-113.html
WARNING: [HLS 214-113] Either use an argument of the function or declare the variable inside the dataflow loop body: /home/jrk/vivado/zc706/sdk/wksp1/zc706_lstm_kernels/src/krnl_lstm.cpp:201:19
Resolution: For help on HLS 214-113 see www.xilinx.com/cgi-bin/docs/rdoc?v=2020.2;t=hls+guidance;d=214-113.html
WARNING: [HLS 214-113] Either use an argument of the function or declare the variable inside the dataflow loop body: /home/jrk/vivado/zc706/sdk/wksp1/zc706_lstm_kernels/src/krnl_lstm.cpp:204:16
Resolution: For help on HLS 214-113 see www.xilinx.com/cgi-bin/docs/rdoc?v=2020.2;t=hls+guidance;d=214-113.html
WARNING: [HLS 214-114] Since the only kind of statements allowed in a canonical dataflow region are variable declarations and function calls, the compiler may not be able to correctly handle the region: /home/jrk/vivado/zc706/sdk/wksp1/zc706_lstm_kernels/src/krnl_lstm.cpp:160:2
Resolution: For help on HLS 214-114 see www.xilinx.com/cgi-bin/docs/rdoc?v=2020.2;t=hls+guidance;d=214-114.html
WARNING: [HLS 214-114] Since the only kind of statements allowed in a canonical dataflow region are variable declarations and function calls, the compiler may not be able to correctly handle the region: /home/jrk/vivado/zc706/sdk/wksp1/zc706_lstm_kernels/src/krnl_lstm.cpp:161:2
Resolution: For help on HLS 214-114 see www.xilinx.com/cgi-bin/docs/rdoc?v=2020.2;t=hls+guidance;d=214-114.html
WARNING: [HLS 214-114] Since the only kind of statements allowed in a canonical dataflow region are variable declarations and function calls, the compiler may not be able to correctly handle the region: /home/jrk/vivado/zc706/sdk/wksp1/zc706_lstm_kernels/src/krnl_lstm.cpp:162:2
Resolution: For help on HLS 214-114 see www.xilinx.com/cgi-bin/docs/rdoc?v=2020.2;t=hls+guidance;d=214-114.html
WARNING: [HLS 214-169] There are a total of 15 such instances of non-canonical statements in the dataflow region: /home/jrk/vivado/zc706/sdk/wksp1/zc706_lstm_kernels/src/krnl_lstm.cpp:146:2
Resolution: For help on HLS 214-169 see www.xilinx.com/cgi-bin/docs/rdoc?v=2020.2;t=hls+guidance;d=214-169.html
WARNING: [HLS 214-112] Functions with a return value cannot be used inside a dataflow region: /home/jrk/vivado/zc706/sdk/wksp1/zc706_lstm_kernels/libs/xf_BLAS/L1/include/hw/xf_blas/dot.hpp:64:5
Resolution: For help on HLS 214-112 see www.xilinx.com/cgi-bin/docs/rdoc?v=2020.2;t=hls+guidance;d=214-112.html
WARNING: [HLS 200-471] Dataflow form checks found 10 issue(s) in file /home/jrk/vivado/zc706/sdk/wksp1/zc706_lstm_kernels/src/krnl_lstm.cpp
Resolution: For help on HLS 200-471 see www.xilinx.com/cgi-bin/docs/rdoc?v=2020.2;t=hls+guidance;d=200-471.html
WARNING: [HLS 207-5510] 'Resource pragma' is deprecated, and it will be removed in future release. It is suggested to replace it with 'bind_op/bind_storage pragma'.: /home/jrk/tools/Xilinx/Vitis_HLS/2020.2/common/technology/autopilot/hls_hotbm_apfixed.h:117:9
WARNING: [HLS 207-5510] 'Resource pragma' is deprecated, and it will be removed in future release. It is suggested to replace it with 'bind_op/bind_storage pragma'.: /home/jrk/tools/Xilinx/Vitis_HLS/2020.2/common/technology/autopilot/hls_hotbm_apfixed.h:118:9
WARNING: [HLS 207-5510] 'Resource pragma' is deprecated, and it will be removed in future release. It is suggested to replace it with 'bind_op/bind_storage pragma'.: /home/jrk/tools/Xilinx/Vitis_HLS/2020.2/common/technology/autopilot/hls_hotbm_apfixed.h:119:9
WARNING: [HLS 207-5510] 'Resource pragma' is deprecated, and it will be removed in future release. It is suggested to replace it with 'bind_op/bind_storage pragma'.: /home/jrk/tools/Xilinx/Vitis_HLS/2020.2/common/technology/autopilot/hls_hotbm_apfixed.h:120:9
WARNING: [HLS 207-5510] 'Resource pragma' is deprecated, and it will be removed in future release. It is suggested to replace it with 'bind_op/bind_storage pragma'.: /home/jrk/tools/Xilinx/Vitis_HLS/2020.2/common/technology/autopilot/hls_hotbm_apfixed.h:121:9
WARNING: [HLS 207-5510] 'Resource pragma' is deprecated, and it will be removed in future release. It is suggested to replace it with 'bind_op/bind_storage pragma'.: /home/jrk/tools/Xilinx/Vitis_HLS/2020.2/common/technology/autopilot/hls_hotbm_apfixed.h:151:9
WARNING: [HLS 207-5510] 'Resource pragma' is deprecated, and it will be removed in future release. It is suggested to replace it with 'bind_op/bind_storage pragma'.: /home/jrk/tools/Xilinx/Vitis_HLS/2020.2/common/technology/autopilot/hls_hotbm_apfixed.h:152:9
WARNING: [HLS 207-5510] 'Resource pragma' is deprecated, and it will be removed in future release. It is suggested to replace it with 'bind_op/bind_storage pragma'.: /home/jrk/tools/Xilinx/Vitis_HLS/2020.2/common/technology/autopilot/hls_hotbm_apfixed.h:153:9
WARNING: [HLS 207-5510] 'Resource pragma' is deprecated, and it will be removed in future release. It is suggested to replace it with 'bind_op/bind_storage pragma'.: /home/jrk/tools/Xilinx/Vitis_HLS/2020.2/common/technology/autopilot/hls_hotbm_apfixed.h:154:9
WARNING: [HLS 207-5510] 'Resource pragma' is deprecated, and it will be removed in future release. It is suggested to replace it with 'bind_op/bind_storage pragma'.: /home/jrk/tools/Xilinx/Vitis_HLS/2020.2/common/technology/autopilot/hls_hotbm_apfixed.h:155:9
WARNING: [HLS 207-5510] 'Resource pragma' is deprecated, and it will be removed in future release. It is suggested to replace it with 'bind_op/bind_storage pragma'.: /home/jrk/tools/Xilinx/Vitis_HLS/2020.2/common/technology/autopilot/hls_hotbm_apfixed.h:156:9
WARNING: [HLS 207-5510] 'Resource pragma' is deprecated, and it will be removed in future release. It is suggested to replace it with 'bind_op/bind_storage pragma'.: /home/jrk/tools/Xilinx/Vitis_HLS/2020.2/common/technology/autopilot/hls_hotbm_apfixed.h:157:9
WARNING: [HLS 207-5510] 'Resource pragma' is deprecated, and it will be removed in future release. It is suggested to replace it with 'bind_op/bind_storage pragma'.: /home/jrk/tools/Xilinx/Vitis_HLS/2020.2/common/technology/autopilot/hls_hotbm_apfixed.h:158:9
WARNING: [HLS 207-5510] 'Resource pragma' is deprecated, and it will be removed in future release. It is suggested to replace it with 'bind_op/bind_storage pragma'.: /home/jrk/tools/Xilinx/Vitis_HLS/2020.2/common/technology/autopilot/hls_hotbm_apfixed.h:159:9
WARNING: [HLS 207-5510] 'Resource pragma' is deprecated, and it will be removed in future release. It is suggested to replace it with 'bind_op/bind_storage pragma'.: /home/jrk/tools/Xilinx/Vitis_HLS/2020.2/common/technology/autopilot/hls_hotbm_apfixed.h:160:9
WARNING: [HLS 207-5510] 'Resource pragma' is deprecated, and it will be removed in future release. It is suggested to replace it with 'bind_op/bind_storage pragma'.: /home/jrk/tools/Xilinx/Vitis_HLS/2020.2/common/technology/autopilot/hls_hotbm_apfixed.h:210:9
WARNING: [HLS 207-5510] 'Resource pragma' is deprecated, and it will be removed in future release. It is suggested to replace it with 'bind_op/bind_storage pragma'.: /home/jrk/tools/Xilinx/Vitis_HLS/2020.2/common/technology/autopilot/hls_hotbm_apfixed.h:211:9
WARNING: [HLS 207-5510] 'Resource pragma' is deprecated, and it will be removed in future release. It is suggested to replace it with 'bind_op/bind_storage pragma'.: /home/jrk/tools/Xilinx/Vitis_HLS/2020.2/common/technology/autopilot/hls_hotbm_apfixed.h:212:9
WARNING: [HLS 207-5510] 'Resource pragma' is deprecated, and it will be removed in future release. It is suggested to replace it with 'bind_op/bind_storage pragma'.: /home/jrk/tools/Xilinx/Vitis_HLS/2020.2/common/technology/autopilot/hls_hotbm_apfixed.h:239:9
WARNING: [HLS 207-5510] 'Resource pragma' is deprecated, and it will be removed in future release. It is suggested to replace it with 'bind_op/bind_storage pragma'.: /home/jrk/tools/Xilinx/Vitis_HLS/2020.2/common/technology/autopilot/hls_hotbm_apfixed.h:240:9
WARNING: [HLS 207-5510] 'Resource pragma' is deprecated, and it will be removed in future release. It is suggested to replace it with 'bind_op/bind_storage pragma'.: /home/jrk/tools/Xilinx/Vitis_HLS/2020.2/common/technology/autopilot/hls_hotbm_apfixed.h:241:9
WARNING: [HLS 207-5510] 'Resource pragma' is deprecated, and it will be removed in future release. It is suggested to replace it with 'bind_op/bind_storage pragma'.: /home/jrk/tools/Xilinx/Vitis_HLS/2020.2/common/technology/autopilot/hls_hotbm_apfixed.h:242:9
WARNING: [HLS 207-5510] 'Resource pragma' is deprecated, and it will be removed in future release. It is suggested to replace it with 'bind_op/bind_storage pragma'.: /home/jrk/tools/Xilinx/Vitis_HLS/2020.2/common/technology/autopilot/hls_hotbm_apfixed.h:243:9
WARNING: [HLS 207-5510] 'Resource pragma' is deprecated, and it will be removed in future release. It is suggested to replace it with 'bind_op/bind_storage pragma'.: /home/jrk/tools/Xilinx/Vitis_HLS/2020.2/common/technology/autopilot/hls_hotbm_apfixed.h:244:9
WARNING: [HLS 207-5510] 'Resource pragma' is deprecated, and it will be removed in future release. It is suggested to replace it with 'bind_op/bind_storage pragma'.: /home/jrk/tools/Xilinx/Vitis_HLS/2020.2/common/technology/autopilot/hls_hotbm_apfixed.h:280:9
WARNING: [HLS 207-5510] 'Resource pragma' is deprecated, and it will be removed in future release. It is suggested to replace it with 'bind_op/bind_storage pragma'.: /home/jrk/tools/Xilinx/Vitis_HLS/2020.2/common/technology/autopilot/hls_hotbm_apfixed.h:281:9
WARNING: [HLS 207-5301] unused parameter 'p_Idx': /home/jrk/vivado/zc706/sdk/wksp1/zc706_lstm_kernels/libs/xf_BLAS/L1/include/hw/xf_blas/helpers/utils/types.hpp:221:32
WARNING: [HLS 207-5301] unused parameter 'p_Idx': /home/jrk/vivado/zc706/sdk/wksp1/zc706_lstm_kernels/libs/xf_BLAS/L1/include/hw/xf_blas/helpers/utils/types.hpp:228:38
WARNING: [HLS 207-5517] Invalid interface port in '#pragma HLS interface': expect function parameter: /home/jrk/vivado/zc706/sdk/wksp1/zc706_lstm_kernels/libs/xf_BLAS/L1/include/hw/xf_blas/helpers/utils/types.hpp:286:38
WARNING: [HLS 207-5301] unused parameter 'p_n': /home/jrk/vivado/zc706/sdk/wksp1/zc706_lstm_kernels/libs/xf_BLAS/L1/include/hw/xf_blas/gbmv.hpp:38:30
WARNING: [HLS 207-5301] unused parameter 'p_k': /home/jrk/vivado/zc706/sdk/wksp1/zc706_lstm_kernels/libs/xf_BLAS/L1/include/hw/xf_blas/gemm.hpp:162:30
WARNING: [HLS 207-5301] unused parameter 'p_k': /home/jrk/vivado/zc706/sdk/wksp1/zc706_lstm_kernels/libs/xf_BLAS/L1/include/hw/xf_blas/gemm.hpp:183:30
INFO: [HLS 200-111] Finished Source Code Analysis and Preprocessing: CPU user time: 32.3 seconds. CPU system time: 1.03 seconds. Elapsed time: 32.65 seconds; current allocated memory: 196.458 MB.
INFO: [HLS 200-777] Using interface defaults for 'Vitis' flow target.
INFO: [HLS 214-131] Inlining function 'xf::blas::WideType<float, 32u, 32u>::WideType()' into 'void xf::blas::readVec2Stream<float, 32u>(float*, unsigned int, hls::stream<xf::blas::WideType<float, 32u, (sizeof (float)) * (8)>::t_TypeInt, 0>&)' (/home/jrk/vivado/zc706/sdk/wksp1/zc706_lstm_kernels/libs/xf_BLAS/L1/include/hw/xf_blas/helpers/dataMover/vecMoverB1.hpp:147:44)
INFO: [HLS 214-131] Inlining function 'hls::stream<ap_uint<1024>, 0>::write(ap_uint<1024> const&)' into 'void xf::blas::readVec2Stream<float, 32u>(float*, unsigned int, hls::stream<xf::blas::WideType<float, 32u, (sizeof (float)) * (8)>::t_TypeInt, 0>&)' (/home/jrk/vivado/zc706/sdk/wksp1/zc706_lstm_kernels/libs/xf_BLAS/L1/include/hw/xf_blas/helpers/dataMover/vecMoverB1.hpp:151:15)
INFO: [HLS 214-131] Inlining function 'hls::stream<ap_uint<1024>, 0>::read(ap_uint<1024>&)' into 'hls::stream<ap_uint<1024>, 0>::read()' (/home/jrk/tools/Xilinx/Vitis_HLS/2020.2/common/technology/autopilot/hls_stream_39.h:156:9)
INFO: [HLS 214-131] Inlining function 'xf::blas::WideType<float, 32u, 32u>::WideType()' into 'void xf::blas::mul<float, 32u, unsigned int, float>(unsigned int, hls::stream<xf::blas::WideType<float, 32u, (sizeof (float)) * (8)>::t_TypeInt, 0>&, hls::stream<xf::blas::WideType<float, 32u, (sizeof (float)) * (8)>::t_TypeInt, 0>&, hls::stream<xf::blas::WideType<float, 32u, (sizeof (float)) * (8)>::t_TypeInt, 0>&, unsigned int)' (/home/jrk/vivado/zc706/sdk/wksp1/zc706_lstm_kernels/libs/xf_BLAS/L1/include/hw/xf_blas/helpers/funcs/mul.hpp:53:37)
INFO: [HLS 214-131] Inlining function 'hls::stream<ap_uint<1024>, 0>::write(ap_uint<1024> const&)' into 'void xf::blas::mul<float, 32u, unsigned int, float>(unsigned int, hls::stream<xf::blas::WideType<float, 32u, (sizeof (float)) * (8)>::t_TypeInt, 0>&, hls::stream<xf::blas::WideType<float, 32u, (sizeof (float)) * (8)>::t_TypeInt, 0>&, hls::stream<xf::blas::WideType<float, 32u, (sizeof (float)) * (8)>::t_TypeInt, 0>&, unsigned int)' (/home/jrk/vivado/zc706/sdk/wksp1/zc706_lstm_kernels/libs/xf_BLAS/L1/include/hw/xf_blas/helpers/funcs/mul.hpp:64:19)
INFO: [HLS 214-131] Inlining function 'xf::blas::WideType<float, 32u, 32u>::WideType()' into 'void xf::blas::mul<float, 32u, unsigned int, float>(unsigned int, hls::stream<xf::blas::WideType<float, 32u, (sizeof (float)) * (8)>::t_TypeInt, 0>&, hls::stream<xf::blas::WideType<float, 32u, (sizeof (float)) * (8)>::t_TypeInt, 0>&, hls::stream<xf::blas::WideType<float, 32u, (sizeof (float)) * (8)>::t_TypeInt, 0>&, unsigned int)' (/home/jrk/vivado/zc706/sdk/wksp1/zc706_lstm_kernels/libs/xf_BLAS/L1/include/hw/xf_blas/helpers/funcs/mul.hpp:54:48)
INFO: [HLS 214-131] Inlining function 'xf::blas::WideType<float, 32u, 32u>::WideType()' into 'void xf::blas::mul<float, 32u, unsigned int, float>(unsigned int, hls::stream<xf::blas::WideType<float, 32u, (sizeof (float)) * (8)>::t_TypeInt, 0>&, hls::stream<xf::blas::WideType<float, 32u, (sizeof (float)) * (8)>::t_TypeInt, 0>&, hls::stream<xf::blas::WideType<float, 32u, (sizeof (float)) * (8)>::t_TypeInt, 0>&, unsigned int)' (/home/jrk/vivado/zc706/sdk/wksp1/zc706_lstm_kernels/libs/xf_BLAS/L1/include/hw/xf_blas/helpers/funcs/mul.hpp:55:51)
INFO: [HLS 214-131] Inlining function 'hls::stream<ap_uint<1024>, 0>::read()' into 'void xf::blas::mul<float, 32u, unsigned int, float>(unsigned int, hls::stream<xf::blas::WideType<float, 32u, (sizeof (float)) * (8)>::t_TypeInt, 0>&, hls::stream<xf::blas::WideType<float, 32u, (sizeof (float)) * (8)>::t_TypeInt, 0>&, hls::stream<xf::blas::WideType<float, 32u, (sizeof (float)) * (8)>::t_TypeInt, 0>&, unsigned int)' (/home/jrk/vivado/zc706/sdk/wksp1/zc706_lstm_kernels/libs/xf_BLAS/L1/include/hw/xf_blas/helpers/funcs/mul.hpp:59:15)
INFO: [HLS 214-131] Inlining function 'xf::blas::WideType<float, 32u, 32u>::WideType(ap_uint<1024> const&)' into 'void xf::blas::mul<float, 32u, unsigned int, float>(unsigned int, hls::stream<xf::blas::WideType<float, 32u, (sizeof (float)) * (8)>::t_TypeInt, 0>&, hls::stream<xf::blas::WideType<float, 32u, (sizeof (float)) * (8)>::t_TypeInt, 0>&, hls::stream<xf::blas::WideType<float, 32u, (sizeof (float)) * (8)>::t_TypeInt, 0>&, unsigned int)' (/home/jrk/vivado/zc706/sdk/wksp1/zc706_lstm_kernels/libs/xf_BLAS/L1/include/hw/xf_blas/helpers/funcs/mul.hpp:59:11)
INFO: [HLS 214-131] Inlining function 'hls::stream<ap_uint<1024>, 0>::read()' into 'void xf::blas::mul<float, 32u, unsigned int, float>(unsigned int, hls::stream<xf::blas::WideType<float, 32u, (sizeof (float)) * (8)>::t_TypeInt, 0>&, hls::stream<xf::blas::WideType<float, 32u, (sizeof (float)) * (8)>::t_TypeInt, 0>&, hls::stream<xf::blas::WideType<float, 32u, (sizeof (float)) * (8)>::t_TypeInt, 0>&, unsigned int)' (/home/jrk/vivado/zc706/sdk/wksp1/zc706_lstm_kernels/libs/xf_BLAS/L1/include/hw/xf_blas/helpers/funcs/mul.hpp:60:26)
INFO: [HLS 214-131] Inlining function 'xf::blas::WideType<float, 32u, 32u>::WideType(ap_uint<1024> const&)' into 'void xf::blas::mul<float, 32u, unsigned int, float>(unsigned int, hls::stream<xf::blas::WideType<float, 32u, (sizeof (float)) * (8)>::t_TypeInt, 0>&, hls::stream<xf::blas::WideType<float, 32u, (sizeof (float)) * (8)>::t_TypeInt, 0>&, hls::stream<xf::blas::WideType<float, 32u, (sizeof (float)) * (8)>::t_TypeInt, 0>&, unsigned int)' (/home/jrk/vivado/zc706/sdk/wksp1/zc706_lstm_kernels/libs/xf_BLAS/L1/include/hw/xf_blas/helpers/funcs/mul.hpp:60:22)
INFO: [HLS 214-131] Inlining function 'xf::blas::BinarySum<float, 1u, float>::sum(float*)' into 'xf::blas::BinarySum<float, 2u, float>::sum(float*)' (/home/jrk/vivado/zc706/sdk/wksp1/zc706_lstm_kernels/libs/xf_BLAS/L1/include/hw/xf_blas/helpers/utils/utils.hpp:43:16)
INFO: [HLS 214-131] Inlining function 'xf::blas::BinarySum<float, 1u, float>::sum(float*)' into 'xf::blas::BinarySum<float, 2u, float>::sum(float*)' (/home/jrk/vivado/zc706/sdk/wksp1/zc706_lstm_kernels/libs/xf_BLAS/L1/include/hw/xf_blas/helpers/utils/utils.hpp:44:16)
INFO: [HLS 214-131] Inlining function 'hls::stream<ap_uint<1024>, 0>::read()' into 'void xf::blas::(anonymous namespace)::preProcess<float, 5u, unsigned int, float>(unsigned int, hls::stream<xf::blas::WideType<float, (1) << (5u), (sizeof (float)) * (8)>::t_TypeInt, 0>&, hls::stream<float, 0>&, unsigned int)' (/home/jrk/vivado/zc706/sdk/wksp1/zc706_lstm_kernels/libs/xf_BLAS/L1/include/hw/xf_blas/helpers/funcs/sum.hpp:53:55)
INFO: [HLS 214-131] Inlining function 'hls::stream<float, 0>::write(float const&)' into 'void xf::blas::(anonymous namespace)::preProcess<float, 5u, unsigned int, float>(unsigned int, hls::stream<xf::blas::WideType<float, (1) << (5u), (sizeof (float)) * (8)>::t_TypeInt, 0>&, hls::stream<float, 0>&, unsigned int)' (/home/jrk/vivado/zc706/sdk/wksp1/zc706_lstm_kernels/libs/xf_BLAS/L1/include/hw/xf_blas/helpers/funcs/sum.hpp:56:20)
INFO: [HLS 214-131] Inlining function 'xf::blas::WideType<float, 32u, 32u>::WideType(ap_uint<1024> const&)' into 'void xf::blas::(anonymous namespace)::preProcess<float, 5u, unsigned int, float>(unsigned int, hls::stream<xf::blas::WideType<float, (1) << (5u), (sizeof (float)) * (8)>::t_TypeInt, 0>&, hls::stream<float, 0>&, unsigned int)' (/home/jrk/vivado/zc706/sdk/wksp1/zc706_lstm_kernels/libs/xf_BLAS/L1/include/hw/xf_blas/helpers/funcs/sum.hpp:53:51)
INFO: [HLS 214-131] Inlining function 'hls::stream<float, 0>::read(float&)' into 'hls::stream<float, 0>::read()' (/home/jrk/tools/Xilinx/Vitis_HLS/2020.2/common/technology/autopilot/hls_stream_39.h:156:9)
INFO: [HLS 214-131] Inlining function 'hls::stream<float, 0>::read()' into 'void xf::blas::padding<float, 4u, unsigned int>(unsigned int, hls::stream<float, 0>&, hls::stream<float, 0>&, unsigned int)' (/home/jrk/vivado/zc706/sdk/wksp1/zc706_lstm_kernels/libs/xf_BLAS/L1/include/hw/xf_blas/helpers/funcs/padding.hpp:61:36)
INFO: [HLS 214-131] Inlining function 'hls::stream<float, 0>::write(float const&)' into 'void xf::blas::padding<float, 4u, unsigned int>(unsigned int, hls::stream<float, 0>&, hls::stream<float, 0>&, unsigned int)' (/home/jrk/vivado/zc706/sdk/wksp1/zc706_lstm_kernels/libs/xf_BLAS/L1/include/hw/xf_blas/helpers/funcs/padding.hpp:62:19)
INFO: [HLS 214-131] Inlining function 'xf::blas::WideType<float, 4u, 32u>::WideType()' into 'void xf::blas::(anonymous namespace)::postProcess<float, 2u, unsigned int>(unsigned int, hls::stream<float, 0>&, hls::stream<xf::blas::WideType<float, 1u, (sizeof (float)) * (8)>::t_TypeInt, 0>&, unsigned int)' (/home/jrk/vivado/zc706/sdk/wksp1/zc706_lstm_kernels/libs/xf_BLAS/L1/include/hw/xf_blas/helpers/funcs/sum.hpp:73:33)
INFO: [HLS 214-131] Inlining function 'hls::stream<ap_uint<32>, 0>::write(ap_uint<32> const&)' into 'void xf::blas::(anonymous namespace)::postProcess<float, 2u, unsigned int>(unsigned int, hls::stream<float, 0>&, hls::stream<xf::blas::WideType<float, 1u, (sizeof (float)) * (8)>::t_TypeInt, 0>&, unsigned int)' (/home/jrk/vivado/zc706/sdk/wksp1/zc706_lstm_kernels/libs/xf_BLAS/L1/include/hw/xf_blas/helpers/funcs/sum.hpp:79:43)
INFO: [HLS 214-131] Inlining function 'hls::stream<float, 0>::read()' into 'void xf::blas::(anonymous namespace)::postProcess<float, 2u, unsigned int>(unsigned int, hls::stream<float, 0>&, hls::stream<xf::blas::WideType<float, 1u, (sizeof (float)) * (8)>::t_TypeInt, 0>&, unsigned int)' (/home/jrk/vivado/zc706/sdk/wksp1/zc706_lstm_kernels/libs/xf_BLAS/L1/include/hw/xf_blas/helpers/funcs/sum.hpp:76:22)
INFO: [HLS 214-131] Inlining function 'xf::blas::WideType<float, 4u, 32u>::shift(float)' into 'void xf::blas::(anonymous namespace)::postProcess<float, 2u, unsigned int>(unsigned int, hls::stream<float, 0>&, hls::stream<xf::blas::WideType<float, 1u, (sizeof (float)) * (8)>::t_TypeInt, 0>&, unsigned int)' (/home/jrk/vivado/zc706/sdk/wksp1/zc706_lstm_kernels/libs/xf_BLAS/L1/include/hw/xf_blas/helpers/funcs/sum.hpp:76:10)
INFO: [HLS 214-131] Inlining function 'hls::stream<float, 0>::stream()' into 'void xf::blas::sum<float, 5u, unsigned int, float>(unsigned int, hls::stream<xf::blas::WideType<float, (1) << (5u), (sizeof (float)) * (8)>::t_TypeInt, 0>&, hls::stream<xf::blas::WideType<float, 1u, (sizeof (float)) * (8)>::t_TypeInt, 0>&, unsigned int)' (/home/jrk/vivado/zc706/sdk/wksp1/zc706_lstm_kernels/libs/xf_BLAS/L1/include/hw/xf_blas/helpers/funcs/sum.hpp:111:29)
INFO: [HLS 214-131] Inlining function 'hls::stream<float, 0>::stream()' into 'void xf::blas::sum<float, 5u, unsigned int, float>(unsigned int, hls::stream<xf::blas::WideType<float, (1) << (5u), (sizeof (float)) * (8)>::t_TypeInt, 0>&, hls::stream<xf::blas::WideType<float, 1u, (sizeof (float)) * (8)>::t_TypeInt, 0>&, unsigned int)' (/home/jrk/vivado/zc706/sdk/wksp1/zc706_lstm_kernels/libs/xf_BLAS/L1/include/hw/xf_blas/helpers/funcs/sum.hpp:111:37)
INFO: [HLS 214-131] Inlining function 'hls::stream<ap_uint<1024>, 0>::stream()' into 'void xf::blas::(anonymous namespace)::dot_tree<float, 5u, unsigned int, float>(unsigned int, unsigned int, hls::stream<xf::blas::WideType<float, (1) << (5u), (sizeof (float)) * (8)>::t_TypeInt, 0>&, hls::stream<xf::blas::WideType<float, (1) << (5u), (sizeof (float)) * (8)>::t_TypeInt, 0>&, hls::stream<xf::blas::WideType<float, 1u, (sizeof (float)) * (8)>::t_TypeInt, 0>&)' (/home/jrk/vivado/zc706/sdk/wksp1/zc706_lstm_kernels/libs/xf_BLAS/L1/include/hw/xf_blas/helpers/funcs/dotHelper.hpp:65:78)
INFO: [HLS 214-131] Inlining function 'hls::stream<ap_uint<32>, 0>::read(ap_uint<32>&)' into 'hls::stream<ap_uint<32>, 0>::read()' (/home/jrk/tools/Xilinx/Vitis_HLS/2020.2/common/technology/autopilot/hls_stream_39.h:156:9)
INFO: [HLS 214-131] Inlining function 'hls::stream<ap_uint<32>, 0>::stream()' into 'void xf::blas::dot<float, 5u, unsigned int>(unsigned int, hls::stream<xf::blas::WideType<float, (1) << (5u), (sizeof (float)) * (8)>::t_TypeInt, 0>&, hls::stream<xf::blas::WideType<float, (1) << (5u), (sizeof (float)) * (8)>::t_TypeInt, 0>&, float&)' (/home/jrk/vivado/zc706/sdk/wksp1/zc706_lstm_kernels/libs/xf_BLAS/L1/include/hw/xf_blas/dot.hpp:60:62)
INFO: [HLS 214-131] Inlining function 'hls::stream<ap_uint<32>, 0>::read()' into 'void xf::blas::dot<float, 5u, unsigned int>(unsigned int, hls::stream<xf::blas::WideType<float, (1) << (5u), (sizeof (float)) * (8)>::t_TypeInt, 0>&, hls::stream<xf::blas::WideType<float, (1) << (5u), (sizeof (float)) * (8)>::t_TypeInt, 0>&, float&)' (/home/jrk/vivado/zc706/sdk/wksp1/zc706_lstm_kernels/libs/xf_BLAS/L1/include/hw/xf_blas/dot.hpp:63:41)
INFO: [HLS 214-131] Inlining function 'hls::stream<ap_uint<1024>, 0>::stream()' into 'krnl_dot(float*, float*, float*)' (/home/jrk/vivado/zc706/sdk/wksp1/zc706_lstm_kernels/src/krnl_lstm.cpp:89:72)
INFO: [HLS 214-131] Inlining function 'hls::stream<ap_uint<1024>, 0>::stream()' into 'krnl_dot(float*, float*, float*)' (/home/jrk/vivado/zc706/sdk/wksp1/zc706_lstm_kernels/src/krnl_lstm.cpp:90:72)
INFO: [HLS 214-210] Disaggregating variable 'l_val'
INFO: [HLS 214-210] Disaggregating variable 'ref.tmp3'
INFO: [HLS 214-210] Disaggregating variable 'ref.tmp'
INFO: [HLS 214-210] Disaggregating variable 'l_valRes'
INFO: [HLS 214-210] Disaggregating variable 'l_valY'
INFO: [HLS 214-210] Disaggregating variable 'l_valX'
INFO: [HLS 214-210] Disaggregating variable 'l_x'
INFO: [HLS 214-210] Disaggregating variable 'l_input'
INFO: [HLS 214-186] Unrolling loop 'VITIS_LOOP_74_3' (/home/jrk/vivado/zc706/sdk/wksp1/zc706_lstm_kernels/libs/xf_BLAS/L1/include/hw/xf_blas/helpers/funcs/sum.hpp:74:30) in function 'xf::blas::(anonymous namespace)::postProcess<float, 2u, unsigned int>' completely with a factor of 4 (/home/jrk/vivado/zc706/sdk/wksp1/zc706_lstm_kernels/libs/xf_BLAS/L1/include/hw/xf_blas/helpers/funcs/sum.hpp:74:30)
INFO: [HLS 214-186] Unrolling loop 'WIDE_TYPE_SHIFT' (/home/jrk/vivado/zc706/sdk/wksp1/zc706_lstm_kernels/libs/xf_BLAS/L1/include/hw/xf_blas/helpers/utils/types.hpp:141:9) in function 'xf::blas::(anonymous namespace)::postProcess<float, 2u, unsigned int>' completely with a factor of 3 (/home/jrk/vivado/zc706/sdk/wksp1/zc706_lstm_kernels/libs/xf_BLAS/L1/include/hw/xf_blas/helpers/utils/types.hpp:141:9)
INFO: [HLS 214-186] Unrolling loop 'WIDE_TYPE_SHIFT' (/home/jrk/vivado/zc706/sdk/wksp1/zc706_lstm_kernels/libs/xf_BLAS/L1/include/hw/xf_blas/helpers/utils/types.hpp:141:9) in function 'xf::blas::(anonymous namespace)::postProcess<float, 2u, unsigned int>' completely with a factor of 3 (/home/jrk/vivado/zc706/sdk/wksp1/zc706_lstm_kernels/libs/xf_BLAS/L1/include/hw/xf_blas/helpers/utils/types.hpp:141:9)
INFO: [HLS 214-186] Unrolling loop 'WIDE_TYPE_SHIFT' (/home/jrk/vivado/zc706/sdk/wksp1/zc706_lstm_kernels/libs/xf_BLAS/L1/include/hw/xf_blas/helpers/utils/types.hpp:141:9) in function 'xf::blas::(anonymous namespace)::postProcess<float, 2u, unsigned int>' completely with a factor of 3 (/home/jrk/vivado/zc706/sdk/wksp1/zc706_lstm_kernels/libs/xf_BLAS/L1/include/hw/xf_blas/helpers/utils/types.hpp:141:9)
INFO: [HLS 214-186] Unrolling loop 'WIDE_TYPE_SHIFT' (/home/jrk/vivado/zc706/sdk/wksp1/zc706_lstm_kernels/libs/xf_BLAS/L1/include/hw/xf_blas/helpers/utils/types.hpp:141:9) in function 'xf::blas::(anonymous namespace)::postProcess<float, 2u, unsigned int>' completely with a factor of 3 (/home/jrk/vivado/zc706/sdk/wksp1/zc706_lstm_kernels/libs/xf_BLAS/L1/include/hw/xf_blas/helpers/utils/types.hpp:141:9)
INFO: [HLS 214-186] Unrolling loop 'VITIS_LOOP_120_1' (/home/jrk/vivado/zc706/sdk/wksp1/zc706_lstm_kernels/libs/xf_BLAS/L1/include/hw/xf_blas/helpers/utils/types.hpp:120:27) in function 'xf::blas::WideType<float, 32u, 32u>::operator ap_uint<1024> const' completely with a factor of 32 (/home/jrk/vivado/zc706/sdk/wksp1/zc706_lstm_kernels/libs/xf_BLAS/L1/include/hw/xf_blas/helpers/utils/types.hpp:120:27)
INFO: [HLS 214-186] Unrolling loop 'VITIS_LOOP_99_1' (/home/jrk/vivado/zc706/sdk/wksp1/zc706_lstm_kernels/libs/xf_BLAS/L1/include/hw/xf_blas/helpers/utils/types.hpp:99:26) in function 'xf::blas::WideType<float, 32u, 32u>::constructor' completely with a factor of 32 (/home/jrk/vivado/zc706/sdk/wksp1/zc706_lstm_kernels/libs/xf_BLAS/L1/include/hw/xf_blas/helpers/utils/types.hpp:99:26)
INFO: [HLS 214-178] Inlining function 'xf::blas::WideType<float, 32u, 32u>::operator[](unsigned int)' into 'void xf::blas::readVec2Stream<float, 32u>(float*, unsigned int, hls::stream<xf::blas::WideType<float, 32u, (sizeof (float)) * (8)>::t_TypeInt, 0>&)' (/home/jrk/vivado/zc706/sdk/wksp1/zc706_lstm_kernels/libs/xf_BLAS/L1/include/hw/xf_blas/helpers/dataMover/vecMoverB1.hpp:139:0)
INFO: [HLS 214-178] Inlining function 'xf::blas::WideType<float, 32u, 32u>::operator ap_uint<1024> const()' into 'void xf::blas::readVec2Stream<float, 32u>(float*, unsigned int, hls::stream<xf::blas::WideType<float, 32u, (sizeof (float)) * (8)>::t_TypeInt, 0>&)' (/home/jrk/vivado/zc706/sdk/wksp1/zc706_lstm_kernels/libs/xf_BLAS/L1/include/hw/xf_blas/helpers/dataMover/vecMoverB1.hpp:139:0)
INFO: [HLS 214-178] Inlining function 'xf::blas::WideType<float, 32u, 32u>::operator[](unsigned int)' into 'void xf::blas::mul<float, 32u, unsigned int, float>(unsigned int, hls::stream<xf::blas::WideType<float, 32u, (sizeof (float)) * (8)>::t_TypeInt, 0>&, hls::stream<xf::blas::WideType<float, 32u, (sizeof (float)) * (8)>::t_TypeInt, 0>&, hls::stream<xf::blas::WideType<float, 32u, (sizeof (float)) * (8)>::t_TypeInt, 0>&, unsigned int)' (/home/jrk/vivado/zc706/sdk/wksp1/zc706_lstm_kernels/libs/xf_BLAS/L1/include/hw/xf_blas/helpers/funcs/mul.hpp:45:0)
INFO: [HLS 214-178] Inlining function 'xf::blas::WideType<float, 32u, 32u>::operator ap_uint<1024> const()' into 'void xf::blas::mul<float, 32u, unsigned int, float>(unsigned int, hls::stream<xf::blas::WideType<float, 32u, (sizeof (float)) * (8)>::t_TypeInt, 0>&, hls::stream<xf::blas::WideType<float, 32u, (sizeof (float)) * (8)>::t_TypeInt, 0>&, hls::stream<xf::blas::WideType<float, 32u, (sizeof (float)) * (8)>::t_TypeInt, 0>&, unsigned int)' (/home/jrk/vivado/zc706/sdk/wksp1/zc706_lstm_kernels/libs/xf_BLAS/L1/include/hw/xf_blas/helpers/funcs/mul.hpp:45:0)
INFO: [HLS 214-178] Inlining function 'xf::blas::BinarySum<float, 2u, float>::sum(float*)' into 'xf::blas::BinarySum<float, 4u, float>::sum(float*)' (/home/jrk/vivado/zc706/sdk/wksp1/zc706_lstm_kernels/libs/xf_BLAS/L1/include/hw/xf_blas/helpers/utils/utils.hpp:41:0)
INFO: [HLS 214-178] Inlining function 'xf::blas::BinarySum<float, 4u, float>::sum(float*)' into 'xf::blas::BinarySum<float, 8u, float>::sum(float*)' (/home/jrk/vivado/zc706/sdk/wksp1/zc706_lstm_kernels/libs/xf_BLAS/L1/include/hw/xf_blas/helpers/utils/utils.hpp:41:0)
INFO: [HLS 214-178] Inlining function 'xf::blas::BinarySum<float, 8u, float>::sum(float*)' into 'xf::blas::BinarySum<float, 16u, float>::sum(float*)' (/home/jrk/vivado/zc706/sdk/wksp1/zc706_lstm_kernels/libs/xf_BLAS/L1/include/hw/xf_blas/helpers/utils/utils.hpp:41:0)
INFO: [HLS 214-178] Inlining function 'xf::blas::BinarySum<float, 16u, float>::sum(float*)' into 'xf::blas::BinarySum<float, 32u, float>::sum(float*)' (/home/jrk/vivado/zc706/sdk/wksp1/zc706_lstm_kernels/libs/xf_BLAS/L1/include/hw/xf_blas/helpers/utils/utils.hpp:41:0)
INFO: [HLS 214-178] Inlining function 'xf::blas::WideType<float, 32u, 32u>::getValAddr()' into 'void xf::blas::(anonymous namespace)::preProcess<float, 5u, unsigned int, float>(unsigned int, hls::stream<xf::blas::WideType<float, (1) << (5u), (sizeof (float)) * (8)>::t_TypeInt, 0>&, hls::stream<float, 0>&, unsigned int)' (/home/jrk/vivado/zc706/sdk/wksp1/zc706_lstm_kernels/libs/xf_BLAS/L1/include/hw/xf_blas/helpers/funcs/sum.hpp:48:0)
INFO: [HLS 214-178] Inlining function 'xf::blas::WideType<float, 32u, 32u>::constructor(ap_uint<1024> const&)' into 'void xf::blas::(anonymous namespace)::preProcess<float, 5u, unsigned int, float>(unsigned int, hls::stream<xf::blas::WideType<float, (1) << (5u), (sizeof (float)) * (8)>::t_TypeInt, 0>&, hls::stream<float, 0>&, unsigned int)' (/home/jrk/vivado/zc706/sdk/wksp1/zc706_lstm_kernels/libs/xf_BLAS/L1/include/hw/xf_blas/helpers/funcs/sum.hpp:48:0)
INFO: [HLS 214-178] Inlining function 'xf::blas::BinarySum<float, 32u, float>::sum(float*)' into 'void xf::blas::(anonymous namespace)::preProcess<float, 5u, unsigned int, float>(unsigned int, hls::stream<xf::blas::WideType<float, (1) << (5u), (sizeof (float)) * (8)>::t_TypeInt, 0>&, hls::stream<float, 0>&, unsigned int)' (/home/jrk/vivado/zc706/sdk/wksp1/zc706_lstm_kernels/libs/xf_BLAS/L1/include/hw/xf_blas/helpers/funcs/sum.hpp:48:0)
INFO: [HLS 214-178] Inlining function 'xf::blas::WideType<float, 4u, 32u>::getValAddr()' into 'void xf::blas::(anonymous namespace)::postProcess<float, 2u, unsigned int>(unsigned int, hls::stream<float, 0>&, hls::stream<xf::blas::WideType<float, 1u, (sizeof (float)) * (8)>::t_TypeInt, 0>&, unsigned int)' (/home/jrk/vivado/zc706/sdk/wksp1/zc706_lstm_kernels/libs/xf_BLAS/L1/include/hw/xf_blas/helpers/funcs/sum.hpp:66:0)
INFO: [HLS 214-178] Inlining function 'xf::blas::WideType<float, 1u, 32u>::operator[](unsigned int)' into 'void xf::blas::(anonymous namespace)::postProcess<float, 2u, unsigned int>(unsigned int, hls::stream<float, 0>&, hls::stream<xf::blas::WideType<float, 1u, (sizeof (float)) * (8)>::t_TypeInt, 0>&, unsigned int)' (/home/jrk/vivado/zc706/sdk/wksp1/zc706_lstm_kernels/libs/xf_BLAS/L1/include/hw/xf_blas/helpers/funcs/sum.hpp:66:0)
INFO: [HLS 214-178] Inlining function 'xf::blas::WideType<float, 1u, 32u>::WideType(float)' into 'void xf::blas::(anonymous namespace)::postProcess<float, 2u, unsigned int>(unsigned int, hls::stream<float, 0>&, hls::stream<xf::blas::WideType<float, 1u, (sizeof (float)) * (8)>::t_TypeInt, 0>&, unsigned int)' (/home/jrk/vivado/zc706/sdk/wksp1/zc706_lstm_kernels/libs/xf_BLAS/L1/include/hw/xf_blas/helpers/funcs/sum.hpp:66:0)
INFO: [HLS 214-178] Inlining function 'xf::blas::BinarySum<float, 4u, float>::sum(float*)' into 'void xf::blas::(anonymous namespace)::postProcess<float, 2u, unsigned int>(unsigned int, hls::stream<float, 0>&, hls::stream<xf::blas::WideType<float, 1u, (sizeof (float)) * (8)>::t_TypeInt, 0>&, unsigned int)' (/home/jrk/vivado/zc706/sdk/wksp1/zc706_lstm_kernels/libs/xf_BLAS/L1/include/hw/xf_blas/helpers/funcs/sum.hpp:66:0)
INFO: [HLS 214-178] Inlining function 'xf::blas::WideType<float, 1u, 32u>::operator ap_uint<32> const()' into 'void xf::blas::(anonymous namespace)::postProcess<float, 2u, unsigned int>(unsigned int, hls::stream<float, 0>&, hls::stream<xf::blas::WideType<float, 1u, (sizeof (float)) * (8)>::t_TypeInt, 0>&, unsigned int)' (/home/jrk/vivado/zc706/sdk/wksp1/zc706_lstm_kernels/libs/xf_BLAS/L1/include/hw/xf_blas/helpers/funcs/sum.hpp:66:0)
INFO: [HLS 214-115] Multiple burst reads of length 2 and bit width 512 has been inferred on port 'gmem' (/home/jrk/vivado/zc706/sdk/wksp1/zc706_lstm_kernels/libs/xf_BLAS/L1/include/hw/xf_blas/helpers/dataMover/vecMoverB1.hpp:148:27)
INFO: [HLS 214-131] Inlining function '_llvm.fpga.pack.none.i1024.s_struct.ap_uints' into 'void xf::blas::readVec2Stream<float, 32u>(float*, unsigned int, hls::stream<xf::blas::WideType<float, 32u, (sizeof (float)) * (8)>::t_TypeInt, 0>&) (.1)' (/home/jrk/tools/Xilinx/Vitis_HLS/2020.2/common/technology/autopilot/hls_stream_39.h:174:9)
INFO: [HLS 214-131] Inlining function '_llvm.fpga.pack.none.i1024.s_struct.ap_uints' into 'void xf::blas::mul<float, 32u, unsigned int, float>(unsigned int, hls::stream<xf::blas::WideType<float, 32u, (sizeof (float)) * (8)>::t_TypeInt, 0>&, hls::stream<xf::blas::WideType<float, 32u, (sizeof (float)) * (8)>::t_TypeInt, 0>&, hls::stream<xf::blas::WideType<float, 32u, (sizeof (float)) * (8)>::t_TypeInt, 0>&, unsigned int) (.1)' (/home/jrk/tools/Xilinx/Vitis_HLS/2020.2/common/technology/autopilot/hls_stream_39.h:174:9)
INFO: [HLS 214-131] Inlining function '_llvm.fpga.pack.none.i32.s_struct.ap_uint.0s' into 'void xf::blas::(anonymous namespace)::postProcess<float, 2u, unsigned int>(unsigned int, hls::stream<float, 0>&, hls::stream<xf::blas::WideType<float, 1u, (sizeof (float)) * (8)>::t_TypeInt, 0>&, unsigned int) (.1)' (/home/jrk/tools/Xilinx/Vitis_HLS/2020.2/common/technology/autopilot/hls_stream_39.h:174:9)
INFO: [HLS 200-111] Finished Compiling Optimization and Transform: CPU user time: 6.41 seconds. CPU system time: 0.28 seconds. Elapsed time: 6.7 seconds; current allocated memory: 198.974 MB.
INFO: [HLS 200-111] Finished Checking Pragmas: CPU user time: 0 seconds. CPU system time: 0 seconds. Elapsed time: 0 seconds; current allocated memory: 198.977 MB.
INFO: [HLS 200-10] Starting code transformations ...
INFO: [HLS 200-111] Finished Standard Transforms: CPU user time: 0.17 seconds. CPU system time: 0.01 seconds. Elapsed time: 0.18 seconds; current allocated memory: 210.607 MB.
INFO: [HLS 200-10] Checking synthesizability ...
INFO: [HLS 200-111] Finished Checking Synthesizability: CPU user time: 0.38 seconds. CPU system time: 0.01 seconds. Elapsed time: 0.38 seconds; current allocated memory: 228.296 MB.
INFO: [XFORM 203-510] Pipelining loop 'VITIS_LOOP_61_3' (/home/jrk/vivado/zc706/sdk/wksp1/zc706_lstm_kernels/libs/xf_BLAS/L1/include/hw/xf_blas/helpers/funcs/mul.hpp:61) in function 'xf::blas::mul<float, 32u, unsigned int, float>' automatically.
INFO: [XFORM 203-510] Pipelining loop 'VITIS_LOOP_148_2' (/home/jrk/vivado/zc706/sdk/wksp1/zc706_lstm_kernels/libs/xf_BLAS/L1/include/hw/xf_blas/helpers/dataMover/vecMoverB1.hpp:148) in function 'xf::blas::readVec2Stream<float, 32u>' automatically.
INFO: [XFORM 203-101] Partitioning array 'l_val.m_Val' (/home/jrk/vivado/zc706/sdk/wksp1/zc706_lstm_kernels/libs/xf_BLAS/L1/include/hw/xf_blas/helpers/dataMover/vecMoverB1.hpp:147) in dimension 1 completely.
INFO: [XFORM 203-101] Partitioning array 'l_valX.m_Val' (/home/jrk/vivado/zc706/sdk/wksp1/zc706_lstm_kernels/libs/xf_BLAS/L1/include/hw/xf_blas/helpers/funcs/mul.hpp:53) in dimension 1 completely.
INFO: [XFORM 203-101] Partitioning array 'l_valY.m_Val' (/home/jrk/vivado/zc706/sdk/wksp1/zc706_lstm_kernels/libs/xf_BLAS/L1/include/hw/xf_blas/helpers/funcs/mul.hpp:54) in dimension 1 completely.
INFO: [XFORM 203-101] Partitioning array 'l_valRes.m_Val' (/home/jrk/vivado/zc706/sdk/wksp1/zc706_lstm_kernels/libs/xf_BLAS/L1/include/hw/xf_blas/helpers/funcs/mul.hpp:55) in dimension 1 completely.
INFO: [XFORM 203-101] Partitioning array 'ref.tmp'  in dimension 1 completely.
INFO: [XFORM 203-101] Partitioning array 'ref.tmp3'  in dimension 1 completely.
INFO: [XFORM 203-101] Partitioning array 'l_val.m_Val' (/home/jrk/vivado/zc706/sdk/wksp1/zc706_lstm_kernels/libs/xf_BLAS/L1/include/hw/xf_blas/helpers/dataMover/vecMoverB1.hpp:147) in dimension 1 completely.
WARNING: [HLS 200-805] An internal stream 'l_dot' (/home/jrk/vivado/zc706/sdk/wksp1/zc706_lstm_kernels/libs/xf_BLAS/L1/include/hw/xf_blas/dot.hpp:60) with default size can result in deadlock. Please consider resizing the stream using the directive 'set_directive_stream' or the 'HLS stream' pragma.
WARNING: [HLS 200-805] An internal stream 'l_mulStr' (/home/jrk/vivado/zc706/sdk/wksp1/zc706_lstm_kernels/libs/xf_BLAS/L1/include/hw/xf_blas/helpers/funcs/dotHelper.hpp:65) with default size can result in deadlock. Please consider resizing the stream using the directive 'set_directive_stream' or the 'HLS stream' pragma.
WARNING: [HLS 200-805] An internal stream 'str_in1' (/home/jrk/vivado/zc706/sdk/wksp1/zc706_lstm_kernels/src/krnl_lstm.cpp:89) with default size can result in deadlock. Please consider resizing the stream using the directive 'set_directive_stream' or the 'HLS stream' pragma.
WARNING: [HLS 200-805] An internal stream 'str_in2' (/home/jrk/vivado/zc706/sdk/wksp1/zc706_lstm_kernels/src/krnl_lstm.cpp:90) with default size can result in deadlock. Please consider resizing the stream using the directive 'set_directive_stream' or the 'HLS stream' pragma.
ERROR: [HLS 200-1013] Bundled bus interface gmem failed dataflow checking: it cannot read data in multiple processes.
ERROR: [HLS 200-984] Bundled bus interface gmem has read operations in function:  'xf::blas::readVec2Stream<float, 32u>9' (/home/jrk/vivado/zc706/sdk/wksp1/zc706_lstm_kernels/libs/xf_BLAS/L1/include/hw/xf_blas/helpers/dataMover/vecMoverB1.hpp:62:22) and 'xf::blas::readVec2Stream<float, 32u>' (/home/jrk/vivado/zc706/sdk/wksp1/zc706_lstm_kernels/libs/xf_BLAS/L1/include/hw/xf_blas/helpers/dataMover/vecMoverB1.hpp:62:22).

ERROR: [HLS 200-1013] Bundled bus interface gmem failed dataflow checking: it cannot read data in multiple processes.
ERROR: [HLS 200-984] Bundled bus interface gmem has read operations in function:  'xf::blas::readVec2Stream<float, 32u>9' (/home/jrk/vivado/zc706/sdk/wksp1/zc706_lstm_kernels/libs/xf_BLAS/L1/include/hw/xf_blas/helpers/dataMover/vecMoverB1.hpp:62:22) and 'xf::blas::readVec2Stream<float, 32u>' (/home/jrk/vivado/zc706/sdk/wksp1/zc706_lstm_kernels/libs/xf_BLAS/L1/include/hw/xf_blas/helpers/dataMover/vecMoverB1.hpp:62:22).

ERROR: [HLS 200-70] Pre-synthesis failed.
INFO: [HLS 200-111] Finished Command csynth_design CPU user time: 40.14 seconds. CPU system time: 1.33 seconds. Elapsed time: 40.81 seconds; current allocated memory: 241.913 MB.
command 'ap_source' returned error code
    while executing
"source krnl_dot.tcl"
    ("uplevel" body line 1)
    invoked from within
"uplevel \#0 [list source $arg] "

INFO: [HLS 200-112] Total CPU user time: 42.87 seconds. Total CPU system time: 1.77 seconds. Total elapsed time: 42.76 seconds; peak allocated memory: 237.048 MB.
INFO: [Common 17-206] Exiting vitis_hls at Tue Mar  9 12:44:51 2021...
