

================================================================
== Vitis HLS Report for 'constructor'
================================================================
* Date:           Tue Mar 16 16:13:40 2021

* Version:        2020.2 (Build 3064766 on Wed Nov 18 09:12:47 MST 2020)
* Project:        krnl_lstm
* Solution:       solution (Vitis Kernel Flow Target)
* Product family: zynq
* Target device:  xc7z045-ffg900-2


================================================================
== Performance Estimates
================================================================
+ Timing: 
    * Summary: 
    +--------+----------+----------+------------+
    |  Clock |  Target  | Estimated| Uncertainty|
    +--------+----------+----------+------------+
    |ap_clk  |  10.00 ns|      0 ns|     2.70 ns|
    +--------+----------+----------+------------+

+ Latency: 
    * Summary: 
    +---------+---------+----------+----------+-----+-----+---------+
    |  Latency (cycles) |  Latency (absolute) |  Interval | Pipeline|
    |   min   |   max   |    min   |    max   | min | max |   Type  |
    +---------+---------+----------+----------+-----+-----+---------+
    |        0|        0|      0 ns|      0 ns|    0|    0|     none|
    +---------+---------+----------+----------+-----+-----+---------+

    + Detail: 
        * Instance: 
        N/A

        * Loop: 
        N/A

============================================================
+ Verbose Summary: Synthesis Manager
============================================================
InlineROM: 1
ExposeGlobal: 0
============================================================
+ Verbose Summary: CDFG Model
============================================================
IsTopModel: 0
ResetActiveHigh: 1
IsCombinational: 0
IsDatapathOnly: 0
HasWiredReturn: 1
HasMFsm: 0
HasVarLatency: 0
IsPipeline: 0
IsRtlPipelined: 0
IsInstanceOverlapped: 0
IsDontTouch: 0
HasImplIP: 0
IsGatedGlobalClock: 0


============================================================
+ Verbose Summary: Schedule
============================================================
* Number of FSM states : 1
* Pipeline : 0
* Dataflow Pipeline: 0

* FSM state transitions: 
1 --> 

* FSM state operations: 

State 1 <SV = 0> <Delay = 0.00>
ST_1 : Operation 2 [1/1] (0.00ns)   --->   "%p_val_V_read_1 = read i1024 @_ssdm_op_Read.ap_auto.i1024, i1024 %p_val_V_read" [/home/jrk/vivado/zc706/sdk/wksp1/zc706_lstm_kernels/libs/xf_BLAS/L1/include/hw/xf_blas/helpers/utils/types.hpp:98]   --->   Operation 2 'read' 'p_val_V_read_1' <Predicate = true> <Delay = 0.00>
ST_1 : Operation 3 [1/1] (0.00ns)   --->   "%l_val = trunc i1024 %p_val_V_read_1"   --->   Operation 3 'trunc' 'l_val' <Predicate = true> <Delay = 0.00>
ST_1 : Operation 4 [1/1] (0.00ns)   --->   "%bitcast_ln102 = bitcast i32 %l_val" [/home/jrk/vivado/zc706/sdk/wksp1/zc706_lstm_kernels/libs/xf_BLAS/L1/include/hw/xf_blas/helpers/utils/types.hpp:102]   --->   Operation 4 'bitcast' 'bitcast_ln102' <Predicate = true> <Delay = 0.00>
ST_1 : Operation 5 [1/1] (0.00ns)   --->   "%l_val_1 = partselect i32 @_ssdm_op_PartSelect.i32.i1024.i32.i32, i1024 %p_val_V_read_1, i32 32, i32 63"   --->   Operation 5 'partselect' 'l_val_1' <Predicate = true> <Delay = 0.00>
ST_1 : Operation 6 [1/1] (0.00ns)   --->   "%bitcast_ln102_1 = bitcast i32 %l_val_1" [/home/jrk/vivado/zc706/sdk/wksp1/zc706_lstm_kernels/libs/xf_BLAS/L1/include/hw/xf_blas/helpers/utils/types.hpp:102]   --->   Operation 6 'bitcast' 'bitcast_ln102_1' <Predicate = true> <Delay = 0.00>
ST_1 : Operation 7 [1/1] (0.00ns)   --->   "%l_val_2 = partselect i32 @_ssdm_op_PartSelect.i32.i1024.i32.i32, i1024 %p_val_V_read_1, i32 64, i32 95"   --->   Operation 7 'partselect' 'l_val_2' <Predicate = true> <Delay = 0.00>
ST_1 : Operation 8 [1/1] (0.00ns)   --->   "%bitcast_ln102_2 = bitcast i32 %l_val_2" [/home/jrk/vivado/zc706/sdk/wksp1/zc706_lstm_kernels/libs/xf_BLAS/L1/include/hw/xf_blas/helpers/utils/types.hpp:102]   --->   Operation 8 'bitcast' 'bitcast_ln102_2' <Predicate = true> <Delay = 0.00>
ST_1 : Operation 9 [1/1] (0.00ns)   --->   "%l_val_3 = partselect i32 @_ssdm_op_PartSelect.i32.i1024.i32.i32, i1024 %p_val_V_read_1, i32 96, i32 127"   --->   Operation 9 'partselect' 'l_val_3' <Predicate = true> <Delay = 0.00>
ST_1 : Operation 10 [1/1] (0.00ns)   --->   "%bitcast_ln102_3 = bitcast i32 %l_val_3" [/home/jrk/vivado/zc706/sdk/wksp1/zc706_lstm_kernels/libs/xf_BLAS/L1/include/hw/xf_blas/helpers/utils/types.hpp:102]   --->   Operation 10 'bitcast' 'bitcast_ln102_3' <Predicate = true> <Delay = 0.00>
ST_1 : Operation 11 [1/1] (0.00ns)   --->   "%l_val_4 = partselect i32 @_ssdm_op_PartSelect.i32.i1024.i32.i32, i1024 %p_val_V_read_1, i32 128, i32 159"   --->   Operation 11 'partselect' 'l_val_4' <Predicate = true> <Delay = 0.00>
ST_1 : Operation 12 [1/1] (0.00ns)   --->   "%bitcast_ln102_4 = bitcast i32 %l_val_4" [/home/jrk/vivado/zc706/sdk/wksp1/zc706_lstm_kernels/libs/xf_BLAS/L1/include/hw/xf_blas/helpers/utils/types.hpp:102]   --->   Operation 12 'bitcast' 'bitcast_ln102_4' <Predicate = true> <Delay = 0.00>
ST_1 : Operation 13 [1/1] (0.00ns)   --->   "%l_val_5 = partselect i32 @_ssdm_op_PartSelect.i32.i1024.i32.i32, i1024 %p_val_V_read_1, i32 160, i32 191"   --->   Operation 13 'partselect' 'l_val_5' <Predicate = true> <Delay = 0.00>
ST_1 : Operation 14 [1/1] (0.00ns)   --->   "%bitcast_ln102_5 = bitcast i32 %l_val_5" [/home/jrk/vivado/zc706/sdk/wksp1/zc706_lstm_kernels/libs/xf_BLAS/L1/include/hw/xf_blas/helpers/utils/types.hpp:102]   --->   Operation 14 'bitcast' 'bitcast_ln102_5' <Predicate = true> <Delay = 0.00>
ST_1 : Operation 15 [1/1] (0.00ns)   --->   "%l_val_6 = partselect i32 @_ssdm_op_PartSelect.i32.i1024.i32.i32, i1024 %p_val_V_read_1, i32 192, i32 223"   --->   Operation 15 'partselect' 'l_val_6' <Predicate = true> <Delay = 0.00>
ST_1 : Operation 16 [1/1] (0.00ns)   --->   "%bitcast_ln102_6 = bitcast i32 %l_val_6" [/home/jrk/vivado/zc706/sdk/wksp1/zc706_lstm_kernels/libs/xf_BLAS/L1/include/hw/xf_blas/helpers/utils/types.hpp:102]   --->   Operation 16 'bitcast' 'bitcast_ln102_6' <Predicate = true> <Delay = 0.00>
ST_1 : Operation 17 [1/1] (0.00ns)   --->   "%l_val_7 = partselect i32 @_ssdm_op_PartSelect.i32.i1024.i32.i32, i1024 %p_val_V_read_1, i32 224, i32 255"   --->   Operation 17 'partselect' 'l_val_7' <Predicate = true> <Delay = 0.00>
ST_1 : Operation 18 [1/1] (0.00ns)   --->   "%bitcast_ln102_7 = bitcast i32 %l_val_7" [/home/jrk/vivado/zc706/sdk/wksp1/zc706_lstm_kernels/libs/xf_BLAS/L1/include/hw/xf_blas/helpers/utils/types.hpp:102]   --->   Operation 18 'bitcast' 'bitcast_ln102_7' <Predicate = true> <Delay = 0.00>
ST_1 : Operation 19 [1/1] (0.00ns)   --->   "%l_val_8 = partselect i32 @_ssdm_op_PartSelect.i32.i1024.i32.i32, i1024 %p_val_V_read_1, i32 256, i32 287"   --->   Operation 19 'partselect' 'l_val_8' <Predicate = true> <Delay = 0.00>
ST_1 : Operation 20 [1/1] (0.00ns)   --->   "%bitcast_ln102_8 = bitcast i32 %l_val_8" [/home/jrk/vivado/zc706/sdk/wksp1/zc706_lstm_kernels/libs/xf_BLAS/L1/include/hw/xf_blas/helpers/utils/types.hpp:102]   --->   Operation 20 'bitcast' 'bitcast_ln102_8' <Predicate = true> <Delay = 0.00>
ST_1 : Operation 21 [1/1] (0.00ns)   --->   "%l_val_9 = partselect i32 @_ssdm_op_PartSelect.i32.i1024.i32.i32, i1024 %p_val_V_read_1, i32 288, i32 319"   --->   Operation 21 'partselect' 'l_val_9' <Predicate = true> <Delay = 0.00>
ST_1 : Operation 22 [1/1] (0.00ns)   --->   "%bitcast_ln102_9 = bitcast i32 %l_val_9" [/home/jrk/vivado/zc706/sdk/wksp1/zc706_lstm_kernels/libs/xf_BLAS/L1/include/hw/xf_blas/helpers/utils/types.hpp:102]   --->   Operation 22 'bitcast' 'bitcast_ln102_9' <Predicate = true> <Delay = 0.00>
ST_1 : Operation 23 [1/1] (0.00ns)   --->   "%l_val_10 = partselect i32 @_ssdm_op_PartSelect.i32.i1024.i32.i32, i1024 %p_val_V_read_1, i32 320, i32 351"   --->   Operation 23 'partselect' 'l_val_10' <Predicate = true> <Delay = 0.00>
ST_1 : Operation 24 [1/1] (0.00ns)   --->   "%bitcast_ln102_10 = bitcast i32 %l_val_10" [/home/jrk/vivado/zc706/sdk/wksp1/zc706_lstm_kernels/libs/xf_BLAS/L1/include/hw/xf_blas/helpers/utils/types.hpp:102]   --->   Operation 24 'bitcast' 'bitcast_ln102_10' <Predicate = true> <Delay = 0.00>
ST_1 : Operation 25 [1/1] (0.00ns)   --->   "%l_val_11 = partselect i32 @_ssdm_op_PartSelect.i32.i1024.i32.i32, i1024 %p_val_V_read_1, i32 352, i32 383"   --->   Operation 25 'partselect' 'l_val_11' <Predicate = true> <Delay = 0.00>
ST_1 : Operation 26 [1/1] (0.00ns)   --->   "%bitcast_ln102_11 = bitcast i32 %l_val_11" [/home/jrk/vivado/zc706/sdk/wksp1/zc706_lstm_kernels/libs/xf_BLAS/L1/include/hw/xf_blas/helpers/utils/types.hpp:102]   --->   Operation 26 'bitcast' 'bitcast_ln102_11' <Predicate = true> <Delay = 0.00>
ST_1 : Operation 27 [1/1] (0.00ns)   --->   "%l_val_12 = partselect i32 @_ssdm_op_PartSelect.i32.i1024.i32.i32, i1024 %p_val_V_read_1, i32 384, i32 415"   --->   Operation 27 'partselect' 'l_val_12' <Predicate = true> <Delay = 0.00>
ST_1 : Operation 28 [1/1] (0.00ns)   --->   "%bitcast_ln102_12 = bitcast i32 %l_val_12" [/home/jrk/vivado/zc706/sdk/wksp1/zc706_lstm_kernels/libs/xf_BLAS/L1/include/hw/xf_blas/helpers/utils/types.hpp:102]   --->   Operation 28 'bitcast' 'bitcast_ln102_12' <Predicate = true> <Delay = 0.00>
ST_1 : Operation 29 [1/1] (0.00ns)   --->   "%l_val_13 = partselect i32 @_ssdm_op_PartSelect.i32.i1024.i32.i32, i1024 %p_val_V_read_1, i32 416, i32 447"   --->   Operation 29 'partselect' 'l_val_13' <Predicate = true> <Delay = 0.00>
ST_1 : Operation 30 [1/1] (0.00ns)   --->   "%bitcast_ln102_13 = bitcast i32 %l_val_13" [/home/jrk/vivado/zc706/sdk/wksp1/zc706_lstm_kernels/libs/xf_BLAS/L1/include/hw/xf_blas/helpers/utils/types.hpp:102]   --->   Operation 30 'bitcast' 'bitcast_ln102_13' <Predicate = true> <Delay = 0.00>
ST_1 : Operation 31 [1/1] (0.00ns)   --->   "%l_val_14 = partselect i32 @_ssdm_op_PartSelect.i32.i1024.i32.i32, i1024 %p_val_V_read_1, i32 448, i32 479"   --->   Operation 31 'partselect' 'l_val_14' <Predicate = true> <Delay = 0.00>
ST_1 : Operation 32 [1/1] (0.00ns)   --->   "%bitcast_ln102_14 = bitcast i32 %l_val_14" [/home/jrk/vivado/zc706/sdk/wksp1/zc706_lstm_kernels/libs/xf_BLAS/L1/include/hw/xf_blas/helpers/utils/types.hpp:102]   --->   Operation 32 'bitcast' 'bitcast_ln102_14' <Predicate = true> <Delay = 0.00>
ST_1 : Operation 33 [1/1] (0.00ns)   --->   "%l_val_15 = partselect i32 @_ssdm_op_PartSelect.i32.i1024.i32.i32, i1024 %p_val_V_read_1, i32 480, i32 511"   --->   Operation 33 'partselect' 'l_val_15' <Predicate = true> <Delay = 0.00>
ST_1 : Operation 34 [1/1] (0.00ns)   --->   "%bitcast_ln102_15 = bitcast i32 %l_val_15" [/home/jrk/vivado/zc706/sdk/wksp1/zc706_lstm_kernels/libs/xf_BLAS/L1/include/hw/xf_blas/helpers/utils/types.hpp:102]   --->   Operation 34 'bitcast' 'bitcast_ln102_15' <Predicate = true> <Delay = 0.00>
ST_1 : Operation 35 [1/1] (0.00ns)   --->   "%l_val_16 = partselect i32 @_ssdm_op_PartSelect.i32.i1024.i32.i32, i1024 %p_val_V_read_1, i32 512, i32 543"   --->   Operation 35 'partselect' 'l_val_16' <Predicate = true> <Delay = 0.00>
ST_1 : Operation 36 [1/1] (0.00ns)   --->   "%bitcast_ln102_16 = bitcast i32 %l_val_16" [/home/jrk/vivado/zc706/sdk/wksp1/zc706_lstm_kernels/libs/xf_BLAS/L1/include/hw/xf_blas/helpers/utils/types.hpp:102]   --->   Operation 36 'bitcast' 'bitcast_ln102_16' <Predicate = true> <Delay = 0.00>
ST_1 : Operation 37 [1/1] (0.00ns)   --->   "%l_val_17 = partselect i32 @_ssdm_op_PartSelect.i32.i1024.i32.i32, i1024 %p_val_V_read_1, i32 544, i32 575"   --->   Operation 37 'partselect' 'l_val_17' <Predicate = true> <Delay = 0.00>
ST_1 : Operation 38 [1/1] (0.00ns)   --->   "%bitcast_ln102_17 = bitcast i32 %l_val_17" [/home/jrk/vivado/zc706/sdk/wksp1/zc706_lstm_kernels/libs/xf_BLAS/L1/include/hw/xf_blas/helpers/utils/types.hpp:102]   --->   Operation 38 'bitcast' 'bitcast_ln102_17' <Predicate = true> <Delay = 0.00>
ST_1 : Operation 39 [1/1] (0.00ns)   --->   "%l_val_18 = partselect i32 @_ssdm_op_PartSelect.i32.i1024.i32.i32, i1024 %p_val_V_read_1, i32 576, i32 607"   --->   Operation 39 'partselect' 'l_val_18' <Predicate = true> <Delay = 0.00>
ST_1 : Operation 40 [1/1] (0.00ns)   --->   "%bitcast_ln102_18 = bitcast i32 %l_val_18" [/home/jrk/vivado/zc706/sdk/wksp1/zc706_lstm_kernels/libs/xf_BLAS/L1/include/hw/xf_blas/helpers/utils/types.hpp:102]   --->   Operation 40 'bitcast' 'bitcast_ln102_18' <Predicate = true> <Delay = 0.00>
ST_1 : Operation 41 [1/1] (0.00ns)   --->   "%l_val_19 = partselect i32 @_ssdm_op_PartSelect.i32.i1024.i32.i32, i1024 %p_val_V_read_1, i32 608, i32 639"   --->   Operation 41 'partselect' 'l_val_19' <Predicate = true> <Delay = 0.00>
ST_1 : Operation 42 [1/1] (0.00ns)   --->   "%bitcast_ln102_19 = bitcast i32 %l_val_19" [/home/jrk/vivado/zc706/sdk/wksp1/zc706_lstm_kernels/libs/xf_BLAS/L1/include/hw/xf_blas/helpers/utils/types.hpp:102]   --->   Operation 42 'bitcast' 'bitcast_ln102_19' <Predicate = true> <Delay = 0.00>
ST_1 : Operation 43 [1/1] (0.00ns)   --->   "%l_val_20 = partselect i32 @_ssdm_op_PartSelect.i32.i1024.i32.i32, i1024 %p_val_V_read_1, i32 640, i32 671"   --->   Operation 43 'partselect' 'l_val_20' <Predicate = true> <Delay = 0.00>
ST_1 : Operation 44 [1/1] (0.00ns)   --->   "%bitcast_ln102_20 = bitcast i32 %l_val_20" [/home/jrk/vivado/zc706/sdk/wksp1/zc706_lstm_kernels/libs/xf_BLAS/L1/include/hw/xf_blas/helpers/utils/types.hpp:102]   --->   Operation 44 'bitcast' 'bitcast_ln102_20' <Predicate = true> <Delay = 0.00>
ST_1 : Operation 45 [1/1] (0.00ns)   --->   "%l_val_21 = partselect i32 @_ssdm_op_PartSelect.i32.i1024.i32.i32, i1024 %p_val_V_read_1, i32 672, i32 703"   --->   Operation 45 'partselect' 'l_val_21' <Predicate = true> <Delay = 0.00>
ST_1 : Operation 46 [1/1] (0.00ns)   --->   "%bitcast_ln102_21 = bitcast i32 %l_val_21" [/home/jrk/vivado/zc706/sdk/wksp1/zc706_lstm_kernels/libs/xf_BLAS/L1/include/hw/xf_blas/helpers/utils/types.hpp:102]   --->   Operation 46 'bitcast' 'bitcast_ln102_21' <Predicate = true> <Delay = 0.00>
ST_1 : Operation 47 [1/1] (0.00ns)   --->   "%l_val_22 = partselect i32 @_ssdm_op_PartSelect.i32.i1024.i32.i32, i1024 %p_val_V_read_1, i32 704, i32 735"   --->   Operation 47 'partselect' 'l_val_22' <Predicate = true> <Delay = 0.00>
ST_1 : Operation 48 [1/1] (0.00ns)   --->   "%bitcast_ln102_22 = bitcast i32 %l_val_22" [/home/jrk/vivado/zc706/sdk/wksp1/zc706_lstm_kernels/libs/xf_BLAS/L1/include/hw/xf_blas/helpers/utils/types.hpp:102]   --->   Operation 48 'bitcast' 'bitcast_ln102_22' <Predicate = true> <Delay = 0.00>
ST_1 : Operation 49 [1/1] (0.00ns)   --->   "%l_val_23 = partselect i32 @_ssdm_op_PartSelect.i32.i1024.i32.i32, i1024 %p_val_V_read_1, i32 736, i32 767"   --->   Operation 49 'partselect' 'l_val_23' <Predicate = true> <Delay = 0.00>
ST_1 : Operation 50 [1/1] (0.00ns)   --->   "%bitcast_ln102_23 = bitcast i32 %l_val_23" [/home/jrk/vivado/zc706/sdk/wksp1/zc706_lstm_kernels/libs/xf_BLAS/L1/include/hw/xf_blas/helpers/utils/types.hpp:102]   --->   Operation 50 'bitcast' 'bitcast_ln102_23' <Predicate = true> <Delay = 0.00>
ST_1 : Operation 51 [1/1] (0.00ns)   --->   "%l_val_24 = partselect i32 @_ssdm_op_PartSelect.i32.i1024.i32.i32, i1024 %p_val_V_read_1, i32 768, i32 799"   --->   Operation 51 'partselect' 'l_val_24' <Predicate = true> <Delay = 0.00>
ST_1 : Operation 52 [1/1] (0.00ns)   --->   "%bitcast_ln102_24 = bitcast i32 %l_val_24" [/home/jrk/vivado/zc706/sdk/wksp1/zc706_lstm_kernels/libs/xf_BLAS/L1/include/hw/xf_blas/helpers/utils/types.hpp:102]   --->   Operation 52 'bitcast' 'bitcast_ln102_24' <Predicate = true> <Delay = 0.00>
ST_1 : Operation 53 [1/1] (0.00ns)   --->   "%l_val_25 = partselect i32 @_ssdm_op_PartSelect.i32.i1024.i32.i32, i1024 %p_val_V_read_1, i32 800, i32 831"   --->   Operation 53 'partselect' 'l_val_25' <Predicate = true> <Delay = 0.00>
ST_1 : Operation 54 [1/1] (0.00ns)   --->   "%bitcast_ln102_25 = bitcast i32 %l_val_25" [/home/jrk/vivado/zc706/sdk/wksp1/zc706_lstm_kernels/libs/xf_BLAS/L1/include/hw/xf_blas/helpers/utils/types.hpp:102]   --->   Operation 54 'bitcast' 'bitcast_ln102_25' <Predicate = true> <Delay = 0.00>
ST_1 : Operation 55 [1/1] (0.00ns)   --->   "%l_val_26 = partselect i32 @_ssdm_op_PartSelect.i32.i1024.i32.i32, i1024 %p_val_V_read_1, i32 832, i32 863"   --->   Operation 55 'partselect' 'l_val_26' <Predicate = true> <Delay = 0.00>
ST_1 : Operation 56 [1/1] (0.00ns)   --->   "%bitcast_ln102_26 = bitcast i32 %l_val_26" [/home/jrk/vivado/zc706/sdk/wksp1/zc706_lstm_kernels/libs/xf_BLAS/L1/include/hw/xf_blas/helpers/utils/types.hpp:102]   --->   Operation 56 'bitcast' 'bitcast_ln102_26' <Predicate = true> <Delay = 0.00>
ST_1 : Operation 57 [1/1] (0.00ns)   --->   "%l_val_27 = partselect i32 @_ssdm_op_PartSelect.i32.i1024.i32.i32, i1024 %p_val_V_read_1, i32 864, i32 895"   --->   Operation 57 'partselect' 'l_val_27' <Predicate = true> <Delay = 0.00>
ST_1 : Operation 58 [1/1] (0.00ns)   --->   "%bitcast_ln102_27 = bitcast i32 %l_val_27" [/home/jrk/vivado/zc706/sdk/wksp1/zc706_lstm_kernels/libs/xf_BLAS/L1/include/hw/xf_blas/helpers/utils/types.hpp:102]   --->   Operation 58 'bitcast' 'bitcast_ln102_27' <Predicate = true> <Delay = 0.00>
ST_1 : Operation 59 [1/1] (0.00ns)   --->   "%l_val_28 = partselect i32 @_ssdm_op_PartSelect.i32.i1024.i32.i32, i1024 %p_val_V_read_1, i32 896, i32 927"   --->   Operation 59 'partselect' 'l_val_28' <Predicate = true> <Delay = 0.00>
ST_1 : Operation 60 [1/1] (0.00ns)   --->   "%bitcast_ln102_28 = bitcast i32 %l_val_28" [/home/jrk/vivado/zc706/sdk/wksp1/zc706_lstm_kernels/libs/xf_BLAS/L1/include/hw/xf_blas/helpers/utils/types.hpp:102]   --->   Operation 60 'bitcast' 'bitcast_ln102_28' <Predicate = true> <Delay = 0.00>
ST_1 : Operation 61 [1/1] (0.00ns)   --->   "%l_val_29 = partselect i32 @_ssdm_op_PartSelect.i32.i1024.i32.i32, i1024 %p_val_V_read_1, i32 928, i32 959"   --->   Operation 61 'partselect' 'l_val_29' <Predicate = true> <Delay = 0.00>
ST_1 : Operation 62 [1/1] (0.00ns)   --->   "%bitcast_ln102_29 = bitcast i32 %l_val_29" [/home/jrk/vivado/zc706/sdk/wksp1/zc706_lstm_kernels/libs/xf_BLAS/L1/include/hw/xf_blas/helpers/utils/types.hpp:102]   --->   Operation 62 'bitcast' 'bitcast_ln102_29' <Predicate = true> <Delay = 0.00>
ST_1 : Operation 63 [1/1] (0.00ns)   --->   "%l_val_30 = partselect i32 @_ssdm_op_PartSelect.i32.i1024.i32.i32, i1024 %p_val_V_read_1, i32 960, i32 991"   --->   Operation 63 'partselect' 'l_val_30' <Predicate = true> <Delay = 0.00>
ST_1 : Operation 64 [1/1] (0.00ns)   --->   "%bitcast_ln102_30 = bitcast i32 %l_val_30" [/home/jrk/vivado/zc706/sdk/wksp1/zc706_lstm_kernels/libs/xf_BLAS/L1/include/hw/xf_blas/helpers/utils/types.hpp:102]   --->   Operation 64 'bitcast' 'bitcast_ln102_30' <Predicate = true> <Delay = 0.00>
ST_1 : Operation 65 [1/1] (0.00ns)   --->   "%l_val_31 = partselect i32 @_ssdm_op_PartSelect.i32.i1024.i32.i32, i1024 %p_val_V_read_1, i32 992, i32 1023"   --->   Operation 65 'partselect' 'l_val_31' <Predicate = true> <Delay = 0.00>
ST_1 : Operation 66 [1/1] (0.00ns)   --->   "%bitcast_ln102_31 = bitcast i32 %l_val_31" [/home/jrk/vivado/zc706/sdk/wksp1/zc706_lstm_kernels/libs/xf_BLAS/L1/include/hw/xf_blas/helpers/utils/types.hpp:102]   --->   Operation 66 'bitcast' 'bitcast_ln102_31' <Predicate = true> <Delay = 0.00>
ST_1 : Operation 67 [1/1] (0.00ns)   --->   "%mrv = insertvalue i1024 <undef>, i32 %bitcast_ln102" [/home/jrk/vivado/zc706/sdk/wksp1/zc706_lstm_kernels/libs/xf_BLAS/L1/include/hw/xf_blas/helpers/utils/types.hpp:104]   --->   Operation 67 'insertvalue' 'mrv' <Predicate = true> <Delay = 0.00>
ST_1 : Operation 68 [1/1] (0.00ns)   --->   "%mrv_1 = insertvalue i1024 %mrv, i32 %bitcast_ln102_1" [/home/jrk/vivado/zc706/sdk/wksp1/zc706_lstm_kernels/libs/xf_BLAS/L1/include/hw/xf_blas/helpers/utils/types.hpp:104]   --->   Operation 68 'insertvalue' 'mrv_1' <Predicate = true> <Delay = 0.00>
ST_1 : Operation 69 [1/1] (0.00ns)   --->   "%mrv_2 = insertvalue i1024 %mrv_1, i32 %bitcast_ln102_2" [/home/jrk/vivado/zc706/sdk/wksp1/zc706_lstm_kernels/libs/xf_BLAS/L1/include/hw/xf_blas/helpers/utils/types.hpp:104]   --->   Operation 69 'insertvalue' 'mrv_2' <Predicate = true> <Delay = 0.00>
ST_1 : Operation 70 [1/1] (0.00ns)   --->   "%mrv_3 = insertvalue i1024 %mrv_2, i32 %bitcast_ln102_3" [/home/jrk/vivado/zc706/sdk/wksp1/zc706_lstm_kernels/libs/xf_BLAS/L1/include/hw/xf_blas/helpers/utils/types.hpp:104]   --->   Operation 70 'insertvalue' 'mrv_3' <Predicate = true> <Delay = 0.00>
ST_1 : Operation 71 [1/1] (0.00ns)   --->   "%mrv_4 = insertvalue i1024 %mrv_3, i32 %bitcast_ln102_4" [/home/jrk/vivado/zc706/sdk/wksp1/zc706_lstm_kernels/libs/xf_BLAS/L1/include/hw/xf_blas/helpers/utils/types.hpp:104]   --->   Operation 71 'insertvalue' 'mrv_4' <Predicate = true> <Delay = 0.00>
ST_1 : Operation 72 [1/1] (0.00ns)   --->   "%mrv_5 = insertvalue i1024 %mrv_4, i32 %bitcast_ln102_5" [/home/jrk/vivado/zc706/sdk/wksp1/zc706_lstm_kernels/libs/xf_BLAS/L1/include/hw/xf_blas/helpers/utils/types.hpp:104]   --->   Operation 72 'insertvalue' 'mrv_5' <Predicate = true> <Delay = 0.00>
ST_1 : Operation 73 [1/1] (0.00ns)   --->   "%mrv_6 = insertvalue i1024 %mrv_5, i32 %bitcast_ln102_6" [/home/jrk/vivado/zc706/sdk/wksp1/zc706_lstm_kernels/libs/xf_BLAS/L1/include/hw/xf_blas/helpers/utils/types.hpp:104]   --->   Operation 73 'insertvalue' 'mrv_6' <Predicate = true> <Delay = 0.00>
ST_1 : Operation 74 [1/1] (0.00ns)   --->   "%mrv_7 = insertvalue i1024 %mrv_6, i32 %bitcast_ln102_7" [/home/jrk/vivado/zc706/sdk/wksp1/zc706_lstm_kernels/libs/xf_BLAS/L1/include/hw/xf_blas/helpers/utils/types.hpp:104]   --->   Operation 74 'insertvalue' 'mrv_7' <Predicate = true> <Delay = 0.00>
ST_1 : Operation 75 [1/1] (0.00ns)   --->   "%mrv_8 = insertvalue i1024 %mrv_7, i32 %bitcast_ln102_8" [/home/jrk/vivado/zc706/sdk/wksp1/zc706_lstm_kernels/libs/xf_BLAS/L1/include/hw/xf_blas/helpers/utils/types.hpp:104]   --->   Operation 75 'insertvalue' 'mrv_8' <Predicate = true> <Delay = 0.00>
ST_1 : Operation 76 [1/1] (0.00ns)   --->   "%mrv_9 = insertvalue i1024 %mrv_8, i32 %bitcast_ln102_9" [/home/jrk/vivado/zc706/sdk/wksp1/zc706_lstm_kernels/libs/xf_BLAS/L1/include/hw/xf_blas/helpers/utils/types.hpp:104]   --->   Operation 76 'insertvalue' 'mrv_9' <Predicate = true> <Delay = 0.00>
ST_1 : Operation 77 [1/1] (0.00ns)   --->   "%mrv_s = insertvalue i1024 %mrv_9, i32 %bitcast_ln102_10" [/home/jrk/vivado/zc706/sdk/wksp1/zc706_lstm_kernels/libs/xf_BLAS/L1/include/hw/xf_blas/helpers/utils/types.hpp:104]   --->   Operation 77 'insertvalue' 'mrv_s' <Predicate = true> <Delay = 0.00>
ST_1 : Operation 78 [1/1] (0.00ns)   --->   "%mrv_10 = insertvalue i1024 %mrv_s, i32 %bitcast_ln102_11" [/home/jrk/vivado/zc706/sdk/wksp1/zc706_lstm_kernels/libs/xf_BLAS/L1/include/hw/xf_blas/helpers/utils/types.hpp:104]   --->   Operation 78 'insertvalue' 'mrv_10' <Predicate = true> <Delay = 0.00>
ST_1 : Operation 79 [1/1] (0.00ns)   --->   "%mrv_11 = insertvalue i1024 %mrv_10, i32 %bitcast_ln102_12" [/home/jrk/vivado/zc706/sdk/wksp1/zc706_lstm_kernels/libs/xf_BLAS/L1/include/hw/xf_blas/helpers/utils/types.hpp:104]   --->   Operation 79 'insertvalue' 'mrv_11' <Predicate = true> <Delay = 0.00>
ST_1 : Operation 80 [1/1] (0.00ns)   --->   "%mrv_12 = insertvalue i1024 %mrv_11, i32 %bitcast_ln102_13" [/home/jrk/vivado/zc706/sdk/wksp1/zc706_lstm_kernels/libs/xf_BLAS/L1/include/hw/xf_blas/helpers/utils/types.hpp:104]   --->   Operation 80 'insertvalue' 'mrv_12' <Predicate = true> <Delay = 0.00>
ST_1 : Operation 81 [1/1] (0.00ns)   --->   "%mrv_13 = insertvalue i1024 %mrv_12, i32 %bitcast_ln102_14" [/home/jrk/vivado/zc706/sdk/wksp1/zc706_lstm_kernels/libs/xf_BLAS/L1/include/hw/xf_blas/helpers/utils/types.hpp:104]   --->   Operation 81 'insertvalue' 'mrv_13' <Predicate = true> <Delay = 0.00>
ST_1 : Operation 82 [1/1] (0.00ns)   --->   "%mrv_14 = insertvalue i1024 %mrv_13, i32 %bitcast_ln102_15" [/home/jrk/vivado/zc706/sdk/wksp1/zc706_lstm_kernels/libs/xf_BLAS/L1/include/hw/xf_blas/helpers/utils/types.hpp:104]   --->   Operation 82 'insertvalue' 'mrv_14' <Predicate = true> <Delay = 0.00>
ST_1 : Operation 83 [1/1] (0.00ns)   --->   "%mrv_15 = insertvalue i1024 %mrv_14, i32 %bitcast_ln102_16" [/home/jrk/vivado/zc706/sdk/wksp1/zc706_lstm_kernels/libs/xf_BLAS/L1/include/hw/xf_blas/helpers/utils/types.hpp:104]   --->   Operation 83 'insertvalue' 'mrv_15' <Predicate = true> <Delay = 0.00>
ST_1 : Operation 84 [1/1] (0.00ns)   --->   "%mrv_16 = insertvalue i1024 %mrv_15, i32 %bitcast_ln102_17" [/home/jrk/vivado/zc706/sdk/wksp1/zc706_lstm_kernels/libs/xf_BLAS/L1/include/hw/xf_blas/helpers/utils/types.hpp:104]   --->   Operation 84 'insertvalue' 'mrv_16' <Predicate = true> <Delay = 0.00>
ST_1 : Operation 85 [1/1] (0.00ns)   --->   "%mrv_17 = insertvalue i1024 %mrv_16, i32 %bitcast_ln102_18" [/home/jrk/vivado/zc706/sdk/wksp1/zc706_lstm_kernels/libs/xf_BLAS/L1/include/hw/xf_blas/helpers/utils/types.hpp:104]   --->   Operation 85 'insertvalue' 'mrv_17' <Predicate = true> <Delay = 0.00>
ST_1 : Operation 86 [1/1] (0.00ns)   --->   "%mrv_18 = insertvalue i1024 %mrv_17, i32 %bitcast_ln102_19" [/home/jrk/vivado/zc706/sdk/wksp1/zc706_lstm_kernels/libs/xf_BLAS/L1/include/hw/xf_blas/helpers/utils/types.hpp:104]   --->   Operation 86 'insertvalue' 'mrv_18' <Predicate = true> <Delay = 0.00>
ST_1 : Operation 87 [1/1] (0.00ns)   --->   "%mrv_19 = insertvalue i1024 %mrv_18, i32 %bitcast_ln102_20" [/home/jrk/vivado/zc706/sdk/wksp1/zc706_lstm_kernels/libs/xf_BLAS/L1/include/hw/xf_blas/helpers/utils/types.hpp:104]   --->   Operation 87 'insertvalue' 'mrv_19' <Predicate = true> <Delay = 0.00>
ST_1 : Operation 88 [1/1] (0.00ns)   --->   "%mrv_20 = insertvalue i1024 %mrv_19, i32 %bitcast_ln102_21" [/home/jrk/vivado/zc706/sdk/wksp1/zc706_lstm_kernels/libs/xf_BLAS/L1/include/hw/xf_blas/helpers/utils/types.hpp:104]   --->   Operation 88 'insertvalue' 'mrv_20' <Predicate = true> <Delay = 0.00>
ST_1 : Operation 89 [1/1] (0.00ns)   --->   "%mrv_21 = insertvalue i1024 %mrv_20, i32 %bitcast_ln102_22" [/home/jrk/vivado/zc706/sdk/wksp1/zc706_lstm_kernels/libs/xf_BLAS/L1/include/hw/xf_blas/helpers/utils/types.hpp:104]   --->   Operation 89 'insertvalue' 'mrv_21' <Predicate = true> <Delay = 0.00>
ST_1 : Operation 90 [1/1] (0.00ns)   --->   "%mrv_22 = insertvalue i1024 %mrv_21, i32 %bitcast_ln102_23" [/home/jrk/vivado/zc706/sdk/wksp1/zc706_lstm_kernels/libs/xf_BLAS/L1/include/hw/xf_blas/helpers/utils/types.hpp:104]   --->   Operation 90 'insertvalue' 'mrv_22' <Predicate = true> <Delay = 0.00>
ST_1 : Operation 91 [1/1] (0.00ns)   --->   "%mrv_23 = insertvalue i1024 %mrv_22, i32 %bitcast_ln102_24" [/home/jrk/vivado/zc706/sdk/wksp1/zc706_lstm_kernels/libs/xf_BLAS/L1/include/hw/xf_blas/helpers/utils/types.hpp:104]   --->   Operation 91 'insertvalue' 'mrv_23' <Predicate = true> <Delay = 0.00>
ST_1 : Operation 92 [1/1] (0.00ns)   --->   "%mrv_24 = insertvalue i1024 %mrv_23, i32 %bitcast_ln102_25" [/home/jrk/vivado/zc706/sdk/wksp1/zc706_lstm_kernels/libs/xf_BLAS/L1/include/hw/xf_blas/helpers/utils/types.hpp:104]   --->   Operation 92 'insertvalue' 'mrv_24' <Predicate = true> <Delay = 0.00>
ST_1 : Operation 93 [1/1] (0.00ns)   --->   "%mrv_25 = insertvalue i1024 %mrv_24, i32 %bitcast_ln102_26" [/home/jrk/vivado/zc706/sdk/wksp1/zc706_lstm_kernels/libs/xf_BLAS/L1/include/hw/xf_blas/helpers/utils/types.hpp:104]   --->   Operation 93 'insertvalue' 'mrv_25' <Predicate = true> <Delay = 0.00>
ST_1 : Operation 94 [1/1] (0.00ns)   --->   "%mrv_26 = insertvalue i1024 %mrv_25, i32 %bitcast_ln102_27" [/home/jrk/vivado/zc706/sdk/wksp1/zc706_lstm_kernels/libs/xf_BLAS/L1/include/hw/xf_blas/helpers/utils/types.hpp:104]   --->   Operation 94 'insertvalue' 'mrv_26' <Predicate = true> <Delay = 0.00>
ST_1 : Operation 95 [1/1] (0.00ns)   --->   "%mrv_27 = insertvalue i1024 %mrv_26, i32 %bitcast_ln102_28" [/home/jrk/vivado/zc706/sdk/wksp1/zc706_lstm_kernels/libs/xf_BLAS/L1/include/hw/xf_blas/helpers/utils/types.hpp:104]   --->   Operation 95 'insertvalue' 'mrv_27' <Predicate = true> <Delay = 0.00>
ST_1 : Operation 96 [1/1] (0.00ns)   --->   "%mrv_28 = insertvalue i1024 %mrv_27, i32 %bitcast_ln102_29" [/home/jrk/vivado/zc706/sdk/wksp1/zc706_lstm_kernels/libs/xf_BLAS/L1/include/hw/xf_blas/helpers/utils/types.hpp:104]   --->   Operation 96 'insertvalue' 'mrv_28' <Predicate = true> <Delay = 0.00>
ST_1 : Operation 97 [1/1] (0.00ns)   --->   "%mrv_29 = insertvalue i1024 %mrv_28, i32 %bitcast_ln102_30" [/home/jrk/vivado/zc706/sdk/wksp1/zc706_lstm_kernels/libs/xf_BLAS/L1/include/hw/xf_blas/helpers/utils/types.hpp:104]   --->   Operation 97 'insertvalue' 'mrv_29' <Predicate = true> <Delay = 0.00>
ST_1 : Operation 98 [1/1] (0.00ns)   --->   "%mrv_30 = insertvalue i1024 %mrv_29, i32 %bitcast_ln102_31" [/home/jrk/vivado/zc706/sdk/wksp1/zc706_lstm_kernels/libs/xf_BLAS/L1/include/hw/xf_blas/helpers/utils/types.hpp:104]   --->   Operation 98 'insertvalue' 'mrv_30' <Predicate = true> <Delay = 0.00>
ST_1 : Operation 99 [1/1] (0.00ns)   --->   "%ret_ln104 = ret i1024 %mrv_30" [/home/jrk/vivado/zc706/sdk/wksp1/zc706_lstm_kernels/libs/xf_BLAS/L1/include/hw/xf_blas/helpers/utils/types.hpp:104]   --->   Operation 99 'ret' 'ret_ln104' <Predicate = true> <Delay = 0.00>


============================================================
+ Verbose Summary: Timing violations
============================================================
Target clock period: 10ns, clock uncertainty: 2.7ns.

 <State 1>: 0ns
The critical path consists of the following:


============================================================
+ Verbose Summary: Binding
============================================================
N/A
* FSMD analyzer results:
  - Output states:
 - Input state : 
  - Chain level:
	State 1


============================================================
+ Verbose Summary: Datapath Resource usage 
============================================================
N/A
