

================================================================
== Vitis HLS Report for 'dot_float_2u_unsigned_int_3246_Block_split13_proc94'
================================================================
* Date:           Mon May 24 12:52:55 2021

* Version:        2020.2 (Build 3064766 on Wed Nov 18 09:12:47 MST 2020)
* Project:        krnl_lstm
* Solution:       solution (Vitis Kernel Flow Target)
* Product family: zynq
* Target device:  xc7z045-ffg900-2


================================================================
== Performance Estimates
================================================================
+ Timing: 
    * Summary: 
    +--------+----------+----------+------------+
    |  Clock |  Target  | Estimated| Uncertainty|
    +--------+----------+----------+------------+
    |ap_clk  |  10.00 ns|  3.401 ns|     2.70 ns|
    +--------+----------+----------+------------+

+ Latency: 
    * Summary: 
    +---------+---------+----------+----------+-----+-----+---------+
    |  Latency (cycles) |  Latency (absolute) |  Interval | Pipeline|
    |   min   |   max   |    min   |    max   | min | max |   Type  |
    +---------+---------+----------+----------+-----+-----+---------+
    |        0|        0|      0 ns|      0 ns|    0|    0|     none|
    +---------+---------+----------+----------+-----+-----+---------+

    + Detail: 
        * Instance: 
        N/A

        * Loop: 
        N/A



================================================================
== Utilization Estimates
================================================================
* Summary: 
+-----------------+---------+-----+--------+--------+-----+
|       Name      | BRAM_18K| DSP |   FF   |   LUT  | URAM|
+-----------------+---------+-----+--------+--------+-----+
|DSP              |        -|    -|       -|       -|    -|
|Expression       |        -|    -|       0|       1|    -|
|FIFO             |        -|    -|       -|       -|    -|
|Instance         |        -|    -|       -|       -|    -|
|Memory           |        -|    -|       -|       -|    -|
|Multiplexer      |        -|    -|       -|      27|    -|
|Register         |        -|    -|      34|       -|    -|
+-----------------+---------+-----+--------+--------+-----+
|Total            |        0|    0|      34|      28|    0|
+-----------------+---------+-----+--------+--------+-----+
|Available        |     1090|  900|  437200|  218600|    0|
+-----------------+---------+-----+--------+--------+-----+
|Utilization (%)  |        0|    0|      ~0|      ~0|    0|
+-----------------+---------+-----+--------+--------+-----+

+ Detail: 
    * Instance: 
    N/A

    * DSP: 
    N/A

    * Memory: 
    N/A

    * FIFO: 
    N/A

    * Expression: 
    +-----------------+----------+----+---+----+------------+------------+
    |  Variable Name  | Operation| DSP| FF| LUT| Bitwidth P0| Bitwidth P1|
    +-----------------+----------+----+---+----+------------+------------+
    |ap_block_state1  |        or|   0|  0|   1|           1|           1|
    +-----------------+----------+----+---+----+------------+------------+
    |Total            |          |   0|  0|   1|           1|           1|
    +-----------------+----------+----+---+----+------------+------------+

    * Multiplexer: 
    +-------------+----+-----------+-----+-----------+
    |     Name    | LUT| Input Size| Bits| Total Bits|
    +-------------+----+-----------+-----+-----------+
    |ap_done      |   9|          2|    1|          2|
    |l_dot_blk_n  |   9|          2|    1|          2|
    |p_res        |   9|          2|   32|         64|
    +-------------+----+-----------+-----+-----------+
    |Total        |  27|          6|   34|         68|
    +-------------+----+-----------+-----+-----------+

    * Register: 
    +-------------+----+----+-----+-----------+
    |     Name    | FF | LUT| Bits| Const Bits|
    +-------------+----+----+-----+-----------+
    |ap_CS_fsm    |   1|   0|    1|          0|
    |ap_done_reg  |   1|   0|    1|          0|
    |p_res_preg   |  32|   0|   32|          0|
    +-------------+----+----+-----+-----------+
    |Total        |  34|   0|   34|          0|
    +-------------+----+----+-----+-----------+



================================================================
== Interface
================================================================
* Summary: 
+---------------+-----+-----+------------+--------------------------------------------------------+--------------+
|   RTL Ports   | Dir | Bits|  Protocol  |                      Source Object                     |    C Type    |
+---------------+-----+-----+------------+--------------------------------------------------------+--------------+
|ap_clk         |   in|    1|  ap_ctrl_hs|  dot<float, 2u, unsigned int>3246_Block_.split13_proc94|  return value|
|ap_rst         |   in|    1|  ap_ctrl_hs|  dot<float, 2u, unsigned int>3246_Block_.split13_proc94|  return value|
|ap_start       |   in|    1|  ap_ctrl_hs|  dot<float, 2u, unsigned int>3246_Block_.split13_proc94|  return value|
|ap_done        |  out|    1|  ap_ctrl_hs|  dot<float, 2u, unsigned int>3246_Block_.split13_proc94|  return value|
|ap_continue    |   in|    1|  ap_ctrl_hs|  dot<float, 2u, unsigned int>3246_Block_.split13_proc94|  return value|
|ap_idle        |  out|    1|  ap_ctrl_hs|  dot<float, 2u, unsigned int>3246_Block_.split13_proc94|  return value|
|ap_ready       |  out|    1|  ap_ctrl_hs|  dot<float, 2u, unsigned int>3246_Block_.split13_proc94|  return value|
|l_dot_dout     |   in|   32|     ap_fifo|                                                   l_dot|       pointer|
|l_dot_empty_n  |   in|    1|     ap_fifo|                                                   l_dot|       pointer|
|l_dot_read     |  out|    1|     ap_fifo|                                                   l_dot|       pointer|
|p_res          |  out|   32|      ap_vld|                                                   p_res|       pointer|
|p_res_ap_vld   |  out|    1|      ap_vld|                                                   p_res|       pointer|
+---------------+-----+-----+------------+--------------------------------------------------------+--------------+

============================================================
+ Verbose Summary: Synthesis Manager
============================================================
InlineROM: 1
ExposeGlobal: 0
============================================================
+ Verbose Summary: CDFG Model
============================================================
IsTopModel: 0
ResetActiveHigh: 1
IsCombinational: 2
IsDatapathOnly: 0
HasWiredReturn: 1
HasMFsm: 0
HasVarLatency: 0
IsPipeline: 0
IsRtlPipelined: 0
IsInstanceOverlapped: 0
IsDontTouch: 0
HasImplIP: 0
IsGatedGlobalClock: 0


============================================================
+ Verbose Summary: Schedule
============================================================
* Number of FSM states : 1
* Pipeline : 0
* Dataflow Pipeline: 0

* FSM state transitions: 
1 --> 

* FSM state operations: 

State 1 <SV = 0> <Delay = 3.40>
ST_1 : Operation 2 [1/1] (0.00ns)   --->   "%specinterface_ln0 = specinterface void @_ssdm_op_SpecInterface, i32 %l_dot, void @empty_7, i32 0, i32 0, void @empty_11, i32 0, i32 0, void @empty_11, void @empty_11, void @empty_11, i32 0, i32 0, i32 0, i32 0, void @empty_11, void @empty_11"   --->   Operation 2 'specinterface' 'specinterface_ln0' <Predicate = true> <Delay = 0.00>
ST_1 : Operation 3 [1/1] (3.40ns)   --->   "%tmp = read i32 @_ssdm_op_Read.ap_fifo.volatile.i32P0A, i32 %l_dot" [/home/jrk/tools/Xilinx/Vitis_HLS/2020.2/common/technology/autopilot/hls_stream_39.h:145]   --->   Operation 3 'read' 'tmp' <Predicate = true> <Delay = 3.40> <CoreInst = "FIFO_SRL">   --->   Core 81 'FIFO_SRL' <Latency = 0> <II = 1> <Delay = 3.40> <Storage> <Opcode : 'read' 'write' 'nbread' 'nbwrite'> <Ports = 0> <Width = 32> <Depth = 2> <FIFO>
ST_1 : Operation 4 [1/1] (0.00ns)   --->   "%l_v_m_Val = bitcast i32 %tmp" [/home/jrk/vivado/zc706/sdk/wksp1/zc706_lstm_kernels/libs/xf_BLAS/L1/include/hw/xf_blas/helpers/utils/types.hpp:242->/home/jrk/vivado/zc706/sdk/wksp1/zc706_lstm_kernels/libs/xf_BLAS/L1/include/hw/xf_blas/dot.hpp:63]   --->   Operation 4 'bitcast' 'l_v_m_Val' <Predicate = true> <Delay = 0.00>
ST_1 : Operation 5 [1/1] (0.00ns)   --->   "%write_ln64 = write void @_ssdm_op_Write.ap_auto.floatP0A, i32 %p_res, i32 %l_v_m_Val" [/home/jrk/vivado/zc706/sdk/wksp1/zc706_lstm_kernels/libs/xf_BLAS/L1/include/hw/xf_blas/dot.hpp:64]   --->   Operation 5 'write' 'write_ln64' <Predicate = true> <Delay = 0.00>
ST_1 : Operation 6 [1/1] (0.00ns)   --->   "%ret_ln0 = ret"   --->   Operation 6 'ret' 'ret_ln0' <Predicate = true> <Delay = 0.00>


============================================================
+ Verbose Summary: Binding
============================================================
STG Binding: 
---------------- STG Properties BEGIN ----------------
- Is combinational: 0
- Is one-state seq: 1
- Is datapath-only: 0
- Is pipelined: 0
- Is top level: 0
Port [ Return ] is wired: 1; IO mode=ap_ctrl_hs:ce=0
Port [ l_dot]:  wired=1; compound=1; hidden=0; nouse=0; global=0; static=0; extern=0; dir=0; type=3; pingpong=0; private_global=0; IO mode=ap_fifo:ce=0
Port [ p_res]:  wired=1; compound=0; hidden=0; nouse=0; global=0; static=0; extern=0; dir=1; type=0; pingpong=0; private_global=0; IO mode=ap_vld:ce=0
---------------- STG Properties END ------------------

---------------- Datapath Model BEGIN ----------------

<LifeTime>
<method=bitvector/>
specinterface_ln0 (specinterface) [ 00]
tmp               (read         ) [ 00]
l_v_m_Val         (bitcast      ) [ 00]
write_ln64        (write        ) [ 00]
ret_ln0           (ret          ) [ 00]
</LifeTime>

<model>

<comp_list>
<comp id="0" class="1000" name="l_dot">
<pin_list>
<pin id="1" dir="1" index="0" bw="1" slack="0"/>
</pin_list>
<bind>
<StgValue><ssdm name="l_dot"/></StgValue>
</bind>
</comp>

<comp id="2" class="1000" name="p_res">
<pin_list>
<pin id="3" dir="1" index="0" bw="1" slack="0"/>
</pin_list>
<bind>
<StgValue><ssdm name="p_res"/></StgValue>
</bind>
</comp>

<comp id="4" class="1001" name="const_4">
<pin_list>
<pin id="5" dir="1" index="0" bw="1" slack="2147483647"/>
</pin_list>
<bind>
<StgValue><ssdm name="_ssdm_op_SpecInterface"/></StgValue>
</bind>
</comp>

<comp id="6" class="1001" name="const_6">
<pin_list>
<pin id="7" dir="1" index="0" bw="1" slack="2147483647"/>
</pin_list>
<bind>
<StgValue><ssdm name="empty_7"/></StgValue>
</bind>
</comp>

<comp id="8" class="1001" name="const_8">
<pin_list>
<pin id="9" dir="1" index="0" bw="1" slack="2147483647"/>
</pin_list>
<bind>
<StgValue><ssdm name=""/></StgValue>
</bind>
</comp>

<comp id="10" class="1001" name="const_10">
<pin_list>
<pin id="11" dir="1" index="0" bw="1" slack="2147483647"/>
</pin_list>
<bind>
<StgValue><ssdm name="empty_11"/></StgValue>
</bind>
</comp>

<comp id="12" class="1001" name="const_12">
<pin_list>
<pin id="13" dir="1" index="0" bw="1" slack="0"/>
</pin_list>
<bind>
<StgValue><ssdm name="_ssdm_op_Read.ap_fifo.volatile.i32P0A"/></StgValue>
</bind>
</comp>

<comp id="14" class="1001" name="const_14">
<pin_list>
<pin id="15" dir="1" index="0" bw="1" slack="0"/>
</pin_list>
<bind>
<StgValue><ssdm name="_ssdm_op_Write.ap_auto.floatP0A"/></StgValue>
</bind>
</comp>

<comp id="16" class="1004" name="tmp_read_fu_16">
<pin_list>
<pin id="17" dir="0" index="0" bw="32" slack="0"/>
<pin id="18" dir="0" index="1" bw="32" slack="0"/>
<pin id="19" dir="1" index="2" bw="32" slack="0"/>
</pin_list>
<bind>
<opcode="read(1150) " fcode="read"/>
<opset="tmp/1 "/>
</bind>
</comp>

<comp id="22" class="1004" name="write_ln64_write_fu_22">
<pin_list>
<pin id="23" dir="0" index="0" bw="0" slack="0"/>
<pin id="24" dir="0" index="1" bw="32" slack="0"/>
<pin id="25" dir="0" index="2" bw="32" slack="0"/>
<pin id="26" dir="1" index="3" bw="0" slack="2147483647"/>
</pin_list>
<bind>
<opcode="write(1151) " fcode="write"/>
<opset="write_ln64/1 "/>
</bind>
</comp>

<comp id="29" class="1004" name="l_v_m_Val_fu_29">
<pin_list>
<pin id="30" dir="0" index="0" bw="32" slack="0"/>
<pin id="31" dir="1" index="1" bw="32" slack="0"/>
</pin_list>
<bind>
<opcode="bitcast(44) " fcode="bitcast"/>
<opset="l_v_m_Val/1 "/>
</bind>
</comp>

</comp_list>

<net_list>
<net id="20"><net_src comp="12" pin="0"/><net_sink comp="16" pin=0"/></net>

<net id="21"><net_src comp="0" pin="0"/><net_sink comp="16" pin=1"/></net>

<net id="27"><net_src comp="14" pin="0"/><net_sink comp="22" pin=0"/></net>

<net id="28"><net_src comp="2" pin="0"/><net_sink comp="22" pin=1"/></net>

<net id="32"><net_src comp="16" pin="2"/><net_sink comp="29" pin=0"/></net>

<net id="33"><net_src comp="29" pin="1"/><net_sink comp="22" pin=2"/></net>

</net_list>

</model> 
---------------- Datapath Model END ------------------

* FSMD analyzer results:
  - Output states:
	Port: p_res | {1 }
 - Input state : 
	Port: dot<float, 2u, unsigned int>3246_Block_.split13_proc94 : l_dot | {1 }
	Port: dot<float, 2u, unsigned int>3246_Block_.split13_proc94 : p_res | {}
  - Chain level:
	State 1
		write_ln64 : 1


============================================================
+ Verbose Summary: Datapath Resource usage 
============================================================

* Functional unit list:
|----------|------------------------|
| Operation|     Functional Unit    |
|----------|------------------------|
|   read   |     tmp_read_fu_16     |
|----------|------------------------|
|   write  | write_ln64_write_fu_22 |
|----------|------------------------|
|   Total  |                        |
|----------|------------------------|

Memories:
N/A

* Register list:
N/A

* Multiplexer (MUX) list: 
|--------|------|------|------|--------|
|  Comp  |  Pin | Size |  BW  | S x BW |
|--------|------|------|------|--------|
|  Total |      |      |      |    0   |
|--------|------|------|------|--------|



* Summary:
+-----------+
|           |
+-----------+
|  Function |
|   Memory  |
|Multiplexer|
|  Register |
+-----------+
|   Total   |
+-----------+
