

================================================================
== Vitis HLS Report for 'krnl_lstm_unit_Block_split216_proc'
================================================================
* Date:           Mon May 24 12:51:30 2021

* Version:        2020.2 (Build 3064766 on Wed Nov 18 09:12:47 MST 2020)
* Project:        krnl_lstm
* Solution:       solution (Vitis Kernel Flow Target)
* Product family: zynq
* Target device:  xc7z045-ffg900-2


================================================================
== Performance Estimates
================================================================
+ Timing: 
    * Summary: 
    +--------+----------+----------+------------+
    |  Clock |  Target  | Estimated| Uncertainty|
    +--------+----------+----------+------------+
    |ap_clk  |  10.00 ns|  4.729 ns|     2.70 ns|
    +--------+----------+----------+------------+

+ Latency: 
    * Summary: 
    +---------+---------+-----------+-----------+-----+-----+---------+
    |  Latency (cycles) |   Latency (absolute)  |  Interval | Pipeline|
    |   min   |   max   |    min    |    max    | min | max |   Type  |
    +---------+---------+-----------+-----------+-----+-----+---------+
    |        5|        5|  50.000 ns|  50.000 ns|    5|    5|     none|
    +---------+---------+-----------+-----------+-----+-----+---------+

    + Detail: 
        * Instance: 
        N/A

        * Loop: 
        N/A

============================================================
+ Verbose Summary: Synthesis Manager
============================================================
InlineROM: 1
ExposeGlobal: 0
============================================================
+ Verbose Summary: CDFG Model
============================================================
IsTopModel: 0
ResetActiveHigh: 1
IsCombinational: 2
IsDatapathOnly: 0
HasWiredReturn: 1
HasMFsm: 0
HasVarLatency: 1
IsPipeline: 0
IsRtlPipelined: 0
IsInstanceOverlapped: 0
IsDontTouch: 0
HasImplIP: 0
IsGatedGlobalClock: 0


============================================================
+ Verbose Summary: Schedule
============================================================
* Number of FSM states : 6
* Pipeline : 0
* Dataflow Pipeline: 0

* FSM state transitions: 
1 --> 2 
2 --> 3 
3 --> 4 
4 --> 5 
5 --> 6 
6 --> 

* FSM state operations: 

State 1 <SV = 0> <Delay = 3.36>
ST_1 : Operation 7 [1/1] (3.36ns)   --->   "%c_tp_read = read i32 @_ssdm_op_Read.ap_fifo.floatP0A, i32 %c_tp" [/home/jrk/vivado/zc706/sdk/wksp1/zc706_lstm_kernels/src/krnl_lstm.cpp:372]   --->   Operation 7 'read' 'c_tp_read' <Predicate = true> <Delay = 3.36> <CoreInst = "FIFO_SRL">   --->   Core 81 'FIFO_SRL' <Latency = 0> <II = 1> <Delay = 3.36> <Storage> <Opcode : 'read' 'write' 'nbread' 'nbwrite'> <Ports = 0> <Width = 32> <Depth = 5> <FIFO>

State 2 <SV = 1> <Delay = 4.72>
ST_2 : Operation 8 [1/1] (0.00ns)   --->   "%p_read_9 = read i32 @_ssdm_op_Read.ap_auto.float, i32 %p_read" [/home/jrk/vivado/zc706/sdk/wksp1/zc706_lstm_kernels/src/krnl_lstm.cpp:372]   --->   Operation 8 'read' 'p_read_9' <Predicate = true> <Delay = 0.00>
ST_2 : Operation 9 [4/4] (4.72ns)   --->   "%mul3_i = fmul i32 %c_tp_read, i32 %p_read_9" [/home/jrk/vivado/zc706/sdk/wksp1/zc706_lstm_kernels/src/krnl_lstm.cpp:372]   --->   Operation 9 'fmul' 'mul3_i' <Predicate = true> <Delay = 4.72> <CoreInst = "FMul_maxdsp">   --->   Core 30 'FMul_maxdsp' <Latency = 3> <II = 1> <Delay = 4.72> <FuncUnit> <Opcode : 'fmul'> <InPorts = 2> <OutPorts = 1>

State 3 <SV = 2> <Delay = 4.72>
ST_3 : Operation 10 [3/4] (4.72ns)   --->   "%mul3_i = fmul i32 %c_tp_read, i32 %p_read_9" [/home/jrk/vivado/zc706/sdk/wksp1/zc706_lstm_kernels/src/krnl_lstm.cpp:372]   --->   Operation 10 'fmul' 'mul3_i' <Predicate = true> <Delay = 4.72> <CoreInst = "FMul_maxdsp">   --->   Core 30 'FMul_maxdsp' <Latency = 3> <II = 1> <Delay = 4.72> <FuncUnit> <Opcode : 'fmul'> <InPorts = 2> <OutPorts = 1>

State 4 <SV = 3> <Delay = 4.72>
ST_4 : Operation 11 [2/4] (4.72ns)   --->   "%mul3_i = fmul i32 %c_tp_read, i32 %p_read_9" [/home/jrk/vivado/zc706/sdk/wksp1/zc706_lstm_kernels/src/krnl_lstm.cpp:372]   --->   Operation 11 'fmul' 'mul3_i' <Predicate = true> <Delay = 4.72> <CoreInst = "FMul_maxdsp">   --->   Core 30 'FMul_maxdsp' <Latency = 3> <II = 1> <Delay = 4.72> <FuncUnit> <Opcode : 'fmul'> <InPorts = 2> <OutPorts = 1>

State 5 <SV = 4> <Delay = 4.72>
ST_5 : Operation 12 [1/4] (4.72ns)   --->   "%mul3_i = fmul i32 %c_tp_read, i32 %p_read_9" [/home/jrk/vivado/zc706/sdk/wksp1/zc706_lstm_kernels/src/krnl_lstm.cpp:372]   --->   Operation 12 'fmul' 'mul3_i' <Predicate = true> <Delay = 4.72> <CoreInst = "FMul_maxdsp">   --->   Core 30 'FMul_maxdsp' <Latency = 3> <II = 1> <Delay = 4.72> <FuncUnit> <Opcode : 'fmul'> <InPorts = 2> <OutPorts = 1>

State 6 <SV = 5> <Delay = 3.40>
ST_6 : Operation 13 [1/1] (0.00ns)   --->   "%specinterface_ln0 = specinterface void @_ssdm_op_SpecInterface, i32 %mul3_out_out, void @ap_fifo_str, i32 0, i32 0, void @p_str, i32 0, i32 0, void @p_str, void @p_str, void @p_str, i32 2, i32 2, i32 16, i32 16, void @p_str, void @p_str"   --->   Operation 13 'specinterface' 'specinterface_ln0' <Predicate = true> <Delay = 0.00>
ST_6 : Operation 14 [1/1] (0.00ns)   --->   "%specinterface_ln0 = specinterface void @_ssdm_op_SpecInterface, i32 %c_tp, void @ap_fifo_str, i32 0, i32 0, void @p_str, i32 0, i32 0, void @p_str, void @p_str, void @p_str, i32 2, i32 2, i32 16, i32 16, void @p_str, void @ScalarProp_str"   --->   Operation 14 'specinterface' 'specinterface_ln0' <Predicate = true> <Delay = 0.00>
ST_6 : Operation 15 [1/1] (3.40ns)   --->   "%write_ln372 = write void @_ssdm_op_Write.ap_fifo.floatP0A, i32 %mul3_out_out, i32 %mul3_i" [/home/jrk/vivado/zc706/sdk/wksp1/zc706_lstm_kernels/src/krnl_lstm.cpp:372]   --->   Operation 15 'write' 'write_ln372' <Predicate = true> <Delay = 3.40> <CoreInst = "FIFO_SRL">   --->   Core 81 'FIFO_SRL' <Latency = 0> <II = 1> <Delay = 3.40> <Storage> <Opcode : 'read' 'write' 'nbread' 'nbwrite'> <Ports = 0> <Width = 32> <Depth = 3> <FIFO>
ST_6 : Operation 16 [1/1] (0.00ns)   --->   "%ret_ln0 = ret"   --->   Operation 16 'ret' 'ret_ln0' <Predicate = true> <Delay = 0.00>


============================================================
+ Verbose Summary: Timing violations
============================================================
Target clock period: 10ns, clock uncertainty: 2.7ns.

 <State 1>: 3.36ns
The critical path consists of the following:
	fifo read on port 'c_tp' (/home/jrk/vivado/zc706/sdk/wksp1/zc706_lstm_kernels/src/krnl_lstm.cpp:372) [7]  (3.36 ns)

 <State 2>: 4.73ns
The critical path consists of the following:
	wire read on port 'p_read' (/home/jrk/vivado/zc706/sdk/wksp1/zc706_lstm_kernels/src/krnl_lstm.cpp:372) [6]  (0 ns)
	'fmul' operation ('mul3_i', /home/jrk/vivado/zc706/sdk/wksp1/zc706_lstm_kernels/src/krnl_lstm.cpp:372) [8]  (4.73 ns)

 <State 3>: 4.73ns
The critical path consists of the following:
	'fmul' operation ('mul3_i', /home/jrk/vivado/zc706/sdk/wksp1/zc706_lstm_kernels/src/krnl_lstm.cpp:372) [8]  (4.73 ns)

 <State 4>: 4.73ns
The critical path consists of the following:
	'fmul' operation ('mul3_i', /home/jrk/vivado/zc706/sdk/wksp1/zc706_lstm_kernels/src/krnl_lstm.cpp:372) [8]  (4.73 ns)

 <State 5>: 4.73ns
The critical path consists of the following:
	'fmul' operation ('mul3_i', /home/jrk/vivado/zc706/sdk/wksp1/zc706_lstm_kernels/src/krnl_lstm.cpp:372) [8]  (4.73 ns)

 <State 6>: 3.4ns
The critical path consists of the following:
	fifo write on port 'mul3_out_out' (/home/jrk/vivado/zc706/sdk/wksp1/zc706_lstm_kernels/src/krnl_lstm.cpp:372) [9]  (3.4 ns)


============================================================
+ Verbose Summary: Binding
============================================================
N/A
* FSMD analyzer results:
  - Output states:
 - Input state : 
  - Chain level:
	State 1
	State 2
	State 3
	State 4
	State 5
	State 6


============================================================
+ Verbose Summary: Datapath Resource usage 
============================================================
N/A
