

================================================================
== Vitis HLS Report for 'krnl_dot41'
================================================================
* Date:           Tue Mar 16 16:13:48 2021

* Version:        2020.2 (Build 3064766 on Wed Nov 18 09:12:47 MST 2020)
* Project:        krnl_lstm
* Solution:       solution (Vitis Kernel Flow Target)
* Product family: zynq
* Target device:  xc7z045-ffg900-2


================================================================
== Performance Estimates
================================================================
+ Timing: 
    * Summary: 
    +--------+----------+----------+------------+
    |  Clock |  Target  | Estimated| Uncertainty|
    +--------+----------+----------+------------+
    |ap_clk  |  10.00 ns|  7.157 ns|     2.70 ns|
    +--------+----------+----------+------------+

+ Latency: 
    * Summary: 
    +---------+---------+----------+----------+-----+-----+----------+
    |  Latency (cycles) |  Latency (absolute) |  Interval | Pipeline |
    |   min   |   max   |    min   |    max   | min | max |   Type   |
    +---------+---------+----------+----------+-----+-----+----------+
    |       59|       59|  0.590 us|  0.590 us|   27|   27|  dataflow|
    +---------+---------+----------+----------+-----+-----+----------+

    + Detail: 
        * Instance: 
        N/A

        * Loop: 
        N/A

============================================================
+ Verbose Summary: Synthesis Manager
============================================================
InlineROM: 1
ExposeGlobal: 0
============================================================
+ Verbose Summary: CDFG Model
============================================================
IsTopModel: 0
ResetActiveHigh: 1
IsCombinational: 2
IsDatapathOnly: 0
HasWiredReturn: 1
HasMFsm: 0
HasVarLatency: 1
IsPipeline: 0
IsRtlPipelined: 0
IsInstanceOverlapped: 0
IsDontTouch: 0
HasImplIP: 0
IsGatedGlobalClock: 0


============================================================
+ Verbose Summary: Schedule
============================================================
* Number of FSM states : 5
* Pipeline : 0
* Dataflow Pipeline: 1
  DF-Pipeline-0: Size = 5, States = { 1 2 3 4 5 }

* FSM state transitions: 
1 --> 2 
2 --> 3 
3 --> 4 
4 --> 5 
5 --> 

* FSM state operations: 

State 1 <SV = 0> <Delay = 0.00>
ST_1 : Operation 6 [1/1] (0.00ns)   --->   "%p_in2_31_c_i = alloca i32 1" [/home/jrk/vivado/zc706/sdk/wksp1/zc706_lstm_kernels/src/krnl_lstm.cpp:94]   --->   Operation 6 'alloca' 'p_in2_31_c_i' <Predicate = true> <Delay = 0.00> <CoreInst = "FIFO_SRL">   --->   Core 81 'FIFO_SRL' <Latency = 0> <II = 1> <Delay = 3.40> <Storage> <Opcode : 'read' 'write' 'nbread' 'nbwrite'> <Ports = 0> <Width = 32> <Depth = 2> <FIFO>
ST_1 : Operation 7 [1/1] (0.00ns)   --->   "%p_in2_30_c_i = alloca i32 1" [/home/jrk/vivado/zc706/sdk/wksp1/zc706_lstm_kernels/src/krnl_lstm.cpp:94]   --->   Operation 7 'alloca' 'p_in2_30_c_i' <Predicate = true> <Delay = 0.00> <CoreInst = "FIFO_SRL">   --->   Core 81 'FIFO_SRL' <Latency = 0> <II = 1> <Delay = 3.40> <Storage> <Opcode : 'read' 'write' 'nbread' 'nbwrite'> <Ports = 0> <Width = 32> <Depth = 2> <FIFO>
ST_1 : Operation 8 [1/1] (0.00ns)   --->   "%p_in2_29_c_i = alloca i32 1" [/home/jrk/vivado/zc706/sdk/wksp1/zc706_lstm_kernels/src/krnl_lstm.cpp:94]   --->   Operation 8 'alloca' 'p_in2_29_c_i' <Predicate = true> <Delay = 0.00> <CoreInst = "FIFO_SRL">   --->   Core 81 'FIFO_SRL' <Latency = 0> <II = 1> <Delay = 3.40> <Storage> <Opcode : 'read' 'write' 'nbread' 'nbwrite'> <Ports = 0> <Width = 32> <Depth = 2> <FIFO>
ST_1 : Operation 9 [1/1] (0.00ns)   --->   "%p_in2_28_c_i = alloca i32 1" [/home/jrk/vivado/zc706/sdk/wksp1/zc706_lstm_kernels/src/krnl_lstm.cpp:94]   --->   Operation 9 'alloca' 'p_in2_28_c_i' <Predicate = true> <Delay = 0.00> <CoreInst = "FIFO_SRL">   --->   Core 81 'FIFO_SRL' <Latency = 0> <II = 1> <Delay = 3.40> <Storage> <Opcode : 'read' 'write' 'nbread' 'nbwrite'> <Ports = 0> <Width = 32> <Depth = 2> <FIFO>
ST_1 : Operation 10 [1/1] (0.00ns)   --->   "%p_in2_27_c_i = alloca i32 1" [/home/jrk/vivado/zc706/sdk/wksp1/zc706_lstm_kernels/src/krnl_lstm.cpp:94]   --->   Operation 10 'alloca' 'p_in2_27_c_i' <Predicate = true> <Delay = 0.00> <CoreInst = "FIFO_SRL">   --->   Core 81 'FIFO_SRL' <Latency = 0> <II = 1> <Delay = 3.40> <Storage> <Opcode : 'read' 'write' 'nbread' 'nbwrite'> <Ports = 0> <Width = 32> <Depth = 2> <FIFO>
ST_1 : Operation 11 [1/1] (0.00ns)   --->   "%p_in2_26_c_i = alloca i32 1" [/home/jrk/vivado/zc706/sdk/wksp1/zc706_lstm_kernels/src/krnl_lstm.cpp:94]   --->   Operation 11 'alloca' 'p_in2_26_c_i' <Predicate = true> <Delay = 0.00> <CoreInst = "FIFO_SRL">   --->   Core 81 'FIFO_SRL' <Latency = 0> <II = 1> <Delay = 3.40> <Storage> <Opcode : 'read' 'write' 'nbread' 'nbwrite'> <Ports = 0> <Width = 32> <Depth = 2> <FIFO>
ST_1 : Operation 12 [1/1] (0.00ns)   --->   "%p_in2_25_c_i = alloca i32 1" [/home/jrk/vivado/zc706/sdk/wksp1/zc706_lstm_kernels/src/krnl_lstm.cpp:94]   --->   Operation 12 'alloca' 'p_in2_25_c_i' <Predicate = true> <Delay = 0.00> <CoreInst = "FIFO_SRL">   --->   Core 81 'FIFO_SRL' <Latency = 0> <II = 1> <Delay = 3.40> <Storage> <Opcode : 'read' 'write' 'nbread' 'nbwrite'> <Ports = 0> <Width = 32> <Depth = 2> <FIFO>
ST_1 : Operation 13 [1/1] (0.00ns)   --->   "%p_in2_24_c_i = alloca i32 1" [/home/jrk/vivado/zc706/sdk/wksp1/zc706_lstm_kernels/src/krnl_lstm.cpp:94]   --->   Operation 13 'alloca' 'p_in2_24_c_i' <Predicate = true> <Delay = 0.00> <CoreInst = "FIFO_SRL">   --->   Core 81 'FIFO_SRL' <Latency = 0> <II = 1> <Delay = 3.40> <Storage> <Opcode : 'read' 'write' 'nbread' 'nbwrite'> <Ports = 0> <Width = 32> <Depth = 2> <FIFO>
ST_1 : Operation 14 [1/1] (0.00ns)   --->   "%p_in2_23_c_i = alloca i32 1" [/home/jrk/vivado/zc706/sdk/wksp1/zc706_lstm_kernels/src/krnl_lstm.cpp:94]   --->   Operation 14 'alloca' 'p_in2_23_c_i' <Predicate = true> <Delay = 0.00> <CoreInst = "FIFO_SRL">   --->   Core 81 'FIFO_SRL' <Latency = 0> <II = 1> <Delay = 3.40> <Storage> <Opcode : 'read' 'write' 'nbread' 'nbwrite'> <Ports = 0> <Width = 32> <Depth = 2> <FIFO>
ST_1 : Operation 15 [1/1] (0.00ns)   --->   "%p_in2_22_c_i = alloca i32 1" [/home/jrk/vivado/zc706/sdk/wksp1/zc706_lstm_kernels/src/krnl_lstm.cpp:94]   --->   Operation 15 'alloca' 'p_in2_22_c_i' <Predicate = true> <Delay = 0.00> <CoreInst = "FIFO_SRL">   --->   Core 81 'FIFO_SRL' <Latency = 0> <II = 1> <Delay = 3.40> <Storage> <Opcode : 'read' 'write' 'nbread' 'nbwrite'> <Ports = 0> <Width = 32> <Depth = 2> <FIFO>
ST_1 : Operation 16 [1/1] (0.00ns)   --->   "%p_in2_21_c_i = alloca i32 1" [/home/jrk/vivado/zc706/sdk/wksp1/zc706_lstm_kernels/src/krnl_lstm.cpp:94]   --->   Operation 16 'alloca' 'p_in2_21_c_i' <Predicate = true> <Delay = 0.00> <CoreInst = "FIFO_SRL">   --->   Core 81 'FIFO_SRL' <Latency = 0> <II = 1> <Delay = 3.40> <Storage> <Opcode : 'read' 'write' 'nbread' 'nbwrite'> <Ports = 0> <Width = 32> <Depth = 2> <FIFO>
ST_1 : Operation 17 [1/1] (0.00ns)   --->   "%p_in2_20_c_i = alloca i32 1" [/home/jrk/vivado/zc706/sdk/wksp1/zc706_lstm_kernels/src/krnl_lstm.cpp:94]   --->   Operation 17 'alloca' 'p_in2_20_c_i' <Predicate = true> <Delay = 0.00> <CoreInst = "FIFO_SRL">   --->   Core 81 'FIFO_SRL' <Latency = 0> <II = 1> <Delay = 3.40> <Storage> <Opcode : 'read' 'write' 'nbread' 'nbwrite'> <Ports = 0> <Width = 32> <Depth = 2> <FIFO>
ST_1 : Operation 18 [1/1] (0.00ns)   --->   "%p_in2_19_c_i = alloca i32 1" [/home/jrk/vivado/zc706/sdk/wksp1/zc706_lstm_kernels/src/krnl_lstm.cpp:94]   --->   Operation 18 'alloca' 'p_in2_19_c_i' <Predicate = true> <Delay = 0.00> <CoreInst = "FIFO_SRL">   --->   Core 81 'FIFO_SRL' <Latency = 0> <II = 1> <Delay = 3.40> <Storage> <Opcode : 'read' 'write' 'nbread' 'nbwrite'> <Ports = 0> <Width = 32> <Depth = 2> <FIFO>
ST_1 : Operation 19 [1/1] (0.00ns)   --->   "%p_in2_18_c_i = alloca i32 1" [/home/jrk/vivado/zc706/sdk/wksp1/zc706_lstm_kernels/src/krnl_lstm.cpp:94]   --->   Operation 19 'alloca' 'p_in2_18_c_i' <Predicate = true> <Delay = 0.00> <CoreInst = "FIFO_SRL">   --->   Core 81 'FIFO_SRL' <Latency = 0> <II = 1> <Delay = 3.40> <Storage> <Opcode : 'read' 'write' 'nbread' 'nbwrite'> <Ports = 0> <Width = 32> <Depth = 2> <FIFO>
ST_1 : Operation 20 [1/1] (0.00ns)   --->   "%p_in2_17_c_i = alloca i32 1" [/home/jrk/vivado/zc706/sdk/wksp1/zc706_lstm_kernels/src/krnl_lstm.cpp:94]   --->   Operation 20 'alloca' 'p_in2_17_c_i' <Predicate = true> <Delay = 0.00> <CoreInst = "FIFO_SRL">   --->   Core 81 'FIFO_SRL' <Latency = 0> <II = 1> <Delay = 3.40> <Storage> <Opcode : 'read' 'write' 'nbread' 'nbwrite'> <Ports = 0> <Width = 32> <Depth = 2> <FIFO>
ST_1 : Operation 21 [1/1] (0.00ns)   --->   "%p_in2_16_c_i = alloca i32 1" [/home/jrk/vivado/zc706/sdk/wksp1/zc706_lstm_kernels/src/krnl_lstm.cpp:94]   --->   Operation 21 'alloca' 'p_in2_16_c_i' <Predicate = true> <Delay = 0.00> <CoreInst = "FIFO_SRL">   --->   Core 81 'FIFO_SRL' <Latency = 0> <II = 1> <Delay = 3.40> <Storage> <Opcode : 'read' 'write' 'nbread' 'nbwrite'> <Ports = 0> <Width = 32> <Depth = 2> <FIFO>
ST_1 : Operation 22 [1/1] (0.00ns)   --->   "%p_in2_15_c_i = alloca i32 1" [/home/jrk/vivado/zc706/sdk/wksp1/zc706_lstm_kernels/src/krnl_lstm.cpp:94]   --->   Operation 22 'alloca' 'p_in2_15_c_i' <Predicate = true> <Delay = 0.00> <CoreInst = "FIFO_SRL">   --->   Core 81 'FIFO_SRL' <Latency = 0> <II = 1> <Delay = 3.40> <Storage> <Opcode : 'read' 'write' 'nbread' 'nbwrite'> <Ports = 0> <Width = 32> <Depth = 2> <FIFO>
ST_1 : Operation 23 [1/1] (0.00ns)   --->   "%p_in2_14_c_i = alloca i32 1" [/home/jrk/vivado/zc706/sdk/wksp1/zc706_lstm_kernels/src/krnl_lstm.cpp:94]   --->   Operation 23 'alloca' 'p_in2_14_c_i' <Predicate = true> <Delay = 0.00> <CoreInst = "FIFO_SRL">   --->   Core 81 'FIFO_SRL' <Latency = 0> <II = 1> <Delay = 3.40> <Storage> <Opcode : 'read' 'write' 'nbread' 'nbwrite'> <Ports = 0> <Width = 32> <Depth = 2> <FIFO>
ST_1 : Operation 24 [1/1] (0.00ns)   --->   "%p_in2_13_c_i = alloca i32 1" [/home/jrk/vivado/zc706/sdk/wksp1/zc706_lstm_kernels/src/krnl_lstm.cpp:94]   --->   Operation 24 'alloca' 'p_in2_13_c_i' <Predicate = true> <Delay = 0.00> <CoreInst = "FIFO_SRL">   --->   Core 81 'FIFO_SRL' <Latency = 0> <II = 1> <Delay = 3.40> <Storage> <Opcode : 'read' 'write' 'nbread' 'nbwrite'> <Ports = 0> <Width = 32> <Depth = 2> <FIFO>
ST_1 : Operation 25 [1/1] (0.00ns)   --->   "%p_in2_12_c_i = alloca i32 1" [/home/jrk/vivado/zc706/sdk/wksp1/zc706_lstm_kernels/src/krnl_lstm.cpp:94]   --->   Operation 25 'alloca' 'p_in2_12_c_i' <Predicate = true> <Delay = 0.00> <CoreInst = "FIFO_SRL">   --->   Core 81 'FIFO_SRL' <Latency = 0> <II = 1> <Delay = 3.40> <Storage> <Opcode : 'read' 'write' 'nbread' 'nbwrite'> <Ports = 0> <Width = 32> <Depth = 2> <FIFO>
ST_1 : Operation 26 [1/1] (0.00ns)   --->   "%p_in2_11_c_i = alloca i32 1" [/home/jrk/vivado/zc706/sdk/wksp1/zc706_lstm_kernels/src/krnl_lstm.cpp:94]   --->   Operation 26 'alloca' 'p_in2_11_c_i' <Predicate = true> <Delay = 0.00> <CoreInst = "FIFO_SRL">   --->   Core 81 'FIFO_SRL' <Latency = 0> <II = 1> <Delay = 3.40> <Storage> <Opcode : 'read' 'write' 'nbread' 'nbwrite'> <Ports = 0> <Width = 32> <Depth = 2> <FIFO>
ST_1 : Operation 27 [1/1] (0.00ns)   --->   "%p_in2_10_c_i = alloca i32 1" [/home/jrk/vivado/zc706/sdk/wksp1/zc706_lstm_kernels/src/krnl_lstm.cpp:94]   --->   Operation 27 'alloca' 'p_in2_10_c_i' <Predicate = true> <Delay = 0.00> <CoreInst = "FIFO_SRL">   --->   Core 81 'FIFO_SRL' <Latency = 0> <II = 1> <Delay = 3.40> <Storage> <Opcode : 'read' 'write' 'nbread' 'nbwrite'> <Ports = 0> <Width = 32> <Depth = 2> <FIFO>
ST_1 : Operation 28 [1/1] (0.00ns)   --->   "%p_in2_9_c_i = alloca i32 1" [/home/jrk/vivado/zc706/sdk/wksp1/zc706_lstm_kernels/src/krnl_lstm.cpp:94]   --->   Operation 28 'alloca' 'p_in2_9_c_i' <Predicate = true> <Delay = 0.00> <CoreInst = "FIFO_SRL">   --->   Core 81 'FIFO_SRL' <Latency = 0> <II = 1> <Delay = 3.40> <Storage> <Opcode : 'read' 'write' 'nbread' 'nbwrite'> <Ports = 0> <Width = 32> <Depth = 2> <FIFO>
ST_1 : Operation 29 [1/1] (0.00ns)   --->   "%p_in2_8_c_i = alloca i32 1" [/home/jrk/vivado/zc706/sdk/wksp1/zc706_lstm_kernels/src/krnl_lstm.cpp:94]   --->   Operation 29 'alloca' 'p_in2_8_c_i' <Predicate = true> <Delay = 0.00> <CoreInst = "FIFO_SRL">   --->   Core 81 'FIFO_SRL' <Latency = 0> <II = 1> <Delay = 3.40> <Storage> <Opcode : 'read' 'write' 'nbread' 'nbwrite'> <Ports = 0> <Width = 32> <Depth = 2> <FIFO>
ST_1 : Operation 30 [1/1] (0.00ns)   --->   "%p_in2_7_c_i = alloca i32 1" [/home/jrk/vivado/zc706/sdk/wksp1/zc706_lstm_kernels/src/krnl_lstm.cpp:94]   --->   Operation 30 'alloca' 'p_in2_7_c_i' <Predicate = true> <Delay = 0.00> <CoreInst = "FIFO_SRL">   --->   Core 81 'FIFO_SRL' <Latency = 0> <II = 1> <Delay = 3.40> <Storage> <Opcode : 'read' 'write' 'nbread' 'nbwrite'> <Ports = 0> <Width = 32> <Depth = 2> <FIFO>
ST_1 : Operation 31 [1/1] (0.00ns)   --->   "%p_in2_6_c_i = alloca i32 1" [/home/jrk/vivado/zc706/sdk/wksp1/zc706_lstm_kernels/src/krnl_lstm.cpp:94]   --->   Operation 31 'alloca' 'p_in2_6_c_i' <Predicate = true> <Delay = 0.00> <CoreInst = "FIFO_SRL">   --->   Core 81 'FIFO_SRL' <Latency = 0> <II = 1> <Delay = 3.40> <Storage> <Opcode : 'read' 'write' 'nbread' 'nbwrite'> <Ports = 0> <Width = 32> <Depth = 2> <FIFO>
ST_1 : Operation 32 [1/1] (0.00ns)   --->   "%p_in2_5_c_i = alloca i32 1" [/home/jrk/vivado/zc706/sdk/wksp1/zc706_lstm_kernels/src/krnl_lstm.cpp:94]   --->   Operation 32 'alloca' 'p_in2_5_c_i' <Predicate = true> <Delay = 0.00> <CoreInst = "FIFO_SRL">   --->   Core 81 'FIFO_SRL' <Latency = 0> <II = 1> <Delay = 3.40> <Storage> <Opcode : 'read' 'write' 'nbread' 'nbwrite'> <Ports = 0> <Width = 32> <Depth = 2> <FIFO>
ST_1 : Operation 33 [1/1] (0.00ns)   --->   "%p_in2_4_c_i = alloca i32 1" [/home/jrk/vivado/zc706/sdk/wksp1/zc706_lstm_kernels/src/krnl_lstm.cpp:94]   --->   Operation 33 'alloca' 'p_in2_4_c_i' <Predicate = true> <Delay = 0.00> <CoreInst = "FIFO_SRL">   --->   Core 81 'FIFO_SRL' <Latency = 0> <II = 1> <Delay = 3.40> <Storage> <Opcode : 'read' 'write' 'nbread' 'nbwrite'> <Ports = 0> <Width = 32> <Depth = 2> <FIFO>
ST_1 : Operation 34 [1/1] (0.00ns)   --->   "%p_in2_3_c_i = alloca i32 1" [/home/jrk/vivado/zc706/sdk/wksp1/zc706_lstm_kernels/src/krnl_lstm.cpp:94]   --->   Operation 34 'alloca' 'p_in2_3_c_i' <Predicate = true> <Delay = 0.00> <CoreInst = "FIFO_SRL">   --->   Core 81 'FIFO_SRL' <Latency = 0> <II = 1> <Delay = 3.40> <Storage> <Opcode : 'read' 'write' 'nbread' 'nbwrite'> <Ports = 0> <Width = 32> <Depth = 2> <FIFO>
ST_1 : Operation 35 [1/1] (0.00ns)   --->   "%p_in2_2_c_i = alloca i32 1" [/home/jrk/vivado/zc706/sdk/wksp1/zc706_lstm_kernels/src/krnl_lstm.cpp:94]   --->   Operation 35 'alloca' 'p_in2_2_c_i' <Predicate = true> <Delay = 0.00> <CoreInst = "FIFO_SRL">   --->   Core 81 'FIFO_SRL' <Latency = 0> <II = 1> <Delay = 3.40> <Storage> <Opcode : 'read' 'write' 'nbread' 'nbwrite'> <Ports = 0> <Width = 32> <Depth = 2> <FIFO>
ST_1 : Operation 36 [1/1] (0.00ns)   --->   "%p_in2_1_c_i = alloca i32 1" [/home/jrk/vivado/zc706/sdk/wksp1/zc706_lstm_kernels/src/krnl_lstm.cpp:94]   --->   Operation 36 'alloca' 'p_in2_1_c_i' <Predicate = true> <Delay = 0.00> <CoreInst = "FIFO_SRL">   --->   Core 81 'FIFO_SRL' <Latency = 0> <II = 1> <Delay = 3.40> <Storage> <Opcode : 'read' 'write' 'nbread' 'nbwrite'> <Ports = 0> <Width = 32> <Depth = 2> <FIFO>
ST_1 : Operation 37 [1/1] (0.00ns)   --->   "%p_in2_0_c_i = alloca i32 1" [/home/jrk/vivado/zc706/sdk/wksp1/zc706_lstm_kernels/src/krnl_lstm.cpp:94]   --->   Operation 37 'alloca' 'p_in2_0_c_i' <Predicate = true> <Delay = 0.00> <CoreInst = "FIFO_SRL">   --->   Core 81 'FIFO_SRL' <Latency = 0> <II = 1> <Delay = 3.40> <Storage> <Opcode : 'read' 'write' 'nbread' 'nbwrite'> <Ports = 0> <Width = 32> <Depth = 2> <FIFO>
ST_1 : Operation 38 [1/1] (0.00ns)   --->   "%p_in1_offset_c_i = alloca i32 1" [/home/jrk/vivado/zc706/sdk/wksp1/zc706_lstm_kernels/src/krnl_lstm.cpp:102]   --->   Operation 38 'alloca' 'p_in1_offset_c_i' <Predicate = true> <Delay = 0.00> <CoreInst = "FIFO_SRL">   --->   Core 81 'FIFO_SRL' <Latency = 0> <II = 1> <Delay = 3.40> <Storage> <Opcode : 'read' 'write' 'nbread' 'nbwrite'> <Ports = 0> <Width = 6> <Depth = 2> <FIFO>
ST_1 : Operation 39 [1/1] (0.00ns)   --->   "%str_in1 = alloca i32 1" [/home/jrk/vivado/zc706/sdk/wksp1/zc706_lstm_kernels/src/krnl_lstm.cpp:97]   --->   Operation 39 'alloca' 'str_in1' <Predicate = true> <Delay = 0.00> <CoreInst = "FIFO_SRL">   --->   Core 81 'FIFO_SRL' <Latency = 0> <II = 1> <Delay = 3.40> <Storage> <Opcode : 'read' 'write' 'nbread' 'nbwrite'> <Ports = 0> <Width = 1024> <Depth = 2> <FIFO>
ST_1 : Operation 40 [1/1] (0.00ns)   --->   "%str_in2 = alloca i32 1" [/home/jrk/vivado/zc706/sdk/wksp1/zc706_lstm_kernels/src/krnl_lstm.cpp:98]   --->   Operation 40 'alloca' 'str_in2' <Predicate = true> <Delay = 0.00> <CoreInst = "FIFO_SRL">   --->   Core 81 'FIFO_SRL' <Latency = 0> <II = 1> <Delay = 3.40> <Storage> <Opcode : 'read' 'write' 'nbread' 'nbwrite'> <Ports = 0> <Width = 1024> <Depth = 2> <FIFO>
ST_1 : Operation 41 [1/1] (0.00ns)   --->   "%call_ln102 = call void @krnl_dot41.entry117, i6 %p_in1_offset, i32 %p_in2_0, i32 %p_in2_1, i32 %p_in2_2, i32 %p_in2_3, i32 %p_in2_4, i32 %p_in2_5, i32 %p_in2_6, i32 %p_in2_7, i32 %p_in2_8, i32 %p_in2_9, i32 %p_in2_10, i32 %p_in2_11, i32 %p_in2_12, i32 %p_in2_13, i32 %p_in2_14, i32 %p_in2_15, i32 %p_in2_16, i32 %p_in2_17, i32 %p_in2_18, i32 %p_in2_19, i32 %p_in2_20, i32 %p_in2_21, i32 %p_in2_22, i32 %p_in2_23, i32 %p_in2_24, i32 %p_in2_25, i32 %p_in2_26, i32 %p_in2_27, i32 %p_in2_28, i32 %p_in2_29, i32 %p_in2_30, i32 %p_in2_31, i6 %p_in1_offset_c_i, i32 %p_in2_0_c_i, i32 %p_in2_1_c_i, i32 %p_in2_2_c_i, i32 %p_in2_3_c_i, i32 %p_in2_4_c_i, i32 %p_in2_5_c_i, i32 %p_in2_6_c_i, i32 %p_in2_7_c_i, i32 %p_in2_8_c_i, i32 %p_in2_9_c_i, i32 %p_in2_10_c_i, i32 %p_in2_11_c_i, i32 %p_in2_12_c_i, i32 %p_in2_13_c_i, i32 %p_in2_14_c_i, i32 %p_in2_15_c_i, i32 %p_in2_16_c_i, i32 %p_in2_17_c_i, i32 %p_in2_18_c_i, i32 %p_in2_19_c_i, i32 %p_in2_20_c_i, i32 %p_in2_21_c_i, i32 %p_in2_22_c_i, i32 %p_in2_23_c_i, i32 %p_in2_24_c_i, i32 %p_in2_25_c_i, i32 %p_in2_26_c_i, i32 %p_in2_27_c_i, i32 %p_in2_28_c_i, i32 %p_in2_29_c_i, i32 %p_in2_30_c_i, i32 %p_in2_31_c_i" [/home/jrk/vivado/zc706/sdk/wksp1/zc706_lstm_kernels/src/krnl_lstm.cpp:102]   --->   Operation 41 'call' 'call_ln102' <Predicate = true> <Delay = 0.00> <CoreType = "Generic">   --->   Core 0 '' <Latency = 0> <II = 1> <Delay = 1.00> <Generic> <Opcode : >

State 2 <SV = 1> <Delay = 0.00>
ST_2 : Operation 42 [2/2] (0.00ns)   --->   "%call_ln102 = call void @readVec2Stream<float, 32u>.149, i1024 %str_in1, i6 %p_in1_offset_c_i, i32 %W_hf_0, i32 %W_hf_1, i32 %W_hf_2, i32 %W_hf_3, i32 %W_hf_4, i32 %W_hf_5, i32 %W_hf_6, i32 %W_hf_7, i32 %W_hf_8, i32 %W_hf_9, i32 %W_hf_10, i32 %W_hf_11, i32 %W_hf_12, i32 %W_hf_13, i32 %W_hf_14, i32 %W_hf_15, i32 %W_hf_16, i32 %W_hf_17, i32 %W_hf_18, i32 %W_hf_19, i32 %W_hf_20, i32 %W_hf_21, i32 %W_hf_22, i32 %W_hf_23, i32 %W_hf_24, i32 %W_hf_25, i32 %W_hf_26, i32 %W_hf_27, i32 %W_hf_28, i32 %W_hf_29, i32 %W_hf_30, i32 %W_hf_31" [/home/jrk/vivado/zc706/sdk/wksp1/zc706_lstm_kernels/src/krnl_lstm.cpp:102]   --->   Operation 42 'call' 'call_ln102' <Predicate = true> <Delay = 0.00> <CoreType = "Generic">   --->   Core 0 '' <Latency = 0> <II = 1> <Delay = 1.00> <Generic> <Opcode : >

State 3 <SV = 2> <Delay = 0.00>
ST_3 : Operation 43 [1/2] (0.00ns)   --->   "%call_ln102 = call void @readVec2Stream<float, 32u>.149, i1024 %str_in1, i6 %p_in1_offset_c_i, i32 %W_hf_0, i32 %W_hf_1, i32 %W_hf_2, i32 %W_hf_3, i32 %W_hf_4, i32 %W_hf_5, i32 %W_hf_6, i32 %W_hf_7, i32 %W_hf_8, i32 %W_hf_9, i32 %W_hf_10, i32 %W_hf_11, i32 %W_hf_12, i32 %W_hf_13, i32 %W_hf_14, i32 %W_hf_15, i32 %W_hf_16, i32 %W_hf_17, i32 %W_hf_18, i32 %W_hf_19, i32 %W_hf_20, i32 %W_hf_21, i32 %W_hf_22, i32 %W_hf_23, i32 %W_hf_24, i32 %W_hf_25, i32 %W_hf_26, i32 %W_hf_27, i32 %W_hf_28, i32 %W_hf_29, i32 %W_hf_30, i32 %W_hf_31" [/home/jrk/vivado/zc706/sdk/wksp1/zc706_lstm_kernels/src/krnl_lstm.cpp:102]   --->   Operation 43 'call' 'call_ln102' <Predicate = true> <Delay = 0.00> <CoreType = "Generic">   --->   Core 0 '' <Latency = 0> <II = 1> <Delay = 1.00> <Generic> <Opcode : >
ST_3 : Operation 44 [1/1] (0.00ns)   --->   "%call_ln103 = call void @readVec2Stream<float, 32u>3950, i1024 %str_in2, i32 %p_in2_0_c_i, i32 %p_in2_1_c_i, i32 %p_in2_2_c_i, i32 %p_in2_3_c_i, i32 %p_in2_4_c_i, i32 %p_in2_5_c_i, i32 %p_in2_6_c_i, i32 %p_in2_7_c_i, i32 %p_in2_8_c_i, i32 %p_in2_9_c_i, i32 %p_in2_10_c_i, i32 %p_in2_11_c_i, i32 %p_in2_12_c_i, i32 %p_in2_13_c_i, i32 %p_in2_14_c_i, i32 %p_in2_15_c_i, i32 %p_in2_16_c_i, i32 %p_in2_17_c_i, i32 %p_in2_18_c_i, i32 %p_in2_19_c_i, i32 %p_in2_20_c_i, i32 %p_in2_21_c_i, i32 %p_in2_22_c_i, i32 %p_in2_23_c_i, i32 %p_in2_24_c_i, i32 %p_in2_25_c_i, i32 %p_in2_26_c_i, i32 %p_in2_27_c_i, i32 %p_in2_28_c_i, i32 %p_in2_29_c_i, i32 %p_in2_30_c_i, i32 %p_in2_31_c_i" [/home/jrk/vivado/zc706/sdk/wksp1/zc706_lstm_kernels/src/krnl_lstm.cpp:103]   --->   Operation 44 'call' 'call_ln103' <Predicate = true> <Delay = 0.00> <CoreType = "Generic">   --->   Core 0 '' <Latency = 0> <II = 1> <Delay = 1.00> <Generic> <Opcode : >

State 4 <SV = 3> <Delay = 0.00>
ST_4 : Operation 45 [2/2] (0.00ns)   --->   "%call_ln104 = call void @dot<float, 5u, unsigned int>4051, i1024 %str_in1, i1024 %str_in2, i32 %p_output" [/home/jrk/vivado/zc706/sdk/wksp1/zc706_lstm_kernels/src/krnl_lstm.cpp:104]   --->   Operation 45 'call' 'call_ln104' <Predicate = true> <Delay = 0.00> <CoreType = "Generic">   --->   Core 0 '' <Latency = 0> <II = 1> <Delay = 1.00> <Generic> <Opcode : >

State 5 <SV = 4> <Delay = 0.00>
ST_5 : Operation 46 [1/1] (0.00ns)   --->   "%specinterface_ln0 = specinterface void @_ssdm_op_SpecInterface, i6 %p_in1_offset, void @ap_fifo_str, i32 0, i32 0, void @p_str, i32 0, i32 0, void @p_str, void @p_str, void @p_str, i32 2, i32 2, i32 16, i32 16, void @p_str, void @ScalarProp_str"   --->   Operation 46 'specinterface' 'specinterface_ln0' <Predicate = true> <Delay = 0.00>
ST_5 : Operation 47 [1/1] (0.00ns)   --->   "%specinterface_ln0 = specinterface void @_ssdm_op_SpecInterface, i32 %p_in2_0, void @ap_fifo_str, i32 0, i32 0, void @p_str, i32 0, i32 0, void @p_str, void @p_str, void @p_str, i32 2, i32 2, i32 16, i32 16, void @p_str, void @ScalarProp_str"   --->   Operation 47 'specinterface' 'specinterface_ln0' <Predicate = true> <Delay = 0.00>
ST_5 : Operation 48 [1/1] (0.00ns)   --->   "%specinterface_ln0 = specinterface void @_ssdm_op_SpecInterface, i32 %p_in2_1, void @ap_fifo_str, i32 0, i32 0, void @p_str, i32 0, i32 0, void @p_str, void @p_str, void @p_str, i32 2, i32 2, i32 16, i32 16, void @p_str, void @ScalarProp_str"   --->   Operation 48 'specinterface' 'specinterface_ln0' <Predicate = true> <Delay = 0.00>
ST_5 : Operation 49 [1/1] (0.00ns)   --->   "%specinterface_ln0 = specinterface void @_ssdm_op_SpecInterface, i32 %p_in2_2, void @ap_fifo_str, i32 0, i32 0, void @p_str, i32 0, i32 0, void @p_str, void @p_str, void @p_str, i32 2, i32 2, i32 16, i32 16, void @p_str, void @ScalarProp_str"   --->   Operation 49 'specinterface' 'specinterface_ln0' <Predicate = true> <Delay = 0.00>
ST_5 : Operation 50 [1/1] (0.00ns)   --->   "%specinterface_ln0 = specinterface void @_ssdm_op_SpecInterface, i32 %p_in2_3, void @ap_fifo_str, i32 0, i32 0, void @p_str, i32 0, i32 0, void @p_str, void @p_str, void @p_str, i32 2, i32 2, i32 16, i32 16, void @p_str, void @ScalarProp_str"   --->   Operation 50 'specinterface' 'specinterface_ln0' <Predicate = true> <Delay = 0.00>
ST_5 : Operation 51 [1/1] (0.00ns)   --->   "%specinterface_ln0 = specinterface void @_ssdm_op_SpecInterface, i32 %p_in2_4, void @ap_fifo_str, i32 0, i32 0, void @p_str, i32 0, i32 0, void @p_str, void @p_str, void @p_str, i32 2, i32 2, i32 16, i32 16, void @p_str, void @ScalarProp_str"   --->   Operation 51 'specinterface' 'specinterface_ln0' <Predicate = true> <Delay = 0.00>
ST_5 : Operation 52 [1/1] (0.00ns)   --->   "%specinterface_ln0 = specinterface void @_ssdm_op_SpecInterface, i32 %p_in2_5, void @ap_fifo_str, i32 0, i32 0, void @p_str, i32 0, i32 0, void @p_str, void @p_str, void @p_str, i32 2, i32 2, i32 16, i32 16, void @p_str, void @ScalarProp_str"   --->   Operation 52 'specinterface' 'specinterface_ln0' <Predicate = true> <Delay = 0.00>
ST_5 : Operation 53 [1/1] (0.00ns)   --->   "%specinterface_ln0 = specinterface void @_ssdm_op_SpecInterface, i32 %p_in2_6, void @ap_fifo_str, i32 0, i32 0, void @p_str, i32 0, i32 0, void @p_str, void @p_str, void @p_str, i32 2, i32 2, i32 16, i32 16, void @p_str, void @ScalarProp_str"   --->   Operation 53 'specinterface' 'specinterface_ln0' <Predicate = true> <Delay = 0.00>
ST_5 : Operation 54 [1/1] (0.00ns)   --->   "%specinterface_ln0 = specinterface void @_ssdm_op_SpecInterface, i32 %p_in2_7, void @ap_fifo_str, i32 0, i32 0, void @p_str, i32 0, i32 0, void @p_str, void @p_str, void @p_str, i32 2, i32 2, i32 16, i32 16, void @p_str, void @ScalarProp_str"   --->   Operation 54 'specinterface' 'specinterface_ln0' <Predicate = true> <Delay = 0.00>
ST_5 : Operation 55 [1/1] (0.00ns)   --->   "%specinterface_ln0 = specinterface void @_ssdm_op_SpecInterface, i32 %p_in2_8, void @ap_fifo_str, i32 0, i32 0, void @p_str, i32 0, i32 0, void @p_str, void @p_str, void @p_str, i32 2, i32 2, i32 16, i32 16, void @p_str, void @ScalarProp_str"   --->   Operation 55 'specinterface' 'specinterface_ln0' <Predicate = true> <Delay = 0.00>
ST_5 : Operation 56 [1/1] (0.00ns)   --->   "%specinterface_ln0 = specinterface void @_ssdm_op_SpecInterface, i32 %p_in2_9, void @ap_fifo_str, i32 0, i32 0, void @p_str, i32 0, i32 0, void @p_str, void @p_str, void @p_str, i32 2, i32 2, i32 16, i32 16, void @p_str, void @ScalarProp_str"   --->   Operation 56 'specinterface' 'specinterface_ln0' <Predicate = true> <Delay = 0.00>
ST_5 : Operation 57 [1/1] (0.00ns)   --->   "%specinterface_ln0 = specinterface void @_ssdm_op_SpecInterface, i32 %p_in2_10, void @ap_fifo_str, i32 0, i32 0, void @p_str, i32 0, i32 0, void @p_str, void @p_str, void @p_str, i32 2, i32 2, i32 16, i32 16, void @p_str, void @ScalarProp_str"   --->   Operation 57 'specinterface' 'specinterface_ln0' <Predicate = true> <Delay = 0.00>
ST_5 : Operation 58 [1/1] (0.00ns)   --->   "%specinterface_ln0 = specinterface void @_ssdm_op_SpecInterface, i32 %p_in2_11, void @ap_fifo_str, i32 0, i32 0, void @p_str, i32 0, i32 0, void @p_str, void @p_str, void @p_str, i32 2, i32 2, i32 16, i32 16, void @p_str, void @ScalarProp_str"   --->   Operation 58 'specinterface' 'specinterface_ln0' <Predicate = true> <Delay = 0.00>
ST_5 : Operation 59 [1/1] (0.00ns)   --->   "%specinterface_ln0 = specinterface void @_ssdm_op_SpecInterface, i32 %p_in2_12, void @ap_fifo_str, i32 0, i32 0, void @p_str, i32 0, i32 0, void @p_str, void @p_str, void @p_str, i32 2, i32 2, i32 16, i32 16, void @p_str, void @ScalarProp_str"   --->   Operation 59 'specinterface' 'specinterface_ln0' <Predicate = true> <Delay = 0.00>
ST_5 : Operation 60 [1/1] (0.00ns)   --->   "%specinterface_ln0 = specinterface void @_ssdm_op_SpecInterface, i32 %p_in2_13, void @ap_fifo_str, i32 0, i32 0, void @p_str, i32 0, i32 0, void @p_str, void @p_str, void @p_str, i32 2, i32 2, i32 16, i32 16, void @p_str, void @ScalarProp_str"   --->   Operation 60 'specinterface' 'specinterface_ln0' <Predicate = true> <Delay = 0.00>
ST_5 : Operation 61 [1/1] (0.00ns)   --->   "%specinterface_ln0 = specinterface void @_ssdm_op_SpecInterface, i32 %p_in2_14, void @ap_fifo_str, i32 0, i32 0, void @p_str, i32 0, i32 0, void @p_str, void @p_str, void @p_str, i32 2, i32 2, i32 16, i32 16, void @p_str, void @ScalarProp_str"   --->   Operation 61 'specinterface' 'specinterface_ln0' <Predicate = true> <Delay = 0.00>
ST_5 : Operation 62 [1/1] (0.00ns)   --->   "%specinterface_ln0 = specinterface void @_ssdm_op_SpecInterface, i32 %p_in2_15, void @ap_fifo_str, i32 0, i32 0, void @p_str, i32 0, i32 0, void @p_str, void @p_str, void @p_str, i32 2, i32 2, i32 16, i32 16, void @p_str, void @ScalarProp_str"   --->   Operation 62 'specinterface' 'specinterface_ln0' <Predicate = true> <Delay = 0.00>
ST_5 : Operation 63 [1/1] (0.00ns)   --->   "%specinterface_ln0 = specinterface void @_ssdm_op_SpecInterface, i32 %p_in2_16, void @ap_fifo_str, i32 0, i32 0, void @p_str, i32 0, i32 0, void @p_str, void @p_str, void @p_str, i32 2, i32 2, i32 16, i32 16, void @p_str, void @ScalarProp_str"   --->   Operation 63 'specinterface' 'specinterface_ln0' <Predicate = true> <Delay = 0.00>
ST_5 : Operation 64 [1/1] (0.00ns)   --->   "%specinterface_ln0 = specinterface void @_ssdm_op_SpecInterface, i32 %p_in2_17, void @ap_fifo_str, i32 0, i32 0, void @p_str, i32 0, i32 0, void @p_str, void @p_str, void @p_str, i32 2, i32 2, i32 16, i32 16, void @p_str, void @ScalarProp_str"   --->   Operation 64 'specinterface' 'specinterface_ln0' <Predicate = true> <Delay = 0.00>
ST_5 : Operation 65 [1/1] (0.00ns)   --->   "%specinterface_ln0 = specinterface void @_ssdm_op_SpecInterface, i32 %p_in2_18, void @ap_fifo_str, i32 0, i32 0, void @p_str, i32 0, i32 0, void @p_str, void @p_str, void @p_str, i32 2, i32 2, i32 16, i32 16, void @p_str, void @ScalarProp_str"   --->   Operation 65 'specinterface' 'specinterface_ln0' <Predicate = true> <Delay = 0.00>
ST_5 : Operation 66 [1/1] (0.00ns)   --->   "%specinterface_ln0 = specinterface void @_ssdm_op_SpecInterface, i32 %p_in2_19, void @ap_fifo_str, i32 0, i32 0, void @p_str, i32 0, i32 0, void @p_str, void @p_str, void @p_str, i32 2, i32 2, i32 16, i32 16, void @p_str, void @ScalarProp_str"   --->   Operation 66 'specinterface' 'specinterface_ln0' <Predicate = true> <Delay = 0.00>
ST_5 : Operation 67 [1/1] (0.00ns)   --->   "%specinterface_ln0 = specinterface void @_ssdm_op_SpecInterface, i32 %p_in2_20, void @ap_fifo_str, i32 0, i32 0, void @p_str, i32 0, i32 0, void @p_str, void @p_str, void @p_str, i32 2, i32 2, i32 16, i32 16, void @p_str, void @ScalarProp_str"   --->   Operation 67 'specinterface' 'specinterface_ln0' <Predicate = true> <Delay = 0.00>
ST_5 : Operation 68 [1/1] (0.00ns)   --->   "%specinterface_ln0 = specinterface void @_ssdm_op_SpecInterface, i32 %p_in2_21, void @ap_fifo_str, i32 0, i32 0, void @p_str, i32 0, i32 0, void @p_str, void @p_str, void @p_str, i32 2, i32 2, i32 16, i32 16, void @p_str, void @ScalarProp_str"   --->   Operation 68 'specinterface' 'specinterface_ln0' <Predicate = true> <Delay = 0.00>
ST_5 : Operation 69 [1/1] (0.00ns)   --->   "%specinterface_ln0 = specinterface void @_ssdm_op_SpecInterface, i32 %p_in2_22, void @ap_fifo_str, i32 0, i32 0, void @p_str, i32 0, i32 0, void @p_str, void @p_str, void @p_str, i32 2, i32 2, i32 16, i32 16, void @p_str, void @ScalarProp_str"   --->   Operation 69 'specinterface' 'specinterface_ln0' <Predicate = true> <Delay = 0.00>
ST_5 : Operation 70 [1/1] (0.00ns)   --->   "%specinterface_ln0 = specinterface void @_ssdm_op_SpecInterface, i32 %p_in2_23, void @ap_fifo_str, i32 0, i32 0, void @p_str, i32 0, i32 0, void @p_str, void @p_str, void @p_str, i32 2, i32 2, i32 16, i32 16, void @p_str, void @ScalarProp_str"   --->   Operation 70 'specinterface' 'specinterface_ln0' <Predicate = true> <Delay = 0.00>
ST_5 : Operation 71 [1/1] (0.00ns)   --->   "%specinterface_ln0 = specinterface void @_ssdm_op_SpecInterface, i32 %p_in2_24, void @ap_fifo_str, i32 0, i32 0, void @p_str, i32 0, i32 0, void @p_str, void @p_str, void @p_str, i32 2, i32 2, i32 16, i32 16, void @p_str, void @ScalarProp_str"   --->   Operation 71 'specinterface' 'specinterface_ln0' <Predicate = true> <Delay = 0.00>
ST_5 : Operation 72 [1/1] (0.00ns)   --->   "%specinterface_ln0 = specinterface void @_ssdm_op_SpecInterface, i32 %p_in2_25, void @ap_fifo_str, i32 0, i32 0, void @p_str, i32 0, i32 0, void @p_str, void @p_str, void @p_str, i32 2, i32 2, i32 16, i32 16, void @p_str, void @ScalarProp_str"   --->   Operation 72 'specinterface' 'specinterface_ln0' <Predicate = true> <Delay = 0.00>
ST_5 : Operation 73 [1/1] (0.00ns)   --->   "%specinterface_ln0 = specinterface void @_ssdm_op_SpecInterface, i32 %p_in2_26, void @ap_fifo_str, i32 0, i32 0, void @p_str, i32 0, i32 0, void @p_str, void @p_str, void @p_str, i32 2, i32 2, i32 16, i32 16, void @p_str, void @ScalarProp_str"   --->   Operation 73 'specinterface' 'specinterface_ln0' <Predicate = true> <Delay = 0.00>
ST_5 : Operation 74 [1/1] (0.00ns)   --->   "%specinterface_ln0 = specinterface void @_ssdm_op_SpecInterface, i32 %p_in2_27, void @ap_fifo_str, i32 0, i32 0, void @p_str, i32 0, i32 0, void @p_str, void @p_str, void @p_str, i32 2, i32 2, i32 16, i32 16, void @p_str, void @ScalarProp_str"   --->   Operation 74 'specinterface' 'specinterface_ln0' <Predicate = true> <Delay = 0.00>
ST_5 : Operation 75 [1/1] (0.00ns)   --->   "%specinterface_ln0 = specinterface void @_ssdm_op_SpecInterface, i32 %p_in2_28, void @ap_fifo_str, i32 0, i32 0, void @p_str, i32 0, i32 0, void @p_str, void @p_str, void @p_str, i32 2, i32 2, i32 16, i32 16, void @p_str, void @ScalarProp_str"   --->   Operation 75 'specinterface' 'specinterface_ln0' <Predicate = true> <Delay = 0.00>
ST_5 : Operation 76 [1/1] (0.00ns)   --->   "%specinterface_ln0 = specinterface void @_ssdm_op_SpecInterface, i32 %p_in2_29, void @ap_fifo_str, i32 0, i32 0, void @p_str, i32 0, i32 0, void @p_str, void @p_str, void @p_str, i32 2, i32 2, i32 16, i32 16, void @p_str, void @ScalarProp_str"   --->   Operation 76 'specinterface' 'specinterface_ln0' <Predicate = true> <Delay = 0.00>
ST_5 : Operation 77 [1/1] (0.00ns)   --->   "%specinterface_ln0 = specinterface void @_ssdm_op_SpecInterface, i32 %p_in2_30, void @ap_fifo_str, i32 0, i32 0, void @p_str, i32 0, i32 0, void @p_str, void @p_str, void @p_str, i32 2, i32 2, i32 16, i32 16, void @p_str, void @ScalarProp_str"   --->   Operation 77 'specinterface' 'specinterface_ln0' <Predicate = true> <Delay = 0.00>
ST_5 : Operation 78 [1/1] (0.00ns)   --->   "%specinterface_ln0 = specinterface void @_ssdm_op_SpecInterface, i32 %p_in2_31, void @ap_fifo_str, i32 0, i32 0, void @p_str, i32 0, i32 0, void @p_str, void @p_str, void @p_str, i32 2, i32 2, i32 16, i32 16, void @p_str, void @ScalarProp_str"   --->   Operation 78 'specinterface' 'specinterface_ln0' <Predicate = true> <Delay = 0.00>
ST_5 : Operation 79 [1/1] (0.00ns)   --->   "%specdataflowpipeline_ln0 = specdataflowpipeline void @_ssdm_op_SpecDataflowPipeline, i32 4294967295, i32 0, void @empty_1"   --->   Operation 79 'specdataflowpipeline' 'specdataflowpipeline_ln0' <Predicate = true> <Delay = 0.00>
ST_5 : Operation 80 [1/1] (0.00ns)   --->   "%empty = specchannel i32 @_ssdm_op_SpecChannel, void @str_in1_str, i32 1, void @p_str, void @p_str, i32 2, i32 2, i1024 %str_in1, i1024 %str_in1"   --->   Operation 80 'specchannel' 'empty' <Predicate = true> <Delay = 0.00>
ST_5 : Operation 81 [1/1] (0.00ns)   --->   "%specinterface_ln0 = specinterface void @_ssdm_op_SpecInterface, i1024 %str_in1, void @empty_5, i32 0, i32 0, void @empty_1, i32 0, i32 0, void @empty_1, void @empty_1, void @empty_1, i32 0, i32 0, i32 0, i32 0, void @empty_1, void @empty_1"   --->   Operation 81 'specinterface' 'specinterface_ln0' <Predicate = true> <Delay = 0.00>
ST_5 : Operation 82 [1/1] (0.00ns)   --->   "%empty_218 = specchannel i32 @_ssdm_op_SpecChannel, void @str_in2_str, i32 1, void @p_str, void @p_str, i32 2, i32 2, i1024 %str_in2, i1024 %str_in2"   --->   Operation 82 'specchannel' 'empty_218' <Predicate = true> <Delay = 0.00>
ST_5 : Operation 83 [1/1] (0.00ns)   --->   "%specinterface_ln0 = specinterface void @_ssdm_op_SpecInterface, i1024 %str_in2, void @empty_5, i32 0, i32 0, void @empty_1, i32 0, i32 0, void @empty_1, void @empty_1, void @empty_1, i32 0, i32 0, i32 0, i32 0, void @empty_1, void @empty_1"   --->   Operation 83 'specinterface' 'specinterface_ln0' <Predicate = true> <Delay = 0.00>
ST_5 : Operation 84 [1/1] (0.00ns)   --->   "%empty_219 = specchannel i32 @_ssdm_op_SpecChannel, void @p_in1_OC_offset_c_str, i32 1, void @p_str, void @p_str, i32 2, i32 0, i6 %p_in1_offset_c_i, i6 %p_in1_offset_c_i" [/home/jrk/vivado/zc706/sdk/wksp1/zc706_lstm_kernels/src/krnl_lstm.cpp:102]   --->   Operation 84 'specchannel' 'empty_219' <Predicate = true> <Delay = 0.00>
ST_5 : Operation 85 [1/1] (0.00ns)   --->   "%specinterface_ln102 = specinterface void @_ssdm_op_SpecInterface, i6 %p_in1_offset_c_i, void @ap_fifo_str, i32 0, i32 0, void @p_str, i32 0, i32 0, void @p_str, void @p_str, void @p_str, i32 2, i32 2, i32 16, i32 16, void @p_str, void @p_str" [/home/jrk/vivado/zc706/sdk/wksp1/zc706_lstm_kernels/src/krnl_lstm.cpp:102]   --->   Operation 85 'specinterface' 'specinterface_ln102' <Predicate = true> <Delay = 0.00>
ST_5 : Operation 86 [1/1] (0.00ns)   --->   "%empty_220 = specchannel i32 @_ssdm_op_SpecChannel, void @p_in2_OC_0_c_str, i32 1, void @p_str, void @p_str, i32 2, i32 0, i32 %p_in2_0_c_i, i32 %p_in2_0_c_i" [/home/jrk/vivado/zc706/sdk/wksp1/zc706_lstm_kernels/src/krnl_lstm.cpp:94]   --->   Operation 86 'specchannel' 'empty_220' <Predicate = true> <Delay = 0.00>
ST_5 : Operation 87 [1/1] (0.00ns)   --->   "%specinterface_ln94 = specinterface void @_ssdm_op_SpecInterface, i32 %p_in2_0_c_i, void @ap_fifo_str, i32 0, i32 0, void @p_str, i32 0, i32 0, void @p_str, void @p_str, void @p_str, i32 2, i32 2, i32 16, i32 16, void @p_str, void @p_str" [/home/jrk/vivado/zc706/sdk/wksp1/zc706_lstm_kernels/src/krnl_lstm.cpp:94]   --->   Operation 87 'specinterface' 'specinterface_ln94' <Predicate = true> <Delay = 0.00>
ST_5 : Operation 88 [1/1] (0.00ns)   --->   "%empty_221 = specchannel i32 @_ssdm_op_SpecChannel, void @p_in2_OC_1_c_str, i32 1, void @p_str, void @p_str, i32 2, i32 0, i32 %p_in2_1_c_i, i32 %p_in2_1_c_i" [/home/jrk/vivado/zc706/sdk/wksp1/zc706_lstm_kernels/src/krnl_lstm.cpp:94]   --->   Operation 88 'specchannel' 'empty_221' <Predicate = true> <Delay = 0.00>
ST_5 : Operation 89 [1/1] (0.00ns)   --->   "%specinterface_ln94 = specinterface void @_ssdm_op_SpecInterface, i32 %p_in2_1_c_i, void @ap_fifo_str, i32 0, i32 0, void @p_str, i32 0, i32 0, void @p_str, void @p_str, void @p_str, i32 2, i32 2, i32 16, i32 16, void @p_str, void @p_str" [/home/jrk/vivado/zc706/sdk/wksp1/zc706_lstm_kernels/src/krnl_lstm.cpp:94]   --->   Operation 89 'specinterface' 'specinterface_ln94' <Predicate = true> <Delay = 0.00>
ST_5 : Operation 90 [1/1] (0.00ns)   --->   "%empty_222 = specchannel i32 @_ssdm_op_SpecChannel, void @p_in2_OC_2_c_str, i32 1, void @p_str, void @p_str, i32 2, i32 0, i32 %p_in2_2_c_i, i32 %p_in2_2_c_i" [/home/jrk/vivado/zc706/sdk/wksp1/zc706_lstm_kernels/src/krnl_lstm.cpp:94]   --->   Operation 90 'specchannel' 'empty_222' <Predicate = true> <Delay = 0.00>
ST_5 : Operation 91 [1/1] (0.00ns)   --->   "%specinterface_ln94 = specinterface void @_ssdm_op_SpecInterface, i32 %p_in2_2_c_i, void @ap_fifo_str, i32 0, i32 0, void @p_str, i32 0, i32 0, void @p_str, void @p_str, void @p_str, i32 2, i32 2, i32 16, i32 16, void @p_str, void @p_str" [/home/jrk/vivado/zc706/sdk/wksp1/zc706_lstm_kernels/src/krnl_lstm.cpp:94]   --->   Operation 91 'specinterface' 'specinterface_ln94' <Predicate = true> <Delay = 0.00>
ST_5 : Operation 92 [1/1] (0.00ns)   --->   "%empty_223 = specchannel i32 @_ssdm_op_SpecChannel, void @p_in2_OC_3_c_str, i32 1, void @p_str, void @p_str, i32 2, i32 0, i32 %p_in2_3_c_i, i32 %p_in2_3_c_i" [/home/jrk/vivado/zc706/sdk/wksp1/zc706_lstm_kernels/src/krnl_lstm.cpp:94]   --->   Operation 92 'specchannel' 'empty_223' <Predicate = true> <Delay = 0.00>
ST_5 : Operation 93 [1/1] (0.00ns)   --->   "%specinterface_ln94 = specinterface void @_ssdm_op_SpecInterface, i32 %p_in2_3_c_i, void @ap_fifo_str, i32 0, i32 0, void @p_str, i32 0, i32 0, void @p_str, void @p_str, void @p_str, i32 2, i32 2, i32 16, i32 16, void @p_str, void @p_str" [/home/jrk/vivado/zc706/sdk/wksp1/zc706_lstm_kernels/src/krnl_lstm.cpp:94]   --->   Operation 93 'specinterface' 'specinterface_ln94' <Predicate = true> <Delay = 0.00>
ST_5 : Operation 94 [1/1] (0.00ns)   --->   "%empty_224 = specchannel i32 @_ssdm_op_SpecChannel, void @p_in2_OC_4_c_str, i32 1, void @p_str, void @p_str, i32 2, i32 0, i32 %p_in2_4_c_i, i32 %p_in2_4_c_i" [/home/jrk/vivado/zc706/sdk/wksp1/zc706_lstm_kernels/src/krnl_lstm.cpp:94]   --->   Operation 94 'specchannel' 'empty_224' <Predicate = true> <Delay = 0.00>
ST_5 : Operation 95 [1/1] (0.00ns)   --->   "%specinterface_ln94 = specinterface void @_ssdm_op_SpecInterface, i32 %p_in2_4_c_i, void @ap_fifo_str, i32 0, i32 0, void @p_str, i32 0, i32 0, void @p_str, void @p_str, void @p_str, i32 2, i32 2, i32 16, i32 16, void @p_str, void @p_str" [/home/jrk/vivado/zc706/sdk/wksp1/zc706_lstm_kernels/src/krnl_lstm.cpp:94]   --->   Operation 95 'specinterface' 'specinterface_ln94' <Predicate = true> <Delay = 0.00>
ST_5 : Operation 96 [1/1] (0.00ns)   --->   "%empty_225 = specchannel i32 @_ssdm_op_SpecChannel, void @p_in2_OC_5_c_str, i32 1, void @p_str, void @p_str, i32 2, i32 0, i32 %p_in2_5_c_i, i32 %p_in2_5_c_i" [/home/jrk/vivado/zc706/sdk/wksp1/zc706_lstm_kernels/src/krnl_lstm.cpp:94]   --->   Operation 96 'specchannel' 'empty_225' <Predicate = true> <Delay = 0.00>
ST_5 : Operation 97 [1/1] (0.00ns)   --->   "%specinterface_ln94 = specinterface void @_ssdm_op_SpecInterface, i32 %p_in2_5_c_i, void @ap_fifo_str, i32 0, i32 0, void @p_str, i32 0, i32 0, void @p_str, void @p_str, void @p_str, i32 2, i32 2, i32 16, i32 16, void @p_str, void @p_str" [/home/jrk/vivado/zc706/sdk/wksp1/zc706_lstm_kernels/src/krnl_lstm.cpp:94]   --->   Operation 97 'specinterface' 'specinterface_ln94' <Predicate = true> <Delay = 0.00>
ST_5 : Operation 98 [1/1] (0.00ns)   --->   "%empty_226 = specchannel i32 @_ssdm_op_SpecChannel, void @p_in2_OC_6_c_str, i32 1, void @p_str, void @p_str, i32 2, i32 0, i32 %p_in2_6_c_i, i32 %p_in2_6_c_i" [/home/jrk/vivado/zc706/sdk/wksp1/zc706_lstm_kernels/src/krnl_lstm.cpp:94]   --->   Operation 98 'specchannel' 'empty_226' <Predicate = true> <Delay = 0.00>
ST_5 : Operation 99 [1/1] (0.00ns)   --->   "%specinterface_ln94 = specinterface void @_ssdm_op_SpecInterface, i32 %p_in2_6_c_i, void @ap_fifo_str, i32 0, i32 0, void @p_str, i32 0, i32 0, void @p_str, void @p_str, void @p_str, i32 2, i32 2, i32 16, i32 16, void @p_str, void @p_str" [/home/jrk/vivado/zc706/sdk/wksp1/zc706_lstm_kernels/src/krnl_lstm.cpp:94]   --->   Operation 99 'specinterface' 'specinterface_ln94' <Predicate = true> <Delay = 0.00>
ST_5 : Operation 100 [1/1] (0.00ns)   --->   "%empty_227 = specchannel i32 @_ssdm_op_SpecChannel, void @p_in2_OC_7_c_str, i32 1, void @p_str, void @p_str, i32 2, i32 0, i32 %p_in2_7_c_i, i32 %p_in2_7_c_i" [/home/jrk/vivado/zc706/sdk/wksp1/zc706_lstm_kernels/src/krnl_lstm.cpp:94]   --->   Operation 100 'specchannel' 'empty_227' <Predicate = true> <Delay = 0.00>
ST_5 : Operation 101 [1/1] (0.00ns)   --->   "%specinterface_ln94 = specinterface void @_ssdm_op_SpecInterface, i32 %p_in2_7_c_i, void @ap_fifo_str, i32 0, i32 0, void @p_str, i32 0, i32 0, void @p_str, void @p_str, void @p_str, i32 2, i32 2, i32 16, i32 16, void @p_str, void @p_str" [/home/jrk/vivado/zc706/sdk/wksp1/zc706_lstm_kernels/src/krnl_lstm.cpp:94]   --->   Operation 101 'specinterface' 'specinterface_ln94' <Predicate = true> <Delay = 0.00>
ST_5 : Operation 102 [1/1] (0.00ns)   --->   "%empty_228 = specchannel i32 @_ssdm_op_SpecChannel, void @p_in2_OC_8_c_str, i32 1, void @p_str, void @p_str, i32 2, i32 0, i32 %p_in2_8_c_i, i32 %p_in2_8_c_i" [/home/jrk/vivado/zc706/sdk/wksp1/zc706_lstm_kernels/src/krnl_lstm.cpp:94]   --->   Operation 102 'specchannel' 'empty_228' <Predicate = true> <Delay = 0.00>
ST_5 : Operation 103 [1/1] (0.00ns)   --->   "%specinterface_ln94 = specinterface void @_ssdm_op_SpecInterface, i32 %p_in2_8_c_i, void @ap_fifo_str, i32 0, i32 0, void @p_str, i32 0, i32 0, void @p_str, void @p_str, void @p_str, i32 2, i32 2, i32 16, i32 16, void @p_str, void @p_str" [/home/jrk/vivado/zc706/sdk/wksp1/zc706_lstm_kernels/src/krnl_lstm.cpp:94]   --->   Operation 103 'specinterface' 'specinterface_ln94' <Predicate = true> <Delay = 0.00>
ST_5 : Operation 104 [1/1] (0.00ns)   --->   "%empty_229 = specchannel i32 @_ssdm_op_SpecChannel, void @p_in2_OC_9_c_str, i32 1, void @p_str, void @p_str, i32 2, i32 0, i32 %p_in2_9_c_i, i32 %p_in2_9_c_i" [/home/jrk/vivado/zc706/sdk/wksp1/zc706_lstm_kernels/src/krnl_lstm.cpp:94]   --->   Operation 104 'specchannel' 'empty_229' <Predicate = true> <Delay = 0.00>
ST_5 : Operation 105 [1/1] (0.00ns)   --->   "%specinterface_ln94 = specinterface void @_ssdm_op_SpecInterface, i32 %p_in2_9_c_i, void @ap_fifo_str, i32 0, i32 0, void @p_str, i32 0, i32 0, void @p_str, void @p_str, void @p_str, i32 2, i32 2, i32 16, i32 16, void @p_str, void @p_str" [/home/jrk/vivado/zc706/sdk/wksp1/zc706_lstm_kernels/src/krnl_lstm.cpp:94]   --->   Operation 105 'specinterface' 'specinterface_ln94' <Predicate = true> <Delay = 0.00>
ST_5 : Operation 106 [1/1] (0.00ns)   --->   "%empty_230 = specchannel i32 @_ssdm_op_SpecChannel, void @p_in2_OC_10_c_str, i32 1, void @p_str, void @p_str, i32 2, i32 0, i32 %p_in2_10_c_i, i32 %p_in2_10_c_i" [/home/jrk/vivado/zc706/sdk/wksp1/zc706_lstm_kernels/src/krnl_lstm.cpp:94]   --->   Operation 106 'specchannel' 'empty_230' <Predicate = true> <Delay = 0.00>
ST_5 : Operation 107 [1/1] (0.00ns)   --->   "%specinterface_ln94 = specinterface void @_ssdm_op_SpecInterface, i32 %p_in2_10_c_i, void @ap_fifo_str, i32 0, i32 0, void @p_str, i32 0, i32 0, void @p_str, void @p_str, void @p_str, i32 2, i32 2, i32 16, i32 16, void @p_str, void @p_str" [/home/jrk/vivado/zc706/sdk/wksp1/zc706_lstm_kernels/src/krnl_lstm.cpp:94]   --->   Operation 107 'specinterface' 'specinterface_ln94' <Predicate = true> <Delay = 0.00>
ST_5 : Operation 108 [1/1] (0.00ns)   --->   "%empty_231 = specchannel i32 @_ssdm_op_SpecChannel, void @p_in2_OC_11_c_str, i32 1, void @p_str, void @p_str, i32 2, i32 0, i32 %p_in2_11_c_i, i32 %p_in2_11_c_i" [/home/jrk/vivado/zc706/sdk/wksp1/zc706_lstm_kernels/src/krnl_lstm.cpp:94]   --->   Operation 108 'specchannel' 'empty_231' <Predicate = true> <Delay = 0.00>
ST_5 : Operation 109 [1/1] (0.00ns)   --->   "%specinterface_ln94 = specinterface void @_ssdm_op_SpecInterface, i32 %p_in2_11_c_i, void @ap_fifo_str, i32 0, i32 0, void @p_str, i32 0, i32 0, void @p_str, void @p_str, void @p_str, i32 2, i32 2, i32 16, i32 16, void @p_str, void @p_str" [/home/jrk/vivado/zc706/sdk/wksp1/zc706_lstm_kernels/src/krnl_lstm.cpp:94]   --->   Operation 109 'specinterface' 'specinterface_ln94' <Predicate = true> <Delay = 0.00>
ST_5 : Operation 110 [1/1] (0.00ns)   --->   "%empty_232 = specchannel i32 @_ssdm_op_SpecChannel, void @p_in2_OC_12_c_str, i32 1, void @p_str, void @p_str, i32 2, i32 0, i32 %p_in2_12_c_i, i32 %p_in2_12_c_i" [/home/jrk/vivado/zc706/sdk/wksp1/zc706_lstm_kernels/src/krnl_lstm.cpp:94]   --->   Operation 110 'specchannel' 'empty_232' <Predicate = true> <Delay = 0.00>
ST_5 : Operation 111 [1/1] (0.00ns)   --->   "%specinterface_ln94 = specinterface void @_ssdm_op_SpecInterface, i32 %p_in2_12_c_i, void @ap_fifo_str, i32 0, i32 0, void @p_str, i32 0, i32 0, void @p_str, void @p_str, void @p_str, i32 2, i32 2, i32 16, i32 16, void @p_str, void @p_str" [/home/jrk/vivado/zc706/sdk/wksp1/zc706_lstm_kernels/src/krnl_lstm.cpp:94]   --->   Operation 111 'specinterface' 'specinterface_ln94' <Predicate = true> <Delay = 0.00>
ST_5 : Operation 112 [1/1] (0.00ns)   --->   "%empty_233 = specchannel i32 @_ssdm_op_SpecChannel, void @p_in2_OC_13_c_str, i32 1, void @p_str, void @p_str, i32 2, i32 0, i32 %p_in2_13_c_i, i32 %p_in2_13_c_i" [/home/jrk/vivado/zc706/sdk/wksp1/zc706_lstm_kernels/src/krnl_lstm.cpp:94]   --->   Operation 112 'specchannel' 'empty_233' <Predicate = true> <Delay = 0.00>
ST_5 : Operation 113 [1/1] (0.00ns)   --->   "%specinterface_ln94 = specinterface void @_ssdm_op_SpecInterface, i32 %p_in2_13_c_i, void @ap_fifo_str, i32 0, i32 0, void @p_str, i32 0, i32 0, void @p_str, void @p_str, void @p_str, i32 2, i32 2, i32 16, i32 16, void @p_str, void @p_str" [/home/jrk/vivado/zc706/sdk/wksp1/zc706_lstm_kernels/src/krnl_lstm.cpp:94]   --->   Operation 113 'specinterface' 'specinterface_ln94' <Predicate = true> <Delay = 0.00>
ST_5 : Operation 114 [1/1] (0.00ns)   --->   "%empty_234 = specchannel i32 @_ssdm_op_SpecChannel, void @p_in2_OC_14_c_str, i32 1, void @p_str, void @p_str, i32 2, i32 0, i32 %p_in2_14_c_i, i32 %p_in2_14_c_i" [/home/jrk/vivado/zc706/sdk/wksp1/zc706_lstm_kernels/src/krnl_lstm.cpp:94]   --->   Operation 114 'specchannel' 'empty_234' <Predicate = true> <Delay = 0.00>
ST_5 : Operation 115 [1/1] (0.00ns)   --->   "%specinterface_ln94 = specinterface void @_ssdm_op_SpecInterface, i32 %p_in2_14_c_i, void @ap_fifo_str, i32 0, i32 0, void @p_str, i32 0, i32 0, void @p_str, void @p_str, void @p_str, i32 2, i32 2, i32 16, i32 16, void @p_str, void @p_str" [/home/jrk/vivado/zc706/sdk/wksp1/zc706_lstm_kernels/src/krnl_lstm.cpp:94]   --->   Operation 115 'specinterface' 'specinterface_ln94' <Predicate = true> <Delay = 0.00>
ST_5 : Operation 116 [1/1] (0.00ns)   --->   "%empty_235 = specchannel i32 @_ssdm_op_SpecChannel, void @p_in2_OC_15_c_str, i32 1, void @p_str, void @p_str, i32 2, i32 0, i32 %p_in2_15_c_i, i32 %p_in2_15_c_i" [/home/jrk/vivado/zc706/sdk/wksp1/zc706_lstm_kernels/src/krnl_lstm.cpp:94]   --->   Operation 116 'specchannel' 'empty_235' <Predicate = true> <Delay = 0.00>
ST_5 : Operation 117 [1/1] (0.00ns)   --->   "%specinterface_ln94 = specinterface void @_ssdm_op_SpecInterface, i32 %p_in2_15_c_i, void @ap_fifo_str, i32 0, i32 0, void @p_str, i32 0, i32 0, void @p_str, void @p_str, void @p_str, i32 2, i32 2, i32 16, i32 16, void @p_str, void @p_str" [/home/jrk/vivado/zc706/sdk/wksp1/zc706_lstm_kernels/src/krnl_lstm.cpp:94]   --->   Operation 117 'specinterface' 'specinterface_ln94' <Predicate = true> <Delay = 0.00>
ST_5 : Operation 118 [1/1] (0.00ns)   --->   "%empty_236 = specchannel i32 @_ssdm_op_SpecChannel, void @p_in2_OC_16_c_str, i32 1, void @p_str, void @p_str, i32 2, i32 0, i32 %p_in2_16_c_i, i32 %p_in2_16_c_i" [/home/jrk/vivado/zc706/sdk/wksp1/zc706_lstm_kernels/src/krnl_lstm.cpp:94]   --->   Operation 118 'specchannel' 'empty_236' <Predicate = true> <Delay = 0.00>
ST_5 : Operation 119 [1/1] (0.00ns)   --->   "%specinterface_ln94 = specinterface void @_ssdm_op_SpecInterface, i32 %p_in2_16_c_i, void @ap_fifo_str, i32 0, i32 0, void @p_str, i32 0, i32 0, void @p_str, void @p_str, void @p_str, i32 2, i32 2, i32 16, i32 16, void @p_str, void @p_str" [/home/jrk/vivado/zc706/sdk/wksp1/zc706_lstm_kernels/src/krnl_lstm.cpp:94]   --->   Operation 119 'specinterface' 'specinterface_ln94' <Predicate = true> <Delay = 0.00>
ST_5 : Operation 120 [1/1] (0.00ns)   --->   "%empty_237 = specchannel i32 @_ssdm_op_SpecChannel, void @p_in2_OC_17_c_str, i32 1, void @p_str, void @p_str, i32 2, i32 0, i32 %p_in2_17_c_i, i32 %p_in2_17_c_i" [/home/jrk/vivado/zc706/sdk/wksp1/zc706_lstm_kernels/src/krnl_lstm.cpp:94]   --->   Operation 120 'specchannel' 'empty_237' <Predicate = true> <Delay = 0.00>
ST_5 : Operation 121 [1/1] (0.00ns)   --->   "%specinterface_ln94 = specinterface void @_ssdm_op_SpecInterface, i32 %p_in2_17_c_i, void @ap_fifo_str, i32 0, i32 0, void @p_str, i32 0, i32 0, void @p_str, void @p_str, void @p_str, i32 2, i32 2, i32 16, i32 16, void @p_str, void @p_str" [/home/jrk/vivado/zc706/sdk/wksp1/zc706_lstm_kernels/src/krnl_lstm.cpp:94]   --->   Operation 121 'specinterface' 'specinterface_ln94' <Predicate = true> <Delay = 0.00>
ST_5 : Operation 122 [1/1] (0.00ns)   --->   "%empty_238 = specchannel i32 @_ssdm_op_SpecChannel, void @p_in2_OC_18_c_str, i32 1, void @p_str, void @p_str, i32 2, i32 0, i32 %p_in2_18_c_i, i32 %p_in2_18_c_i" [/home/jrk/vivado/zc706/sdk/wksp1/zc706_lstm_kernels/src/krnl_lstm.cpp:94]   --->   Operation 122 'specchannel' 'empty_238' <Predicate = true> <Delay = 0.00>
ST_5 : Operation 123 [1/1] (0.00ns)   --->   "%specinterface_ln94 = specinterface void @_ssdm_op_SpecInterface, i32 %p_in2_18_c_i, void @ap_fifo_str, i32 0, i32 0, void @p_str, i32 0, i32 0, void @p_str, void @p_str, void @p_str, i32 2, i32 2, i32 16, i32 16, void @p_str, void @p_str" [/home/jrk/vivado/zc706/sdk/wksp1/zc706_lstm_kernels/src/krnl_lstm.cpp:94]   --->   Operation 123 'specinterface' 'specinterface_ln94' <Predicate = true> <Delay = 0.00>
ST_5 : Operation 124 [1/1] (0.00ns)   --->   "%empty_239 = specchannel i32 @_ssdm_op_SpecChannel, void @p_in2_OC_19_c_str, i32 1, void @p_str, void @p_str, i32 2, i32 0, i32 %p_in2_19_c_i, i32 %p_in2_19_c_i" [/home/jrk/vivado/zc706/sdk/wksp1/zc706_lstm_kernels/src/krnl_lstm.cpp:94]   --->   Operation 124 'specchannel' 'empty_239' <Predicate = true> <Delay = 0.00>
ST_5 : Operation 125 [1/1] (0.00ns)   --->   "%specinterface_ln94 = specinterface void @_ssdm_op_SpecInterface, i32 %p_in2_19_c_i, void @ap_fifo_str, i32 0, i32 0, void @p_str, i32 0, i32 0, void @p_str, void @p_str, void @p_str, i32 2, i32 2, i32 16, i32 16, void @p_str, void @p_str" [/home/jrk/vivado/zc706/sdk/wksp1/zc706_lstm_kernels/src/krnl_lstm.cpp:94]   --->   Operation 125 'specinterface' 'specinterface_ln94' <Predicate = true> <Delay = 0.00>
ST_5 : Operation 126 [1/1] (0.00ns)   --->   "%empty_240 = specchannel i32 @_ssdm_op_SpecChannel, void @p_in2_OC_20_c_str, i32 1, void @p_str, void @p_str, i32 2, i32 0, i32 %p_in2_20_c_i, i32 %p_in2_20_c_i" [/home/jrk/vivado/zc706/sdk/wksp1/zc706_lstm_kernels/src/krnl_lstm.cpp:94]   --->   Operation 126 'specchannel' 'empty_240' <Predicate = true> <Delay = 0.00>
ST_5 : Operation 127 [1/1] (0.00ns)   --->   "%specinterface_ln94 = specinterface void @_ssdm_op_SpecInterface, i32 %p_in2_20_c_i, void @ap_fifo_str, i32 0, i32 0, void @p_str, i32 0, i32 0, void @p_str, void @p_str, void @p_str, i32 2, i32 2, i32 16, i32 16, void @p_str, void @p_str" [/home/jrk/vivado/zc706/sdk/wksp1/zc706_lstm_kernels/src/krnl_lstm.cpp:94]   --->   Operation 127 'specinterface' 'specinterface_ln94' <Predicate = true> <Delay = 0.00>
ST_5 : Operation 128 [1/1] (0.00ns)   --->   "%empty_241 = specchannel i32 @_ssdm_op_SpecChannel, void @p_in2_OC_21_c_str, i32 1, void @p_str, void @p_str, i32 2, i32 0, i32 %p_in2_21_c_i, i32 %p_in2_21_c_i" [/home/jrk/vivado/zc706/sdk/wksp1/zc706_lstm_kernels/src/krnl_lstm.cpp:94]   --->   Operation 128 'specchannel' 'empty_241' <Predicate = true> <Delay = 0.00>
ST_5 : Operation 129 [1/1] (0.00ns)   --->   "%specinterface_ln94 = specinterface void @_ssdm_op_SpecInterface, i32 %p_in2_21_c_i, void @ap_fifo_str, i32 0, i32 0, void @p_str, i32 0, i32 0, void @p_str, void @p_str, void @p_str, i32 2, i32 2, i32 16, i32 16, void @p_str, void @p_str" [/home/jrk/vivado/zc706/sdk/wksp1/zc706_lstm_kernels/src/krnl_lstm.cpp:94]   --->   Operation 129 'specinterface' 'specinterface_ln94' <Predicate = true> <Delay = 0.00>
ST_5 : Operation 130 [1/1] (0.00ns)   --->   "%empty_242 = specchannel i32 @_ssdm_op_SpecChannel, void @p_in2_OC_22_c_str, i32 1, void @p_str, void @p_str, i32 2, i32 0, i32 %p_in2_22_c_i, i32 %p_in2_22_c_i" [/home/jrk/vivado/zc706/sdk/wksp1/zc706_lstm_kernels/src/krnl_lstm.cpp:94]   --->   Operation 130 'specchannel' 'empty_242' <Predicate = true> <Delay = 0.00>
ST_5 : Operation 131 [1/1] (0.00ns)   --->   "%specinterface_ln94 = specinterface void @_ssdm_op_SpecInterface, i32 %p_in2_22_c_i, void @ap_fifo_str, i32 0, i32 0, void @p_str, i32 0, i32 0, void @p_str, void @p_str, void @p_str, i32 2, i32 2, i32 16, i32 16, void @p_str, void @p_str" [/home/jrk/vivado/zc706/sdk/wksp1/zc706_lstm_kernels/src/krnl_lstm.cpp:94]   --->   Operation 131 'specinterface' 'specinterface_ln94' <Predicate = true> <Delay = 0.00>
ST_5 : Operation 132 [1/1] (0.00ns)   --->   "%empty_243 = specchannel i32 @_ssdm_op_SpecChannel, void @p_in2_OC_23_c_str, i32 1, void @p_str, void @p_str, i32 2, i32 0, i32 %p_in2_23_c_i, i32 %p_in2_23_c_i" [/home/jrk/vivado/zc706/sdk/wksp1/zc706_lstm_kernels/src/krnl_lstm.cpp:94]   --->   Operation 132 'specchannel' 'empty_243' <Predicate = true> <Delay = 0.00>
ST_5 : Operation 133 [1/1] (0.00ns)   --->   "%specinterface_ln94 = specinterface void @_ssdm_op_SpecInterface, i32 %p_in2_23_c_i, void @ap_fifo_str, i32 0, i32 0, void @p_str, i32 0, i32 0, void @p_str, void @p_str, void @p_str, i32 2, i32 2, i32 16, i32 16, void @p_str, void @p_str" [/home/jrk/vivado/zc706/sdk/wksp1/zc706_lstm_kernels/src/krnl_lstm.cpp:94]   --->   Operation 133 'specinterface' 'specinterface_ln94' <Predicate = true> <Delay = 0.00>
ST_5 : Operation 134 [1/1] (0.00ns)   --->   "%empty_244 = specchannel i32 @_ssdm_op_SpecChannel, void @p_in2_OC_24_c_str, i32 1, void @p_str, void @p_str, i32 2, i32 0, i32 %p_in2_24_c_i, i32 %p_in2_24_c_i" [/home/jrk/vivado/zc706/sdk/wksp1/zc706_lstm_kernels/src/krnl_lstm.cpp:94]   --->   Operation 134 'specchannel' 'empty_244' <Predicate = true> <Delay = 0.00>
ST_5 : Operation 135 [1/1] (0.00ns)   --->   "%specinterface_ln94 = specinterface void @_ssdm_op_SpecInterface, i32 %p_in2_24_c_i, void @ap_fifo_str, i32 0, i32 0, void @p_str, i32 0, i32 0, void @p_str, void @p_str, void @p_str, i32 2, i32 2, i32 16, i32 16, void @p_str, void @p_str" [/home/jrk/vivado/zc706/sdk/wksp1/zc706_lstm_kernels/src/krnl_lstm.cpp:94]   --->   Operation 135 'specinterface' 'specinterface_ln94' <Predicate = true> <Delay = 0.00>
ST_5 : Operation 136 [1/1] (0.00ns)   --->   "%empty_245 = specchannel i32 @_ssdm_op_SpecChannel, void @p_in2_OC_25_c_str, i32 1, void @p_str, void @p_str, i32 2, i32 0, i32 %p_in2_25_c_i, i32 %p_in2_25_c_i" [/home/jrk/vivado/zc706/sdk/wksp1/zc706_lstm_kernels/src/krnl_lstm.cpp:94]   --->   Operation 136 'specchannel' 'empty_245' <Predicate = true> <Delay = 0.00>
ST_5 : Operation 137 [1/1] (0.00ns)   --->   "%specinterface_ln94 = specinterface void @_ssdm_op_SpecInterface, i32 %p_in2_25_c_i, void @ap_fifo_str, i32 0, i32 0, void @p_str, i32 0, i32 0, void @p_str, void @p_str, void @p_str, i32 2, i32 2, i32 16, i32 16, void @p_str, void @p_str" [/home/jrk/vivado/zc706/sdk/wksp1/zc706_lstm_kernels/src/krnl_lstm.cpp:94]   --->   Operation 137 'specinterface' 'specinterface_ln94' <Predicate = true> <Delay = 0.00>
ST_5 : Operation 138 [1/1] (0.00ns)   --->   "%empty_246 = specchannel i32 @_ssdm_op_SpecChannel, void @p_in2_OC_26_c_str, i32 1, void @p_str, void @p_str, i32 2, i32 0, i32 %p_in2_26_c_i, i32 %p_in2_26_c_i" [/home/jrk/vivado/zc706/sdk/wksp1/zc706_lstm_kernels/src/krnl_lstm.cpp:94]   --->   Operation 138 'specchannel' 'empty_246' <Predicate = true> <Delay = 0.00>
ST_5 : Operation 139 [1/1] (0.00ns)   --->   "%specinterface_ln94 = specinterface void @_ssdm_op_SpecInterface, i32 %p_in2_26_c_i, void @ap_fifo_str, i32 0, i32 0, void @p_str, i32 0, i32 0, void @p_str, void @p_str, void @p_str, i32 2, i32 2, i32 16, i32 16, void @p_str, void @p_str" [/home/jrk/vivado/zc706/sdk/wksp1/zc706_lstm_kernels/src/krnl_lstm.cpp:94]   --->   Operation 139 'specinterface' 'specinterface_ln94' <Predicate = true> <Delay = 0.00>
ST_5 : Operation 140 [1/1] (0.00ns)   --->   "%empty_247 = specchannel i32 @_ssdm_op_SpecChannel, void @p_in2_OC_27_c_str, i32 1, void @p_str, void @p_str, i32 2, i32 0, i32 %p_in2_27_c_i, i32 %p_in2_27_c_i" [/home/jrk/vivado/zc706/sdk/wksp1/zc706_lstm_kernels/src/krnl_lstm.cpp:94]   --->   Operation 140 'specchannel' 'empty_247' <Predicate = true> <Delay = 0.00>
ST_5 : Operation 141 [1/1] (0.00ns)   --->   "%specinterface_ln94 = specinterface void @_ssdm_op_SpecInterface, i32 %p_in2_27_c_i, void @ap_fifo_str, i32 0, i32 0, void @p_str, i32 0, i32 0, void @p_str, void @p_str, void @p_str, i32 2, i32 2, i32 16, i32 16, void @p_str, void @p_str" [/home/jrk/vivado/zc706/sdk/wksp1/zc706_lstm_kernels/src/krnl_lstm.cpp:94]   --->   Operation 141 'specinterface' 'specinterface_ln94' <Predicate = true> <Delay = 0.00>
ST_5 : Operation 142 [1/1] (0.00ns)   --->   "%empty_248 = specchannel i32 @_ssdm_op_SpecChannel, void @p_in2_OC_28_c_str, i32 1, void @p_str, void @p_str, i32 2, i32 0, i32 %p_in2_28_c_i, i32 %p_in2_28_c_i" [/home/jrk/vivado/zc706/sdk/wksp1/zc706_lstm_kernels/src/krnl_lstm.cpp:94]   --->   Operation 142 'specchannel' 'empty_248' <Predicate = true> <Delay = 0.00>
ST_5 : Operation 143 [1/1] (0.00ns)   --->   "%specinterface_ln94 = specinterface void @_ssdm_op_SpecInterface, i32 %p_in2_28_c_i, void @ap_fifo_str, i32 0, i32 0, void @p_str, i32 0, i32 0, void @p_str, void @p_str, void @p_str, i32 2, i32 2, i32 16, i32 16, void @p_str, void @p_str" [/home/jrk/vivado/zc706/sdk/wksp1/zc706_lstm_kernels/src/krnl_lstm.cpp:94]   --->   Operation 143 'specinterface' 'specinterface_ln94' <Predicate = true> <Delay = 0.00>
ST_5 : Operation 144 [1/1] (0.00ns)   --->   "%empty_249 = specchannel i32 @_ssdm_op_SpecChannel, void @p_in2_OC_29_c_str, i32 1, void @p_str, void @p_str, i32 2, i32 0, i32 %p_in2_29_c_i, i32 %p_in2_29_c_i" [/home/jrk/vivado/zc706/sdk/wksp1/zc706_lstm_kernels/src/krnl_lstm.cpp:94]   --->   Operation 144 'specchannel' 'empty_249' <Predicate = true> <Delay = 0.00>
ST_5 : Operation 145 [1/1] (0.00ns)   --->   "%specinterface_ln94 = specinterface void @_ssdm_op_SpecInterface, i32 %p_in2_29_c_i, void @ap_fifo_str, i32 0, i32 0, void @p_str, i32 0, i32 0, void @p_str, void @p_str, void @p_str, i32 2, i32 2, i32 16, i32 16, void @p_str, void @p_str" [/home/jrk/vivado/zc706/sdk/wksp1/zc706_lstm_kernels/src/krnl_lstm.cpp:94]   --->   Operation 145 'specinterface' 'specinterface_ln94' <Predicate = true> <Delay = 0.00>
ST_5 : Operation 146 [1/1] (0.00ns)   --->   "%empty_250 = specchannel i32 @_ssdm_op_SpecChannel, void @p_in2_OC_30_c_str, i32 1, void @p_str, void @p_str, i32 2, i32 0, i32 %p_in2_30_c_i, i32 %p_in2_30_c_i" [/home/jrk/vivado/zc706/sdk/wksp1/zc706_lstm_kernels/src/krnl_lstm.cpp:94]   --->   Operation 146 'specchannel' 'empty_250' <Predicate = true> <Delay = 0.00>
ST_5 : Operation 147 [1/1] (0.00ns)   --->   "%specinterface_ln94 = specinterface void @_ssdm_op_SpecInterface, i32 %p_in2_30_c_i, void @ap_fifo_str, i32 0, i32 0, void @p_str, i32 0, i32 0, void @p_str, void @p_str, void @p_str, i32 2, i32 2, i32 16, i32 16, void @p_str, void @p_str" [/home/jrk/vivado/zc706/sdk/wksp1/zc706_lstm_kernels/src/krnl_lstm.cpp:94]   --->   Operation 147 'specinterface' 'specinterface_ln94' <Predicate = true> <Delay = 0.00>
ST_5 : Operation 148 [1/1] (0.00ns)   --->   "%empty_251 = specchannel i32 @_ssdm_op_SpecChannel, void @p_in2_OC_31_c_str, i32 1, void @p_str, void @p_str, i32 2, i32 0, i32 %p_in2_31_c_i, i32 %p_in2_31_c_i" [/home/jrk/vivado/zc706/sdk/wksp1/zc706_lstm_kernels/src/krnl_lstm.cpp:94]   --->   Operation 148 'specchannel' 'empty_251' <Predicate = true> <Delay = 0.00>
ST_5 : Operation 149 [1/1] (0.00ns)   --->   "%specinterface_ln94 = specinterface void @_ssdm_op_SpecInterface, i32 %p_in2_31_c_i, void @ap_fifo_str, i32 0, i32 0, void @p_str, i32 0, i32 0, void @p_str, void @p_str, void @p_str, i32 2, i32 2, i32 16, i32 16, void @p_str, void @p_str" [/home/jrk/vivado/zc706/sdk/wksp1/zc706_lstm_kernels/src/krnl_lstm.cpp:94]   --->   Operation 149 'specinterface' 'specinterface_ln94' <Predicate = true> <Delay = 0.00>
ST_5 : Operation 150 [1/2] (0.00ns)   --->   "%call_ln104 = call void @dot<float, 5u, unsigned int>4051, i1024 %str_in1, i1024 %str_in2, i32 %p_output" [/home/jrk/vivado/zc706/sdk/wksp1/zc706_lstm_kernels/src/krnl_lstm.cpp:104]   --->   Operation 150 'call' 'call_ln104' <Predicate = true> <Delay = 0.00> <CoreType = "Generic">   --->   Core 0 '' <Latency = 0> <II = 1> <Delay = 1.00> <Generic> <Opcode : >
ST_5 : Operation 151 [1/1] (0.00ns)   --->   "%ret_ln0 = ret"   --->   Operation 151 'ret' 'ret_ln0' <Predicate = true> <Delay = 0.00>


============================================================
+ Verbose Summary: Timing violations
============================================================
Target clock period: 10ns, clock uncertainty: 2.7ns.

 <State 1>: 0ns
The critical path consists of the following:

 <State 2>: 0ns
The critical path consists of the following:

 <State 3>: 0ns
The critical path consists of the following:

 <State 4>: 0ns
The critical path consists of the following:

 <State 5>: 0ns
The critical path consists of the following:


============================================================
+ Verbose Summary: Binding
============================================================
N/A
* FSMD analyzer results:
  - Output states:
 - Input state : 
  - Chain level:
	State 1
	State 2
	State 3
	State 4
	State 5


============================================================
+ Verbose Summary: Datapath Resource usage 
============================================================
N/A
