

================================================================
== Vitis HLS Report for 'krnl_lstm_entry3'
================================================================
* Date:           Mon May 24 12:51:02 2021

* Version:        2020.2 (Build 3064766 on Wed Nov 18 09:12:47 MST 2020)
* Project:        krnl_lstm
* Solution:       solution (Vitis Kernel Flow Target)
* Product family: zynq
* Target device:  xc7z045-ffg900-2


================================================================
== Performance Estimates
================================================================
+ Timing: 
    * Summary: 
    +--------+----------+----------+------------+
    |  Clock |  Target  | Estimated| Uncertainty|
    +--------+----------+----------+------------+
    |ap_clk  |  10.00 ns|  3.401 ns|     2.70 ns|
    +--------+----------+----------+------------+

+ Latency: 
    * Summary: 
    +---------+---------+----------+----------+-----+-----+---------+
    |  Latency (cycles) |  Latency (absolute) |  Interval | Pipeline|
    |   min   |   max   |    min   |    max   | min | max |   Type  |
    +---------+---------+----------+----------+-----+-----+---------+
    |        0|        0|      0 ns|      0 ns|    0|    0|     none|
    +---------+---------+----------+----------+-----+-----+---------+

    + Detail: 
        * Instance: 
        N/A

        * Loop: 
        N/A

============================================================
+ Verbose Summary: Synthesis Manager
============================================================
InlineROM: 1
ExposeGlobal: 0
============================================================
+ Verbose Summary: CDFG Model
============================================================
IsTopModel: 0
ResetActiveHigh: 1
IsCombinational: 2
IsDatapathOnly: 0
HasWiredReturn: 1
HasMFsm: 0
HasVarLatency: 0
IsPipeline: 0
IsRtlPipelined: 0
IsInstanceOverlapped: 0
IsDontTouch: 0
HasImplIP: 0
IsGatedGlobalClock: 0


============================================================
+ Verbose Summary: Schedule
============================================================
* Number of FSM states : 1
* Pipeline : 0
* Dataflow Pipeline: 0

* FSM state transitions: 
1 --> 

* FSM state operations: 

State 1 <SV = 0> <Delay = 3.40>
ST_1 : Operation 2 [1/1] (0.00ns)   --->   "%specinterface_ln0 = specinterface void @_ssdm_op_SpecInterface, i32 %x_out, void @ap_fifo_str, i32 0, i32 0, void @p_str, i32 0, i32 0, void @p_str, void @p_str, void @p_str, i32 2, i32 2, i32 16, i32 16, void @p_str, void @ScalarProp_str"   --->   Operation 2 'specinterface' 'specinterface_ln0' <Predicate = true> <Delay = 0.00>
ST_1 : Operation 3 [1/1] (0.00ns)   --->   "%y_h_read = read i32 @_ssdm_op_Read.ap_auto.i32, i32 %y_h" [/home/jrk/vivado/zc706/sdk/wksp1/zc706_lstm_kernels/src/krnl_lstm.cpp:435]   --->   Operation 3 'read' 'y_h_read' <Predicate = true> <Delay = 0.00>
ST_1 : Operation 4 [1/1] (0.00ns)   --->   "%x_read = read i32 @_ssdm_op_Read.ap_auto.i32, i32 %x" [/home/jrk/vivado/zc706/sdk/wksp1/zc706_lstm_kernels/src/krnl_lstm.cpp:435]   --->   Operation 4 'read' 'x_read' <Predicate = true> <Delay = 0.00>
ST_1 : Operation 5 [1/1] (3.40ns)   --->   "%write_ln435 = write void @_ssdm_op_Write.ap_fifo.i32P0A, i32 %x_out, i32 %x_read" [/home/jrk/vivado/zc706/sdk/wksp1/zc706_lstm_kernels/src/krnl_lstm.cpp:435]   --->   Operation 5 'write' 'write_ln435' <Predicate = true> <Delay = 3.40> <CoreInst = "FIFO_SRL">   --->   Core 81 'FIFO_SRL' <Latency = 0> <II = 1> <Delay = 3.40> <Storage> <Opcode : 'read' 'write' 'nbread' 'nbwrite'> <Ports = 0> <Width = 32> <Depth = 2> <FIFO>
ST_1 : Operation 6 [1/1] (0.00ns)   --->   "%specinterface_ln0 = specinterface void @_ssdm_op_SpecInterface, i32 %y_h_out, void @ap_fifo_str, i32 0, i32 0, void @p_str, i32 0, i32 0, void @p_str, void @p_str, void @p_str, i32 2, i32 2, i32 16, i32 16, void @p_str, void @ScalarProp_str"   --->   Operation 6 'specinterface' 'specinterface_ln0' <Predicate = true> <Delay = 0.00>
ST_1 : Operation 7 [1/1] (3.40ns)   --->   "%write_ln435 = write void @_ssdm_op_Write.ap_fifo.i32P0A, i32 %y_h_out, i32 %y_h_read" [/home/jrk/vivado/zc706/sdk/wksp1/zc706_lstm_kernels/src/krnl_lstm.cpp:435]   --->   Operation 7 'write' 'write_ln435' <Predicate = true> <Delay = 3.40> <CoreInst = "FIFO_SRL">   --->   Core 81 'FIFO_SRL' <Latency = 0> <II = 1> <Delay = 3.40> <Storage> <Opcode : 'read' 'write' 'nbread' 'nbwrite'> <Ports = 0> <Width = 32> <Depth = 2> <FIFO>
ST_1 : Operation 8 [1/1] (0.00ns)   --->   "%ret_ln435 = ret" [/home/jrk/vivado/zc706/sdk/wksp1/zc706_lstm_kernels/src/krnl_lstm.cpp:435]   --->   Operation 8 'ret' 'ret_ln435' <Predicate = true> <Delay = 0.00>


============================================================
+ Verbose Summary: Timing violations
============================================================
Target clock period: 10ns, clock uncertainty: 2.7ns.

 <State 1>: 3.4ns
The critical path consists of the following:
	wire read on port 'x' (/home/jrk/vivado/zc706/sdk/wksp1/zc706_lstm_kernels/src/krnl_lstm.cpp:435) [7]  (0 ns)
	fifo write on port 'x_out' (/home/jrk/vivado/zc706/sdk/wksp1/zc706_lstm_kernels/src/krnl_lstm.cpp:435) [8]  (3.4 ns)


============================================================
+ Verbose Summary: Binding
============================================================
N/A
* FSMD analyzer results:
  - Output states:
 - Input state : 
  - Chain level:
	State 1


============================================================
+ Verbose Summary: Datapath Resource usage 
============================================================
N/A
