

================================================================
== Vitis HLS Report for 'krnl_lstm_unit_Block_split213_proc'
================================================================
* Date:           Mon May 24 12:51:29 2021

* Version:        2020.2 (Build 3064766 on Wed Nov 18 09:12:47 MST 2020)
* Project:        krnl_lstm
* Solution:       solution (Vitis Kernel Flow Target)
* Product family: zynq
* Target device:  xc7z045-ffg900-2


================================================================
== Performance Estimates
================================================================
+ Timing: 
    * Summary: 
    +--------+----------+----------+------------+
    |  Clock |  Target  | Estimated| Uncertainty|
    +--------+----------+----------+------------+
    |ap_clk  |  10.00 ns|  6.329 ns|     2.70 ns|
    +--------+----------+----------+------------+

+ Latency: 
    * Summary: 
    +---------+---------+----------+----------+-----+-----+---------+
    |  Latency (cycles) |  Latency (absolute) |  Interval | Pipeline|
    |   min   |   max   |    min   |    max   | min | max |   Type  |
    +---------+---------+----------+----------+-----+-----+---------+
    |       14|       14|  0.140 us|  0.140 us|   14|   14|     none|
    +---------+---------+----------+----------+-----+-----+---------+

    + Detail: 
        * Instance: 
        N/A

        * Loop: 
        N/A

============================================================
+ Verbose Summary: Synthesis Manager
============================================================
InlineROM: 1
ExposeGlobal: 0
============================================================
+ Verbose Summary: CDFG Model
============================================================
IsTopModel: 0
ResetActiveHigh: 1
IsCombinational: 2
IsDatapathOnly: 0
HasWiredReturn: 1
HasMFsm: 0
HasVarLatency: 1
IsPipeline: 0
IsRtlPipelined: 0
IsInstanceOverlapped: 0
IsDontTouch: 0
HasImplIP: 0
IsGatedGlobalClock: 0


============================================================
+ Verbose Summary: Schedule
============================================================
* Number of FSM states : 15
* Pipeline : 0
* Dataflow Pipeline: 0

* FSM state transitions: 
1 --> 2 
2 --> 3 
3 --> 4 
4 --> 5 
5 --> 6 
6 --> 7 
7 --> 8 
8 --> 9 
9 --> 10 
10 --> 11 
11 --> 12 
12 --> 13 
13 --> 14 
14 --> 15 
15 --> 

* FSM state operations: 

State 1 <SV = 0> <Delay = 3.40>
ST_1 : Operation 16 [1/1] (3.40ns)   --->   "%x_t_read = read i32 @_ssdm_op_Read.ap_fifo.floatP0A, i32 %x_t" [/home/jrk/vivado/zc706/sdk/wksp1/zc706_lstm_kernels/src/krnl_lstm.cpp:368]   --->   Operation 16 'read' 'x_t_read' <Predicate = true> <Delay = 3.40> <CoreInst = "FIFO_SRL">   --->   Core 81 'FIFO_SRL' <Latency = 0> <II = 1> <Delay = 3.40> <Storage> <Opcode : 'read' 'write' 'nbread' 'nbwrite'> <Ports = 0> <Width = 32> <Depth = 4> <FIFO>
ST_1 : Operation 17 [1/1] (3.40ns)   --->   "%w_xc_loc_read = read i32 @_ssdm_op_Read.ap_fifo.floatP0A, i32 %w_xc_loc"   --->   Operation 17 'read' 'w_xc_loc_read' <Predicate = true> <Delay = 3.40> <CoreInst = "FIFO_SRL">   --->   Core 81 'FIFO_SRL' <Latency = 0> <II = 1> <Delay = 3.40> <Storage> <Opcode : 'read' 'write' 'nbread' 'nbwrite'> <Ports = 0> <Width = 32> <Depth = 3> <FIFO>
ST_1 : Operation 18 [1/1] (3.40ns)   --->   "%b_c_loc_read = read i32 @_ssdm_op_Read.ap_fifo.floatP0A, i32 %b_c_loc"   --->   Operation 18 'read' 'b_c_loc_read' <Predicate = true> <Delay = 3.40> <CoreInst = "FIFO_SRL">   --->   Core 81 'FIFO_SRL' <Latency = 0> <II = 1> <Delay = 3.40> <Storage> <Opcode : 'read' 'write' 'nbread' 'nbwrite'> <Ports = 0> <Width = 32> <Depth = 3> <FIFO>

State 2 <SV = 1> <Delay = 4.72>
ST_2 : Operation 19 [4/4] (4.72ns)   --->   "%mul2_i_i = fmul i32 %w_xc_loc_read, i32 %x_t_read" [/home/jrk/vivado/zc706/sdk/wksp1/zc706_lstm_kernels/src/krnl_lstm.cpp:368]   --->   Operation 19 'fmul' 'mul2_i_i' <Predicate = true> <Delay = 4.72> <CoreInst = "FMul_maxdsp">   --->   Core 30 'FMul_maxdsp' <Latency = 3> <II = 1> <Delay = 4.72> <FuncUnit> <Opcode : 'fmul'> <InPorts = 2> <OutPorts = 1>

State 3 <SV = 2> <Delay = 4.72>
ST_3 : Operation 20 [3/4] (4.72ns)   --->   "%mul2_i_i = fmul i32 %w_xc_loc_read, i32 %x_t_read" [/home/jrk/vivado/zc706/sdk/wksp1/zc706_lstm_kernels/src/krnl_lstm.cpp:368]   --->   Operation 20 'fmul' 'mul2_i_i' <Predicate = true> <Delay = 4.72> <CoreInst = "FMul_maxdsp">   --->   Core 30 'FMul_maxdsp' <Latency = 3> <II = 1> <Delay = 4.72> <FuncUnit> <Opcode : 'fmul'> <InPorts = 2> <OutPorts = 1>

State 4 <SV = 3> <Delay = 4.72>
ST_4 : Operation 21 [2/4] (4.72ns)   --->   "%mul2_i_i = fmul i32 %w_xc_loc_read, i32 %x_t_read" [/home/jrk/vivado/zc706/sdk/wksp1/zc706_lstm_kernels/src/krnl_lstm.cpp:368]   --->   Operation 21 'fmul' 'mul2_i_i' <Predicate = true> <Delay = 4.72> <CoreInst = "FMul_maxdsp">   --->   Core 30 'FMul_maxdsp' <Latency = 3> <II = 1> <Delay = 4.72> <FuncUnit> <Opcode : 'fmul'> <InPorts = 2> <OutPorts = 1>

State 5 <SV = 4> <Delay = 4.72>
ST_5 : Operation 22 [1/4] (4.72ns)   --->   "%mul2_i_i = fmul i32 %w_xc_loc_read, i32 %x_t_read" [/home/jrk/vivado/zc706/sdk/wksp1/zc706_lstm_kernels/src/krnl_lstm.cpp:368]   --->   Operation 22 'fmul' 'mul2_i_i' <Predicate = true> <Delay = 4.72> <CoreInst = "FMul_maxdsp">   --->   Core 30 'FMul_maxdsp' <Latency = 3> <II = 1> <Delay = 4.72> <FuncUnit> <Opcode : 'fmul'> <InPorts = 2> <OutPorts = 1>

State 6 <SV = 5> <Delay = 6.32>
ST_6 : Operation 23 [1/1] (0.00ns)   --->   "%dot_c_read = read i32 @_ssdm_op_Read.ap_auto.floatP0A, i32 %dot_c" [/home/jrk/vivado/zc706/sdk/wksp1/zc706_lstm_kernels/src/krnl_lstm.cpp:368]   --->   Operation 23 'read' 'dot_c_read' <Predicate = true> <Delay = 0.00>
ST_6 : Operation 24 [5/5] (6.32ns)   --->   "%add4_i_i = fadd i32 %dot_c_read, i32 %mul2_i_i" [/home/jrk/vivado/zc706/sdk/wksp1/zc706_lstm_kernels/src/krnl_lstm.cpp:368]   --->   Operation 24 'fadd' 'add4_i_i' <Predicate = true> <Delay = 6.32> <CoreInst = "FAddSub_fulldsp">   --->   Core 18 'FAddSub_fulldsp' <Latency = 4> <II = 1> <Delay = 6.32> <FuncUnit> <Opcode : 'fadd' 'fsub'> <InPorts = 2> <OutPorts = 1>

State 7 <SV = 6> <Delay = 6.32>
ST_7 : Operation 25 [4/5] (6.32ns)   --->   "%add4_i_i = fadd i32 %dot_c_read, i32 %mul2_i_i" [/home/jrk/vivado/zc706/sdk/wksp1/zc706_lstm_kernels/src/krnl_lstm.cpp:368]   --->   Operation 25 'fadd' 'add4_i_i' <Predicate = true> <Delay = 6.32> <CoreInst = "FAddSub_fulldsp">   --->   Core 18 'FAddSub_fulldsp' <Latency = 4> <II = 1> <Delay = 6.32> <FuncUnit> <Opcode : 'fadd' 'fsub'> <InPorts = 2> <OutPorts = 1>

State 8 <SV = 7> <Delay = 6.32>
ST_8 : Operation 26 [3/5] (6.32ns)   --->   "%add4_i_i = fadd i32 %dot_c_read, i32 %mul2_i_i" [/home/jrk/vivado/zc706/sdk/wksp1/zc706_lstm_kernels/src/krnl_lstm.cpp:368]   --->   Operation 26 'fadd' 'add4_i_i' <Predicate = true> <Delay = 6.32> <CoreInst = "FAddSub_fulldsp">   --->   Core 18 'FAddSub_fulldsp' <Latency = 4> <II = 1> <Delay = 6.32> <FuncUnit> <Opcode : 'fadd' 'fsub'> <InPorts = 2> <OutPorts = 1>

State 9 <SV = 8> <Delay = 6.32>
ST_9 : Operation 27 [2/5] (6.32ns)   --->   "%add4_i_i = fadd i32 %dot_c_read, i32 %mul2_i_i" [/home/jrk/vivado/zc706/sdk/wksp1/zc706_lstm_kernels/src/krnl_lstm.cpp:368]   --->   Operation 27 'fadd' 'add4_i_i' <Predicate = true> <Delay = 6.32> <CoreInst = "FAddSub_fulldsp">   --->   Core 18 'FAddSub_fulldsp' <Latency = 4> <II = 1> <Delay = 6.32> <FuncUnit> <Opcode : 'fadd' 'fsub'> <InPorts = 2> <OutPorts = 1>

State 10 <SV = 9> <Delay = 6.32>
ST_10 : Operation 28 [1/5] (6.32ns)   --->   "%add4_i_i = fadd i32 %dot_c_read, i32 %mul2_i_i" [/home/jrk/vivado/zc706/sdk/wksp1/zc706_lstm_kernels/src/krnl_lstm.cpp:368]   --->   Operation 28 'fadd' 'add4_i_i' <Predicate = true> <Delay = 6.32> <CoreInst = "FAddSub_fulldsp">   --->   Core 18 'FAddSub_fulldsp' <Latency = 4> <II = 1> <Delay = 6.32> <FuncUnit> <Opcode : 'fadd' 'fsub'> <InPorts = 2> <OutPorts = 1>

State 11 <SV = 10> <Delay = 6.32>
ST_11 : Operation 29 [5/5] (6.32ns)   --->   "%add5_loc = fadd i32 %add4_i_i, i32 %b_c_loc_read" [/home/jrk/vivado/zc706/sdk/wksp1/zc706_lstm_kernels/src/krnl_lstm.cpp:368]   --->   Operation 29 'fadd' 'add5_loc' <Predicate = true> <Delay = 6.32> <CoreInst = "FAddSub_fulldsp">   --->   Core 18 'FAddSub_fulldsp' <Latency = 4> <II = 1> <Delay = 6.32> <FuncUnit> <Opcode : 'fadd' 'fsub'> <InPorts = 2> <OutPorts = 1>

State 12 <SV = 11> <Delay = 6.32>
ST_12 : Operation 30 [4/5] (6.32ns)   --->   "%add5_loc = fadd i32 %add4_i_i, i32 %b_c_loc_read" [/home/jrk/vivado/zc706/sdk/wksp1/zc706_lstm_kernels/src/krnl_lstm.cpp:368]   --->   Operation 30 'fadd' 'add5_loc' <Predicate = true> <Delay = 6.32> <CoreInst = "FAddSub_fulldsp">   --->   Core 18 'FAddSub_fulldsp' <Latency = 4> <II = 1> <Delay = 6.32> <FuncUnit> <Opcode : 'fadd' 'fsub'> <InPorts = 2> <OutPorts = 1>

State 13 <SV = 12> <Delay = 6.32>
ST_13 : Operation 31 [3/5] (6.32ns)   --->   "%add5_loc = fadd i32 %add4_i_i, i32 %b_c_loc_read" [/home/jrk/vivado/zc706/sdk/wksp1/zc706_lstm_kernels/src/krnl_lstm.cpp:368]   --->   Operation 31 'fadd' 'add5_loc' <Predicate = true> <Delay = 6.32> <CoreInst = "FAddSub_fulldsp">   --->   Core 18 'FAddSub_fulldsp' <Latency = 4> <II = 1> <Delay = 6.32> <FuncUnit> <Opcode : 'fadd' 'fsub'> <InPorts = 2> <OutPorts = 1>

State 14 <SV = 13> <Delay = 6.32>
ST_14 : Operation 32 [2/5] (6.32ns)   --->   "%add5_loc = fadd i32 %add4_i_i, i32 %b_c_loc_read" [/home/jrk/vivado/zc706/sdk/wksp1/zc706_lstm_kernels/src/krnl_lstm.cpp:368]   --->   Operation 32 'fadd' 'add5_loc' <Predicate = true> <Delay = 6.32> <CoreInst = "FAddSub_fulldsp">   --->   Core 18 'FAddSub_fulldsp' <Latency = 4> <II = 1> <Delay = 6.32> <FuncUnit> <Opcode : 'fadd' 'fsub'> <InPorts = 2> <OutPorts = 1>

State 15 <SV = 14> <Delay = 6.32>
ST_15 : Operation 33 [1/1] (0.00ns)   --->   "%specinterface_ln0 = specinterface void @_ssdm_op_SpecInterface, i32 %x_t, void @ap_fifo_str, i32 0, i32 0, void @p_str, i32 0, i32 0, void @p_str, void @p_str, void @p_str, i32 2, i32 2, i32 16, i32 16, void @p_str, void @ScalarProp_str"   --->   Operation 33 'specinterface' 'specinterface_ln0' <Predicate = true> <Delay = 0.00>
ST_15 : Operation 34 [1/1] (0.00ns)   --->   "%specinterface_ln0 = specinterface void @_ssdm_op_SpecInterface, i32 %w_xc_loc, void @ap_fifo_str, i32 0, i32 0, void @p_str, i32 0, i32 0, void @p_str, void @p_str, void @p_str, i32 2, i32 2, i32 16, i32 16, void @p_str, void @ScalarProp_str"   --->   Operation 34 'specinterface' 'specinterface_ln0' <Predicate = true> <Delay = 0.00>
ST_15 : Operation 35 [1/1] (0.00ns)   --->   "%specinterface_ln0 = specinterface void @_ssdm_op_SpecInterface, i32 %b_c_loc, void @ap_fifo_str, i32 0, i32 0, void @p_str, i32 0, i32 0, void @p_str, void @p_str, void @p_str, i32 2, i32 2, i32 16, i32 16, void @p_str, void @ScalarProp_str"   --->   Operation 35 'specinterface' 'specinterface_ln0' <Predicate = true> <Delay = 0.00>
ST_15 : Operation 36 [1/5] (6.32ns)   --->   "%add5_loc = fadd i32 %add4_i_i, i32 %b_c_loc_read" [/home/jrk/vivado/zc706/sdk/wksp1/zc706_lstm_kernels/src/krnl_lstm.cpp:368]   --->   Operation 36 'fadd' 'add5_loc' <Predicate = true> <Delay = 6.32> <CoreInst = "FAddSub_fulldsp">   --->   Core 18 'FAddSub_fulldsp' <Latency = 4> <II = 1> <Delay = 6.32> <FuncUnit> <Opcode : 'fadd' 'fsub'> <InPorts = 2> <OutPorts = 1>
ST_15 : Operation 37 [1/1] (0.00ns)   --->   "%ret_ln368 = ret i32 %add5_loc" [/home/jrk/vivado/zc706/sdk/wksp1/zc706_lstm_kernels/src/krnl_lstm.cpp:368]   --->   Operation 37 'ret' 'ret_ln368' <Predicate = true> <Delay = 0.00>


============================================================
+ Verbose Summary: Timing violations
============================================================
Target clock period: 10ns, clock uncertainty: 2.7ns.

 <State 1>: 3.4ns
The critical path consists of the following:
	fifo read on port 'x_t' (/home/jrk/vivado/zc706/sdk/wksp1/zc706_lstm_kernels/src/krnl_lstm.cpp:368) [8]  (3.4 ns)

 <State 2>: 4.73ns
The critical path consists of the following:
	'fmul' operation ('mul2_i_i', /home/jrk/vivado/zc706/sdk/wksp1/zc706_lstm_kernels/src/krnl_lstm.cpp:368) [12]  (4.73 ns)

 <State 3>: 4.73ns
The critical path consists of the following:
	'fmul' operation ('mul2_i_i', /home/jrk/vivado/zc706/sdk/wksp1/zc706_lstm_kernels/src/krnl_lstm.cpp:368) [12]  (4.73 ns)

 <State 4>: 4.73ns
The critical path consists of the following:
	'fmul' operation ('mul2_i_i', /home/jrk/vivado/zc706/sdk/wksp1/zc706_lstm_kernels/src/krnl_lstm.cpp:368) [12]  (4.73 ns)

 <State 5>: 4.73ns
The critical path consists of the following:
	'fmul' operation ('mul2_i_i', /home/jrk/vivado/zc706/sdk/wksp1/zc706_lstm_kernels/src/krnl_lstm.cpp:368) [12]  (4.73 ns)

 <State 6>: 6.33ns
The critical path consists of the following:
	wire read on port 'dot_c' (/home/jrk/vivado/zc706/sdk/wksp1/zc706_lstm_kernels/src/krnl_lstm.cpp:368) [11]  (0 ns)
	'fadd' operation ('add4_i_i', /home/jrk/vivado/zc706/sdk/wksp1/zc706_lstm_kernels/src/krnl_lstm.cpp:368) [13]  (6.33 ns)

 <State 7>: 6.33ns
The critical path consists of the following:
	'fadd' operation ('add4_i_i', /home/jrk/vivado/zc706/sdk/wksp1/zc706_lstm_kernels/src/krnl_lstm.cpp:368) [13]  (6.33 ns)

 <State 8>: 6.33ns
The critical path consists of the following:
	'fadd' operation ('add4_i_i', /home/jrk/vivado/zc706/sdk/wksp1/zc706_lstm_kernels/src/krnl_lstm.cpp:368) [13]  (6.33 ns)

 <State 9>: 6.33ns
The critical path consists of the following:
	'fadd' operation ('add4_i_i', /home/jrk/vivado/zc706/sdk/wksp1/zc706_lstm_kernels/src/krnl_lstm.cpp:368) [13]  (6.33 ns)

 <State 10>: 6.33ns
The critical path consists of the following:
	'fadd' operation ('add4_i_i', /home/jrk/vivado/zc706/sdk/wksp1/zc706_lstm_kernels/src/krnl_lstm.cpp:368) [13]  (6.33 ns)

 <State 11>: 6.33ns
The critical path consists of the following:
	'fadd' operation ('add5_loc', /home/jrk/vivado/zc706/sdk/wksp1/zc706_lstm_kernels/src/krnl_lstm.cpp:368) [14]  (6.33 ns)

 <State 12>: 6.33ns
The critical path consists of the following:
	'fadd' operation ('add5_loc', /home/jrk/vivado/zc706/sdk/wksp1/zc706_lstm_kernels/src/krnl_lstm.cpp:368) [14]  (6.33 ns)

 <State 13>: 6.33ns
The critical path consists of the following:
	'fadd' operation ('add5_loc', /home/jrk/vivado/zc706/sdk/wksp1/zc706_lstm_kernels/src/krnl_lstm.cpp:368) [14]  (6.33 ns)

 <State 14>: 6.33ns
The critical path consists of the following:
	'fadd' operation ('add5_loc', /home/jrk/vivado/zc706/sdk/wksp1/zc706_lstm_kernels/src/krnl_lstm.cpp:368) [14]  (6.33 ns)

 <State 15>: 6.33ns
The critical path consists of the following:
	'fadd' operation ('add5_loc', /home/jrk/vivado/zc706/sdk/wksp1/zc706_lstm_kernels/src/krnl_lstm.cpp:368) [14]  (6.33 ns)


============================================================
+ Verbose Summary: Binding
============================================================
N/A
* FSMD analyzer results:
  - Output states:
 - Input state : 
  - Chain level:
	State 1
	State 2
	State 3
	State 4
	State 5
	State 6
	State 7
	State 8
	State 9
	State 10
	State 11
	State 12
	State 13
	State 14
	State 15


============================================================
+ Verbose Summary: Datapath Resource usage 
============================================================
N/A
