

================================================================
== Vitis HLS Report for 'krnl_lstm'
================================================================
* Date:           Mon May 24 12:52:24 2021

* Version:        2020.2 (Build 3064766 on Wed Nov 18 09:12:47 MST 2020)
* Project:        krnl_lstm
* Solution:       solution (Vitis Kernel Flow Target)
* Product family: zynq
* Target device:  xc7z045-ffg900-2


================================================================
== Performance Estimates
================================================================
+ Timing: 
    * Summary: 
    +--------+----------+----------+------------+
    |  Clock |  Target  | Estimated| Uncertainty|
    +--------+----------+----------+------------+
    |ap_clk  |  10.00 ns|  7.935 ns|     2.70 ns|
    +--------+----------+----------+------------+

+ Latency: 
    * Summary: 
    +-----------+-----------+-----------+-----------+------------+------------+----------+
    |    Latency (cycles)   |   Latency (absolute)  |         Interval        | Pipeline |
    |    min    |    max    |    min    |    max    |     min    |     max    |   Type   |
    +-----------+-----------+-----------+-----------+------------+------------+----------+
    |  335537940|  335547480|  3.355 sec|  3.355 sec|  4068826443|  4630514703|  dataflow|
    +-----------+-----------+-----------+-----------+------------+------------+----------+

    + Detail: 
        * Instance: 
        N/A

        * Loop: 
        N/A

============================================================
+ Verbose Summary: Synthesis Manager
============================================================
InlineROM: 1
ExposeGlobal: 0
============================================================
+ Verbose Summary: CDFG Model
============================================================
IsTopModel: 1
ResetActiveHigh: 1
IsCombinational: 2
IsDatapathOnly: 0
HasWiredReturn: 1
HasMFsm: 0
HasVarLatency: 1
IsPipeline: 0
IsRtlPipelined: 0
IsInstanceOverlapped: 0
IsDontTouch: 0
HasImplIP: 0
IsGatedGlobalClock: 0


============================================================
+ Verbose Summary: Schedule
============================================================
* Number of FSM states : 7
* Pipeline : 0
* Dataflow Pipeline: 1
  DF-Pipeline-0: Size = 7, States = { 1 2 3 4 5 6 7 }

* FSM state transitions: 
1 --> 2 
2 --> 3 
3 --> 4 
4 --> 5 
5 --> 6 
6 --> 7 
7 --> 

* FSM state operations: 

State 1 <SV = 0> <Delay = 4.40>
ST_1 : Operation 8 [1/1] (1.00ns)   --->   "%y_h_read = read i32 @_ssdm_op_Read.ap_none.i32, i32 %y_h" [/home/jrk/vivado/zc706/sdk/wksp1/zc706_lstm_kernels/src/krnl_lstm.cpp:435]   --->   Operation 8 'read' 'y_h_read' <Predicate = true> <Delay = 1.00> <CoreInst = "s_axilite">   --->   Core 114 's_axilite' <Latency = 0> <II = 1> <Delay = 1.00> <Adapter> <Opcode : 'read' 'write'>
ST_1 : Operation 9 [1/1] (1.00ns)   --->   "%x_read = read i32 @_ssdm_op_Read.ap_none.i32, i32 %x" [/home/jrk/vivado/zc706/sdk/wksp1/zc706_lstm_kernels/src/krnl_lstm.cpp:435]   --->   Operation 9 'read' 'x_read' <Predicate = true> <Delay = 1.00> <CoreInst = "s_axilite">   --->   Core 114 's_axilite' <Latency = 0> <II = 1> <Delay = 1.00> <Adapter> <Opcode : 'read' 'write'>
ST_1 : Operation 10 [1/1] (0.00ns)   --->   "%y_h_c1 = alloca i32 1" [/home/jrk/vivado/zc706/sdk/wksp1/zc706_lstm_kernels/src/krnl_lstm.cpp:435]   --->   Operation 10 'alloca' 'y_h_c1' <Predicate = true> <Delay = 0.00> <CoreInst = "FIFO_SRL">   --->   Core 81 'FIFO_SRL' <Latency = 0> <II = 1> <Delay = 3.40> <Storage> <Opcode : 'read' 'write' 'nbread' 'nbwrite'> <Ports = 0> <Width = 32> <Depth = 2> <FIFO>
ST_1 : Operation 11 [1/1] (0.00ns)   --->   "%x_c = alloca i32 1" [/home/jrk/vivado/zc706/sdk/wksp1/zc706_lstm_kernels/src/krnl_lstm.cpp:435]   --->   Operation 11 'alloca' 'x_c' <Predicate = true> <Delay = 0.00> <CoreInst = "FIFO_SRL">   --->   Core 81 'FIFO_SRL' <Latency = 0> <II = 1> <Delay = 3.40> <Storage> <Opcode : 'read' 'write' 'nbread' 'nbwrite'> <Ports = 0> <Width = 32> <Depth = 2> <FIFO>
ST_1 : Operation 12 [1/1] (0.00ns)   --->   "%y_h_c = alloca i32 1" [/home/jrk/vivado/zc706/sdk/wksp1/zc706_lstm_kernels/src/krnl_lstm.cpp:435]   --->   Operation 12 'alloca' 'y_h_c' <Predicate = true> <Delay = 0.00> <CoreInst = "FIFO_SRL">   --->   Core 81 'FIFO_SRL' <Latency = 0> <II = 1> <Delay = 3.40> <Storage> <Opcode : 'read' 'write' 'nbread' 'nbwrite'> <Ports = 0> <Width = 32> <Depth = 3> <FIFO>
ST_1 : Operation 13 [1/1] (3.40ns)   --->   "%call_ln435 = call void @krnl_lstm.entry3, i32 %x_read, i32 %y_h_read, i32 %x_c, i32 %y_h_c1" [/home/jrk/vivado/zc706/sdk/wksp1/zc706_lstm_kernels/src/krnl_lstm.cpp:435]   --->   Operation 13 'call' 'call_ln435' <Predicate = true> <Delay = 3.40> <CoreType = "Generic">   --->   Core 0 '' <Latency = 0> <II = 1> <Delay = 1.00> <Generic> <Opcode : >

State 2 <SV = 1> <Delay = 0.00>
ST_2 : Operation 14 [2/2] (0.00ns)   --->   "%call_ln456 = call void @read_input143, i256 %gmem, i32 %x_c, i32 %y_h_c1, i32 %y_h_c, i32 %x_str" [/home/jrk/vivado/zc706/sdk/wksp1/zc706_lstm_kernels/src/krnl_lstm.cpp:456]   --->   Operation 14 'call' 'call_ln456' <Predicate = true> <Delay = 0.00> <CoreType = "Generic">   --->   Core 0 '' <Latency = 0> <II = 1> <Delay = 1.00> <Generic> <Opcode : >

State 3 <SV = 2> <Delay = 0.00>
ST_3 : Operation 15 [1/2] (0.00ns)   --->   "%call_ln456 = call void @read_input143, i256 %gmem, i32 %x_c, i32 %y_h_c1, i32 %y_h_c, i32 %x_str" [/home/jrk/vivado/zc706/sdk/wksp1/zc706_lstm_kernels/src/krnl_lstm.cpp:456]   --->   Operation 15 'call' 'call_ln456' <Predicate = true> <Delay = 0.00> <CoreType = "Generic">   --->   Core 0 '' <Latency = 0> <II = 1> <Delay = 1.00> <Generic> <Opcode : >

State 4 <SV = 3> <Delay = 0.00>
ST_4 : Operation 16 [2/2] (0.00ns)   --->   "%call_ln457 = call void @krnl_lstm_str, i32 %W_0, i32 %W_1, i32 %W_2, i32 %W_3, i32 %W_4, i32 %W_5, i32 %W_6, i32 %W_7, i32 %W_8, i32 %W_9, i32 %W_10, i32 %W_11, i32 %W_12, i32 %W_13, i32 %W_14, i32 %W_15, i32 %W_16, i32 %W_17, i32 %W_18, i32 %W_19, i32 %W_20, i32 %W_21, i32 %W_22, i32 %W_23, i32 %W_24, i32 %W_25, i32 %W_26, i32 %W_27, i32 %W_28, i32 %W_29, i32 %W_30, i32 %W_31, i32 %W_32, i32 %W_33, i32 %W_34, i32 %W_35, i32 %W_36, i32 %W_37, i32 %W_38, i32 %W_39, i32 %W_40, i32 %W_41, i32 %W_42, i32 %W_43, i32 %W_44, i32 %W_45, i32 %W_46, i32 %W_47, i32 %W_48, i32 %W_49, i32 %W_50, i32 %W_51, i32 %W_52, i32 %W_53, i32 %W_54, i32 %W_55, i32 %W_56, i32 %W_57, i32 %W_58, i32 %W_59, i32 %W_60, i32 %W_61, i32 %W_62, i32 %W_63, i32 %y_h_str, i32 %x_str, i32 %W_xf, i32 %W_xi, i32 %W_xc, i32 %W_xo, i32 %B_f, i32 %B_i, i32 %B_c, i32 %B_o, i32 %W_hf_0, i32 %W_hf_1, i32 %W_hf_2, i32 %W_hf_3, i32 %W_hf_4, i32 %W_hf_5, i32 %W_hf_6, i32 %W_hf_7, i32 %W_hf_8, i32 %W_hf_9, i32 %W_hf_10, i32 %W_hf_11, i32 %W_hf_12, i32 %W_hf_13, i32 %W_hf_14, i32 %W_hf_15, i32 %W_hf_16, i32 %W_hf_17, i32 %W_hf_18, i32 %W_hf_19, i32 %W_hf_20, i32 %W_hf_21, i32 %W_hf_22, i32 %W_hf_23, i32 %W_hf_24, i32 %W_hf_25, i32 %W_hf_26, i32 %W_hf_27, i32 %W_hf_28, i32 %W_hf_29, i32 %W_hf_30, i32 %W_hf_31, i32 %W_hf_32, i32 %W_hf_33, i32 %W_hf_34, i32 %W_hf_35, i32 %W_hf_36, i32 %W_hf_37, i32 %W_hf_38, i32 %W_hf_39, i32 %W_hf_40, i32 %W_hf_41, i32 %W_hf_42, i32 %W_hf_43, i32 %W_hf_44, i32 %W_hf_45, i32 %W_hf_46, i32 %W_hf_47, i32 %W_hf_48, i32 %W_hf_49, i32 %W_hf_50, i32 %W_hf_51, i32 %W_hf_52, i32 %W_hf_53, i32 %W_hf_54, i32 %W_hf_55, i32 %W_hf_56, i32 %W_hf_57, i32 %W_hf_58, i32 %W_hf_59, i32 %W_hf_60, i32 %W_hf_61, i32 %W_hf_62, i32 %W_hf_63, i32 %sigmoid_lut98, i32 %W_hi_0, i32 %W_hi_1, i32 %W_hi_2, i32 %W_hi_3, i32 %W_hi_4, i32 %W_hi_5, i32 %W_hi_6, i32 %W_hi_7, i32 %W_hi_8, i32 %W_hi_9, i32 %W_hi_10, i32 %W_hi_11, i32 %W_hi_12, i32 %W_hi_13, i32 %W_hi_14, i32 %W_hi_15, i32 %W_hi_16, i32 %W_hi_17, i32 %W_hi_18, i32 %W_hi_19, i32 %W_hi_20, i32 %W_hi_21, i32 %W_hi_22, i32 %W_hi_23, i32 %W_hi_24, i32 %W_hi_25, i32 %W_hi_26, i32 %W_hi_27, i32 %W_hi_28, i32 %W_hi_29, i32 %W_hi_30, i32 %W_hi_31, i32 %W_hi_32, i32 %W_hi_33, i32 %W_hi_34, i32 %W_hi_35, i32 %W_hi_36, i32 %W_hi_37, i32 %W_hi_38, i32 %W_hi_39, i32 %W_hi_40, i32 %W_hi_41, i32 %W_hi_42, i32 %W_hi_43, i32 %W_hi_44, i32 %W_hi_45, i32 %W_hi_46, i32 %W_hi_47, i32 %W_hi_48, i32 %W_hi_49, i32 %W_hi_50, i32 %W_hi_51, i32 %W_hi_52, i32 %W_hi_53, i32 %W_hi_54, i32 %W_hi_55, i32 %W_hi_56, i32 %W_hi_57, i32 %W_hi_58, i32 %W_hi_59, i32 %W_hi_60, i32 %W_hi_61, i32 %W_hi_62, i32 %W_hi_63, i32 %sigmoid_lut, i32 %W_hc_0, i32 %W_hc_1, i32 %W_hc_2, i32 %W_hc_3, i32 %W_hc_4, i32 %W_hc_5, i32 %W_hc_6, i32 %W_hc_7, i32 %W_hc_8, i32 %W_hc_9, i32 %W_hc_10, i32 %W_hc_11, i32 %W_hc_12, i32 %W_hc_13, i32 %W_hc_14, i32 %W_hc_15, i32 %W_hc_16, i32 %W_hc_17, i32 %W_hc_18, i32 %W_hc_19, i32 %W_hc_20, i32 %W_hc_21, i32 %W_hc_22, i32 %W_hc_23, i32 %W_hc_24, i32 %W_hc_25, i32 %W_hc_26, i32 %W_hc_27, i32 %W_hc_28, i32 %W_hc_29, i32 %W_hc_30, i32 %W_hc_31, i32 %W_hc_32, i32 %W_hc_33, i32 %W_hc_34, i32 %W_hc_35, i32 %W_hc_36, i32 %W_hc_37, i32 %W_hc_38, i32 %W_hc_39, i32 %W_hc_40, i32 %W_hc_41, i32 %W_hc_42, i32 %W_hc_43, i32 %W_hc_44, i32 %W_hc_45, i32 %W_hc_46, i32 %W_hc_47, i32 %W_hc_48, i32 %W_hc_49, i32 %W_hc_50, i32 %W_hc_51, i32 %W_hc_52, i32 %W_hc_53, i32 %W_hc_54, i32 %W_hc_55, i32 %W_hc_56, i32 %W_hc_57, i32 %W_hc_58, i32 %W_hc_59, i32 %W_hc_60, i32 %W_hc_61, i32 %W_hc_62, i32 %W_hc_63, i32 %tanh_lut, i32 %W_ho_0, i32 %W_ho_1, i32 %W_ho_2, i32 %W_ho_3, i32 %W_ho_4, i32 %W_ho_5, i32 %W_ho_6, i32 %W_ho_7, i32 %W_ho_8, i32 %W_ho_9, i32 %W_ho_10, i32 %W_ho_11, i32 %W_ho_12, i32 %W_ho_13, i32 %W_ho_14, i32 %W_ho_15, i32 %W_ho_16, i32 %W_ho_17, i32 %W_ho_18, i32 %W_ho_19, i32 %W_ho_20, i32 %W_ho_21, i32 %W_ho_22, i32 %W_ho_23, i32 %W_ho_24, i32 %W_ho_25, i32 %W_ho_26, i32 %W_ho_27, i32 %W_ho_28, i32 %W_ho_29, i32 %W_ho_30, i32 %W_ho_31, i32 %W_ho_32, i32 %W_ho_33, i32 %W_ho_34, i32 %W_ho_35, i32 %W_ho_36, i32 %W_ho_37, i32 %W_ho_38, i32 %W_ho_39, i32 %W_ho_40, i32 %W_ho_41, i32 %W_ho_42, i32 %W_ho_43, i32 %W_ho_44, i32 %W_ho_45, i32 %W_ho_46, i32 %W_ho_47, i32 %W_ho_48, i32 %W_ho_49, i32 %W_ho_50, i32 %W_ho_51, i32 %W_ho_52, i32 %W_ho_53, i32 %W_ho_54, i32 %W_ho_55, i32 %W_ho_56, i32 %W_ho_57, i32 %W_ho_58, i32 %W_ho_59, i32 %W_ho_60, i32 %W_ho_61, i32 %W_ho_62, i32 %W_ho_63, i32 %sigmoid_lut99, i32 %tanh_lut100" [/home/jrk/vivado/zc706/sdk/wksp1/zc706_lstm_kernels/src/krnl_lstm.cpp:457]   --->   Operation 16 'call' 'call_ln457' <Predicate = true> <Delay = 0.00> <CoreType = "Generic">   --->   Core 0 '' <Latency = 0> <II = 1> <Delay = 1.00> <Generic> <Opcode : >

State 5 <SV = 4> <Delay = 0.00>
ST_5 : Operation 17 [1/2] (0.00ns)   --->   "%call_ln457 = call void @krnl_lstm_str, i32 %W_0, i32 %W_1, i32 %W_2, i32 %W_3, i32 %W_4, i32 %W_5, i32 %W_6, i32 %W_7, i32 %W_8, i32 %W_9, i32 %W_10, i32 %W_11, i32 %W_12, i32 %W_13, i32 %W_14, i32 %W_15, i32 %W_16, i32 %W_17, i32 %W_18, i32 %W_19, i32 %W_20, i32 %W_21, i32 %W_22, i32 %W_23, i32 %W_24, i32 %W_25, i32 %W_26, i32 %W_27, i32 %W_28, i32 %W_29, i32 %W_30, i32 %W_31, i32 %W_32, i32 %W_33, i32 %W_34, i32 %W_35, i32 %W_36, i32 %W_37, i32 %W_38, i32 %W_39, i32 %W_40, i32 %W_41, i32 %W_42, i32 %W_43, i32 %W_44, i32 %W_45, i32 %W_46, i32 %W_47, i32 %W_48, i32 %W_49, i32 %W_50, i32 %W_51, i32 %W_52, i32 %W_53, i32 %W_54, i32 %W_55, i32 %W_56, i32 %W_57, i32 %W_58, i32 %W_59, i32 %W_60, i32 %W_61, i32 %W_62, i32 %W_63, i32 %y_h_str, i32 %x_str, i32 %W_xf, i32 %W_xi, i32 %W_xc, i32 %W_xo, i32 %B_f, i32 %B_i, i32 %B_c, i32 %B_o, i32 %W_hf_0, i32 %W_hf_1, i32 %W_hf_2, i32 %W_hf_3, i32 %W_hf_4, i32 %W_hf_5, i32 %W_hf_6, i32 %W_hf_7, i32 %W_hf_8, i32 %W_hf_9, i32 %W_hf_10, i32 %W_hf_11, i32 %W_hf_12, i32 %W_hf_13, i32 %W_hf_14, i32 %W_hf_15, i32 %W_hf_16, i32 %W_hf_17, i32 %W_hf_18, i32 %W_hf_19, i32 %W_hf_20, i32 %W_hf_21, i32 %W_hf_22, i32 %W_hf_23, i32 %W_hf_24, i32 %W_hf_25, i32 %W_hf_26, i32 %W_hf_27, i32 %W_hf_28, i32 %W_hf_29, i32 %W_hf_30, i32 %W_hf_31, i32 %W_hf_32, i32 %W_hf_33, i32 %W_hf_34, i32 %W_hf_35, i32 %W_hf_36, i32 %W_hf_37, i32 %W_hf_38, i32 %W_hf_39, i32 %W_hf_40, i32 %W_hf_41, i32 %W_hf_42, i32 %W_hf_43, i32 %W_hf_44, i32 %W_hf_45, i32 %W_hf_46, i32 %W_hf_47, i32 %W_hf_48, i32 %W_hf_49, i32 %W_hf_50, i32 %W_hf_51, i32 %W_hf_52, i32 %W_hf_53, i32 %W_hf_54, i32 %W_hf_55, i32 %W_hf_56, i32 %W_hf_57, i32 %W_hf_58, i32 %W_hf_59, i32 %W_hf_60, i32 %W_hf_61, i32 %W_hf_62, i32 %W_hf_63, i32 %sigmoid_lut98, i32 %W_hi_0, i32 %W_hi_1, i32 %W_hi_2, i32 %W_hi_3, i32 %W_hi_4, i32 %W_hi_5, i32 %W_hi_6, i32 %W_hi_7, i32 %W_hi_8, i32 %W_hi_9, i32 %W_hi_10, i32 %W_hi_11, i32 %W_hi_12, i32 %W_hi_13, i32 %W_hi_14, i32 %W_hi_15, i32 %W_hi_16, i32 %W_hi_17, i32 %W_hi_18, i32 %W_hi_19, i32 %W_hi_20, i32 %W_hi_21, i32 %W_hi_22, i32 %W_hi_23, i32 %W_hi_24, i32 %W_hi_25, i32 %W_hi_26, i32 %W_hi_27, i32 %W_hi_28, i32 %W_hi_29, i32 %W_hi_30, i32 %W_hi_31, i32 %W_hi_32, i32 %W_hi_33, i32 %W_hi_34, i32 %W_hi_35, i32 %W_hi_36, i32 %W_hi_37, i32 %W_hi_38, i32 %W_hi_39, i32 %W_hi_40, i32 %W_hi_41, i32 %W_hi_42, i32 %W_hi_43, i32 %W_hi_44, i32 %W_hi_45, i32 %W_hi_46, i32 %W_hi_47, i32 %W_hi_48, i32 %W_hi_49, i32 %W_hi_50, i32 %W_hi_51, i32 %W_hi_52, i32 %W_hi_53, i32 %W_hi_54, i32 %W_hi_55, i32 %W_hi_56, i32 %W_hi_57, i32 %W_hi_58, i32 %W_hi_59, i32 %W_hi_60, i32 %W_hi_61, i32 %W_hi_62, i32 %W_hi_63, i32 %sigmoid_lut, i32 %W_hc_0, i32 %W_hc_1, i32 %W_hc_2, i32 %W_hc_3, i32 %W_hc_4, i32 %W_hc_5, i32 %W_hc_6, i32 %W_hc_7, i32 %W_hc_8, i32 %W_hc_9, i32 %W_hc_10, i32 %W_hc_11, i32 %W_hc_12, i32 %W_hc_13, i32 %W_hc_14, i32 %W_hc_15, i32 %W_hc_16, i32 %W_hc_17, i32 %W_hc_18, i32 %W_hc_19, i32 %W_hc_20, i32 %W_hc_21, i32 %W_hc_22, i32 %W_hc_23, i32 %W_hc_24, i32 %W_hc_25, i32 %W_hc_26, i32 %W_hc_27, i32 %W_hc_28, i32 %W_hc_29, i32 %W_hc_30, i32 %W_hc_31, i32 %W_hc_32, i32 %W_hc_33, i32 %W_hc_34, i32 %W_hc_35, i32 %W_hc_36, i32 %W_hc_37, i32 %W_hc_38, i32 %W_hc_39, i32 %W_hc_40, i32 %W_hc_41, i32 %W_hc_42, i32 %W_hc_43, i32 %W_hc_44, i32 %W_hc_45, i32 %W_hc_46, i32 %W_hc_47, i32 %W_hc_48, i32 %W_hc_49, i32 %W_hc_50, i32 %W_hc_51, i32 %W_hc_52, i32 %W_hc_53, i32 %W_hc_54, i32 %W_hc_55, i32 %W_hc_56, i32 %W_hc_57, i32 %W_hc_58, i32 %W_hc_59, i32 %W_hc_60, i32 %W_hc_61, i32 %W_hc_62, i32 %W_hc_63, i32 %tanh_lut, i32 %W_ho_0, i32 %W_ho_1, i32 %W_ho_2, i32 %W_ho_3, i32 %W_ho_4, i32 %W_ho_5, i32 %W_ho_6, i32 %W_ho_7, i32 %W_ho_8, i32 %W_ho_9, i32 %W_ho_10, i32 %W_ho_11, i32 %W_ho_12, i32 %W_ho_13, i32 %W_ho_14, i32 %W_ho_15, i32 %W_ho_16, i32 %W_ho_17, i32 %W_ho_18, i32 %W_ho_19, i32 %W_ho_20, i32 %W_ho_21, i32 %W_ho_22, i32 %W_ho_23, i32 %W_ho_24, i32 %W_ho_25, i32 %W_ho_26, i32 %W_ho_27, i32 %W_ho_28, i32 %W_ho_29, i32 %W_ho_30, i32 %W_ho_31, i32 %W_ho_32, i32 %W_ho_33, i32 %W_ho_34, i32 %W_ho_35, i32 %W_ho_36, i32 %W_ho_37, i32 %W_ho_38, i32 %W_ho_39, i32 %W_ho_40, i32 %W_ho_41, i32 %W_ho_42, i32 %W_ho_43, i32 %W_ho_44, i32 %W_ho_45, i32 %W_ho_46, i32 %W_ho_47, i32 %W_ho_48, i32 %W_ho_49, i32 %W_ho_50, i32 %W_ho_51, i32 %W_ho_52, i32 %W_ho_53, i32 %W_ho_54, i32 %W_ho_55, i32 %W_ho_56, i32 %W_ho_57, i32 %W_ho_58, i32 %W_ho_59, i32 %W_ho_60, i32 %W_ho_61, i32 %W_ho_62, i32 %W_ho_63, i32 %sigmoid_lut99, i32 %tanh_lut100" [/home/jrk/vivado/zc706/sdk/wksp1/zc706_lstm_kernels/src/krnl_lstm.cpp:457]   --->   Operation 17 'call' 'call_ln457' <Predicate = true> <Delay = 0.00> <CoreType = "Generic">   --->   Core 0 '' <Latency = 0> <II = 1> <Delay = 1.00> <Generic> <Opcode : >

State 6 <SV = 5> <Delay = 0.00>
ST_6 : Operation 18 [2/2] (0.00ns)   --->   "%call_ln458 = call void @write_output, i256 %gmem, i32 %y_h_c, i32 %y_h_str" [/home/jrk/vivado/zc706/sdk/wksp1/zc706_lstm_kernels/src/krnl_lstm.cpp:458]   --->   Operation 18 'call' 'call_ln458' <Predicate = true> <Delay = 0.00> <CoreType = "Generic">   --->   Core 0 '' <Latency = 0> <II = 1> <Delay = 1.00> <Generic> <Opcode : >

State 7 <SV = 6> <Delay = 0.00>
ST_7 : Operation 19 [1/1] (0.00ns)   --->   "%specdataflowpipeline_ln0 = specdataflowpipeline void @_ssdm_op_SpecDataflowPipeline, i32 4294967295, i32 0, void @empty_11"   --->   Operation 19 'specdataflowpipeline' 'specdataflowpipeline_ln0' <Predicate = true> <Delay = 0.00>
ST_7 : Operation 20 [1/1] (0.00ns)   --->   "%empty = specchannel i32 @_ssdm_op_SpecChannel, void @x_str_str, i32 1, void @p_str, void @p_str, i32 512, i32 512, i32 %x_str, i32 %x_str"   --->   Operation 20 'specchannel' 'empty' <Predicate = true> <Delay = 0.00>
ST_7 : Operation 21 [1/1] (0.00ns)   --->   "%empty_197 = specchannel i32 @_ssdm_op_SpecChannel, void @y_h_str_str, i32 1, void @p_str, void @p_str, i32 512, i32 512, i32 %y_h_str, i32 %y_h_str"   --->   Operation 21 'specchannel' 'empty_197' <Predicate = true> <Delay = 0.00>
ST_7 : Operation 22 [1/1] (0.00ns)   --->   "%spectopmodule_ln0 = spectopmodule void @_ssdm_op_SpecTopModule, void @empty_9"   --->   Operation 22 'spectopmodule' 'spectopmodule_ln0' <Predicate = true> <Delay = 0.00>
ST_7 : Operation 23 [1/1] (0.00ns)   --->   "%specinterface_ln0 = specinterface void @_ssdm_op_SpecInterface, i32 0, void @empty_0, i32 0, i32 0, void @empty_11, i32 0, i32 0, void @empty_11, void @empty_11, void @empty_11, i32 0, i32 0, i32 0, i32 0, void @empty_11, void @empty_11"   --->   Operation 23 'specinterface' 'specinterface_ln0' <Predicate = true> <Delay = 0.00>
ST_7 : Operation 24 [1/1] (0.00ns)   --->   "%specinterface_ln0 = specinterface void @_ssdm_op_SpecInterface, i256 %gmem, void @empty_13, i32 0, i32 0, void @empty_11, i32 64, i32 0, void @empty_2, void @empty_10, void @empty_11, i32 16, i32 16, i32 16, i32 16, void @empty_11, void @empty_11"   --->   Operation 24 'specinterface' 'specinterface_ln0' <Predicate = true> <Delay = 0.00>
ST_7 : Operation 25 [1/1] (0.00ns)   --->   "%specbitsmap_ln0 = specbitsmap void @_ssdm_op_SpecBitsMap, i256 %gmem"   --->   Operation 25 'specbitsmap' 'specbitsmap_ln0' <Predicate = true> <Delay = 0.00>
ST_7 : Operation 26 [1/1] (0.00ns)   --->   "%specinterface_ln0 = specinterface void @_ssdm_op_SpecInterface, i32 %x, void @empty_14, i32 0, i32 0, void @empty_11, i32 0, i32 0, void @empty_1, void @empty_8, void @empty_11, i32 0, i32 0, i32 0, i32 0, void @empty_11, void @empty"   --->   Operation 26 'specinterface' 'specinterface_ln0' <Predicate = true> <Delay = 0.00>
ST_7 : Operation 27 [1/1] (0.00ns)   --->   "%specinterface_ln0 = specinterface void @_ssdm_op_SpecInterface, i32 %x, void @empty_12, i32 0, i32 0, void @empty_11, i32 0, i32 0, void @empty_11, void @empty_11, void @empty_11, i32 0, i32 0, i32 0, i32 0, void @empty_11, void @empty"   --->   Operation 27 'specinterface' 'specinterface_ln0' <Predicate = true> <Delay = 0.00>
ST_7 : Operation 28 [1/1] (0.00ns)   --->   "%specinterface_ln0 = specinterface void @_ssdm_op_SpecInterface, i32 %y_h, void @empty_14, i32 0, i32 0, void @empty_11, i32 0, i32 0, void @empty_1, void @empty_6, void @empty_11, i32 0, i32 0, i32 0, i32 0, void @empty_11, void @empty"   --->   Operation 28 'specinterface' 'specinterface_ln0' <Predicate = true> <Delay = 0.00>
ST_7 : Operation 29 [1/1] (0.00ns)   --->   "%specinterface_ln0 = specinterface void @_ssdm_op_SpecInterface, i32 %y_h, void @empty_12, i32 0, i32 0, void @empty_11, i32 0, i32 0, void @empty_11, void @empty_11, void @empty_11, i32 0, i32 0, i32 0, i32 0, void @empty_11, void @empty"   --->   Operation 29 'specinterface' 'specinterface_ln0' <Predicate = true> <Delay = 0.00>
ST_7 : Operation 30 [1/1] (0.00ns)   --->   "%specinterface_ln0 = specinterface void @_ssdm_op_SpecInterface, i32 0, void @empty_14, i32 0, i32 0, void @empty_11, i32 0, i32 0, void @empty_1, void @empty_11, void @empty_11, i32 0, i32 0, i32 0, i32 0, void @empty_11, void @empty_11"   --->   Operation 30 'specinterface' 'specinterface_ln0' <Predicate = true> <Delay = 0.00>
ST_7 : Operation 31 [1/1] (0.00ns)   --->   "%specinterface_ln0 = specinterface void @_ssdm_op_SpecInterface, i32 %x_str, void @empty_7, i32 0, i32 0, void @empty_11, i32 0, i32 0, void @empty_11, void @empty_11, void @empty_11, i32 0, i32 0, i32 0, i32 0, void @empty_11, void @empty_11"   --->   Operation 31 'specinterface' 'specinterface_ln0' <Predicate = true> <Delay = 0.00>
ST_7 : Operation 32 [1/1] (0.00ns)   --->   "%specinterface_ln0 = specinterface void @_ssdm_op_SpecInterface, i32 %y_h_str, void @empty_7, i32 0, i32 0, void @empty_11, i32 0, i32 0, void @empty_11, void @empty_11, void @empty_11, i32 0, i32 0, i32 0, i32 0, void @empty_11, void @empty_11"   --->   Operation 32 'specinterface' 'specinterface_ln0' <Predicate = true> <Delay = 0.00>
ST_7 : Operation 33 [1/1] (0.00ns)   --->   "%empty_198 = specchannel i32 @_ssdm_op_SpecChannel, void @y_h_c_str, i32 1, void @p_str, void @p_str, i32 3, i32 0, i32 %y_h_c, i32 %y_h_c" [/home/jrk/vivado/zc706/sdk/wksp1/zc706_lstm_kernels/src/krnl_lstm.cpp:435]   --->   Operation 33 'specchannel' 'empty_198' <Predicate = true> <Delay = 0.00>
ST_7 : Operation 34 [1/1] (0.00ns)   --->   "%specinterface_ln435 = specinterface void @_ssdm_op_SpecInterface, i32 %y_h_c, void @ap_fifo_str, i32 0, i32 0, void @p_str, i32 0, i32 0, void @p_str, void @p_str, void @p_str, i32 2, i32 2, i32 16, i32 16, void @p_str, void @p_str" [/home/jrk/vivado/zc706/sdk/wksp1/zc706_lstm_kernels/src/krnl_lstm.cpp:435]   --->   Operation 34 'specinterface' 'specinterface_ln435' <Predicate = true> <Delay = 0.00>
ST_7 : Operation 35 [1/1] (0.00ns)   --->   "%empty_199 = specchannel i32 @_ssdm_op_SpecChannel, void @x_c_str, i32 1, void @p_str, void @p_str, i32 2, i32 0, i32 %x_c, i32 %x_c" [/home/jrk/vivado/zc706/sdk/wksp1/zc706_lstm_kernels/src/krnl_lstm.cpp:435]   --->   Operation 35 'specchannel' 'empty_199' <Predicate = true> <Delay = 0.00>
ST_7 : Operation 36 [1/1] (0.00ns)   --->   "%specinterface_ln435 = specinterface void @_ssdm_op_SpecInterface, i32 %x_c, void @ap_fifo_str, i32 0, i32 0, void @p_str, i32 0, i32 0, void @p_str, void @p_str, void @p_str, i32 2, i32 2, i32 16, i32 16, void @p_str, void @p_str" [/home/jrk/vivado/zc706/sdk/wksp1/zc706_lstm_kernels/src/krnl_lstm.cpp:435]   --->   Operation 36 'specinterface' 'specinterface_ln435' <Predicate = true> <Delay = 0.00>
ST_7 : Operation 37 [1/1] (0.00ns)   --->   "%empty_200 = specchannel i32 @_ssdm_op_SpecChannel, void @y_h_c1_str, i32 1, void @p_str, void @p_str, i32 2, i32 0, i32 %y_h_c1, i32 %y_h_c1" [/home/jrk/vivado/zc706/sdk/wksp1/zc706_lstm_kernels/src/krnl_lstm.cpp:435]   --->   Operation 37 'specchannel' 'empty_200' <Predicate = true> <Delay = 0.00>
ST_7 : Operation 38 [1/1] (0.00ns)   --->   "%specinterface_ln435 = specinterface void @_ssdm_op_SpecInterface, i32 %y_h_c1, void @ap_fifo_str, i32 0, i32 0, void @p_str, i32 0, i32 0, void @p_str, void @p_str, void @p_str, i32 2, i32 2, i32 16, i32 16, void @p_str, void @p_str" [/home/jrk/vivado/zc706/sdk/wksp1/zc706_lstm_kernels/src/krnl_lstm.cpp:435]   --->   Operation 38 'specinterface' 'specinterface_ln435' <Predicate = true> <Delay = 0.00>
ST_7 : Operation 39 [1/2] (0.00ns)   --->   "%call_ln458 = call void @write_output, i256 %gmem, i32 %y_h_c, i32 %y_h_str" [/home/jrk/vivado/zc706/sdk/wksp1/zc706_lstm_kernels/src/krnl_lstm.cpp:458]   --->   Operation 39 'call' 'call_ln458' <Predicate = true> <Delay = 0.00> <CoreType = "Generic">   --->   Core 0 '' <Latency = 0> <II = 1> <Delay = 1.00> <Generic> <Opcode : >
ST_7 : Operation 40 [1/1] (0.00ns)   --->   "%ret_ln484 = ret" [/home/jrk/vivado/zc706/sdk/wksp1/zc706_lstm_kernels/src/krnl_lstm.cpp:484]   --->   Operation 40 'ret' 'ret_ln484' <Predicate = true> <Delay = 0.00>


============================================================
+ Verbose Summary: Timing violations
============================================================
Target clock period: 10ns, clock uncertainty: 2.7ns.

 <State 1>: 4.4ns
The critical path consists of the following:
	wire read on port 'y_h' (/home/jrk/vivado/zc706/sdk/wksp1/zc706_lstm_kernels/src/krnl_lstm.cpp:435) [670]  (1 ns)
	'call' operation ('call_ln435', /home/jrk/vivado/zc706/sdk/wksp1/zc706_lstm_kernels/src/krnl_lstm.cpp:435) to 'krnl_lstm.entry3' [695]  (3.4 ns)

 <State 2>: 0ns
The critical path consists of the following:

 <State 3>: 0ns
The critical path consists of the following:

 <State 4>: 0ns
The critical path consists of the following:

 <State 5>: 0ns
The critical path consists of the following:

 <State 6>: 0ns
The critical path consists of the following:

 <State 7>: 0ns
The critical path consists of the following:


============================================================
+ Verbose Summary: Binding
============================================================
N/A
* FSMD analyzer results:
  - Output states:
 - Input state : 
  - Chain level:
	State 1
	State 2
	State 3
	State 4
	State 5
	State 6
	State 7


============================================================
+ Verbose Summary: Datapath Resource usage 
============================================================
N/A
