

================================================================
== Vitis HLS Report for 'krnl_dot45'
================================================================
* Date:           Tue Mar 16 16:14:09 2021

* Version:        2020.2 (Build 3064766 on Wed Nov 18 09:12:47 MST 2020)
* Project:        krnl_lstm
* Solution:       solution (Vitis Kernel Flow Target)
* Product family: zynq
* Target device:  xc7z045-ffg900-2


================================================================
== Performance Estimates
================================================================
+ Timing: 
    * Summary: 
    +--------+----------+----------+------------+
    |  Clock |  Target  | Estimated| Uncertainty|
    +--------+----------+----------+------------+
    |ap_clk  |  10.00 ns|  7.157 ns|     2.70 ns|
    +--------+----------+----------+------------+

+ Latency: 
    * Summary: 
    +---------+---------+----------+----------+-----+-----+----------+
    |  Latency (cycles) |  Latency (absolute) |  Interval | Pipeline |
    |   min   |   max   |    min   |    max   | min | max |   Type   |
    +---------+---------+----------+----------+-----+-----+----------+
    |       59|       59|  0.590 us|  0.590 us|   27|   27|  dataflow|
    +---------+---------+----------+----------+-----+-----+----------+

    + Detail: 
        * Instance: 
        N/A

        * Loop: 
        N/A

============================================================
+ Verbose Summary: Synthesis Manager
============================================================
InlineROM: 1
ExposeGlobal: 0
============================================================
+ Verbose Summary: CDFG Model
============================================================
IsTopModel: 0
ResetActiveHigh: 1
IsCombinational: 2
IsDatapathOnly: 0
HasWiredReturn: 1
HasMFsm: 0
HasVarLatency: 1
IsPipeline: 0
IsRtlPipelined: 0
IsInstanceOverlapped: 0
IsDontTouch: 0
HasImplIP: 0
IsGatedGlobalClock: 0


============================================================
+ Verbose Summary: Schedule
============================================================
* Number of FSM states : 5
* Pipeline : 0
* Dataflow Pipeline: 1
  DF-Pipeline-0: Size = 5, States = { 1 2 3 4 5 }

* FSM state transitions: 
1 --> 2 
2 --> 3 
3 --> 4 
4 --> 5 
5 --> 

* FSM state operations: 

State 1 <SV = 0> <Delay = 3.40>
ST_1 : Operation 6 [1/1] (0.00ns)   --->   "%p_read_116 = read i32 @_ssdm_op_Read.ap_auto.float, i32 %p_read31" [/home/jrk/vivado/zc706/sdk/wksp1/zc706_lstm_kernels/src/krnl_lstm.cpp:94]   --->   Operation 6 'read' 'p_read_116' <Predicate = true> <Delay = 0.00>
ST_1 : Operation 7 [1/1] (0.00ns)   --->   "%p_read3062 = read i32 @_ssdm_op_Read.ap_auto.float, i32 %p_read30" [/home/jrk/vivado/zc706/sdk/wksp1/zc706_lstm_kernels/src/krnl_lstm.cpp:94]   --->   Operation 7 'read' 'p_read3062' <Predicate = true> <Delay = 0.00>
ST_1 : Operation 8 [1/1] (0.00ns)   --->   "%p_read_117 = read i32 @_ssdm_op_Read.ap_auto.float, i32 %p_read29" [/home/jrk/vivado/zc706/sdk/wksp1/zc706_lstm_kernels/src/krnl_lstm.cpp:94]   --->   Operation 8 'read' 'p_read_117' <Predicate = true> <Delay = 0.00>
ST_1 : Operation 9 [1/1] (0.00ns)   --->   "%p_read_118 = read i32 @_ssdm_op_Read.ap_auto.float, i32 %p_read28" [/home/jrk/vivado/zc706/sdk/wksp1/zc706_lstm_kernels/src/krnl_lstm.cpp:94]   --->   Operation 9 'read' 'p_read_118' <Predicate = true> <Delay = 0.00>
ST_1 : Operation 10 [1/1] (0.00ns)   --->   "%p_read_119 = read i32 @_ssdm_op_Read.ap_auto.float, i32 %p_read27" [/home/jrk/vivado/zc706/sdk/wksp1/zc706_lstm_kernels/src/krnl_lstm.cpp:94]   --->   Operation 10 'read' 'p_read_119' <Predicate = true> <Delay = 0.00>
ST_1 : Operation 11 [1/1] (0.00ns)   --->   "%p_read_120 = read i32 @_ssdm_op_Read.ap_auto.float, i32 %p_read26" [/home/jrk/vivado/zc706/sdk/wksp1/zc706_lstm_kernels/src/krnl_lstm.cpp:94]   --->   Operation 11 'read' 'p_read_120' <Predicate = true> <Delay = 0.00>
ST_1 : Operation 12 [1/1] (0.00ns)   --->   "%p_read_121 = read i32 @_ssdm_op_Read.ap_auto.float, i32 %p_read25" [/home/jrk/vivado/zc706/sdk/wksp1/zc706_lstm_kernels/src/krnl_lstm.cpp:94]   --->   Operation 12 'read' 'p_read_121' <Predicate = true> <Delay = 0.00>
ST_1 : Operation 13 [1/1] (0.00ns)   --->   "%p_read_122 = read i32 @_ssdm_op_Read.ap_auto.float, i32 %p_read24" [/home/jrk/vivado/zc706/sdk/wksp1/zc706_lstm_kernels/src/krnl_lstm.cpp:94]   --->   Operation 13 'read' 'p_read_122' <Predicate = true> <Delay = 0.00>
ST_1 : Operation 14 [1/1] (0.00ns)   --->   "%p_read_123 = read i32 @_ssdm_op_Read.ap_auto.float, i32 %p_read23" [/home/jrk/vivado/zc706/sdk/wksp1/zc706_lstm_kernels/src/krnl_lstm.cpp:94]   --->   Operation 14 'read' 'p_read_123' <Predicate = true> <Delay = 0.00>
ST_1 : Operation 15 [1/1] (0.00ns)   --->   "%p_read_124 = read i32 @_ssdm_op_Read.ap_auto.float, i32 %p_read22" [/home/jrk/vivado/zc706/sdk/wksp1/zc706_lstm_kernels/src/krnl_lstm.cpp:94]   --->   Operation 15 'read' 'p_read_124' <Predicate = true> <Delay = 0.00>
ST_1 : Operation 16 [1/1] (0.00ns)   --->   "%p_read_125 = read i32 @_ssdm_op_Read.ap_auto.float, i32 %p_read21" [/home/jrk/vivado/zc706/sdk/wksp1/zc706_lstm_kernels/src/krnl_lstm.cpp:94]   --->   Operation 16 'read' 'p_read_125' <Predicate = true> <Delay = 0.00>
ST_1 : Operation 17 [1/1] (0.00ns)   --->   "%p_read2052 = read i32 @_ssdm_op_Read.ap_auto.float, i32 %p_read20" [/home/jrk/vivado/zc706/sdk/wksp1/zc706_lstm_kernels/src/krnl_lstm.cpp:94]   --->   Operation 17 'read' 'p_read2052' <Predicate = true> <Delay = 0.00>
ST_1 : Operation 18 [1/1] (0.00ns)   --->   "%p_read_126 = read i32 @_ssdm_op_Read.ap_auto.float, i32 %p_read19" [/home/jrk/vivado/zc706/sdk/wksp1/zc706_lstm_kernels/src/krnl_lstm.cpp:94]   --->   Operation 18 'read' 'p_read_126' <Predicate = true> <Delay = 0.00>
ST_1 : Operation 19 [1/1] (0.00ns)   --->   "%p_read_127 = read i32 @_ssdm_op_Read.ap_auto.float, i32 %p_read18" [/home/jrk/vivado/zc706/sdk/wksp1/zc706_lstm_kernels/src/krnl_lstm.cpp:94]   --->   Operation 19 'read' 'p_read_127' <Predicate = true> <Delay = 0.00>
ST_1 : Operation 20 [1/1] (0.00ns)   --->   "%p_read_128 = read i32 @_ssdm_op_Read.ap_auto.float, i32 %p_read17" [/home/jrk/vivado/zc706/sdk/wksp1/zc706_lstm_kernels/src/krnl_lstm.cpp:94]   --->   Operation 20 'read' 'p_read_128' <Predicate = true> <Delay = 0.00>
ST_1 : Operation 21 [1/1] (0.00ns)   --->   "%p_read_129 = read i32 @_ssdm_op_Read.ap_auto.float, i32 %p_read16" [/home/jrk/vivado/zc706/sdk/wksp1/zc706_lstm_kernels/src/krnl_lstm.cpp:94]   --->   Operation 21 'read' 'p_read_129' <Predicate = true> <Delay = 0.00>
ST_1 : Operation 22 [1/1] (0.00ns)   --->   "%p_read_130 = read i32 @_ssdm_op_Read.ap_auto.float, i32 %p_read15" [/home/jrk/vivado/zc706/sdk/wksp1/zc706_lstm_kernels/src/krnl_lstm.cpp:94]   --->   Operation 22 'read' 'p_read_130' <Predicate = true> <Delay = 0.00>
ST_1 : Operation 23 [1/1] (0.00ns)   --->   "%p_read_131 = read i32 @_ssdm_op_Read.ap_auto.float, i32 %p_read14" [/home/jrk/vivado/zc706/sdk/wksp1/zc706_lstm_kernels/src/krnl_lstm.cpp:94]   --->   Operation 23 'read' 'p_read_131' <Predicate = true> <Delay = 0.00>
ST_1 : Operation 24 [1/1] (0.00ns)   --->   "%p_read_132 = read i32 @_ssdm_op_Read.ap_auto.float, i32 %p_read13" [/home/jrk/vivado/zc706/sdk/wksp1/zc706_lstm_kernels/src/krnl_lstm.cpp:94]   --->   Operation 24 'read' 'p_read_132' <Predicate = true> <Delay = 0.00>
ST_1 : Operation 25 [1/1] (0.00ns)   --->   "%p_read_133 = read i32 @_ssdm_op_Read.ap_auto.float, i32 %p_read12" [/home/jrk/vivado/zc706/sdk/wksp1/zc706_lstm_kernels/src/krnl_lstm.cpp:94]   --->   Operation 25 'read' 'p_read_133' <Predicate = true> <Delay = 0.00>
ST_1 : Operation 26 [1/1] (0.00ns)   --->   "%p_read_134 = read i32 @_ssdm_op_Read.ap_auto.float, i32 %p_read11" [/home/jrk/vivado/zc706/sdk/wksp1/zc706_lstm_kernels/src/krnl_lstm.cpp:94]   --->   Operation 26 'read' 'p_read_134' <Predicate = true> <Delay = 0.00>
ST_1 : Operation 27 [1/1] (0.00ns)   --->   "%p_read1042 = read i32 @_ssdm_op_Read.ap_auto.float, i32 %p_read10" [/home/jrk/vivado/zc706/sdk/wksp1/zc706_lstm_kernels/src/krnl_lstm.cpp:94]   --->   Operation 27 'read' 'p_read1042' <Predicate = true> <Delay = 0.00>
ST_1 : Operation 28 [1/1] (0.00ns)   --->   "%p_read941 = read i32 @_ssdm_op_Read.ap_auto.float, i32 %p_read9" [/home/jrk/vivado/zc706/sdk/wksp1/zc706_lstm_kernels/src/krnl_lstm.cpp:94]   --->   Operation 28 'read' 'p_read941' <Predicate = true> <Delay = 0.00>
ST_1 : Operation 29 [1/1] (0.00ns)   --->   "%p_read840 = read i32 @_ssdm_op_Read.ap_auto.float, i32 %p_read8" [/home/jrk/vivado/zc706/sdk/wksp1/zc706_lstm_kernels/src/krnl_lstm.cpp:94]   --->   Operation 29 'read' 'p_read840' <Predicate = true> <Delay = 0.00>
ST_1 : Operation 30 [1/1] (0.00ns)   --->   "%p_read739 = read i32 @_ssdm_op_Read.ap_auto.float, i32 %p_read7" [/home/jrk/vivado/zc706/sdk/wksp1/zc706_lstm_kernels/src/krnl_lstm.cpp:94]   --->   Operation 30 'read' 'p_read739' <Predicate = true> <Delay = 0.00>
ST_1 : Operation 31 [1/1] (0.00ns)   --->   "%p_read638 = read i32 @_ssdm_op_Read.ap_auto.float, i32 %p_read6" [/home/jrk/vivado/zc706/sdk/wksp1/zc706_lstm_kernels/src/krnl_lstm.cpp:94]   --->   Operation 31 'read' 'p_read638' <Predicate = true> <Delay = 0.00>
ST_1 : Operation 32 [1/1] (0.00ns)   --->   "%p_read537 = read i32 @_ssdm_op_Read.ap_auto.float, i32 %p_read5" [/home/jrk/vivado/zc706/sdk/wksp1/zc706_lstm_kernels/src/krnl_lstm.cpp:94]   --->   Operation 32 'read' 'p_read537' <Predicate = true> <Delay = 0.00>
ST_1 : Operation 33 [1/1] (0.00ns)   --->   "%p_read436 = read i32 @_ssdm_op_Read.ap_auto.float, i32 %p_read4" [/home/jrk/vivado/zc706/sdk/wksp1/zc706_lstm_kernels/src/krnl_lstm.cpp:94]   --->   Operation 33 'read' 'p_read436' <Predicate = true> <Delay = 0.00>
ST_1 : Operation 34 [1/1] (0.00ns)   --->   "%p_read335 = read i32 @_ssdm_op_Read.ap_auto.float, i32 %p_read3" [/home/jrk/vivado/zc706/sdk/wksp1/zc706_lstm_kernels/src/krnl_lstm.cpp:94]   --->   Operation 34 'read' 'p_read335' <Predicate = true> <Delay = 0.00>
ST_1 : Operation 35 [1/1] (0.00ns)   --->   "%p_read234 = read i32 @_ssdm_op_Read.ap_auto.float, i32 %p_read2" [/home/jrk/vivado/zc706/sdk/wksp1/zc706_lstm_kernels/src/krnl_lstm.cpp:94]   --->   Operation 35 'read' 'p_read234' <Predicate = true> <Delay = 0.00>
ST_1 : Operation 36 [1/1] (0.00ns)   --->   "%p_read133 = read i32 @_ssdm_op_Read.ap_auto.float, i32 %p_read1" [/home/jrk/vivado/zc706/sdk/wksp1/zc706_lstm_kernels/src/krnl_lstm.cpp:94]   --->   Operation 36 'read' 'p_read133' <Predicate = true> <Delay = 0.00>
ST_1 : Operation 37 [1/1] (0.00ns)   --->   "%p_read32 = read i32 @_ssdm_op_Read.ap_auto.float, i32 %p_read" [/home/jrk/vivado/zc706/sdk/wksp1/zc706_lstm_kernels/src/krnl_lstm.cpp:94]   --->   Operation 37 'read' 'p_read32' <Predicate = true> <Delay = 0.00>
ST_1 : Operation 38 [1/1] (0.00ns)   --->   "%p_in2_31_c_i = alloca i32 1" [/home/jrk/vivado/zc706/sdk/wksp1/zc706_lstm_kernels/src/krnl_lstm.cpp:94]   --->   Operation 38 'alloca' 'p_in2_31_c_i' <Predicate = true> <Delay = 0.00> <CoreInst = "FIFO_SRL">   --->   Core 81 'FIFO_SRL' <Latency = 0> <II = 1> <Delay = 3.40> <Storage> <Opcode : 'read' 'write' 'nbread' 'nbwrite'> <Ports = 0> <Width = 32> <Depth = 2> <FIFO>
ST_1 : Operation 39 [1/1] (0.00ns)   --->   "%p_in2_30_c_i = alloca i32 1" [/home/jrk/vivado/zc706/sdk/wksp1/zc706_lstm_kernels/src/krnl_lstm.cpp:94]   --->   Operation 39 'alloca' 'p_in2_30_c_i' <Predicate = true> <Delay = 0.00> <CoreInst = "FIFO_SRL">   --->   Core 81 'FIFO_SRL' <Latency = 0> <II = 1> <Delay = 3.40> <Storage> <Opcode : 'read' 'write' 'nbread' 'nbwrite'> <Ports = 0> <Width = 32> <Depth = 2> <FIFO>
ST_1 : Operation 40 [1/1] (0.00ns)   --->   "%p_in2_29_c_i = alloca i32 1" [/home/jrk/vivado/zc706/sdk/wksp1/zc706_lstm_kernels/src/krnl_lstm.cpp:94]   --->   Operation 40 'alloca' 'p_in2_29_c_i' <Predicate = true> <Delay = 0.00> <CoreInst = "FIFO_SRL">   --->   Core 81 'FIFO_SRL' <Latency = 0> <II = 1> <Delay = 3.40> <Storage> <Opcode : 'read' 'write' 'nbread' 'nbwrite'> <Ports = 0> <Width = 32> <Depth = 2> <FIFO>
ST_1 : Operation 41 [1/1] (0.00ns)   --->   "%p_in2_28_c_i = alloca i32 1" [/home/jrk/vivado/zc706/sdk/wksp1/zc706_lstm_kernels/src/krnl_lstm.cpp:94]   --->   Operation 41 'alloca' 'p_in2_28_c_i' <Predicate = true> <Delay = 0.00> <CoreInst = "FIFO_SRL">   --->   Core 81 'FIFO_SRL' <Latency = 0> <II = 1> <Delay = 3.40> <Storage> <Opcode : 'read' 'write' 'nbread' 'nbwrite'> <Ports = 0> <Width = 32> <Depth = 2> <FIFO>
ST_1 : Operation 42 [1/1] (0.00ns)   --->   "%p_in2_27_c_i = alloca i32 1" [/home/jrk/vivado/zc706/sdk/wksp1/zc706_lstm_kernels/src/krnl_lstm.cpp:94]   --->   Operation 42 'alloca' 'p_in2_27_c_i' <Predicate = true> <Delay = 0.00> <CoreInst = "FIFO_SRL">   --->   Core 81 'FIFO_SRL' <Latency = 0> <II = 1> <Delay = 3.40> <Storage> <Opcode : 'read' 'write' 'nbread' 'nbwrite'> <Ports = 0> <Width = 32> <Depth = 2> <FIFO>
ST_1 : Operation 43 [1/1] (0.00ns)   --->   "%p_in2_26_c_i = alloca i32 1" [/home/jrk/vivado/zc706/sdk/wksp1/zc706_lstm_kernels/src/krnl_lstm.cpp:94]   --->   Operation 43 'alloca' 'p_in2_26_c_i' <Predicate = true> <Delay = 0.00> <CoreInst = "FIFO_SRL">   --->   Core 81 'FIFO_SRL' <Latency = 0> <II = 1> <Delay = 3.40> <Storage> <Opcode : 'read' 'write' 'nbread' 'nbwrite'> <Ports = 0> <Width = 32> <Depth = 2> <FIFO>
ST_1 : Operation 44 [1/1] (0.00ns)   --->   "%p_in2_25_c_i = alloca i32 1" [/home/jrk/vivado/zc706/sdk/wksp1/zc706_lstm_kernels/src/krnl_lstm.cpp:94]   --->   Operation 44 'alloca' 'p_in2_25_c_i' <Predicate = true> <Delay = 0.00> <CoreInst = "FIFO_SRL">   --->   Core 81 'FIFO_SRL' <Latency = 0> <II = 1> <Delay = 3.40> <Storage> <Opcode : 'read' 'write' 'nbread' 'nbwrite'> <Ports = 0> <Width = 32> <Depth = 2> <FIFO>
ST_1 : Operation 45 [1/1] (0.00ns)   --->   "%p_in2_24_c_i = alloca i32 1" [/home/jrk/vivado/zc706/sdk/wksp1/zc706_lstm_kernels/src/krnl_lstm.cpp:94]   --->   Operation 45 'alloca' 'p_in2_24_c_i' <Predicate = true> <Delay = 0.00> <CoreInst = "FIFO_SRL">   --->   Core 81 'FIFO_SRL' <Latency = 0> <II = 1> <Delay = 3.40> <Storage> <Opcode : 'read' 'write' 'nbread' 'nbwrite'> <Ports = 0> <Width = 32> <Depth = 2> <FIFO>
ST_1 : Operation 46 [1/1] (0.00ns)   --->   "%p_in2_23_c_i = alloca i32 1" [/home/jrk/vivado/zc706/sdk/wksp1/zc706_lstm_kernels/src/krnl_lstm.cpp:94]   --->   Operation 46 'alloca' 'p_in2_23_c_i' <Predicate = true> <Delay = 0.00> <CoreInst = "FIFO_SRL">   --->   Core 81 'FIFO_SRL' <Latency = 0> <II = 1> <Delay = 3.40> <Storage> <Opcode : 'read' 'write' 'nbread' 'nbwrite'> <Ports = 0> <Width = 32> <Depth = 2> <FIFO>
ST_1 : Operation 47 [1/1] (0.00ns)   --->   "%p_in2_22_c_i = alloca i32 1" [/home/jrk/vivado/zc706/sdk/wksp1/zc706_lstm_kernels/src/krnl_lstm.cpp:94]   --->   Operation 47 'alloca' 'p_in2_22_c_i' <Predicate = true> <Delay = 0.00> <CoreInst = "FIFO_SRL">   --->   Core 81 'FIFO_SRL' <Latency = 0> <II = 1> <Delay = 3.40> <Storage> <Opcode : 'read' 'write' 'nbread' 'nbwrite'> <Ports = 0> <Width = 32> <Depth = 2> <FIFO>
ST_1 : Operation 48 [1/1] (0.00ns)   --->   "%p_in2_21_c_i = alloca i32 1" [/home/jrk/vivado/zc706/sdk/wksp1/zc706_lstm_kernels/src/krnl_lstm.cpp:94]   --->   Operation 48 'alloca' 'p_in2_21_c_i' <Predicate = true> <Delay = 0.00> <CoreInst = "FIFO_SRL">   --->   Core 81 'FIFO_SRL' <Latency = 0> <II = 1> <Delay = 3.40> <Storage> <Opcode : 'read' 'write' 'nbread' 'nbwrite'> <Ports = 0> <Width = 32> <Depth = 2> <FIFO>
ST_1 : Operation 49 [1/1] (0.00ns)   --->   "%p_in2_20_c_i = alloca i32 1" [/home/jrk/vivado/zc706/sdk/wksp1/zc706_lstm_kernels/src/krnl_lstm.cpp:94]   --->   Operation 49 'alloca' 'p_in2_20_c_i' <Predicate = true> <Delay = 0.00> <CoreInst = "FIFO_SRL">   --->   Core 81 'FIFO_SRL' <Latency = 0> <II = 1> <Delay = 3.40> <Storage> <Opcode : 'read' 'write' 'nbread' 'nbwrite'> <Ports = 0> <Width = 32> <Depth = 2> <FIFO>
ST_1 : Operation 50 [1/1] (0.00ns)   --->   "%p_in2_19_c_i = alloca i32 1" [/home/jrk/vivado/zc706/sdk/wksp1/zc706_lstm_kernels/src/krnl_lstm.cpp:94]   --->   Operation 50 'alloca' 'p_in2_19_c_i' <Predicate = true> <Delay = 0.00> <CoreInst = "FIFO_SRL">   --->   Core 81 'FIFO_SRL' <Latency = 0> <II = 1> <Delay = 3.40> <Storage> <Opcode : 'read' 'write' 'nbread' 'nbwrite'> <Ports = 0> <Width = 32> <Depth = 2> <FIFO>
ST_1 : Operation 51 [1/1] (0.00ns)   --->   "%p_in2_18_c_i = alloca i32 1" [/home/jrk/vivado/zc706/sdk/wksp1/zc706_lstm_kernels/src/krnl_lstm.cpp:94]   --->   Operation 51 'alloca' 'p_in2_18_c_i' <Predicate = true> <Delay = 0.00> <CoreInst = "FIFO_SRL">   --->   Core 81 'FIFO_SRL' <Latency = 0> <II = 1> <Delay = 3.40> <Storage> <Opcode : 'read' 'write' 'nbread' 'nbwrite'> <Ports = 0> <Width = 32> <Depth = 2> <FIFO>
ST_1 : Operation 52 [1/1] (0.00ns)   --->   "%p_in2_17_c_i = alloca i32 1" [/home/jrk/vivado/zc706/sdk/wksp1/zc706_lstm_kernels/src/krnl_lstm.cpp:94]   --->   Operation 52 'alloca' 'p_in2_17_c_i' <Predicate = true> <Delay = 0.00> <CoreInst = "FIFO_SRL">   --->   Core 81 'FIFO_SRL' <Latency = 0> <II = 1> <Delay = 3.40> <Storage> <Opcode : 'read' 'write' 'nbread' 'nbwrite'> <Ports = 0> <Width = 32> <Depth = 2> <FIFO>
ST_1 : Operation 53 [1/1] (0.00ns)   --->   "%p_in2_16_c_i = alloca i32 1" [/home/jrk/vivado/zc706/sdk/wksp1/zc706_lstm_kernels/src/krnl_lstm.cpp:94]   --->   Operation 53 'alloca' 'p_in2_16_c_i' <Predicate = true> <Delay = 0.00> <CoreInst = "FIFO_SRL">   --->   Core 81 'FIFO_SRL' <Latency = 0> <II = 1> <Delay = 3.40> <Storage> <Opcode : 'read' 'write' 'nbread' 'nbwrite'> <Ports = 0> <Width = 32> <Depth = 2> <FIFO>
ST_1 : Operation 54 [1/1] (0.00ns)   --->   "%p_in2_15_c_i = alloca i32 1" [/home/jrk/vivado/zc706/sdk/wksp1/zc706_lstm_kernels/src/krnl_lstm.cpp:94]   --->   Operation 54 'alloca' 'p_in2_15_c_i' <Predicate = true> <Delay = 0.00> <CoreInst = "FIFO_SRL">   --->   Core 81 'FIFO_SRL' <Latency = 0> <II = 1> <Delay = 3.40> <Storage> <Opcode : 'read' 'write' 'nbread' 'nbwrite'> <Ports = 0> <Width = 32> <Depth = 2> <FIFO>
ST_1 : Operation 55 [1/1] (0.00ns)   --->   "%p_in2_14_c_i = alloca i32 1" [/home/jrk/vivado/zc706/sdk/wksp1/zc706_lstm_kernels/src/krnl_lstm.cpp:94]   --->   Operation 55 'alloca' 'p_in2_14_c_i' <Predicate = true> <Delay = 0.00> <CoreInst = "FIFO_SRL">   --->   Core 81 'FIFO_SRL' <Latency = 0> <II = 1> <Delay = 3.40> <Storage> <Opcode : 'read' 'write' 'nbread' 'nbwrite'> <Ports = 0> <Width = 32> <Depth = 2> <FIFO>
ST_1 : Operation 56 [1/1] (0.00ns)   --->   "%p_in2_13_c_i = alloca i32 1" [/home/jrk/vivado/zc706/sdk/wksp1/zc706_lstm_kernels/src/krnl_lstm.cpp:94]   --->   Operation 56 'alloca' 'p_in2_13_c_i' <Predicate = true> <Delay = 0.00> <CoreInst = "FIFO_SRL">   --->   Core 81 'FIFO_SRL' <Latency = 0> <II = 1> <Delay = 3.40> <Storage> <Opcode : 'read' 'write' 'nbread' 'nbwrite'> <Ports = 0> <Width = 32> <Depth = 2> <FIFO>
ST_1 : Operation 57 [1/1] (0.00ns)   --->   "%p_in2_12_c_i = alloca i32 1" [/home/jrk/vivado/zc706/sdk/wksp1/zc706_lstm_kernels/src/krnl_lstm.cpp:94]   --->   Operation 57 'alloca' 'p_in2_12_c_i' <Predicate = true> <Delay = 0.00> <CoreInst = "FIFO_SRL">   --->   Core 81 'FIFO_SRL' <Latency = 0> <II = 1> <Delay = 3.40> <Storage> <Opcode : 'read' 'write' 'nbread' 'nbwrite'> <Ports = 0> <Width = 32> <Depth = 2> <FIFO>
ST_1 : Operation 58 [1/1] (0.00ns)   --->   "%p_in2_11_c_i = alloca i32 1" [/home/jrk/vivado/zc706/sdk/wksp1/zc706_lstm_kernels/src/krnl_lstm.cpp:94]   --->   Operation 58 'alloca' 'p_in2_11_c_i' <Predicate = true> <Delay = 0.00> <CoreInst = "FIFO_SRL">   --->   Core 81 'FIFO_SRL' <Latency = 0> <II = 1> <Delay = 3.40> <Storage> <Opcode : 'read' 'write' 'nbread' 'nbwrite'> <Ports = 0> <Width = 32> <Depth = 2> <FIFO>
ST_1 : Operation 59 [1/1] (0.00ns)   --->   "%p_in2_10_c_i = alloca i32 1" [/home/jrk/vivado/zc706/sdk/wksp1/zc706_lstm_kernels/src/krnl_lstm.cpp:94]   --->   Operation 59 'alloca' 'p_in2_10_c_i' <Predicate = true> <Delay = 0.00> <CoreInst = "FIFO_SRL">   --->   Core 81 'FIFO_SRL' <Latency = 0> <II = 1> <Delay = 3.40> <Storage> <Opcode : 'read' 'write' 'nbread' 'nbwrite'> <Ports = 0> <Width = 32> <Depth = 2> <FIFO>
ST_1 : Operation 60 [1/1] (0.00ns)   --->   "%p_in2_9_c_i = alloca i32 1" [/home/jrk/vivado/zc706/sdk/wksp1/zc706_lstm_kernels/src/krnl_lstm.cpp:94]   --->   Operation 60 'alloca' 'p_in2_9_c_i' <Predicate = true> <Delay = 0.00> <CoreInst = "FIFO_SRL">   --->   Core 81 'FIFO_SRL' <Latency = 0> <II = 1> <Delay = 3.40> <Storage> <Opcode : 'read' 'write' 'nbread' 'nbwrite'> <Ports = 0> <Width = 32> <Depth = 2> <FIFO>
ST_1 : Operation 61 [1/1] (0.00ns)   --->   "%p_in2_8_c_i = alloca i32 1" [/home/jrk/vivado/zc706/sdk/wksp1/zc706_lstm_kernels/src/krnl_lstm.cpp:94]   --->   Operation 61 'alloca' 'p_in2_8_c_i' <Predicate = true> <Delay = 0.00> <CoreInst = "FIFO_SRL">   --->   Core 81 'FIFO_SRL' <Latency = 0> <II = 1> <Delay = 3.40> <Storage> <Opcode : 'read' 'write' 'nbread' 'nbwrite'> <Ports = 0> <Width = 32> <Depth = 2> <FIFO>
ST_1 : Operation 62 [1/1] (0.00ns)   --->   "%p_in2_7_c_i = alloca i32 1" [/home/jrk/vivado/zc706/sdk/wksp1/zc706_lstm_kernels/src/krnl_lstm.cpp:94]   --->   Operation 62 'alloca' 'p_in2_7_c_i' <Predicate = true> <Delay = 0.00> <CoreInst = "FIFO_SRL">   --->   Core 81 'FIFO_SRL' <Latency = 0> <II = 1> <Delay = 3.40> <Storage> <Opcode : 'read' 'write' 'nbread' 'nbwrite'> <Ports = 0> <Width = 32> <Depth = 2> <FIFO>
ST_1 : Operation 63 [1/1] (0.00ns)   --->   "%p_in2_6_c_i = alloca i32 1" [/home/jrk/vivado/zc706/sdk/wksp1/zc706_lstm_kernels/src/krnl_lstm.cpp:94]   --->   Operation 63 'alloca' 'p_in2_6_c_i' <Predicate = true> <Delay = 0.00> <CoreInst = "FIFO_SRL">   --->   Core 81 'FIFO_SRL' <Latency = 0> <II = 1> <Delay = 3.40> <Storage> <Opcode : 'read' 'write' 'nbread' 'nbwrite'> <Ports = 0> <Width = 32> <Depth = 2> <FIFO>
ST_1 : Operation 64 [1/1] (0.00ns)   --->   "%p_in2_5_c_i = alloca i32 1" [/home/jrk/vivado/zc706/sdk/wksp1/zc706_lstm_kernels/src/krnl_lstm.cpp:94]   --->   Operation 64 'alloca' 'p_in2_5_c_i' <Predicate = true> <Delay = 0.00> <CoreInst = "FIFO_SRL">   --->   Core 81 'FIFO_SRL' <Latency = 0> <II = 1> <Delay = 3.40> <Storage> <Opcode : 'read' 'write' 'nbread' 'nbwrite'> <Ports = 0> <Width = 32> <Depth = 2> <FIFO>
ST_1 : Operation 65 [1/1] (0.00ns)   --->   "%p_in2_4_c_i = alloca i32 1" [/home/jrk/vivado/zc706/sdk/wksp1/zc706_lstm_kernels/src/krnl_lstm.cpp:94]   --->   Operation 65 'alloca' 'p_in2_4_c_i' <Predicate = true> <Delay = 0.00> <CoreInst = "FIFO_SRL">   --->   Core 81 'FIFO_SRL' <Latency = 0> <II = 1> <Delay = 3.40> <Storage> <Opcode : 'read' 'write' 'nbread' 'nbwrite'> <Ports = 0> <Width = 32> <Depth = 2> <FIFO>
ST_1 : Operation 66 [1/1] (0.00ns)   --->   "%p_in2_3_c_i = alloca i32 1" [/home/jrk/vivado/zc706/sdk/wksp1/zc706_lstm_kernels/src/krnl_lstm.cpp:94]   --->   Operation 66 'alloca' 'p_in2_3_c_i' <Predicate = true> <Delay = 0.00> <CoreInst = "FIFO_SRL">   --->   Core 81 'FIFO_SRL' <Latency = 0> <II = 1> <Delay = 3.40> <Storage> <Opcode : 'read' 'write' 'nbread' 'nbwrite'> <Ports = 0> <Width = 32> <Depth = 2> <FIFO>
ST_1 : Operation 67 [1/1] (0.00ns)   --->   "%p_in2_2_c_i = alloca i32 1" [/home/jrk/vivado/zc706/sdk/wksp1/zc706_lstm_kernels/src/krnl_lstm.cpp:94]   --->   Operation 67 'alloca' 'p_in2_2_c_i' <Predicate = true> <Delay = 0.00> <CoreInst = "FIFO_SRL">   --->   Core 81 'FIFO_SRL' <Latency = 0> <II = 1> <Delay = 3.40> <Storage> <Opcode : 'read' 'write' 'nbread' 'nbwrite'> <Ports = 0> <Width = 32> <Depth = 2> <FIFO>
ST_1 : Operation 68 [1/1] (0.00ns)   --->   "%p_in2_1_c_i = alloca i32 1" [/home/jrk/vivado/zc706/sdk/wksp1/zc706_lstm_kernels/src/krnl_lstm.cpp:94]   --->   Operation 68 'alloca' 'p_in2_1_c_i' <Predicate = true> <Delay = 0.00> <CoreInst = "FIFO_SRL">   --->   Core 81 'FIFO_SRL' <Latency = 0> <II = 1> <Delay = 3.40> <Storage> <Opcode : 'read' 'write' 'nbread' 'nbwrite'> <Ports = 0> <Width = 32> <Depth = 2> <FIFO>
ST_1 : Operation 69 [1/1] (0.00ns)   --->   "%p_in2_0_c_i = alloca i32 1" [/home/jrk/vivado/zc706/sdk/wksp1/zc706_lstm_kernels/src/krnl_lstm.cpp:94]   --->   Operation 69 'alloca' 'p_in2_0_c_i' <Predicate = true> <Delay = 0.00> <CoreInst = "FIFO_SRL">   --->   Core 81 'FIFO_SRL' <Latency = 0> <II = 1> <Delay = 3.40> <Storage> <Opcode : 'read' 'write' 'nbread' 'nbwrite'> <Ports = 0> <Width = 32> <Depth = 2> <FIFO>
ST_1 : Operation 70 [1/1] (0.00ns)   --->   "%p_in1_offset_c_i = alloca i32 1" [/home/jrk/vivado/zc706/sdk/wksp1/zc706_lstm_kernels/src/krnl_lstm.cpp:102]   --->   Operation 70 'alloca' 'p_in1_offset_c_i' <Predicate = true> <Delay = 0.00> <CoreInst = "FIFO_SRL">   --->   Core 81 'FIFO_SRL' <Latency = 0> <II = 1> <Delay = 3.40> <Storage> <Opcode : 'read' 'write' 'nbread' 'nbwrite'> <Ports = 0> <Width = 6> <Depth = 2> <FIFO>
ST_1 : Operation 71 [1/1] (0.00ns)   --->   "%str_in1 = alloca i32 1" [/home/jrk/vivado/zc706/sdk/wksp1/zc706_lstm_kernels/src/krnl_lstm.cpp:97]   --->   Operation 71 'alloca' 'str_in1' <Predicate = true> <Delay = 0.00> <CoreInst = "FIFO_SRL">   --->   Core 81 'FIFO_SRL' <Latency = 0> <II = 1> <Delay = 3.40> <Storage> <Opcode : 'read' 'write' 'nbread' 'nbwrite'> <Ports = 0> <Width = 1024> <Depth = 2> <FIFO>
ST_1 : Operation 72 [1/1] (0.00ns)   --->   "%str_in2 = alloca i32 1" [/home/jrk/vivado/zc706/sdk/wksp1/zc706_lstm_kernels/src/krnl_lstm.cpp:98]   --->   Operation 72 'alloca' 'str_in2' <Predicate = true> <Delay = 0.00> <CoreInst = "FIFO_SRL">   --->   Core 81 'FIFO_SRL' <Latency = 0> <II = 1> <Delay = 3.40> <Storage> <Opcode : 'read' 'write' 'nbread' 'nbwrite'> <Ports = 0> <Width = 1024> <Depth = 2> <FIFO>
ST_1 : Operation 73 [1/1] (3.40ns)   --->   "%call_ln94 = call void @krnl_dot45.entry125, i6 %p_in1_offset, i32 %p_read32, i32 %p_read133, i32 %p_read234, i32 %p_read335, i32 %p_read436, i32 %p_read537, i32 %p_read638, i32 %p_read739, i32 %p_read840, i32 %p_read941, i32 %p_read1042, i32 %p_read_134, i32 %p_read_133, i32 %p_read_132, i32 %p_read_131, i32 %p_read_130, i32 %p_read_129, i32 %p_read_128, i32 %p_read_127, i32 %p_read_126, i32 %p_read2052, i32 %p_read_125, i32 %p_read_124, i32 %p_read_123, i32 %p_read_122, i32 %p_read_121, i32 %p_read_120, i32 %p_read_119, i32 %p_read_118, i32 %p_read_117, i32 %p_read3062, i32 %p_read_116, i6 %p_in1_offset_c_i, i32 %p_in2_0_c_i, i32 %p_in2_1_c_i, i32 %p_in2_2_c_i, i32 %p_in2_3_c_i, i32 %p_in2_4_c_i, i32 %p_in2_5_c_i, i32 %p_in2_6_c_i, i32 %p_in2_7_c_i, i32 %p_in2_8_c_i, i32 %p_in2_9_c_i, i32 %p_in2_10_c_i, i32 %p_in2_11_c_i, i32 %p_in2_12_c_i, i32 %p_in2_13_c_i, i32 %p_in2_14_c_i, i32 %p_in2_15_c_i, i32 %p_in2_16_c_i, i32 %p_in2_17_c_i, i32 %p_in2_18_c_i, i32 %p_in2_19_c_i, i32 %p_in2_20_c_i, i32 %p_in2_21_c_i, i32 %p_in2_22_c_i, i32 %p_in2_23_c_i, i32 %p_in2_24_c_i, i32 %p_in2_25_c_i, i32 %p_in2_26_c_i, i32 %p_in2_27_c_i, i32 %p_in2_28_c_i, i32 %p_in2_29_c_i, i32 %p_in2_30_c_i, i32 %p_in2_31_c_i" [/home/jrk/vivado/zc706/sdk/wksp1/zc706_lstm_kernels/src/krnl_lstm.cpp:94]   --->   Operation 73 'call' 'call_ln94' <Predicate = true> <Delay = 3.40> <CoreType = "Generic">   --->   Core 0 '' <Latency = 0> <II = 1> <Delay = 1.00> <Generic> <Opcode : >

State 2 <SV = 1> <Delay = 0.00>
ST_2 : Operation 74 [2/2] (0.00ns)   --->   "%call_ln102 = call void @readVec2Stream<float, 32u>.155, i1024 %str_in1, i6 %p_in1_offset_c_i, i32 %W_hc_0, i32 %W_hc_1, i32 %W_hc_2, i32 %W_hc_3, i32 %W_hc_4, i32 %W_hc_5, i32 %W_hc_6, i32 %W_hc_7, i32 %W_hc_8, i32 %W_hc_9, i32 %W_hc_10, i32 %W_hc_11, i32 %W_hc_12, i32 %W_hc_13, i32 %W_hc_14, i32 %W_hc_15, i32 %W_hc_16, i32 %W_hc_17, i32 %W_hc_18, i32 %W_hc_19, i32 %W_hc_20, i32 %W_hc_21, i32 %W_hc_22, i32 %W_hc_23, i32 %W_hc_24, i32 %W_hc_25, i32 %W_hc_26, i32 %W_hc_27, i32 %W_hc_28, i32 %W_hc_29, i32 %W_hc_30, i32 %W_hc_31" [/home/jrk/vivado/zc706/sdk/wksp1/zc706_lstm_kernels/src/krnl_lstm.cpp:102]   --->   Operation 74 'call' 'call_ln102' <Predicate = true> <Delay = 0.00> <CoreType = "Generic">   --->   Core 0 '' <Latency = 0> <II = 1> <Delay = 1.00> <Generic> <Opcode : >

State 3 <SV = 2> <Delay = 0.00>
ST_3 : Operation 75 [1/2] (0.00ns)   --->   "%call_ln102 = call void @readVec2Stream<float, 32u>.155, i1024 %str_in1, i6 %p_in1_offset_c_i, i32 %W_hc_0, i32 %W_hc_1, i32 %W_hc_2, i32 %W_hc_3, i32 %W_hc_4, i32 %W_hc_5, i32 %W_hc_6, i32 %W_hc_7, i32 %W_hc_8, i32 %W_hc_9, i32 %W_hc_10, i32 %W_hc_11, i32 %W_hc_12, i32 %W_hc_13, i32 %W_hc_14, i32 %W_hc_15, i32 %W_hc_16, i32 %W_hc_17, i32 %W_hc_18, i32 %W_hc_19, i32 %W_hc_20, i32 %W_hc_21, i32 %W_hc_22, i32 %W_hc_23, i32 %W_hc_24, i32 %W_hc_25, i32 %W_hc_26, i32 %W_hc_27, i32 %W_hc_28, i32 %W_hc_29, i32 %W_hc_30, i32 %W_hc_31" [/home/jrk/vivado/zc706/sdk/wksp1/zc706_lstm_kernels/src/krnl_lstm.cpp:102]   --->   Operation 75 'call' 'call_ln102' <Predicate = true> <Delay = 0.00> <CoreType = "Generic">   --->   Core 0 '' <Latency = 0> <II = 1> <Delay = 1.00> <Generic> <Opcode : >
ST_3 : Operation 76 [1/1] (0.00ns)   --->   "%call_ln103 = call void @readVec2Stream<float, 32u>3956, i1024 %str_in2, i32 %p_in2_0_c_i, i32 %p_in2_1_c_i, i32 %p_in2_2_c_i, i32 %p_in2_3_c_i, i32 %p_in2_4_c_i, i32 %p_in2_5_c_i, i32 %p_in2_6_c_i, i32 %p_in2_7_c_i, i32 %p_in2_8_c_i, i32 %p_in2_9_c_i, i32 %p_in2_10_c_i, i32 %p_in2_11_c_i, i32 %p_in2_12_c_i, i32 %p_in2_13_c_i, i32 %p_in2_14_c_i, i32 %p_in2_15_c_i, i32 %p_in2_16_c_i, i32 %p_in2_17_c_i, i32 %p_in2_18_c_i, i32 %p_in2_19_c_i, i32 %p_in2_20_c_i, i32 %p_in2_21_c_i, i32 %p_in2_22_c_i, i32 %p_in2_23_c_i, i32 %p_in2_24_c_i, i32 %p_in2_25_c_i, i32 %p_in2_26_c_i, i32 %p_in2_27_c_i, i32 %p_in2_28_c_i, i32 %p_in2_29_c_i, i32 %p_in2_30_c_i, i32 %p_in2_31_c_i" [/home/jrk/vivado/zc706/sdk/wksp1/zc706_lstm_kernels/src/krnl_lstm.cpp:103]   --->   Operation 76 'call' 'call_ln103' <Predicate = true> <Delay = 0.00> <CoreType = "Generic">   --->   Core 0 '' <Latency = 0> <II = 1> <Delay = 1.00> <Generic> <Opcode : >

State 4 <SV = 3> <Delay = 0.00>
ST_4 : Operation 77 [2/2] (0.00ns)   --->   "%call_ln104 = call void @dot<float, 5u, unsigned int>4057, i1024 %str_in1, i1024 %str_in2, i32 %p_output" [/home/jrk/vivado/zc706/sdk/wksp1/zc706_lstm_kernels/src/krnl_lstm.cpp:104]   --->   Operation 77 'call' 'call_ln104' <Predicate = true> <Delay = 0.00> <CoreType = "Generic">   --->   Core 0 '' <Latency = 0> <II = 1> <Delay = 1.00> <Generic> <Opcode : >

State 5 <SV = 4> <Delay = 0.00>
ST_5 : Operation 78 [1/1] (0.00ns)   --->   "%specinterface_ln0 = specinterface void @_ssdm_op_SpecInterface, i6 %p_in1_offset, void @ap_fifo_str, i32 0, i32 0, void @p_str, i32 0, i32 0, void @p_str, void @p_str, void @p_str, i32 2, i32 2, i32 16, i32 16, void @p_str, void @ScalarProp_str"   --->   Operation 78 'specinterface' 'specinterface_ln0' <Predicate = true> <Delay = 0.00>
ST_5 : Operation 79 [1/1] (0.00ns)   --->   "%specdataflowpipeline_ln0 = specdataflowpipeline void @_ssdm_op_SpecDataflowPipeline, i32 4294967295, i32 0, void @empty_1"   --->   Operation 79 'specdataflowpipeline' 'specdataflowpipeline_ln0' <Predicate = true> <Delay = 0.00>
ST_5 : Operation 80 [1/1] (0.00ns)   --->   "%empty = specchannel i32 @_ssdm_op_SpecChannel, void @str_in1_str, i32 1, void @p_str, void @p_str, i32 2, i32 2, i1024 %str_in1, i1024 %str_in1"   --->   Operation 80 'specchannel' 'empty' <Predicate = true> <Delay = 0.00>
ST_5 : Operation 81 [1/1] (0.00ns)   --->   "%specinterface_ln0 = specinterface void @_ssdm_op_SpecInterface, i1024 %str_in1, void @empty_5, i32 0, i32 0, void @empty_1, i32 0, i32 0, void @empty_1, void @empty_1, void @empty_1, i32 0, i32 0, i32 0, i32 0, void @empty_1, void @empty_1"   --->   Operation 81 'specinterface' 'specinterface_ln0' <Predicate = true> <Delay = 0.00>
ST_5 : Operation 82 [1/1] (0.00ns)   --->   "%empty_150 = specchannel i32 @_ssdm_op_SpecChannel, void @str_in2_str, i32 1, void @p_str, void @p_str, i32 2, i32 2, i1024 %str_in2, i1024 %str_in2"   --->   Operation 82 'specchannel' 'empty_150' <Predicate = true> <Delay = 0.00>
ST_5 : Operation 83 [1/1] (0.00ns)   --->   "%specinterface_ln0 = specinterface void @_ssdm_op_SpecInterface, i1024 %str_in2, void @empty_5, i32 0, i32 0, void @empty_1, i32 0, i32 0, void @empty_1, void @empty_1, void @empty_1, i32 0, i32 0, i32 0, i32 0, void @empty_1, void @empty_1"   --->   Operation 83 'specinterface' 'specinterface_ln0' <Predicate = true> <Delay = 0.00>
ST_5 : Operation 84 [1/1] (0.00ns)   --->   "%empty_151 = specchannel i32 @_ssdm_op_SpecChannel, void @p_in1_OC_offset_c_str, i32 1, void @p_str, void @p_str, i32 2, i32 0, i6 %p_in1_offset_c_i, i6 %p_in1_offset_c_i" [/home/jrk/vivado/zc706/sdk/wksp1/zc706_lstm_kernels/src/krnl_lstm.cpp:102]   --->   Operation 84 'specchannel' 'empty_151' <Predicate = true> <Delay = 0.00>
ST_5 : Operation 85 [1/1] (0.00ns)   --->   "%specinterface_ln102 = specinterface void @_ssdm_op_SpecInterface, i6 %p_in1_offset_c_i, void @ap_fifo_str, i32 0, i32 0, void @p_str, i32 0, i32 0, void @p_str, void @p_str, void @p_str, i32 2, i32 2, i32 16, i32 16, void @p_str, void @p_str" [/home/jrk/vivado/zc706/sdk/wksp1/zc706_lstm_kernels/src/krnl_lstm.cpp:102]   --->   Operation 85 'specinterface' 'specinterface_ln102' <Predicate = true> <Delay = 0.00>
ST_5 : Operation 86 [1/1] (0.00ns)   --->   "%empty_152 = specchannel i32 @_ssdm_op_SpecChannel, void @p_in2_OC_0_c_str, i32 1, void @p_str, void @p_str, i32 2, i32 0, i32 %p_in2_0_c_i, i32 %p_in2_0_c_i" [/home/jrk/vivado/zc706/sdk/wksp1/zc706_lstm_kernels/src/krnl_lstm.cpp:94]   --->   Operation 86 'specchannel' 'empty_152' <Predicate = true> <Delay = 0.00>
ST_5 : Operation 87 [1/1] (0.00ns)   --->   "%specinterface_ln94 = specinterface void @_ssdm_op_SpecInterface, i32 %p_in2_0_c_i, void @ap_fifo_str, i32 0, i32 0, void @p_str, i32 0, i32 0, void @p_str, void @p_str, void @p_str, i32 2, i32 2, i32 16, i32 16, void @p_str, void @p_str" [/home/jrk/vivado/zc706/sdk/wksp1/zc706_lstm_kernels/src/krnl_lstm.cpp:94]   --->   Operation 87 'specinterface' 'specinterface_ln94' <Predicate = true> <Delay = 0.00>
ST_5 : Operation 88 [1/1] (0.00ns)   --->   "%empty_153 = specchannel i32 @_ssdm_op_SpecChannel, void @p_in2_OC_1_c_str, i32 1, void @p_str, void @p_str, i32 2, i32 0, i32 %p_in2_1_c_i, i32 %p_in2_1_c_i" [/home/jrk/vivado/zc706/sdk/wksp1/zc706_lstm_kernels/src/krnl_lstm.cpp:94]   --->   Operation 88 'specchannel' 'empty_153' <Predicate = true> <Delay = 0.00>
ST_5 : Operation 89 [1/1] (0.00ns)   --->   "%specinterface_ln94 = specinterface void @_ssdm_op_SpecInterface, i32 %p_in2_1_c_i, void @ap_fifo_str, i32 0, i32 0, void @p_str, i32 0, i32 0, void @p_str, void @p_str, void @p_str, i32 2, i32 2, i32 16, i32 16, void @p_str, void @p_str" [/home/jrk/vivado/zc706/sdk/wksp1/zc706_lstm_kernels/src/krnl_lstm.cpp:94]   --->   Operation 89 'specinterface' 'specinterface_ln94' <Predicate = true> <Delay = 0.00>
ST_5 : Operation 90 [1/1] (0.00ns)   --->   "%empty_154 = specchannel i32 @_ssdm_op_SpecChannel, void @p_in2_OC_2_c_str, i32 1, void @p_str, void @p_str, i32 2, i32 0, i32 %p_in2_2_c_i, i32 %p_in2_2_c_i" [/home/jrk/vivado/zc706/sdk/wksp1/zc706_lstm_kernels/src/krnl_lstm.cpp:94]   --->   Operation 90 'specchannel' 'empty_154' <Predicate = true> <Delay = 0.00>
ST_5 : Operation 91 [1/1] (0.00ns)   --->   "%specinterface_ln94 = specinterface void @_ssdm_op_SpecInterface, i32 %p_in2_2_c_i, void @ap_fifo_str, i32 0, i32 0, void @p_str, i32 0, i32 0, void @p_str, void @p_str, void @p_str, i32 2, i32 2, i32 16, i32 16, void @p_str, void @p_str" [/home/jrk/vivado/zc706/sdk/wksp1/zc706_lstm_kernels/src/krnl_lstm.cpp:94]   --->   Operation 91 'specinterface' 'specinterface_ln94' <Predicate = true> <Delay = 0.00>
ST_5 : Operation 92 [1/1] (0.00ns)   --->   "%empty_155 = specchannel i32 @_ssdm_op_SpecChannel, void @p_in2_OC_3_c_str, i32 1, void @p_str, void @p_str, i32 2, i32 0, i32 %p_in2_3_c_i, i32 %p_in2_3_c_i" [/home/jrk/vivado/zc706/sdk/wksp1/zc706_lstm_kernels/src/krnl_lstm.cpp:94]   --->   Operation 92 'specchannel' 'empty_155' <Predicate = true> <Delay = 0.00>
ST_5 : Operation 93 [1/1] (0.00ns)   --->   "%specinterface_ln94 = specinterface void @_ssdm_op_SpecInterface, i32 %p_in2_3_c_i, void @ap_fifo_str, i32 0, i32 0, void @p_str, i32 0, i32 0, void @p_str, void @p_str, void @p_str, i32 2, i32 2, i32 16, i32 16, void @p_str, void @p_str" [/home/jrk/vivado/zc706/sdk/wksp1/zc706_lstm_kernels/src/krnl_lstm.cpp:94]   --->   Operation 93 'specinterface' 'specinterface_ln94' <Predicate = true> <Delay = 0.00>
ST_5 : Operation 94 [1/1] (0.00ns)   --->   "%empty_156 = specchannel i32 @_ssdm_op_SpecChannel, void @p_in2_OC_4_c_str, i32 1, void @p_str, void @p_str, i32 2, i32 0, i32 %p_in2_4_c_i, i32 %p_in2_4_c_i" [/home/jrk/vivado/zc706/sdk/wksp1/zc706_lstm_kernels/src/krnl_lstm.cpp:94]   --->   Operation 94 'specchannel' 'empty_156' <Predicate = true> <Delay = 0.00>
ST_5 : Operation 95 [1/1] (0.00ns)   --->   "%specinterface_ln94 = specinterface void @_ssdm_op_SpecInterface, i32 %p_in2_4_c_i, void @ap_fifo_str, i32 0, i32 0, void @p_str, i32 0, i32 0, void @p_str, void @p_str, void @p_str, i32 2, i32 2, i32 16, i32 16, void @p_str, void @p_str" [/home/jrk/vivado/zc706/sdk/wksp1/zc706_lstm_kernels/src/krnl_lstm.cpp:94]   --->   Operation 95 'specinterface' 'specinterface_ln94' <Predicate = true> <Delay = 0.00>
ST_5 : Operation 96 [1/1] (0.00ns)   --->   "%empty_157 = specchannel i32 @_ssdm_op_SpecChannel, void @p_in2_OC_5_c_str, i32 1, void @p_str, void @p_str, i32 2, i32 0, i32 %p_in2_5_c_i, i32 %p_in2_5_c_i" [/home/jrk/vivado/zc706/sdk/wksp1/zc706_lstm_kernels/src/krnl_lstm.cpp:94]   --->   Operation 96 'specchannel' 'empty_157' <Predicate = true> <Delay = 0.00>
ST_5 : Operation 97 [1/1] (0.00ns)   --->   "%specinterface_ln94 = specinterface void @_ssdm_op_SpecInterface, i32 %p_in2_5_c_i, void @ap_fifo_str, i32 0, i32 0, void @p_str, i32 0, i32 0, void @p_str, void @p_str, void @p_str, i32 2, i32 2, i32 16, i32 16, void @p_str, void @p_str" [/home/jrk/vivado/zc706/sdk/wksp1/zc706_lstm_kernels/src/krnl_lstm.cpp:94]   --->   Operation 97 'specinterface' 'specinterface_ln94' <Predicate = true> <Delay = 0.00>
ST_5 : Operation 98 [1/1] (0.00ns)   --->   "%empty_158 = specchannel i32 @_ssdm_op_SpecChannel, void @p_in2_OC_6_c_str, i32 1, void @p_str, void @p_str, i32 2, i32 0, i32 %p_in2_6_c_i, i32 %p_in2_6_c_i" [/home/jrk/vivado/zc706/sdk/wksp1/zc706_lstm_kernels/src/krnl_lstm.cpp:94]   --->   Operation 98 'specchannel' 'empty_158' <Predicate = true> <Delay = 0.00>
ST_5 : Operation 99 [1/1] (0.00ns)   --->   "%specinterface_ln94 = specinterface void @_ssdm_op_SpecInterface, i32 %p_in2_6_c_i, void @ap_fifo_str, i32 0, i32 0, void @p_str, i32 0, i32 0, void @p_str, void @p_str, void @p_str, i32 2, i32 2, i32 16, i32 16, void @p_str, void @p_str" [/home/jrk/vivado/zc706/sdk/wksp1/zc706_lstm_kernels/src/krnl_lstm.cpp:94]   --->   Operation 99 'specinterface' 'specinterface_ln94' <Predicate = true> <Delay = 0.00>
ST_5 : Operation 100 [1/1] (0.00ns)   --->   "%empty_159 = specchannel i32 @_ssdm_op_SpecChannel, void @p_in2_OC_7_c_str, i32 1, void @p_str, void @p_str, i32 2, i32 0, i32 %p_in2_7_c_i, i32 %p_in2_7_c_i" [/home/jrk/vivado/zc706/sdk/wksp1/zc706_lstm_kernels/src/krnl_lstm.cpp:94]   --->   Operation 100 'specchannel' 'empty_159' <Predicate = true> <Delay = 0.00>
ST_5 : Operation 101 [1/1] (0.00ns)   --->   "%specinterface_ln94 = specinterface void @_ssdm_op_SpecInterface, i32 %p_in2_7_c_i, void @ap_fifo_str, i32 0, i32 0, void @p_str, i32 0, i32 0, void @p_str, void @p_str, void @p_str, i32 2, i32 2, i32 16, i32 16, void @p_str, void @p_str" [/home/jrk/vivado/zc706/sdk/wksp1/zc706_lstm_kernels/src/krnl_lstm.cpp:94]   --->   Operation 101 'specinterface' 'specinterface_ln94' <Predicate = true> <Delay = 0.00>
ST_5 : Operation 102 [1/1] (0.00ns)   --->   "%empty_160 = specchannel i32 @_ssdm_op_SpecChannel, void @p_in2_OC_8_c_str, i32 1, void @p_str, void @p_str, i32 2, i32 0, i32 %p_in2_8_c_i, i32 %p_in2_8_c_i" [/home/jrk/vivado/zc706/sdk/wksp1/zc706_lstm_kernels/src/krnl_lstm.cpp:94]   --->   Operation 102 'specchannel' 'empty_160' <Predicate = true> <Delay = 0.00>
ST_5 : Operation 103 [1/1] (0.00ns)   --->   "%specinterface_ln94 = specinterface void @_ssdm_op_SpecInterface, i32 %p_in2_8_c_i, void @ap_fifo_str, i32 0, i32 0, void @p_str, i32 0, i32 0, void @p_str, void @p_str, void @p_str, i32 2, i32 2, i32 16, i32 16, void @p_str, void @p_str" [/home/jrk/vivado/zc706/sdk/wksp1/zc706_lstm_kernels/src/krnl_lstm.cpp:94]   --->   Operation 103 'specinterface' 'specinterface_ln94' <Predicate = true> <Delay = 0.00>
ST_5 : Operation 104 [1/1] (0.00ns)   --->   "%empty_161 = specchannel i32 @_ssdm_op_SpecChannel, void @p_in2_OC_9_c_str, i32 1, void @p_str, void @p_str, i32 2, i32 0, i32 %p_in2_9_c_i, i32 %p_in2_9_c_i" [/home/jrk/vivado/zc706/sdk/wksp1/zc706_lstm_kernels/src/krnl_lstm.cpp:94]   --->   Operation 104 'specchannel' 'empty_161' <Predicate = true> <Delay = 0.00>
ST_5 : Operation 105 [1/1] (0.00ns)   --->   "%specinterface_ln94 = specinterface void @_ssdm_op_SpecInterface, i32 %p_in2_9_c_i, void @ap_fifo_str, i32 0, i32 0, void @p_str, i32 0, i32 0, void @p_str, void @p_str, void @p_str, i32 2, i32 2, i32 16, i32 16, void @p_str, void @p_str" [/home/jrk/vivado/zc706/sdk/wksp1/zc706_lstm_kernels/src/krnl_lstm.cpp:94]   --->   Operation 105 'specinterface' 'specinterface_ln94' <Predicate = true> <Delay = 0.00>
ST_5 : Operation 106 [1/1] (0.00ns)   --->   "%empty_162 = specchannel i32 @_ssdm_op_SpecChannel, void @p_in2_OC_10_c_str, i32 1, void @p_str, void @p_str, i32 2, i32 0, i32 %p_in2_10_c_i, i32 %p_in2_10_c_i" [/home/jrk/vivado/zc706/sdk/wksp1/zc706_lstm_kernels/src/krnl_lstm.cpp:94]   --->   Operation 106 'specchannel' 'empty_162' <Predicate = true> <Delay = 0.00>
ST_5 : Operation 107 [1/1] (0.00ns)   --->   "%specinterface_ln94 = specinterface void @_ssdm_op_SpecInterface, i32 %p_in2_10_c_i, void @ap_fifo_str, i32 0, i32 0, void @p_str, i32 0, i32 0, void @p_str, void @p_str, void @p_str, i32 2, i32 2, i32 16, i32 16, void @p_str, void @p_str" [/home/jrk/vivado/zc706/sdk/wksp1/zc706_lstm_kernels/src/krnl_lstm.cpp:94]   --->   Operation 107 'specinterface' 'specinterface_ln94' <Predicate = true> <Delay = 0.00>
ST_5 : Operation 108 [1/1] (0.00ns)   --->   "%empty_163 = specchannel i32 @_ssdm_op_SpecChannel, void @p_in2_OC_11_c_str, i32 1, void @p_str, void @p_str, i32 2, i32 0, i32 %p_in2_11_c_i, i32 %p_in2_11_c_i" [/home/jrk/vivado/zc706/sdk/wksp1/zc706_lstm_kernels/src/krnl_lstm.cpp:94]   --->   Operation 108 'specchannel' 'empty_163' <Predicate = true> <Delay = 0.00>
ST_5 : Operation 109 [1/1] (0.00ns)   --->   "%specinterface_ln94 = specinterface void @_ssdm_op_SpecInterface, i32 %p_in2_11_c_i, void @ap_fifo_str, i32 0, i32 0, void @p_str, i32 0, i32 0, void @p_str, void @p_str, void @p_str, i32 2, i32 2, i32 16, i32 16, void @p_str, void @p_str" [/home/jrk/vivado/zc706/sdk/wksp1/zc706_lstm_kernels/src/krnl_lstm.cpp:94]   --->   Operation 109 'specinterface' 'specinterface_ln94' <Predicate = true> <Delay = 0.00>
ST_5 : Operation 110 [1/1] (0.00ns)   --->   "%empty_164 = specchannel i32 @_ssdm_op_SpecChannel, void @p_in2_OC_12_c_str, i32 1, void @p_str, void @p_str, i32 2, i32 0, i32 %p_in2_12_c_i, i32 %p_in2_12_c_i" [/home/jrk/vivado/zc706/sdk/wksp1/zc706_lstm_kernels/src/krnl_lstm.cpp:94]   --->   Operation 110 'specchannel' 'empty_164' <Predicate = true> <Delay = 0.00>
ST_5 : Operation 111 [1/1] (0.00ns)   --->   "%specinterface_ln94 = specinterface void @_ssdm_op_SpecInterface, i32 %p_in2_12_c_i, void @ap_fifo_str, i32 0, i32 0, void @p_str, i32 0, i32 0, void @p_str, void @p_str, void @p_str, i32 2, i32 2, i32 16, i32 16, void @p_str, void @p_str" [/home/jrk/vivado/zc706/sdk/wksp1/zc706_lstm_kernels/src/krnl_lstm.cpp:94]   --->   Operation 111 'specinterface' 'specinterface_ln94' <Predicate = true> <Delay = 0.00>
ST_5 : Operation 112 [1/1] (0.00ns)   --->   "%empty_165 = specchannel i32 @_ssdm_op_SpecChannel, void @p_in2_OC_13_c_str, i32 1, void @p_str, void @p_str, i32 2, i32 0, i32 %p_in2_13_c_i, i32 %p_in2_13_c_i" [/home/jrk/vivado/zc706/sdk/wksp1/zc706_lstm_kernels/src/krnl_lstm.cpp:94]   --->   Operation 112 'specchannel' 'empty_165' <Predicate = true> <Delay = 0.00>
ST_5 : Operation 113 [1/1] (0.00ns)   --->   "%specinterface_ln94 = specinterface void @_ssdm_op_SpecInterface, i32 %p_in2_13_c_i, void @ap_fifo_str, i32 0, i32 0, void @p_str, i32 0, i32 0, void @p_str, void @p_str, void @p_str, i32 2, i32 2, i32 16, i32 16, void @p_str, void @p_str" [/home/jrk/vivado/zc706/sdk/wksp1/zc706_lstm_kernels/src/krnl_lstm.cpp:94]   --->   Operation 113 'specinterface' 'specinterface_ln94' <Predicate = true> <Delay = 0.00>
ST_5 : Operation 114 [1/1] (0.00ns)   --->   "%empty_166 = specchannel i32 @_ssdm_op_SpecChannel, void @p_in2_OC_14_c_str, i32 1, void @p_str, void @p_str, i32 2, i32 0, i32 %p_in2_14_c_i, i32 %p_in2_14_c_i" [/home/jrk/vivado/zc706/sdk/wksp1/zc706_lstm_kernels/src/krnl_lstm.cpp:94]   --->   Operation 114 'specchannel' 'empty_166' <Predicate = true> <Delay = 0.00>
ST_5 : Operation 115 [1/1] (0.00ns)   --->   "%specinterface_ln94 = specinterface void @_ssdm_op_SpecInterface, i32 %p_in2_14_c_i, void @ap_fifo_str, i32 0, i32 0, void @p_str, i32 0, i32 0, void @p_str, void @p_str, void @p_str, i32 2, i32 2, i32 16, i32 16, void @p_str, void @p_str" [/home/jrk/vivado/zc706/sdk/wksp1/zc706_lstm_kernels/src/krnl_lstm.cpp:94]   --->   Operation 115 'specinterface' 'specinterface_ln94' <Predicate = true> <Delay = 0.00>
ST_5 : Operation 116 [1/1] (0.00ns)   --->   "%empty_167 = specchannel i32 @_ssdm_op_SpecChannel, void @p_in2_OC_15_c_str, i32 1, void @p_str, void @p_str, i32 2, i32 0, i32 %p_in2_15_c_i, i32 %p_in2_15_c_i" [/home/jrk/vivado/zc706/sdk/wksp1/zc706_lstm_kernels/src/krnl_lstm.cpp:94]   --->   Operation 116 'specchannel' 'empty_167' <Predicate = true> <Delay = 0.00>
ST_5 : Operation 117 [1/1] (0.00ns)   --->   "%specinterface_ln94 = specinterface void @_ssdm_op_SpecInterface, i32 %p_in2_15_c_i, void @ap_fifo_str, i32 0, i32 0, void @p_str, i32 0, i32 0, void @p_str, void @p_str, void @p_str, i32 2, i32 2, i32 16, i32 16, void @p_str, void @p_str" [/home/jrk/vivado/zc706/sdk/wksp1/zc706_lstm_kernels/src/krnl_lstm.cpp:94]   --->   Operation 117 'specinterface' 'specinterface_ln94' <Predicate = true> <Delay = 0.00>
ST_5 : Operation 118 [1/1] (0.00ns)   --->   "%empty_168 = specchannel i32 @_ssdm_op_SpecChannel, void @p_in2_OC_16_c_str, i32 1, void @p_str, void @p_str, i32 2, i32 0, i32 %p_in2_16_c_i, i32 %p_in2_16_c_i" [/home/jrk/vivado/zc706/sdk/wksp1/zc706_lstm_kernels/src/krnl_lstm.cpp:94]   --->   Operation 118 'specchannel' 'empty_168' <Predicate = true> <Delay = 0.00>
ST_5 : Operation 119 [1/1] (0.00ns)   --->   "%specinterface_ln94 = specinterface void @_ssdm_op_SpecInterface, i32 %p_in2_16_c_i, void @ap_fifo_str, i32 0, i32 0, void @p_str, i32 0, i32 0, void @p_str, void @p_str, void @p_str, i32 2, i32 2, i32 16, i32 16, void @p_str, void @p_str" [/home/jrk/vivado/zc706/sdk/wksp1/zc706_lstm_kernels/src/krnl_lstm.cpp:94]   --->   Operation 119 'specinterface' 'specinterface_ln94' <Predicate = true> <Delay = 0.00>
ST_5 : Operation 120 [1/1] (0.00ns)   --->   "%empty_169 = specchannel i32 @_ssdm_op_SpecChannel, void @p_in2_OC_17_c_str, i32 1, void @p_str, void @p_str, i32 2, i32 0, i32 %p_in2_17_c_i, i32 %p_in2_17_c_i" [/home/jrk/vivado/zc706/sdk/wksp1/zc706_lstm_kernels/src/krnl_lstm.cpp:94]   --->   Operation 120 'specchannel' 'empty_169' <Predicate = true> <Delay = 0.00>
ST_5 : Operation 121 [1/1] (0.00ns)   --->   "%specinterface_ln94 = specinterface void @_ssdm_op_SpecInterface, i32 %p_in2_17_c_i, void @ap_fifo_str, i32 0, i32 0, void @p_str, i32 0, i32 0, void @p_str, void @p_str, void @p_str, i32 2, i32 2, i32 16, i32 16, void @p_str, void @p_str" [/home/jrk/vivado/zc706/sdk/wksp1/zc706_lstm_kernels/src/krnl_lstm.cpp:94]   --->   Operation 121 'specinterface' 'specinterface_ln94' <Predicate = true> <Delay = 0.00>
ST_5 : Operation 122 [1/1] (0.00ns)   --->   "%empty_170 = specchannel i32 @_ssdm_op_SpecChannel, void @p_in2_OC_18_c_str, i32 1, void @p_str, void @p_str, i32 2, i32 0, i32 %p_in2_18_c_i, i32 %p_in2_18_c_i" [/home/jrk/vivado/zc706/sdk/wksp1/zc706_lstm_kernels/src/krnl_lstm.cpp:94]   --->   Operation 122 'specchannel' 'empty_170' <Predicate = true> <Delay = 0.00>
ST_5 : Operation 123 [1/1] (0.00ns)   --->   "%specinterface_ln94 = specinterface void @_ssdm_op_SpecInterface, i32 %p_in2_18_c_i, void @ap_fifo_str, i32 0, i32 0, void @p_str, i32 0, i32 0, void @p_str, void @p_str, void @p_str, i32 2, i32 2, i32 16, i32 16, void @p_str, void @p_str" [/home/jrk/vivado/zc706/sdk/wksp1/zc706_lstm_kernels/src/krnl_lstm.cpp:94]   --->   Operation 123 'specinterface' 'specinterface_ln94' <Predicate = true> <Delay = 0.00>
ST_5 : Operation 124 [1/1] (0.00ns)   --->   "%empty_171 = specchannel i32 @_ssdm_op_SpecChannel, void @p_in2_OC_19_c_str, i32 1, void @p_str, void @p_str, i32 2, i32 0, i32 %p_in2_19_c_i, i32 %p_in2_19_c_i" [/home/jrk/vivado/zc706/sdk/wksp1/zc706_lstm_kernels/src/krnl_lstm.cpp:94]   --->   Operation 124 'specchannel' 'empty_171' <Predicate = true> <Delay = 0.00>
ST_5 : Operation 125 [1/1] (0.00ns)   --->   "%specinterface_ln94 = specinterface void @_ssdm_op_SpecInterface, i32 %p_in2_19_c_i, void @ap_fifo_str, i32 0, i32 0, void @p_str, i32 0, i32 0, void @p_str, void @p_str, void @p_str, i32 2, i32 2, i32 16, i32 16, void @p_str, void @p_str" [/home/jrk/vivado/zc706/sdk/wksp1/zc706_lstm_kernels/src/krnl_lstm.cpp:94]   --->   Operation 125 'specinterface' 'specinterface_ln94' <Predicate = true> <Delay = 0.00>
ST_5 : Operation 126 [1/1] (0.00ns)   --->   "%empty_172 = specchannel i32 @_ssdm_op_SpecChannel, void @p_in2_OC_20_c_str, i32 1, void @p_str, void @p_str, i32 2, i32 0, i32 %p_in2_20_c_i, i32 %p_in2_20_c_i" [/home/jrk/vivado/zc706/sdk/wksp1/zc706_lstm_kernels/src/krnl_lstm.cpp:94]   --->   Operation 126 'specchannel' 'empty_172' <Predicate = true> <Delay = 0.00>
ST_5 : Operation 127 [1/1] (0.00ns)   --->   "%specinterface_ln94 = specinterface void @_ssdm_op_SpecInterface, i32 %p_in2_20_c_i, void @ap_fifo_str, i32 0, i32 0, void @p_str, i32 0, i32 0, void @p_str, void @p_str, void @p_str, i32 2, i32 2, i32 16, i32 16, void @p_str, void @p_str" [/home/jrk/vivado/zc706/sdk/wksp1/zc706_lstm_kernels/src/krnl_lstm.cpp:94]   --->   Operation 127 'specinterface' 'specinterface_ln94' <Predicate = true> <Delay = 0.00>
ST_5 : Operation 128 [1/1] (0.00ns)   --->   "%empty_173 = specchannel i32 @_ssdm_op_SpecChannel, void @p_in2_OC_21_c_str, i32 1, void @p_str, void @p_str, i32 2, i32 0, i32 %p_in2_21_c_i, i32 %p_in2_21_c_i" [/home/jrk/vivado/zc706/sdk/wksp1/zc706_lstm_kernels/src/krnl_lstm.cpp:94]   --->   Operation 128 'specchannel' 'empty_173' <Predicate = true> <Delay = 0.00>
ST_5 : Operation 129 [1/1] (0.00ns)   --->   "%specinterface_ln94 = specinterface void @_ssdm_op_SpecInterface, i32 %p_in2_21_c_i, void @ap_fifo_str, i32 0, i32 0, void @p_str, i32 0, i32 0, void @p_str, void @p_str, void @p_str, i32 2, i32 2, i32 16, i32 16, void @p_str, void @p_str" [/home/jrk/vivado/zc706/sdk/wksp1/zc706_lstm_kernels/src/krnl_lstm.cpp:94]   --->   Operation 129 'specinterface' 'specinterface_ln94' <Predicate = true> <Delay = 0.00>
ST_5 : Operation 130 [1/1] (0.00ns)   --->   "%empty_174 = specchannel i32 @_ssdm_op_SpecChannel, void @p_in2_OC_22_c_str, i32 1, void @p_str, void @p_str, i32 2, i32 0, i32 %p_in2_22_c_i, i32 %p_in2_22_c_i" [/home/jrk/vivado/zc706/sdk/wksp1/zc706_lstm_kernels/src/krnl_lstm.cpp:94]   --->   Operation 130 'specchannel' 'empty_174' <Predicate = true> <Delay = 0.00>
ST_5 : Operation 131 [1/1] (0.00ns)   --->   "%specinterface_ln94 = specinterface void @_ssdm_op_SpecInterface, i32 %p_in2_22_c_i, void @ap_fifo_str, i32 0, i32 0, void @p_str, i32 0, i32 0, void @p_str, void @p_str, void @p_str, i32 2, i32 2, i32 16, i32 16, void @p_str, void @p_str" [/home/jrk/vivado/zc706/sdk/wksp1/zc706_lstm_kernels/src/krnl_lstm.cpp:94]   --->   Operation 131 'specinterface' 'specinterface_ln94' <Predicate = true> <Delay = 0.00>
ST_5 : Operation 132 [1/1] (0.00ns)   --->   "%empty_175 = specchannel i32 @_ssdm_op_SpecChannel, void @p_in2_OC_23_c_str, i32 1, void @p_str, void @p_str, i32 2, i32 0, i32 %p_in2_23_c_i, i32 %p_in2_23_c_i" [/home/jrk/vivado/zc706/sdk/wksp1/zc706_lstm_kernels/src/krnl_lstm.cpp:94]   --->   Operation 132 'specchannel' 'empty_175' <Predicate = true> <Delay = 0.00>
ST_5 : Operation 133 [1/1] (0.00ns)   --->   "%specinterface_ln94 = specinterface void @_ssdm_op_SpecInterface, i32 %p_in2_23_c_i, void @ap_fifo_str, i32 0, i32 0, void @p_str, i32 0, i32 0, void @p_str, void @p_str, void @p_str, i32 2, i32 2, i32 16, i32 16, void @p_str, void @p_str" [/home/jrk/vivado/zc706/sdk/wksp1/zc706_lstm_kernels/src/krnl_lstm.cpp:94]   --->   Operation 133 'specinterface' 'specinterface_ln94' <Predicate = true> <Delay = 0.00>
ST_5 : Operation 134 [1/1] (0.00ns)   --->   "%empty_176 = specchannel i32 @_ssdm_op_SpecChannel, void @p_in2_OC_24_c_str, i32 1, void @p_str, void @p_str, i32 2, i32 0, i32 %p_in2_24_c_i, i32 %p_in2_24_c_i" [/home/jrk/vivado/zc706/sdk/wksp1/zc706_lstm_kernels/src/krnl_lstm.cpp:94]   --->   Operation 134 'specchannel' 'empty_176' <Predicate = true> <Delay = 0.00>
ST_5 : Operation 135 [1/1] (0.00ns)   --->   "%specinterface_ln94 = specinterface void @_ssdm_op_SpecInterface, i32 %p_in2_24_c_i, void @ap_fifo_str, i32 0, i32 0, void @p_str, i32 0, i32 0, void @p_str, void @p_str, void @p_str, i32 2, i32 2, i32 16, i32 16, void @p_str, void @p_str" [/home/jrk/vivado/zc706/sdk/wksp1/zc706_lstm_kernels/src/krnl_lstm.cpp:94]   --->   Operation 135 'specinterface' 'specinterface_ln94' <Predicate = true> <Delay = 0.00>
ST_5 : Operation 136 [1/1] (0.00ns)   --->   "%empty_177 = specchannel i32 @_ssdm_op_SpecChannel, void @p_in2_OC_25_c_str, i32 1, void @p_str, void @p_str, i32 2, i32 0, i32 %p_in2_25_c_i, i32 %p_in2_25_c_i" [/home/jrk/vivado/zc706/sdk/wksp1/zc706_lstm_kernels/src/krnl_lstm.cpp:94]   --->   Operation 136 'specchannel' 'empty_177' <Predicate = true> <Delay = 0.00>
ST_5 : Operation 137 [1/1] (0.00ns)   --->   "%specinterface_ln94 = specinterface void @_ssdm_op_SpecInterface, i32 %p_in2_25_c_i, void @ap_fifo_str, i32 0, i32 0, void @p_str, i32 0, i32 0, void @p_str, void @p_str, void @p_str, i32 2, i32 2, i32 16, i32 16, void @p_str, void @p_str" [/home/jrk/vivado/zc706/sdk/wksp1/zc706_lstm_kernels/src/krnl_lstm.cpp:94]   --->   Operation 137 'specinterface' 'specinterface_ln94' <Predicate = true> <Delay = 0.00>
ST_5 : Operation 138 [1/1] (0.00ns)   --->   "%empty_178 = specchannel i32 @_ssdm_op_SpecChannel, void @p_in2_OC_26_c_str, i32 1, void @p_str, void @p_str, i32 2, i32 0, i32 %p_in2_26_c_i, i32 %p_in2_26_c_i" [/home/jrk/vivado/zc706/sdk/wksp1/zc706_lstm_kernels/src/krnl_lstm.cpp:94]   --->   Operation 138 'specchannel' 'empty_178' <Predicate = true> <Delay = 0.00>
ST_5 : Operation 139 [1/1] (0.00ns)   --->   "%specinterface_ln94 = specinterface void @_ssdm_op_SpecInterface, i32 %p_in2_26_c_i, void @ap_fifo_str, i32 0, i32 0, void @p_str, i32 0, i32 0, void @p_str, void @p_str, void @p_str, i32 2, i32 2, i32 16, i32 16, void @p_str, void @p_str" [/home/jrk/vivado/zc706/sdk/wksp1/zc706_lstm_kernels/src/krnl_lstm.cpp:94]   --->   Operation 139 'specinterface' 'specinterface_ln94' <Predicate = true> <Delay = 0.00>
ST_5 : Operation 140 [1/1] (0.00ns)   --->   "%empty_179 = specchannel i32 @_ssdm_op_SpecChannel, void @p_in2_OC_27_c_str, i32 1, void @p_str, void @p_str, i32 2, i32 0, i32 %p_in2_27_c_i, i32 %p_in2_27_c_i" [/home/jrk/vivado/zc706/sdk/wksp1/zc706_lstm_kernels/src/krnl_lstm.cpp:94]   --->   Operation 140 'specchannel' 'empty_179' <Predicate = true> <Delay = 0.00>
ST_5 : Operation 141 [1/1] (0.00ns)   --->   "%specinterface_ln94 = specinterface void @_ssdm_op_SpecInterface, i32 %p_in2_27_c_i, void @ap_fifo_str, i32 0, i32 0, void @p_str, i32 0, i32 0, void @p_str, void @p_str, void @p_str, i32 2, i32 2, i32 16, i32 16, void @p_str, void @p_str" [/home/jrk/vivado/zc706/sdk/wksp1/zc706_lstm_kernels/src/krnl_lstm.cpp:94]   --->   Operation 141 'specinterface' 'specinterface_ln94' <Predicate = true> <Delay = 0.00>
ST_5 : Operation 142 [1/1] (0.00ns)   --->   "%empty_180 = specchannel i32 @_ssdm_op_SpecChannel, void @p_in2_OC_28_c_str, i32 1, void @p_str, void @p_str, i32 2, i32 0, i32 %p_in2_28_c_i, i32 %p_in2_28_c_i" [/home/jrk/vivado/zc706/sdk/wksp1/zc706_lstm_kernels/src/krnl_lstm.cpp:94]   --->   Operation 142 'specchannel' 'empty_180' <Predicate = true> <Delay = 0.00>
ST_5 : Operation 143 [1/1] (0.00ns)   --->   "%specinterface_ln94 = specinterface void @_ssdm_op_SpecInterface, i32 %p_in2_28_c_i, void @ap_fifo_str, i32 0, i32 0, void @p_str, i32 0, i32 0, void @p_str, void @p_str, void @p_str, i32 2, i32 2, i32 16, i32 16, void @p_str, void @p_str" [/home/jrk/vivado/zc706/sdk/wksp1/zc706_lstm_kernels/src/krnl_lstm.cpp:94]   --->   Operation 143 'specinterface' 'specinterface_ln94' <Predicate = true> <Delay = 0.00>
ST_5 : Operation 144 [1/1] (0.00ns)   --->   "%empty_181 = specchannel i32 @_ssdm_op_SpecChannel, void @p_in2_OC_29_c_str, i32 1, void @p_str, void @p_str, i32 2, i32 0, i32 %p_in2_29_c_i, i32 %p_in2_29_c_i" [/home/jrk/vivado/zc706/sdk/wksp1/zc706_lstm_kernels/src/krnl_lstm.cpp:94]   --->   Operation 144 'specchannel' 'empty_181' <Predicate = true> <Delay = 0.00>
ST_5 : Operation 145 [1/1] (0.00ns)   --->   "%specinterface_ln94 = specinterface void @_ssdm_op_SpecInterface, i32 %p_in2_29_c_i, void @ap_fifo_str, i32 0, i32 0, void @p_str, i32 0, i32 0, void @p_str, void @p_str, void @p_str, i32 2, i32 2, i32 16, i32 16, void @p_str, void @p_str" [/home/jrk/vivado/zc706/sdk/wksp1/zc706_lstm_kernels/src/krnl_lstm.cpp:94]   --->   Operation 145 'specinterface' 'specinterface_ln94' <Predicate = true> <Delay = 0.00>
ST_5 : Operation 146 [1/1] (0.00ns)   --->   "%empty_182 = specchannel i32 @_ssdm_op_SpecChannel, void @p_in2_OC_30_c_str, i32 1, void @p_str, void @p_str, i32 2, i32 0, i32 %p_in2_30_c_i, i32 %p_in2_30_c_i" [/home/jrk/vivado/zc706/sdk/wksp1/zc706_lstm_kernels/src/krnl_lstm.cpp:94]   --->   Operation 146 'specchannel' 'empty_182' <Predicate = true> <Delay = 0.00>
ST_5 : Operation 147 [1/1] (0.00ns)   --->   "%specinterface_ln94 = specinterface void @_ssdm_op_SpecInterface, i32 %p_in2_30_c_i, void @ap_fifo_str, i32 0, i32 0, void @p_str, i32 0, i32 0, void @p_str, void @p_str, void @p_str, i32 2, i32 2, i32 16, i32 16, void @p_str, void @p_str" [/home/jrk/vivado/zc706/sdk/wksp1/zc706_lstm_kernels/src/krnl_lstm.cpp:94]   --->   Operation 147 'specinterface' 'specinterface_ln94' <Predicate = true> <Delay = 0.00>
ST_5 : Operation 148 [1/1] (0.00ns)   --->   "%empty_183 = specchannel i32 @_ssdm_op_SpecChannel, void @p_in2_OC_31_c_str, i32 1, void @p_str, void @p_str, i32 2, i32 0, i32 %p_in2_31_c_i, i32 %p_in2_31_c_i" [/home/jrk/vivado/zc706/sdk/wksp1/zc706_lstm_kernels/src/krnl_lstm.cpp:94]   --->   Operation 148 'specchannel' 'empty_183' <Predicate = true> <Delay = 0.00>
ST_5 : Operation 149 [1/1] (0.00ns)   --->   "%specinterface_ln94 = specinterface void @_ssdm_op_SpecInterface, i32 %p_in2_31_c_i, void @ap_fifo_str, i32 0, i32 0, void @p_str, i32 0, i32 0, void @p_str, void @p_str, void @p_str, i32 2, i32 2, i32 16, i32 16, void @p_str, void @p_str" [/home/jrk/vivado/zc706/sdk/wksp1/zc706_lstm_kernels/src/krnl_lstm.cpp:94]   --->   Operation 149 'specinterface' 'specinterface_ln94' <Predicate = true> <Delay = 0.00>
ST_5 : Operation 150 [1/2] (0.00ns)   --->   "%call_ln104 = call void @dot<float, 5u, unsigned int>4057, i1024 %str_in1, i1024 %str_in2, i32 %p_output" [/home/jrk/vivado/zc706/sdk/wksp1/zc706_lstm_kernels/src/krnl_lstm.cpp:104]   --->   Operation 150 'call' 'call_ln104' <Predicate = true> <Delay = 0.00> <CoreType = "Generic">   --->   Core 0 '' <Latency = 0> <II = 1> <Delay = 1.00> <Generic> <Opcode : >
ST_5 : Operation 151 [1/1] (0.00ns)   --->   "%ret_ln0 = ret"   --->   Operation 151 'ret' 'ret_ln0' <Predicate = true> <Delay = 0.00>


============================================================
+ Verbose Summary: Timing violations
============================================================
Target clock period: 10ns, clock uncertainty: 2.7ns.

 <State 1>: 3.4ns
The critical path consists of the following:
	wire read on port 'p_read31' (/home/jrk/vivado/zc706/sdk/wksp1/zc706_lstm_kernels/src/krnl_lstm.cpp:94) [99]  (0 ns)
	'call' operation ('call_ln94', /home/jrk/vivado/zc706/sdk/wksp1/zc706_lstm_kernels/src/krnl_lstm.cpp:94) to 'krnl_dot45.entry125' [238]  (3.4 ns)

 <State 2>: 0ns
The critical path consists of the following:

 <State 3>: 0ns
The critical path consists of the following:

 <State 4>: 0ns
The critical path consists of the following:

 <State 5>: 0ns
The critical path consists of the following:


============================================================
+ Verbose Summary: Binding
============================================================
N/A
* FSMD analyzer results:
  - Output states:
 - Input state : 
  - Chain level:
	State 1
	State 2
	State 3
	State 4
	State 5


============================================================
+ Verbose Summary: Datapath Resource usage 
============================================================
N/A
