

================================================================
== Vitis HLS Report for 'mul_float_32u_unsigned_int_float_6675'
================================================================
* Date:           Tue Mar 16 16:13:40 2021

* Version:        2020.2 (Build 3064766 on Wed Nov 18 09:12:47 MST 2020)
* Project:        krnl_lstm
* Solution:       solution (Vitis Kernel Flow Target)
* Product family: zynq
* Target device:  xc7z045-ffg900-2


================================================================
== Performance Estimates
================================================================
+ Timing: 
    * Summary: 
    +--------+----------+----------+------------+
    |  Clock |  Target  | Estimated| Uncertainty|
    +--------+----------+----------+------------+
    |ap_clk  |  10.00 ns|  6.027 ns|     2.70 ns|
    +--------+----------+----------+------------+

+ Latency: 
    * Summary: 
    +---------+---------+-----------+-----------+-----+-----+---------+
    |  Latency (cycles) |   Latency (absolute)  |  Interval | Pipeline|
    |   min   |   max   |    min    |    max    | min | max |   Type  |
    +---------+---------+-----------+-----------+-----+-----+---------+
    |        5|        5|  50.000 ns|  50.000 ns|    5|    5|     none|
    +---------+---------+-----------+-----------+-----+-----+---------+

    + Detail: 
        * Instance: 
        N/A

        * Loop: 
        N/A

============================================================
+ Verbose Summary: Synthesis Manager
============================================================
InlineROM: 1
ExposeGlobal: 0
============================================================
+ Verbose Summary: CDFG Model
============================================================
IsTopModel: 0
ResetActiveHigh: 1
IsCombinational: 2
IsDatapathOnly: 0
HasWiredReturn: 1
HasMFsm: 0
HasVarLatency: 1
IsPipeline: 0
IsRtlPipelined: 0
IsInstanceOverlapped: 0
IsDontTouch: 0
HasImplIP: 0
IsGatedGlobalClock: 0


============================================================
+ Verbose Summary: Schedule
============================================================
* Number of FSM states : 6
* Pipeline : 0
* Dataflow Pipeline: 0

* FSM state transitions: 
1 --> 2 
2 --> 3 
3 --> 4 
4 --> 5 
5 --> 6 
6 --> 

* FSM state operations: 

State 1 <SV = 0> <Delay = 3.40>
ST_1 : Operation 7 [1/1] (3.40ns)   --->   "%tmp_V = read i1024 @_ssdm_op_Read.ap_fifo.volatile.i1024P0A, i1024 %str_in12" [/home/jrk/tools/Xilinx/Vitis_HLS/2020.2/common/technology/autopilot/hls_stream_39.h:145]   --->   Operation 7 'read' 'tmp_V' <Predicate = true> <Delay = 3.40> <CoreInst = "FIFO_SRL">   --->   Core 81 'FIFO_SRL' <Latency = 0> <II = 1> <Delay = 3.40> <Storage> <Opcode : 'read' 'write' 'nbread' 'nbwrite'> <Ports = 0> <Width = 1024> <Depth = 2> <FIFO>
ST_1 : Operation 8 [1/1] (3.40ns)   --->   "%tmp_V_4 = read i1024 @_ssdm_op_Read.ap_fifo.volatile.i1024P0A, i1024 %str_in23" [/home/jrk/tools/Xilinx/Vitis_HLS/2020.2/common/technology/autopilot/hls_stream_39.h:145]   --->   Operation 8 'read' 'tmp_V_4' <Predicate = true> <Delay = 3.40> <CoreInst = "FIFO_SRL">   --->   Core 81 'FIFO_SRL' <Latency = 0> <II = 1> <Delay = 3.40> <Storage> <Opcode : 'read' 'write' 'nbread' 'nbwrite'> <Ports = 0> <Width = 1024> <Depth = 2> <FIFO>

State 2 <SV = 1> <Delay = 6.02>
ST_2 : Operation 9 [1/1] (1.29ns)   --->   "%call_ret4 = call i1024 @constructor, i1024 %tmp_V" [/home/jrk/vivado/zc706/sdk/wksp1/zc706_lstm_kernels/libs/xf_BLAS/L1/include/hw/xf_blas/helpers/utils/types.hpp:96]   --->   Operation 9 'call' 'call_ret4' <Predicate = true> <Delay = 1.29> <CoreType = "Generic">   --->   Core 0 '' <Latency = 0> <II = 1> <Delay = 1.00> <Generic> <Opcode : >
ST_2 : Operation 10 [1/1] (0.00ns)   --->   "%l_valX_m_Val_0 = extractvalue i1024 %call_ret4" [/home/jrk/vivado/zc706/sdk/wksp1/zc706_lstm_kernels/libs/xf_BLAS/L1/include/hw/xf_blas/helpers/utils/types.hpp:96]   --->   Operation 10 'extractvalue' 'l_valX_m_Val_0' <Predicate = true> <Delay = 0.00>
ST_2 : Operation 11 [1/1] (0.00ns)   --->   "%l_valX_m_Val_1 = extractvalue i1024 %call_ret4" [/home/jrk/vivado/zc706/sdk/wksp1/zc706_lstm_kernels/libs/xf_BLAS/L1/include/hw/xf_blas/helpers/utils/types.hpp:96]   --->   Operation 11 'extractvalue' 'l_valX_m_Val_1' <Predicate = true> <Delay = 0.00>
ST_2 : Operation 12 [1/1] (0.00ns)   --->   "%l_valX_m_Val_2 = extractvalue i1024 %call_ret4" [/home/jrk/vivado/zc706/sdk/wksp1/zc706_lstm_kernels/libs/xf_BLAS/L1/include/hw/xf_blas/helpers/utils/types.hpp:96]   --->   Operation 12 'extractvalue' 'l_valX_m_Val_2' <Predicate = true> <Delay = 0.00>
ST_2 : Operation 13 [1/1] (0.00ns)   --->   "%l_valX_m_Val_3 = extractvalue i1024 %call_ret4" [/home/jrk/vivado/zc706/sdk/wksp1/zc706_lstm_kernels/libs/xf_BLAS/L1/include/hw/xf_blas/helpers/utils/types.hpp:96]   --->   Operation 13 'extractvalue' 'l_valX_m_Val_3' <Predicate = true> <Delay = 0.00>
ST_2 : Operation 14 [1/1] (0.00ns)   --->   "%l_valX_m_Val_4 = extractvalue i1024 %call_ret4" [/home/jrk/vivado/zc706/sdk/wksp1/zc706_lstm_kernels/libs/xf_BLAS/L1/include/hw/xf_blas/helpers/utils/types.hpp:96]   --->   Operation 14 'extractvalue' 'l_valX_m_Val_4' <Predicate = true> <Delay = 0.00>
ST_2 : Operation 15 [1/1] (0.00ns)   --->   "%l_valX_m_Val_5 = extractvalue i1024 %call_ret4" [/home/jrk/vivado/zc706/sdk/wksp1/zc706_lstm_kernels/libs/xf_BLAS/L1/include/hw/xf_blas/helpers/utils/types.hpp:96]   --->   Operation 15 'extractvalue' 'l_valX_m_Val_5' <Predicate = true> <Delay = 0.00>
ST_2 : Operation 16 [1/1] (0.00ns)   --->   "%l_valX_m_Val_6 = extractvalue i1024 %call_ret4" [/home/jrk/vivado/zc706/sdk/wksp1/zc706_lstm_kernels/libs/xf_BLAS/L1/include/hw/xf_blas/helpers/utils/types.hpp:96]   --->   Operation 16 'extractvalue' 'l_valX_m_Val_6' <Predicate = true> <Delay = 0.00>
ST_2 : Operation 17 [1/1] (0.00ns)   --->   "%l_valX_m_Val_7 = extractvalue i1024 %call_ret4" [/home/jrk/vivado/zc706/sdk/wksp1/zc706_lstm_kernels/libs/xf_BLAS/L1/include/hw/xf_blas/helpers/utils/types.hpp:96]   --->   Operation 17 'extractvalue' 'l_valX_m_Val_7' <Predicate = true> <Delay = 0.00>
ST_2 : Operation 18 [1/1] (0.00ns)   --->   "%l_valX_m_Val_8 = extractvalue i1024 %call_ret4" [/home/jrk/vivado/zc706/sdk/wksp1/zc706_lstm_kernels/libs/xf_BLAS/L1/include/hw/xf_blas/helpers/utils/types.hpp:96]   --->   Operation 18 'extractvalue' 'l_valX_m_Val_8' <Predicate = true> <Delay = 0.00>
ST_2 : Operation 19 [1/1] (0.00ns)   --->   "%l_valX_m_Val_9 = extractvalue i1024 %call_ret4" [/home/jrk/vivado/zc706/sdk/wksp1/zc706_lstm_kernels/libs/xf_BLAS/L1/include/hw/xf_blas/helpers/utils/types.hpp:96]   --->   Operation 19 'extractvalue' 'l_valX_m_Val_9' <Predicate = true> <Delay = 0.00>
ST_2 : Operation 20 [1/1] (0.00ns)   --->   "%l_valX_m_Val_10 = extractvalue i1024 %call_ret4" [/home/jrk/vivado/zc706/sdk/wksp1/zc706_lstm_kernels/libs/xf_BLAS/L1/include/hw/xf_blas/helpers/utils/types.hpp:96]   --->   Operation 20 'extractvalue' 'l_valX_m_Val_10' <Predicate = true> <Delay = 0.00>
ST_2 : Operation 21 [1/1] (0.00ns)   --->   "%l_valX_m_Val_11 = extractvalue i1024 %call_ret4" [/home/jrk/vivado/zc706/sdk/wksp1/zc706_lstm_kernels/libs/xf_BLAS/L1/include/hw/xf_blas/helpers/utils/types.hpp:96]   --->   Operation 21 'extractvalue' 'l_valX_m_Val_11' <Predicate = true> <Delay = 0.00>
ST_2 : Operation 22 [1/1] (0.00ns)   --->   "%l_valX_m_Val_12 = extractvalue i1024 %call_ret4" [/home/jrk/vivado/zc706/sdk/wksp1/zc706_lstm_kernels/libs/xf_BLAS/L1/include/hw/xf_blas/helpers/utils/types.hpp:96]   --->   Operation 22 'extractvalue' 'l_valX_m_Val_12' <Predicate = true> <Delay = 0.00>
ST_2 : Operation 23 [1/1] (0.00ns)   --->   "%l_valX_m_Val_13 = extractvalue i1024 %call_ret4" [/home/jrk/vivado/zc706/sdk/wksp1/zc706_lstm_kernels/libs/xf_BLAS/L1/include/hw/xf_blas/helpers/utils/types.hpp:96]   --->   Operation 23 'extractvalue' 'l_valX_m_Val_13' <Predicate = true> <Delay = 0.00>
ST_2 : Operation 24 [1/1] (0.00ns)   --->   "%l_valX_m_Val_14 = extractvalue i1024 %call_ret4" [/home/jrk/vivado/zc706/sdk/wksp1/zc706_lstm_kernels/libs/xf_BLAS/L1/include/hw/xf_blas/helpers/utils/types.hpp:96]   --->   Operation 24 'extractvalue' 'l_valX_m_Val_14' <Predicate = true> <Delay = 0.00>
ST_2 : Operation 25 [1/1] (0.00ns)   --->   "%l_valX_m_Val_15 = extractvalue i1024 %call_ret4" [/home/jrk/vivado/zc706/sdk/wksp1/zc706_lstm_kernels/libs/xf_BLAS/L1/include/hw/xf_blas/helpers/utils/types.hpp:96]   --->   Operation 25 'extractvalue' 'l_valX_m_Val_15' <Predicate = true> <Delay = 0.00>
ST_2 : Operation 26 [1/1] (0.00ns)   --->   "%l_valX_m_Val_16 = extractvalue i1024 %call_ret4" [/home/jrk/vivado/zc706/sdk/wksp1/zc706_lstm_kernels/libs/xf_BLAS/L1/include/hw/xf_blas/helpers/utils/types.hpp:96]   --->   Operation 26 'extractvalue' 'l_valX_m_Val_16' <Predicate = true> <Delay = 0.00>
ST_2 : Operation 27 [1/1] (0.00ns)   --->   "%l_valX_m_Val_17 = extractvalue i1024 %call_ret4" [/home/jrk/vivado/zc706/sdk/wksp1/zc706_lstm_kernels/libs/xf_BLAS/L1/include/hw/xf_blas/helpers/utils/types.hpp:96]   --->   Operation 27 'extractvalue' 'l_valX_m_Val_17' <Predicate = true> <Delay = 0.00>
ST_2 : Operation 28 [1/1] (0.00ns)   --->   "%l_valX_m_Val_18 = extractvalue i1024 %call_ret4" [/home/jrk/vivado/zc706/sdk/wksp1/zc706_lstm_kernels/libs/xf_BLAS/L1/include/hw/xf_blas/helpers/utils/types.hpp:96]   --->   Operation 28 'extractvalue' 'l_valX_m_Val_18' <Predicate = true> <Delay = 0.00>
ST_2 : Operation 29 [1/1] (0.00ns)   --->   "%l_valX_m_Val_19 = extractvalue i1024 %call_ret4" [/home/jrk/vivado/zc706/sdk/wksp1/zc706_lstm_kernels/libs/xf_BLAS/L1/include/hw/xf_blas/helpers/utils/types.hpp:96]   --->   Operation 29 'extractvalue' 'l_valX_m_Val_19' <Predicate = true> <Delay = 0.00>
ST_2 : Operation 30 [1/1] (0.00ns)   --->   "%l_valX_m_Val_20 = extractvalue i1024 %call_ret4" [/home/jrk/vivado/zc706/sdk/wksp1/zc706_lstm_kernels/libs/xf_BLAS/L1/include/hw/xf_blas/helpers/utils/types.hpp:96]   --->   Operation 30 'extractvalue' 'l_valX_m_Val_20' <Predicate = true> <Delay = 0.00>
ST_2 : Operation 31 [1/1] (0.00ns)   --->   "%l_valX_m_Val_21 = extractvalue i1024 %call_ret4" [/home/jrk/vivado/zc706/sdk/wksp1/zc706_lstm_kernels/libs/xf_BLAS/L1/include/hw/xf_blas/helpers/utils/types.hpp:96]   --->   Operation 31 'extractvalue' 'l_valX_m_Val_21' <Predicate = true> <Delay = 0.00>
ST_2 : Operation 32 [1/1] (0.00ns)   --->   "%l_valX_m_Val_22 = extractvalue i1024 %call_ret4" [/home/jrk/vivado/zc706/sdk/wksp1/zc706_lstm_kernels/libs/xf_BLAS/L1/include/hw/xf_blas/helpers/utils/types.hpp:96]   --->   Operation 32 'extractvalue' 'l_valX_m_Val_22' <Predicate = true> <Delay = 0.00>
ST_2 : Operation 33 [1/1] (0.00ns)   --->   "%l_valX_m_Val_23 = extractvalue i1024 %call_ret4" [/home/jrk/vivado/zc706/sdk/wksp1/zc706_lstm_kernels/libs/xf_BLAS/L1/include/hw/xf_blas/helpers/utils/types.hpp:96]   --->   Operation 33 'extractvalue' 'l_valX_m_Val_23' <Predicate = true> <Delay = 0.00>
ST_2 : Operation 34 [1/1] (0.00ns)   --->   "%l_valX_m_Val_24 = extractvalue i1024 %call_ret4" [/home/jrk/vivado/zc706/sdk/wksp1/zc706_lstm_kernels/libs/xf_BLAS/L1/include/hw/xf_blas/helpers/utils/types.hpp:96]   --->   Operation 34 'extractvalue' 'l_valX_m_Val_24' <Predicate = true> <Delay = 0.00>
ST_2 : Operation 35 [1/1] (0.00ns)   --->   "%l_valX_m_Val_25 = extractvalue i1024 %call_ret4" [/home/jrk/vivado/zc706/sdk/wksp1/zc706_lstm_kernels/libs/xf_BLAS/L1/include/hw/xf_blas/helpers/utils/types.hpp:96]   --->   Operation 35 'extractvalue' 'l_valX_m_Val_25' <Predicate = true> <Delay = 0.00>
ST_2 : Operation 36 [1/1] (0.00ns)   --->   "%l_valX_m_Val_26 = extractvalue i1024 %call_ret4" [/home/jrk/vivado/zc706/sdk/wksp1/zc706_lstm_kernels/libs/xf_BLAS/L1/include/hw/xf_blas/helpers/utils/types.hpp:96]   --->   Operation 36 'extractvalue' 'l_valX_m_Val_26' <Predicate = true> <Delay = 0.00>
ST_2 : Operation 37 [1/1] (0.00ns)   --->   "%l_valX_m_Val_27 = extractvalue i1024 %call_ret4" [/home/jrk/vivado/zc706/sdk/wksp1/zc706_lstm_kernels/libs/xf_BLAS/L1/include/hw/xf_blas/helpers/utils/types.hpp:96]   --->   Operation 37 'extractvalue' 'l_valX_m_Val_27' <Predicate = true> <Delay = 0.00>
ST_2 : Operation 38 [1/1] (0.00ns)   --->   "%l_valX_m_Val_28 = extractvalue i1024 %call_ret4" [/home/jrk/vivado/zc706/sdk/wksp1/zc706_lstm_kernels/libs/xf_BLAS/L1/include/hw/xf_blas/helpers/utils/types.hpp:96]   --->   Operation 38 'extractvalue' 'l_valX_m_Val_28' <Predicate = true> <Delay = 0.00>
ST_2 : Operation 39 [1/1] (0.00ns)   --->   "%l_valX_m_Val_29 = extractvalue i1024 %call_ret4" [/home/jrk/vivado/zc706/sdk/wksp1/zc706_lstm_kernels/libs/xf_BLAS/L1/include/hw/xf_blas/helpers/utils/types.hpp:96]   --->   Operation 39 'extractvalue' 'l_valX_m_Val_29' <Predicate = true> <Delay = 0.00>
ST_2 : Operation 40 [1/1] (0.00ns)   --->   "%l_valX_m_Val_30 = extractvalue i1024 %call_ret4" [/home/jrk/vivado/zc706/sdk/wksp1/zc706_lstm_kernels/libs/xf_BLAS/L1/include/hw/xf_blas/helpers/utils/types.hpp:96]   --->   Operation 40 'extractvalue' 'l_valX_m_Val_30' <Predicate = true> <Delay = 0.00>
ST_2 : Operation 41 [1/1] (0.00ns)   --->   "%l_valX_m_Val_31 = extractvalue i1024 %call_ret4" [/home/jrk/vivado/zc706/sdk/wksp1/zc706_lstm_kernels/libs/xf_BLAS/L1/include/hw/xf_blas/helpers/utils/types.hpp:96]   --->   Operation 41 'extractvalue' 'l_valX_m_Val_31' <Predicate = true> <Delay = 0.00>
ST_2 : Operation 42 [1/1] (1.29ns)   --->   "%call_ret = call i1024 @constructor, i1024 %tmp_V_4" [/home/jrk/vivado/zc706/sdk/wksp1/zc706_lstm_kernels/libs/xf_BLAS/L1/include/hw/xf_blas/helpers/utils/types.hpp:96]   --->   Operation 42 'call' 'call_ret' <Predicate = true> <Delay = 1.29> <CoreType = "Generic">   --->   Core 0 '' <Latency = 0> <II = 1> <Delay = 1.00> <Generic> <Opcode : >
ST_2 : Operation 43 [1/1] (0.00ns)   --->   "%ref_tmp3 = extractvalue i1024 %call_ret" [/home/jrk/vivado/zc706/sdk/wksp1/zc706_lstm_kernels/libs/xf_BLAS/L1/include/hw/xf_blas/helpers/utils/types.hpp:96]   --->   Operation 43 'extractvalue' 'ref_tmp3' <Predicate = true> <Delay = 0.00>
ST_2 : Operation 44 [1/1] (0.00ns)   --->   "%ref_tmp3_1 = extractvalue i1024 %call_ret" [/home/jrk/vivado/zc706/sdk/wksp1/zc706_lstm_kernels/libs/xf_BLAS/L1/include/hw/xf_blas/helpers/utils/types.hpp:96]   --->   Operation 44 'extractvalue' 'ref_tmp3_1' <Predicate = true> <Delay = 0.00>
ST_2 : Operation 45 [1/1] (0.00ns)   --->   "%ref_tmp3_2 = extractvalue i1024 %call_ret" [/home/jrk/vivado/zc706/sdk/wksp1/zc706_lstm_kernels/libs/xf_BLAS/L1/include/hw/xf_blas/helpers/utils/types.hpp:96]   --->   Operation 45 'extractvalue' 'ref_tmp3_2' <Predicate = true> <Delay = 0.00>
ST_2 : Operation 46 [1/1] (0.00ns)   --->   "%ref_tmp3_3 = extractvalue i1024 %call_ret" [/home/jrk/vivado/zc706/sdk/wksp1/zc706_lstm_kernels/libs/xf_BLAS/L1/include/hw/xf_blas/helpers/utils/types.hpp:96]   --->   Operation 46 'extractvalue' 'ref_tmp3_3' <Predicate = true> <Delay = 0.00>
ST_2 : Operation 47 [1/1] (0.00ns)   --->   "%ref_tmp3_4 = extractvalue i1024 %call_ret" [/home/jrk/vivado/zc706/sdk/wksp1/zc706_lstm_kernels/libs/xf_BLAS/L1/include/hw/xf_blas/helpers/utils/types.hpp:96]   --->   Operation 47 'extractvalue' 'ref_tmp3_4' <Predicate = true> <Delay = 0.00>
ST_2 : Operation 48 [1/1] (0.00ns)   --->   "%ref_tmp3_5 = extractvalue i1024 %call_ret" [/home/jrk/vivado/zc706/sdk/wksp1/zc706_lstm_kernels/libs/xf_BLAS/L1/include/hw/xf_blas/helpers/utils/types.hpp:96]   --->   Operation 48 'extractvalue' 'ref_tmp3_5' <Predicate = true> <Delay = 0.00>
ST_2 : Operation 49 [1/1] (0.00ns)   --->   "%ref_tmp3_6 = extractvalue i1024 %call_ret" [/home/jrk/vivado/zc706/sdk/wksp1/zc706_lstm_kernels/libs/xf_BLAS/L1/include/hw/xf_blas/helpers/utils/types.hpp:96]   --->   Operation 49 'extractvalue' 'ref_tmp3_6' <Predicate = true> <Delay = 0.00>
ST_2 : Operation 50 [1/1] (0.00ns)   --->   "%ref_tmp3_7 = extractvalue i1024 %call_ret" [/home/jrk/vivado/zc706/sdk/wksp1/zc706_lstm_kernels/libs/xf_BLAS/L1/include/hw/xf_blas/helpers/utils/types.hpp:96]   --->   Operation 50 'extractvalue' 'ref_tmp3_7' <Predicate = true> <Delay = 0.00>
ST_2 : Operation 51 [1/1] (0.00ns)   --->   "%ref_tmp3_8 = extractvalue i1024 %call_ret" [/home/jrk/vivado/zc706/sdk/wksp1/zc706_lstm_kernels/libs/xf_BLAS/L1/include/hw/xf_blas/helpers/utils/types.hpp:96]   --->   Operation 51 'extractvalue' 'ref_tmp3_8' <Predicate = true> <Delay = 0.00>
ST_2 : Operation 52 [1/1] (0.00ns)   --->   "%ref_tmp3_9 = extractvalue i1024 %call_ret" [/home/jrk/vivado/zc706/sdk/wksp1/zc706_lstm_kernels/libs/xf_BLAS/L1/include/hw/xf_blas/helpers/utils/types.hpp:96]   --->   Operation 52 'extractvalue' 'ref_tmp3_9' <Predicate = true> <Delay = 0.00>
ST_2 : Operation 53 [1/1] (0.00ns)   --->   "%ref_tmp3_10 = extractvalue i1024 %call_ret" [/home/jrk/vivado/zc706/sdk/wksp1/zc706_lstm_kernels/libs/xf_BLAS/L1/include/hw/xf_blas/helpers/utils/types.hpp:96]   --->   Operation 53 'extractvalue' 'ref_tmp3_10' <Predicate = true> <Delay = 0.00>
ST_2 : Operation 54 [1/1] (0.00ns)   --->   "%ref_tmp3_11 = extractvalue i1024 %call_ret" [/home/jrk/vivado/zc706/sdk/wksp1/zc706_lstm_kernels/libs/xf_BLAS/L1/include/hw/xf_blas/helpers/utils/types.hpp:96]   --->   Operation 54 'extractvalue' 'ref_tmp3_11' <Predicate = true> <Delay = 0.00>
ST_2 : Operation 55 [1/1] (0.00ns)   --->   "%ref_tmp3_12 = extractvalue i1024 %call_ret" [/home/jrk/vivado/zc706/sdk/wksp1/zc706_lstm_kernels/libs/xf_BLAS/L1/include/hw/xf_blas/helpers/utils/types.hpp:96]   --->   Operation 55 'extractvalue' 'ref_tmp3_12' <Predicate = true> <Delay = 0.00>
ST_2 : Operation 56 [1/1] (0.00ns)   --->   "%ref_tmp3_13 = extractvalue i1024 %call_ret" [/home/jrk/vivado/zc706/sdk/wksp1/zc706_lstm_kernels/libs/xf_BLAS/L1/include/hw/xf_blas/helpers/utils/types.hpp:96]   --->   Operation 56 'extractvalue' 'ref_tmp3_13' <Predicate = true> <Delay = 0.00>
ST_2 : Operation 57 [1/1] (0.00ns)   --->   "%ref_tmp3_14 = extractvalue i1024 %call_ret" [/home/jrk/vivado/zc706/sdk/wksp1/zc706_lstm_kernels/libs/xf_BLAS/L1/include/hw/xf_blas/helpers/utils/types.hpp:96]   --->   Operation 57 'extractvalue' 'ref_tmp3_14' <Predicate = true> <Delay = 0.00>
ST_2 : Operation 58 [1/1] (0.00ns)   --->   "%ref_tmp3_15 = extractvalue i1024 %call_ret" [/home/jrk/vivado/zc706/sdk/wksp1/zc706_lstm_kernels/libs/xf_BLAS/L1/include/hw/xf_blas/helpers/utils/types.hpp:96]   --->   Operation 58 'extractvalue' 'ref_tmp3_15' <Predicate = true> <Delay = 0.00>
ST_2 : Operation 59 [1/1] (0.00ns)   --->   "%ref_tmp3_16 = extractvalue i1024 %call_ret" [/home/jrk/vivado/zc706/sdk/wksp1/zc706_lstm_kernels/libs/xf_BLAS/L1/include/hw/xf_blas/helpers/utils/types.hpp:96]   --->   Operation 59 'extractvalue' 'ref_tmp3_16' <Predicate = true> <Delay = 0.00>
ST_2 : Operation 60 [1/1] (0.00ns)   --->   "%ref_tmp3_17 = extractvalue i1024 %call_ret" [/home/jrk/vivado/zc706/sdk/wksp1/zc706_lstm_kernels/libs/xf_BLAS/L1/include/hw/xf_blas/helpers/utils/types.hpp:96]   --->   Operation 60 'extractvalue' 'ref_tmp3_17' <Predicate = true> <Delay = 0.00>
ST_2 : Operation 61 [1/1] (0.00ns)   --->   "%ref_tmp3_18 = extractvalue i1024 %call_ret" [/home/jrk/vivado/zc706/sdk/wksp1/zc706_lstm_kernels/libs/xf_BLAS/L1/include/hw/xf_blas/helpers/utils/types.hpp:96]   --->   Operation 61 'extractvalue' 'ref_tmp3_18' <Predicate = true> <Delay = 0.00>
ST_2 : Operation 62 [1/1] (0.00ns)   --->   "%ref_tmp3_19 = extractvalue i1024 %call_ret" [/home/jrk/vivado/zc706/sdk/wksp1/zc706_lstm_kernels/libs/xf_BLAS/L1/include/hw/xf_blas/helpers/utils/types.hpp:96]   --->   Operation 62 'extractvalue' 'ref_tmp3_19' <Predicate = true> <Delay = 0.00>
ST_2 : Operation 63 [1/1] (0.00ns)   --->   "%ref_tmp3_20 = extractvalue i1024 %call_ret" [/home/jrk/vivado/zc706/sdk/wksp1/zc706_lstm_kernels/libs/xf_BLAS/L1/include/hw/xf_blas/helpers/utils/types.hpp:96]   --->   Operation 63 'extractvalue' 'ref_tmp3_20' <Predicate = true> <Delay = 0.00>
ST_2 : Operation 64 [1/1] (0.00ns)   --->   "%ref_tmp3_21 = extractvalue i1024 %call_ret" [/home/jrk/vivado/zc706/sdk/wksp1/zc706_lstm_kernels/libs/xf_BLAS/L1/include/hw/xf_blas/helpers/utils/types.hpp:96]   --->   Operation 64 'extractvalue' 'ref_tmp3_21' <Predicate = true> <Delay = 0.00>
ST_2 : Operation 65 [1/1] (0.00ns)   --->   "%ref_tmp3_22 = extractvalue i1024 %call_ret" [/home/jrk/vivado/zc706/sdk/wksp1/zc706_lstm_kernels/libs/xf_BLAS/L1/include/hw/xf_blas/helpers/utils/types.hpp:96]   --->   Operation 65 'extractvalue' 'ref_tmp3_22' <Predicate = true> <Delay = 0.00>
ST_2 : Operation 66 [1/1] (0.00ns)   --->   "%ref_tmp3_23 = extractvalue i1024 %call_ret" [/home/jrk/vivado/zc706/sdk/wksp1/zc706_lstm_kernels/libs/xf_BLAS/L1/include/hw/xf_blas/helpers/utils/types.hpp:96]   --->   Operation 66 'extractvalue' 'ref_tmp3_23' <Predicate = true> <Delay = 0.00>
ST_2 : Operation 67 [1/1] (0.00ns)   --->   "%ref_tmp3_24 = extractvalue i1024 %call_ret" [/home/jrk/vivado/zc706/sdk/wksp1/zc706_lstm_kernels/libs/xf_BLAS/L1/include/hw/xf_blas/helpers/utils/types.hpp:96]   --->   Operation 67 'extractvalue' 'ref_tmp3_24' <Predicate = true> <Delay = 0.00>
ST_2 : Operation 68 [1/1] (0.00ns)   --->   "%ref_tmp3_25 = extractvalue i1024 %call_ret" [/home/jrk/vivado/zc706/sdk/wksp1/zc706_lstm_kernels/libs/xf_BLAS/L1/include/hw/xf_blas/helpers/utils/types.hpp:96]   --->   Operation 68 'extractvalue' 'ref_tmp3_25' <Predicate = true> <Delay = 0.00>
ST_2 : Operation 69 [1/1] (0.00ns)   --->   "%ref_tmp3_26 = extractvalue i1024 %call_ret" [/home/jrk/vivado/zc706/sdk/wksp1/zc706_lstm_kernels/libs/xf_BLAS/L1/include/hw/xf_blas/helpers/utils/types.hpp:96]   --->   Operation 69 'extractvalue' 'ref_tmp3_26' <Predicate = true> <Delay = 0.00>
ST_2 : Operation 70 [1/1] (0.00ns)   --->   "%ref_tmp3_27 = extractvalue i1024 %call_ret" [/home/jrk/vivado/zc706/sdk/wksp1/zc706_lstm_kernels/libs/xf_BLAS/L1/include/hw/xf_blas/helpers/utils/types.hpp:96]   --->   Operation 70 'extractvalue' 'ref_tmp3_27' <Predicate = true> <Delay = 0.00>
ST_2 : Operation 71 [1/1] (0.00ns)   --->   "%ref_tmp3_28 = extractvalue i1024 %call_ret" [/home/jrk/vivado/zc706/sdk/wksp1/zc706_lstm_kernels/libs/xf_BLAS/L1/include/hw/xf_blas/helpers/utils/types.hpp:96]   --->   Operation 71 'extractvalue' 'ref_tmp3_28' <Predicate = true> <Delay = 0.00>
ST_2 : Operation 72 [1/1] (0.00ns)   --->   "%ref_tmp3_29 = extractvalue i1024 %call_ret" [/home/jrk/vivado/zc706/sdk/wksp1/zc706_lstm_kernels/libs/xf_BLAS/L1/include/hw/xf_blas/helpers/utils/types.hpp:96]   --->   Operation 72 'extractvalue' 'ref_tmp3_29' <Predicate = true> <Delay = 0.00>
ST_2 : Operation 73 [1/1] (0.00ns)   --->   "%ref_tmp3_30 = extractvalue i1024 %call_ret" [/home/jrk/vivado/zc706/sdk/wksp1/zc706_lstm_kernels/libs/xf_BLAS/L1/include/hw/xf_blas/helpers/utils/types.hpp:96]   --->   Operation 73 'extractvalue' 'ref_tmp3_30' <Predicate = true> <Delay = 0.00>
ST_2 : Operation 74 [1/1] (0.00ns)   --->   "%ref_tmp3_s = extractvalue i1024 %call_ret" [/home/jrk/vivado/zc706/sdk/wksp1/zc706_lstm_kernels/libs/xf_BLAS/L1/include/hw/xf_blas/helpers/utils/types.hpp:96]   --->   Operation 74 'extractvalue' 'ref_tmp3_s' <Predicate = true> <Delay = 0.00>
ST_2 : Operation 75 [4/4] (4.72ns)   --->   "%mul = fmul i32 %l_valX_m_Val_0, i32 %ref_tmp3" [/home/jrk/vivado/zc706/sdk/wksp1/zc706_lstm_kernels/libs/xf_BLAS/L1/include/hw/xf_blas/helpers/funcs/mul.hpp:62]   --->   Operation 75 'fmul' 'mul' <Predicate = true> <Delay = 4.72> <CoreInst = "FMul_maxdsp">   --->   Core 30 'FMul_maxdsp' <Latency = 3> <II = 1> <Delay = 4.72> <FuncUnit> <Opcode : 'fmul'> <InPorts = 2> <OutPorts = 1>
ST_2 : Operation 76 [4/4] (4.72ns)   --->   "%mul_1 = fmul i32 %l_valX_m_Val_1, i32 %ref_tmp3_1" [/home/jrk/vivado/zc706/sdk/wksp1/zc706_lstm_kernels/libs/xf_BLAS/L1/include/hw/xf_blas/helpers/funcs/mul.hpp:62]   --->   Operation 76 'fmul' 'mul_1' <Predicate = true> <Delay = 4.72> <CoreInst = "FMul_maxdsp">   --->   Core 30 'FMul_maxdsp' <Latency = 3> <II = 1> <Delay = 4.72> <FuncUnit> <Opcode : 'fmul'> <InPorts = 2> <OutPorts = 1>
ST_2 : Operation 77 [4/4] (4.72ns)   --->   "%mul_2 = fmul i32 %l_valX_m_Val_2, i32 %ref_tmp3_2" [/home/jrk/vivado/zc706/sdk/wksp1/zc706_lstm_kernels/libs/xf_BLAS/L1/include/hw/xf_blas/helpers/funcs/mul.hpp:62]   --->   Operation 77 'fmul' 'mul_2' <Predicate = true> <Delay = 4.72> <CoreInst = "FMul_maxdsp">   --->   Core 30 'FMul_maxdsp' <Latency = 3> <II = 1> <Delay = 4.72> <FuncUnit> <Opcode : 'fmul'> <InPorts = 2> <OutPorts = 1>
ST_2 : Operation 78 [4/4] (4.72ns)   --->   "%mul_3 = fmul i32 %l_valX_m_Val_3, i32 %ref_tmp3_3" [/home/jrk/vivado/zc706/sdk/wksp1/zc706_lstm_kernels/libs/xf_BLAS/L1/include/hw/xf_blas/helpers/funcs/mul.hpp:62]   --->   Operation 78 'fmul' 'mul_3' <Predicate = true> <Delay = 4.72> <CoreInst = "FMul_maxdsp">   --->   Core 30 'FMul_maxdsp' <Latency = 3> <II = 1> <Delay = 4.72> <FuncUnit> <Opcode : 'fmul'> <InPorts = 2> <OutPorts = 1>
ST_2 : Operation 79 [4/4] (4.72ns)   --->   "%mul_4 = fmul i32 %l_valX_m_Val_4, i32 %ref_tmp3_4" [/home/jrk/vivado/zc706/sdk/wksp1/zc706_lstm_kernels/libs/xf_BLAS/L1/include/hw/xf_blas/helpers/funcs/mul.hpp:62]   --->   Operation 79 'fmul' 'mul_4' <Predicate = true> <Delay = 4.72> <CoreInst = "FMul_maxdsp">   --->   Core 30 'FMul_maxdsp' <Latency = 3> <II = 1> <Delay = 4.72> <FuncUnit> <Opcode : 'fmul'> <InPorts = 2> <OutPorts = 1>
ST_2 : Operation 80 [4/4] (4.72ns)   --->   "%mul_5 = fmul i32 %l_valX_m_Val_5, i32 %ref_tmp3_5" [/home/jrk/vivado/zc706/sdk/wksp1/zc706_lstm_kernels/libs/xf_BLAS/L1/include/hw/xf_blas/helpers/funcs/mul.hpp:62]   --->   Operation 80 'fmul' 'mul_5' <Predicate = true> <Delay = 4.72> <CoreInst = "FMul_maxdsp">   --->   Core 30 'FMul_maxdsp' <Latency = 3> <II = 1> <Delay = 4.72> <FuncUnit> <Opcode : 'fmul'> <InPorts = 2> <OutPorts = 1>
ST_2 : Operation 81 [4/4] (4.72ns)   --->   "%mul_6 = fmul i32 %l_valX_m_Val_6, i32 %ref_tmp3_6" [/home/jrk/vivado/zc706/sdk/wksp1/zc706_lstm_kernels/libs/xf_BLAS/L1/include/hw/xf_blas/helpers/funcs/mul.hpp:62]   --->   Operation 81 'fmul' 'mul_6' <Predicate = true> <Delay = 4.72> <CoreInst = "FMul_maxdsp">   --->   Core 30 'FMul_maxdsp' <Latency = 3> <II = 1> <Delay = 4.72> <FuncUnit> <Opcode : 'fmul'> <InPorts = 2> <OutPorts = 1>
ST_2 : Operation 82 [4/4] (4.72ns)   --->   "%mul_7 = fmul i32 %l_valX_m_Val_7, i32 %ref_tmp3_7" [/home/jrk/vivado/zc706/sdk/wksp1/zc706_lstm_kernels/libs/xf_BLAS/L1/include/hw/xf_blas/helpers/funcs/mul.hpp:62]   --->   Operation 82 'fmul' 'mul_7' <Predicate = true> <Delay = 4.72> <CoreInst = "FMul_maxdsp">   --->   Core 30 'FMul_maxdsp' <Latency = 3> <II = 1> <Delay = 4.72> <FuncUnit> <Opcode : 'fmul'> <InPorts = 2> <OutPorts = 1>
ST_2 : Operation 83 [4/4] (4.72ns)   --->   "%mul_8 = fmul i32 %l_valX_m_Val_8, i32 %ref_tmp3_8" [/home/jrk/vivado/zc706/sdk/wksp1/zc706_lstm_kernels/libs/xf_BLAS/L1/include/hw/xf_blas/helpers/funcs/mul.hpp:62]   --->   Operation 83 'fmul' 'mul_8' <Predicate = true> <Delay = 4.72> <CoreInst = "FMul_maxdsp">   --->   Core 30 'FMul_maxdsp' <Latency = 3> <II = 1> <Delay = 4.72> <FuncUnit> <Opcode : 'fmul'> <InPorts = 2> <OutPorts = 1>
ST_2 : Operation 84 [4/4] (4.72ns)   --->   "%mul_9 = fmul i32 %l_valX_m_Val_9, i32 %ref_tmp3_9" [/home/jrk/vivado/zc706/sdk/wksp1/zc706_lstm_kernels/libs/xf_BLAS/L1/include/hw/xf_blas/helpers/funcs/mul.hpp:62]   --->   Operation 84 'fmul' 'mul_9' <Predicate = true> <Delay = 4.72> <CoreInst = "FMul_maxdsp">   --->   Core 30 'FMul_maxdsp' <Latency = 3> <II = 1> <Delay = 4.72> <FuncUnit> <Opcode : 'fmul'> <InPorts = 2> <OutPorts = 1>
ST_2 : Operation 85 [4/4] (4.72ns)   --->   "%mul_10 = fmul i32 %l_valX_m_Val_10, i32 %ref_tmp3_10" [/home/jrk/vivado/zc706/sdk/wksp1/zc706_lstm_kernels/libs/xf_BLAS/L1/include/hw/xf_blas/helpers/funcs/mul.hpp:62]   --->   Operation 85 'fmul' 'mul_10' <Predicate = true> <Delay = 4.72> <CoreInst = "FMul_maxdsp">   --->   Core 30 'FMul_maxdsp' <Latency = 3> <II = 1> <Delay = 4.72> <FuncUnit> <Opcode : 'fmul'> <InPorts = 2> <OutPorts = 1>
ST_2 : Operation 86 [4/4] (4.72ns)   --->   "%mul_11 = fmul i32 %l_valX_m_Val_11, i32 %ref_tmp3_11" [/home/jrk/vivado/zc706/sdk/wksp1/zc706_lstm_kernels/libs/xf_BLAS/L1/include/hw/xf_blas/helpers/funcs/mul.hpp:62]   --->   Operation 86 'fmul' 'mul_11' <Predicate = true> <Delay = 4.72> <CoreInst = "FMul_maxdsp">   --->   Core 30 'FMul_maxdsp' <Latency = 3> <II = 1> <Delay = 4.72> <FuncUnit> <Opcode : 'fmul'> <InPorts = 2> <OutPorts = 1>
ST_2 : Operation 87 [4/4] (4.72ns)   --->   "%mul_12 = fmul i32 %l_valX_m_Val_12, i32 %ref_tmp3_12" [/home/jrk/vivado/zc706/sdk/wksp1/zc706_lstm_kernels/libs/xf_BLAS/L1/include/hw/xf_blas/helpers/funcs/mul.hpp:62]   --->   Operation 87 'fmul' 'mul_12' <Predicate = true> <Delay = 4.72> <CoreInst = "FMul_maxdsp">   --->   Core 30 'FMul_maxdsp' <Latency = 3> <II = 1> <Delay = 4.72> <FuncUnit> <Opcode : 'fmul'> <InPorts = 2> <OutPorts = 1>
ST_2 : Operation 88 [4/4] (4.72ns)   --->   "%mul_13 = fmul i32 %l_valX_m_Val_13, i32 %ref_tmp3_13" [/home/jrk/vivado/zc706/sdk/wksp1/zc706_lstm_kernels/libs/xf_BLAS/L1/include/hw/xf_blas/helpers/funcs/mul.hpp:62]   --->   Operation 88 'fmul' 'mul_13' <Predicate = true> <Delay = 4.72> <CoreInst = "FMul_maxdsp">   --->   Core 30 'FMul_maxdsp' <Latency = 3> <II = 1> <Delay = 4.72> <FuncUnit> <Opcode : 'fmul'> <InPorts = 2> <OutPorts = 1>
ST_2 : Operation 89 [4/4] (4.72ns)   --->   "%mul_14 = fmul i32 %l_valX_m_Val_14, i32 %ref_tmp3_14" [/home/jrk/vivado/zc706/sdk/wksp1/zc706_lstm_kernels/libs/xf_BLAS/L1/include/hw/xf_blas/helpers/funcs/mul.hpp:62]   --->   Operation 89 'fmul' 'mul_14' <Predicate = true> <Delay = 4.72> <CoreInst = "FMul_maxdsp">   --->   Core 30 'FMul_maxdsp' <Latency = 3> <II = 1> <Delay = 4.72> <FuncUnit> <Opcode : 'fmul'> <InPorts = 2> <OutPorts = 1>
ST_2 : Operation 90 [4/4] (4.72ns)   --->   "%mul_15 = fmul i32 %l_valX_m_Val_15, i32 %ref_tmp3_15" [/home/jrk/vivado/zc706/sdk/wksp1/zc706_lstm_kernels/libs/xf_BLAS/L1/include/hw/xf_blas/helpers/funcs/mul.hpp:62]   --->   Operation 90 'fmul' 'mul_15' <Predicate = true> <Delay = 4.72> <CoreInst = "FMul_maxdsp">   --->   Core 30 'FMul_maxdsp' <Latency = 3> <II = 1> <Delay = 4.72> <FuncUnit> <Opcode : 'fmul'> <InPorts = 2> <OutPorts = 1>
ST_2 : Operation 91 [4/4] (4.72ns)   --->   "%mul_16 = fmul i32 %l_valX_m_Val_16, i32 %ref_tmp3_16" [/home/jrk/vivado/zc706/sdk/wksp1/zc706_lstm_kernels/libs/xf_BLAS/L1/include/hw/xf_blas/helpers/funcs/mul.hpp:62]   --->   Operation 91 'fmul' 'mul_16' <Predicate = true> <Delay = 4.72> <CoreInst = "FMul_maxdsp">   --->   Core 30 'FMul_maxdsp' <Latency = 3> <II = 1> <Delay = 4.72> <FuncUnit> <Opcode : 'fmul'> <InPorts = 2> <OutPorts = 1>
ST_2 : Operation 92 [4/4] (4.72ns)   --->   "%mul_17 = fmul i32 %l_valX_m_Val_17, i32 %ref_tmp3_17" [/home/jrk/vivado/zc706/sdk/wksp1/zc706_lstm_kernels/libs/xf_BLAS/L1/include/hw/xf_blas/helpers/funcs/mul.hpp:62]   --->   Operation 92 'fmul' 'mul_17' <Predicate = true> <Delay = 4.72> <CoreInst = "FMul_maxdsp">   --->   Core 30 'FMul_maxdsp' <Latency = 3> <II = 1> <Delay = 4.72> <FuncUnit> <Opcode : 'fmul'> <InPorts = 2> <OutPorts = 1>
ST_2 : Operation 93 [4/4] (4.72ns)   --->   "%mul_18 = fmul i32 %l_valX_m_Val_18, i32 %ref_tmp3_18" [/home/jrk/vivado/zc706/sdk/wksp1/zc706_lstm_kernels/libs/xf_BLAS/L1/include/hw/xf_blas/helpers/funcs/mul.hpp:62]   --->   Operation 93 'fmul' 'mul_18' <Predicate = true> <Delay = 4.72> <CoreInst = "FMul_maxdsp">   --->   Core 30 'FMul_maxdsp' <Latency = 3> <II = 1> <Delay = 4.72> <FuncUnit> <Opcode : 'fmul'> <InPorts = 2> <OutPorts = 1>
ST_2 : Operation 94 [4/4] (4.72ns)   --->   "%mul_19 = fmul i32 %l_valX_m_Val_19, i32 %ref_tmp3_19" [/home/jrk/vivado/zc706/sdk/wksp1/zc706_lstm_kernels/libs/xf_BLAS/L1/include/hw/xf_blas/helpers/funcs/mul.hpp:62]   --->   Operation 94 'fmul' 'mul_19' <Predicate = true> <Delay = 4.72> <CoreInst = "FMul_maxdsp">   --->   Core 30 'FMul_maxdsp' <Latency = 3> <II = 1> <Delay = 4.72> <FuncUnit> <Opcode : 'fmul'> <InPorts = 2> <OutPorts = 1>
ST_2 : Operation 95 [4/4] (4.72ns)   --->   "%mul_20 = fmul i32 %l_valX_m_Val_20, i32 %ref_tmp3_20" [/home/jrk/vivado/zc706/sdk/wksp1/zc706_lstm_kernels/libs/xf_BLAS/L1/include/hw/xf_blas/helpers/funcs/mul.hpp:62]   --->   Operation 95 'fmul' 'mul_20' <Predicate = true> <Delay = 4.72> <CoreInst = "FMul_maxdsp">   --->   Core 30 'FMul_maxdsp' <Latency = 3> <II = 1> <Delay = 4.72> <FuncUnit> <Opcode : 'fmul'> <InPorts = 2> <OutPorts = 1>
ST_2 : Operation 96 [4/4] (4.72ns)   --->   "%mul_21 = fmul i32 %l_valX_m_Val_21, i32 %ref_tmp3_21" [/home/jrk/vivado/zc706/sdk/wksp1/zc706_lstm_kernels/libs/xf_BLAS/L1/include/hw/xf_blas/helpers/funcs/mul.hpp:62]   --->   Operation 96 'fmul' 'mul_21' <Predicate = true> <Delay = 4.72> <CoreInst = "FMul_maxdsp">   --->   Core 30 'FMul_maxdsp' <Latency = 3> <II = 1> <Delay = 4.72> <FuncUnit> <Opcode : 'fmul'> <InPorts = 2> <OutPorts = 1>
ST_2 : Operation 97 [4/4] (4.72ns)   --->   "%mul_22 = fmul i32 %l_valX_m_Val_22, i32 %ref_tmp3_22" [/home/jrk/vivado/zc706/sdk/wksp1/zc706_lstm_kernels/libs/xf_BLAS/L1/include/hw/xf_blas/helpers/funcs/mul.hpp:62]   --->   Operation 97 'fmul' 'mul_22' <Predicate = true> <Delay = 4.72> <CoreInst = "FMul_maxdsp">   --->   Core 30 'FMul_maxdsp' <Latency = 3> <II = 1> <Delay = 4.72> <FuncUnit> <Opcode : 'fmul'> <InPorts = 2> <OutPorts = 1>
ST_2 : Operation 98 [4/4] (4.72ns)   --->   "%mul_23 = fmul i32 %l_valX_m_Val_23, i32 %ref_tmp3_23" [/home/jrk/vivado/zc706/sdk/wksp1/zc706_lstm_kernels/libs/xf_BLAS/L1/include/hw/xf_blas/helpers/funcs/mul.hpp:62]   --->   Operation 98 'fmul' 'mul_23' <Predicate = true> <Delay = 4.72> <CoreInst = "FMul_maxdsp">   --->   Core 30 'FMul_maxdsp' <Latency = 3> <II = 1> <Delay = 4.72> <FuncUnit> <Opcode : 'fmul'> <InPorts = 2> <OutPorts = 1>
ST_2 : Operation 99 [4/4] (4.72ns)   --->   "%mul_24 = fmul i32 %l_valX_m_Val_24, i32 %ref_tmp3_24" [/home/jrk/vivado/zc706/sdk/wksp1/zc706_lstm_kernels/libs/xf_BLAS/L1/include/hw/xf_blas/helpers/funcs/mul.hpp:62]   --->   Operation 99 'fmul' 'mul_24' <Predicate = true> <Delay = 4.72> <CoreInst = "FMul_maxdsp">   --->   Core 30 'FMul_maxdsp' <Latency = 3> <II = 1> <Delay = 4.72> <FuncUnit> <Opcode : 'fmul'> <InPorts = 2> <OutPorts = 1>
ST_2 : Operation 100 [4/4] (4.72ns)   --->   "%mul_25 = fmul i32 %l_valX_m_Val_25, i32 %ref_tmp3_25" [/home/jrk/vivado/zc706/sdk/wksp1/zc706_lstm_kernels/libs/xf_BLAS/L1/include/hw/xf_blas/helpers/funcs/mul.hpp:62]   --->   Operation 100 'fmul' 'mul_25' <Predicate = true> <Delay = 4.72> <CoreInst = "FMul_maxdsp">   --->   Core 30 'FMul_maxdsp' <Latency = 3> <II = 1> <Delay = 4.72> <FuncUnit> <Opcode : 'fmul'> <InPorts = 2> <OutPorts = 1>
ST_2 : Operation 101 [4/4] (4.72ns)   --->   "%mul_26 = fmul i32 %l_valX_m_Val_26, i32 %ref_tmp3_26" [/home/jrk/vivado/zc706/sdk/wksp1/zc706_lstm_kernels/libs/xf_BLAS/L1/include/hw/xf_blas/helpers/funcs/mul.hpp:62]   --->   Operation 101 'fmul' 'mul_26' <Predicate = true> <Delay = 4.72> <CoreInst = "FMul_maxdsp">   --->   Core 30 'FMul_maxdsp' <Latency = 3> <II = 1> <Delay = 4.72> <FuncUnit> <Opcode : 'fmul'> <InPorts = 2> <OutPorts = 1>
ST_2 : Operation 102 [4/4] (4.72ns)   --->   "%mul_27 = fmul i32 %l_valX_m_Val_27, i32 %ref_tmp3_27" [/home/jrk/vivado/zc706/sdk/wksp1/zc706_lstm_kernels/libs/xf_BLAS/L1/include/hw/xf_blas/helpers/funcs/mul.hpp:62]   --->   Operation 102 'fmul' 'mul_27' <Predicate = true> <Delay = 4.72> <CoreInst = "FMul_maxdsp">   --->   Core 30 'FMul_maxdsp' <Latency = 3> <II = 1> <Delay = 4.72> <FuncUnit> <Opcode : 'fmul'> <InPorts = 2> <OutPorts = 1>
ST_2 : Operation 103 [4/4] (4.72ns)   --->   "%mul_28 = fmul i32 %l_valX_m_Val_28, i32 %ref_tmp3_28" [/home/jrk/vivado/zc706/sdk/wksp1/zc706_lstm_kernels/libs/xf_BLAS/L1/include/hw/xf_blas/helpers/funcs/mul.hpp:62]   --->   Operation 103 'fmul' 'mul_28' <Predicate = true> <Delay = 4.72> <CoreInst = "FMul_maxdsp">   --->   Core 30 'FMul_maxdsp' <Latency = 3> <II = 1> <Delay = 4.72> <FuncUnit> <Opcode : 'fmul'> <InPorts = 2> <OutPorts = 1>
ST_2 : Operation 104 [4/4] (4.72ns)   --->   "%mul_29 = fmul i32 %l_valX_m_Val_29, i32 %ref_tmp3_29" [/home/jrk/vivado/zc706/sdk/wksp1/zc706_lstm_kernels/libs/xf_BLAS/L1/include/hw/xf_blas/helpers/funcs/mul.hpp:62]   --->   Operation 104 'fmul' 'mul_29' <Predicate = true> <Delay = 4.72> <CoreInst = "FMul_maxdsp">   --->   Core 30 'FMul_maxdsp' <Latency = 3> <II = 1> <Delay = 4.72> <FuncUnit> <Opcode : 'fmul'> <InPorts = 2> <OutPorts = 1>
ST_2 : Operation 105 [4/4] (4.72ns)   --->   "%mul_30 = fmul i32 %l_valX_m_Val_30, i32 %ref_tmp3_30" [/home/jrk/vivado/zc706/sdk/wksp1/zc706_lstm_kernels/libs/xf_BLAS/L1/include/hw/xf_blas/helpers/funcs/mul.hpp:62]   --->   Operation 105 'fmul' 'mul_30' <Predicate = true> <Delay = 4.72> <CoreInst = "FMul_maxdsp">   --->   Core 30 'FMul_maxdsp' <Latency = 3> <II = 1> <Delay = 4.72> <FuncUnit> <Opcode : 'fmul'> <InPorts = 2> <OutPorts = 1>
ST_2 : Operation 106 [4/4] (4.72ns)   --->   "%mul_s = fmul i32 %l_valX_m_Val_31, i32 %ref_tmp3_s" [/home/jrk/vivado/zc706/sdk/wksp1/zc706_lstm_kernels/libs/xf_BLAS/L1/include/hw/xf_blas/helpers/funcs/mul.hpp:62]   --->   Operation 106 'fmul' 'mul_s' <Predicate = true> <Delay = 4.72> <CoreInst = "FMul_maxdsp">   --->   Core 30 'FMul_maxdsp' <Latency = 3> <II = 1> <Delay = 4.72> <FuncUnit> <Opcode : 'fmul'> <InPorts = 2> <OutPorts = 1>

State 3 <SV = 2> <Delay = 4.72>
ST_3 : Operation 107 [3/4] (4.72ns)   --->   "%mul = fmul i32 %l_valX_m_Val_0, i32 %ref_tmp3" [/home/jrk/vivado/zc706/sdk/wksp1/zc706_lstm_kernels/libs/xf_BLAS/L1/include/hw/xf_blas/helpers/funcs/mul.hpp:62]   --->   Operation 107 'fmul' 'mul' <Predicate = true> <Delay = 4.72> <CoreInst = "FMul_maxdsp">   --->   Core 30 'FMul_maxdsp' <Latency = 3> <II = 1> <Delay = 4.72> <FuncUnit> <Opcode : 'fmul'> <InPorts = 2> <OutPorts = 1>
ST_3 : Operation 108 [3/4] (4.72ns)   --->   "%mul_1 = fmul i32 %l_valX_m_Val_1, i32 %ref_tmp3_1" [/home/jrk/vivado/zc706/sdk/wksp1/zc706_lstm_kernels/libs/xf_BLAS/L1/include/hw/xf_blas/helpers/funcs/mul.hpp:62]   --->   Operation 108 'fmul' 'mul_1' <Predicate = true> <Delay = 4.72> <CoreInst = "FMul_maxdsp">   --->   Core 30 'FMul_maxdsp' <Latency = 3> <II = 1> <Delay = 4.72> <FuncUnit> <Opcode : 'fmul'> <InPorts = 2> <OutPorts = 1>
ST_3 : Operation 109 [3/4] (4.72ns)   --->   "%mul_2 = fmul i32 %l_valX_m_Val_2, i32 %ref_tmp3_2" [/home/jrk/vivado/zc706/sdk/wksp1/zc706_lstm_kernels/libs/xf_BLAS/L1/include/hw/xf_blas/helpers/funcs/mul.hpp:62]   --->   Operation 109 'fmul' 'mul_2' <Predicate = true> <Delay = 4.72> <CoreInst = "FMul_maxdsp">   --->   Core 30 'FMul_maxdsp' <Latency = 3> <II = 1> <Delay = 4.72> <FuncUnit> <Opcode : 'fmul'> <InPorts = 2> <OutPorts = 1>
ST_3 : Operation 110 [3/4] (4.72ns)   --->   "%mul_3 = fmul i32 %l_valX_m_Val_3, i32 %ref_tmp3_3" [/home/jrk/vivado/zc706/sdk/wksp1/zc706_lstm_kernels/libs/xf_BLAS/L1/include/hw/xf_blas/helpers/funcs/mul.hpp:62]   --->   Operation 110 'fmul' 'mul_3' <Predicate = true> <Delay = 4.72> <CoreInst = "FMul_maxdsp">   --->   Core 30 'FMul_maxdsp' <Latency = 3> <II = 1> <Delay = 4.72> <FuncUnit> <Opcode : 'fmul'> <InPorts = 2> <OutPorts = 1>
ST_3 : Operation 111 [3/4] (4.72ns)   --->   "%mul_4 = fmul i32 %l_valX_m_Val_4, i32 %ref_tmp3_4" [/home/jrk/vivado/zc706/sdk/wksp1/zc706_lstm_kernels/libs/xf_BLAS/L1/include/hw/xf_blas/helpers/funcs/mul.hpp:62]   --->   Operation 111 'fmul' 'mul_4' <Predicate = true> <Delay = 4.72> <CoreInst = "FMul_maxdsp">   --->   Core 30 'FMul_maxdsp' <Latency = 3> <II = 1> <Delay = 4.72> <FuncUnit> <Opcode : 'fmul'> <InPorts = 2> <OutPorts = 1>
ST_3 : Operation 112 [3/4] (4.72ns)   --->   "%mul_5 = fmul i32 %l_valX_m_Val_5, i32 %ref_tmp3_5" [/home/jrk/vivado/zc706/sdk/wksp1/zc706_lstm_kernels/libs/xf_BLAS/L1/include/hw/xf_blas/helpers/funcs/mul.hpp:62]   --->   Operation 112 'fmul' 'mul_5' <Predicate = true> <Delay = 4.72> <CoreInst = "FMul_maxdsp">   --->   Core 30 'FMul_maxdsp' <Latency = 3> <II = 1> <Delay = 4.72> <FuncUnit> <Opcode : 'fmul'> <InPorts = 2> <OutPorts = 1>
ST_3 : Operation 113 [3/4] (4.72ns)   --->   "%mul_6 = fmul i32 %l_valX_m_Val_6, i32 %ref_tmp3_6" [/home/jrk/vivado/zc706/sdk/wksp1/zc706_lstm_kernels/libs/xf_BLAS/L1/include/hw/xf_blas/helpers/funcs/mul.hpp:62]   --->   Operation 113 'fmul' 'mul_6' <Predicate = true> <Delay = 4.72> <CoreInst = "FMul_maxdsp">   --->   Core 30 'FMul_maxdsp' <Latency = 3> <II = 1> <Delay = 4.72> <FuncUnit> <Opcode : 'fmul'> <InPorts = 2> <OutPorts = 1>
ST_3 : Operation 114 [3/4] (4.72ns)   --->   "%mul_7 = fmul i32 %l_valX_m_Val_7, i32 %ref_tmp3_7" [/home/jrk/vivado/zc706/sdk/wksp1/zc706_lstm_kernels/libs/xf_BLAS/L1/include/hw/xf_blas/helpers/funcs/mul.hpp:62]   --->   Operation 114 'fmul' 'mul_7' <Predicate = true> <Delay = 4.72> <CoreInst = "FMul_maxdsp">   --->   Core 30 'FMul_maxdsp' <Latency = 3> <II = 1> <Delay = 4.72> <FuncUnit> <Opcode : 'fmul'> <InPorts = 2> <OutPorts = 1>
ST_3 : Operation 115 [3/4] (4.72ns)   --->   "%mul_8 = fmul i32 %l_valX_m_Val_8, i32 %ref_tmp3_8" [/home/jrk/vivado/zc706/sdk/wksp1/zc706_lstm_kernels/libs/xf_BLAS/L1/include/hw/xf_blas/helpers/funcs/mul.hpp:62]   --->   Operation 115 'fmul' 'mul_8' <Predicate = true> <Delay = 4.72> <CoreInst = "FMul_maxdsp">   --->   Core 30 'FMul_maxdsp' <Latency = 3> <II = 1> <Delay = 4.72> <FuncUnit> <Opcode : 'fmul'> <InPorts = 2> <OutPorts = 1>
ST_3 : Operation 116 [3/4] (4.72ns)   --->   "%mul_9 = fmul i32 %l_valX_m_Val_9, i32 %ref_tmp3_9" [/home/jrk/vivado/zc706/sdk/wksp1/zc706_lstm_kernels/libs/xf_BLAS/L1/include/hw/xf_blas/helpers/funcs/mul.hpp:62]   --->   Operation 116 'fmul' 'mul_9' <Predicate = true> <Delay = 4.72> <CoreInst = "FMul_maxdsp">   --->   Core 30 'FMul_maxdsp' <Latency = 3> <II = 1> <Delay = 4.72> <FuncUnit> <Opcode : 'fmul'> <InPorts = 2> <OutPorts = 1>
ST_3 : Operation 117 [3/4] (4.72ns)   --->   "%mul_10 = fmul i32 %l_valX_m_Val_10, i32 %ref_tmp3_10" [/home/jrk/vivado/zc706/sdk/wksp1/zc706_lstm_kernels/libs/xf_BLAS/L1/include/hw/xf_blas/helpers/funcs/mul.hpp:62]   --->   Operation 117 'fmul' 'mul_10' <Predicate = true> <Delay = 4.72> <CoreInst = "FMul_maxdsp">   --->   Core 30 'FMul_maxdsp' <Latency = 3> <II = 1> <Delay = 4.72> <FuncUnit> <Opcode : 'fmul'> <InPorts = 2> <OutPorts = 1>
ST_3 : Operation 118 [3/4] (4.72ns)   --->   "%mul_11 = fmul i32 %l_valX_m_Val_11, i32 %ref_tmp3_11" [/home/jrk/vivado/zc706/sdk/wksp1/zc706_lstm_kernels/libs/xf_BLAS/L1/include/hw/xf_blas/helpers/funcs/mul.hpp:62]   --->   Operation 118 'fmul' 'mul_11' <Predicate = true> <Delay = 4.72> <CoreInst = "FMul_maxdsp">   --->   Core 30 'FMul_maxdsp' <Latency = 3> <II = 1> <Delay = 4.72> <FuncUnit> <Opcode : 'fmul'> <InPorts = 2> <OutPorts = 1>
ST_3 : Operation 119 [3/4] (4.72ns)   --->   "%mul_12 = fmul i32 %l_valX_m_Val_12, i32 %ref_tmp3_12" [/home/jrk/vivado/zc706/sdk/wksp1/zc706_lstm_kernels/libs/xf_BLAS/L1/include/hw/xf_blas/helpers/funcs/mul.hpp:62]   --->   Operation 119 'fmul' 'mul_12' <Predicate = true> <Delay = 4.72> <CoreInst = "FMul_maxdsp">   --->   Core 30 'FMul_maxdsp' <Latency = 3> <II = 1> <Delay = 4.72> <FuncUnit> <Opcode : 'fmul'> <InPorts = 2> <OutPorts = 1>
ST_3 : Operation 120 [3/4] (4.72ns)   --->   "%mul_13 = fmul i32 %l_valX_m_Val_13, i32 %ref_tmp3_13" [/home/jrk/vivado/zc706/sdk/wksp1/zc706_lstm_kernels/libs/xf_BLAS/L1/include/hw/xf_blas/helpers/funcs/mul.hpp:62]   --->   Operation 120 'fmul' 'mul_13' <Predicate = true> <Delay = 4.72> <CoreInst = "FMul_maxdsp">   --->   Core 30 'FMul_maxdsp' <Latency = 3> <II = 1> <Delay = 4.72> <FuncUnit> <Opcode : 'fmul'> <InPorts = 2> <OutPorts = 1>
ST_3 : Operation 121 [3/4] (4.72ns)   --->   "%mul_14 = fmul i32 %l_valX_m_Val_14, i32 %ref_tmp3_14" [/home/jrk/vivado/zc706/sdk/wksp1/zc706_lstm_kernels/libs/xf_BLAS/L1/include/hw/xf_blas/helpers/funcs/mul.hpp:62]   --->   Operation 121 'fmul' 'mul_14' <Predicate = true> <Delay = 4.72> <CoreInst = "FMul_maxdsp">   --->   Core 30 'FMul_maxdsp' <Latency = 3> <II = 1> <Delay = 4.72> <FuncUnit> <Opcode : 'fmul'> <InPorts = 2> <OutPorts = 1>
ST_3 : Operation 122 [3/4] (4.72ns)   --->   "%mul_15 = fmul i32 %l_valX_m_Val_15, i32 %ref_tmp3_15" [/home/jrk/vivado/zc706/sdk/wksp1/zc706_lstm_kernels/libs/xf_BLAS/L1/include/hw/xf_blas/helpers/funcs/mul.hpp:62]   --->   Operation 122 'fmul' 'mul_15' <Predicate = true> <Delay = 4.72> <CoreInst = "FMul_maxdsp">   --->   Core 30 'FMul_maxdsp' <Latency = 3> <II = 1> <Delay = 4.72> <FuncUnit> <Opcode : 'fmul'> <InPorts = 2> <OutPorts = 1>
ST_3 : Operation 123 [3/4] (4.72ns)   --->   "%mul_16 = fmul i32 %l_valX_m_Val_16, i32 %ref_tmp3_16" [/home/jrk/vivado/zc706/sdk/wksp1/zc706_lstm_kernels/libs/xf_BLAS/L1/include/hw/xf_blas/helpers/funcs/mul.hpp:62]   --->   Operation 123 'fmul' 'mul_16' <Predicate = true> <Delay = 4.72> <CoreInst = "FMul_maxdsp">   --->   Core 30 'FMul_maxdsp' <Latency = 3> <II = 1> <Delay = 4.72> <FuncUnit> <Opcode : 'fmul'> <InPorts = 2> <OutPorts = 1>
ST_3 : Operation 124 [3/4] (4.72ns)   --->   "%mul_17 = fmul i32 %l_valX_m_Val_17, i32 %ref_tmp3_17" [/home/jrk/vivado/zc706/sdk/wksp1/zc706_lstm_kernels/libs/xf_BLAS/L1/include/hw/xf_blas/helpers/funcs/mul.hpp:62]   --->   Operation 124 'fmul' 'mul_17' <Predicate = true> <Delay = 4.72> <CoreInst = "FMul_maxdsp">   --->   Core 30 'FMul_maxdsp' <Latency = 3> <II = 1> <Delay = 4.72> <FuncUnit> <Opcode : 'fmul'> <InPorts = 2> <OutPorts = 1>
ST_3 : Operation 125 [3/4] (4.72ns)   --->   "%mul_18 = fmul i32 %l_valX_m_Val_18, i32 %ref_tmp3_18" [/home/jrk/vivado/zc706/sdk/wksp1/zc706_lstm_kernels/libs/xf_BLAS/L1/include/hw/xf_blas/helpers/funcs/mul.hpp:62]   --->   Operation 125 'fmul' 'mul_18' <Predicate = true> <Delay = 4.72> <CoreInst = "FMul_maxdsp">   --->   Core 30 'FMul_maxdsp' <Latency = 3> <II = 1> <Delay = 4.72> <FuncUnit> <Opcode : 'fmul'> <InPorts = 2> <OutPorts = 1>
ST_3 : Operation 126 [3/4] (4.72ns)   --->   "%mul_19 = fmul i32 %l_valX_m_Val_19, i32 %ref_tmp3_19" [/home/jrk/vivado/zc706/sdk/wksp1/zc706_lstm_kernels/libs/xf_BLAS/L1/include/hw/xf_blas/helpers/funcs/mul.hpp:62]   --->   Operation 126 'fmul' 'mul_19' <Predicate = true> <Delay = 4.72> <CoreInst = "FMul_maxdsp">   --->   Core 30 'FMul_maxdsp' <Latency = 3> <II = 1> <Delay = 4.72> <FuncUnit> <Opcode : 'fmul'> <InPorts = 2> <OutPorts = 1>
ST_3 : Operation 127 [3/4] (4.72ns)   --->   "%mul_20 = fmul i32 %l_valX_m_Val_20, i32 %ref_tmp3_20" [/home/jrk/vivado/zc706/sdk/wksp1/zc706_lstm_kernels/libs/xf_BLAS/L1/include/hw/xf_blas/helpers/funcs/mul.hpp:62]   --->   Operation 127 'fmul' 'mul_20' <Predicate = true> <Delay = 4.72> <CoreInst = "FMul_maxdsp">   --->   Core 30 'FMul_maxdsp' <Latency = 3> <II = 1> <Delay = 4.72> <FuncUnit> <Opcode : 'fmul'> <InPorts = 2> <OutPorts = 1>
ST_3 : Operation 128 [3/4] (4.72ns)   --->   "%mul_21 = fmul i32 %l_valX_m_Val_21, i32 %ref_tmp3_21" [/home/jrk/vivado/zc706/sdk/wksp1/zc706_lstm_kernels/libs/xf_BLAS/L1/include/hw/xf_blas/helpers/funcs/mul.hpp:62]   --->   Operation 128 'fmul' 'mul_21' <Predicate = true> <Delay = 4.72> <CoreInst = "FMul_maxdsp">   --->   Core 30 'FMul_maxdsp' <Latency = 3> <II = 1> <Delay = 4.72> <FuncUnit> <Opcode : 'fmul'> <InPorts = 2> <OutPorts = 1>
ST_3 : Operation 129 [3/4] (4.72ns)   --->   "%mul_22 = fmul i32 %l_valX_m_Val_22, i32 %ref_tmp3_22" [/home/jrk/vivado/zc706/sdk/wksp1/zc706_lstm_kernels/libs/xf_BLAS/L1/include/hw/xf_blas/helpers/funcs/mul.hpp:62]   --->   Operation 129 'fmul' 'mul_22' <Predicate = true> <Delay = 4.72> <CoreInst = "FMul_maxdsp">   --->   Core 30 'FMul_maxdsp' <Latency = 3> <II = 1> <Delay = 4.72> <FuncUnit> <Opcode : 'fmul'> <InPorts = 2> <OutPorts = 1>
ST_3 : Operation 130 [3/4] (4.72ns)   --->   "%mul_23 = fmul i32 %l_valX_m_Val_23, i32 %ref_tmp3_23" [/home/jrk/vivado/zc706/sdk/wksp1/zc706_lstm_kernels/libs/xf_BLAS/L1/include/hw/xf_blas/helpers/funcs/mul.hpp:62]   --->   Operation 130 'fmul' 'mul_23' <Predicate = true> <Delay = 4.72> <CoreInst = "FMul_maxdsp">   --->   Core 30 'FMul_maxdsp' <Latency = 3> <II = 1> <Delay = 4.72> <FuncUnit> <Opcode : 'fmul'> <InPorts = 2> <OutPorts = 1>
ST_3 : Operation 131 [3/4] (4.72ns)   --->   "%mul_24 = fmul i32 %l_valX_m_Val_24, i32 %ref_tmp3_24" [/home/jrk/vivado/zc706/sdk/wksp1/zc706_lstm_kernels/libs/xf_BLAS/L1/include/hw/xf_blas/helpers/funcs/mul.hpp:62]   --->   Operation 131 'fmul' 'mul_24' <Predicate = true> <Delay = 4.72> <CoreInst = "FMul_maxdsp">   --->   Core 30 'FMul_maxdsp' <Latency = 3> <II = 1> <Delay = 4.72> <FuncUnit> <Opcode : 'fmul'> <InPorts = 2> <OutPorts = 1>
ST_3 : Operation 132 [3/4] (4.72ns)   --->   "%mul_25 = fmul i32 %l_valX_m_Val_25, i32 %ref_tmp3_25" [/home/jrk/vivado/zc706/sdk/wksp1/zc706_lstm_kernels/libs/xf_BLAS/L1/include/hw/xf_blas/helpers/funcs/mul.hpp:62]   --->   Operation 132 'fmul' 'mul_25' <Predicate = true> <Delay = 4.72> <CoreInst = "FMul_maxdsp">   --->   Core 30 'FMul_maxdsp' <Latency = 3> <II = 1> <Delay = 4.72> <FuncUnit> <Opcode : 'fmul'> <InPorts = 2> <OutPorts = 1>
ST_3 : Operation 133 [3/4] (4.72ns)   --->   "%mul_26 = fmul i32 %l_valX_m_Val_26, i32 %ref_tmp3_26" [/home/jrk/vivado/zc706/sdk/wksp1/zc706_lstm_kernels/libs/xf_BLAS/L1/include/hw/xf_blas/helpers/funcs/mul.hpp:62]   --->   Operation 133 'fmul' 'mul_26' <Predicate = true> <Delay = 4.72> <CoreInst = "FMul_maxdsp">   --->   Core 30 'FMul_maxdsp' <Latency = 3> <II = 1> <Delay = 4.72> <FuncUnit> <Opcode : 'fmul'> <InPorts = 2> <OutPorts = 1>
ST_3 : Operation 134 [3/4] (4.72ns)   --->   "%mul_27 = fmul i32 %l_valX_m_Val_27, i32 %ref_tmp3_27" [/home/jrk/vivado/zc706/sdk/wksp1/zc706_lstm_kernels/libs/xf_BLAS/L1/include/hw/xf_blas/helpers/funcs/mul.hpp:62]   --->   Operation 134 'fmul' 'mul_27' <Predicate = true> <Delay = 4.72> <CoreInst = "FMul_maxdsp">   --->   Core 30 'FMul_maxdsp' <Latency = 3> <II = 1> <Delay = 4.72> <FuncUnit> <Opcode : 'fmul'> <InPorts = 2> <OutPorts = 1>
ST_3 : Operation 135 [3/4] (4.72ns)   --->   "%mul_28 = fmul i32 %l_valX_m_Val_28, i32 %ref_tmp3_28" [/home/jrk/vivado/zc706/sdk/wksp1/zc706_lstm_kernels/libs/xf_BLAS/L1/include/hw/xf_blas/helpers/funcs/mul.hpp:62]   --->   Operation 135 'fmul' 'mul_28' <Predicate = true> <Delay = 4.72> <CoreInst = "FMul_maxdsp">   --->   Core 30 'FMul_maxdsp' <Latency = 3> <II = 1> <Delay = 4.72> <FuncUnit> <Opcode : 'fmul'> <InPorts = 2> <OutPorts = 1>
ST_3 : Operation 136 [3/4] (4.72ns)   --->   "%mul_29 = fmul i32 %l_valX_m_Val_29, i32 %ref_tmp3_29" [/home/jrk/vivado/zc706/sdk/wksp1/zc706_lstm_kernels/libs/xf_BLAS/L1/include/hw/xf_blas/helpers/funcs/mul.hpp:62]   --->   Operation 136 'fmul' 'mul_29' <Predicate = true> <Delay = 4.72> <CoreInst = "FMul_maxdsp">   --->   Core 30 'FMul_maxdsp' <Latency = 3> <II = 1> <Delay = 4.72> <FuncUnit> <Opcode : 'fmul'> <InPorts = 2> <OutPorts = 1>
ST_3 : Operation 137 [3/4] (4.72ns)   --->   "%mul_30 = fmul i32 %l_valX_m_Val_30, i32 %ref_tmp3_30" [/home/jrk/vivado/zc706/sdk/wksp1/zc706_lstm_kernels/libs/xf_BLAS/L1/include/hw/xf_blas/helpers/funcs/mul.hpp:62]   --->   Operation 137 'fmul' 'mul_30' <Predicate = true> <Delay = 4.72> <CoreInst = "FMul_maxdsp">   --->   Core 30 'FMul_maxdsp' <Latency = 3> <II = 1> <Delay = 4.72> <FuncUnit> <Opcode : 'fmul'> <InPorts = 2> <OutPorts = 1>
ST_3 : Operation 138 [3/4] (4.72ns)   --->   "%mul_s = fmul i32 %l_valX_m_Val_31, i32 %ref_tmp3_s" [/home/jrk/vivado/zc706/sdk/wksp1/zc706_lstm_kernels/libs/xf_BLAS/L1/include/hw/xf_blas/helpers/funcs/mul.hpp:62]   --->   Operation 138 'fmul' 'mul_s' <Predicate = true> <Delay = 4.72> <CoreInst = "FMul_maxdsp">   --->   Core 30 'FMul_maxdsp' <Latency = 3> <II = 1> <Delay = 4.72> <FuncUnit> <Opcode : 'fmul'> <InPorts = 2> <OutPorts = 1>

State 4 <SV = 3> <Delay = 4.72>
ST_4 : Operation 139 [2/4] (4.72ns)   --->   "%mul = fmul i32 %l_valX_m_Val_0, i32 %ref_tmp3" [/home/jrk/vivado/zc706/sdk/wksp1/zc706_lstm_kernels/libs/xf_BLAS/L1/include/hw/xf_blas/helpers/funcs/mul.hpp:62]   --->   Operation 139 'fmul' 'mul' <Predicate = true> <Delay = 4.72> <CoreInst = "FMul_maxdsp">   --->   Core 30 'FMul_maxdsp' <Latency = 3> <II = 1> <Delay = 4.72> <FuncUnit> <Opcode : 'fmul'> <InPorts = 2> <OutPorts = 1>
ST_4 : Operation 140 [2/4] (4.72ns)   --->   "%mul_1 = fmul i32 %l_valX_m_Val_1, i32 %ref_tmp3_1" [/home/jrk/vivado/zc706/sdk/wksp1/zc706_lstm_kernels/libs/xf_BLAS/L1/include/hw/xf_blas/helpers/funcs/mul.hpp:62]   --->   Operation 140 'fmul' 'mul_1' <Predicate = true> <Delay = 4.72> <CoreInst = "FMul_maxdsp">   --->   Core 30 'FMul_maxdsp' <Latency = 3> <II = 1> <Delay = 4.72> <FuncUnit> <Opcode : 'fmul'> <InPorts = 2> <OutPorts = 1>
ST_4 : Operation 141 [2/4] (4.72ns)   --->   "%mul_2 = fmul i32 %l_valX_m_Val_2, i32 %ref_tmp3_2" [/home/jrk/vivado/zc706/sdk/wksp1/zc706_lstm_kernels/libs/xf_BLAS/L1/include/hw/xf_blas/helpers/funcs/mul.hpp:62]   --->   Operation 141 'fmul' 'mul_2' <Predicate = true> <Delay = 4.72> <CoreInst = "FMul_maxdsp">   --->   Core 30 'FMul_maxdsp' <Latency = 3> <II = 1> <Delay = 4.72> <FuncUnit> <Opcode : 'fmul'> <InPorts = 2> <OutPorts = 1>
ST_4 : Operation 142 [2/4] (4.72ns)   --->   "%mul_3 = fmul i32 %l_valX_m_Val_3, i32 %ref_tmp3_3" [/home/jrk/vivado/zc706/sdk/wksp1/zc706_lstm_kernels/libs/xf_BLAS/L1/include/hw/xf_blas/helpers/funcs/mul.hpp:62]   --->   Operation 142 'fmul' 'mul_3' <Predicate = true> <Delay = 4.72> <CoreInst = "FMul_maxdsp">   --->   Core 30 'FMul_maxdsp' <Latency = 3> <II = 1> <Delay = 4.72> <FuncUnit> <Opcode : 'fmul'> <InPorts = 2> <OutPorts = 1>
ST_4 : Operation 143 [2/4] (4.72ns)   --->   "%mul_4 = fmul i32 %l_valX_m_Val_4, i32 %ref_tmp3_4" [/home/jrk/vivado/zc706/sdk/wksp1/zc706_lstm_kernels/libs/xf_BLAS/L1/include/hw/xf_blas/helpers/funcs/mul.hpp:62]   --->   Operation 143 'fmul' 'mul_4' <Predicate = true> <Delay = 4.72> <CoreInst = "FMul_maxdsp">   --->   Core 30 'FMul_maxdsp' <Latency = 3> <II = 1> <Delay = 4.72> <FuncUnit> <Opcode : 'fmul'> <InPorts = 2> <OutPorts = 1>
ST_4 : Operation 144 [2/4] (4.72ns)   --->   "%mul_5 = fmul i32 %l_valX_m_Val_5, i32 %ref_tmp3_5" [/home/jrk/vivado/zc706/sdk/wksp1/zc706_lstm_kernels/libs/xf_BLAS/L1/include/hw/xf_blas/helpers/funcs/mul.hpp:62]   --->   Operation 144 'fmul' 'mul_5' <Predicate = true> <Delay = 4.72> <CoreInst = "FMul_maxdsp">   --->   Core 30 'FMul_maxdsp' <Latency = 3> <II = 1> <Delay = 4.72> <FuncUnit> <Opcode : 'fmul'> <InPorts = 2> <OutPorts = 1>
ST_4 : Operation 145 [2/4] (4.72ns)   --->   "%mul_6 = fmul i32 %l_valX_m_Val_6, i32 %ref_tmp3_6" [/home/jrk/vivado/zc706/sdk/wksp1/zc706_lstm_kernels/libs/xf_BLAS/L1/include/hw/xf_blas/helpers/funcs/mul.hpp:62]   --->   Operation 145 'fmul' 'mul_6' <Predicate = true> <Delay = 4.72> <CoreInst = "FMul_maxdsp">   --->   Core 30 'FMul_maxdsp' <Latency = 3> <II = 1> <Delay = 4.72> <FuncUnit> <Opcode : 'fmul'> <InPorts = 2> <OutPorts = 1>
ST_4 : Operation 146 [2/4] (4.72ns)   --->   "%mul_7 = fmul i32 %l_valX_m_Val_7, i32 %ref_tmp3_7" [/home/jrk/vivado/zc706/sdk/wksp1/zc706_lstm_kernels/libs/xf_BLAS/L1/include/hw/xf_blas/helpers/funcs/mul.hpp:62]   --->   Operation 146 'fmul' 'mul_7' <Predicate = true> <Delay = 4.72> <CoreInst = "FMul_maxdsp">   --->   Core 30 'FMul_maxdsp' <Latency = 3> <II = 1> <Delay = 4.72> <FuncUnit> <Opcode : 'fmul'> <InPorts = 2> <OutPorts = 1>
ST_4 : Operation 147 [2/4] (4.72ns)   --->   "%mul_8 = fmul i32 %l_valX_m_Val_8, i32 %ref_tmp3_8" [/home/jrk/vivado/zc706/sdk/wksp1/zc706_lstm_kernels/libs/xf_BLAS/L1/include/hw/xf_blas/helpers/funcs/mul.hpp:62]   --->   Operation 147 'fmul' 'mul_8' <Predicate = true> <Delay = 4.72> <CoreInst = "FMul_maxdsp">   --->   Core 30 'FMul_maxdsp' <Latency = 3> <II = 1> <Delay = 4.72> <FuncUnit> <Opcode : 'fmul'> <InPorts = 2> <OutPorts = 1>
ST_4 : Operation 148 [2/4] (4.72ns)   --->   "%mul_9 = fmul i32 %l_valX_m_Val_9, i32 %ref_tmp3_9" [/home/jrk/vivado/zc706/sdk/wksp1/zc706_lstm_kernels/libs/xf_BLAS/L1/include/hw/xf_blas/helpers/funcs/mul.hpp:62]   --->   Operation 148 'fmul' 'mul_9' <Predicate = true> <Delay = 4.72> <CoreInst = "FMul_maxdsp">   --->   Core 30 'FMul_maxdsp' <Latency = 3> <II = 1> <Delay = 4.72> <FuncUnit> <Opcode : 'fmul'> <InPorts = 2> <OutPorts = 1>
ST_4 : Operation 149 [2/4] (4.72ns)   --->   "%mul_10 = fmul i32 %l_valX_m_Val_10, i32 %ref_tmp3_10" [/home/jrk/vivado/zc706/sdk/wksp1/zc706_lstm_kernels/libs/xf_BLAS/L1/include/hw/xf_blas/helpers/funcs/mul.hpp:62]   --->   Operation 149 'fmul' 'mul_10' <Predicate = true> <Delay = 4.72> <CoreInst = "FMul_maxdsp">   --->   Core 30 'FMul_maxdsp' <Latency = 3> <II = 1> <Delay = 4.72> <FuncUnit> <Opcode : 'fmul'> <InPorts = 2> <OutPorts = 1>
ST_4 : Operation 150 [2/4] (4.72ns)   --->   "%mul_11 = fmul i32 %l_valX_m_Val_11, i32 %ref_tmp3_11" [/home/jrk/vivado/zc706/sdk/wksp1/zc706_lstm_kernels/libs/xf_BLAS/L1/include/hw/xf_blas/helpers/funcs/mul.hpp:62]   --->   Operation 150 'fmul' 'mul_11' <Predicate = true> <Delay = 4.72> <CoreInst = "FMul_maxdsp">   --->   Core 30 'FMul_maxdsp' <Latency = 3> <II = 1> <Delay = 4.72> <FuncUnit> <Opcode : 'fmul'> <InPorts = 2> <OutPorts = 1>
ST_4 : Operation 151 [2/4] (4.72ns)   --->   "%mul_12 = fmul i32 %l_valX_m_Val_12, i32 %ref_tmp3_12" [/home/jrk/vivado/zc706/sdk/wksp1/zc706_lstm_kernels/libs/xf_BLAS/L1/include/hw/xf_blas/helpers/funcs/mul.hpp:62]   --->   Operation 151 'fmul' 'mul_12' <Predicate = true> <Delay = 4.72> <CoreInst = "FMul_maxdsp">   --->   Core 30 'FMul_maxdsp' <Latency = 3> <II = 1> <Delay = 4.72> <FuncUnit> <Opcode : 'fmul'> <InPorts = 2> <OutPorts = 1>
ST_4 : Operation 152 [2/4] (4.72ns)   --->   "%mul_13 = fmul i32 %l_valX_m_Val_13, i32 %ref_tmp3_13" [/home/jrk/vivado/zc706/sdk/wksp1/zc706_lstm_kernels/libs/xf_BLAS/L1/include/hw/xf_blas/helpers/funcs/mul.hpp:62]   --->   Operation 152 'fmul' 'mul_13' <Predicate = true> <Delay = 4.72> <CoreInst = "FMul_maxdsp">   --->   Core 30 'FMul_maxdsp' <Latency = 3> <II = 1> <Delay = 4.72> <FuncUnit> <Opcode : 'fmul'> <InPorts = 2> <OutPorts = 1>
ST_4 : Operation 153 [2/4] (4.72ns)   --->   "%mul_14 = fmul i32 %l_valX_m_Val_14, i32 %ref_tmp3_14" [/home/jrk/vivado/zc706/sdk/wksp1/zc706_lstm_kernels/libs/xf_BLAS/L1/include/hw/xf_blas/helpers/funcs/mul.hpp:62]   --->   Operation 153 'fmul' 'mul_14' <Predicate = true> <Delay = 4.72> <CoreInst = "FMul_maxdsp">   --->   Core 30 'FMul_maxdsp' <Latency = 3> <II = 1> <Delay = 4.72> <FuncUnit> <Opcode : 'fmul'> <InPorts = 2> <OutPorts = 1>
ST_4 : Operation 154 [2/4] (4.72ns)   --->   "%mul_15 = fmul i32 %l_valX_m_Val_15, i32 %ref_tmp3_15" [/home/jrk/vivado/zc706/sdk/wksp1/zc706_lstm_kernels/libs/xf_BLAS/L1/include/hw/xf_blas/helpers/funcs/mul.hpp:62]   --->   Operation 154 'fmul' 'mul_15' <Predicate = true> <Delay = 4.72> <CoreInst = "FMul_maxdsp">   --->   Core 30 'FMul_maxdsp' <Latency = 3> <II = 1> <Delay = 4.72> <FuncUnit> <Opcode : 'fmul'> <InPorts = 2> <OutPorts = 1>
ST_4 : Operation 155 [2/4] (4.72ns)   --->   "%mul_16 = fmul i32 %l_valX_m_Val_16, i32 %ref_tmp3_16" [/home/jrk/vivado/zc706/sdk/wksp1/zc706_lstm_kernels/libs/xf_BLAS/L1/include/hw/xf_blas/helpers/funcs/mul.hpp:62]   --->   Operation 155 'fmul' 'mul_16' <Predicate = true> <Delay = 4.72> <CoreInst = "FMul_maxdsp">   --->   Core 30 'FMul_maxdsp' <Latency = 3> <II = 1> <Delay = 4.72> <FuncUnit> <Opcode : 'fmul'> <InPorts = 2> <OutPorts = 1>
ST_4 : Operation 156 [2/4] (4.72ns)   --->   "%mul_17 = fmul i32 %l_valX_m_Val_17, i32 %ref_tmp3_17" [/home/jrk/vivado/zc706/sdk/wksp1/zc706_lstm_kernels/libs/xf_BLAS/L1/include/hw/xf_blas/helpers/funcs/mul.hpp:62]   --->   Operation 156 'fmul' 'mul_17' <Predicate = true> <Delay = 4.72> <CoreInst = "FMul_maxdsp">   --->   Core 30 'FMul_maxdsp' <Latency = 3> <II = 1> <Delay = 4.72> <FuncUnit> <Opcode : 'fmul'> <InPorts = 2> <OutPorts = 1>
ST_4 : Operation 157 [2/4] (4.72ns)   --->   "%mul_18 = fmul i32 %l_valX_m_Val_18, i32 %ref_tmp3_18" [/home/jrk/vivado/zc706/sdk/wksp1/zc706_lstm_kernels/libs/xf_BLAS/L1/include/hw/xf_blas/helpers/funcs/mul.hpp:62]   --->   Operation 157 'fmul' 'mul_18' <Predicate = true> <Delay = 4.72> <CoreInst = "FMul_maxdsp">   --->   Core 30 'FMul_maxdsp' <Latency = 3> <II = 1> <Delay = 4.72> <FuncUnit> <Opcode : 'fmul'> <InPorts = 2> <OutPorts = 1>
ST_4 : Operation 158 [2/4] (4.72ns)   --->   "%mul_19 = fmul i32 %l_valX_m_Val_19, i32 %ref_tmp3_19" [/home/jrk/vivado/zc706/sdk/wksp1/zc706_lstm_kernels/libs/xf_BLAS/L1/include/hw/xf_blas/helpers/funcs/mul.hpp:62]   --->   Operation 158 'fmul' 'mul_19' <Predicate = true> <Delay = 4.72> <CoreInst = "FMul_maxdsp">   --->   Core 30 'FMul_maxdsp' <Latency = 3> <II = 1> <Delay = 4.72> <FuncUnit> <Opcode : 'fmul'> <InPorts = 2> <OutPorts = 1>
ST_4 : Operation 159 [2/4] (4.72ns)   --->   "%mul_20 = fmul i32 %l_valX_m_Val_20, i32 %ref_tmp3_20" [/home/jrk/vivado/zc706/sdk/wksp1/zc706_lstm_kernels/libs/xf_BLAS/L1/include/hw/xf_blas/helpers/funcs/mul.hpp:62]   --->   Operation 159 'fmul' 'mul_20' <Predicate = true> <Delay = 4.72> <CoreInst = "FMul_maxdsp">   --->   Core 30 'FMul_maxdsp' <Latency = 3> <II = 1> <Delay = 4.72> <FuncUnit> <Opcode : 'fmul'> <InPorts = 2> <OutPorts = 1>
ST_4 : Operation 160 [2/4] (4.72ns)   --->   "%mul_21 = fmul i32 %l_valX_m_Val_21, i32 %ref_tmp3_21" [/home/jrk/vivado/zc706/sdk/wksp1/zc706_lstm_kernels/libs/xf_BLAS/L1/include/hw/xf_blas/helpers/funcs/mul.hpp:62]   --->   Operation 160 'fmul' 'mul_21' <Predicate = true> <Delay = 4.72> <CoreInst = "FMul_maxdsp">   --->   Core 30 'FMul_maxdsp' <Latency = 3> <II = 1> <Delay = 4.72> <FuncUnit> <Opcode : 'fmul'> <InPorts = 2> <OutPorts = 1>
ST_4 : Operation 161 [2/4] (4.72ns)   --->   "%mul_22 = fmul i32 %l_valX_m_Val_22, i32 %ref_tmp3_22" [/home/jrk/vivado/zc706/sdk/wksp1/zc706_lstm_kernels/libs/xf_BLAS/L1/include/hw/xf_blas/helpers/funcs/mul.hpp:62]   --->   Operation 161 'fmul' 'mul_22' <Predicate = true> <Delay = 4.72> <CoreInst = "FMul_maxdsp">   --->   Core 30 'FMul_maxdsp' <Latency = 3> <II = 1> <Delay = 4.72> <FuncUnit> <Opcode : 'fmul'> <InPorts = 2> <OutPorts = 1>
ST_4 : Operation 162 [2/4] (4.72ns)   --->   "%mul_23 = fmul i32 %l_valX_m_Val_23, i32 %ref_tmp3_23" [/home/jrk/vivado/zc706/sdk/wksp1/zc706_lstm_kernels/libs/xf_BLAS/L1/include/hw/xf_blas/helpers/funcs/mul.hpp:62]   --->   Operation 162 'fmul' 'mul_23' <Predicate = true> <Delay = 4.72> <CoreInst = "FMul_maxdsp">   --->   Core 30 'FMul_maxdsp' <Latency = 3> <II = 1> <Delay = 4.72> <FuncUnit> <Opcode : 'fmul'> <InPorts = 2> <OutPorts = 1>
ST_4 : Operation 163 [2/4] (4.72ns)   --->   "%mul_24 = fmul i32 %l_valX_m_Val_24, i32 %ref_tmp3_24" [/home/jrk/vivado/zc706/sdk/wksp1/zc706_lstm_kernels/libs/xf_BLAS/L1/include/hw/xf_blas/helpers/funcs/mul.hpp:62]   --->   Operation 163 'fmul' 'mul_24' <Predicate = true> <Delay = 4.72> <CoreInst = "FMul_maxdsp">   --->   Core 30 'FMul_maxdsp' <Latency = 3> <II = 1> <Delay = 4.72> <FuncUnit> <Opcode : 'fmul'> <InPorts = 2> <OutPorts = 1>
ST_4 : Operation 164 [2/4] (4.72ns)   --->   "%mul_25 = fmul i32 %l_valX_m_Val_25, i32 %ref_tmp3_25" [/home/jrk/vivado/zc706/sdk/wksp1/zc706_lstm_kernels/libs/xf_BLAS/L1/include/hw/xf_blas/helpers/funcs/mul.hpp:62]   --->   Operation 164 'fmul' 'mul_25' <Predicate = true> <Delay = 4.72> <CoreInst = "FMul_maxdsp">   --->   Core 30 'FMul_maxdsp' <Latency = 3> <II = 1> <Delay = 4.72> <FuncUnit> <Opcode : 'fmul'> <InPorts = 2> <OutPorts = 1>
ST_4 : Operation 165 [2/4] (4.72ns)   --->   "%mul_26 = fmul i32 %l_valX_m_Val_26, i32 %ref_tmp3_26" [/home/jrk/vivado/zc706/sdk/wksp1/zc706_lstm_kernels/libs/xf_BLAS/L1/include/hw/xf_blas/helpers/funcs/mul.hpp:62]   --->   Operation 165 'fmul' 'mul_26' <Predicate = true> <Delay = 4.72> <CoreInst = "FMul_maxdsp">   --->   Core 30 'FMul_maxdsp' <Latency = 3> <II = 1> <Delay = 4.72> <FuncUnit> <Opcode : 'fmul'> <InPorts = 2> <OutPorts = 1>
ST_4 : Operation 166 [2/4] (4.72ns)   --->   "%mul_27 = fmul i32 %l_valX_m_Val_27, i32 %ref_tmp3_27" [/home/jrk/vivado/zc706/sdk/wksp1/zc706_lstm_kernels/libs/xf_BLAS/L1/include/hw/xf_blas/helpers/funcs/mul.hpp:62]   --->   Operation 166 'fmul' 'mul_27' <Predicate = true> <Delay = 4.72> <CoreInst = "FMul_maxdsp">   --->   Core 30 'FMul_maxdsp' <Latency = 3> <II = 1> <Delay = 4.72> <FuncUnit> <Opcode : 'fmul'> <InPorts = 2> <OutPorts = 1>
ST_4 : Operation 167 [2/4] (4.72ns)   --->   "%mul_28 = fmul i32 %l_valX_m_Val_28, i32 %ref_tmp3_28" [/home/jrk/vivado/zc706/sdk/wksp1/zc706_lstm_kernels/libs/xf_BLAS/L1/include/hw/xf_blas/helpers/funcs/mul.hpp:62]   --->   Operation 167 'fmul' 'mul_28' <Predicate = true> <Delay = 4.72> <CoreInst = "FMul_maxdsp">   --->   Core 30 'FMul_maxdsp' <Latency = 3> <II = 1> <Delay = 4.72> <FuncUnit> <Opcode : 'fmul'> <InPorts = 2> <OutPorts = 1>
ST_4 : Operation 168 [2/4] (4.72ns)   --->   "%mul_29 = fmul i32 %l_valX_m_Val_29, i32 %ref_tmp3_29" [/home/jrk/vivado/zc706/sdk/wksp1/zc706_lstm_kernels/libs/xf_BLAS/L1/include/hw/xf_blas/helpers/funcs/mul.hpp:62]   --->   Operation 168 'fmul' 'mul_29' <Predicate = true> <Delay = 4.72> <CoreInst = "FMul_maxdsp">   --->   Core 30 'FMul_maxdsp' <Latency = 3> <II = 1> <Delay = 4.72> <FuncUnit> <Opcode : 'fmul'> <InPorts = 2> <OutPorts = 1>
ST_4 : Operation 169 [2/4] (4.72ns)   --->   "%mul_30 = fmul i32 %l_valX_m_Val_30, i32 %ref_tmp3_30" [/home/jrk/vivado/zc706/sdk/wksp1/zc706_lstm_kernels/libs/xf_BLAS/L1/include/hw/xf_blas/helpers/funcs/mul.hpp:62]   --->   Operation 169 'fmul' 'mul_30' <Predicate = true> <Delay = 4.72> <CoreInst = "FMul_maxdsp">   --->   Core 30 'FMul_maxdsp' <Latency = 3> <II = 1> <Delay = 4.72> <FuncUnit> <Opcode : 'fmul'> <InPorts = 2> <OutPorts = 1>
ST_4 : Operation 170 [2/4] (4.72ns)   --->   "%mul_s = fmul i32 %l_valX_m_Val_31, i32 %ref_tmp3_s" [/home/jrk/vivado/zc706/sdk/wksp1/zc706_lstm_kernels/libs/xf_BLAS/L1/include/hw/xf_blas/helpers/funcs/mul.hpp:62]   --->   Operation 170 'fmul' 'mul_s' <Predicate = true> <Delay = 4.72> <CoreInst = "FMul_maxdsp">   --->   Core 30 'FMul_maxdsp' <Latency = 3> <II = 1> <Delay = 4.72> <FuncUnit> <Opcode : 'fmul'> <InPorts = 2> <OutPorts = 1>

State 5 <SV = 4> <Delay = 4.72>
ST_5 : Operation 171 [1/4] (4.72ns)   --->   "%mul = fmul i32 %l_valX_m_Val_0, i32 %ref_tmp3" [/home/jrk/vivado/zc706/sdk/wksp1/zc706_lstm_kernels/libs/xf_BLAS/L1/include/hw/xf_blas/helpers/funcs/mul.hpp:62]   --->   Operation 171 'fmul' 'mul' <Predicate = true> <Delay = 4.72> <CoreInst = "FMul_maxdsp">   --->   Core 30 'FMul_maxdsp' <Latency = 3> <II = 1> <Delay = 4.72> <FuncUnit> <Opcode : 'fmul'> <InPorts = 2> <OutPorts = 1>
ST_5 : Operation 172 [1/4] (4.72ns)   --->   "%mul_1 = fmul i32 %l_valX_m_Val_1, i32 %ref_tmp3_1" [/home/jrk/vivado/zc706/sdk/wksp1/zc706_lstm_kernels/libs/xf_BLAS/L1/include/hw/xf_blas/helpers/funcs/mul.hpp:62]   --->   Operation 172 'fmul' 'mul_1' <Predicate = true> <Delay = 4.72> <CoreInst = "FMul_maxdsp">   --->   Core 30 'FMul_maxdsp' <Latency = 3> <II = 1> <Delay = 4.72> <FuncUnit> <Opcode : 'fmul'> <InPorts = 2> <OutPorts = 1>
ST_5 : Operation 173 [1/4] (4.72ns)   --->   "%mul_2 = fmul i32 %l_valX_m_Val_2, i32 %ref_tmp3_2" [/home/jrk/vivado/zc706/sdk/wksp1/zc706_lstm_kernels/libs/xf_BLAS/L1/include/hw/xf_blas/helpers/funcs/mul.hpp:62]   --->   Operation 173 'fmul' 'mul_2' <Predicate = true> <Delay = 4.72> <CoreInst = "FMul_maxdsp">   --->   Core 30 'FMul_maxdsp' <Latency = 3> <II = 1> <Delay = 4.72> <FuncUnit> <Opcode : 'fmul'> <InPorts = 2> <OutPorts = 1>
ST_5 : Operation 174 [1/4] (4.72ns)   --->   "%mul_3 = fmul i32 %l_valX_m_Val_3, i32 %ref_tmp3_3" [/home/jrk/vivado/zc706/sdk/wksp1/zc706_lstm_kernels/libs/xf_BLAS/L1/include/hw/xf_blas/helpers/funcs/mul.hpp:62]   --->   Operation 174 'fmul' 'mul_3' <Predicate = true> <Delay = 4.72> <CoreInst = "FMul_maxdsp">   --->   Core 30 'FMul_maxdsp' <Latency = 3> <II = 1> <Delay = 4.72> <FuncUnit> <Opcode : 'fmul'> <InPorts = 2> <OutPorts = 1>
ST_5 : Operation 175 [1/4] (4.72ns)   --->   "%mul_4 = fmul i32 %l_valX_m_Val_4, i32 %ref_tmp3_4" [/home/jrk/vivado/zc706/sdk/wksp1/zc706_lstm_kernels/libs/xf_BLAS/L1/include/hw/xf_blas/helpers/funcs/mul.hpp:62]   --->   Operation 175 'fmul' 'mul_4' <Predicate = true> <Delay = 4.72> <CoreInst = "FMul_maxdsp">   --->   Core 30 'FMul_maxdsp' <Latency = 3> <II = 1> <Delay = 4.72> <FuncUnit> <Opcode : 'fmul'> <InPorts = 2> <OutPorts = 1>
ST_5 : Operation 176 [1/4] (4.72ns)   --->   "%mul_5 = fmul i32 %l_valX_m_Val_5, i32 %ref_tmp3_5" [/home/jrk/vivado/zc706/sdk/wksp1/zc706_lstm_kernels/libs/xf_BLAS/L1/include/hw/xf_blas/helpers/funcs/mul.hpp:62]   --->   Operation 176 'fmul' 'mul_5' <Predicate = true> <Delay = 4.72> <CoreInst = "FMul_maxdsp">   --->   Core 30 'FMul_maxdsp' <Latency = 3> <II = 1> <Delay = 4.72> <FuncUnit> <Opcode : 'fmul'> <InPorts = 2> <OutPorts = 1>
ST_5 : Operation 177 [1/4] (4.72ns)   --->   "%mul_6 = fmul i32 %l_valX_m_Val_6, i32 %ref_tmp3_6" [/home/jrk/vivado/zc706/sdk/wksp1/zc706_lstm_kernels/libs/xf_BLAS/L1/include/hw/xf_blas/helpers/funcs/mul.hpp:62]   --->   Operation 177 'fmul' 'mul_6' <Predicate = true> <Delay = 4.72> <CoreInst = "FMul_maxdsp">   --->   Core 30 'FMul_maxdsp' <Latency = 3> <II = 1> <Delay = 4.72> <FuncUnit> <Opcode : 'fmul'> <InPorts = 2> <OutPorts = 1>
ST_5 : Operation 178 [1/4] (4.72ns)   --->   "%mul_7 = fmul i32 %l_valX_m_Val_7, i32 %ref_tmp3_7" [/home/jrk/vivado/zc706/sdk/wksp1/zc706_lstm_kernels/libs/xf_BLAS/L1/include/hw/xf_blas/helpers/funcs/mul.hpp:62]   --->   Operation 178 'fmul' 'mul_7' <Predicate = true> <Delay = 4.72> <CoreInst = "FMul_maxdsp">   --->   Core 30 'FMul_maxdsp' <Latency = 3> <II = 1> <Delay = 4.72> <FuncUnit> <Opcode : 'fmul'> <InPorts = 2> <OutPorts = 1>
ST_5 : Operation 179 [1/4] (4.72ns)   --->   "%mul_8 = fmul i32 %l_valX_m_Val_8, i32 %ref_tmp3_8" [/home/jrk/vivado/zc706/sdk/wksp1/zc706_lstm_kernels/libs/xf_BLAS/L1/include/hw/xf_blas/helpers/funcs/mul.hpp:62]   --->   Operation 179 'fmul' 'mul_8' <Predicate = true> <Delay = 4.72> <CoreInst = "FMul_maxdsp">   --->   Core 30 'FMul_maxdsp' <Latency = 3> <II = 1> <Delay = 4.72> <FuncUnit> <Opcode : 'fmul'> <InPorts = 2> <OutPorts = 1>
ST_5 : Operation 180 [1/4] (4.72ns)   --->   "%mul_9 = fmul i32 %l_valX_m_Val_9, i32 %ref_tmp3_9" [/home/jrk/vivado/zc706/sdk/wksp1/zc706_lstm_kernels/libs/xf_BLAS/L1/include/hw/xf_blas/helpers/funcs/mul.hpp:62]   --->   Operation 180 'fmul' 'mul_9' <Predicate = true> <Delay = 4.72> <CoreInst = "FMul_maxdsp">   --->   Core 30 'FMul_maxdsp' <Latency = 3> <II = 1> <Delay = 4.72> <FuncUnit> <Opcode : 'fmul'> <InPorts = 2> <OutPorts = 1>
ST_5 : Operation 181 [1/4] (4.72ns)   --->   "%mul_10 = fmul i32 %l_valX_m_Val_10, i32 %ref_tmp3_10" [/home/jrk/vivado/zc706/sdk/wksp1/zc706_lstm_kernels/libs/xf_BLAS/L1/include/hw/xf_blas/helpers/funcs/mul.hpp:62]   --->   Operation 181 'fmul' 'mul_10' <Predicate = true> <Delay = 4.72> <CoreInst = "FMul_maxdsp">   --->   Core 30 'FMul_maxdsp' <Latency = 3> <II = 1> <Delay = 4.72> <FuncUnit> <Opcode : 'fmul'> <InPorts = 2> <OutPorts = 1>
ST_5 : Operation 182 [1/4] (4.72ns)   --->   "%mul_11 = fmul i32 %l_valX_m_Val_11, i32 %ref_tmp3_11" [/home/jrk/vivado/zc706/sdk/wksp1/zc706_lstm_kernels/libs/xf_BLAS/L1/include/hw/xf_blas/helpers/funcs/mul.hpp:62]   --->   Operation 182 'fmul' 'mul_11' <Predicate = true> <Delay = 4.72> <CoreInst = "FMul_maxdsp">   --->   Core 30 'FMul_maxdsp' <Latency = 3> <II = 1> <Delay = 4.72> <FuncUnit> <Opcode : 'fmul'> <InPorts = 2> <OutPorts = 1>
ST_5 : Operation 183 [1/4] (4.72ns)   --->   "%mul_12 = fmul i32 %l_valX_m_Val_12, i32 %ref_tmp3_12" [/home/jrk/vivado/zc706/sdk/wksp1/zc706_lstm_kernels/libs/xf_BLAS/L1/include/hw/xf_blas/helpers/funcs/mul.hpp:62]   --->   Operation 183 'fmul' 'mul_12' <Predicate = true> <Delay = 4.72> <CoreInst = "FMul_maxdsp">   --->   Core 30 'FMul_maxdsp' <Latency = 3> <II = 1> <Delay = 4.72> <FuncUnit> <Opcode : 'fmul'> <InPorts = 2> <OutPorts = 1>
ST_5 : Operation 184 [1/4] (4.72ns)   --->   "%mul_13 = fmul i32 %l_valX_m_Val_13, i32 %ref_tmp3_13" [/home/jrk/vivado/zc706/sdk/wksp1/zc706_lstm_kernels/libs/xf_BLAS/L1/include/hw/xf_blas/helpers/funcs/mul.hpp:62]   --->   Operation 184 'fmul' 'mul_13' <Predicate = true> <Delay = 4.72> <CoreInst = "FMul_maxdsp">   --->   Core 30 'FMul_maxdsp' <Latency = 3> <II = 1> <Delay = 4.72> <FuncUnit> <Opcode : 'fmul'> <InPorts = 2> <OutPorts = 1>
ST_5 : Operation 185 [1/4] (4.72ns)   --->   "%mul_14 = fmul i32 %l_valX_m_Val_14, i32 %ref_tmp3_14" [/home/jrk/vivado/zc706/sdk/wksp1/zc706_lstm_kernels/libs/xf_BLAS/L1/include/hw/xf_blas/helpers/funcs/mul.hpp:62]   --->   Operation 185 'fmul' 'mul_14' <Predicate = true> <Delay = 4.72> <CoreInst = "FMul_maxdsp">   --->   Core 30 'FMul_maxdsp' <Latency = 3> <II = 1> <Delay = 4.72> <FuncUnit> <Opcode : 'fmul'> <InPorts = 2> <OutPorts = 1>
ST_5 : Operation 186 [1/4] (4.72ns)   --->   "%mul_15 = fmul i32 %l_valX_m_Val_15, i32 %ref_tmp3_15" [/home/jrk/vivado/zc706/sdk/wksp1/zc706_lstm_kernels/libs/xf_BLAS/L1/include/hw/xf_blas/helpers/funcs/mul.hpp:62]   --->   Operation 186 'fmul' 'mul_15' <Predicate = true> <Delay = 4.72> <CoreInst = "FMul_maxdsp">   --->   Core 30 'FMul_maxdsp' <Latency = 3> <II = 1> <Delay = 4.72> <FuncUnit> <Opcode : 'fmul'> <InPorts = 2> <OutPorts = 1>
ST_5 : Operation 187 [1/4] (4.72ns)   --->   "%mul_16 = fmul i32 %l_valX_m_Val_16, i32 %ref_tmp3_16" [/home/jrk/vivado/zc706/sdk/wksp1/zc706_lstm_kernels/libs/xf_BLAS/L1/include/hw/xf_blas/helpers/funcs/mul.hpp:62]   --->   Operation 187 'fmul' 'mul_16' <Predicate = true> <Delay = 4.72> <CoreInst = "FMul_maxdsp">   --->   Core 30 'FMul_maxdsp' <Latency = 3> <II = 1> <Delay = 4.72> <FuncUnit> <Opcode : 'fmul'> <InPorts = 2> <OutPorts = 1>
ST_5 : Operation 188 [1/4] (4.72ns)   --->   "%mul_17 = fmul i32 %l_valX_m_Val_17, i32 %ref_tmp3_17" [/home/jrk/vivado/zc706/sdk/wksp1/zc706_lstm_kernels/libs/xf_BLAS/L1/include/hw/xf_blas/helpers/funcs/mul.hpp:62]   --->   Operation 188 'fmul' 'mul_17' <Predicate = true> <Delay = 4.72> <CoreInst = "FMul_maxdsp">   --->   Core 30 'FMul_maxdsp' <Latency = 3> <II = 1> <Delay = 4.72> <FuncUnit> <Opcode : 'fmul'> <InPorts = 2> <OutPorts = 1>
ST_5 : Operation 189 [1/4] (4.72ns)   --->   "%mul_18 = fmul i32 %l_valX_m_Val_18, i32 %ref_tmp3_18" [/home/jrk/vivado/zc706/sdk/wksp1/zc706_lstm_kernels/libs/xf_BLAS/L1/include/hw/xf_blas/helpers/funcs/mul.hpp:62]   --->   Operation 189 'fmul' 'mul_18' <Predicate = true> <Delay = 4.72> <CoreInst = "FMul_maxdsp">   --->   Core 30 'FMul_maxdsp' <Latency = 3> <II = 1> <Delay = 4.72> <FuncUnit> <Opcode : 'fmul'> <InPorts = 2> <OutPorts = 1>
ST_5 : Operation 190 [1/4] (4.72ns)   --->   "%mul_19 = fmul i32 %l_valX_m_Val_19, i32 %ref_tmp3_19" [/home/jrk/vivado/zc706/sdk/wksp1/zc706_lstm_kernels/libs/xf_BLAS/L1/include/hw/xf_blas/helpers/funcs/mul.hpp:62]   --->   Operation 190 'fmul' 'mul_19' <Predicate = true> <Delay = 4.72> <CoreInst = "FMul_maxdsp">   --->   Core 30 'FMul_maxdsp' <Latency = 3> <II = 1> <Delay = 4.72> <FuncUnit> <Opcode : 'fmul'> <InPorts = 2> <OutPorts = 1>
ST_5 : Operation 191 [1/4] (4.72ns)   --->   "%mul_20 = fmul i32 %l_valX_m_Val_20, i32 %ref_tmp3_20" [/home/jrk/vivado/zc706/sdk/wksp1/zc706_lstm_kernels/libs/xf_BLAS/L1/include/hw/xf_blas/helpers/funcs/mul.hpp:62]   --->   Operation 191 'fmul' 'mul_20' <Predicate = true> <Delay = 4.72> <CoreInst = "FMul_maxdsp">   --->   Core 30 'FMul_maxdsp' <Latency = 3> <II = 1> <Delay = 4.72> <FuncUnit> <Opcode : 'fmul'> <InPorts = 2> <OutPorts = 1>
ST_5 : Operation 192 [1/4] (4.72ns)   --->   "%mul_21 = fmul i32 %l_valX_m_Val_21, i32 %ref_tmp3_21" [/home/jrk/vivado/zc706/sdk/wksp1/zc706_lstm_kernels/libs/xf_BLAS/L1/include/hw/xf_blas/helpers/funcs/mul.hpp:62]   --->   Operation 192 'fmul' 'mul_21' <Predicate = true> <Delay = 4.72> <CoreInst = "FMul_maxdsp">   --->   Core 30 'FMul_maxdsp' <Latency = 3> <II = 1> <Delay = 4.72> <FuncUnit> <Opcode : 'fmul'> <InPorts = 2> <OutPorts = 1>
ST_5 : Operation 193 [1/4] (4.72ns)   --->   "%mul_22 = fmul i32 %l_valX_m_Val_22, i32 %ref_tmp3_22" [/home/jrk/vivado/zc706/sdk/wksp1/zc706_lstm_kernels/libs/xf_BLAS/L1/include/hw/xf_blas/helpers/funcs/mul.hpp:62]   --->   Operation 193 'fmul' 'mul_22' <Predicate = true> <Delay = 4.72> <CoreInst = "FMul_maxdsp">   --->   Core 30 'FMul_maxdsp' <Latency = 3> <II = 1> <Delay = 4.72> <FuncUnit> <Opcode : 'fmul'> <InPorts = 2> <OutPorts = 1>
ST_5 : Operation 194 [1/4] (4.72ns)   --->   "%mul_23 = fmul i32 %l_valX_m_Val_23, i32 %ref_tmp3_23" [/home/jrk/vivado/zc706/sdk/wksp1/zc706_lstm_kernels/libs/xf_BLAS/L1/include/hw/xf_blas/helpers/funcs/mul.hpp:62]   --->   Operation 194 'fmul' 'mul_23' <Predicate = true> <Delay = 4.72> <CoreInst = "FMul_maxdsp">   --->   Core 30 'FMul_maxdsp' <Latency = 3> <II = 1> <Delay = 4.72> <FuncUnit> <Opcode : 'fmul'> <InPorts = 2> <OutPorts = 1>
ST_5 : Operation 195 [1/4] (4.72ns)   --->   "%mul_24 = fmul i32 %l_valX_m_Val_24, i32 %ref_tmp3_24" [/home/jrk/vivado/zc706/sdk/wksp1/zc706_lstm_kernels/libs/xf_BLAS/L1/include/hw/xf_blas/helpers/funcs/mul.hpp:62]   --->   Operation 195 'fmul' 'mul_24' <Predicate = true> <Delay = 4.72> <CoreInst = "FMul_maxdsp">   --->   Core 30 'FMul_maxdsp' <Latency = 3> <II = 1> <Delay = 4.72> <FuncUnit> <Opcode : 'fmul'> <InPorts = 2> <OutPorts = 1>
ST_5 : Operation 196 [1/4] (4.72ns)   --->   "%mul_25 = fmul i32 %l_valX_m_Val_25, i32 %ref_tmp3_25" [/home/jrk/vivado/zc706/sdk/wksp1/zc706_lstm_kernels/libs/xf_BLAS/L1/include/hw/xf_blas/helpers/funcs/mul.hpp:62]   --->   Operation 196 'fmul' 'mul_25' <Predicate = true> <Delay = 4.72> <CoreInst = "FMul_maxdsp">   --->   Core 30 'FMul_maxdsp' <Latency = 3> <II = 1> <Delay = 4.72> <FuncUnit> <Opcode : 'fmul'> <InPorts = 2> <OutPorts = 1>
ST_5 : Operation 197 [1/4] (4.72ns)   --->   "%mul_26 = fmul i32 %l_valX_m_Val_26, i32 %ref_tmp3_26" [/home/jrk/vivado/zc706/sdk/wksp1/zc706_lstm_kernels/libs/xf_BLAS/L1/include/hw/xf_blas/helpers/funcs/mul.hpp:62]   --->   Operation 197 'fmul' 'mul_26' <Predicate = true> <Delay = 4.72> <CoreInst = "FMul_maxdsp">   --->   Core 30 'FMul_maxdsp' <Latency = 3> <II = 1> <Delay = 4.72> <FuncUnit> <Opcode : 'fmul'> <InPorts = 2> <OutPorts = 1>
ST_5 : Operation 198 [1/4] (4.72ns)   --->   "%mul_27 = fmul i32 %l_valX_m_Val_27, i32 %ref_tmp3_27" [/home/jrk/vivado/zc706/sdk/wksp1/zc706_lstm_kernels/libs/xf_BLAS/L1/include/hw/xf_blas/helpers/funcs/mul.hpp:62]   --->   Operation 198 'fmul' 'mul_27' <Predicate = true> <Delay = 4.72> <CoreInst = "FMul_maxdsp">   --->   Core 30 'FMul_maxdsp' <Latency = 3> <II = 1> <Delay = 4.72> <FuncUnit> <Opcode : 'fmul'> <InPorts = 2> <OutPorts = 1>
ST_5 : Operation 199 [1/4] (4.72ns)   --->   "%mul_28 = fmul i32 %l_valX_m_Val_28, i32 %ref_tmp3_28" [/home/jrk/vivado/zc706/sdk/wksp1/zc706_lstm_kernels/libs/xf_BLAS/L1/include/hw/xf_blas/helpers/funcs/mul.hpp:62]   --->   Operation 199 'fmul' 'mul_28' <Predicate = true> <Delay = 4.72> <CoreInst = "FMul_maxdsp">   --->   Core 30 'FMul_maxdsp' <Latency = 3> <II = 1> <Delay = 4.72> <FuncUnit> <Opcode : 'fmul'> <InPorts = 2> <OutPorts = 1>
ST_5 : Operation 200 [1/4] (4.72ns)   --->   "%mul_29 = fmul i32 %l_valX_m_Val_29, i32 %ref_tmp3_29" [/home/jrk/vivado/zc706/sdk/wksp1/zc706_lstm_kernels/libs/xf_BLAS/L1/include/hw/xf_blas/helpers/funcs/mul.hpp:62]   --->   Operation 200 'fmul' 'mul_29' <Predicate = true> <Delay = 4.72> <CoreInst = "FMul_maxdsp">   --->   Core 30 'FMul_maxdsp' <Latency = 3> <II = 1> <Delay = 4.72> <FuncUnit> <Opcode : 'fmul'> <InPorts = 2> <OutPorts = 1>
ST_5 : Operation 201 [1/4] (4.72ns)   --->   "%mul_30 = fmul i32 %l_valX_m_Val_30, i32 %ref_tmp3_30" [/home/jrk/vivado/zc706/sdk/wksp1/zc706_lstm_kernels/libs/xf_BLAS/L1/include/hw/xf_blas/helpers/funcs/mul.hpp:62]   --->   Operation 201 'fmul' 'mul_30' <Predicate = true> <Delay = 4.72> <CoreInst = "FMul_maxdsp">   --->   Core 30 'FMul_maxdsp' <Latency = 3> <II = 1> <Delay = 4.72> <FuncUnit> <Opcode : 'fmul'> <InPorts = 2> <OutPorts = 1>
ST_5 : Operation 202 [1/4] (4.72ns)   --->   "%mul_s = fmul i32 %l_valX_m_Val_31, i32 %ref_tmp3_s" [/home/jrk/vivado/zc706/sdk/wksp1/zc706_lstm_kernels/libs/xf_BLAS/L1/include/hw/xf_blas/helpers/funcs/mul.hpp:62]   --->   Operation 202 'fmul' 'mul_s' <Predicate = true> <Delay = 4.72> <CoreInst = "FMul_maxdsp">   --->   Core 30 'FMul_maxdsp' <Latency = 3> <II = 1> <Delay = 4.72> <FuncUnit> <Opcode : 'fmul'> <InPorts = 2> <OutPorts = 1>

State 6 <SV = 5> <Delay = 3.40>
ST_6 : Operation 203 [1/1] (0.00ns)   --->   "%specinterface_ln0 = specinterface void @_ssdm_op_SpecInterface, i1024 %l_mulStr1, void @empty_5, i32 0, i32 0, void @empty_1, i32 0, i32 0, void @empty_1, void @empty_1, void @empty_1, i32 0, i32 0, i32 0, i32 0, void @empty_1, void @empty_1"   --->   Operation 203 'specinterface' 'specinterface_ln0' <Predicate = true> <Delay = 0.00>
ST_6 : Operation 204 [1/1] (0.00ns)   --->   "%specinterface_ln0 = specinterface void @_ssdm_op_SpecInterface, i1024 %str_in12, void @empty_5, i32 0, i32 0, void @empty_1, i32 0, i32 0, void @empty_1, void @empty_1, void @empty_1, i32 0, i32 0, i32 0, i32 0, void @empty_1, void @empty_1"   --->   Operation 204 'specinterface' 'specinterface_ln0' <Predicate = true> <Delay = 0.00>
ST_6 : Operation 205 [1/1] (0.00ns)   --->   "%specinterface_ln0 = specinterface void @_ssdm_op_SpecInterface, i1024 %str_in23, void @empty_5, i32 0, i32 0, void @empty_1, i32 0, i32 0, void @empty_1, void @empty_1, void @empty_1, i32 0, i32 0, i32 0, i32 0, void @empty_1, void @empty_1"   --->   Operation 205 'specinterface' 'specinterface_ln0' <Predicate = true> <Delay = 0.00>
ST_6 : Operation 206 [1/1] (0.00ns)   --->   "%l_val_V = bitcast i32 %mul" [/home/jrk/vivado/zc706/sdk/wksp1/zc706_lstm_kernels/libs/xf_BLAS/L1/include/hw/xf_blas/helpers/utils/types.hpp:123]   --->   Operation 206 'bitcast' 'l_val_V' <Predicate = true> <Delay = 0.00>
ST_6 : Operation 207 [1/1] (0.00ns)   --->   "%l_val_V_404 = bitcast i32 %mul_1" [/home/jrk/vivado/zc706/sdk/wksp1/zc706_lstm_kernels/libs/xf_BLAS/L1/include/hw/xf_blas/helpers/utils/types.hpp:123]   --->   Operation 207 'bitcast' 'l_val_V_404' <Predicate = true> <Delay = 0.00>
ST_6 : Operation 208 [1/1] (0.00ns)   --->   "%l_val_V_405 = bitcast i32 %mul_2" [/home/jrk/vivado/zc706/sdk/wksp1/zc706_lstm_kernels/libs/xf_BLAS/L1/include/hw/xf_blas/helpers/utils/types.hpp:123]   --->   Operation 208 'bitcast' 'l_val_V_405' <Predicate = true> <Delay = 0.00>
ST_6 : Operation 209 [1/1] (0.00ns)   --->   "%l_val_V_406 = bitcast i32 %mul_3" [/home/jrk/vivado/zc706/sdk/wksp1/zc706_lstm_kernels/libs/xf_BLAS/L1/include/hw/xf_blas/helpers/utils/types.hpp:123]   --->   Operation 209 'bitcast' 'l_val_V_406' <Predicate = true> <Delay = 0.00>
ST_6 : Operation 210 [1/1] (0.00ns)   --->   "%l_val_V_407 = bitcast i32 %mul_4" [/home/jrk/vivado/zc706/sdk/wksp1/zc706_lstm_kernels/libs/xf_BLAS/L1/include/hw/xf_blas/helpers/utils/types.hpp:123]   --->   Operation 210 'bitcast' 'l_val_V_407' <Predicate = true> <Delay = 0.00>
ST_6 : Operation 211 [1/1] (0.00ns)   --->   "%l_val_V_408 = bitcast i32 %mul_5" [/home/jrk/vivado/zc706/sdk/wksp1/zc706_lstm_kernels/libs/xf_BLAS/L1/include/hw/xf_blas/helpers/utils/types.hpp:123]   --->   Operation 211 'bitcast' 'l_val_V_408' <Predicate = true> <Delay = 0.00>
ST_6 : Operation 212 [1/1] (0.00ns)   --->   "%l_val_V_409 = bitcast i32 %mul_6" [/home/jrk/vivado/zc706/sdk/wksp1/zc706_lstm_kernels/libs/xf_BLAS/L1/include/hw/xf_blas/helpers/utils/types.hpp:123]   --->   Operation 212 'bitcast' 'l_val_V_409' <Predicate = true> <Delay = 0.00>
ST_6 : Operation 213 [1/1] (0.00ns)   --->   "%l_val_V_410 = bitcast i32 %mul_7" [/home/jrk/vivado/zc706/sdk/wksp1/zc706_lstm_kernels/libs/xf_BLAS/L1/include/hw/xf_blas/helpers/utils/types.hpp:123]   --->   Operation 213 'bitcast' 'l_val_V_410' <Predicate = true> <Delay = 0.00>
ST_6 : Operation 214 [1/1] (0.00ns)   --->   "%l_val_V_411 = bitcast i32 %mul_8" [/home/jrk/vivado/zc706/sdk/wksp1/zc706_lstm_kernels/libs/xf_BLAS/L1/include/hw/xf_blas/helpers/utils/types.hpp:123]   --->   Operation 214 'bitcast' 'l_val_V_411' <Predicate = true> <Delay = 0.00>
ST_6 : Operation 215 [1/1] (0.00ns)   --->   "%l_val_V_412 = bitcast i32 %mul_9" [/home/jrk/vivado/zc706/sdk/wksp1/zc706_lstm_kernels/libs/xf_BLAS/L1/include/hw/xf_blas/helpers/utils/types.hpp:123]   --->   Operation 215 'bitcast' 'l_val_V_412' <Predicate = true> <Delay = 0.00>
ST_6 : Operation 216 [1/1] (0.00ns)   --->   "%l_val_V_413 = bitcast i32 %mul_10" [/home/jrk/vivado/zc706/sdk/wksp1/zc706_lstm_kernels/libs/xf_BLAS/L1/include/hw/xf_blas/helpers/utils/types.hpp:123]   --->   Operation 216 'bitcast' 'l_val_V_413' <Predicate = true> <Delay = 0.00>
ST_6 : Operation 217 [1/1] (0.00ns)   --->   "%l_val_V_414 = bitcast i32 %mul_11" [/home/jrk/vivado/zc706/sdk/wksp1/zc706_lstm_kernels/libs/xf_BLAS/L1/include/hw/xf_blas/helpers/utils/types.hpp:123]   --->   Operation 217 'bitcast' 'l_val_V_414' <Predicate = true> <Delay = 0.00>
ST_6 : Operation 218 [1/1] (0.00ns)   --->   "%l_val_V_415 = bitcast i32 %mul_12" [/home/jrk/vivado/zc706/sdk/wksp1/zc706_lstm_kernels/libs/xf_BLAS/L1/include/hw/xf_blas/helpers/utils/types.hpp:123]   --->   Operation 218 'bitcast' 'l_val_V_415' <Predicate = true> <Delay = 0.00>
ST_6 : Operation 219 [1/1] (0.00ns)   --->   "%l_val_V_416 = bitcast i32 %mul_13" [/home/jrk/vivado/zc706/sdk/wksp1/zc706_lstm_kernels/libs/xf_BLAS/L1/include/hw/xf_blas/helpers/utils/types.hpp:123]   --->   Operation 219 'bitcast' 'l_val_V_416' <Predicate = true> <Delay = 0.00>
ST_6 : Operation 220 [1/1] (0.00ns)   --->   "%l_val_V_417 = bitcast i32 %mul_14" [/home/jrk/vivado/zc706/sdk/wksp1/zc706_lstm_kernels/libs/xf_BLAS/L1/include/hw/xf_blas/helpers/utils/types.hpp:123]   --->   Operation 220 'bitcast' 'l_val_V_417' <Predicate = true> <Delay = 0.00>
ST_6 : Operation 221 [1/1] (0.00ns)   --->   "%l_val_V_418 = bitcast i32 %mul_15" [/home/jrk/vivado/zc706/sdk/wksp1/zc706_lstm_kernels/libs/xf_BLAS/L1/include/hw/xf_blas/helpers/utils/types.hpp:123]   --->   Operation 221 'bitcast' 'l_val_V_418' <Predicate = true> <Delay = 0.00>
ST_6 : Operation 222 [1/1] (0.00ns)   --->   "%l_val_V_419 = bitcast i32 %mul_16" [/home/jrk/vivado/zc706/sdk/wksp1/zc706_lstm_kernels/libs/xf_BLAS/L1/include/hw/xf_blas/helpers/utils/types.hpp:123]   --->   Operation 222 'bitcast' 'l_val_V_419' <Predicate = true> <Delay = 0.00>
ST_6 : Operation 223 [1/1] (0.00ns)   --->   "%l_val_V_420 = bitcast i32 %mul_17" [/home/jrk/vivado/zc706/sdk/wksp1/zc706_lstm_kernels/libs/xf_BLAS/L1/include/hw/xf_blas/helpers/utils/types.hpp:123]   --->   Operation 223 'bitcast' 'l_val_V_420' <Predicate = true> <Delay = 0.00>
ST_6 : Operation 224 [1/1] (0.00ns)   --->   "%l_val_V_421 = bitcast i32 %mul_18" [/home/jrk/vivado/zc706/sdk/wksp1/zc706_lstm_kernels/libs/xf_BLAS/L1/include/hw/xf_blas/helpers/utils/types.hpp:123]   --->   Operation 224 'bitcast' 'l_val_V_421' <Predicate = true> <Delay = 0.00>
ST_6 : Operation 225 [1/1] (0.00ns)   --->   "%l_val_V_422 = bitcast i32 %mul_19" [/home/jrk/vivado/zc706/sdk/wksp1/zc706_lstm_kernels/libs/xf_BLAS/L1/include/hw/xf_blas/helpers/utils/types.hpp:123]   --->   Operation 225 'bitcast' 'l_val_V_422' <Predicate = true> <Delay = 0.00>
ST_6 : Operation 226 [1/1] (0.00ns)   --->   "%l_val_V_423 = bitcast i32 %mul_20" [/home/jrk/vivado/zc706/sdk/wksp1/zc706_lstm_kernels/libs/xf_BLAS/L1/include/hw/xf_blas/helpers/utils/types.hpp:123]   --->   Operation 226 'bitcast' 'l_val_V_423' <Predicate = true> <Delay = 0.00>
ST_6 : Operation 227 [1/1] (0.00ns)   --->   "%l_val_V_424 = bitcast i32 %mul_21" [/home/jrk/vivado/zc706/sdk/wksp1/zc706_lstm_kernels/libs/xf_BLAS/L1/include/hw/xf_blas/helpers/utils/types.hpp:123]   --->   Operation 227 'bitcast' 'l_val_V_424' <Predicate = true> <Delay = 0.00>
ST_6 : Operation 228 [1/1] (0.00ns)   --->   "%l_val_V_425 = bitcast i32 %mul_22" [/home/jrk/vivado/zc706/sdk/wksp1/zc706_lstm_kernels/libs/xf_BLAS/L1/include/hw/xf_blas/helpers/utils/types.hpp:123]   --->   Operation 228 'bitcast' 'l_val_V_425' <Predicate = true> <Delay = 0.00>
ST_6 : Operation 229 [1/1] (0.00ns)   --->   "%l_val_V_426 = bitcast i32 %mul_23" [/home/jrk/vivado/zc706/sdk/wksp1/zc706_lstm_kernels/libs/xf_BLAS/L1/include/hw/xf_blas/helpers/utils/types.hpp:123]   --->   Operation 229 'bitcast' 'l_val_V_426' <Predicate = true> <Delay = 0.00>
ST_6 : Operation 230 [1/1] (0.00ns)   --->   "%l_val_V_427 = bitcast i32 %mul_24" [/home/jrk/vivado/zc706/sdk/wksp1/zc706_lstm_kernels/libs/xf_BLAS/L1/include/hw/xf_blas/helpers/utils/types.hpp:123]   --->   Operation 230 'bitcast' 'l_val_V_427' <Predicate = true> <Delay = 0.00>
ST_6 : Operation 231 [1/1] (0.00ns)   --->   "%l_val_V_428 = bitcast i32 %mul_25" [/home/jrk/vivado/zc706/sdk/wksp1/zc706_lstm_kernels/libs/xf_BLAS/L1/include/hw/xf_blas/helpers/utils/types.hpp:123]   --->   Operation 231 'bitcast' 'l_val_V_428' <Predicate = true> <Delay = 0.00>
ST_6 : Operation 232 [1/1] (0.00ns)   --->   "%l_val_V_429 = bitcast i32 %mul_26" [/home/jrk/vivado/zc706/sdk/wksp1/zc706_lstm_kernels/libs/xf_BLAS/L1/include/hw/xf_blas/helpers/utils/types.hpp:123]   --->   Operation 232 'bitcast' 'l_val_V_429' <Predicate = true> <Delay = 0.00>
ST_6 : Operation 233 [1/1] (0.00ns)   --->   "%l_val_V_430 = bitcast i32 %mul_27" [/home/jrk/vivado/zc706/sdk/wksp1/zc706_lstm_kernels/libs/xf_BLAS/L1/include/hw/xf_blas/helpers/utils/types.hpp:123]   --->   Operation 233 'bitcast' 'l_val_V_430' <Predicate = true> <Delay = 0.00>
ST_6 : Operation 234 [1/1] (0.00ns)   --->   "%l_val_V_431 = bitcast i32 %mul_28" [/home/jrk/vivado/zc706/sdk/wksp1/zc706_lstm_kernels/libs/xf_BLAS/L1/include/hw/xf_blas/helpers/utils/types.hpp:123]   --->   Operation 234 'bitcast' 'l_val_V_431' <Predicate = true> <Delay = 0.00>
ST_6 : Operation 235 [1/1] (0.00ns)   --->   "%l_val_V_432 = bitcast i32 %mul_29" [/home/jrk/vivado/zc706/sdk/wksp1/zc706_lstm_kernels/libs/xf_BLAS/L1/include/hw/xf_blas/helpers/utils/types.hpp:123]   --->   Operation 235 'bitcast' 'l_val_V_432' <Predicate = true> <Delay = 0.00>
ST_6 : Operation 236 [1/1] (0.00ns)   --->   "%l_val_V_433 = bitcast i32 %mul_30" [/home/jrk/vivado/zc706/sdk/wksp1/zc706_lstm_kernels/libs/xf_BLAS/L1/include/hw/xf_blas/helpers/utils/types.hpp:123]   --->   Operation 236 'bitcast' 'l_val_V_433' <Predicate = true> <Delay = 0.00>
ST_6 : Operation 237 [1/1] (0.00ns)   --->   "%l_val_V_434 = bitcast i32 %mul_s" [/home/jrk/vivado/zc706/sdk/wksp1/zc706_lstm_kernels/libs/xf_BLAS/L1/include/hw/xf_blas/helpers/utils/types.hpp:123]   --->   Operation 237 'bitcast' 'l_val_V_434' <Predicate = true> <Delay = 0.00>
ST_6 : Operation 238 [1/1] (0.00ns)   --->   "%p_Result_s = bitconcatenate i1024 @_ssdm_op_BitConcatenate.i1024.i32.i32.i32.i32.i32.i32.i32.i32.i32.i32.i32.i32.i32.i32.i32.i32.i32.i32.i32.i32.i32.i32.i32.i32.i32.i32.i32.i32.i32.i32.i32.i32, i32 %l_val_V_434, i32 %l_val_V_433, i32 %l_val_V_432, i32 %l_val_V_431, i32 %l_val_V_430, i32 %l_val_V_429, i32 %l_val_V_428, i32 %l_val_V_427, i32 %l_val_V_426, i32 %l_val_V_425, i32 %l_val_V_424, i32 %l_val_V_423, i32 %l_val_V_422, i32 %l_val_V_421, i32 %l_val_V_420, i32 %l_val_V_419, i32 %l_val_V_418, i32 %l_val_V_417, i32 %l_val_V_416, i32 %l_val_V_415, i32 %l_val_V_414, i32 %l_val_V_413, i32 %l_val_V_412, i32 %l_val_V_411, i32 %l_val_V_410, i32 %l_val_V_409, i32 %l_val_V_408, i32 %l_val_V_407, i32 %l_val_V_406, i32 %l_val_V_405, i32 %l_val_V_404, i32 %l_val_V"   --->   Operation 238 'bitconcatenate' 'p_Result_s' <Predicate = true> <Delay = 0.00>
ST_6 : Operation 239 [1/1] (3.40ns)   --->   "%write_ln174 = write void @_ssdm_op_Write.ap_fifo.volatile.i1024P0A, i1024 %l_mulStr1, i1024 %p_Result_s" [/home/jrk/tools/Xilinx/Vitis_HLS/2020.2/common/technology/autopilot/hls_stream_39.h:174]   --->   Operation 239 'write' 'write_ln174' <Predicate = true> <Delay = 3.40> <CoreInst = "FIFO_SRL">   --->   Core 81 'FIFO_SRL' <Latency = 0> <II = 1> <Delay = 3.40> <Storage> <Opcode : 'read' 'write' 'nbread' 'nbwrite'> <Ports = 0> <Width = 1024> <Depth = 2> <FIFO>
ST_6 : Operation 240 [1/1] (0.00ns)   --->   "%ret_ln66 = ret" [/home/jrk/vivado/zc706/sdk/wksp1/zc706_lstm_kernels/libs/xf_BLAS/L1/include/hw/xf_blas/helpers/funcs/mul.hpp:66]   --->   Operation 240 'ret' 'ret_ln66' <Predicate = true> <Delay = 0.00>


============================================================
+ Verbose Summary: Timing violations
============================================================
Target clock period: 10ns, clock uncertainty: 2.7ns.

 <State 1>: 3.4ns
The critical path consists of the following:
	fifo read on port 'str_in12' (/home/jrk/tools/Xilinx/Vitis_HLS/2020.2/common/technology/autopilot/hls_stream_39.h:145) [7]  (3.4 ns)

 <State 2>: 6.03ns
The critical path consists of the following:
	'call' operation ('call_ret4', /home/jrk/vivado/zc706/sdk/wksp1/zc706_lstm_kernels/libs/xf_BLAS/L1/include/hw/xf_blas/helpers/utils/types.hpp:96) to 'constructor' [8]  (1.3 ns)
	'fmul' operation ('mul', /home/jrk/vivado/zc706/sdk/wksp1/zc706_lstm_kernels/libs/xf_BLAS/L1/include/hw/xf_blas/helpers/funcs/mul.hpp:62) [75]  (4.73 ns)

 <State 3>: 4.73ns
The critical path consists of the following:
	'fmul' operation ('mul', /home/jrk/vivado/zc706/sdk/wksp1/zc706_lstm_kernels/libs/xf_BLAS/L1/include/hw/xf_blas/helpers/funcs/mul.hpp:62) [75]  (4.73 ns)

 <State 4>: 4.73ns
The critical path consists of the following:
	'fmul' operation ('mul', /home/jrk/vivado/zc706/sdk/wksp1/zc706_lstm_kernels/libs/xf_BLAS/L1/include/hw/xf_blas/helpers/funcs/mul.hpp:62) [75]  (4.73 ns)

 <State 5>: 4.73ns
The critical path consists of the following:
	'fmul' operation ('mul', /home/jrk/vivado/zc706/sdk/wksp1/zc706_lstm_kernels/libs/xf_BLAS/L1/include/hw/xf_blas/helpers/funcs/mul.hpp:62) [75]  (4.73 ns)

 <State 6>: 3.4ns
The critical path consists of the following:
	fifo write on port 'l_mulStr1' (/home/jrk/tools/Xilinx/Vitis_HLS/2020.2/common/technology/autopilot/hls_stream_39.h:174) [140]  (3.4 ns)


============================================================
+ Verbose Summary: Binding
============================================================
N/A
* FSMD analyzer results:
  - Output states:
 - Input state : 
  - Chain level:
	State 1
	State 2
	State 3
	State 4
	State 5
	State 6


============================================================
+ Verbose Summary: Datapath Resource usage 
============================================================
N/A
