

================================================================
== Vitis HLS Report for 'readVec2Stream_float_32u_s'
================================================================
* Date:           Tue Mar 16 16:14:36 2021

* Version:        2020.2 (Build 3064766 on Wed Nov 18 09:12:47 MST 2020)
* Project:        krnl_lstm
* Solution:       solution (Vitis Kernel Flow Target)
* Product family: zynq
* Target device:  xc7z045-ffg900-2


================================================================
== Performance Estimates
================================================================
+ Timing: 
    * Summary: 
    +--------+----------+----------+------------+
    |  Clock |  Target  | Estimated| Uncertainty|
    +--------+----------+----------+------------+
    |ap_clk  |  10.00 ns|  6.802 ns|     2.70 ns|
    +--------+----------+----------+------------+

+ Latency: 
    * Summary: 
    +---------+---------+----------+----------+-----+-----+---------+
    |  Latency (cycles) |  Latency (absolute) |  Interval | Pipeline|
    |   min   |   max   |    min   |    max   | min | max |   Type  |
    +---------+---------+----------+----------+-----+-----+---------+
    |        0|        0|      0 ns|      0 ns|    0|    0|     none|
    +---------+---------+----------+----------+-----+-----+---------+

    + Detail: 
        * Instance: 
        N/A

        * Loop: 
        N/A

============================================================
+ Verbose Summary: Synthesis Manager
============================================================
InlineROM: 1
ExposeGlobal: 0
============================================================
+ Verbose Summary: CDFG Model
============================================================
IsTopModel: 0
ResetActiveHigh: 1
IsCombinational: 2
IsDatapathOnly: 0
HasWiredReturn: 1
HasMFsm: 0
HasVarLatency: 0
IsPipeline: 0
IsRtlPipelined: 0
IsInstanceOverlapped: 0
IsDontTouch: 0
HasImplIP: 0
IsGatedGlobalClock: 0


============================================================
+ Verbose Summary: Schedule
============================================================
* Number of FSM states : 1
* Pipeline : 0
* Dataflow Pipeline: 0

* FSM state transitions: 
1 --> 

* FSM state operations: 

State 1 <SV = 0> <Delay = 6.80>
ST_1 : Operation 2 [1/1] (0.00ns)   --->   "%specinterface_ln0 = specinterface void @_ssdm_op_SpecInterface, i1024 %str_in12, void @empty_5, i32 0, i32 0, void @empty_1, i32 0, i32 0, void @empty_1, void @empty_1, void @empty_1, i32 0, i32 0, i32 0, i32 0, void @empty_1, void @empty_1"   --->   Operation 2 'specinterface' 'specinterface_ln0' <Predicate = true> <Delay = 0.00>
ST_1 : Operation 3 [1/1] (0.00ns)   --->   "%specinterface_ln0 = specinterface void @_ssdm_op_SpecInterface, i32 %p_in_0, void @ap_fifo_str, i32 0, i32 0, void @p_str, i32 0, i32 0, void @p_str, void @p_str, void @p_str, i32 2, i32 2, i32 16, i32 16, void @p_str, void @ScalarProp_str"   --->   Operation 3 'specinterface' 'specinterface_ln0' <Predicate = true> <Delay = 0.00>
ST_1 : Operation 4 [1/1] (0.00ns)   --->   "%specinterface_ln0 = specinterface void @_ssdm_op_SpecInterface, i32 %p_in_1, void @ap_fifo_str, i32 0, i32 0, void @p_str, i32 0, i32 0, void @p_str, void @p_str, void @p_str, i32 2, i32 2, i32 16, i32 16, void @p_str, void @ScalarProp_str"   --->   Operation 4 'specinterface' 'specinterface_ln0' <Predicate = true> <Delay = 0.00>
ST_1 : Operation 5 [1/1] (0.00ns)   --->   "%specinterface_ln0 = specinterface void @_ssdm_op_SpecInterface, i32 %p_in_2, void @ap_fifo_str, i32 0, i32 0, void @p_str, i32 0, i32 0, void @p_str, void @p_str, void @p_str, i32 2, i32 2, i32 16, i32 16, void @p_str, void @ScalarProp_str"   --->   Operation 5 'specinterface' 'specinterface_ln0' <Predicate = true> <Delay = 0.00>
ST_1 : Operation 6 [1/1] (0.00ns)   --->   "%specinterface_ln0 = specinterface void @_ssdm_op_SpecInterface, i32 %p_in_3, void @ap_fifo_str, i32 0, i32 0, void @p_str, i32 0, i32 0, void @p_str, void @p_str, void @p_str, i32 2, i32 2, i32 16, i32 16, void @p_str, void @ScalarProp_str"   --->   Operation 6 'specinterface' 'specinterface_ln0' <Predicate = true> <Delay = 0.00>
ST_1 : Operation 7 [1/1] (0.00ns)   --->   "%specinterface_ln0 = specinterface void @_ssdm_op_SpecInterface, i32 %p_in_4, void @ap_fifo_str, i32 0, i32 0, void @p_str, i32 0, i32 0, void @p_str, void @p_str, void @p_str, i32 2, i32 2, i32 16, i32 16, void @p_str, void @ScalarProp_str"   --->   Operation 7 'specinterface' 'specinterface_ln0' <Predicate = true> <Delay = 0.00>
ST_1 : Operation 8 [1/1] (0.00ns)   --->   "%specinterface_ln0 = specinterface void @_ssdm_op_SpecInterface, i32 %p_in_5, void @ap_fifo_str, i32 0, i32 0, void @p_str, i32 0, i32 0, void @p_str, void @p_str, void @p_str, i32 2, i32 2, i32 16, i32 16, void @p_str, void @ScalarProp_str"   --->   Operation 8 'specinterface' 'specinterface_ln0' <Predicate = true> <Delay = 0.00>
ST_1 : Operation 9 [1/1] (0.00ns)   --->   "%specinterface_ln0 = specinterface void @_ssdm_op_SpecInterface, i32 %p_in_6, void @ap_fifo_str, i32 0, i32 0, void @p_str, i32 0, i32 0, void @p_str, void @p_str, void @p_str, i32 2, i32 2, i32 16, i32 16, void @p_str, void @ScalarProp_str"   --->   Operation 9 'specinterface' 'specinterface_ln0' <Predicate = true> <Delay = 0.00>
ST_1 : Operation 10 [1/1] (0.00ns)   --->   "%specinterface_ln0 = specinterface void @_ssdm_op_SpecInterface, i32 %p_in_7, void @ap_fifo_str, i32 0, i32 0, void @p_str, i32 0, i32 0, void @p_str, void @p_str, void @p_str, i32 2, i32 2, i32 16, i32 16, void @p_str, void @ScalarProp_str"   --->   Operation 10 'specinterface' 'specinterface_ln0' <Predicate = true> <Delay = 0.00>
ST_1 : Operation 11 [1/1] (0.00ns)   --->   "%specinterface_ln0 = specinterface void @_ssdm_op_SpecInterface, i32 %p_in_8, void @ap_fifo_str, i32 0, i32 0, void @p_str, i32 0, i32 0, void @p_str, void @p_str, void @p_str, i32 2, i32 2, i32 16, i32 16, void @p_str, void @ScalarProp_str"   --->   Operation 11 'specinterface' 'specinterface_ln0' <Predicate = true> <Delay = 0.00>
ST_1 : Operation 12 [1/1] (0.00ns)   --->   "%specinterface_ln0 = specinterface void @_ssdm_op_SpecInterface, i32 %p_in_9, void @ap_fifo_str, i32 0, i32 0, void @p_str, i32 0, i32 0, void @p_str, void @p_str, void @p_str, i32 2, i32 2, i32 16, i32 16, void @p_str, void @ScalarProp_str"   --->   Operation 12 'specinterface' 'specinterface_ln0' <Predicate = true> <Delay = 0.00>
ST_1 : Operation 13 [1/1] (0.00ns)   --->   "%specinterface_ln0 = specinterface void @_ssdm_op_SpecInterface, i32 %p_in_10, void @ap_fifo_str, i32 0, i32 0, void @p_str, i32 0, i32 0, void @p_str, void @p_str, void @p_str, i32 2, i32 2, i32 16, i32 16, void @p_str, void @ScalarProp_str"   --->   Operation 13 'specinterface' 'specinterface_ln0' <Predicate = true> <Delay = 0.00>
ST_1 : Operation 14 [1/1] (0.00ns)   --->   "%specinterface_ln0 = specinterface void @_ssdm_op_SpecInterface, i32 %p_in_11, void @ap_fifo_str, i32 0, i32 0, void @p_str, i32 0, i32 0, void @p_str, void @p_str, void @p_str, i32 2, i32 2, i32 16, i32 16, void @p_str, void @ScalarProp_str"   --->   Operation 14 'specinterface' 'specinterface_ln0' <Predicate = true> <Delay = 0.00>
ST_1 : Operation 15 [1/1] (0.00ns)   --->   "%specinterface_ln0 = specinterface void @_ssdm_op_SpecInterface, i32 %p_in_12, void @ap_fifo_str, i32 0, i32 0, void @p_str, i32 0, i32 0, void @p_str, void @p_str, void @p_str, i32 2, i32 2, i32 16, i32 16, void @p_str, void @ScalarProp_str"   --->   Operation 15 'specinterface' 'specinterface_ln0' <Predicate = true> <Delay = 0.00>
ST_1 : Operation 16 [1/1] (0.00ns)   --->   "%specinterface_ln0 = specinterface void @_ssdm_op_SpecInterface, i32 %p_in_13, void @ap_fifo_str, i32 0, i32 0, void @p_str, i32 0, i32 0, void @p_str, void @p_str, void @p_str, i32 2, i32 2, i32 16, i32 16, void @p_str, void @ScalarProp_str"   --->   Operation 16 'specinterface' 'specinterface_ln0' <Predicate = true> <Delay = 0.00>
ST_1 : Operation 17 [1/1] (0.00ns)   --->   "%specinterface_ln0 = specinterface void @_ssdm_op_SpecInterface, i32 %p_in_14, void @ap_fifo_str, i32 0, i32 0, void @p_str, i32 0, i32 0, void @p_str, void @p_str, void @p_str, i32 2, i32 2, i32 16, i32 16, void @p_str, void @ScalarProp_str"   --->   Operation 17 'specinterface' 'specinterface_ln0' <Predicate = true> <Delay = 0.00>
ST_1 : Operation 18 [1/1] (0.00ns)   --->   "%specinterface_ln0 = specinterface void @_ssdm_op_SpecInterface, i32 %p_in_15, void @ap_fifo_str, i32 0, i32 0, void @p_str, i32 0, i32 0, void @p_str, void @p_str, void @p_str, i32 2, i32 2, i32 16, i32 16, void @p_str, void @ScalarProp_str"   --->   Operation 18 'specinterface' 'specinterface_ln0' <Predicate = true> <Delay = 0.00>
ST_1 : Operation 19 [1/1] (0.00ns)   --->   "%specinterface_ln0 = specinterface void @_ssdm_op_SpecInterface, i32 %p_in_16, void @ap_fifo_str, i32 0, i32 0, void @p_str, i32 0, i32 0, void @p_str, void @p_str, void @p_str, i32 2, i32 2, i32 16, i32 16, void @p_str, void @ScalarProp_str"   --->   Operation 19 'specinterface' 'specinterface_ln0' <Predicate = true> <Delay = 0.00>
ST_1 : Operation 20 [1/1] (0.00ns)   --->   "%specinterface_ln0 = specinterface void @_ssdm_op_SpecInterface, i32 %p_in_17, void @ap_fifo_str, i32 0, i32 0, void @p_str, i32 0, i32 0, void @p_str, void @p_str, void @p_str, i32 2, i32 2, i32 16, i32 16, void @p_str, void @ScalarProp_str"   --->   Operation 20 'specinterface' 'specinterface_ln0' <Predicate = true> <Delay = 0.00>
ST_1 : Operation 21 [1/1] (0.00ns)   --->   "%specinterface_ln0 = specinterface void @_ssdm_op_SpecInterface, i32 %p_in_18, void @ap_fifo_str, i32 0, i32 0, void @p_str, i32 0, i32 0, void @p_str, void @p_str, void @p_str, i32 2, i32 2, i32 16, i32 16, void @p_str, void @ScalarProp_str"   --->   Operation 21 'specinterface' 'specinterface_ln0' <Predicate = true> <Delay = 0.00>
ST_1 : Operation 22 [1/1] (0.00ns)   --->   "%specinterface_ln0 = specinterface void @_ssdm_op_SpecInterface, i32 %p_in_19, void @ap_fifo_str, i32 0, i32 0, void @p_str, i32 0, i32 0, void @p_str, void @p_str, void @p_str, i32 2, i32 2, i32 16, i32 16, void @p_str, void @ScalarProp_str"   --->   Operation 22 'specinterface' 'specinterface_ln0' <Predicate = true> <Delay = 0.00>
ST_1 : Operation 23 [1/1] (0.00ns)   --->   "%specinterface_ln0 = specinterface void @_ssdm_op_SpecInterface, i32 %p_in_20, void @ap_fifo_str, i32 0, i32 0, void @p_str, i32 0, i32 0, void @p_str, void @p_str, void @p_str, i32 2, i32 2, i32 16, i32 16, void @p_str, void @ScalarProp_str"   --->   Operation 23 'specinterface' 'specinterface_ln0' <Predicate = true> <Delay = 0.00>
ST_1 : Operation 24 [1/1] (0.00ns)   --->   "%specinterface_ln0 = specinterface void @_ssdm_op_SpecInterface, i32 %p_in_21, void @ap_fifo_str, i32 0, i32 0, void @p_str, i32 0, i32 0, void @p_str, void @p_str, void @p_str, i32 2, i32 2, i32 16, i32 16, void @p_str, void @ScalarProp_str"   --->   Operation 24 'specinterface' 'specinterface_ln0' <Predicate = true> <Delay = 0.00>
ST_1 : Operation 25 [1/1] (0.00ns)   --->   "%specinterface_ln0 = specinterface void @_ssdm_op_SpecInterface, i32 %p_in_22, void @ap_fifo_str, i32 0, i32 0, void @p_str, i32 0, i32 0, void @p_str, void @p_str, void @p_str, i32 2, i32 2, i32 16, i32 16, void @p_str, void @ScalarProp_str"   --->   Operation 25 'specinterface' 'specinterface_ln0' <Predicate = true> <Delay = 0.00>
ST_1 : Operation 26 [1/1] (0.00ns)   --->   "%specinterface_ln0 = specinterface void @_ssdm_op_SpecInterface, i32 %p_in_23, void @ap_fifo_str, i32 0, i32 0, void @p_str, i32 0, i32 0, void @p_str, void @p_str, void @p_str, i32 2, i32 2, i32 16, i32 16, void @p_str, void @ScalarProp_str"   --->   Operation 26 'specinterface' 'specinterface_ln0' <Predicate = true> <Delay = 0.00>
ST_1 : Operation 27 [1/1] (0.00ns)   --->   "%specinterface_ln0 = specinterface void @_ssdm_op_SpecInterface, i32 %p_in_24, void @ap_fifo_str, i32 0, i32 0, void @p_str, i32 0, i32 0, void @p_str, void @p_str, void @p_str, i32 2, i32 2, i32 16, i32 16, void @p_str, void @ScalarProp_str"   --->   Operation 27 'specinterface' 'specinterface_ln0' <Predicate = true> <Delay = 0.00>
ST_1 : Operation 28 [1/1] (0.00ns)   --->   "%specinterface_ln0 = specinterface void @_ssdm_op_SpecInterface, i32 %p_in_25, void @ap_fifo_str, i32 0, i32 0, void @p_str, i32 0, i32 0, void @p_str, void @p_str, void @p_str, i32 2, i32 2, i32 16, i32 16, void @p_str, void @ScalarProp_str"   --->   Operation 28 'specinterface' 'specinterface_ln0' <Predicate = true> <Delay = 0.00>
ST_1 : Operation 29 [1/1] (0.00ns)   --->   "%specinterface_ln0 = specinterface void @_ssdm_op_SpecInterface, i32 %p_in_26, void @ap_fifo_str, i32 0, i32 0, void @p_str, i32 0, i32 0, void @p_str, void @p_str, void @p_str, i32 2, i32 2, i32 16, i32 16, void @p_str, void @ScalarProp_str"   --->   Operation 29 'specinterface' 'specinterface_ln0' <Predicate = true> <Delay = 0.00>
ST_1 : Operation 30 [1/1] (0.00ns)   --->   "%specinterface_ln0 = specinterface void @_ssdm_op_SpecInterface, i32 %p_in_27, void @ap_fifo_str, i32 0, i32 0, void @p_str, i32 0, i32 0, void @p_str, void @p_str, void @p_str, i32 2, i32 2, i32 16, i32 16, void @p_str, void @ScalarProp_str"   --->   Operation 30 'specinterface' 'specinterface_ln0' <Predicate = true> <Delay = 0.00>
ST_1 : Operation 31 [1/1] (0.00ns)   --->   "%specinterface_ln0 = specinterface void @_ssdm_op_SpecInterface, i32 %p_in_28, void @ap_fifo_str, i32 0, i32 0, void @p_str, i32 0, i32 0, void @p_str, void @p_str, void @p_str, i32 2, i32 2, i32 16, i32 16, void @p_str, void @ScalarProp_str"   --->   Operation 31 'specinterface' 'specinterface_ln0' <Predicate = true> <Delay = 0.00>
ST_1 : Operation 32 [1/1] (0.00ns)   --->   "%specinterface_ln0 = specinterface void @_ssdm_op_SpecInterface, i32 %p_in_29, void @ap_fifo_str, i32 0, i32 0, void @p_str, i32 0, i32 0, void @p_str, void @p_str, void @p_str, i32 2, i32 2, i32 16, i32 16, void @p_str, void @ScalarProp_str"   --->   Operation 32 'specinterface' 'specinterface_ln0' <Predicate = true> <Delay = 0.00>
ST_1 : Operation 33 [1/1] (0.00ns)   --->   "%specinterface_ln0 = specinterface void @_ssdm_op_SpecInterface, i32 %p_in_30, void @ap_fifo_str, i32 0, i32 0, void @p_str, i32 0, i32 0, void @p_str, void @p_str, void @p_str, i32 2, i32 2, i32 16, i32 16, void @p_str, void @ScalarProp_str"   --->   Operation 33 'specinterface' 'specinterface_ln0' <Predicate = true> <Delay = 0.00>
ST_1 : Operation 34 [1/1] (0.00ns)   --->   "%specinterface_ln0 = specinterface void @_ssdm_op_SpecInterface, i32 %p_in_31, void @ap_fifo_str, i32 0, i32 0, void @p_str, i32 0, i32 0, void @p_str, void @p_str, void @p_str, i32 2, i32 2, i32 16, i32 16, void @p_str, void @ScalarProp_str"   --->   Operation 34 'specinterface' 'specinterface_ln0' <Predicate = true> <Delay = 0.00>
ST_1 : Operation 35 [1/1] (0.00ns)   --->   "%specinterface_ln0 = specinterface void @_ssdm_op_SpecInterface, i1024 %str_in12, void @empty_5, i32 0, i32 0, void @empty_1, i32 0, i32 0, void @empty_1, void @empty_1, void @empty_1, i32 0, i32 0, i32 0, i32 0, void @empty_1, void @empty_1"   --->   Operation 35 'specinterface' 'specinterface_ln0' <Predicate = true> <Delay = 0.00>
ST_1 : Operation 36 [1/1] (3.40ns)   --->   "%p_in_0_read = read i32 @_ssdm_op_Read.ap_fifo.floatP0A, i32 %p_in_0" [/home/jrk/vivado/zc706/sdk/wksp1/zc706_lstm_kernels/libs/xf_BLAS/L1/include/hw/xf_blas/helpers/dataMover/vecMoverB1.hpp:149->/home/jrk/vivado/zc706/sdk/wksp1/zc706_lstm_kernels/src/krnl_lstm.cpp:103]   --->   Operation 36 'read' 'p_in_0_read' <Predicate = true> <Delay = 3.40> <CoreInst = "FIFO_SRL">   --->   Core 81 'FIFO_SRL' <Latency = 0> <II = 1> <Delay = 3.40> <Storage> <Opcode : 'read' 'write' 'nbread' 'nbwrite'> <Ports = 0> <Width = 32> <Depth = 2> <FIFO>
ST_1 : Operation 37 [1/1] (3.40ns)   --->   "%p_in_1_read = read i32 @_ssdm_op_Read.ap_fifo.floatP0A, i32 %p_in_1" [/home/jrk/vivado/zc706/sdk/wksp1/zc706_lstm_kernels/libs/xf_BLAS/L1/include/hw/xf_blas/helpers/dataMover/vecMoverB1.hpp:149->/home/jrk/vivado/zc706/sdk/wksp1/zc706_lstm_kernels/src/krnl_lstm.cpp:103]   --->   Operation 37 'read' 'p_in_1_read' <Predicate = true> <Delay = 3.40> <CoreInst = "FIFO_SRL">   --->   Core 81 'FIFO_SRL' <Latency = 0> <II = 1> <Delay = 3.40> <Storage> <Opcode : 'read' 'write' 'nbread' 'nbwrite'> <Ports = 0> <Width = 32> <Depth = 2> <FIFO>
ST_1 : Operation 38 [1/1] (3.40ns)   --->   "%p_in_2_read = read i32 @_ssdm_op_Read.ap_fifo.floatP0A, i32 %p_in_2" [/home/jrk/vivado/zc706/sdk/wksp1/zc706_lstm_kernels/libs/xf_BLAS/L1/include/hw/xf_blas/helpers/dataMover/vecMoverB1.hpp:149->/home/jrk/vivado/zc706/sdk/wksp1/zc706_lstm_kernels/src/krnl_lstm.cpp:103]   --->   Operation 38 'read' 'p_in_2_read' <Predicate = true> <Delay = 3.40> <CoreInst = "FIFO_SRL">   --->   Core 81 'FIFO_SRL' <Latency = 0> <II = 1> <Delay = 3.40> <Storage> <Opcode : 'read' 'write' 'nbread' 'nbwrite'> <Ports = 0> <Width = 32> <Depth = 2> <FIFO>
ST_1 : Operation 39 [1/1] (3.40ns)   --->   "%p_in_3_read = read i32 @_ssdm_op_Read.ap_fifo.floatP0A, i32 %p_in_3" [/home/jrk/vivado/zc706/sdk/wksp1/zc706_lstm_kernels/libs/xf_BLAS/L1/include/hw/xf_blas/helpers/dataMover/vecMoverB1.hpp:149->/home/jrk/vivado/zc706/sdk/wksp1/zc706_lstm_kernels/src/krnl_lstm.cpp:103]   --->   Operation 39 'read' 'p_in_3_read' <Predicate = true> <Delay = 3.40> <CoreInst = "FIFO_SRL">   --->   Core 81 'FIFO_SRL' <Latency = 0> <II = 1> <Delay = 3.40> <Storage> <Opcode : 'read' 'write' 'nbread' 'nbwrite'> <Ports = 0> <Width = 32> <Depth = 2> <FIFO>
ST_1 : Operation 40 [1/1] (3.40ns)   --->   "%p_in_4_read = read i32 @_ssdm_op_Read.ap_fifo.floatP0A, i32 %p_in_4" [/home/jrk/vivado/zc706/sdk/wksp1/zc706_lstm_kernels/libs/xf_BLAS/L1/include/hw/xf_blas/helpers/dataMover/vecMoverB1.hpp:149->/home/jrk/vivado/zc706/sdk/wksp1/zc706_lstm_kernels/src/krnl_lstm.cpp:103]   --->   Operation 40 'read' 'p_in_4_read' <Predicate = true> <Delay = 3.40> <CoreInst = "FIFO_SRL">   --->   Core 81 'FIFO_SRL' <Latency = 0> <II = 1> <Delay = 3.40> <Storage> <Opcode : 'read' 'write' 'nbread' 'nbwrite'> <Ports = 0> <Width = 32> <Depth = 2> <FIFO>
ST_1 : Operation 41 [1/1] (3.40ns)   --->   "%p_in_5_read = read i32 @_ssdm_op_Read.ap_fifo.floatP0A, i32 %p_in_5" [/home/jrk/vivado/zc706/sdk/wksp1/zc706_lstm_kernels/libs/xf_BLAS/L1/include/hw/xf_blas/helpers/dataMover/vecMoverB1.hpp:149->/home/jrk/vivado/zc706/sdk/wksp1/zc706_lstm_kernels/src/krnl_lstm.cpp:103]   --->   Operation 41 'read' 'p_in_5_read' <Predicate = true> <Delay = 3.40> <CoreInst = "FIFO_SRL">   --->   Core 81 'FIFO_SRL' <Latency = 0> <II = 1> <Delay = 3.40> <Storage> <Opcode : 'read' 'write' 'nbread' 'nbwrite'> <Ports = 0> <Width = 32> <Depth = 2> <FIFO>
ST_1 : Operation 42 [1/1] (3.40ns)   --->   "%p_in_6_read = read i32 @_ssdm_op_Read.ap_fifo.floatP0A, i32 %p_in_6" [/home/jrk/vivado/zc706/sdk/wksp1/zc706_lstm_kernels/libs/xf_BLAS/L1/include/hw/xf_blas/helpers/dataMover/vecMoverB1.hpp:149->/home/jrk/vivado/zc706/sdk/wksp1/zc706_lstm_kernels/src/krnl_lstm.cpp:103]   --->   Operation 42 'read' 'p_in_6_read' <Predicate = true> <Delay = 3.40> <CoreInst = "FIFO_SRL">   --->   Core 81 'FIFO_SRL' <Latency = 0> <II = 1> <Delay = 3.40> <Storage> <Opcode : 'read' 'write' 'nbread' 'nbwrite'> <Ports = 0> <Width = 32> <Depth = 2> <FIFO>
ST_1 : Operation 43 [1/1] (3.40ns)   --->   "%p_in_7_read = read i32 @_ssdm_op_Read.ap_fifo.floatP0A, i32 %p_in_7" [/home/jrk/vivado/zc706/sdk/wksp1/zc706_lstm_kernels/libs/xf_BLAS/L1/include/hw/xf_blas/helpers/dataMover/vecMoverB1.hpp:149->/home/jrk/vivado/zc706/sdk/wksp1/zc706_lstm_kernels/src/krnl_lstm.cpp:103]   --->   Operation 43 'read' 'p_in_7_read' <Predicate = true> <Delay = 3.40> <CoreInst = "FIFO_SRL">   --->   Core 81 'FIFO_SRL' <Latency = 0> <II = 1> <Delay = 3.40> <Storage> <Opcode : 'read' 'write' 'nbread' 'nbwrite'> <Ports = 0> <Width = 32> <Depth = 2> <FIFO>
ST_1 : Operation 44 [1/1] (3.40ns)   --->   "%p_in_8_read = read i32 @_ssdm_op_Read.ap_fifo.floatP0A, i32 %p_in_8" [/home/jrk/vivado/zc706/sdk/wksp1/zc706_lstm_kernels/libs/xf_BLAS/L1/include/hw/xf_blas/helpers/dataMover/vecMoverB1.hpp:149->/home/jrk/vivado/zc706/sdk/wksp1/zc706_lstm_kernels/src/krnl_lstm.cpp:103]   --->   Operation 44 'read' 'p_in_8_read' <Predicate = true> <Delay = 3.40> <CoreInst = "FIFO_SRL">   --->   Core 81 'FIFO_SRL' <Latency = 0> <II = 1> <Delay = 3.40> <Storage> <Opcode : 'read' 'write' 'nbread' 'nbwrite'> <Ports = 0> <Width = 32> <Depth = 2> <FIFO>
ST_1 : Operation 45 [1/1] (3.40ns)   --->   "%p_in_9_read = read i32 @_ssdm_op_Read.ap_fifo.floatP0A, i32 %p_in_9" [/home/jrk/vivado/zc706/sdk/wksp1/zc706_lstm_kernels/libs/xf_BLAS/L1/include/hw/xf_blas/helpers/dataMover/vecMoverB1.hpp:149->/home/jrk/vivado/zc706/sdk/wksp1/zc706_lstm_kernels/src/krnl_lstm.cpp:103]   --->   Operation 45 'read' 'p_in_9_read' <Predicate = true> <Delay = 3.40> <CoreInst = "FIFO_SRL">   --->   Core 81 'FIFO_SRL' <Latency = 0> <II = 1> <Delay = 3.40> <Storage> <Opcode : 'read' 'write' 'nbread' 'nbwrite'> <Ports = 0> <Width = 32> <Depth = 2> <FIFO>
ST_1 : Operation 46 [1/1] (3.40ns)   --->   "%p_in_10_read = read i32 @_ssdm_op_Read.ap_fifo.floatP0A, i32 %p_in_10" [/home/jrk/vivado/zc706/sdk/wksp1/zc706_lstm_kernels/libs/xf_BLAS/L1/include/hw/xf_blas/helpers/dataMover/vecMoverB1.hpp:149->/home/jrk/vivado/zc706/sdk/wksp1/zc706_lstm_kernels/src/krnl_lstm.cpp:103]   --->   Operation 46 'read' 'p_in_10_read' <Predicate = true> <Delay = 3.40> <CoreInst = "FIFO_SRL">   --->   Core 81 'FIFO_SRL' <Latency = 0> <II = 1> <Delay = 3.40> <Storage> <Opcode : 'read' 'write' 'nbread' 'nbwrite'> <Ports = 0> <Width = 32> <Depth = 2> <FIFO>
ST_1 : Operation 47 [1/1] (3.40ns)   --->   "%p_in_11_read = read i32 @_ssdm_op_Read.ap_fifo.floatP0A, i32 %p_in_11" [/home/jrk/vivado/zc706/sdk/wksp1/zc706_lstm_kernels/libs/xf_BLAS/L1/include/hw/xf_blas/helpers/dataMover/vecMoverB1.hpp:149->/home/jrk/vivado/zc706/sdk/wksp1/zc706_lstm_kernels/src/krnl_lstm.cpp:103]   --->   Operation 47 'read' 'p_in_11_read' <Predicate = true> <Delay = 3.40> <CoreInst = "FIFO_SRL">   --->   Core 81 'FIFO_SRL' <Latency = 0> <II = 1> <Delay = 3.40> <Storage> <Opcode : 'read' 'write' 'nbread' 'nbwrite'> <Ports = 0> <Width = 32> <Depth = 2> <FIFO>
ST_1 : Operation 48 [1/1] (3.40ns)   --->   "%p_in_12_read = read i32 @_ssdm_op_Read.ap_fifo.floatP0A, i32 %p_in_12" [/home/jrk/vivado/zc706/sdk/wksp1/zc706_lstm_kernels/libs/xf_BLAS/L1/include/hw/xf_blas/helpers/dataMover/vecMoverB1.hpp:149->/home/jrk/vivado/zc706/sdk/wksp1/zc706_lstm_kernels/src/krnl_lstm.cpp:103]   --->   Operation 48 'read' 'p_in_12_read' <Predicate = true> <Delay = 3.40> <CoreInst = "FIFO_SRL">   --->   Core 81 'FIFO_SRL' <Latency = 0> <II = 1> <Delay = 3.40> <Storage> <Opcode : 'read' 'write' 'nbread' 'nbwrite'> <Ports = 0> <Width = 32> <Depth = 2> <FIFO>
ST_1 : Operation 49 [1/1] (3.40ns)   --->   "%p_in_13_read = read i32 @_ssdm_op_Read.ap_fifo.floatP0A, i32 %p_in_13" [/home/jrk/vivado/zc706/sdk/wksp1/zc706_lstm_kernels/libs/xf_BLAS/L1/include/hw/xf_blas/helpers/dataMover/vecMoverB1.hpp:149->/home/jrk/vivado/zc706/sdk/wksp1/zc706_lstm_kernels/src/krnl_lstm.cpp:103]   --->   Operation 49 'read' 'p_in_13_read' <Predicate = true> <Delay = 3.40> <CoreInst = "FIFO_SRL">   --->   Core 81 'FIFO_SRL' <Latency = 0> <II = 1> <Delay = 3.40> <Storage> <Opcode : 'read' 'write' 'nbread' 'nbwrite'> <Ports = 0> <Width = 32> <Depth = 2> <FIFO>
ST_1 : Operation 50 [1/1] (3.40ns)   --->   "%p_in_14_read = read i32 @_ssdm_op_Read.ap_fifo.floatP0A, i32 %p_in_14" [/home/jrk/vivado/zc706/sdk/wksp1/zc706_lstm_kernels/libs/xf_BLAS/L1/include/hw/xf_blas/helpers/dataMover/vecMoverB1.hpp:149->/home/jrk/vivado/zc706/sdk/wksp1/zc706_lstm_kernels/src/krnl_lstm.cpp:103]   --->   Operation 50 'read' 'p_in_14_read' <Predicate = true> <Delay = 3.40> <CoreInst = "FIFO_SRL">   --->   Core 81 'FIFO_SRL' <Latency = 0> <II = 1> <Delay = 3.40> <Storage> <Opcode : 'read' 'write' 'nbread' 'nbwrite'> <Ports = 0> <Width = 32> <Depth = 2> <FIFO>
ST_1 : Operation 51 [1/1] (3.40ns)   --->   "%p_in_15_read = read i32 @_ssdm_op_Read.ap_fifo.floatP0A, i32 %p_in_15" [/home/jrk/vivado/zc706/sdk/wksp1/zc706_lstm_kernels/libs/xf_BLAS/L1/include/hw/xf_blas/helpers/dataMover/vecMoverB1.hpp:149->/home/jrk/vivado/zc706/sdk/wksp1/zc706_lstm_kernels/src/krnl_lstm.cpp:103]   --->   Operation 51 'read' 'p_in_15_read' <Predicate = true> <Delay = 3.40> <CoreInst = "FIFO_SRL">   --->   Core 81 'FIFO_SRL' <Latency = 0> <II = 1> <Delay = 3.40> <Storage> <Opcode : 'read' 'write' 'nbread' 'nbwrite'> <Ports = 0> <Width = 32> <Depth = 2> <FIFO>
ST_1 : Operation 52 [1/1] (3.40ns)   --->   "%p_in_16_read = read i32 @_ssdm_op_Read.ap_fifo.floatP0A, i32 %p_in_16" [/home/jrk/vivado/zc706/sdk/wksp1/zc706_lstm_kernels/libs/xf_BLAS/L1/include/hw/xf_blas/helpers/dataMover/vecMoverB1.hpp:149->/home/jrk/vivado/zc706/sdk/wksp1/zc706_lstm_kernels/src/krnl_lstm.cpp:103]   --->   Operation 52 'read' 'p_in_16_read' <Predicate = true> <Delay = 3.40> <CoreInst = "FIFO_SRL">   --->   Core 81 'FIFO_SRL' <Latency = 0> <II = 1> <Delay = 3.40> <Storage> <Opcode : 'read' 'write' 'nbread' 'nbwrite'> <Ports = 0> <Width = 32> <Depth = 2> <FIFO>
ST_1 : Operation 53 [1/1] (3.40ns)   --->   "%p_in_17_read = read i32 @_ssdm_op_Read.ap_fifo.floatP0A, i32 %p_in_17" [/home/jrk/vivado/zc706/sdk/wksp1/zc706_lstm_kernels/libs/xf_BLAS/L1/include/hw/xf_blas/helpers/dataMover/vecMoverB1.hpp:149->/home/jrk/vivado/zc706/sdk/wksp1/zc706_lstm_kernels/src/krnl_lstm.cpp:103]   --->   Operation 53 'read' 'p_in_17_read' <Predicate = true> <Delay = 3.40> <CoreInst = "FIFO_SRL">   --->   Core 81 'FIFO_SRL' <Latency = 0> <II = 1> <Delay = 3.40> <Storage> <Opcode : 'read' 'write' 'nbread' 'nbwrite'> <Ports = 0> <Width = 32> <Depth = 2> <FIFO>
ST_1 : Operation 54 [1/1] (3.40ns)   --->   "%p_in_18_read = read i32 @_ssdm_op_Read.ap_fifo.floatP0A, i32 %p_in_18" [/home/jrk/vivado/zc706/sdk/wksp1/zc706_lstm_kernels/libs/xf_BLAS/L1/include/hw/xf_blas/helpers/dataMover/vecMoverB1.hpp:149->/home/jrk/vivado/zc706/sdk/wksp1/zc706_lstm_kernels/src/krnl_lstm.cpp:103]   --->   Operation 54 'read' 'p_in_18_read' <Predicate = true> <Delay = 3.40> <CoreInst = "FIFO_SRL">   --->   Core 81 'FIFO_SRL' <Latency = 0> <II = 1> <Delay = 3.40> <Storage> <Opcode : 'read' 'write' 'nbread' 'nbwrite'> <Ports = 0> <Width = 32> <Depth = 2> <FIFO>
ST_1 : Operation 55 [1/1] (3.40ns)   --->   "%p_in_19_read = read i32 @_ssdm_op_Read.ap_fifo.floatP0A, i32 %p_in_19" [/home/jrk/vivado/zc706/sdk/wksp1/zc706_lstm_kernels/libs/xf_BLAS/L1/include/hw/xf_blas/helpers/dataMover/vecMoverB1.hpp:149->/home/jrk/vivado/zc706/sdk/wksp1/zc706_lstm_kernels/src/krnl_lstm.cpp:103]   --->   Operation 55 'read' 'p_in_19_read' <Predicate = true> <Delay = 3.40> <CoreInst = "FIFO_SRL">   --->   Core 81 'FIFO_SRL' <Latency = 0> <II = 1> <Delay = 3.40> <Storage> <Opcode : 'read' 'write' 'nbread' 'nbwrite'> <Ports = 0> <Width = 32> <Depth = 2> <FIFO>
ST_1 : Operation 56 [1/1] (3.40ns)   --->   "%p_in_20_read = read i32 @_ssdm_op_Read.ap_fifo.floatP0A, i32 %p_in_20" [/home/jrk/vivado/zc706/sdk/wksp1/zc706_lstm_kernels/libs/xf_BLAS/L1/include/hw/xf_blas/helpers/dataMover/vecMoverB1.hpp:149->/home/jrk/vivado/zc706/sdk/wksp1/zc706_lstm_kernels/src/krnl_lstm.cpp:103]   --->   Operation 56 'read' 'p_in_20_read' <Predicate = true> <Delay = 3.40> <CoreInst = "FIFO_SRL">   --->   Core 81 'FIFO_SRL' <Latency = 0> <II = 1> <Delay = 3.40> <Storage> <Opcode : 'read' 'write' 'nbread' 'nbwrite'> <Ports = 0> <Width = 32> <Depth = 2> <FIFO>
ST_1 : Operation 57 [1/1] (3.40ns)   --->   "%p_in_21_read = read i32 @_ssdm_op_Read.ap_fifo.floatP0A, i32 %p_in_21" [/home/jrk/vivado/zc706/sdk/wksp1/zc706_lstm_kernels/libs/xf_BLAS/L1/include/hw/xf_blas/helpers/dataMover/vecMoverB1.hpp:149->/home/jrk/vivado/zc706/sdk/wksp1/zc706_lstm_kernels/src/krnl_lstm.cpp:103]   --->   Operation 57 'read' 'p_in_21_read' <Predicate = true> <Delay = 3.40> <CoreInst = "FIFO_SRL">   --->   Core 81 'FIFO_SRL' <Latency = 0> <II = 1> <Delay = 3.40> <Storage> <Opcode : 'read' 'write' 'nbread' 'nbwrite'> <Ports = 0> <Width = 32> <Depth = 2> <FIFO>
ST_1 : Operation 58 [1/1] (3.40ns)   --->   "%p_in_22_read = read i32 @_ssdm_op_Read.ap_fifo.floatP0A, i32 %p_in_22" [/home/jrk/vivado/zc706/sdk/wksp1/zc706_lstm_kernels/libs/xf_BLAS/L1/include/hw/xf_blas/helpers/dataMover/vecMoverB1.hpp:149->/home/jrk/vivado/zc706/sdk/wksp1/zc706_lstm_kernels/src/krnl_lstm.cpp:103]   --->   Operation 58 'read' 'p_in_22_read' <Predicate = true> <Delay = 3.40> <CoreInst = "FIFO_SRL">   --->   Core 81 'FIFO_SRL' <Latency = 0> <II = 1> <Delay = 3.40> <Storage> <Opcode : 'read' 'write' 'nbread' 'nbwrite'> <Ports = 0> <Width = 32> <Depth = 2> <FIFO>
ST_1 : Operation 59 [1/1] (3.40ns)   --->   "%p_in_23_read = read i32 @_ssdm_op_Read.ap_fifo.floatP0A, i32 %p_in_23" [/home/jrk/vivado/zc706/sdk/wksp1/zc706_lstm_kernels/libs/xf_BLAS/L1/include/hw/xf_blas/helpers/dataMover/vecMoverB1.hpp:149->/home/jrk/vivado/zc706/sdk/wksp1/zc706_lstm_kernels/src/krnl_lstm.cpp:103]   --->   Operation 59 'read' 'p_in_23_read' <Predicate = true> <Delay = 3.40> <CoreInst = "FIFO_SRL">   --->   Core 81 'FIFO_SRL' <Latency = 0> <II = 1> <Delay = 3.40> <Storage> <Opcode : 'read' 'write' 'nbread' 'nbwrite'> <Ports = 0> <Width = 32> <Depth = 2> <FIFO>
ST_1 : Operation 60 [1/1] (3.40ns)   --->   "%p_in_24_read = read i32 @_ssdm_op_Read.ap_fifo.floatP0A, i32 %p_in_24" [/home/jrk/vivado/zc706/sdk/wksp1/zc706_lstm_kernels/libs/xf_BLAS/L1/include/hw/xf_blas/helpers/dataMover/vecMoverB1.hpp:149->/home/jrk/vivado/zc706/sdk/wksp1/zc706_lstm_kernels/src/krnl_lstm.cpp:103]   --->   Operation 60 'read' 'p_in_24_read' <Predicate = true> <Delay = 3.40> <CoreInst = "FIFO_SRL">   --->   Core 81 'FIFO_SRL' <Latency = 0> <II = 1> <Delay = 3.40> <Storage> <Opcode : 'read' 'write' 'nbread' 'nbwrite'> <Ports = 0> <Width = 32> <Depth = 2> <FIFO>
ST_1 : Operation 61 [1/1] (3.40ns)   --->   "%p_in_25_read = read i32 @_ssdm_op_Read.ap_fifo.floatP0A, i32 %p_in_25" [/home/jrk/vivado/zc706/sdk/wksp1/zc706_lstm_kernels/libs/xf_BLAS/L1/include/hw/xf_blas/helpers/dataMover/vecMoverB1.hpp:149->/home/jrk/vivado/zc706/sdk/wksp1/zc706_lstm_kernels/src/krnl_lstm.cpp:103]   --->   Operation 61 'read' 'p_in_25_read' <Predicate = true> <Delay = 3.40> <CoreInst = "FIFO_SRL">   --->   Core 81 'FIFO_SRL' <Latency = 0> <II = 1> <Delay = 3.40> <Storage> <Opcode : 'read' 'write' 'nbread' 'nbwrite'> <Ports = 0> <Width = 32> <Depth = 2> <FIFO>
ST_1 : Operation 62 [1/1] (3.40ns)   --->   "%p_in_26_read = read i32 @_ssdm_op_Read.ap_fifo.floatP0A, i32 %p_in_26" [/home/jrk/vivado/zc706/sdk/wksp1/zc706_lstm_kernels/libs/xf_BLAS/L1/include/hw/xf_blas/helpers/dataMover/vecMoverB1.hpp:149->/home/jrk/vivado/zc706/sdk/wksp1/zc706_lstm_kernels/src/krnl_lstm.cpp:103]   --->   Operation 62 'read' 'p_in_26_read' <Predicate = true> <Delay = 3.40> <CoreInst = "FIFO_SRL">   --->   Core 81 'FIFO_SRL' <Latency = 0> <II = 1> <Delay = 3.40> <Storage> <Opcode : 'read' 'write' 'nbread' 'nbwrite'> <Ports = 0> <Width = 32> <Depth = 2> <FIFO>
ST_1 : Operation 63 [1/1] (3.40ns)   --->   "%p_in_27_read = read i32 @_ssdm_op_Read.ap_fifo.floatP0A, i32 %p_in_27" [/home/jrk/vivado/zc706/sdk/wksp1/zc706_lstm_kernels/libs/xf_BLAS/L1/include/hw/xf_blas/helpers/dataMover/vecMoverB1.hpp:149->/home/jrk/vivado/zc706/sdk/wksp1/zc706_lstm_kernels/src/krnl_lstm.cpp:103]   --->   Operation 63 'read' 'p_in_27_read' <Predicate = true> <Delay = 3.40> <CoreInst = "FIFO_SRL">   --->   Core 81 'FIFO_SRL' <Latency = 0> <II = 1> <Delay = 3.40> <Storage> <Opcode : 'read' 'write' 'nbread' 'nbwrite'> <Ports = 0> <Width = 32> <Depth = 2> <FIFO>
ST_1 : Operation 64 [1/1] (3.40ns)   --->   "%p_in_28_read = read i32 @_ssdm_op_Read.ap_fifo.floatP0A, i32 %p_in_28" [/home/jrk/vivado/zc706/sdk/wksp1/zc706_lstm_kernels/libs/xf_BLAS/L1/include/hw/xf_blas/helpers/dataMover/vecMoverB1.hpp:149->/home/jrk/vivado/zc706/sdk/wksp1/zc706_lstm_kernels/src/krnl_lstm.cpp:103]   --->   Operation 64 'read' 'p_in_28_read' <Predicate = true> <Delay = 3.40> <CoreInst = "FIFO_SRL">   --->   Core 81 'FIFO_SRL' <Latency = 0> <II = 1> <Delay = 3.40> <Storage> <Opcode : 'read' 'write' 'nbread' 'nbwrite'> <Ports = 0> <Width = 32> <Depth = 2> <FIFO>
ST_1 : Operation 65 [1/1] (3.40ns)   --->   "%p_in_29_read = read i32 @_ssdm_op_Read.ap_fifo.floatP0A, i32 %p_in_29" [/home/jrk/vivado/zc706/sdk/wksp1/zc706_lstm_kernels/libs/xf_BLAS/L1/include/hw/xf_blas/helpers/dataMover/vecMoverB1.hpp:149->/home/jrk/vivado/zc706/sdk/wksp1/zc706_lstm_kernels/src/krnl_lstm.cpp:103]   --->   Operation 65 'read' 'p_in_29_read' <Predicate = true> <Delay = 3.40> <CoreInst = "FIFO_SRL">   --->   Core 81 'FIFO_SRL' <Latency = 0> <II = 1> <Delay = 3.40> <Storage> <Opcode : 'read' 'write' 'nbread' 'nbwrite'> <Ports = 0> <Width = 32> <Depth = 2> <FIFO>
ST_1 : Operation 66 [1/1] (3.40ns)   --->   "%p_in_30_read = read i32 @_ssdm_op_Read.ap_fifo.floatP0A, i32 %p_in_30" [/home/jrk/vivado/zc706/sdk/wksp1/zc706_lstm_kernels/libs/xf_BLAS/L1/include/hw/xf_blas/helpers/dataMover/vecMoverB1.hpp:149->/home/jrk/vivado/zc706/sdk/wksp1/zc706_lstm_kernels/src/krnl_lstm.cpp:103]   --->   Operation 66 'read' 'p_in_30_read' <Predicate = true> <Delay = 3.40> <CoreInst = "FIFO_SRL">   --->   Core 81 'FIFO_SRL' <Latency = 0> <II = 1> <Delay = 3.40> <Storage> <Opcode : 'read' 'write' 'nbread' 'nbwrite'> <Ports = 0> <Width = 32> <Depth = 2> <FIFO>
ST_1 : Operation 67 [1/1] (3.40ns)   --->   "%p_in_31_read = read i32 @_ssdm_op_Read.ap_fifo.floatP0A, i32 %p_in_31" [/home/jrk/vivado/zc706/sdk/wksp1/zc706_lstm_kernels/libs/xf_BLAS/L1/include/hw/xf_blas/helpers/dataMover/vecMoverB1.hpp:149->/home/jrk/vivado/zc706/sdk/wksp1/zc706_lstm_kernels/src/krnl_lstm.cpp:103]   --->   Operation 67 'read' 'p_in_31_read' <Predicate = true> <Delay = 3.40> <CoreInst = "FIFO_SRL">   --->   Core 81 'FIFO_SRL' <Latency = 0> <II = 1> <Delay = 3.40> <Storage> <Opcode : 'read' 'write' 'nbread' 'nbwrite'> <Ports = 0> <Width = 32> <Depth = 2> <FIFO>
ST_1 : Operation 68 [1/1] (0.00ns)   --->   "%l_val_V = bitcast i32 %p_in_0_read" [/home/jrk/vivado/zc706/sdk/wksp1/zc706_lstm_kernels/libs/xf_BLAS/L1/include/hw/xf_blas/helpers/utils/types.hpp:123]   --->   Operation 68 'bitcast' 'l_val_V' <Predicate = true> <Delay = 0.00>
ST_1 : Operation 69 [1/1] (0.00ns)   --->   "%l_val_V_280 = bitcast i32 %p_in_1_read" [/home/jrk/vivado/zc706/sdk/wksp1/zc706_lstm_kernels/libs/xf_BLAS/L1/include/hw/xf_blas/helpers/utils/types.hpp:123]   --->   Operation 69 'bitcast' 'l_val_V_280' <Predicate = true> <Delay = 0.00>
ST_1 : Operation 70 [1/1] (0.00ns)   --->   "%l_val_V_281 = bitcast i32 %p_in_2_read" [/home/jrk/vivado/zc706/sdk/wksp1/zc706_lstm_kernels/libs/xf_BLAS/L1/include/hw/xf_blas/helpers/utils/types.hpp:123]   --->   Operation 70 'bitcast' 'l_val_V_281' <Predicate = true> <Delay = 0.00>
ST_1 : Operation 71 [1/1] (0.00ns)   --->   "%l_val_V_282 = bitcast i32 %p_in_3_read" [/home/jrk/vivado/zc706/sdk/wksp1/zc706_lstm_kernels/libs/xf_BLAS/L1/include/hw/xf_blas/helpers/utils/types.hpp:123]   --->   Operation 71 'bitcast' 'l_val_V_282' <Predicate = true> <Delay = 0.00>
ST_1 : Operation 72 [1/1] (0.00ns)   --->   "%l_val_V_283 = bitcast i32 %p_in_4_read" [/home/jrk/vivado/zc706/sdk/wksp1/zc706_lstm_kernels/libs/xf_BLAS/L1/include/hw/xf_blas/helpers/utils/types.hpp:123]   --->   Operation 72 'bitcast' 'l_val_V_283' <Predicate = true> <Delay = 0.00>
ST_1 : Operation 73 [1/1] (0.00ns)   --->   "%l_val_V_284 = bitcast i32 %p_in_5_read" [/home/jrk/vivado/zc706/sdk/wksp1/zc706_lstm_kernels/libs/xf_BLAS/L1/include/hw/xf_blas/helpers/utils/types.hpp:123]   --->   Operation 73 'bitcast' 'l_val_V_284' <Predicate = true> <Delay = 0.00>
ST_1 : Operation 74 [1/1] (0.00ns)   --->   "%l_val_V_285 = bitcast i32 %p_in_6_read" [/home/jrk/vivado/zc706/sdk/wksp1/zc706_lstm_kernels/libs/xf_BLAS/L1/include/hw/xf_blas/helpers/utils/types.hpp:123]   --->   Operation 74 'bitcast' 'l_val_V_285' <Predicate = true> <Delay = 0.00>
ST_1 : Operation 75 [1/1] (0.00ns)   --->   "%l_val_V_286 = bitcast i32 %p_in_7_read" [/home/jrk/vivado/zc706/sdk/wksp1/zc706_lstm_kernels/libs/xf_BLAS/L1/include/hw/xf_blas/helpers/utils/types.hpp:123]   --->   Operation 75 'bitcast' 'l_val_V_286' <Predicate = true> <Delay = 0.00>
ST_1 : Operation 76 [1/1] (0.00ns)   --->   "%l_val_V_287 = bitcast i32 %p_in_8_read" [/home/jrk/vivado/zc706/sdk/wksp1/zc706_lstm_kernels/libs/xf_BLAS/L1/include/hw/xf_blas/helpers/utils/types.hpp:123]   --->   Operation 76 'bitcast' 'l_val_V_287' <Predicate = true> <Delay = 0.00>
ST_1 : Operation 77 [1/1] (0.00ns)   --->   "%l_val_V_288 = bitcast i32 %p_in_9_read" [/home/jrk/vivado/zc706/sdk/wksp1/zc706_lstm_kernels/libs/xf_BLAS/L1/include/hw/xf_blas/helpers/utils/types.hpp:123]   --->   Operation 77 'bitcast' 'l_val_V_288' <Predicate = true> <Delay = 0.00>
ST_1 : Operation 78 [1/1] (0.00ns)   --->   "%l_val_V_289 = bitcast i32 %p_in_10_read" [/home/jrk/vivado/zc706/sdk/wksp1/zc706_lstm_kernels/libs/xf_BLAS/L1/include/hw/xf_blas/helpers/utils/types.hpp:123]   --->   Operation 78 'bitcast' 'l_val_V_289' <Predicate = true> <Delay = 0.00>
ST_1 : Operation 79 [1/1] (0.00ns)   --->   "%l_val_V_290 = bitcast i32 %p_in_11_read" [/home/jrk/vivado/zc706/sdk/wksp1/zc706_lstm_kernels/libs/xf_BLAS/L1/include/hw/xf_blas/helpers/utils/types.hpp:123]   --->   Operation 79 'bitcast' 'l_val_V_290' <Predicate = true> <Delay = 0.00>
ST_1 : Operation 80 [1/1] (0.00ns)   --->   "%l_val_V_291 = bitcast i32 %p_in_12_read" [/home/jrk/vivado/zc706/sdk/wksp1/zc706_lstm_kernels/libs/xf_BLAS/L1/include/hw/xf_blas/helpers/utils/types.hpp:123]   --->   Operation 80 'bitcast' 'l_val_V_291' <Predicate = true> <Delay = 0.00>
ST_1 : Operation 81 [1/1] (0.00ns)   --->   "%l_val_V_292 = bitcast i32 %p_in_13_read" [/home/jrk/vivado/zc706/sdk/wksp1/zc706_lstm_kernels/libs/xf_BLAS/L1/include/hw/xf_blas/helpers/utils/types.hpp:123]   --->   Operation 81 'bitcast' 'l_val_V_292' <Predicate = true> <Delay = 0.00>
ST_1 : Operation 82 [1/1] (0.00ns)   --->   "%l_val_V_293 = bitcast i32 %p_in_14_read" [/home/jrk/vivado/zc706/sdk/wksp1/zc706_lstm_kernels/libs/xf_BLAS/L1/include/hw/xf_blas/helpers/utils/types.hpp:123]   --->   Operation 82 'bitcast' 'l_val_V_293' <Predicate = true> <Delay = 0.00>
ST_1 : Operation 83 [1/1] (0.00ns)   --->   "%l_val_V_294 = bitcast i32 %p_in_15_read" [/home/jrk/vivado/zc706/sdk/wksp1/zc706_lstm_kernels/libs/xf_BLAS/L1/include/hw/xf_blas/helpers/utils/types.hpp:123]   --->   Operation 83 'bitcast' 'l_val_V_294' <Predicate = true> <Delay = 0.00>
ST_1 : Operation 84 [1/1] (0.00ns)   --->   "%l_val_V_295 = bitcast i32 %p_in_16_read" [/home/jrk/vivado/zc706/sdk/wksp1/zc706_lstm_kernels/libs/xf_BLAS/L1/include/hw/xf_blas/helpers/utils/types.hpp:123]   --->   Operation 84 'bitcast' 'l_val_V_295' <Predicate = true> <Delay = 0.00>
ST_1 : Operation 85 [1/1] (0.00ns)   --->   "%l_val_V_296 = bitcast i32 %p_in_17_read" [/home/jrk/vivado/zc706/sdk/wksp1/zc706_lstm_kernels/libs/xf_BLAS/L1/include/hw/xf_blas/helpers/utils/types.hpp:123]   --->   Operation 85 'bitcast' 'l_val_V_296' <Predicate = true> <Delay = 0.00>
ST_1 : Operation 86 [1/1] (0.00ns)   --->   "%l_val_V_297 = bitcast i32 %p_in_18_read" [/home/jrk/vivado/zc706/sdk/wksp1/zc706_lstm_kernels/libs/xf_BLAS/L1/include/hw/xf_blas/helpers/utils/types.hpp:123]   --->   Operation 86 'bitcast' 'l_val_V_297' <Predicate = true> <Delay = 0.00>
ST_1 : Operation 87 [1/1] (0.00ns)   --->   "%l_val_V_298 = bitcast i32 %p_in_19_read" [/home/jrk/vivado/zc706/sdk/wksp1/zc706_lstm_kernels/libs/xf_BLAS/L1/include/hw/xf_blas/helpers/utils/types.hpp:123]   --->   Operation 87 'bitcast' 'l_val_V_298' <Predicate = true> <Delay = 0.00>
ST_1 : Operation 88 [1/1] (0.00ns)   --->   "%l_val_V_299 = bitcast i32 %p_in_20_read" [/home/jrk/vivado/zc706/sdk/wksp1/zc706_lstm_kernels/libs/xf_BLAS/L1/include/hw/xf_blas/helpers/utils/types.hpp:123]   --->   Operation 88 'bitcast' 'l_val_V_299' <Predicate = true> <Delay = 0.00>
ST_1 : Operation 89 [1/1] (0.00ns)   --->   "%l_val_V_300 = bitcast i32 %p_in_21_read" [/home/jrk/vivado/zc706/sdk/wksp1/zc706_lstm_kernels/libs/xf_BLAS/L1/include/hw/xf_blas/helpers/utils/types.hpp:123]   --->   Operation 89 'bitcast' 'l_val_V_300' <Predicate = true> <Delay = 0.00>
ST_1 : Operation 90 [1/1] (0.00ns)   --->   "%l_val_V_301 = bitcast i32 %p_in_22_read" [/home/jrk/vivado/zc706/sdk/wksp1/zc706_lstm_kernels/libs/xf_BLAS/L1/include/hw/xf_blas/helpers/utils/types.hpp:123]   --->   Operation 90 'bitcast' 'l_val_V_301' <Predicate = true> <Delay = 0.00>
ST_1 : Operation 91 [1/1] (0.00ns)   --->   "%l_val_V_302 = bitcast i32 %p_in_23_read" [/home/jrk/vivado/zc706/sdk/wksp1/zc706_lstm_kernels/libs/xf_BLAS/L1/include/hw/xf_blas/helpers/utils/types.hpp:123]   --->   Operation 91 'bitcast' 'l_val_V_302' <Predicate = true> <Delay = 0.00>
ST_1 : Operation 92 [1/1] (0.00ns)   --->   "%l_val_V_303 = bitcast i32 %p_in_24_read" [/home/jrk/vivado/zc706/sdk/wksp1/zc706_lstm_kernels/libs/xf_BLAS/L1/include/hw/xf_blas/helpers/utils/types.hpp:123]   --->   Operation 92 'bitcast' 'l_val_V_303' <Predicate = true> <Delay = 0.00>
ST_1 : Operation 93 [1/1] (0.00ns)   --->   "%l_val_V_304 = bitcast i32 %p_in_25_read" [/home/jrk/vivado/zc706/sdk/wksp1/zc706_lstm_kernels/libs/xf_BLAS/L1/include/hw/xf_blas/helpers/utils/types.hpp:123]   --->   Operation 93 'bitcast' 'l_val_V_304' <Predicate = true> <Delay = 0.00>
ST_1 : Operation 94 [1/1] (0.00ns)   --->   "%l_val_V_305 = bitcast i32 %p_in_26_read" [/home/jrk/vivado/zc706/sdk/wksp1/zc706_lstm_kernels/libs/xf_BLAS/L1/include/hw/xf_blas/helpers/utils/types.hpp:123]   --->   Operation 94 'bitcast' 'l_val_V_305' <Predicate = true> <Delay = 0.00>
ST_1 : Operation 95 [1/1] (0.00ns)   --->   "%l_val_V_306 = bitcast i32 %p_in_27_read" [/home/jrk/vivado/zc706/sdk/wksp1/zc706_lstm_kernels/libs/xf_BLAS/L1/include/hw/xf_blas/helpers/utils/types.hpp:123]   --->   Operation 95 'bitcast' 'l_val_V_306' <Predicate = true> <Delay = 0.00>
ST_1 : Operation 96 [1/1] (0.00ns)   --->   "%l_val_V_307 = bitcast i32 %p_in_28_read" [/home/jrk/vivado/zc706/sdk/wksp1/zc706_lstm_kernels/libs/xf_BLAS/L1/include/hw/xf_blas/helpers/utils/types.hpp:123]   --->   Operation 96 'bitcast' 'l_val_V_307' <Predicate = true> <Delay = 0.00>
ST_1 : Operation 97 [1/1] (0.00ns)   --->   "%l_val_V_308 = bitcast i32 %p_in_29_read" [/home/jrk/vivado/zc706/sdk/wksp1/zc706_lstm_kernels/libs/xf_BLAS/L1/include/hw/xf_blas/helpers/utils/types.hpp:123]   --->   Operation 97 'bitcast' 'l_val_V_308' <Predicate = true> <Delay = 0.00>
ST_1 : Operation 98 [1/1] (0.00ns)   --->   "%l_val_V_309 = bitcast i32 %p_in_30_read" [/home/jrk/vivado/zc706/sdk/wksp1/zc706_lstm_kernels/libs/xf_BLAS/L1/include/hw/xf_blas/helpers/utils/types.hpp:123]   --->   Operation 98 'bitcast' 'l_val_V_309' <Predicate = true> <Delay = 0.00>
ST_1 : Operation 99 [1/1] (0.00ns)   --->   "%l_val_V_310 = bitcast i32 %p_in_31_read" [/home/jrk/vivado/zc706/sdk/wksp1/zc706_lstm_kernels/libs/xf_BLAS/L1/include/hw/xf_blas/helpers/utils/types.hpp:123]   --->   Operation 99 'bitcast' 'l_val_V_310' <Predicate = true> <Delay = 0.00>
ST_1 : Operation 100 [1/1] (0.00ns)   --->   "%p_Result_s = bitconcatenate i1024 @_ssdm_op_BitConcatenate.i1024.i32.i32.i32.i32.i32.i32.i32.i32.i32.i32.i32.i32.i32.i32.i32.i32.i32.i32.i32.i32.i32.i32.i32.i32.i32.i32.i32.i32.i32.i32.i32.i32, i32 %l_val_V_310, i32 %l_val_V_309, i32 %l_val_V_308, i32 %l_val_V_307, i32 %l_val_V_306, i32 %l_val_V_305, i32 %l_val_V_304, i32 %l_val_V_303, i32 %l_val_V_302, i32 %l_val_V_301, i32 %l_val_V_300, i32 %l_val_V_299, i32 %l_val_V_298, i32 %l_val_V_297, i32 %l_val_V_296, i32 %l_val_V_295, i32 %l_val_V_294, i32 %l_val_V_293, i32 %l_val_V_292, i32 %l_val_V_291, i32 %l_val_V_290, i32 %l_val_V_289, i32 %l_val_V_288, i32 %l_val_V_287, i32 %l_val_V_286, i32 %l_val_V_285, i32 %l_val_V_284, i32 %l_val_V_283, i32 %l_val_V_282, i32 %l_val_V_281, i32 %l_val_V_280, i32 %l_val_V"   --->   Operation 100 'bitconcatenate' 'p_Result_s' <Predicate = true> <Delay = 0.00>
ST_1 : Operation 101 [1/1] (3.40ns)   --->   "%write_ln174 = write void @_ssdm_op_Write.ap_fifo.volatile.i1024P0A, i1024 %str_in12, i1024 %p_Result_s" [/home/jrk/tools/Xilinx/Vitis_HLS/2020.2/common/technology/autopilot/hls_stream_39.h:174]   --->   Operation 101 'write' 'write_ln174' <Predicate = true> <Delay = 3.40> <CoreInst = "FIFO_SRL">   --->   Core 81 'FIFO_SRL' <Latency = 0> <II = 1> <Delay = 3.40> <Storage> <Opcode : 'read' 'write' 'nbread' 'nbwrite'> <Ports = 0> <Width = 1024> <Depth = 2> <FIFO>
ST_1 : Operation 102 [1/1] (0.00ns)   --->   "%ret_ln103 = ret" [/home/jrk/vivado/zc706/sdk/wksp1/zc706_lstm_kernels/src/krnl_lstm.cpp:103]   --->   Operation 102 'ret' 'ret_ln103' <Predicate = true> <Delay = 0.00>


============================================================
+ Verbose Summary: Binding
============================================================
STG Binding: 
---------------- STG Properties BEGIN ----------------
- Is combinational: 0
- Is one-state seq: 1
- Is datapath-only: 0
- Is pipelined: 0
- Is top level: 0
Port [ Return ] is wired: 1; IO mode=ap_ctrl_hs:ce=0
Port [ str_in12]:  wired=1; compound=1; hidden=0; nouse=0; global=0; static=0; extern=0; dir=1; type=3; pingpong=0; private_global=0; IO mode=ap_fifo:ce=0
Port [ p_in_0]:  wired=1; compound=1; hidden=0; nouse=0; global=0; static=0; extern=0; dir=0; type=3; pingpong=0; private_global=0; IO mode=ap_fifo:ce=0
Port [ p_in_1]:  wired=1; compound=1; hidden=0; nouse=0; global=0; static=0; extern=0; dir=0; type=3; pingpong=0; private_global=0; IO mode=ap_fifo:ce=0
Port [ p_in_2]:  wired=1; compound=1; hidden=0; nouse=0; global=0; static=0; extern=0; dir=0; type=3; pingpong=0; private_global=0; IO mode=ap_fifo:ce=0
Port [ p_in_3]:  wired=1; compound=1; hidden=0; nouse=0; global=0; static=0; extern=0; dir=0; type=3; pingpong=0; private_global=0; IO mode=ap_fifo:ce=0
Port [ p_in_4]:  wired=1; compound=1; hidden=0; nouse=0; global=0; static=0; extern=0; dir=0; type=3; pingpong=0; private_global=0; IO mode=ap_fifo:ce=0
Port [ p_in_5]:  wired=1; compound=1; hidden=0; nouse=0; global=0; static=0; extern=0; dir=0; type=3; pingpong=0; private_global=0; IO mode=ap_fifo:ce=0
Port [ p_in_6]:  wired=1; compound=1; hidden=0; nouse=0; global=0; static=0; extern=0; dir=0; type=3; pingpong=0; private_global=0; IO mode=ap_fifo:ce=0
Port [ p_in_7]:  wired=1; compound=1; hidden=0; nouse=0; global=0; static=0; extern=0; dir=0; type=3; pingpong=0; private_global=0; IO mode=ap_fifo:ce=0
Port [ p_in_8]:  wired=1; compound=1; hidden=0; nouse=0; global=0; static=0; extern=0; dir=0; type=3; pingpong=0; private_global=0; IO mode=ap_fifo:ce=0
Port [ p_in_9]:  wired=1; compound=1; hidden=0; nouse=0; global=0; static=0; extern=0; dir=0; type=3; pingpong=0; private_global=0; IO mode=ap_fifo:ce=0
Port [ p_in_10]:  wired=1; compound=1; hidden=0; nouse=0; global=0; static=0; extern=0; dir=0; type=3; pingpong=0; private_global=0; IO mode=ap_fifo:ce=0
Port [ p_in_11]:  wired=1; compound=1; hidden=0; nouse=0; global=0; static=0; extern=0; dir=0; type=3; pingpong=0; private_global=0; IO mode=ap_fifo:ce=0
Port [ p_in_12]:  wired=1; compound=1; hidden=0; nouse=0; global=0; static=0; extern=0; dir=0; type=3; pingpong=0; private_global=0; IO mode=ap_fifo:ce=0
Port [ p_in_13]:  wired=1; compound=1; hidden=0; nouse=0; global=0; static=0; extern=0; dir=0; type=3; pingpong=0; private_global=0; IO mode=ap_fifo:ce=0
Port [ p_in_14]:  wired=1; compound=1; hidden=0; nouse=0; global=0; static=0; extern=0; dir=0; type=3; pingpong=0; private_global=0; IO mode=ap_fifo:ce=0
Port [ p_in_15]:  wired=1; compound=1; hidden=0; nouse=0; global=0; static=0; extern=0; dir=0; type=3; pingpong=0; private_global=0; IO mode=ap_fifo:ce=0
Port [ p_in_16]:  wired=1; compound=1; hidden=0; nouse=0; global=0; static=0; extern=0; dir=0; type=3; pingpong=0; private_global=0; IO mode=ap_fifo:ce=0
Port [ p_in_17]:  wired=1; compound=1; hidden=0; nouse=0; global=0; static=0; extern=0; dir=0; type=3; pingpong=0; private_global=0; IO mode=ap_fifo:ce=0
Port [ p_in_18]:  wired=1; compound=1; hidden=0; nouse=0; global=0; static=0; extern=0; dir=0; type=3; pingpong=0; private_global=0; IO mode=ap_fifo:ce=0
Port [ p_in_19]:  wired=1; compound=1; hidden=0; nouse=0; global=0; static=0; extern=0; dir=0; type=3; pingpong=0; private_global=0; IO mode=ap_fifo:ce=0
Port [ p_in_20]:  wired=1; compound=1; hidden=0; nouse=0; global=0; static=0; extern=0; dir=0; type=3; pingpong=0; private_global=0; IO mode=ap_fifo:ce=0
Port [ p_in_21]:  wired=1; compound=1; hidden=0; nouse=0; global=0; static=0; extern=0; dir=0; type=3; pingpong=0; private_global=0; IO mode=ap_fifo:ce=0
Port [ p_in_22]:  wired=1; compound=1; hidden=0; nouse=0; global=0; static=0; extern=0; dir=0; type=3; pingpong=0; private_global=0; IO mode=ap_fifo:ce=0
Port [ p_in_23]:  wired=1; compound=1; hidden=0; nouse=0; global=0; static=0; extern=0; dir=0; type=3; pingpong=0; private_global=0; IO mode=ap_fifo:ce=0
Port [ p_in_24]:  wired=1; compound=1; hidden=0; nouse=0; global=0; static=0; extern=0; dir=0; type=3; pingpong=0; private_global=0; IO mode=ap_fifo:ce=0
Port [ p_in_25]:  wired=1; compound=1; hidden=0; nouse=0; global=0; static=0; extern=0; dir=0; type=3; pingpong=0; private_global=0; IO mode=ap_fifo:ce=0
Port [ p_in_26]:  wired=1; compound=1; hidden=0; nouse=0; global=0; static=0; extern=0; dir=0; type=3; pingpong=0; private_global=0; IO mode=ap_fifo:ce=0
Port [ p_in_27]:  wired=1; compound=1; hidden=0; nouse=0; global=0; static=0; extern=0; dir=0; type=3; pingpong=0; private_global=0; IO mode=ap_fifo:ce=0
Port [ p_in_28]:  wired=1; compound=1; hidden=0; nouse=0; global=0; static=0; extern=0; dir=0; type=3; pingpong=0; private_global=0; IO mode=ap_fifo:ce=0
Port [ p_in_29]:  wired=1; compound=1; hidden=0; nouse=0; global=0; static=0; extern=0; dir=0; type=3; pingpong=0; private_global=0; IO mode=ap_fifo:ce=0
Port [ p_in_30]:  wired=1; compound=1; hidden=0; nouse=0; global=0; static=0; extern=0; dir=0; type=3; pingpong=0; private_global=0; IO mode=ap_fifo:ce=0
Port [ p_in_31]:  wired=1; compound=1; hidden=0; nouse=0; global=0; static=0; extern=0; dir=0; type=3; pingpong=0; private_global=0; IO mode=ap_fifo:ce=0
---------------- STG Properties END ------------------

---------------- Datapath Model BEGIN ----------------

<LifeTime>
<method=bitvector/>
specinterface_ln0 (specinterface ) [ 00]
specinterface_ln0 (specinterface ) [ 00]
specinterface_ln0 (specinterface ) [ 00]
specinterface_ln0 (specinterface ) [ 00]
specinterface_ln0 (specinterface ) [ 00]
specinterface_ln0 (specinterface ) [ 00]
specinterface_ln0 (specinterface ) [ 00]
specinterface_ln0 (specinterface ) [ 00]
specinterface_ln0 (specinterface ) [ 00]
specinterface_ln0 (specinterface ) [ 00]
specinterface_ln0 (specinterface ) [ 00]
specinterface_ln0 (specinterface ) [ 00]
specinterface_ln0 (specinterface ) [ 00]
specinterface_ln0 (specinterface ) [ 00]
specinterface_ln0 (specinterface ) [ 00]
specinterface_ln0 (specinterface ) [ 00]
specinterface_ln0 (specinterface ) [ 00]
specinterface_ln0 (specinterface ) [ 00]
specinterface_ln0 (specinterface ) [ 00]
specinterface_ln0 (specinterface ) [ 00]
specinterface_ln0 (specinterface ) [ 00]
specinterface_ln0 (specinterface ) [ 00]
specinterface_ln0 (specinterface ) [ 00]
specinterface_ln0 (specinterface ) [ 00]
specinterface_ln0 (specinterface ) [ 00]
specinterface_ln0 (specinterface ) [ 00]
specinterface_ln0 (specinterface ) [ 00]
specinterface_ln0 (specinterface ) [ 00]
specinterface_ln0 (specinterface ) [ 00]
specinterface_ln0 (specinterface ) [ 00]
specinterface_ln0 (specinterface ) [ 00]
specinterface_ln0 (specinterface ) [ 00]
specinterface_ln0 (specinterface ) [ 00]
specinterface_ln0 (specinterface ) [ 00]
p_in_0_read       (read          ) [ 00]
p_in_1_read       (read          ) [ 00]
p_in_2_read       (read          ) [ 00]
p_in_3_read       (read          ) [ 00]
p_in_4_read       (read          ) [ 00]
p_in_5_read       (read          ) [ 00]
p_in_6_read       (read          ) [ 00]
p_in_7_read       (read          ) [ 00]
p_in_8_read       (read          ) [ 00]
p_in_9_read       (read          ) [ 00]
p_in_10_read      (read          ) [ 00]
p_in_11_read      (read          ) [ 00]
p_in_12_read      (read          ) [ 00]
p_in_13_read      (read          ) [ 00]
p_in_14_read      (read          ) [ 00]
p_in_15_read      (read          ) [ 00]
p_in_16_read      (read          ) [ 00]
p_in_17_read      (read          ) [ 00]
p_in_18_read      (read          ) [ 00]
p_in_19_read      (read          ) [ 00]
p_in_20_read      (read          ) [ 00]
p_in_21_read      (read          ) [ 00]
p_in_22_read      (read          ) [ 00]
p_in_23_read      (read          ) [ 00]
p_in_24_read      (read          ) [ 00]
p_in_25_read      (read          ) [ 00]
p_in_26_read      (read          ) [ 00]
p_in_27_read      (read          ) [ 00]
p_in_28_read      (read          ) [ 00]
p_in_29_read      (read          ) [ 00]
p_in_30_read      (read          ) [ 00]
p_in_31_read      (read          ) [ 00]
l_val_V           (bitcast       ) [ 00]
l_val_V_280       (bitcast       ) [ 00]
l_val_V_281       (bitcast       ) [ 00]
l_val_V_282       (bitcast       ) [ 00]
l_val_V_283       (bitcast       ) [ 00]
l_val_V_284       (bitcast       ) [ 00]
l_val_V_285       (bitcast       ) [ 00]
l_val_V_286       (bitcast       ) [ 00]
l_val_V_287       (bitcast       ) [ 00]
l_val_V_288       (bitcast       ) [ 00]
l_val_V_289       (bitcast       ) [ 00]
l_val_V_290       (bitcast       ) [ 00]
l_val_V_291       (bitcast       ) [ 00]
l_val_V_292       (bitcast       ) [ 00]
l_val_V_293       (bitcast       ) [ 00]
l_val_V_294       (bitcast       ) [ 00]
l_val_V_295       (bitcast       ) [ 00]
l_val_V_296       (bitcast       ) [ 00]
l_val_V_297       (bitcast       ) [ 00]
l_val_V_298       (bitcast       ) [ 00]
l_val_V_299       (bitcast       ) [ 00]
l_val_V_300       (bitcast       ) [ 00]
l_val_V_301       (bitcast       ) [ 00]
l_val_V_302       (bitcast       ) [ 00]
l_val_V_303       (bitcast       ) [ 00]
l_val_V_304       (bitcast       ) [ 00]
l_val_V_305       (bitcast       ) [ 00]
l_val_V_306       (bitcast       ) [ 00]
l_val_V_307       (bitcast       ) [ 00]
l_val_V_308       (bitcast       ) [ 00]
l_val_V_309       (bitcast       ) [ 00]
l_val_V_310       (bitcast       ) [ 00]
p_Result_s        (bitconcatenate) [ 00]
write_ln174       (write         ) [ 00]
ret_ln103         (ret           ) [ 00]
</LifeTime>

<model>

<comp_list>
<comp id="0" class="1000" name="str_in12">
<pin_list>
<pin id="1" dir="1" index="0" bw="1" slack="0"/>
</pin_list>
<bind>
<StgValue><ssdm name="str_in12"/></StgValue>
</bind>
</comp>

<comp id="2" class="1000" name="p_in_0">
<pin_list>
<pin id="3" dir="1" index="0" bw="1" slack="0"/>
</pin_list>
<bind>
<StgValue><ssdm name="p_in_0"/></StgValue>
</bind>
</comp>

<comp id="4" class="1000" name="p_in_1">
<pin_list>
<pin id="5" dir="1" index="0" bw="1" slack="0"/>
</pin_list>
<bind>
<StgValue><ssdm name="p_in_1"/></StgValue>
</bind>
</comp>

<comp id="6" class="1000" name="p_in_2">
<pin_list>
<pin id="7" dir="1" index="0" bw="1" slack="0"/>
</pin_list>
<bind>
<StgValue><ssdm name="p_in_2"/></StgValue>
</bind>
</comp>

<comp id="8" class="1000" name="p_in_3">
<pin_list>
<pin id="9" dir="1" index="0" bw="1" slack="0"/>
</pin_list>
<bind>
<StgValue><ssdm name="p_in_3"/></StgValue>
</bind>
</comp>

<comp id="10" class="1000" name="p_in_4">
<pin_list>
<pin id="11" dir="1" index="0" bw="1" slack="0"/>
</pin_list>
<bind>
<StgValue><ssdm name="p_in_4"/></StgValue>
</bind>
</comp>

<comp id="12" class="1000" name="p_in_5">
<pin_list>
<pin id="13" dir="1" index="0" bw="1" slack="0"/>
</pin_list>
<bind>
<StgValue><ssdm name="p_in_5"/></StgValue>
</bind>
</comp>

<comp id="14" class="1000" name="p_in_6">
<pin_list>
<pin id="15" dir="1" index="0" bw="1" slack="0"/>
</pin_list>
<bind>
<StgValue><ssdm name="p_in_6"/></StgValue>
</bind>
</comp>

<comp id="16" class="1000" name="p_in_7">
<pin_list>
<pin id="17" dir="1" index="0" bw="1" slack="0"/>
</pin_list>
<bind>
<StgValue><ssdm name="p_in_7"/></StgValue>
</bind>
</comp>

<comp id="18" class="1000" name="p_in_8">
<pin_list>
<pin id="19" dir="1" index="0" bw="1" slack="0"/>
</pin_list>
<bind>
<StgValue><ssdm name="p_in_8"/></StgValue>
</bind>
</comp>

<comp id="20" class="1000" name="p_in_9">
<pin_list>
<pin id="21" dir="1" index="0" bw="1" slack="0"/>
</pin_list>
<bind>
<StgValue><ssdm name="p_in_9"/></StgValue>
</bind>
</comp>

<comp id="22" class="1000" name="p_in_10">
<pin_list>
<pin id="23" dir="1" index="0" bw="1" slack="0"/>
</pin_list>
<bind>
<StgValue><ssdm name="p_in_10"/></StgValue>
</bind>
</comp>

<comp id="24" class="1000" name="p_in_11">
<pin_list>
<pin id="25" dir="1" index="0" bw="1" slack="0"/>
</pin_list>
<bind>
<StgValue><ssdm name="p_in_11"/></StgValue>
</bind>
</comp>

<comp id="26" class="1000" name="p_in_12">
<pin_list>
<pin id="27" dir="1" index="0" bw="1" slack="0"/>
</pin_list>
<bind>
<StgValue><ssdm name="p_in_12"/></StgValue>
</bind>
</comp>

<comp id="28" class="1000" name="p_in_13">
<pin_list>
<pin id="29" dir="1" index="0" bw="1" slack="0"/>
</pin_list>
<bind>
<StgValue><ssdm name="p_in_13"/></StgValue>
</bind>
</comp>

<comp id="30" class="1000" name="p_in_14">
<pin_list>
<pin id="31" dir="1" index="0" bw="1" slack="0"/>
</pin_list>
<bind>
<StgValue><ssdm name="p_in_14"/></StgValue>
</bind>
</comp>

<comp id="32" class="1000" name="p_in_15">
<pin_list>
<pin id="33" dir="1" index="0" bw="1" slack="0"/>
</pin_list>
<bind>
<StgValue><ssdm name="p_in_15"/></StgValue>
</bind>
</comp>

<comp id="34" class="1000" name="p_in_16">
<pin_list>
<pin id="35" dir="1" index="0" bw="1" slack="0"/>
</pin_list>
<bind>
<StgValue><ssdm name="p_in_16"/></StgValue>
</bind>
</comp>

<comp id="36" class="1000" name="p_in_17">
<pin_list>
<pin id="37" dir="1" index="0" bw="1" slack="0"/>
</pin_list>
<bind>
<StgValue><ssdm name="p_in_17"/></StgValue>
</bind>
</comp>

<comp id="38" class="1000" name="p_in_18">
<pin_list>
<pin id="39" dir="1" index="0" bw="1" slack="0"/>
</pin_list>
<bind>
<StgValue><ssdm name="p_in_18"/></StgValue>
</bind>
</comp>

<comp id="40" class="1000" name="p_in_19">
<pin_list>
<pin id="41" dir="1" index="0" bw="1" slack="0"/>
</pin_list>
<bind>
<StgValue><ssdm name="p_in_19"/></StgValue>
</bind>
</comp>

<comp id="42" class="1000" name="p_in_20">
<pin_list>
<pin id="43" dir="1" index="0" bw="1" slack="0"/>
</pin_list>
<bind>
<StgValue><ssdm name="p_in_20"/></StgValue>
</bind>
</comp>

<comp id="44" class="1000" name="p_in_21">
<pin_list>
<pin id="45" dir="1" index="0" bw="1" slack="0"/>
</pin_list>
<bind>
<StgValue><ssdm name="p_in_21"/></StgValue>
</bind>
</comp>

<comp id="46" class="1000" name="p_in_22">
<pin_list>
<pin id="47" dir="1" index="0" bw="1" slack="0"/>
</pin_list>
<bind>
<StgValue><ssdm name="p_in_22"/></StgValue>
</bind>
</comp>

<comp id="48" class="1000" name="p_in_23">
<pin_list>
<pin id="49" dir="1" index="0" bw="1" slack="0"/>
</pin_list>
<bind>
<StgValue><ssdm name="p_in_23"/></StgValue>
</bind>
</comp>

<comp id="50" class="1000" name="p_in_24">
<pin_list>
<pin id="51" dir="1" index="0" bw="1" slack="0"/>
</pin_list>
<bind>
<StgValue><ssdm name="p_in_24"/></StgValue>
</bind>
</comp>

<comp id="52" class="1000" name="p_in_25">
<pin_list>
<pin id="53" dir="1" index="0" bw="1" slack="0"/>
</pin_list>
<bind>
<StgValue><ssdm name="p_in_25"/></StgValue>
</bind>
</comp>

<comp id="54" class="1000" name="p_in_26">
<pin_list>
<pin id="55" dir="1" index="0" bw="1" slack="0"/>
</pin_list>
<bind>
<StgValue><ssdm name="p_in_26"/></StgValue>
</bind>
</comp>

<comp id="56" class="1000" name="p_in_27">
<pin_list>
<pin id="57" dir="1" index="0" bw="1" slack="0"/>
</pin_list>
<bind>
<StgValue><ssdm name="p_in_27"/></StgValue>
</bind>
</comp>

<comp id="58" class="1000" name="p_in_28">
<pin_list>
<pin id="59" dir="1" index="0" bw="1" slack="0"/>
</pin_list>
<bind>
<StgValue><ssdm name="p_in_28"/></StgValue>
</bind>
</comp>

<comp id="60" class="1000" name="p_in_29">
<pin_list>
<pin id="61" dir="1" index="0" bw="1" slack="0"/>
</pin_list>
<bind>
<StgValue><ssdm name="p_in_29"/></StgValue>
</bind>
</comp>

<comp id="62" class="1000" name="p_in_30">
<pin_list>
<pin id="63" dir="1" index="0" bw="1" slack="0"/>
</pin_list>
<bind>
<StgValue><ssdm name="p_in_30"/></StgValue>
</bind>
</comp>

<comp id="64" class="1000" name="p_in_31">
<pin_list>
<pin id="65" dir="1" index="0" bw="1" slack="0"/>
</pin_list>
<bind>
<StgValue><ssdm name="p_in_31"/></StgValue>
</bind>
</comp>

<comp id="66" class="1001" name="const_66">
<pin_list>
<pin id="67" dir="1" index="0" bw="1" slack="2147483647"/>
</pin_list>
<bind>
<StgValue><ssdm name="_ssdm_op_SpecInterface"/></StgValue>
</bind>
</comp>

<comp id="68" class="1001" name="const_68">
<pin_list>
<pin id="69" dir="1" index="0" bw="1" slack="2147483647"/>
</pin_list>
<bind>
<StgValue><ssdm name="empty_5"/></StgValue>
</bind>
</comp>

<comp id="70" class="1001" name="const_70">
<pin_list>
<pin id="71" dir="1" index="0" bw="1" slack="2147483647"/>
</pin_list>
<bind>
<StgValue><ssdm name=""/></StgValue>
</bind>
</comp>

<comp id="72" class="1001" name="const_72">
<pin_list>
<pin id="73" dir="1" index="0" bw="1" slack="2147483647"/>
</pin_list>
<bind>
<StgValue><ssdm name="empty_1"/></StgValue>
</bind>
</comp>

<comp id="74" class="1001" name="const_74">
<pin_list>
<pin id="75" dir="1" index="0" bw="1" slack="2147483647"/>
</pin_list>
<bind>
<StgValue><ssdm name="ap_fifo_str"/></StgValue>
</bind>
</comp>

<comp id="76" class="1001" name="const_76">
<pin_list>
<pin id="77" dir="1" index="0" bw="1" slack="2147483647"/>
</pin_list>
<bind>
<StgValue><ssdm name="p_str"/></StgValue>
</bind>
</comp>

<comp id="78" class="1001" name="const_78">
<pin_list>
<pin id="79" dir="1" index="0" bw="1" slack="2147483647"/>
</pin_list>
<bind>
<StgValue><ssdm name=""/></StgValue>
</bind>
</comp>

<comp id="80" class="1001" name="const_80">
<pin_list>
<pin id="81" dir="1" index="0" bw="1" slack="2147483647"/>
</pin_list>
<bind>
<StgValue><ssdm name=""/></StgValue>
</bind>
</comp>

<comp id="82" class="1001" name="const_82">
<pin_list>
<pin id="83" dir="1" index="0" bw="1" slack="2147483647"/>
</pin_list>
<bind>
<StgValue><ssdm name="ScalarProp_str"/></StgValue>
</bind>
</comp>

<comp id="84" class="1001" name="const_84">
<pin_list>
<pin id="85" dir="1" index="0" bw="1" slack="0"/>
</pin_list>
<bind>
<StgValue><ssdm name="_ssdm_op_Read.ap_fifo.floatP0A"/></StgValue>
</bind>
</comp>

<comp id="86" class="1001" name="const_86">
<pin_list>
<pin id="87" dir="1" index="0" bw="1" slack="0"/>
</pin_list>
<bind>
<StgValue><ssdm name="_ssdm_op_BitConcatenate.i1024.i32.i32.i32.i32.i32.i32.i32.i32.i32.i32.i32.i32.i32.i32.i32.i32.i32.i32.i32.i32.i32.i32.i32.i32.i32.i32.i32.i32.i32.i32.i32.i32"/></StgValue>
</bind>
</comp>

<comp id="88" class="1001" name="const_88">
<pin_list>
<pin id="89" dir="1" index="0" bw="1" slack="0"/>
</pin_list>
<bind>
<StgValue><ssdm name="_ssdm_op_Write.ap_fifo.volatile.i1024P0A"/></StgValue>
</bind>
</comp>

<comp id="90" class="1004" name="p_in_0_read_read_fu_90">
<pin_list>
<pin id="91" dir="0" index="0" bw="32" slack="0"/>
<pin id="92" dir="0" index="1" bw="32" slack="0"/>
<pin id="93" dir="1" index="2" bw="32" slack="0"/>
</pin_list>
<bind>
<opcode="read(1150) " fcode="read"/>
<opset="p_in_0_read/1 "/>
</bind>
</comp>

<comp id="96" class="1004" name="p_in_1_read_read_fu_96">
<pin_list>
<pin id="97" dir="0" index="0" bw="32" slack="0"/>
<pin id="98" dir="0" index="1" bw="32" slack="0"/>
<pin id="99" dir="1" index="2" bw="32" slack="0"/>
</pin_list>
<bind>
<opcode="read(1150) " fcode="read"/>
<opset="p_in_1_read/1 "/>
</bind>
</comp>

<comp id="102" class="1004" name="p_in_2_read_read_fu_102">
<pin_list>
<pin id="103" dir="0" index="0" bw="32" slack="0"/>
<pin id="104" dir="0" index="1" bw="32" slack="0"/>
<pin id="105" dir="1" index="2" bw="32" slack="0"/>
</pin_list>
<bind>
<opcode="read(1150) " fcode="read"/>
<opset="p_in_2_read/1 "/>
</bind>
</comp>

<comp id="108" class="1004" name="p_in_3_read_read_fu_108">
<pin_list>
<pin id="109" dir="0" index="0" bw="32" slack="0"/>
<pin id="110" dir="0" index="1" bw="32" slack="0"/>
<pin id="111" dir="1" index="2" bw="32" slack="0"/>
</pin_list>
<bind>
<opcode="read(1150) " fcode="read"/>
<opset="p_in_3_read/1 "/>
</bind>
</comp>

<comp id="114" class="1004" name="p_in_4_read_read_fu_114">
<pin_list>
<pin id="115" dir="0" index="0" bw="32" slack="0"/>
<pin id="116" dir="0" index="1" bw="32" slack="0"/>
<pin id="117" dir="1" index="2" bw="32" slack="0"/>
</pin_list>
<bind>
<opcode="read(1150) " fcode="read"/>
<opset="p_in_4_read/1 "/>
</bind>
</comp>

<comp id="120" class="1004" name="p_in_5_read_read_fu_120">
<pin_list>
<pin id="121" dir="0" index="0" bw="32" slack="0"/>
<pin id="122" dir="0" index="1" bw="32" slack="0"/>
<pin id="123" dir="1" index="2" bw="32" slack="0"/>
</pin_list>
<bind>
<opcode="read(1150) " fcode="read"/>
<opset="p_in_5_read/1 "/>
</bind>
</comp>

<comp id="126" class="1004" name="p_in_6_read_read_fu_126">
<pin_list>
<pin id="127" dir="0" index="0" bw="32" slack="0"/>
<pin id="128" dir="0" index="1" bw="32" slack="0"/>
<pin id="129" dir="1" index="2" bw="32" slack="0"/>
</pin_list>
<bind>
<opcode="read(1150) " fcode="read"/>
<opset="p_in_6_read/1 "/>
</bind>
</comp>

<comp id="132" class="1004" name="p_in_7_read_read_fu_132">
<pin_list>
<pin id="133" dir="0" index="0" bw="32" slack="0"/>
<pin id="134" dir="0" index="1" bw="32" slack="0"/>
<pin id="135" dir="1" index="2" bw="32" slack="0"/>
</pin_list>
<bind>
<opcode="read(1150) " fcode="read"/>
<opset="p_in_7_read/1 "/>
</bind>
</comp>

<comp id="138" class="1004" name="p_in_8_read_read_fu_138">
<pin_list>
<pin id="139" dir="0" index="0" bw="32" slack="0"/>
<pin id="140" dir="0" index="1" bw="32" slack="0"/>
<pin id="141" dir="1" index="2" bw="32" slack="0"/>
</pin_list>
<bind>
<opcode="read(1150) " fcode="read"/>
<opset="p_in_8_read/1 "/>
</bind>
</comp>

<comp id="144" class="1004" name="p_in_9_read_read_fu_144">
<pin_list>
<pin id="145" dir="0" index="0" bw="32" slack="0"/>
<pin id="146" dir="0" index="1" bw="32" slack="0"/>
<pin id="147" dir="1" index="2" bw="32" slack="0"/>
</pin_list>
<bind>
<opcode="read(1150) " fcode="read"/>
<opset="p_in_9_read/1 "/>
</bind>
</comp>

<comp id="150" class="1004" name="p_in_10_read_read_fu_150">
<pin_list>
<pin id="151" dir="0" index="0" bw="32" slack="0"/>
<pin id="152" dir="0" index="1" bw="32" slack="0"/>
<pin id="153" dir="1" index="2" bw="32" slack="0"/>
</pin_list>
<bind>
<opcode="read(1150) " fcode="read"/>
<opset="p_in_10_read/1 "/>
</bind>
</comp>

<comp id="156" class="1004" name="p_in_11_read_read_fu_156">
<pin_list>
<pin id="157" dir="0" index="0" bw="32" slack="0"/>
<pin id="158" dir="0" index="1" bw="32" slack="0"/>
<pin id="159" dir="1" index="2" bw="32" slack="0"/>
</pin_list>
<bind>
<opcode="read(1150) " fcode="read"/>
<opset="p_in_11_read/1 "/>
</bind>
</comp>

<comp id="162" class="1004" name="p_in_12_read_read_fu_162">
<pin_list>
<pin id="163" dir="0" index="0" bw="32" slack="0"/>
<pin id="164" dir="0" index="1" bw="32" slack="0"/>
<pin id="165" dir="1" index="2" bw="32" slack="0"/>
</pin_list>
<bind>
<opcode="read(1150) " fcode="read"/>
<opset="p_in_12_read/1 "/>
</bind>
</comp>

<comp id="168" class="1004" name="p_in_13_read_read_fu_168">
<pin_list>
<pin id="169" dir="0" index="0" bw="32" slack="0"/>
<pin id="170" dir="0" index="1" bw="32" slack="0"/>
<pin id="171" dir="1" index="2" bw="32" slack="0"/>
</pin_list>
<bind>
<opcode="read(1150) " fcode="read"/>
<opset="p_in_13_read/1 "/>
</bind>
</comp>

<comp id="174" class="1004" name="p_in_14_read_read_fu_174">
<pin_list>
<pin id="175" dir="0" index="0" bw="32" slack="0"/>
<pin id="176" dir="0" index="1" bw="32" slack="0"/>
<pin id="177" dir="1" index="2" bw="32" slack="0"/>
</pin_list>
<bind>
<opcode="read(1150) " fcode="read"/>
<opset="p_in_14_read/1 "/>
</bind>
</comp>

<comp id="180" class="1004" name="p_in_15_read_read_fu_180">
<pin_list>
<pin id="181" dir="0" index="0" bw="32" slack="0"/>
<pin id="182" dir="0" index="1" bw="32" slack="0"/>
<pin id="183" dir="1" index="2" bw="32" slack="0"/>
</pin_list>
<bind>
<opcode="read(1150) " fcode="read"/>
<opset="p_in_15_read/1 "/>
</bind>
</comp>

<comp id="186" class="1004" name="p_in_16_read_read_fu_186">
<pin_list>
<pin id="187" dir="0" index="0" bw="32" slack="0"/>
<pin id="188" dir="0" index="1" bw="32" slack="0"/>
<pin id="189" dir="1" index="2" bw="32" slack="0"/>
</pin_list>
<bind>
<opcode="read(1150) " fcode="read"/>
<opset="p_in_16_read/1 "/>
</bind>
</comp>

<comp id="192" class="1004" name="p_in_17_read_read_fu_192">
<pin_list>
<pin id="193" dir="0" index="0" bw="32" slack="0"/>
<pin id="194" dir="0" index="1" bw="32" slack="0"/>
<pin id="195" dir="1" index="2" bw="32" slack="0"/>
</pin_list>
<bind>
<opcode="read(1150) " fcode="read"/>
<opset="p_in_17_read/1 "/>
</bind>
</comp>

<comp id="198" class="1004" name="p_in_18_read_read_fu_198">
<pin_list>
<pin id="199" dir="0" index="0" bw="32" slack="0"/>
<pin id="200" dir="0" index="1" bw="32" slack="0"/>
<pin id="201" dir="1" index="2" bw="32" slack="0"/>
</pin_list>
<bind>
<opcode="read(1150) " fcode="read"/>
<opset="p_in_18_read/1 "/>
</bind>
</comp>

<comp id="204" class="1004" name="p_in_19_read_read_fu_204">
<pin_list>
<pin id="205" dir="0" index="0" bw="32" slack="0"/>
<pin id="206" dir="0" index="1" bw="32" slack="0"/>
<pin id="207" dir="1" index="2" bw="32" slack="0"/>
</pin_list>
<bind>
<opcode="read(1150) " fcode="read"/>
<opset="p_in_19_read/1 "/>
</bind>
</comp>

<comp id="210" class="1004" name="p_in_20_read_read_fu_210">
<pin_list>
<pin id="211" dir="0" index="0" bw="32" slack="0"/>
<pin id="212" dir="0" index="1" bw="32" slack="0"/>
<pin id="213" dir="1" index="2" bw="32" slack="0"/>
</pin_list>
<bind>
<opcode="read(1150) " fcode="read"/>
<opset="p_in_20_read/1 "/>
</bind>
</comp>

<comp id="216" class="1004" name="p_in_21_read_read_fu_216">
<pin_list>
<pin id="217" dir="0" index="0" bw="32" slack="0"/>
<pin id="218" dir="0" index="1" bw="32" slack="0"/>
<pin id="219" dir="1" index="2" bw="32" slack="0"/>
</pin_list>
<bind>
<opcode="read(1150) " fcode="read"/>
<opset="p_in_21_read/1 "/>
</bind>
</comp>

<comp id="222" class="1004" name="p_in_22_read_read_fu_222">
<pin_list>
<pin id="223" dir="0" index="0" bw="32" slack="0"/>
<pin id="224" dir="0" index="1" bw="32" slack="0"/>
<pin id="225" dir="1" index="2" bw="32" slack="0"/>
</pin_list>
<bind>
<opcode="read(1150) " fcode="read"/>
<opset="p_in_22_read/1 "/>
</bind>
</comp>

<comp id="228" class="1004" name="p_in_23_read_read_fu_228">
<pin_list>
<pin id="229" dir="0" index="0" bw="32" slack="0"/>
<pin id="230" dir="0" index="1" bw="32" slack="0"/>
<pin id="231" dir="1" index="2" bw="32" slack="0"/>
</pin_list>
<bind>
<opcode="read(1150) " fcode="read"/>
<opset="p_in_23_read/1 "/>
</bind>
</comp>

<comp id="234" class="1004" name="p_in_24_read_read_fu_234">
<pin_list>
<pin id="235" dir="0" index="0" bw="32" slack="0"/>
<pin id="236" dir="0" index="1" bw="32" slack="0"/>
<pin id="237" dir="1" index="2" bw="32" slack="0"/>
</pin_list>
<bind>
<opcode="read(1150) " fcode="read"/>
<opset="p_in_24_read/1 "/>
</bind>
</comp>

<comp id="240" class="1004" name="p_in_25_read_read_fu_240">
<pin_list>
<pin id="241" dir="0" index="0" bw="32" slack="0"/>
<pin id="242" dir="0" index="1" bw="32" slack="0"/>
<pin id="243" dir="1" index="2" bw="32" slack="0"/>
</pin_list>
<bind>
<opcode="read(1150) " fcode="read"/>
<opset="p_in_25_read/1 "/>
</bind>
</comp>

<comp id="246" class="1004" name="p_in_26_read_read_fu_246">
<pin_list>
<pin id="247" dir="0" index="0" bw="32" slack="0"/>
<pin id="248" dir="0" index="1" bw="32" slack="0"/>
<pin id="249" dir="1" index="2" bw="32" slack="0"/>
</pin_list>
<bind>
<opcode="read(1150) " fcode="read"/>
<opset="p_in_26_read/1 "/>
</bind>
</comp>

<comp id="252" class="1004" name="p_in_27_read_read_fu_252">
<pin_list>
<pin id="253" dir="0" index="0" bw="32" slack="0"/>
<pin id="254" dir="0" index="1" bw="32" slack="0"/>
<pin id="255" dir="1" index="2" bw="32" slack="0"/>
</pin_list>
<bind>
<opcode="read(1150) " fcode="read"/>
<opset="p_in_27_read/1 "/>
</bind>
</comp>

<comp id="258" class="1004" name="p_in_28_read_read_fu_258">
<pin_list>
<pin id="259" dir="0" index="0" bw="32" slack="0"/>
<pin id="260" dir="0" index="1" bw="32" slack="0"/>
<pin id="261" dir="1" index="2" bw="32" slack="0"/>
</pin_list>
<bind>
<opcode="read(1150) " fcode="read"/>
<opset="p_in_28_read/1 "/>
</bind>
</comp>

<comp id="264" class="1004" name="p_in_29_read_read_fu_264">
<pin_list>
<pin id="265" dir="0" index="0" bw="32" slack="0"/>
<pin id="266" dir="0" index="1" bw="32" slack="0"/>
<pin id="267" dir="1" index="2" bw="32" slack="0"/>
</pin_list>
<bind>
<opcode="read(1150) " fcode="read"/>
<opset="p_in_29_read/1 "/>
</bind>
</comp>

<comp id="270" class="1004" name="p_in_30_read_read_fu_270">
<pin_list>
<pin id="271" dir="0" index="0" bw="32" slack="0"/>
<pin id="272" dir="0" index="1" bw="32" slack="0"/>
<pin id="273" dir="1" index="2" bw="32" slack="0"/>
</pin_list>
<bind>
<opcode="read(1150) " fcode="read"/>
<opset="p_in_30_read/1 "/>
</bind>
</comp>

<comp id="276" class="1004" name="p_in_31_read_read_fu_276">
<pin_list>
<pin id="277" dir="0" index="0" bw="32" slack="0"/>
<pin id="278" dir="0" index="1" bw="32" slack="0"/>
<pin id="279" dir="1" index="2" bw="32" slack="0"/>
</pin_list>
<bind>
<opcode="read(1150) " fcode="read"/>
<opset="p_in_31_read/1 "/>
</bind>
</comp>

<comp id="282" class="1004" name="write_ln174_write_fu_282">
<pin_list>
<pin id="283" dir="0" index="0" bw="0" slack="0"/>
<pin id="284" dir="0" index="1" bw="1024" slack="0"/>
<pin id="285" dir="0" index="2" bw="1024" slack="0"/>
<pin id="286" dir="1" index="3" bw="0" slack="2147483647"/>
</pin_list>
<bind>
<opcode="write(1151) " fcode="write"/>
<opset="write_ln174/1 "/>
</bind>
</comp>

<comp id="289" class="1004" name="l_val_V_fu_289">
<pin_list>
<pin id="290" dir="0" index="0" bw="32" slack="0"/>
<pin id="291" dir="1" index="1" bw="32" slack="0"/>
</pin_list>
<bind>
<opcode="bitcast(44) " fcode="bitcast"/>
<opset="l_val_V/1 "/>
</bind>
</comp>

<comp id="293" class="1004" name="l_val_V_280_fu_293">
<pin_list>
<pin id="294" dir="0" index="0" bw="32" slack="0"/>
<pin id="295" dir="1" index="1" bw="32" slack="0"/>
</pin_list>
<bind>
<opcode="bitcast(44) " fcode="bitcast"/>
<opset="l_val_V_280/1 "/>
</bind>
</comp>

<comp id="297" class="1004" name="l_val_V_281_fu_297">
<pin_list>
<pin id="298" dir="0" index="0" bw="32" slack="0"/>
<pin id="299" dir="1" index="1" bw="32" slack="0"/>
</pin_list>
<bind>
<opcode="bitcast(44) " fcode="bitcast"/>
<opset="l_val_V_281/1 "/>
</bind>
</comp>

<comp id="301" class="1004" name="l_val_V_282_fu_301">
<pin_list>
<pin id="302" dir="0" index="0" bw="32" slack="0"/>
<pin id="303" dir="1" index="1" bw="32" slack="0"/>
</pin_list>
<bind>
<opcode="bitcast(44) " fcode="bitcast"/>
<opset="l_val_V_282/1 "/>
</bind>
</comp>

<comp id="305" class="1004" name="l_val_V_283_fu_305">
<pin_list>
<pin id="306" dir="0" index="0" bw="32" slack="0"/>
<pin id="307" dir="1" index="1" bw="32" slack="0"/>
</pin_list>
<bind>
<opcode="bitcast(44) " fcode="bitcast"/>
<opset="l_val_V_283/1 "/>
</bind>
</comp>

<comp id="309" class="1004" name="l_val_V_284_fu_309">
<pin_list>
<pin id="310" dir="0" index="0" bw="32" slack="0"/>
<pin id="311" dir="1" index="1" bw="32" slack="0"/>
</pin_list>
<bind>
<opcode="bitcast(44) " fcode="bitcast"/>
<opset="l_val_V_284/1 "/>
</bind>
</comp>

<comp id="313" class="1004" name="l_val_V_285_fu_313">
<pin_list>
<pin id="314" dir="0" index="0" bw="32" slack="0"/>
<pin id="315" dir="1" index="1" bw="32" slack="0"/>
</pin_list>
<bind>
<opcode="bitcast(44) " fcode="bitcast"/>
<opset="l_val_V_285/1 "/>
</bind>
</comp>

<comp id="317" class="1004" name="l_val_V_286_fu_317">
<pin_list>
<pin id="318" dir="0" index="0" bw="32" slack="0"/>
<pin id="319" dir="1" index="1" bw="32" slack="0"/>
</pin_list>
<bind>
<opcode="bitcast(44) " fcode="bitcast"/>
<opset="l_val_V_286/1 "/>
</bind>
</comp>

<comp id="321" class="1004" name="l_val_V_287_fu_321">
<pin_list>
<pin id="322" dir="0" index="0" bw="32" slack="0"/>
<pin id="323" dir="1" index="1" bw="32" slack="0"/>
</pin_list>
<bind>
<opcode="bitcast(44) " fcode="bitcast"/>
<opset="l_val_V_287/1 "/>
</bind>
</comp>

<comp id="325" class="1004" name="l_val_V_288_fu_325">
<pin_list>
<pin id="326" dir="0" index="0" bw="32" slack="0"/>
<pin id="327" dir="1" index="1" bw="32" slack="0"/>
</pin_list>
<bind>
<opcode="bitcast(44) " fcode="bitcast"/>
<opset="l_val_V_288/1 "/>
</bind>
</comp>

<comp id="329" class="1004" name="l_val_V_289_fu_329">
<pin_list>
<pin id="330" dir="0" index="0" bw="32" slack="0"/>
<pin id="331" dir="1" index="1" bw="32" slack="0"/>
</pin_list>
<bind>
<opcode="bitcast(44) " fcode="bitcast"/>
<opset="l_val_V_289/1 "/>
</bind>
</comp>

<comp id="333" class="1004" name="l_val_V_290_fu_333">
<pin_list>
<pin id="334" dir="0" index="0" bw="32" slack="0"/>
<pin id="335" dir="1" index="1" bw="32" slack="0"/>
</pin_list>
<bind>
<opcode="bitcast(44) " fcode="bitcast"/>
<opset="l_val_V_290/1 "/>
</bind>
</comp>

<comp id="337" class="1004" name="l_val_V_291_fu_337">
<pin_list>
<pin id="338" dir="0" index="0" bw="32" slack="0"/>
<pin id="339" dir="1" index="1" bw="32" slack="0"/>
</pin_list>
<bind>
<opcode="bitcast(44) " fcode="bitcast"/>
<opset="l_val_V_291/1 "/>
</bind>
</comp>

<comp id="341" class="1004" name="l_val_V_292_fu_341">
<pin_list>
<pin id="342" dir="0" index="0" bw="32" slack="0"/>
<pin id="343" dir="1" index="1" bw="32" slack="0"/>
</pin_list>
<bind>
<opcode="bitcast(44) " fcode="bitcast"/>
<opset="l_val_V_292/1 "/>
</bind>
</comp>

<comp id="345" class="1004" name="l_val_V_293_fu_345">
<pin_list>
<pin id="346" dir="0" index="0" bw="32" slack="0"/>
<pin id="347" dir="1" index="1" bw="32" slack="0"/>
</pin_list>
<bind>
<opcode="bitcast(44) " fcode="bitcast"/>
<opset="l_val_V_293/1 "/>
</bind>
</comp>

<comp id="349" class="1004" name="l_val_V_294_fu_349">
<pin_list>
<pin id="350" dir="0" index="0" bw="32" slack="0"/>
<pin id="351" dir="1" index="1" bw="32" slack="0"/>
</pin_list>
<bind>
<opcode="bitcast(44) " fcode="bitcast"/>
<opset="l_val_V_294/1 "/>
</bind>
</comp>

<comp id="353" class="1004" name="l_val_V_295_fu_353">
<pin_list>
<pin id="354" dir="0" index="0" bw="32" slack="0"/>
<pin id="355" dir="1" index="1" bw="32" slack="0"/>
</pin_list>
<bind>
<opcode="bitcast(44) " fcode="bitcast"/>
<opset="l_val_V_295/1 "/>
</bind>
</comp>

<comp id="357" class="1004" name="l_val_V_296_fu_357">
<pin_list>
<pin id="358" dir="0" index="0" bw="32" slack="0"/>
<pin id="359" dir="1" index="1" bw="32" slack="0"/>
</pin_list>
<bind>
<opcode="bitcast(44) " fcode="bitcast"/>
<opset="l_val_V_296/1 "/>
</bind>
</comp>

<comp id="361" class="1004" name="l_val_V_297_fu_361">
<pin_list>
<pin id="362" dir="0" index="0" bw="32" slack="0"/>
<pin id="363" dir="1" index="1" bw="32" slack="0"/>
</pin_list>
<bind>
<opcode="bitcast(44) " fcode="bitcast"/>
<opset="l_val_V_297/1 "/>
</bind>
</comp>

<comp id="365" class="1004" name="l_val_V_298_fu_365">
<pin_list>
<pin id="366" dir="0" index="0" bw="32" slack="0"/>
<pin id="367" dir="1" index="1" bw="32" slack="0"/>
</pin_list>
<bind>
<opcode="bitcast(44) " fcode="bitcast"/>
<opset="l_val_V_298/1 "/>
</bind>
</comp>

<comp id="369" class="1004" name="l_val_V_299_fu_369">
<pin_list>
<pin id="370" dir="0" index="0" bw="32" slack="0"/>
<pin id="371" dir="1" index="1" bw="32" slack="0"/>
</pin_list>
<bind>
<opcode="bitcast(44) " fcode="bitcast"/>
<opset="l_val_V_299/1 "/>
</bind>
</comp>

<comp id="373" class="1004" name="l_val_V_300_fu_373">
<pin_list>
<pin id="374" dir="0" index="0" bw="32" slack="0"/>
<pin id="375" dir="1" index="1" bw="32" slack="0"/>
</pin_list>
<bind>
<opcode="bitcast(44) " fcode="bitcast"/>
<opset="l_val_V_300/1 "/>
</bind>
</comp>

<comp id="377" class="1004" name="l_val_V_301_fu_377">
<pin_list>
<pin id="378" dir="0" index="0" bw="32" slack="0"/>
<pin id="379" dir="1" index="1" bw="32" slack="0"/>
</pin_list>
<bind>
<opcode="bitcast(44) " fcode="bitcast"/>
<opset="l_val_V_301/1 "/>
</bind>
</comp>

<comp id="381" class="1004" name="l_val_V_302_fu_381">
<pin_list>
<pin id="382" dir="0" index="0" bw="32" slack="0"/>
<pin id="383" dir="1" index="1" bw="32" slack="0"/>
</pin_list>
<bind>
<opcode="bitcast(44) " fcode="bitcast"/>
<opset="l_val_V_302/1 "/>
</bind>
</comp>

<comp id="385" class="1004" name="l_val_V_303_fu_385">
<pin_list>
<pin id="386" dir="0" index="0" bw="32" slack="0"/>
<pin id="387" dir="1" index="1" bw="32" slack="0"/>
</pin_list>
<bind>
<opcode="bitcast(44) " fcode="bitcast"/>
<opset="l_val_V_303/1 "/>
</bind>
</comp>

<comp id="389" class="1004" name="l_val_V_304_fu_389">
<pin_list>
<pin id="390" dir="0" index="0" bw="32" slack="0"/>
<pin id="391" dir="1" index="1" bw="32" slack="0"/>
</pin_list>
<bind>
<opcode="bitcast(44) " fcode="bitcast"/>
<opset="l_val_V_304/1 "/>
</bind>
</comp>

<comp id="393" class="1004" name="l_val_V_305_fu_393">
<pin_list>
<pin id="394" dir="0" index="0" bw="32" slack="0"/>
<pin id="395" dir="1" index="1" bw="32" slack="0"/>
</pin_list>
<bind>
<opcode="bitcast(44) " fcode="bitcast"/>
<opset="l_val_V_305/1 "/>
</bind>
</comp>

<comp id="397" class="1004" name="l_val_V_306_fu_397">
<pin_list>
<pin id="398" dir="0" index="0" bw="32" slack="0"/>
<pin id="399" dir="1" index="1" bw="32" slack="0"/>
</pin_list>
<bind>
<opcode="bitcast(44) " fcode="bitcast"/>
<opset="l_val_V_306/1 "/>
</bind>
</comp>

<comp id="401" class="1004" name="l_val_V_307_fu_401">
<pin_list>
<pin id="402" dir="0" index="0" bw="32" slack="0"/>
<pin id="403" dir="1" index="1" bw="32" slack="0"/>
</pin_list>
<bind>
<opcode="bitcast(44) " fcode="bitcast"/>
<opset="l_val_V_307/1 "/>
</bind>
</comp>

<comp id="405" class="1004" name="l_val_V_308_fu_405">
<pin_list>
<pin id="406" dir="0" index="0" bw="32" slack="0"/>
<pin id="407" dir="1" index="1" bw="32" slack="0"/>
</pin_list>
<bind>
<opcode="bitcast(44) " fcode="bitcast"/>
<opset="l_val_V_308/1 "/>
</bind>
</comp>

<comp id="409" class="1004" name="l_val_V_309_fu_409">
<pin_list>
<pin id="410" dir="0" index="0" bw="32" slack="0"/>
<pin id="411" dir="1" index="1" bw="32" slack="0"/>
</pin_list>
<bind>
<opcode="bitcast(44) " fcode="bitcast"/>
<opset="l_val_V_309/1 "/>
</bind>
</comp>

<comp id="413" class="1004" name="l_val_V_310_fu_413">
<pin_list>
<pin id="414" dir="0" index="0" bw="32" slack="0"/>
<pin id="415" dir="1" index="1" bw="32" slack="0"/>
</pin_list>
<bind>
<opcode="bitcast(44) " fcode="bitcast"/>
<opset="l_val_V_310/1 "/>
</bind>
</comp>

<comp id="417" class="1004" name="p_Result_s_fu_417">
<pin_list>
<pin id="418" dir="0" index="0" bw="1024" slack="0"/>
<pin id="419" dir="0" index="1" bw="32" slack="0"/>
<pin id="420" dir="0" index="2" bw="32" slack="0"/>
<pin id="421" dir="0" index="3" bw="32" slack="0"/>
<pin id="422" dir="0" index="4" bw="32" slack="0"/>
<pin id="423" dir="0" index="5" bw="32" slack="0"/>
<pin id="424" dir="0" index="6" bw="32" slack="0"/>
<pin id="425" dir="0" index="7" bw="32" slack="0"/>
<pin id="426" dir="0" index="8" bw="32" slack="0"/>
<pin id="427" dir="0" index="9" bw="32" slack="0"/>
<pin id="428" dir="0" index="10" bw="32" slack="0"/>
<pin id="429" dir="0" index="11" bw="32" slack="0"/>
<pin id="430" dir="0" index="12" bw="32" slack="0"/>
<pin id="431" dir="0" index="13" bw="32" slack="0"/>
<pin id="432" dir="0" index="14" bw="32" slack="0"/>
<pin id="433" dir="0" index="15" bw="32" slack="0"/>
<pin id="434" dir="0" index="16" bw="32" slack="0"/>
<pin id="435" dir="0" index="17" bw="32" slack="0"/>
<pin id="436" dir="0" index="18" bw="32" slack="0"/>
<pin id="437" dir="0" index="19" bw="32" slack="0"/>
<pin id="438" dir="0" index="20" bw="32" slack="0"/>
<pin id="439" dir="0" index="21" bw="32" slack="0"/>
<pin id="440" dir="0" index="22" bw="32" slack="0"/>
<pin id="441" dir="0" index="23" bw="32" slack="0"/>
<pin id="442" dir="0" index="24" bw="32" slack="0"/>
<pin id="443" dir="0" index="25" bw="32" slack="0"/>
<pin id="444" dir="0" index="26" bw="32" slack="0"/>
<pin id="445" dir="0" index="27" bw="32" slack="0"/>
<pin id="446" dir="0" index="28" bw="32" slack="0"/>
<pin id="447" dir="0" index="29" bw="32" slack="0"/>
<pin id="448" dir="0" index="30" bw="32" slack="0"/>
<pin id="449" dir="0" index="31" bw="32" slack="0"/>
<pin id="450" dir="0" index="32" bw="32" slack="0"/>
<pin id="451" dir="1" index="33" bw="1024" slack="0"/>
</pin_list>
<bind>
<opcode="bitconcatenate(1004) " fcode="bitconcatenate"/>
<opset="p_Result_s/1 "/>
</bind>
</comp>

</comp_list>

<net_list>
<net id="94"><net_src comp="84" pin="0"/><net_sink comp="90" pin=0"/></net>

<net id="95"><net_src comp="2" pin="0"/><net_sink comp="90" pin=1"/></net>

<net id="100"><net_src comp="84" pin="0"/><net_sink comp="96" pin=0"/></net>

<net id="101"><net_src comp="4" pin="0"/><net_sink comp="96" pin=1"/></net>

<net id="106"><net_src comp="84" pin="0"/><net_sink comp="102" pin=0"/></net>

<net id="107"><net_src comp="6" pin="0"/><net_sink comp="102" pin=1"/></net>

<net id="112"><net_src comp="84" pin="0"/><net_sink comp="108" pin=0"/></net>

<net id="113"><net_src comp="8" pin="0"/><net_sink comp="108" pin=1"/></net>

<net id="118"><net_src comp="84" pin="0"/><net_sink comp="114" pin=0"/></net>

<net id="119"><net_src comp="10" pin="0"/><net_sink comp="114" pin=1"/></net>

<net id="124"><net_src comp="84" pin="0"/><net_sink comp="120" pin=0"/></net>

<net id="125"><net_src comp="12" pin="0"/><net_sink comp="120" pin=1"/></net>

<net id="130"><net_src comp="84" pin="0"/><net_sink comp="126" pin=0"/></net>

<net id="131"><net_src comp="14" pin="0"/><net_sink comp="126" pin=1"/></net>

<net id="136"><net_src comp="84" pin="0"/><net_sink comp="132" pin=0"/></net>

<net id="137"><net_src comp="16" pin="0"/><net_sink comp="132" pin=1"/></net>

<net id="142"><net_src comp="84" pin="0"/><net_sink comp="138" pin=0"/></net>

<net id="143"><net_src comp="18" pin="0"/><net_sink comp="138" pin=1"/></net>

<net id="148"><net_src comp="84" pin="0"/><net_sink comp="144" pin=0"/></net>

<net id="149"><net_src comp="20" pin="0"/><net_sink comp="144" pin=1"/></net>

<net id="154"><net_src comp="84" pin="0"/><net_sink comp="150" pin=0"/></net>

<net id="155"><net_src comp="22" pin="0"/><net_sink comp="150" pin=1"/></net>

<net id="160"><net_src comp="84" pin="0"/><net_sink comp="156" pin=0"/></net>

<net id="161"><net_src comp="24" pin="0"/><net_sink comp="156" pin=1"/></net>

<net id="166"><net_src comp="84" pin="0"/><net_sink comp="162" pin=0"/></net>

<net id="167"><net_src comp="26" pin="0"/><net_sink comp="162" pin=1"/></net>

<net id="172"><net_src comp="84" pin="0"/><net_sink comp="168" pin=0"/></net>

<net id="173"><net_src comp="28" pin="0"/><net_sink comp="168" pin=1"/></net>

<net id="178"><net_src comp="84" pin="0"/><net_sink comp="174" pin=0"/></net>

<net id="179"><net_src comp="30" pin="0"/><net_sink comp="174" pin=1"/></net>

<net id="184"><net_src comp="84" pin="0"/><net_sink comp="180" pin=0"/></net>

<net id="185"><net_src comp="32" pin="0"/><net_sink comp="180" pin=1"/></net>

<net id="190"><net_src comp="84" pin="0"/><net_sink comp="186" pin=0"/></net>

<net id="191"><net_src comp="34" pin="0"/><net_sink comp="186" pin=1"/></net>

<net id="196"><net_src comp="84" pin="0"/><net_sink comp="192" pin=0"/></net>

<net id="197"><net_src comp="36" pin="0"/><net_sink comp="192" pin=1"/></net>

<net id="202"><net_src comp="84" pin="0"/><net_sink comp="198" pin=0"/></net>

<net id="203"><net_src comp="38" pin="0"/><net_sink comp="198" pin=1"/></net>

<net id="208"><net_src comp="84" pin="0"/><net_sink comp="204" pin=0"/></net>

<net id="209"><net_src comp="40" pin="0"/><net_sink comp="204" pin=1"/></net>

<net id="214"><net_src comp="84" pin="0"/><net_sink comp="210" pin=0"/></net>

<net id="215"><net_src comp="42" pin="0"/><net_sink comp="210" pin=1"/></net>

<net id="220"><net_src comp="84" pin="0"/><net_sink comp="216" pin=0"/></net>

<net id="221"><net_src comp="44" pin="0"/><net_sink comp="216" pin=1"/></net>

<net id="226"><net_src comp="84" pin="0"/><net_sink comp="222" pin=0"/></net>

<net id="227"><net_src comp="46" pin="0"/><net_sink comp="222" pin=1"/></net>

<net id="232"><net_src comp="84" pin="0"/><net_sink comp="228" pin=0"/></net>

<net id="233"><net_src comp="48" pin="0"/><net_sink comp="228" pin=1"/></net>

<net id="238"><net_src comp="84" pin="0"/><net_sink comp="234" pin=0"/></net>

<net id="239"><net_src comp="50" pin="0"/><net_sink comp="234" pin=1"/></net>

<net id="244"><net_src comp="84" pin="0"/><net_sink comp="240" pin=0"/></net>

<net id="245"><net_src comp="52" pin="0"/><net_sink comp="240" pin=1"/></net>

<net id="250"><net_src comp="84" pin="0"/><net_sink comp="246" pin=0"/></net>

<net id="251"><net_src comp="54" pin="0"/><net_sink comp="246" pin=1"/></net>

<net id="256"><net_src comp="84" pin="0"/><net_sink comp="252" pin=0"/></net>

<net id="257"><net_src comp="56" pin="0"/><net_sink comp="252" pin=1"/></net>

<net id="262"><net_src comp="84" pin="0"/><net_sink comp="258" pin=0"/></net>

<net id="263"><net_src comp="58" pin="0"/><net_sink comp="258" pin=1"/></net>

<net id="268"><net_src comp="84" pin="0"/><net_sink comp="264" pin=0"/></net>

<net id="269"><net_src comp="60" pin="0"/><net_sink comp="264" pin=1"/></net>

<net id="274"><net_src comp="84" pin="0"/><net_sink comp="270" pin=0"/></net>

<net id="275"><net_src comp="62" pin="0"/><net_sink comp="270" pin=1"/></net>

<net id="280"><net_src comp="84" pin="0"/><net_sink comp="276" pin=0"/></net>

<net id="281"><net_src comp="64" pin="0"/><net_sink comp="276" pin=1"/></net>

<net id="287"><net_src comp="88" pin="0"/><net_sink comp="282" pin=0"/></net>

<net id="288"><net_src comp="0" pin="0"/><net_sink comp="282" pin=1"/></net>

<net id="292"><net_src comp="90" pin="2"/><net_sink comp="289" pin=0"/></net>

<net id="296"><net_src comp="96" pin="2"/><net_sink comp="293" pin=0"/></net>

<net id="300"><net_src comp="102" pin="2"/><net_sink comp="297" pin=0"/></net>

<net id="304"><net_src comp="108" pin="2"/><net_sink comp="301" pin=0"/></net>

<net id="308"><net_src comp="114" pin="2"/><net_sink comp="305" pin=0"/></net>

<net id="312"><net_src comp="120" pin="2"/><net_sink comp="309" pin=0"/></net>

<net id="316"><net_src comp="126" pin="2"/><net_sink comp="313" pin=0"/></net>

<net id="320"><net_src comp="132" pin="2"/><net_sink comp="317" pin=0"/></net>

<net id="324"><net_src comp="138" pin="2"/><net_sink comp="321" pin=0"/></net>

<net id="328"><net_src comp="144" pin="2"/><net_sink comp="325" pin=0"/></net>

<net id="332"><net_src comp="150" pin="2"/><net_sink comp="329" pin=0"/></net>

<net id="336"><net_src comp="156" pin="2"/><net_sink comp="333" pin=0"/></net>

<net id="340"><net_src comp="162" pin="2"/><net_sink comp="337" pin=0"/></net>

<net id="344"><net_src comp="168" pin="2"/><net_sink comp="341" pin=0"/></net>

<net id="348"><net_src comp="174" pin="2"/><net_sink comp="345" pin=0"/></net>

<net id="352"><net_src comp="180" pin="2"/><net_sink comp="349" pin=0"/></net>

<net id="356"><net_src comp="186" pin="2"/><net_sink comp="353" pin=0"/></net>

<net id="360"><net_src comp="192" pin="2"/><net_sink comp="357" pin=0"/></net>

<net id="364"><net_src comp="198" pin="2"/><net_sink comp="361" pin=0"/></net>

<net id="368"><net_src comp="204" pin="2"/><net_sink comp="365" pin=0"/></net>

<net id="372"><net_src comp="210" pin="2"/><net_sink comp="369" pin=0"/></net>

<net id="376"><net_src comp="216" pin="2"/><net_sink comp="373" pin=0"/></net>

<net id="380"><net_src comp="222" pin="2"/><net_sink comp="377" pin=0"/></net>

<net id="384"><net_src comp="228" pin="2"/><net_sink comp="381" pin=0"/></net>

<net id="388"><net_src comp="234" pin="2"/><net_sink comp="385" pin=0"/></net>

<net id="392"><net_src comp="240" pin="2"/><net_sink comp="389" pin=0"/></net>

<net id="396"><net_src comp="246" pin="2"/><net_sink comp="393" pin=0"/></net>

<net id="400"><net_src comp="252" pin="2"/><net_sink comp="397" pin=0"/></net>

<net id="404"><net_src comp="258" pin="2"/><net_sink comp="401" pin=0"/></net>

<net id="408"><net_src comp="264" pin="2"/><net_sink comp="405" pin=0"/></net>

<net id="412"><net_src comp="270" pin="2"/><net_sink comp="409" pin=0"/></net>

<net id="416"><net_src comp="276" pin="2"/><net_sink comp="413" pin=0"/></net>

<net id="452"><net_src comp="86" pin="0"/><net_sink comp="417" pin=0"/></net>

<net id="453"><net_src comp="413" pin="1"/><net_sink comp="417" pin=1"/></net>

<net id="454"><net_src comp="409" pin="1"/><net_sink comp="417" pin=2"/></net>

<net id="455"><net_src comp="405" pin="1"/><net_sink comp="417" pin=3"/></net>

<net id="456"><net_src comp="401" pin="1"/><net_sink comp="417" pin=4"/></net>

<net id="457"><net_src comp="397" pin="1"/><net_sink comp="417" pin=5"/></net>

<net id="458"><net_src comp="393" pin="1"/><net_sink comp="417" pin=6"/></net>

<net id="459"><net_src comp="389" pin="1"/><net_sink comp="417" pin=7"/></net>

<net id="460"><net_src comp="385" pin="1"/><net_sink comp="417" pin=8"/></net>

<net id="461"><net_src comp="381" pin="1"/><net_sink comp="417" pin=9"/></net>

<net id="462"><net_src comp="377" pin="1"/><net_sink comp="417" pin=10"/></net>

<net id="463"><net_src comp="373" pin="1"/><net_sink comp="417" pin=11"/></net>

<net id="464"><net_src comp="369" pin="1"/><net_sink comp="417" pin=12"/></net>

<net id="465"><net_src comp="365" pin="1"/><net_sink comp="417" pin=13"/></net>

<net id="466"><net_src comp="361" pin="1"/><net_sink comp="417" pin=14"/></net>

<net id="467"><net_src comp="357" pin="1"/><net_sink comp="417" pin=15"/></net>

<net id="468"><net_src comp="353" pin="1"/><net_sink comp="417" pin=16"/></net>

<net id="469"><net_src comp="349" pin="1"/><net_sink comp="417" pin=17"/></net>

<net id="470"><net_src comp="345" pin="1"/><net_sink comp="417" pin=18"/></net>

<net id="471"><net_src comp="341" pin="1"/><net_sink comp="417" pin=19"/></net>

<net id="472"><net_src comp="337" pin="1"/><net_sink comp="417" pin=20"/></net>

<net id="473"><net_src comp="333" pin="1"/><net_sink comp="417" pin=21"/></net>

<net id="474"><net_src comp="329" pin="1"/><net_sink comp="417" pin=22"/></net>

<net id="475"><net_src comp="325" pin="1"/><net_sink comp="417" pin=23"/></net>

<net id="476"><net_src comp="321" pin="1"/><net_sink comp="417" pin=24"/></net>

<net id="477"><net_src comp="317" pin="1"/><net_sink comp="417" pin=25"/></net>

<net id="478"><net_src comp="313" pin="1"/><net_sink comp="417" pin=26"/></net>

<net id="479"><net_src comp="309" pin="1"/><net_sink comp="417" pin=27"/></net>

<net id="480"><net_src comp="305" pin="1"/><net_sink comp="417" pin=28"/></net>

<net id="481"><net_src comp="301" pin="1"/><net_sink comp="417" pin=29"/></net>

<net id="482"><net_src comp="297" pin="1"/><net_sink comp="417" pin=30"/></net>

<net id="483"><net_src comp="293" pin="1"/><net_sink comp="417" pin=31"/></net>

<net id="484"><net_src comp="289" pin="1"/><net_sink comp="417" pin=32"/></net>

<net id="485"><net_src comp="417" pin="33"/><net_sink comp="282" pin=2"/></net>

</net_list>

</model> 
---------------- Datapath Model END ------------------

* FSMD analyzer results:
  - Output states:
	Port: str_in12 | {1 }
 - Input state : 
	Port: readVec2Stream<float, 32u> : p_in_0 | {1 }
	Port: readVec2Stream<float, 32u> : p_in_1 | {1 }
	Port: readVec2Stream<float, 32u> : p_in_2 | {1 }
	Port: readVec2Stream<float, 32u> : p_in_3 | {1 }
	Port: readVec2Stream<float, 32u> : p_in_4 | {1 }
	Port: readVec2Stream<float, 32u> : p_in_5 | {1 }
	Port: readVec2Stream<float, 32u> : p_in_6 | {1 }
	Port: readVec2Stream<float, 32u> : p_in_7 | {1 }
	Port: readVec2Stream<float, 32u> : p_in_8 | {1 }
	Port: readVec2Stream<float, 32u> : p_in_9 | {1 }
	Port: readVec2Stream<float, 32u> : p_in_10 | {1 }
	Port: readVec2Stream<float, 32u> : p_in_11 | {1 }
	Port: readVec2Stream<float, 32u> : p_in_12 | {1 }
	Port: readVec2Stream<float, 32u> : p_in_13 | {1 }
	Port: readVec2Stream<float, 32u> : p_in_14 | {1 }
	Port: readVec2Stream<float, 32u> : p_in_15 | {1 }
	Port: readVec2Stream<float, 32u> : p_in_16 | {1 }
	Port: readVec2Stream<float, 32u> : p_in_17 | {1 }
	Port: readVec2Stream<float, 32u> : p_in_18 | {1 }
	Port: readVec2Stream<float, 32u> : p_in_19 | {1 }
	Port: readVec2Stream<float, 32u> : p_in_20 | {1 }
	Port: readVec2Stream<float, 32u> : p_in_21 | {1 }
	Port: readVec2Stream<float, 32u> : p_in_22 | {1 }
	Port: readVec2Stream<float, 32u> : p_in_23 | {1 }
	Port: readVec2Stream<float, 32u> : p_in_24 | {1 }
	Port: readVec2Stream<float, 32u> : p_in_25 | {1 }
	Port: readVec2Stream<float, 32u> : p_in_26 | {1 }
	Port: readVec2Stream<float, 32u> : p_in_27 | {1 }
	Port: readVec2Stream<float, 32u> : p_in_28 | {1 }
	Port: readVec2Stream<float, 32u> : p_in_29 | {1 }
	Port: readVec2Stream<float, 32u> : p_in_30 | {1 }
	Port: readVec2Stream<float, 32u> : p_in_31 | {1 }
  - Chain level:
	State 1
		p_Result_s : 1
		write_ln174 : 2


============================================================
+ Verbose Summary: Datapath Resource usage 
============================================================

* Functional unit list:
|----------|--------------------------|
| Operation|      Functional Unit     |
|----------|--------------------------|
|          |  p_in_0_read_read_fu_90  |
|          |  p_in_1_read_read_fu_96  |
|          |  p_in_2_read_read_fu_102 |
|          |  p_in_3_read_read_fu_108 |
|          |  p_in_4_read_read_fu_114 |
|          |  p_in_5_read_read_fu_120 |
|          |  p_in_6_read_read_fu_126 |
|          |  p_in_7_read_read_fu_132 |
|          |  p_in_8_read_read_fu_138 |
|          |  p_in_9_read_read_fu_144 |
|          | p_in_10_read_read_fu_150 |
|          | p_in_11_read_read_fu_156 |
|          | p_in_12_read_read_fu_162 |
|          | p_in_13_read_read_fu_168 |
|          | p_in_14_read_read_fu_174 |
|   read   | p_in_15_read_read_fu_180 |
|          | p_in_16_read_read_fu_186 |
|          | p_in_17_read_read_fu_192 |
|          | p_in_18_read_read_fu_198 |
|          | p_in_19_read_read_fu_204 |
|          | p_in_20_read_read_fu_210 |
|          | p_in_21_read_read_fu_216 |
|          | p_in_22_read_read_fu_222 |
|          | p_in_23_read_read_fu_228 |
|          | p_in_24_read_read_fu_234 |
|          | p_in_25_read_read_fu_240 |
|          | p_in_26_read_read_fu_246 |
|          | p_in_27_read_read_fu_252 |
|          | p_in_28_read_read_fu_258 |
|          | p_in_29_read_read_fu_264 |
|          | p_in_30_read_read_fu_270 |
|          | p_in_31_read_read_fu_276 |
|----------|--------------------------|
|   write  | write_ln174_write_fu_282 |
|----------|--------------------------|
|bitconcatenate|     p_Result_s_fu_417    |
|----------|--------------------------|
|   Total  |                          |
|----------|--------------------------|

Memories:
N/A

* Register list:
N/A

* Multiplexer (MUX) list: 
|--------|------|------|------|--------|
|  Comp  |  Pin | Size |  BW  | S x BW |
|--------|------|------|------|--------|
|  Total |      |      |      |    0   |
|--------|------|------|------|--------|



* Summary:
+-----------+
|           |
+-----------+
|  Function |
|   Memory  |
|Multiplexer|
|  Register |
+-----------+
|   Total   |
+-----------+
