

================================================================
== Vitis HLS Report for 'sum_float_2u_unsigned_int_float_5974'
================================================================
* Date:           Mon May 24 12:51:35 2021

* Version:        2020.2 (Build 3064766 on Wed Nov 18 09:12:47 MST 2020)
* Project:        krnl_lstm
* Solution:       solution (Vitis Kernel Flow Target)
* Product family: zynq
* Target device:  xc7z045-ffg900-2


================================================================
== Performance Estimates
================================================================
+ Timing: 
    * Summary: 
    +--------+----------+----------+------------+
    |  Clock |  Target  | Estimated| Uncertainty|
    +--------+----------+----------+------------+
    |ap_clk  |  10.00 ns|  7.935 ns|     2.70 ns|
    +--------+----------+----------+------------+

+ Latency: 
    * Summary: 
    +---------+---------+----------+----------+-----+-----+----------+
    |  Latency (cycles) |  Latency (absolute) |  Interval | Pipeline |
    |   min   |   max   |    min   |    max   | min | max |   Type   |
    +---------+---------+----------+----------+-----+-----+----------+
    |       77|       77|  0.770 us|  0.770 us|   35|   35|  dataflow|
    +---------+---------+----------+----------+-----+-----+----------+

    + Detail: 
        * Instance: 
        N/A

        * Loop: 
        N/A

============================================================
+ Verbose Summary: Synthesis Manager
============================================================
InlineROM: 1
ExposeGlobal: 0
============================================================
+ Verbose Summary: CDFG Model
============================================================
IsTopModel: 0
ResetActiveHigh: 1
IsCombinational: 2
IsDatapathOnly: 0
HasWiredReturn: 1
HasMFsm: 0
HasVarLatency: 1
IsPipeline: 0
IsRtlPipelined: 0
IsInstanceOverlapped: 0
IsDontTouch: 0
HasImplIP: 0
IsGatedGlobalClock: 0


============================================================
+ Verbose Summary: Schedule
============================================================
* Number of FSM states : 6
* Pipeline : 0
* Dataflow Pipeline: 1
  DF-Pipeline-0: Size = 6, States = { 1 2 3 4 5 6 }

* FSM state transitions: 
1 --> 2 
2 --> 3 
3 --> 4 
4 --> 5 
5 --> 6 
6 --> 

* FSM state operations: 

State 1 <SV = 0> <Delay = 0.00>
ST_1 : Operation 7 [1/1] (0.00ns)   --->   "%l_data = alloca i32 1" [/home/jrk/vivado/zc706/sdk/wksp1/zc706_lstm_kernels/libs/xf_BLAS/L1/include/hw/xf_blas/helpers/funcs/sum.hpp:111]   --->   Operation 7 'alloca' 'l_data' <Predicate = true> <Delay = 0.00> <CoreInst = "FIFO_SRL">   --->   Core 81 'FIFO_SRL' <Latency = 0> <II = 1> <Delay = 3.40> <Storage> <Opcode : 'read' 'write' 'nbread' 'nbwrite'> <Ports = 0> <Width = 32> <Depth = 2> <FIFO>
ST_1 : Operation 8 [1/1] (0.00ns)   --->   "%l_pad = alloca i32 1" [/home/jrk/vivado/zc706/sdk/wksp1/zc706_lstm_kernels/libs/xf_BLAS/L1/include/hw/xf_blas/helpers/funcs/sum.hpp:111]   --->   Operation 8 'alloca' 'l_pad' <Predicate = true> <Delay = 0.00> <CoreInst = "FIFO_SRL">   --->   Core 81 'FIFO_SRL' <Latency = 0> <II = 1> <Delay = 3.40> <Storage> <Opcode : 'read' 'write' 'nbread' 'nbwrite'> <Ports = 0> <Width = 32> <Depth = 2> <FIFO>
ST_1 : Operation 9 [2/2] (0.00ns)   --->   "%call_ln115 = call void @(anonymous namespace)preProcess<float, 2u, unsigned int, float>6484, i128 %l_mulStr1, i32 %l_data" [/home/jrk/vivado/zc706/sdk/wksp1/zc706_lstm_kernels/libs/xf_BLAS/L1/include/hw/xf_blas/helpers/funcs/sum.hpp:115]   --->   Operation 9 'call' 'call_ln115' <Predicate = true> <Delay = 0.00> <CoreType = "Generic">   --->   Core 0 '' <Latency = 0> <II = 1> <Delay = 1.00> <Generic> <Opcode : >

State 2 <SV = 1> <Delay = 0.00>
ST_2 : Operation 10 [1/2] (0.00ns)   --->   "%call_ln115 = call void @(anonymous namespace)preProcess<float, 2u, unsigned int, float>6484, i128 %l_mulStr1, i32 %l_data" [/home/jrk/vivado/zc706/sdk/wksp1/zc706_lstm_kernels/libs/xf_BLAS/L1/include/hw/xf_blas/helpers/funcs/sum.hpp:115]   --->   Operation 10 'call' 'call_ln115' <Predicate = true> <Delay = 0.00> <CoreType = "Generic">   --->   Core 0 '' <Latency = 0> <II = 1> <Delay = 1.00> <Generic> <Opcode : >

State 3 <SV = 2> <Delay = 0.00>
ST_3 : Operation 11 [2/2] (0.00ns)   --->   "%call_ln116 = call void @padding<float, 4u, unsigned int>6585, i32 %l_data, i32 %l_pad" [/home/jrk/vivado/zc706/sdk/wksp1/zc706_lstm_kernels/libs/xf_BLAS/L1/include/hw/xf_blas/helpers/funcs/sum.hpp:116]   --->   Operation 11 'call' 'call_ln116' <Predicate = true> <Delay = 0.00> <CoreType = "Generic">   --->   Core 0 '' <Latency = 0> <II = 1> <Delay = 1.00> <Generic> <Opcode : >

State 4 <SV = 3> <Delay = 0.00>
ST_4 : Operation 12 [1/2] (0.00ns)   --->   "%call_ln116 = call void @padding<float, 4u, unsigned int>6585, i32 %l_data, i32 %l_pad" [/home/jrk/vivado/zc706/sdk/wksp1/zc706_lstm_kernels/libs/xf_BLAS/L1/include/hw/xf_blas/helpers/funcs/sum.hpp:116]   --->   Operation 12 'call' 'call_ln116' <Predicate = true> <Delay = 0.00> <CoreType = "Generic">   --->   Core 0 '' <Latency = 0> <II = 1> <Delay = 1.00> <Generic> <Opcode : >

State 5 <SV = 4> <Delay = 0.00>
ST_5 : Operation 13 [2/2] (0.00ns)   --->   "%call_ln117 = call void @(anonymous namespace)postProcess<float, 2u, unsigned int>6686, i32 %l_pad, i32 %l_dot2" [/home/jrk/vivado/zc706/sdk/wksp1/zc706_lstm_kernels/libs/xf_BLAS/L1/include/hw/xf_blas/helpers/funcs/sum.hpp:117]   --->   Operation 13 'call' 'call_ln117' <Predicate = true> <Delay = 0.00> <CoreType = "Generic">   --->   Core 0 '' <Latency = 0> <II = 1> <Delay = 1.00> <Generic> <Opcode : >

State 6 <SV = 5> <Delay = 0.00>
ST_6 : Operation 14 [1/1] (0.00ns)   --->   "%specdataflowpipeline_ln0 = specdataflowpipeline void @_ssdm_op_SpecDataflowPipeline, i32 4294967295, i32 0, void @empty_11"   --->   Operation 14 'specdataflowpipeline' 'specdataflowpipeline_ln0' <Predicate = true> <Delay = 0.00>
ST_6 : Operation 15 [1/1] (0.00ns)   --->   "%specinterface_ln0 = specinterface void @_ssdm_op_SpecInterface, i128 %l_mulStr1, void @empty_7, i32 0, i32 0, void @empty_11, i32 0, i32 0, void @empty_11, void @empty_11, void @empty_11, i32 0, i32 0, i32 0, i32 0, void @empty_11, void @empty_11"   --->   Operation 15 'specinterface' 'specinterface_ln0' <Predicate = true> <Delay = 0.00>
ST_6 : Operation 16 [1/1] (0.00ns)   --->   "%specinterface_ln0 = specinterface void @_ssdm_op_SpecInterface, i32 %l_dot2, void @empty_7, i32 0, i32 0, void @empty_11, i32 0, i32 0, void @empty_11, void @empty_11, void @empty_11, i32 0, i32 0, i32 0, i32 0, void @empty_11, void @empty_11"   --->   Operation 16 'specinterface' 'specinterface_ln0' <Predicate = true> <Delay = 0.00>
ST_6 : Operation 17 [1/1] (0.00ns)   --->   "%empty = specchannel i32 @_ssdm_op_SpecChannel, void @l_data_str, i32 1, void @p_str, void @p_str, i32 2, i32 2, i32 %l_data, i32 %l_data"   --->   Operation 17 'specchannel' 'empty' <Predicate = true> <Delay = 0.00>
ST_6 : Operation 18 [1/1] (0.00ns)   --->   "%specinterface_ln0 = specinterface void @_ssdm_op_SpecInterface, i32 %l_data, void @empty_7, i32 0, i32 0, void @empty_11, i32 0, i32 0, void @empty_11, void @empty_11, void @empty_11, i32 0, i32 0, i32 0, i32 0, void @empty_11, void @empty_11"   --->   Operation 18 'specinterface' 'specinterface_ln0' <Predicate = true> <Delay = 0.00>
ST_6 : Operation 19 [1/1] (0.00ns)   --->   "%empty_35 = specchannel i32 @_ssdm_op_SpecChannel, void @l_pad_str, i32 1, void @p_str, void @p_str, i32 2, i32 2, i32 %l_pad, i32 %l_pad"   --->   Operation 19 'specchannel' 'empty_35' <Predicate = true> <Delay = 0.00>
ST_6 : Operation 20 [1/1] (0.00ns)   --->   "%specinterface_ln0 = specinterface void @_ssdm_op_SpecInterface, i32 %l_pad, void @empty_7, i32 0, i32 0, void @empty_11, i32 0, i32 0, void @empty_11, void @empty_11, void @empty_11, i32 0, i32 0, i32 0, i32 0, void @empty_11, void @empty_11"   --->   Operation 20 'specinterface' 'specinterface_ln0' <Predicate = true> <Delay = 0.00>
ST_6 : Operation 21 [1/2] (0.00ns)   --->   "%call_ln117 = call void @(anonymous namespace)postProcess<float, 2u, unsigned int>6686, i32 %l_pad, i32 %l_dot2" [/home/jrk/vivado/zc706/sdk/wksp1/zc706_lstm_kernels/libs/xf_BLAS/L1/include/hw/xf_blas/helpers/funcs/sum.hpp:117]   --->   Operation 21 'call' 'call_ln117' <Predicate = true> <Delay = 0.00> <CoreType = "Generic">   --->   Core 0 '' <Latency = 0> <II = 1> <Delay = 1.00> <Generic> <Opcode : >
ST_6 : Operation 22 [1/1] (0.00ns)   --->   "%ret_ln118 = ret" [/home/jrk/vivado/zc706/sdk/wksp1/zc706_lstm_kernels/libs/xf_BLAS/L1/include/hw/xf_blas/helpers/funcs/sum.hpp:118]   --->   Operation 22 'ret' 'ret_ln118' <Predicate = true> <Delay = 0.00>


============================================================
+ Verbose Summary: Timing violations
============================================================
Target clock period: 10ns, clock uncertainty: 2.7ns.

 <State 1>: 0ns
The critical path consists of the following:

 <State 2>: 0ns
The critical path consists of the following:

 <State 3>: 0ns
The critical path consists of the following:

 <State 4>: 0ns
The critical path consists of the following:

 <State 5>: 0ns
The critical path consists of the following:

 <State 6>: 0ns
The critical path consists of the following:


============================================================
+ Verbose Summary: Binding
============================================================
N/A
* FSMD analyzer results:
  - Output states:
 - Input state : 
  - Chain level:
	State 1
	State 2
	State 3
	State 4
	State 5
	State 6


============================================================
+ Verbose Summary: Datapath Resource usage 
============================================================
N/A
